Log file open, 04/09/19 11:52:17
LogWindows: Failed to load 'aqProf.dll' (GetLastError=126)
LogWindows: File 'aqProf.dll' does not exist
LogWindows: Failed to load 'VSPerf140.dll' (GetLastError=126)
LogWindows: File 'VSPerf140.dll' does not exist
LogWindows: Failed to load 'VtuneApi.dll' (GetLastError=126)
LogWindows: File 'VtuneApi.dll' does not exist
LogWindows: Failed to load 'VtuneApi32e.dll' (GetLastError=126)
LogWindows: File 'VtuneApi32e.dll' does not exist
LogInit: Display: Running engine for game: UnrealCarSelect
LogPlatformFile: Not using cached read wrapper
LogTaskGraph: Started task graph with 5 named threads and 23 total threads with 3 sets of task threads.
LogStats: Stats thread started at 0.280501
LogD3D11RHI: Loaded GFSDK_Aftermath_Lib.x64.dll
LogICUInternationalization: Display: ICU TimeZone Detection - Raw Offset: -5:00, Platform Override: ''
LogPluginManager: Mounting plugin Paper2D
LogPluginManager: Mounting plugin AISupport
LogPluginManager: Mounting plugin LightPropagationVolume
LogPluginManager: Mounting plugin CLionSourceCodeAccess
LogPluginManager: Mounting plugin CodeLiteSourceCodeAccess
LogPluginManager: Mounting plugin GitSourceControl
LogPluginManager: Mounting plugin KDevelopSourceCodeAccess
LogPluginManager: Mounting plugin NullSourceCodeAccess
LogPluginManager: Mounting plugin PerforceSourceControl
LogPluginManager: Mounting plugin SubversionSourceControl
LogPluginManager: Mounting plugin UObjectPlugin
LogPluginManager: Mounting plugin VisualStudioCodeSourceCodeAccess
LogPluginManager: Mounting plugin VisualStudioSourceCodeAccess
LogPluginManager: Mounting plugin XCodeSourceCodeAccess
LogPluginManager: Mounting plugin AssetManagerEditor
LogPluginManager: Mounting plugin CryptoKeys
LogPluginManager: Mounting plugin DataValidation
LogPluginManager: Mounting plugin FacialAnimation
LogPluginManager: Mounting plugin GameplayTagsEditor
LogPluginManager: Mounting plugin MacGraphicsSwitching
LogPluginManager: Mounting plugin MeshEditor
LogPluginManager: Mounting plugin MobileLauncherProfileWizard
LogPluginManager: Mounting plugin PluginBrowser
LogPluginManager: Mounting plugin SpeedTreeImporter
LogPluginManager: Mounting plugin DatasmithContent
LogPluginManager: Mounting plugin AlembicImporter
LogPluginManager: Mounting plugin AppleImageUtils
LogPluginManager: Mounting plugin AppleVision
LogPluginManager: Mounting plugin BackChannel
LogPluginManager: Mounting plugin CharacterAI
LogPluginManager: Mounting plugin GeometryCache
LogPluginManager: Mounting plugin HTML5Networking
LogPluginManager: Mounting plugin ProxyLODPlugin
LogPluginManager: Mounting plugin MagicLeap
LogPluginManager: Mounting plugin MagicLeapEmulator
LogPluginManager: Mounting plugin MagicLeapMedia
LogPluginManager: Mounting plugin AndroidMedia
LogPluginManager: Mounting plugin AvfMedia
LogPluginManager: Mounting plugin ImgMedia
LogPluginManager: Mounting plugin LinearTimecode
LogPluginManager: Mounting plugin MediaCompositing
LogPluginManager: Mounting plugin MediaPlayerEditor
LogPluginManager: Mounting plugin WmfMedia
LogPluginManager: Mounting plugin TcpMessaging
LogPluginManager: Mounting plugin UdpMessaging
LogPluginManager: Mounting plugin ActorSequence
LogPluginManager: Mounting plugin LevelSequenceEditor
LogPluginManager: Mounting plugin MatineeToLevelSequence
LogPluginManager: Mounting plugin NetcodeUnitTest
LogPluginManager: Mounting plugin NUTUnrealEngine4
LogPluginManager: Mounting plugin OnlineSubsystemGooglePlay
LogPluginManager: Mounting plugin OnlineSubsystemIOS
LogPluginManager: Mounting plugin OnlineSubsystem
LogPluginManager: Mounting plugin OnlineSubsystemNull
LogPluginManager: Mounting plugin OnlineSubsystemUtils
LogPluginManager: Mounting plugin LauncherChunkInstaller
LogPluginManager: Mounting plugin AndroidDeviceProfileSelector
LogPluginManager: Mounting plugin AndroidMoviePlayer
LogPluginManager: Mounting plugin AndroidPermission
LogPluginManager: Mounting plugin AppleMoviePlayer
LogPluginManager: Mounting plugin ArchVisCharacter
LogPluginManager: Mounting plugin AudioCapture
LogPluginManager: Mounting plugin CableComponent
LogPluginManager: Mounting plugin CustomMeshComponent
LogPluginManager: Mounting plugin EditableMesh
LogPluginManager: Mounting plugin ExampleDeviceProfileSelector
LogPluginManager: Mounting plugin GoogleCloudMessaging
LogPluginManager: Mounting plugin ImmediatePhysics
LogPluginManager: Mounting plugin IOSDeviceProfileSelector
LogPluginManager: Mounting plugin LinuxDeviceProfileSelector
LogPluginManager: Mounting plugin LocationServicesBPLibrary
LogPluginManager: Mounting plugin MobilePatchingUtils
LogPluginManager: Mounting plugin OculusVR
LogPluginManager: Plugin shader directory ../../../Engine/Plugins/Runtime/Oculus/OculusVR/Shaders found
LogPluginManager: Mapping shader source directory ../../../Engine/Plugins/Runtime/Oculus/OculusVR/Shaders to virtual directory /Plugin/OculusVR
LogPluginManager: Mounting plugin PhysXVehicles
LogPluginManager: Mounting plugin ProceduralMeshComponent
LogPluginManager: Mounting plugin RuntimePhysXCooking
LogPluginManager: Mounting plugin SteamVR
LogPluginManager: Mounting plugin WindowsMoviePlayer
LogStreaming: Display: Took  0.592s to configure plugins.
LogInit: Using libcurl 7.55.1-DEV
LogInit:  - built for x86_64-pc-win32
LogInit:  - supports SSL with OpenSSL/1.0.2h
LogInit:  - supports HTTP deflate (compression) using libz 1.2.8
LogInit:  - other features:
LogInit:      CURL_VERSION_SSL
LogInit:      CURL_VERSION_LIBZ
LogInit:      CURL_VERSION_IPV6
LogInit:      CURL_VERSION_ASYNCHDNS
LogInit:      CURL_VERSION_LARGEFILE
LogInit:      CURL_VERSION_IDN
LogInit:  CurlRequestOptions (configurable via config and command line):
LogInit:  - bVerifyPeer = false  - Libcurl will NOT verify peer certificate
LogInit:  - bUseHttpProxy = false  - Libcurl will NOT use HTTP proxy
LogInit:  - bDontReuseConnections = false  - Libcurl will reuse connections
LogInit:  - CertBundlePath = nullptr  - Libcurl will use whatever was configured at build time.
LogInit:  - MaxHostConnections = 16  - Libcurl will limit the number of connections to a host
LogInit:  - LocalHostAddr = Default
LogInit:  - BufferSize = 65536
LogInit: WinSock: version 1.1 (2.2), MaxSocks=32767, MaxUdp=65467
LogInit: Build: ++UE4+Release-4.20-CL-4369336
LogInit: Engine Version: 4.20.3-4369336+++UE4+Release-4.20
LogInit: Compatible Engine Version: 4.20.0-4212847+++UE4+Release-4.20
LogInit: Net CL: 4212847
LogInit: OS: Windows 10 (), CPU: Intel(R) Core(TM) i7-7700HQ CPU @ 2.80GHz, GPU: Intel(R) HD Graphics 630
LogInit: Compiled (64-bit): Sep 17 2018 12:26:19
LogInit: Compiled with Visual C++: 19.13.26129.00
LogInit: Build Configuration: Development
LogInit: Branch Name: ++UE4+Release-4.20
LogInit: Command Line: -EpicPortal -epicusername="kcaj912" -epicuserid=6930a40b8b914583837003440dd25107 -epiclocale=en-GB
LogInit: Base Directory: D:/UE_4.20/Engine/Binaries/Win64/
LogInit: Installed Engine Build: 1
LogDevObjectVersion: Number of dev versions registered: 20
LogDevObjectVersion:   Dev-Blueprints (B0D832E4-1F89-4F0D-ACCF-7EB736FD4AA2): 10
LogDevObjectVersion:   Dev-Build (E1C64328-A22C-4D53-A36C-8E866417BD8C): 0
LogDevObjectVersion:   Dev-Core (375EC13C-06E4-48FB-B500-84F0262A717E): 2
LogDevObjectVersion:   Dev-Editor (E4B068ED-F494-42E9-A231-DA0B2E46BB41): 24
LogDevObjectVersion:   Dev-Framework (CFFC743F-43B0-4480-9391-14DF171D2073): 34
LogDevObjectVersion:   Dev-Mobile (B02B49B5-BB20-44E9-A304-32B752E40360): 2
LogDevObjectVersion:   Dev-Networking (A4E4105C-59A1-49B5-A7C5-40C4547EDFEE): 0
LogDevObjectVersion:   Dev-Online (39C831C9-5AE6-47DC-9A44-9C173E1C8E7C): 0
LogDevObjectVersion:   Dev-Physics (78F01B33-EBEA-4F98-B9B4-84EACCB95AA2): 0
LogDevObjectVersion:   Dev-Platform (6631380F-2D4D-43E0-8009-CF276956A95A): 0
LogDevObjectVersion:   Dev-Rendering (12F88B9F-8875-4AFC-A67C-D90C383ABD29): 26
LogDevObjectVersion:   Dev-Sequencer (7B5AE74C-D270-4C10-A958-57980B212A5A): 9
LogDevObjectVersion:   Dev-VR (D7296918-1DD6-4BDD-9DE2-64A83CC13884): 2
LogDevObjectVersion:   Dev-LoadTimes (C2A15278-BFE7-4AFE-6C17-90FF531DF755): 1
LogDevObjectVersion:   Private-Geometry (6EACA3D4-40EC-4CC1-B786-8BED09428FC5): 3
LogDevObjectVersion:   Dev-AnimPhys (29E575DD-E0A3-4627-9D10-D276232CDCEA): 17
LogDevObjectVersion:   Dev-ReflectionCapture (6B266CEC-1EC7-4B8F-A30B-E4D90942FC07): 1
LogDevObjectVersion:   Dev-Automation (0DF73D61-A23F-47EA-B727-89E90C41499A): 1
LogDevObjectVersion:   FortniteMain (601D1886-AC64-4F84-AA16-D3DE0DEAC7D6): 12
LogDevObjectVersion:   Dev-Enterprise (9DFFBCD6-494F-0158-E221-12823C92A888): 1
LogStreaming: Display: Took  0.000s to delete old logs.
LogInit: Presizing for max 8388607 objects, including 0 objects not considered by GC, pre-allocating 0 bytes for permanent pool.
LogInit: Object subsystem initialized
[2019.04.09-15.52.18:299][  0]LogInit: Selected Device Profile: [Windows]
[2019.04.09-15.52.18:299][  0]LogInit: Applying CVar settings loaded from the selected device profile: [Windows]
[2019.04.09-15.52.18:416][  0]LogHAL: Display: Platform has ~ 16 GB [17061834752 / 17179869184 / 16], which maps to Larger [LargestMinGB=32, LargerMinGB=12, DefaultMinGB=8, SmallerMinGB=6, SmallestMinGB=0)
[2019.04.09-15.52.18:416][  0]LogInit: Setting Device Profile CVar: [[r.Vulkan.UseRealUBs:1]]
[2019.04.09-15.52.18:416][  0]LogInit: Going up to parent DeviceProfile []
[2019.04.09-15.52.18:417][  0]LogInit: Computer: MSI
[2019.04.09-15.52.18:417][  0]LogInit: User: Owner
[2019.04.09-15.52.18:417][  0]LogInit: CPU Page size=4096, Cores=4
[2019.04.09-15.52.18:417][  0]LogInit: High frequency timer resolution =10.000000 MHz
[2019.04.09-15.52.18:417][  0]LogMemory: Memory total: Physical=15.9GB (16GB approx)
[2019.04.09-15.52.18:417][  0]LogMemory: Platform Memory Stats for Windows
[2019.04.09-15.52.18:417][  0]LogMemory: Process Physical Memory: 101.25 MB used, 101.25 MB peak
[2019.04.09-15.52.18:417][  0]LogMemory: Process Virtual Memory: 91.92 MB used, 91.92 MB peak
[2019.04.09-15.52.18:417][  0]LogMemory: Physical Memory: 11923.60 MB used,  4347.83 MB free, 16271.43 MB total
[2019.04.09-15.52.18:417][  0]LogMemory: Virtual Memory: 4643.69 MB used,  4347.83 MB free, 134217728.00 MB total
[2019.04.09-15.52.19:169][  0]LogInit: Using OS detected language (en-GB).
[2019.04.09-15.52.19:169][  0]LogInit: Using OS detected locale (en-CA).
[2019.04.09-15.52.19:170][  0]LogTextLocalizationManager: No specific localization for 'en-GB' exists, so the 'en' localization will be used.
[2019.04.09-15.52.19:612][  0]LogStreaming: Display: Took  0.443s to InitEngineTextLocalization.
[2019.04.09-15.52.19:612][  0]LogInit: Setting process to per monitor DPI aware
[2019.04.09-15.52.19:719][  0]LogSlate: New Slate User Created.  User Index 0, Is Virtual User: 0
[2019.04.09-15.52.19:719][  0]LogSlate: Slate User Registered.  User Index 0, Is Virtual User: 0
[2019.04.09-15.52.22:262][  0]LogHMD: Failed to initialize OpenVR with code 110
[2019.04.09-15.52.22:262][  0]LogD3D11RHI: D3D11 adapters:
[2019.04.09-15.52.22:341][  0]LogD3D11RHI:    0. 'NVIDIA GeForce GTX 1050' (Feature Level 11_0)
[2019.04.09-15.52.22:341][  0]LogD3D11RHI:       1979/0/8135 MB DedicatedVideo/DedicatedSystem/SharedSystem, Outputs:1, VendorId:0x10de
[2019.04.09-15.52.22:354][  0]LogD3D11RHI:    1. 'Intel(R) HD Graphics 630' (Feature Level 11_0)
[2019.04.09-15.52.22:354][  0]LogD3D11RHI:       128/0/8135 MB DedicatedVideo/DedicatedSystem/SharedSystem, Outputs:0, VendorId:0x8086
[2019.04.09-15.52.22:357][  0]LogD3D11RHI:    2. 'Microsoft Basic Render Driver' (Feature Level 11_0)
[2019.04.09-15.52.22:358][  0]LogD3D11RHI:       0/0/8135 MB DedicatedVideo/DedicatedSystem/SharedSystem, Outputs:0, VendorId:0x1414
[2019.04.09-15.52.22:358][  0]LogD3D11RHI: Chosen D3D11 Adapter: 0
[2019.04.09-15.52.22:397][  0]LogD3D11RHI: Creating new Direct3DDevice
[2019.04.09-15.52.22:397][  0]LogD3D11RHI:     GPU DeviceId: 0x1c8d (for the marketing name, search the web for "GPU Device Id")
[2019.04.09-15.52.22:397][  0]LogWindows: EnumDisplayDevices:
[2019.04.09-15.52.22:397][  0]LogWindows:    0. 'Intel(R) HD Graphics 630' (P:1 D:1)
[2019.04.09-15.52.22:398][  0]LogWindows:    1. 'Intel(R) HD Graphics 630' (P:0 D:0)
[2019.04.09-15.52.22:398][  0]LogWindows:    2. 'Intel(R) HD Graphics 630' (P:0 D:0)
[2019.04.09-15.52.22:398][  0]LogWindows: DebugString: PrimaryIsNotTheChoosenAdapter PrimaryIsNotTheChoosenAdapter PrimaryIsNotTheChoosenAdapter FoundDriverCount:0 
[2019.04.09-15.52.22:398][  0]LogD3D11RHI:     Adapter Name: NVIDIA GeForce GTX 1050
[2019.04.09-15.52.22:398][  0]LogD3D11RHI:   Driver Version: Unknown (internal:Unknown, unified:Unknown)
[2019.04.09-15.52.22:398][  0]LogD3D11RHI:      Driver Date: Unknown
[2019.04.09-15.52.22:398][  0]LogRHI: Texture pool is 1385 MB (70% of 1979 MB)
[2019.04.09-15.52.22:447][  0]LogD3D11RHI: Async texture creation enabled
[2019.04.09-15.52.22:492][  0]LogD3D11RHI: GPU Timing Frequency: 1000.000000 (Debug: 2 2)
[2019.04.09-15.52.22:495][  0]LogShaderCompilers: Guid format shader working directory is 4 characters bigger than the processId version (../../../../AggressiveCart/UnrealCarSelect/Intermediate/Shaders/WorkingDirectory/1852/).
[2019.04.09-15.52.22:495][  0]LogShaderCompilers: Cleaned the shader compiler working directory 'C:/Users/Owner/AppData/Local/Temp/UnrealShaderWorkingDir/C584FC1A46A8382BEC39BAA683E9B17E/'.
[2019.04.09-15.52.22:884][  0]LogTemp: Display: Loaded TP AllDesktopTargetPlatform
[2019.04.09-15.52.22:910][  0]LogTemp: Display: Loaded TP MacClientTargetPlatform
[2019.04.09-15.52.22:955][  0]LogTemp: Display: Loaded TP MacNoEditorTargetPlatform
[2019.04.09-15.52.22:978][  0]LogTemp: Display: Loaded TP MacServerTargetPlatform
[2019.04.09-15.52.23:086][  0]LogTemp: Display: Loaded TP MacTargetPlatform
[2019.04.09-15.52.23:100][  0]LogTemp: Display: Loaded TP WindowsClientTargetPlatform
[2019.04.09-15.52.23:115][  0]LogTemp: Display: Loaded TP WindowsNoEditorTargetPlatform
[2019.04.09-15.52.23:129][  0]LogTemp: Display: Loaded TP WindowsServerTargetPlatform
[2019.04.09-15.52.23:135][  0]LogTemp: Display: Loaded TP WindowsTargetPlatform
[2019.04.09-15.52.23:320][  0]LogTemp: Display: Loaded TP AndroidTargetPlatform
[2019.04.09-15.52.23:320][  0]LogTemp: Display: Loaded TP AndroidTargetPlatform
[2019.04.09-15.52.23:320][  0]LogTemp: Display: Loaded TP AndroidTargetPlatform
[2019.04.09-15.52.23:320][  0]LogTemp: Display: Loaded TP AndroidTargetPlatform
[2019.04.09-15.52.23:320][  0]LogTemp: Display: Loaded TP AndroidTargetPlatform
[2019.04.09-15.52.23:320][  0]LogTemp: Display: Loaded TP AndroidTargetPlatform
[2019.04.09-15.52.23:320][  0]LogTemp: Display: Loaded TP AndroidTargetPlatform
[2019.04.09-15.52.23:320][  0]LogTemp: Display: Loaded TP AndroidTargetPlatform
[2019.04.09-15.52.23:320][  0]LogTemp: Display: Loaded TP AndroidTargetPlatform
[2019.04.09-15.52.23:320][  0]LogTemp: Display: Loaded TP AndroidTargetPlatform
[2019.04.09-15.52.23:321][  0]LogTemp: Display: Loaded TP AndroidTargetPlatform
[2019.04.09-15.52.23:321][  0]LogTemp: Display: Loaded TP AndroidTargetPlatform
[2019.04.09-15.52.23:321][  0]LogTemp: Display: Loaded TP AndroidTargetPlatform
[2019.04.09-15.52.23:321][  0]LogTemp: Display: Loaded TP AndroidTargetPlatform
[2019.04.09-15.52.23:321][  0]LogTemp: Display: Loaded TP AndroidTargetPlatform
[2019.04.09-15.52.23:321][  0]LogTemp: Display: Loaded TP AndroidTargetPlatform
[2019.04.09-15.52.23:321][  0]LogTemp: Display: Loaded TP AndroidTargetPlatform
[2019.04.09-15.52.23:321][  0]LogTemp: Display: Loaded TP AndroidTargetPlatform
[2019.04.09-15.52.23:352][  0]LogTemp: Display: Loaded TP HTML5TargetPlatform
[2019.04.09-15.52.23:512][  0]LogTemp: Display: Loaded TP IOSTargetPlatform
[2019.04.09-15.52.23:512][  0]LogTemp: Display: Loaded TP IOSTargetPlatform
[2019.04.09-15.52.23:542][  0]LogTemp: Display: Loaded TP TVOSTargetPlatform
[2019.04.09-15.52.23:542][  0]LogTemp: Display: Loaded TP TVOSTargetPlatform
[2019.04.09-15.52.23:653][  0]LogTemp: Display: Loaded TP LinuxClientTargetPlatform
[2019.04.09-15.52.23:773][  0]LogTemp: Display: Loaded TP LinuxNoEditorTargetPlatform
[2019.04.09-15.52.23:883][  0]LogTemp: Display: Loaded TP LinuxServerTargetPlatform
[2019.04.09-15.52.23:984][  0]LogTemp: Display: Loaded TP LinuxTargetPlatform
[2019.04.09-15.52.24:014][  0]LogTemp: Display: Loaded TP LuminTargetPlatform
[2019.04.09-15.52.24:014][  0]LogTargetPlatformManager: Display: Building Assets For Windows
[2019.04.09-15.52.24:083][  0]LogXGEController: Cannot use XGE Controller as Incredibuild is not installed on this machine.
[2019.04.09-15.52.24:083][  0]LogShaderCompilers: Cannot use XGE Shader Compiler as Incredibuild is not installed on this machine.
[2019.04.09-15.52.24:083][  0]LogShaderCompilers: Display: Using Local Shader Compiler.
[2019.04.09-15.52.25:009][  0]LogDerivedDataCache: Display: Max Cache Size: 512 MB
[2019.04.09-15.52.25:085][  0]LogDerivedDataCache: Loaded boot cache 0.08s 74MB C:/Users/Owner/AppData/Local/UnrealEngine/4.20/DerivedDataCache/Boot.ddc.
[2019.04.09-15.52.25:086][  0]LogDerivedDataCache: Display: Loaded Boot cache: C:/Users/Owner/AppData/Local/UnrealEngine/4.20/DerivedDataCache/Boot.ddc
[2019.04.09-15.52.25:086][  0]LogDerivedDataCache: FDerivedDataBackendGraph:  Pak pak cache file ../../../../AggressiveCart/UnrealCarSelect/DerivedDataCache/DDC.ddp not found, will not use a pak cache.
[2019.04.09-15.52.25:086][  0]LogDerivedDataCache: Unable to find inner node Pak for hierarchical cache Hierarchy.
[2019.04.09-15.52.25:086][  0]LogDerivedDataCache: FDerivedDataBackendGraph:  CompressedPak pak cache file ../../../../AggressiveCart/UnrealCarSelect/DerivedDataCache/Compressed.ddp not found, will not use a pak cache.
[2019.04.09-15.52.25:086][  0]LogDerivedDataCache: Unable to find inner node CompressedPak for hierarchical cache Hierarchy.
[2019.04.09-15.52.25:101][  0]LogDerivedDataCache: Display: Pak cache opened for reading ../../../Engine/DerivedDataCache/Compressed.ddp.
[2019.04.09-15.52.25:114][  0]LogDerivedDataCache: Using Local data cache path C:/Users/Owner/AppData/Local/UnrealEngine/Common/DerivedDataCache: Writable
[2019.04.09-15.52.25:114][  0]LogDerivedDataCache: Shared data cache path not found in *engine.ini, will not use an Shared cache.
[2019.04.09-15.52.25:114][  0]LogDerivedDataCache: Unable to find inner node Shared for hierarchical cache Hierarchy.
[2019.04.09-15.52.25:133][  0]LogMaterial: Verifying Global Shaders for PCD3D_SM5
[2019.04.09-15.52.25:134][  0]LogSlate: Using FreeType 2.6.0
[2019.04.09-15.52.25:134][  0]LogSlate: SlateFontServices - WITH_FREETYPE: 1, WITH_HARFBUZZ: 1
[2019.04.09-15.52.25:216][  0]LogAssetRegistry: FAssetRegistry took 0.0275 seconds to start up
[2019.04.09-15.52.25:560][  0]LogInit: Selected Device Profile: [Windows]
[2019.04.09-15.52.25:727][  0]LogSimplygon: Simplygon DLL not present - disabling.
[2019.04.09-15.52.25:730][  0]LogMeshReduction: Using SimplygonSwarm for distributed automatic mesh merging
[2019.04.09-15.52.25:730][  0]LogMeshReduction: Using ProxyLODMeshReduction for automatic mesh merging
[2019.04.09-15.52.25:730][  0]LogMeshReduction: Using QuadricMeshReduction for automatic static mesh reduction
[2019.04.09-15.52.25:730][  0]LogMeshReduction: No automatic skeletal mesh reduction module available
[2019.04.09-15.52.25:753][  0]LogNetVersion: UnrealCarSelect 1.0.0, NetCL: 4212847, EngineNetVer: 5, GameNetVer: 0 (Checksum: 1018169339)
[2019.04.09-15.52.27:270][  0]LogPackageLocalizationCache: Processed 11 localized package path(s) for 2 prioritized culture(s) in 0.864818 seconds
[2019.04.09-15.52.27:277][  0]LogUObjectArray: 38425 objects as part of root set at end of initial load.
[2019.04.09-15.52.27:277][  0]LogUObjectAllocator: 6690864 out of 0 bytes used by permanent object pool.
[2019.04.09-15.52.27:277][  0]LogUObjectArray: CloseDisregardForGC: 0/0 objects in disregard for GC pool
[2019.04.09-15.52.53:039][  0]LogTcpMessaging: Initializing TcpMessaging bridge
[2019.04.09-15.52.53:053][  0]LogUdpMessaging: Initializing bridge on interface 0.0.0.0:0 to multicast group 230.0.0.1:6666.
[2019.04.09-15.52.53:702][  0]SourceControl: Source control is disabled
[2019.04.09-15.52.53:702][  0]SourceControl: Source control is disabled
[2019.04.09-15.52.53:705][  0]SourceControl: Source control is disabled
[2019.04.09-15.52.53:706][  0]SourceControl: Source control is disabled
[2019.04.09-15.52.54:392][  0]LogAndroidPermission: UAndroidPermissionCallbackProxy::GetInstance
[2019.04.09-15.52.54:647][  0]LogOcInput: OculusInput pre-init called
[2019.04.09-15.52.54:791][  0]LogEngine: Initializing Engine...
[2019.04.09-15.52.54:792][  0]LogHMD: Failed to initialize OpenVR with code 110
[2019.04.09-15.52.54:794][  0]LogStats: UGameplayTagsManager::ConstructGameplayTagTree: ImportINI prefixes -  0.000 s
[2019.04.09-15.52.54:794][  0]LogStats: UGameplayTagsManager::ConstructGameplayTagTree: Construct from data asset -  0.000 s
[2019.04.09-15.52.54:794][  0]LogStats: UGameplayTagsManager::ConstructGameplayTagTree: ImportINI -  0.000 s
[2019.04.09-15.52.54:795][  0]LogStats: UGameplayTagsManager::ConstructGameplayTagTree: GameplayTagTreeChangedEvent.Broadcast -  0.000 s
[2019.04.09-15.52.55:026][  0]LogInit: Initializing FReadOnlyCVARCache
[2019.04.09-15.52.55:040][  0]LogAIModule: Creating AISystem for world Untitled
[2019.04.09-15.52.55:107][  0]LogInit: XAudio2 using 'Headphones (Bose AE2 SoundLink Stereo)' : 2 channels at 44.1 kHz using 16 bits per sample (channel mask 0x3)
[2019.04.09-15.52.55:141][  0]LogInit: FAudioDevice initialized.
[2019.04.09-15.52.55:141][  0]LogNetVersion: Set ProjectVersion to 1.0.0.0. Version Checksum will be recalculated on next use.
[2019.04.09-15.52.55:224][  0]LogDerivedDataCache: Saved boot cache 0.08s 74MB C:/Users/Owner/AppData/Local/UnrealEngine/4.20/DerivedDataCache/Boot.ddc.
[2019.04.09-15.52.55:230][  0]LogInit: Texture streaming: Enabled
[2019.04.09-15.52.55:258][  0]LogEngineSessionManager: EngineSessionManager initialized
[2019.04.09-15.52.55:273][  0]LogEngineSessionManager: EngineSessionManager sent abnormal shutdown report. Type=Crashed, SessionId={D929AF9D-4E57-1D0E-0D64-46BE8696BBAD}
[2019.04.09-15.52.55:294][  0]LogInit: Transaction tracking system initialized
[2019.04.09-15.52.55:532][  0]BlueprintLog: New page: Editor Load
[2019.04.09-15.52.56:538][  0]LocalizationService: Localization service is disabled
[2019.04.09-15.52.58:951][  0]LogFileCache: Scanning file cache for directory 'D:/AggressiveCart/UnrealCarSelect/Content/' took 0.07s
[2019.04.09-15.52.58:951][  0]LogCook: Display: Max memory allowance for cook 16384mb min free memory 0mb
[2019.04.09-15.52.58:951][  0]LogCook: Display: Mobile HDR setting 1
[2019.04.09-15.52.58:952][  0]LogGameplayTags: Display: UGameplayTagsManager::DoneAddingNativeTags. DelegateIsBound: 0
[2019.04.09-15.52.58:952][  0]LogStats: UGameplayTagsManager::ConstructGameplayTagTree: ImportINI prefixes -  0.000 s
[2019.04.09-15.52.58:952][  0]LogStats: UGameplayTagsManager::ConstructGameplayTagTree: Construct from data asset -  0.000 s
[2019.04.09-15.52.58:952][  0]LogStats: UGameplayTagsManager::ConstructGameplayTagTree: ImportINI -  0.000 s
[2019.04.09-15.52.58:952][  0]LogStats: UGameplayTagsManager::ConstructGameplayTagTree: GameplayTagTreeChangedEvent.Broadcast -  0.000 s
[2019.04.09-15.53.01:290][  0]SourceControl: Source control is disabled
[2019.04.09-15.53.01:324][  0]Cmd: MAP LOAD FILE="../../../../AggressiveCart/UnrealCarSelect/Content/StarterContent/Maps/Minimal_Default.umap" TEMPLATE=0 SHOWPROGRESS=1 FEATURELEVEL=3
[2019.04.09-15.53.01:384][  0]LightingResults: New page: Lighting Build
[2019.04.09-15.53.01:455][  0]MapCheck: New page: Map Check
[2019.04.09-15.53.01:455][  0]LightingResults: New page: Lighting Build
[2019.04.09-15.53.02:794][  0]LogAIModule: Creating AISystem for world Minimal_Default
[2019.04.09-15.53.02:836][  0]LogEditorServer: Finished looking for orphan Actors (0.000 secs)
[2019.04.09-15.53.02:869][  0]Cmd: MAP CHECKDEP NOCLEARLOG
[2019.04.09-15.53.02:931][  0]MapCheck: Map check complete: 0 Error(s), 0 Warning(s), took 62.714ms to complete.
[2019.04.09-15.53.02:932][  0]LogFileHelpers: Loading map 'Minimal_Default' took 1.609
[2019.04.09-15.53.03:251][  0]LogSlate: Updating window title bar state: overlay mode, drag disabled, window buttons hidden, title bar hidden
[2019.04.09-15.53.03:261][  0]LogSlate: Updating window title bar state: overlay mode, drag disabled, window buttons hidden, title bar hidden
[2019.04.09-15.53.03:268][  0]LogSlate: Updating window title bar state: overlay mode, drag disabled, window buttons hidden, title bar hidden
[2019.04.09-15.53.03:278][  0]LogSlate: Updating window title bar state: overlay mode, drag disabled, window buttons hidden, title bar hidden
[2019.04.09-15.53.03:334][  0]LogCollectionManager: Loaded 0 collections in 0.001035 seconds
[2019.04.09-15.53.03:447][  0]LogFileCache: Scanning file cache for directory 'D:/AggressiveCart/UnrealCarSelect/Saved/Collections/' took 0.01s
[2019.04.09-15.53.03:447][  0]LogFileCache: Scanning file cache for directory 'D:/AggressiveCart/UnrealCarSelect/Content/Developers/Owner/Collections/' took 0.01s
[2019.04.09-15.53.03:447][  0]LogFileCache: Scanning file cache for directory 'D:/AggressiveCart/UnrealCarSelect/Content/Collections/' took 0.01s
[2019.04.09-15.53.03:447][  0]LogCollectionManager: Rebuilt the GUID cache for 0 collections in 0.000000 seconds
[2019.04.09-15.53.03:484][  0]LogContentBrowser: Native class hierarchy populated in 0.0368 seconds. Added 2572 classes and 603 folders.
[2019.04.09-15.53.03:527][  0]LogContentBrowser: Native class hierarchy updated for 'WidgetCarousel' in 0.0003 seconds. Added 0 classes and 0 folders.
[2019.04.09-15.53.05:430][  0]LogContentBrowser: Native class hierarchy updated for 'AddContentDialog' in 0.0006 seconds. Added 0 classes and 0 folders.
[2019.04.09-15.53.05:495][  0]LogContentBrowser: Native class hierarchy updated for 'SceneOutliner' in 0.0006 seconds. Added 1 classes and 2 folders.
[2019.04.09-15.53.05:859][  0]LogSlate: Took 0.000184 seconds to synchronously load lazily loaded font '../../../Engine/Content/Slate/Fonts/Roboto-Regular.ttf' (155K)
[2019.04.09-15.53.05:862][  0]LogSlate: Took 0.000190 seconds to synchronously load lazily loaded font '../../../Engine/Content/Slate/Fonts/Roboto-Bold.ttf' (160K)
[2019.04.09-15.53.05:898][  0]LogSlate: Took 0.014492 seconds to synchronously load lazily loaded font '../../../Engine/Content/Editor/Slate/Fonts/FontAwesome.ttf' (139K)
[2019.04.09-15.53.06:034][  0]LogRenderer: Reallocating scene render targets to support 780x460 Format 10 NumSamples 1 (Frame:1).
[2019.04.09-15.53.06:279][  0]LogContentBrowser: Native class hierarchy updated for 'HierarchicalLODOutliner' in 0.0003 seconds. Added 0 classes and 0 folders.
[2019.04.09-15.53.06:279][  0]LogLoad: (Engine Initialization) Total time: 50.71 seconds
[2019.04.09-15.53.06:279][  0]LogLoad: (Engine Initialization) Total Blueprint compile time: 0.00 seconds
[2019.04.09-15.53.06:392][  0]LogContentStreaming: Texture pool size now 1000 MB
[2019.04.09-15.53.06:438][  0]LogSlate: Took 0.012741 seconds to synchronously load lazily loaded font '../../../Engine/Content/Slate/Fonts/Roboto-Light.ttf' (167K)
[2019.04.09-15.53.06:881][  2]LogAssetRegistry: Asset discovery search completed in 41.6875 seconds
[2019.04.09-15.53.06:895][  2]LogCollectionManager: Rebuilt the object cache for 0 collections in 0.000001 seconds (found 0 objects)
[2019.04.09-15.53.06:895][  2]LogCollectionManager: Fixed up redirectors for 0 collections in 0.000092 seconds (updated 0 objects)
[2019.04.09-15.53.07:878][  5]LogSlate: Took 0.000368 seconds to synchronously load lazily loaded font '../../../Engine/Content/Slate/Fonts/Roboto-Light.ttf' (167K)
[2019.04.09-15.53.27:992][391]LogSlate: FSceneViewport::OnFocusLost() reason 0
[2019.04.09-15.53.29:858][485]LogAIModule: Creating AISystem for world MainMenuMap
[2019.04.09-15.53.29:872][485]LogAssetEditorManager: Opening Asset editor for World /Game/Maps/MainMenuMap.MainMenuMap
[2019.04.09-15.53.29:896][485]Cmd: MAP LOAD FILE="../../../../AggressiveCart/UnrealCarSelect/Content/Maps/MainMenuMap.umap" TEMPLATE=0 SHOWPROGRESS=1 FEATURELEVEL=3
[2019.04.09-15.53.29:896][485]LightingResults: New page: Lighting Build
[2019.04.09-15.53.29:897][485]LoadErrors: New page: Loading map: MainMenuMap.umap
[2019.04.09-15.53.29:908][485]MapCheck: New page: Map Check
[2019.04.09-15.53.29:908][485]LightingResults: New page: Lighting Build
[2019.04.09-15.53.29:995][485]LogEditorServer: Finished looking for orphan Actors (0.000 secs)
[2019.04.09-15.53.30:040][485]Cmd: MAP CHECKDEP NOCLEARLOG
[2019.04.09-15.53.30:102][485]MapCheck: Map check complete: 0 Error(s), 0 Warning(s), took 62.295ms to complete.
[2019.04.09-15.53.30:104][485]LogFileHelpers: Loading map 'MainMenuMap' took 0.208
[2019.04.09-15.53.31:490][557]LogAssetEditorManager: Opening Asset editor for Blueprint /Game/UMG/BP_Button.BP_Button
[2019.04.09-15.53.32:233][557]LogContentBrowser: Native class hierarchy updated for 'BlueprintGraph' in 0.0006 seconds. Added 116 classes and 0 folders.
[2019.04.09-15.53.33:334][557]LogAssetEditorManager: Opening Asset editor for WidgetBlueprint /Game/UMG/MainMenu/MenuScreen.MenuScreen
[2019.04.09-15.53.34:043][557]LogAssetEditorManager: Opening Asset editor for WidgetBlueprint /Game/UMG/MainMenu/TitleScreen.TitleScreen
[2019.04.09-15.53.34:387][557]LogLinker: Warning: Can't resolve asset name
[2019.04.09-15.53.34:397][557]LogAssetEditorManager: Opening Asset editor for WidgetBlueprint /Game/UMG/MainMenu/GameMode.GameMode
[2019.04.09-15.53.34:757][557]LogSlate: Took 0.019077 seconds to synchronously load lazily loaded font '../../../Engine/Content/Slate/Fonts/Roboto-BoldCondensed.ttf' (158K)
[2019.04.09-15.53.40:175][743]LogSlate: Took 0.000815 seconds to synchronously load lazily loaded font '../../../Engine/Content/Slate/Fonts/Roboto-Italic.ttf' (157K)
[2019.04.09-15.53.43:062][904]LogSlate: Window 'TitleScreen' being destroyed
[2019.04.09-15.54.15:766][772]Cmd: OBJ SAVEPACKAGE PACKAGE="/Game/UMG/BP_Button" FILE="../../../../AggressiveCart/UnrealCarSelect/Content/UMG/BP_Button.uasset" SILENT=true
[2019.04.09-15.54.15:793][772]LogSavePackage: Moving '../../../../AggressiveCart/UnrealCarSelect/Saved/BP_Button5CEEE5A14864F67AE2653E93BB0D394B.tmp' to '../../../../AggressiveCart/UnrealCarSelect/Content/UMG/BP_Button.uasset'
[2019.04.09-15.54.16:911][839]BlueprintLog: New page: Compile BP_Button
[2019.04.09-15.54.17:617][866]LogTemp: Repeating last play command: Selected Viewport
[2019.04.09-15.54.17:640][866]LogBlueprintUserMessages: Early PlayInEditor Detection: Level '/Game/Maps/MainMenuMap.MainMenuMap:PersistentLevel' has LevelScriptBlueprint '/Game/Maps/MainMenuMap.MainMenuMap:PersistentLevel.MainMenuMap' with GeneratedClass '/Game/Maps/MainMenuMap.MainMenuMap_C' with ClassGeneratedBy '/Game/Maps/MainMenuMap.MainMenuMap:PersistentLevel.MainMenuMap'
[2019.04.09-15.54.17:641][866]LogPlayLevel: PlayLevel: No blueprints needed recompiling
[2019.04.09-15.54.17:786][866]PIE: New page: PIE session: MainMenuMap (Apr 9, 2019, 7:54:17 AM)
[2019.04.09-15.54.17:787][866]LogPlayLevel: Creating play world package: /Game/Maps/UEDPIE_0_MainMenuMap
[2019.04.09-15.54.17:790][866]LogPlayLevel: PIE: StaticDuplicateObject took: (0.003389s)
[2019.04.09-15.54.17:791][866]LogAIModule: Creating AISystem for world MainMenuMap
[2019.04.09-15.54.17:792][866]LogPlayLevel: PIE: World Init took: (0.001465s)
[2019.04.09-15.54.17:792][866]LogPlayLevel: PIE: Created PIE world by copying editor world from /Game/Maps/MainMenuMap.MainMenuMap to /Game/Maps/UEDPIE_0_MainMenuMap.MainMenuMap (0.005225s)
[2019.04.09-15.54.17:897][866]LogInit: XAudio2 using 'Headphones (Bose AE2 SoundLink Stereo)' : 2 channels at 44.1 kHz using 16 bits per sample (channel mask 0x3)
[2019.04.09-15.54.17:919][866]LogInit: FAudioDevice initialized.
[2019.04.09-15.54.17:927][866]LogSlate: Updating window title bar state: overlay mode, drag disabled, window buttons hidden, title bar hidden
[2019.04.09-15.54.18:017][866]LogLoad: Game class is 'GameModeBase'
[2019.04.09-15.54.18:019][866]LogWorld: Bringing World /Game/Maps/UEDPIE_0_MainMenuMap.MainMenuMap up for play (max tick rate 60) at 2019.04.09-11.54.18
[2019.04.09-15.54.18:020][866]LogWorld: Bringing up level for play took: 0.001111
[2019.04.09-15.54.18:033][866]LogGameMode: FindPlayerStart: PATHS NOT DEFINED or NO PLAYERSTART with positive rating
[2019.04.09-15.54.18:040][866]LogContentBrowser: Native class hierarchy updated for 'MovieSceneCapture' in 0.0006 seconds. Added 10 classes and 0 folders.
[2019.04.09-15.54.18:045][866]PIE: Play in editor start time for /Game/Maps/UEDPIE_0_MainMenuMap -0.281
[2019.04.09-15.54.18:046][866]LogBlueprintUserMessages: Late PlayInEditor Detection: Level '/Game/Maps/MainMenuMap.MainMenuMap:PersistentLevel' has LevelScriptBlueprint '/Game/Maps/MainMenuMap.MainMenuMap:PersistentLevel.MainMenuMap' with GeneratedClass '/Game/Maps/MainMenuMap.MainMenuMap_C' with ClassGeneratedBy '/Game/Maps/MainMenuMap.MainMenuMap:PersistentLevel.MainMenuMap'
[2019.04.09-15.54.18:077][866]LogRenderer: Reallocating scene render targets to support 1024x576 Format 10 NumSamples 1 (Frame:1).
[2019.04.09-15.54.24:255][228]LogBlueprintUserMessages: Early EndPlayMap Detection: Level '/Game/Maps/MainMenuMap.MainMenuMap:PersistentLevel' has LevelScriptBlueprint '/Game/Maps/MainMenuMap.MainMenuMap:PersistentLevel.MainMenuMap' with GeneratedClass '/Game/Maps/MainMenuMap.MainMenuMap_C' with ClassGeneratedBy '/Game/Maps/MainMenuMap.MainMenuMap:PersistentLevel.MainMenuMap'
[2019.04.09-15.54.24:255][228]LogSlate: Updating window title bar state: overlay mode, drag disabled, window buttons hidden, title bar hidden
[2019.04.09-15.54.24:268][228]LogSlate: Window 'UnrealCarSelect Game Preview Standalone (64-bit/PCD3D_SM5)' being destroyed
[2019.04.09-15.54.24:307][228]LogPlayLevel: Display: Shutting down PIE online subsystems
[2019.04.09-15.54.24:307][228]LogBlueprintUserMessages: Late EndPlayMap Detection: Level '/Game/Maps/MainMenuMap.MainMenuMap:PersistentLevel' has LevelScriptBlueprint '/Game/Maps/MainMenuMap.MainMenuMap:PersistentLevel.MainMenuMap' with GeneratedClass '/Game/Maps/MainMenuMap.MainMenuMap_C' with ClassGeneratedBy '/Game/Maps/MainMenuMap.MainMenuMap:PersistentLevel.MainMenuMap'
[2019.04.09-15.54.24:353][229]LogPlayLevel: Display: Destroying online subsystem :Context_8
[2019.04.09-15.54.27:808][435]Cmd: OBJ SAVEPACKAGE PACKAGE="/Game/UMG/MainMenu/TitleScreen" FILE="../../../../AggressiveCart/UnrealCarSelect/Content/UMG/MainMenu/TitleScreen.uasset" SILENT=true
[2019.04.09-15.54.27:826][435]LogSavePackage: Moving '../../../../AggressiveCart/UnrealCarSelect/Saved/TitleScreen01B4ACBF4FC811872236518455E4FCA5.tmp' to '../../../../AggressiveCart/UnrealCarSelect/Content/UMG/MainMenu/TitleScreen.uasset'
[2019.04.09-15.54.57:586][181]BlueprintLog: New page: Compile BP_Button
[2019.04.09-15.56.07:394][258]BlueprintLog: New page: Compile BP_Button
[2019.04.09-15.56.07:999][280]Cmd: OBJ SAVEPACKAGE PACKAGE="/Game/UMG/BP_Button" FILE="../../../../AggressiveCart/UnrealCarSelect/Content/UMG/BP_Button.uasset" SILENT=true
[2019.04.09-15.56.08:033][280]LogSavePackage: Moving '../../../../AggressiveCart/UnrealCarSelect/Saved/BP_Button8DCA84314692DC0D4C147EAEF7CF87E9.tmp' to '../../../../AggressiveCart/UnrealCarSelect/Content/UMG/BP_Button.uasset'
[2019.04.09-15.56.08:797][326]LogTemp: Repeating last play command: Selected Viewport
[2019.04.09-15.56.08:823][326]LogBlueprintUserMessages: Early PlayInEditor Detection: Level '/Game/Maps/MainMenuMap.MainMenuMap:PersistentLevel' has LevelScriptBlueprint '/Game/Maps/MainMenuMap.MainMenuMap:PersistentLevel.MainMenuMap' with GeneratedClass '/Game/Maps/MainMenuMap.MainMenuMap_C' with ClassGeneratedBy '/Game/Maps/MainMenuMap.MainMenuMap:PersistentLevel.MainMenuMap'
[2019.04.09-15.56.08:824][326]LogPlayLevel: PlayLevel: No blueprints needed recompiling
[2019.04.09-15.56.08:824][326]PIE: New page: PIE session: MainMenuMap (Apr 9, 2019, 7:56:08 AM)
[2019.04.09-15.56.08:824][326]LogPlayLevel: Creating play world package: /Game/Maps/UEDPIE_0_MainMenuMap
[2019.04.09-15.56.08:825][326]LogPlayLevel: PIE: StaticDuplicateObject took: (0.001302s)
[2019.04.09-15.56.08:826][326]LogAIModule: Creating AISystem for world MainMenuMap
[2019.04.09-15.56.08:826][326]LogPlayLevel: PIE: World Init took: (0.000665s)
[2019.04.09-15.56.08:826][326]LogPlayLevel: PIE: Created PIE world by copying editor world from /Game/Maps/MainMenuMap.MainMenuMap to /Game/Maps/UEDPIE_0_MainMenuMap.MainMenuMap (0.002138s)
[2019.04.09-15.56.08:909][326]LogInit: XAudio2 using 'Headphones (Bose AE2 SoundLink Stereo)' : 2 channels at 44.1 kHz using 16 bits per sample (channel mask 0x3)
[2019.04.09-15.56.08:930][326]LogInit: FAudioDevice initialized.
[2019.04.09-15.56.08:940][326]LogSlate: Updating window title bar state: overlay mode, drag disabled, window buttons hidden, title bar hidden
[2019.04.09-15.56.09:016][326]LogLoad: Game class is 'GameModeBase'
[2019.04.09-15.56.09:018][326]LogWorld: Bringing World /Game/Maps/UEDPIE_0_MainMenuMap.MainMenuMap up for play (max tick rate 60) at 2019.04.09-11.56.09
[2019.04.09-15.56.09:018][326]LogWorld: Bringing up level for play took: 0.000387
[2019.04.09-15.56.09:030][326]LogGameMode: FindPlayerStart: PATHS NOT DEFINED or NO PLAYERSTART with positive rating
[2019.04.09-15.56.09:033][326]PIE: Play in editor start time for /Game/Maps/UEDPIE_0_MainMenuMap 0.707
[2019.04.09-15.56.09:033][326]LogBlueprintUserMessages: Late PlayInEditor Detection: Level '/Game/Maps/MainMenuMap.MainMenuMap:PersistentLevel' has LevelScriptBlueprint '/Game/Maps/MainMenuMap.MainMenuMap:PersistentLevel.MainMenuMap' with GeneratedClass '/Game/Maps/MainMenuMap.MainMenuMap_C' with ClassGeneratedBy '/Game/Maps/MainMenuMap.MainMenuMap:PersistentLevel.MainMenuMap'
[2019.04.09-15.56.11:361][463]LogBlueprintUserMessages: Early EndPlayMap Detection: Level '/Game/Maps/MainMenuMap.MainMenuMap:PersistentLevel' has LevelScriptBlueprint '/Game/Maps/MainMenuMap.MainMenuMap:PersistentLevel.MainMenuMap' with GeneratedClass '/Game/Maps/MainMenuMap.MainMenuMap_C' with ClassGeneratedBy '/Game/Maps/MainMenuMap.MainMenuMap:PersistentLevel.MainMenuMap'
[2019.04.09-15.56.11:361][463]LogSlate: Updating window title bar state: overlay mode, drag disabled, window buttons hidden, title bar hidden
[2019.04.09-15.56.11:374][463]LogSlate: Window 'UnrealCarSelect Game Preview Standalone (64-bit/PCD3D_SM5)' being destroyed
[2019.04.09-15.56.11:412][463]LogPlayLevel: Display: Shutting down PIE online subsystems
[2019.04.09-15.56.11:412][463]LogBlueprintUserMessages: Late EndPlayMap Detection: Level '/Game/Maps/MainMenuMap.MainMenuMap:PersistentLevel' has LevelScriptBlueprint '/Game/Maps/MainMenuMap.MainMenuMap:PersistentLevel.MainMenuMap' with GeneratedClass '/Game/Maps/MainMenuMap.MainMenuMap_C' with ClassGeneratedBy '/Game/Maps/MainMenuMap.MainMenuMap:PersistentLevel.MainMenuMap'
[2019.04.09-15.56.11:462][464]LogPlayLevel: Display: Destroying online subsystem :Context_9
[2019.04.09-15.56.21:368][ 58]BlueprintLog: New page: Compile BP_Button
[2019.04.09-15.56.41:309][225]Cmd: OBJ SAVEPACKAGE PACKAGE="/Game/UMG/BP_Button" FILE="../../../../AggressiveCart/UnrealCarSelect/Content/UMG/BP_Button.uasset" SILENT=true
[2019.04.09-15.56.41:338][225]LogSavePackage: Moving '../../../../AggressiveCart/UnrealCarSelect/Saved/BP_Button6813096046105C6396981FB47BFB538A.tmp' to '../../../../AggressiveCart/UnrealCarSelect/Content/UMG/BP_Button.uasset'
[2019.04.09-15.56.42:086][270]LogTemp: Repeating last play command: Selected Viewport
[2019.04.09-15.56.42:110][270]LogBlueprintUserMessages: Early PlayInEditor Detection: Level '/Game/Maps/MainMenuMap.MainMenuMap:PersistentLevel' has LevelScriptBlueprint '/Game/Maps/MainMenuMap.MainMenuMap:PersistentLevel.MainMenuMap' with GeneratedClass '/Game/Maps/MainMenuMap.MainMenuMap_C' with ClassGeneratedBy '/Game/Maps/MainMenuMap.MainMenuMap:PersistentLevel.MainMenuMap'
[2019.04.09-15.56.42:110][270]BlueprintLog: New page: Pre-Play auto-recompile
[2019.04.09-15.56.42:119][270]LogPlayLevel: [PlayLevel] Compiling BP_Button before play...
[2019.04.09-15.56.42:307][270]LogPlayLevel: PlayLevel: Blueprint regeneration took 197 ms (1 blueprints)
[2019.04.09-15.56.42:307][270]PIE: New page: PIE session: MainMenuMap (Apr 9, 2019, 7:56:42 AM)
[2019.04.09-15.56.42:307][270]LogPlayLevel: Creating play world package: /Game/Maps/UEDPIE_0_MainMenuMap
[2019.04.09-15.56.42:308][270]LogPlayLevel: PIE: StaticDuplicateObject took: (0.001312s)
[2019.04.09-15.56.42:309][270]LogAIModule: Creating AISystem for world MainMenuMap
[2019.04.09-15.56.42:309][270]LogPlayLevel: PIE: World Init took: (0.000812s)
[2019.04.09-15.56.42:309][270]LogPlayLevel: PIE: Created PIE world by copying editor world from /Game/Maps/MainMenuMap.MainMenuMap to /Game/Maps/UEDPIE_0_MainMenuMap.MainMenuMap (0.002246s)
[2019.04.09-15.56.42:389][270]LogInit: XAudio2 using 'Headphones (Bose AE2 SoundLink Stereo)' : 2 channels at 44.1 kHz using 16 bits per sample (channel mask 0x3)
[2019.04.09-15.56.42:408][270]LogInit: FAudioDevice initialized.
[2019.04.09-15.56.42:418][270]LogSlate: Updating window title bar state: overlay mode, drag disabled, window buttons hidden, title bar hidden
[2019.04.09-15.56.42:491][270]LogLoad: Game class is 'GameModeBase'
[2019.04.09-15.56.42:493][270]LogWorld: Bringing World /Game/Maps/UEDPIE_0_MainMenuMap.MainMenuMap up for play (max tick rate 60) at 2019.04.09-11.56.42
[2019.04.09-15.56.42:493][270]LogWorld: Bringing up level for play took: 0.000628
[2019.04.09-15.56.42:505][270]LogGameMode: FindPlayerStart: PATHS NOT DEFINED or NO PLAYERSTART with positive rating
[2019.04.09-15.56.42:508][270]PIE: Play in editor start time for /Game/Maps/UEDPIE_0_MainMenuMap 0.182
[2019.04.09-15.56.42:508][270]LogBlueprintUserMessages: Late PlayInEditor Detection: Level '/Game/Maps/MainMenuMap.MainMenuMap:PersistentLevel' has LevelScriptBlueprint '/Game/Maps/MainMenuMap.MainMenuMap:PersistentLevel.MainMenuMap' with GeneratedClass '/Game/Maps/MainMenuMap.MainMenuMap_C' with ClassGeneratedBy '/Game/Maps/MainMenuMap.MainMenuMap:PersistentLevel.MainMenuMap'
[2019.04.09-15.56.47:496][566]LogBlueprintUserMessages: Early EndPlayMap Detection: Level '/Game/Maps/MainMenuMap.MainMenuMap:PersistentLevel' has LevelScriptBlueprint '/Game/Maps/MainMenuMap.MainMenuMap:PersistentLevel.MainMenuMap' with GeneratedClass '/Game/Maps/MainMenuMap.MainMenuMap_C' with ClassGeneratedBy '/Game/Maps/MainMenuMap.MainMenuMap:PersistentLevel.MainMenuMap'
[2019.04.09-15.56.47:497][566]LogSlate: Updating window title bar state: overlay mode, drag disabled, window buttons hidden, title bar hidden
[2019.04.09-15.56.47:510][566]LogSlate: Window 'UnrealCarSelect Game Preview Standalone (64-bit/PCD3D_SM5)' being destroyed
[2019.04.09-15.56.47:544][566]LogPlayLevel: Display: Shutting down PIE online subsystems
[2019.04.09-15.56.47:544][566]LogBlueprintUserMessages: Late EndPlayMap Detection: Level '/Game/Maps/MainMenuMap.MainMenuMap:PersistentLevel' has LevelScriptBlueprint '/Game/Maps/MainMenuMap.MainMenuMap:PersistentLevel.MainMenuMap' with GeneratedClass '/Game/Maps/MainMenuMap.MainMenuMap_C' with ClassGeneratedBy '/Game/Maps/MainMenuMap.MainMenuMap:PersistentLevel.MainMenuMap'
[2019.04.09-15.56.47:599][567]LogPlayLevel: Display: Destroying online subsystem :Context_10
[2019.04.09-15.56.53:565][925]LogTemp: Repeating last play command: Selected Viewport
[2019.04.09-15.56.53:588][925]LogBlueprintUserMessages: Early PlayInEditor Detection: Level '/Game/Maps/MainMenuMap.MainMenuMap:PersistentLevel' has LevelScriptBlueprint '/Game/Maps/MainMenuMap.MainMenuMap:PersistentLevel.MainMenuMap' with GeneratedClass '/Game/Maps/MainMenuMap.MainMenuMap_C' with ClassGeneratedBy '/Game/Maps/MainMenuMap.MainMenuMap:PersistentLevel.MainMenuMap'
[2019.04.09-15.56.53:588][925]LogPlayLevel: PlayLevel: No blueprints needed recompiling
[2019.04.09-15.56.53:589][925]PIE: New page: PIE session: MainMenuMap (Apr 9, 2019, 7:56:53 AM)
[2019.04.09-15.56.53:589][925]LogPlayLevel: Creating play world package: /Game/Maps/UEDPIE_0_MainMenuMap
[2019.04.09-15.56.53:590][925]LogPlayLevel: PIE: StaticDuplicateObject took: (0.001266s)
[2019.04.09-15.56.53:591][925]LogAIModule: Creating AISystem for world MainMenuMap
[2019.04.09-15.56.53:591][925]LogPlayLevel: PIE: World Init took: (0.000650s)
[2019.04.09-15.56.53:591][925]LogPlayLevel: PIE: Created PIE world by copying editor world from /Game/Maps/MainMenuMap.MainMenuMap to /Game/Maps/UEDPIE_0_MainMenuMap.MainMenuMap (0.002046s)
[2019.04.09-15.56.53:667][925]LogInit: XAudio2 using 'Headphones (Bose AE2 SoundLink Stereo)' : 2 channels at 44.1 kHz using 16 bits per sample (channel mask 0x3)
[2019.04.09-15.56.53:687][925]LogInit: FAudioDevice initialized.
[2019.04.09-15.56.53:695][925]LogSlate: Updating window title bar state: overlay mode, drag disabled, window buttons hidden, title bar hidden
[2019.04.09-15.56.53:769][925]LogLoad: Game class is 'GameModeBase'
[2019.04.09-15.56.53:772][925]LogWorld: Bringing World /Game/Maps/UEDPIE_0_MainMenuMap.MainMenuMap up for play (max tick rate 60) at 2019.04.09-11.56.53
[2019.04.09-15.56.53:772][925]LogWorld: Bringing up level for play took: 0.000724
[2019.04.09-15.56.53:785][925]LogGameMode: FindPlayerStart: PATHS NOT DEFINED or NO PLAYERSTART with positive rating
[2019.04.09-15.56.53:790][925]PIE: Play in editor start time for /Game/Maps/UEDPIE_0_MainMenuMap -0.536
[2019.04.09-15.56.53:790][925]LogBlueprintUserMessages: Late PlayInEditor Detection: Level '/Game/Maps/MainMenuMap.MainMenuMap:PersistentLevel' has LevelScriptBlueprint '/Game/Maps/MainMenuMap.MainMenuMap:PersistentLevel.MainMenuMap' with GeneratedClass '/Game/Maps/MainMenuMap.MainMenuMap_C' with ClassGeneratedBy '/Game/Maps/MainMenuMap.MainMenuMap:PersistentLevel.MainMenuMap'
[2019.04.09-15.56.55:688][ 35]LogSlate: Window 'UnrealCarSelect Game Preview Standalone (64-bit/PCD3D_SM5)' being destroyed
[2019.04.09-15.56.55:694][ 35]LogBlueprintUserMessages: Early EndPlayMap Detection: Level '/Game/Maps/MainMenuMap.MainMenuMap:PersistentLevel' has LevelScriptBlueprint '/Game/Maps/MainMenuMap.MainMenuMap:PersistentLevel.MainMenuMap' with GeneratedClass '/Game/Maps/MainMenuMap.MainMenuMap_C' with ClassGeneratedBy '/Game/Maps/MainMenuMap.MainMenuMap:PersistentLevel.MainMenuMap'
[2019.04.09-15.56.55:727][ 35]LogPlayLevel: Display: Shutting down PIE online subsystems
[2019.04.09-15.56.55:727][ 35]LogBlueprintUserMessages: Late EndPlayMap Detection: Level '/Game/Maps/MainMenuMap.MainMenuMap:PersistentLevel' has LevelScriptBlueprint '/Game/Maps/MainMenuMap.MainMenuMap:PersistentLevel.MainMenuMap' with GeneratedClass '/Game/Maps/MainMenuMap.MainMenuMap_C' with ClassGeneratedBy '/Game/Maps/MainMenuMap.MainMenuMap:PersistentLevel.MainMenuMap'
[2019.04.09-15.56.55:791][ 37]LogPlayLevel: Display: Destroying online subsystem :Context_11
[2019.04.09-15.56.58:282][181]LogTemp: Repeating last play command: Selected Viewport
[2019.04.09-15.56.58:305][181]LogBlueprintUserMessages: Early PlayInEditor Detection: Level '/Game/Maps/MainMenuMap.MainMenuMap:PersistentLevel' has LevelScriptBlueprint '/Game/Maps/MainMenuMap.MainMenuMap:PersistentLevel.MainMenuMap' with GeneratedClass '/Game/Maps/MainMenuMap.MainMenuMap_C' with ClassGeneratedBy '/Game/Maps/MainMenuMap.MainMenuMap:PersistentLevel.MainMenuMap'
[2019.04.09-15.56.58:305][181]BlueprintLog: New page: Pre-Play auto-recompile
[2019.04.09-15.56.58:313][181]LogPlayLevel: [PlayLevel] Compiling BP_Button before play...
[2019.04.09-15.56.58:491][181]LogPlayLevel: PlayLevel: Blueprint regeneration took 185 ms (1 blueprints)
[2019.04.09-15.56.58:491][181]PIE: New page: PIE session: MainMenuMap (Apr 9, 2019, 7:56:58 AM)
[2019.04.09-15.56.58:491][181]LogPlayLevel: Creating play world package: /Game/Maps/UEDPIE_0_MainMenuMap
[2019.04.09-15.56.58:492][181]LogPlayLevel: PIE: StaticDuplicateObject took: (0.001224s)
[2019.04.09-15.56.58:493][181]LogAIModule: Creating AISystem for world MainMenuMap
[2019.04.09-15.56.58:493][181]LogPlayLevel: PIE: World Init took: (0.000741s)
[2019.04.09-15.56.58:493][181]LogPlayLevel: PIE: Created PIE world by copying editor world from /Game/Maps/MainMenuMap.MainMenuMap to /Game/Maps/UEDPIE_0_MainMenuMap.MainMenuMap (0.002082s)
[2019.04.09-15.56.58:575][181]LogInit: XAudio2 using 'Headphones (Bose AE2 SoundLink Stereo)' : 2 channels at 44.1 kHz using 16 bits per sample (channel mask 0x3)
[2019.04.09-15.56.58:597][181]LogInit: FAudioDevice initialized.
[2019.04.09-15.56.58:607][181]LogSlate: Updating window title bar state: overlay mode, drag disabled, window buttons hidden, title bar hidden
[2019.04.09-15.56.58:678][181]LogLoad: Game class is 'GameModeBase'
[2019.04.09-15.56.58:680][181]LogWorld: Bringing World /Game/Maps/UEDPIE_0_MainMenuMap.MainMenuMap up for play (max tick rate 60) at 2019.04.09-11.56.58
[2019.04.09-15.56.58:680][181]LogWorld: Bringing up level for play took: 0.000543
[2019.04.09-15.56.58:693][181]LogGameMode: FindPlayerStart: PATHS NOT DEFINED or NO PLAYERSTART with positive rating
[2019.04.09-15.56.58:694][181]PIE: Play in editor start time for /Game/Maps/UEDPIE_0_MainMenuMap 0.368
[2019.04.09-15.56.58:695][181]LogBlueprintUserMessages: Late PlayInEditor Detection: Level '/Game/Maps/MainMenuMap.MainMenuMap:PersistentLevel' has LevelScriptBlueprint '/Game/Maps/MainMenuMap.MainMenuMap:PersistentLevel.MainMenuMap' with GeneratedClass '/Game/Maps/MainMenuMap.MainMenuMap_C' with ClassGeneratedBy '/Game/Maps/MainMenuMap.MainMenuMap:PersistentLevel.MainMenuMap'
[2019.04.09-15.57.07:903][673]LogSlate: Window 'UnrealCarSelect Game Preview Standalone (64-bit/PCD3D_SM5)' being destroyed
[2019.04.09-15.57.07:909][673]LogBlueprintUserMessages: Early EndPlayMap Detection: Level '/Game/Maps/MainMenuMap.MainMenuMap:PersistentLevel' has LevelScriptBlueprint '/Game/Maps/MainMenuMap.MainMenuMap:PersistentLevel.MainMenuMap' with GeneratedClass '/Game/Maps/MainMenuMap.MainMenuMap_C' with ClassGeneratedBy '/Game/Maps/MainMenuMap.MainMenuMap:PersistentLevel.MainMenuMap'
[2019.04.09-15.57.07:942][673]LogPlayLevel: Display: Shutting down PIE online subsystems
[2019.04.09-15.57.07:942][673]LogBlueprintUserMessages: Late EndPlayMap Detection: Level '/Game/Maps/MainMenuMap.MainMenuMap:PersistentLevel' has LevelScriptBlueprint '/Game/Maps/MainMenuMap.MainMenuMap:PersistentLevel.MainMenuMap' with GeneratedClass '/Game/Maps/MainMenuMap.MainMenuMap_C' with ClassGeneratedBy '/Game/Maps/MainMenuMap.MainMenuMap:PersistentLevel.MainMenuMap'
[2019.04.09-15.57.07:999][674]LogPlayLevel: Display: Destroying online subsystem :Context_12
[2019.04.09-15.57.10:024][787]LogSlate: Took 0.098231 seconds to synchronously load lazily loaded font '../../../Engine/Content/Slate/Fonts/Roboto-BoldCondensedItalic.ttf' (160K)
[2019.04.09-15.57.23:998][624]BlueprintLog: New page: Compile BP_Button
[2019.04.09-15.57.24:545][642]Cmd: OBJ SAVEPACKAGE PACKAGE="/Game/UMG/BP_Button" FILE="../../../../AggressiveCart/UnrealCarSelect/Content/UMG/BP_Button.uasset" SILENT=true
[2019.04.09-15.57.24:572][642]LogSavePackage: Moving '../../../../AggressiveCart/UnrealCarSelect/Saved/BP_Button303BB1D248A2BC7C178494BDF423AD56.tmp' to '../../../../AggressiveCart/UnrealCarSelect/Content/UMG/BP_Button.uasset'
[2019.04.09-15.57.25:257][682]LogTemp: Repeating last play command: Selected Viewport
[2019.04.09-15.57.25:282][682]LogBlueprintUserMessages: Early PlayInEditor Detection: Level '/Game/Maps/MainMenuMap.MainMenuMap:PersistentLevel' has LevelScriptBlueprint '/Game/Maps/MainMenuMap.MainMenuMap:PersistentLevel.MainMenuMap' with GeneratedClass '/Game/Maps/MainMenuMap.MainMenuMap_C' with ClassGeneratedBy '/Game/Maps/MainMenuMap.MainMenuMap:PersistentLevel.MainMenuMap'
[2019.04.09-15.57.25:282][682]LogPlayLevel: PlayLevel: No blueprints needed recompiling
[2019.04.09-15.57.25:283][682]PIE: New page: PIE session: MainMenuMap (Apr 9, 2019, 7:57:25 AM)
[2019.04.09-15.57.25:283][682]LogPlayLevel: Creating play world package: /Game/Maps/UEDPIE_0_MainMenuMap
[2019.04.09-15.57.25:284][682]LogPlayLevel: PIE: StaticDuplicateObject took: (0.001368s)
[2019.04.09-15.57.25:285][682]LogAIModule: Creating AISystem for world MainMenuMap
[2019.04.09-15.57.25:285][682]LogPlayLevel: PIE: World Init took: (0.000723s)
[2019.04.09-15.57.25:285][682]LogPlayLevel: PIE: Created PIE world by copying editor world from /Game/Maps/MainMenuMap.MainMenuMap to /Game/Maps/UEDPIE_0_MainMenuMap.MainMenuMap (0.002243s)
[2019.04.09-15.57.25:371][682]LogInit: XAudio2 using 'Headphones (Bose AE2 SoundLink Stereo)' : 2 channels at 44.1 kHz using 16 bits per sample (channel mask 0x3)
[2019.04.09-15.57.25:393][682]LogInit: FAudioDevice initialized.
[2019.04.09-15.57.25:403][682]LogSlate: Updating window title bar state: overlay mode, drag disabled, window buttons hidden, title bar hidden
[2019.04.09-15.57.25:480][682]LogLoad: Game class is 'GameModeBase'
[2019.04.09-15.57.25:482][682]LogWorld: Bringing World /Game/Maps/UEDPIE_0_MainMenuMap.MainMenuMap up for play (max tick rate 60) at 2019.04.09-11.57.25
[2019.04.09-15.57.25:482][682]LogWorld: Bringing up level for play took: 0.000438
[2019.04.09-15.57.25:494][682]LogGameMode: FindPlayerStart: PATHS NOT DEFINED or NO PLAYERSTART with positive rating
[2019.04.09-15.57.25:497][682]PIE: Play in editor start time for /Game/Maps/UEDPIE_0_MainMenuMap 1.171
[2019.04.09-15.57.25:498][682]LogBlueprintUserMessages: Late PlayInEditor Detection: Level '/Game/Maps/MainMenuMap.MainMenuMap:PersistentLevel' has LevelScriptBlueprint '/Game/Maps/MainMenuMap.MainMenuMap:PersistentLevel.MainMenuMap' with GeneratedClass '/Game/Maps/MainMenuMap.MainMenuMap_C' with ClassGeneratedBy '/Game/Maps/MainMenuMap.MainMenuMap:PersistentLevel.MainMenuMap'
[2019.04.09-15.57.29:428][915]LogBlueprintUserMessages: Early EndPlayMap Detection: Level '/Game/Maps/MainMenuMap.MainMenuMap:PersistentLevel' has LevelScriptBlueprint '/Game/Maps/MainMenuMap.MainMenuMap:PersistentLevel.MainMenuMap' with GeneratedClass '/Game/Maps/MainMenuMap.MainMenuMap_C' with ClassGeneratedBy '/Game/Maps/MainMenuMap.MainMenuMap:PersistentLevel.MainMenuMap'
[2019.04.09-15.57.29:428][915]LogSlate: Updating window title bar state: overlay mode, drag disabled, window buttons hidden, title bar hidden
[2019.04.09-15.57.29:441][915]LogSlate: Window 'UnrealCarSelect Game Preview Standalone (64-bit/PCD3D_SM5)' being destroyed
[2019.04.09-15.57.29:480][915]LogPlayLevel: Display: Shutting down PIE online subsystems
[2019.04.09-15.57.29:480][915]LogBlueprintUserMessages: Late EndPlayMap Detection: Level '/Game/Maps/MainMenuMap.MainMenuMap:PersistentLevel' has LevelScriptBlueprint '/Game/Maps/MainMenuMap.MainMenuMap:PersistentLevel.MainMenuMap' with GeneratedClass '/Game/Maps/MainMenuMap.MainMenuMap_C' with ClassGeneratedBy '/Game/Maps/MainMenuMap.MainMenuMap:PersistentLevel.MainMenuMap'
[2019.04.09-15.57.29:536][916]LogPlayLevel: Display: Destroying online subsystem :Context_13
[2019.04.09-15.57.29:592][916]LogSlate: Took 0.049817 seconds to synchronously load lazily loaded font '../../../Engine/Content/Slate/Fonts/DroidSansMono.ttf' (77K)
[2019.04.09-15.57.59:871][714]Cmd: OBJ SAVEPACKAGE PACKAGE="/Game/UMG/BP_Button" FILE="../../../../AggressiveCart/UnrealCarSelect/Content/UMG/BP_Button.uasset" SILENT=true
[2019.04.09-15.57.59:899][714]LogSavePackage: Moving '../../../../AggressiveCart/UnrealCarSelect/Saved/BP_Button2CD0381D4CD2B93F305D0EAE0EFCF07A.tmp' to '../../../../AggressiveCart/UnrealCarSelect/Content/UMG/BP_Button.uasset'
[2019.04.09-15.58.00:748][765]LogTemp: Repeating last play command: Selected Viewport
[2019.04.09-15.58.00:772][765]LogBlueprintUserMessages: Early PlayInEditor Detection: Level '/Game/Maps/MainMenuMap.MainMenuMap:PersistentLevel' has LevelScriptBlueprint '/Game/Maps/MainMenuMap.MainMenuMap:PersistentLevel.MainMenuMap' with GeneratedClass '/Game/Maps/MainMenuMap.MainMenuMap_C' with ClassGeneratedBy '/Game/Maps/MainMenuMap.MainMenuMap:PersistentLevel.MainMenuMap'
[2019.04.09-15.58.00:773][765]BlueprintLog: New page: Pre-Play auto-recompile
[2019.04.09-15.58.00:783][765]LogPlayLevel: [PlayLevel] Compiling BP_Button before play...
[2019.04.09-15.58.00:962][765]LogPlayLevel: PlayLevel: Blueprint regeneration took 190 ms (1 blueprints)
[2019.04.09-15.58.00:962][765]PIE: New page: PIE session: MainMenuMap (Apr 9, 2019, 7:58:00 AM)
[2019.04.09-15.58.00:962][765]LogPlayLevel: Creating play world package: /Game/Maps/UEDPIE_0_MainMenuMap
[2019.04.09-15.58.00:964][765]LogPlayLevel: PIE: StaticDuplicateObject took: (0.001331s)
[2019.04.09-15.58.00:964][765]LogAIModule: Creating AISystem for world MainMenuMap
[2019.04.09-15.58.00:965][765]LogPlayLevel: PIE: World Init took: (0.000691s)
[2019.04.09-15.58.00:965][765]LogPlayLevel: PIE: Created PIE world by copying editor world from /Game/Maps/MainMenuMap.MainMenuMap to /Game/Maps/UEDPIE_0_MainMenuMap.MainMenuMap (0.002188s)
[2019.04.09-15.58.01:048][765]LogInit: XAudio2 using 'Headphones (Bose AE2 SoundLink Stereo)' : 2 channels at 44.1 kHz using 16 bits per sample (channel mask 0x3)
[2019.04.09-15.58.01:069][765]LogInit: FAudioDevice initialized.
[2019.04.09-15.58.01:079][765]LogSlate: Updating window title bar state: overlay mode, drag disabled, window buttons hidden, title bar hidden
[2019.04.09-15.58.01:157][765]LogLoad: Game class is 'GameModeBase'
[2019.04.09-15.58.01:159][765]LogWorld: Bringing World /Game/Maps/UEDPIE_0_MainMenuMap.MainMenuMap up for play (max tick rate 60) at 2019.04.09-11.58.01
[2019.04.09-15.58.01:159][765]LogWorld: Bringing up level for play took: 0.000677
[2019.04.09-15.58.01:172][765]LogGameMode: FindPlayerStart: PATHS NOT DEFINED or NO PLAYERSTART with positive rating
[2019.04.09-15.58.01:177][765]PIE: Play in editor start time for /Game/Maps/UEDPIE_0_MainMenuMap 0.85
[2019.04.09-15.58.01:177][765]LogBlueprintUserMessages: Late PlayInEditor Detection: Level '/Game/Maps/MainMenuMap.MainMenuMap:PersistentLevel' has LevelScriptBlueprint '/Game/Maps/MainMenuMap.MainMenuMap:PersistentLevel.MainMenuMap' with GeneratedClass '/Game/Maps/MainMenuMap.MainMenuMap_C' with ClassGeneratedBy '/Game/Maps/MainMenuMap.MainMenuMap:PersistentLevel.MainMenuMap'
[2019.04.09-15.58.06:324][ 66]LogSlate: Window 'UnrealCarSelect Game Preview Standalone (64-bit/PCD3D_SM5)' being destroyed
[2019.04.09-15.58.06:330][ 66]LogBlueprintUserMessages: Early EndPlayMap Detection: Level '/Game/Maps/MainMenuMap.MainMenuMap:PersistentLevel' has LevelScriptBlueprint '/Game/Maps/MainMenuMap.MainMenuMap:PersistentLevel.MainMenuMap' with GeneratedClass '/Game/Maps/MainMenuMap.MainMenuMap_C' with ClassGeneratedBy '/Game/Maps/MainMenuMap.MainMenuMap:PersistentLevel.MainMenuMap'
[2019.04.09-15.58.06:364][ 66]LogPlayLevel: Display: Shutting down PIE online subsystems
[2019.04.09-15.58.06:364][ 66]LogBlueprintUserMessages: Late EndPlayMap Detection: Level '/Game/Maps/MainMenuMap.MainMenuMap:PersistentLevel' has LevelScriptBlueprint '/Game/Maps/MainMenuMap.MainMenuMap:PersistentLevel.MainMenuMap' with GeneratedClass '/Game/Maps/MainMenuMap.MainMenuMap_C' with ClassGeneratedBy '/Game/Maps/MainMenuMap.MainMenuMap:PersistentLevel.MainMenuMap'
[2019.04.09-15.58.06:433][ 67]LogPlayLevel: Display: Destroying online subsystem :Context_14
[2019.04.09-15.58.09:646][260]LogTemp: Repeating last play command: Selected Viewport
[2019.04.09-15.58.09:670][260]LogBlueprintUserMessages: Early PlayInEditor Detection: Level '/Game/Maps/MainMenuMap.MainMenuMap:PersistentLevel' has LevelScriptBlueprint '/Game/Maps/MainMenuMap.MainMenuMap:PersistentLevel.MainMenuMap' with GeneratedClass '/Game/Maps/MainMenuMap.MainMenuMap_C' with ClassGeneratedBy '/Game/Maps/MainMenuMap.MainMenuMap:PersistentLevel.MainMenuMap'
[2019.04.09-15.58.09:670][260]BlueprintLog: New page: Pre-Play auto-recompile
[2019.04.09-15.58.09:679][260]LogPlayLevel: [PlayLevel] Compiling BP_Button before play...
[2019.04.09-15.58.09:862][260]LogPlayLevel: PlayLevel: Blueprint regeneration took 192 ms (1 blueprints)
[2019.04.09-15.58.09:862][260]PIE: New page: PIE session: MainMenuMap (Apr 9, 2019, 7:58:09 AM)
[2019.04.09-15.58.09:862][260]LogPlayLevel: Creating play world package: /Game/Maps/UEDPIE_0_MainMenuMap
[2019.04.09-15.58.09:863][260]LogPlayLevel: PIE: StaticDuplicateObject took: (0.001254s)
[2019.04.09-15.58.09:864][260]LogAIModule: Creating AISystem for world MainMenuMap
[2019.04.09-15.58.09:864][260]LogPlayLevel: PIE: World Init took: (0.000634s)
[2019.04.09-15.58.09:864][260]LogPlayLevel: PIE: Created PIE world by copying editor world from /Game/Maps/MainMenuMap.MainMenuMap to /Game/Maps/UEDPIE_0_MainMenuMap.MainMenuMap (0.002010s)
[2019.04.09-15.58.09:941][260]LogInit: XAudio2 using 'Headphones (Bose AE2 SoundLink Stereo)' : 2 channels at 44.1 kHz using 16 bits per sample (channel mask 0x3)
[2019.04.09-15.58.09:960][260]LogInit: FAudioDevice initialized.
[2019.04.09-15.58.09:970][260]LogSlate: Updating window title bar state: overlay mode, drag disabled, window buttons hidden, title bar hidden
[2019.04.09-15.58.10:047][260]LogLoad: Game class is 'GameModeBase'
[2019.04.09-15.58.10:048][260]LogWorld: Bringing World /Game/Maps/UEDPIE_0_MainMenuMap.MainMenuMap up for play (max tick rate 60) at 2019.04.09-11.58.10
[2019.04.09-15.58.10:049][260]LogWorld: Bringing up level for play took: 0.000444
[2019.04.09-15.58.10:061][260]LogGameMode: FindPlayerStart: PATHS NOT DEFINED or NO PLAYERSTART with positive rating
[2019.04.09-15.58.10:063][260]PIE: Play in editor start time for /Game/Maps/UEDPIE_0_MainMenuMap -0.263
[2019.04.09-15.58.10:064][260]LogBlueprintUserMessages: Late PlayInEditor Detection: Level '/Game/Maps/MainMenuMap.MainMenuMap:PersistentLevel' has LevelScriptBlueprint '/Game/Maps/MainMenuMap.MainMenuMap:PersistentLevel.MainMenuMap' with GeneratedClass '/Game/Maps/MainMenuMap.MainMenuMap_C' with ClassGeneratedBy '/Game/Maps/MainMenuMap.MainMenuMap:PersistentLevel.MainMenuMap'
[2019.04.09-15.58.13:588][465]LogBlueprintUserMessages: Early EndPlayMap Detection: Level '/Game/Maps/MainMenuMap.MainMenuMap:PersistentLevel' has LevelScriptBlueprint '/Game/Maps/MainMenuMap.MainMenuMap:PersistentLevel.MainMenuMap' with GeneratedClass '/Game/Maps/MainMenuMap.MainMenuMap_C' with ClassGeneratedBy '/Game/Maps/MainMenuMap.MainMenuMap:PersistentLevel.MainMenuMap'
[2019.04.09-15.58.13:588][465]LogSlate: Updating window title bar state: overlay mode, drag disabled, window buttons hidden, title bar hidden
[2019.04.09-15.58.13:601][465]LogSlate: Window 'UnrealCarSelect Game Preview Standalone (64-bit/PCD3D_SM5)' being destroyed
[2019.04.09-15.58.13:633][465]LogPlayLevel: Display: Shutting down PIE online subsystems
[2019.04.09-15.58.13:633][465]LogBlueprintUserMessages: Late EndPlayMap Detection: Level '/Game/Maps/MainMenuMap.MainMenuMap:PersistentLevel' has LevelScriptBlueprint '/Game/Maps/MainMenuMap.MainMenuMap:PersistentLevel.MainMenuMap' with GeneratedClass '/Game/Maps/MainMenuMap.MainMenuMap_C' with ClassGeneratedBy '/Game/Maps/MainMenuMap.MainMenuMap:PersistentLevel.MainMenuMap'
[2019.04.09-15.58.13:691][466]LogPlayLevel: Display: Destroying online subsystem :Context_15
[2019.04.09-15.58.25:247][147]LogTemp: Repeating last play command: Selected Viewport
[2019.04.09-15.58.25:272][147]LogBlueprintUserMessages: Early PlayInEditor Detection: Level '/Game/Maps/MainMenuMap.MainMenuMap:PersistentLevel' has LevelScriptBlueprint '/Game/Maps/MainMenuMap.MainMenuMap:PersistentLevel.MainMenuMap' with GeneratedClass '/Game/Maps/MainMenuMap.MainMenuMap_C' with ClassGeneratedBy '/Game/Maps/MainMenuMap.MainMenuMap:PersistentLevel.MainMenuMap'
[2019.04.09-15.58.25:273][147]BlueprintLog: New page: Pre-Play auto-recompile
[2019.04.09-15.58.25:281][147]LogPlayLevel: [PlayLevel] Compiling BP_Button before play...
[2019.04.09-15.58.25:466][147]LogPlayLevel: PlayLevel: Blueprint regeneration took 193 ms (1 blueprints)
[2019.04.09-15.58.25:466][147]PIE: New page: PIE session: MainMenuMap (Apr 9, 2019, 7:58:25 AM)
[2019.04.09-15.58.25:466][147]LogPlayLevel: Creating play world package: /Game/Maps/UEDPIE_0_MainMenuMap
[2019.04.09-15.58.25:468][147]LogPlayLevel: PIE: StaticDuplicateObject took: (0.001328s)
[2019.04.09-15.58.25:468][147]LogAIModule: Creating AISystem for world MainMenuMap
[2019.04.09-15.58.25:469][147]LogPlayLevel: PIE: World Init took: (0.000681s)
[2019.04.09-15.58.25:469][147]LogPlayLevel: PIE: Created PIE world by copying editor world from /Game/Maps/MainMenuMap.MainMenuMap to /Game/Maps/UEDPIE_0_MainMenuMap.MainMenuMap (0.002154s)
[2019.04.09-15.58.25:546][147]LogInit: XAudio2 using 'Headphones (Bose AE2 SoundLink Stereo)' : 2 channels at 44.1 kHz using 16 bits per sample (channel mask 0x3)
[2019.04.09-15.58.25:567][147]LogInit: FAudioDevice initialized.
[2019.04.09-15.58.25:576][147]LogSlate: Updating window title bar state: overlay mode, drag disabled, window buttons hidden, title bar hidden
[2019.04.09-15.58.25:651][147]LogLoad: Game class is 'GameModeBase'
[2019.04.09-15.58.25:652][147]LogWorld: Bringing World /Game/Maps/UEDPIE_0_MainMenuMap.MainMenuMap up for play (max tick rate 60) at 2019.04.09-11.58.25
[2019.04.09-15.58.25:653][147]LogWorld: Bringing up level for play took: 0.000396
[2019.04.09-15.58.25:664][147]LogGameMode: FindPlayerStart: PATHS NOT DEFINED or NO PLAYERSTART with positive rating
[2019.04.09-15.58.25:667][147]PIE: Play in editor start time for /Game/Maps/UEDPIE_0_MainMenuMap 1.34
[2019.04.09-15.58.25:667][147]LogBlueprintUserMessages: Late PlayInEditor Detection: Level '/Game/Maps/MainMenuMap.MainMenuMap:PersistentLevel' has LevelScriptBlueprint '/Game/Maps/MainMenuMap.MainMenuMap:PersistentLevel.MainMenuMap' with GeneratedClass '/Game/Maps/MainMenuMap.MainMenuMap_C' with ClassGeneratedBy '/Game/Maps/MainMenuMap.MainMenuMap:PersistentLevel.MainMenuMap'
[2019.04.09-15.58.29:536][360]LogBlueprintUserMessages: Early EndPlayMap Detection: Level '/Game/Maps/MainMenuMap.MainMenuMap:PersistentLevel' has LevelScriptBlueprint '/Game/Maps/MainMenuMap.MainMenuMap:PersistentLevel.MainMenuMap' with GeneratedClass '/Game/Maps/MainMenuMap.MainMenuMap_C' with ClassGeneratedBy '/Game/Maps/MainMenuMap.MainMenuMap:PersistentLevel.MainMenuMap'
[2019.04.09-15.58.29:536][360]LogSlate: Updating window title bar state: overlay mode, drag disabled, window buttons hidden, title bar hidden
[2019.04.09-15.58.29:550][360]LogSlate: Window 'UnrealCarSelect Game Preview Standalone (64-bit/PCD3D_SM5)' being destroyed
[2019.04.09-15.58.29:587][360]LogPlayLevel: Display: Shutting down PIE online subsystems
[2019.04.09-15.58.29:587][360]LogBlueprintUserMessages: Late EndPlayMap Detection: Level '/Game/Maps/MainMenuMap.MainMenuMap:PersistentLevel' has LevelScriptBlueprint '/Game/Maps/MainMenuMap.MainMenuMap:PersistentLevel.MainMenuMap' with GeneratedClass '/Game/Maps/MainMenuMap.MainMenuMap_C' with ClassGeneratedBy '/Game/Maps/MainMenuMap.MainMenuMap:PersistentLevel.MainMenuMap'
[2019.04.09-15.58.29:650][361]LogPlayLevel: Display: Destroying online subsystem :Context_16
[2019.04.09-15.59.34:937][218]LogEditorTransaction: Undo Delete current selection
[2019.04.09-16.01.58:770][832]Cmd: OBJ SAVEPACKAGE PACKAGE="/Game/UMG/BP_Button" FILE="../../../../AggressiveCart/UnrealCarSelect/Content/UMG/BP_Button.uasset" SILENT=true
[2019.04.09-16.01.58:841][832]LogSavePackage: Moving '../../../../AggressiveCart/UnrealCarSelect/Saved/BP_Button5D30D08147E58892880B299C8A754953.tmp' to '../../../../AggressiveCart/UnrealCarSelect/Content/UMG/BP_Button.uasset'
[2019.04.09-16.01.59:407][865]BlueprintLog: New page: Compile BP_Button
[2019.04.09-16.02.00:485][917]LogTemp: Repeating last play command: Selected Viewport
[2019.04.09-16.02.00:510][917]LogBlueprintUserMessages: Early PlayInEditor Detection: Level '/Game/Maps/MainMenuMap.MainMenuMap:PersistentLevel' has LevelScriptBlueprint '/Game/Maps/MainMenuMap.MainMenuMap:PersistentLevel.MainMenuMap' with GeneratedClass '/Game/Maps/MainMenuMap.MainMenuMap_C' with ClassGeneratedBy '/Game/Maps/MainMenuMap.MainMenuMap:PersistentLevel.MainMenuMap'
[2019.04.09-16.02.00:510][917]LogPlayLevel: PlayLevel: No blueprints needed recompiling
[2019.04.09-16.02.00:510][917]PIE: New page: PIE session: MainMenuMap (Apr 9, 2019, 8:02:00 AM)
[2019.04.09-16.02.00:511][917]LogPlayLevel: Creating play world package: /Game/Maps/UEDPIE_0_MainMenuMap
[2019.04.09-16.02.00:513][917]LogPlayLevel: PIE: StaticDuplicateObject took: (0.001972s)
[2019.04.09-16.02.00:513][917]LogAIModule: Creating AISystem for world MainMenuMap
[2019.04.09-16.02.00:513][917]LogPlayLevel: PIE: World Init took: (0.000754s)
[2019.04.09-16.02.00:513][917]LogPlayLevel: PIE: Created PIE world by copying editor world from /Game/Maps/MainMenuMap.MainMenuMap to /Game/Maps/UEDPIE_0_MainMenuMap.MainMenuMap (0.002893s)
[2019.04.09-16.02.00:589][917]LogInit: XAudio2 using 'Headphones (Bose AE2 SoundLink Stereo)' : 2 channels at 44.1 kHz using 16 bits per sample (channel mask 0x3)
[2019.04.09-16.02.00:611][917]LogInit: FAudioDevice initialized.
[2019.04.09-16.02.00:621][917]LogSlate: Updating window title bar state: overlay mode, drag disabled, window buttons hidden, title bar hidden
[2019.04.09-16.02.00:709][917]LogLoad: Game class is 'GameModeBase'
[2019.04.09-16.02.00:711][917]LogWorld: Bringing World /Game/Maps/UEDPIE_0_MainMenuMap.MainMenuMap up for play (max tick rate 60) at 2019.04.09-12.02.00
[2019.04.09-16.02.00:712][917]LogWorld: Bringing up level for play took: 0.001022
[2019.04.09-16.02.00:725][917]LogGameMode: FindPlayerStart: PATHS NOT DEFINED or NO PLAYERSTART with positive rating
[2019.04.09-16.02.00:731][917]PIE: Play in editor start time for /Game/Maps/UEDPIE_0_MainMenuMap 0.405
[2019.04.09-16.02.00:732][917]LogBlueprintUserMessages: Late PlayInEditor Detection: Level '/Game/Maps/MainMenuMap.MainMenuMap:PersistentLevel' has LevelScriptBlueprint '/Game/Maps/MainMenuMap.MainMenuMap:PersistentLevel.MainMenuMap' with GeneratedClass '/Game/Maps/MainMenuMap.MainMenuMap_C' with ClassGeneratedBy '/Game/Maps/MainMenuMap.MainMenuMap:PersistentLevel.MainMenuMap'
[2019.04.09-16.02.08:936][406]LogBlueprintUserMessages: Early EndPlayMap Detection: Level '/Game/Maps/MainMenuMap.MainMenuMap:PersistentLevel' has LevelScriptBlueprint '/Game/Maps/MainMenuMap.MainMenuMap:PersistentLevel.MainMenuMap' with GeneratedClass '/Game/Maps/MainMenuMap.MainMenuMap_C' with ClassGeneratedBy '/Game/Maps/MainMenuMap.MainMenuMap:PersistentLevel.MainMenuMap'
[2019.04.09-16.02.08:936][406]LogSlate: Updating window title bar state: overlay mode, drag disabled, window buttons hidden, title bar hidden
[2019.04.09-16.02.08:949][406]LogSlate: Window 'UnrealCarSelect Game Preview Standalone (64-bit/PCD3D_SM5)' being destroyed
[2019.04.09-16.02.08:982][406]LogPlayLevel: Display: Shutting down PIE online subsystems
[2019.04.09-16.02.08:982][406]LogBlueprintUserMessages: Late EndPlayMap Detection: Level '/Game/Maps/MainMenuMap.MainMenuMap:PersistentLevel' has LevelScriptBlueprint '/Game/Maps/MainMenuMap.MainMenuMap:PersistentLevel.MainMenuMap' with GeneratedClass '/Game/Maps/MainMenuMap.MainMenuMap_C' with ClassGeneratedBy '/Game/Maps/MainMenuMap.MainMenuMap:PersistentLevel.MainMenuMap'
[2019.04.09-16.02.09:039][407]LogPlayLevel: Display: Destroying online subsystem :Context_17
[2019.04.09-16.02.18:779][990]Cmd: OBJ SAVEPACKAGE PACKAGE="/Game/UMG/MainMenu/MenuScreen" FILE="../../../../AggressiveCart/UnrealCarSelect/Content/UMG/MainMenu/MenuScreen.uasset" SILENT=true
[2019.04.09-16.02.18:831][990]LogSavePackage: Moving '../../../../AggressiveCart/UnrealCarSelect/Saved/MenuScreenA63F622344F499327664139F54319A68.tmp' to '../../../../AggressiveCart/UnrealCarSelect/Content/UMG/MainMenu/MenuScreen.uasset'
[2019.04.09-16.07.35:672][159]LogAudio: Warning: Current Audio Device with ID {0.0.0.00000000}.{91e54df5-58c5-4016-9fb0-8b41ee7cc5ea} was removed. Shutting down audio device.
[2019.04.09-16.07.42:488][159]LogInit: XAudio2 using 'Headphones (Bose AE2 SoundLink Stereo)' : 2 channels at 44.1 kHz using 16 bits per sample (channel mask 0x3)
[2019.04.09-16.07.45:580][167]LogFileHelpers: Editor autosave (incl. sublevels) for '/Game/Maps/MainMenuMap' took 0.037
[2019.04.09-16.07.45:582][167]OBJ SavePackage: Generating thumbnails for [0] asset(s) in package [/Game/UMG/MainMenu/GameMode] ([1] browsable assets)...
[2019.04.09-16.07.45:582][167]OBJ SavePackage: Finished generating thumbnails for package [/Game/UMG/MainMenu/GameMode]
[2019.04.09-16.07.45:582][167]Cmd: OBJ SAVEPACKAGE PACKAGE="/Game/UMG/MainMenu/GameMode" FILE="../../../../AggressiveCart/UnrealCarSelect/Saved/Autosaves/Game/UMG/MainMenu/GameMode_Auto1.uasset" SILENT=false AUTOSAVING=true
[2019.04.09-16.07.45:617][167]LogSavePackage: Moving '../../../../AggressiveCart/UnrealCarSelect/Saved/GameMode_Auto1E5F6D1024600A4A555DA069D98C31173.tmp' to '../../../../AggressiveCart/UnrealCarSelect/Saved/Autosaves/Game/UMG/MainMenu/GameMode_Auto1.uasset'
[2019.04.09-16.07.45:618][167]LogFileHelpers: Auto-saving content packages took 0.037
[2019.04.09-16.07.53:451][190]LogInit: XAudio2 using 'Headphones (Bose AE2 SoundLink Stereo)' : 2 channels at 44.1 kHz using 16 bits per sample (channel mask 0x3)
[2019.04.09-16.07.53:674][191]LogInit: XAudio2 using 'Headphones (Bose AE2 SoundLink Stereo)' : 2 channels at 44.1 kHz using 16 bits per sample (channel mask 0x3)
[2019.04.09-16.23.02:679][960]BlueprintLog: New page: Compile BP_Button
[2019.04.09-16.23.14:912][673]BlueprintLog: New page: Compile BP_Button
[2019.04.09-16.23.15:594][697]Cmd: OBJ SAVEPACKAGE PACKAGE="/Game/UMG/BP_Button" FILE="../../../../AggressiveCart/UnrealCarSelect/Content/UMG/BP_Button.uasset" SILENT=true
[2019.04.09-16.23.15:630][697]LogSavePackage: Moving '../../../../AggressiveCart/UnrealCarSelect/Saved/BP_ButtonCE29EA6B4923DAC54AF3EE9FC09511BE.tmp' to '../../../../AggressiveCart/UnrealCarSelect/Content/UMG/BP_Button.uasset'
[2019.04.09-16.23.21:281][976]LogSlate: Window 'Save Content' being destroyed
[2019.04.09-16.23.21:510][976]Cmd: OBJ SAVEPACKAGE PACKAGE="/Game/Maps/MainMenuMap" FILE="../../../../AggressiveCart/UnrealCarSelect/Content/Maps/MainMenuMap.umap" SILENT=true AUTOSAVING=false KEEPDIRTY=false
[2019.04.09-16.23.21:678][976]LogSavePackage: Moving '../../../../AggressiveCart/UnrealCarSelect/Saved/MainMenuMap655252A241AC20646B4E39B6BA38A757.tmp' to '../../../../AggressiveCart/UnrealCarSelect/Content/Maps/MainMenuMap.umap'
[2019.04.09-16.23.21:698][976]LogFileHelpers: Saving map 'MainMenuMap' took 0.383
[2019.04.09-16.23.21:701][976]Cmd: OBJ SAVEPACKAGE PACKAGE="/Game/UMG/MainMenu/GameMode" FILE="../../../../AggressiveCart/UnrealCarSelect/Content/UMG/MainMenu/GameMode.uasset" SILENT=true
[2019.04.09-16.23.21:726][976]LogSavePackage: Moving '../../../../AggressiveCart/UnrealCarSelect/Saved/GameModeB95C7F434EBAC6453E7CB1B88A093003.tmp' to '../../../../AggressiveCart/UnrealCarSelect/Content/UMG/MainMenu/GameMode.uasset'
[2019.04.09-17.21.01:500][358]LogInit: XAudio2 using 'Headphones (Bose AE2 SoundLink Stereo)' : 2 channels at 44.1 kHz using 16 bits per sample (channel mask 0x3)
[2019.04.09-17.27.46:981][361]LogAudio: Warning: Current Audio Device with ID {0.0.0.00000000}.{91e54df5-58c5-4016-9fb0-8b41ee7cc5ea} was removed. Shutting down audio device.
[2019.04.09-17.27.46:982][361]LogD3D11RHI: Timed out while waiting for GPU to catch up. (500 ms)
[2019.04.09-17.27.47:117][361]LogInit: XAudio2 using 'Speakers (Realtek High Definition Audio)' : 6 channels at 48 kHz using 32 bits per sample (channel mask 0x3f)
[2019.04.09-17.27.48:707][362]LogInit: XAudio2 using 'Headphones (Bose AE2 SoundLink Stereo)' : 2 channels at 44.1 kHz using 16 bits per sample (channel mask 0x3)
[2019.04.09-17.27.48:823][363]LogInit: XAudio2 using 'Headphones (Bose AE2 SoundLink Stereo)' : 2 channels at 44.1 kHz using 16 bits per sample (channel mask 0x3)
[2019.04.09-17.27.58:924][393]LogInit: XAudio2 using 'Headphones (Bose AE2 SoundLink Stereo)' : 2 channels at 44.1 kHz using 16 bits per sample (channel mask 0x3)
[2019.04.09-17.29.32:768][665]LogAssetEditorManager: Opening Asset editor for Blueprint /Game/UMG/Play_Button.Play_Button
[2019.04.09-17.29.53:417][849]BlueprintLog: New page: Compile Play_Button
[2019.04.09-17.29.54:353][894]Cmd: OBJ SAVEPACKAGE PACKAGE="/Game/UMG/Play_Button" FILE="../../../../AggressiveCart/UnrealCarSelect/Content/UMG/Play_Button.uasset" SILENT=true
[2019.04.09-17.29.54:358][894]LogSavePackage: Moving '../../../../AggressiveCart/UnrealCarSelect/Saved/Play_ButtonF5579EB34898957868EBB59D1B32F4AA.tmp' to '../../../../AggressiveCart/UnrealCarSelect/Content/UMG/Play_Button.uasset'
[2019.04.09-17.30.48:038][ 28]Cmd: OBJ SAVEPACKAGE PACKAGE="/Game/UMG/BP_Button" FILE="../../../../AggressiveCart/UnrealCarSelect/Content/UMG/BP_Button.uasset" SILENT=true
[2019.04.09-17.30.48:074][ 28]LogSavePackage: Moving '../../../../AggressiveCart/UnrealCarSelect/Saved/BP_Button868F3F2840E6019BA77FB490A360B6D9.tmp' to '../../../../AggressiveCart/UnrealCarSelect/Content/UMG/BP_Button.uasset'
[2019.04.09-17.30.59:484][700]Cmd: OBJ SAVEPACKAGE PACKAGE="/Game/UMG/BP_Button" FILE="../../../../AggressiveCart/UnrealCarSelect/Content/UMG/BP_Button.uasset" SILENT=true
[2019.04.09-17.30.59:515][700]LogSavePackage: Moving '../../../../AggressiveCart/UnrealCarSelect/Saved/BP_Button6FDFE2C64BEA922FB6D792985737C227.tmp' to '../../../../AggressiveCart/UnrealCarSelect/Content/UMG/BP_Button.uasset'
[2019.04.09-17.31.11:267][397]Cmd: OBJ SAVEPACKAGE PACKAGE="/Game/UMG/BP_Button" FILE="../../../../AggressiveCart/UnrealCarSelect/Content/UMG/BP_Button.uasset" SILENT=true
[2019.04.09-17.31.11:297][397]LogSavePackage: Moving '../../../../AggressiveCart/UnrealCarSelect/Saved/BP_Button22D82FC240208EF439508798AD43A793.tmp' to '../../../../AggressiveCart/UnrealCarSelect/Content/UMG/BP_Button.uasset'
[2019.04.09-17.31.21:806][986]Cmd: OBJ SAVEPACKAGE PACKAGE="/Game/UMG/BP_Button" FILE="../../../../AggressiveCart/UnrealCarSelect/Content/UMG/BP_Button.uasset" SILENT=true
[2019.04.09-17.31.21:837][986]LogSavePackage: Moving '../../../../AggressiveCart/UnrealCarSelect/Saved/BP_Button9D0D054143D23719DF2BC28F6C4A7E92.tmp' to '../../../../AggressiveCart/UnrealCarSelect/Content/UMG/BP_Button.uasset'
[2019.04.09-17.31.22:772][ 42]BlueprintLog: New page: Compile BP_Button
[2019.04.09-17.31.23:466][ 65]Cmd: OBJ SAVEPACKAGE PACKAGE="/Game/UMG/BP_Button" FILE="../../../../AggressiveCart/UnrealCarSelect/Content/UMG/BP_Button.uasset" SILENT=true
[2019.04.09-17.31.23:497][ 65]LogSavePackage: Moving '../../../../AggressiveCart/UnrealCarSelect/Saved/BP_Button5A781A6845738FD7260C0DB33EB8A9D4.tmp' to '../../../../AggressiveCart/UnrealCarSelect/Content/UMG/BP_Button.uasset'
[2019.04.09-17.31.24:151][103]Cmd: OBJ SAVEPACKAGE PACKAGE="/Game/UMG/BP_Button" FILE="../../../../AggressiveCart/UnrealCarSelect/Content/UMG/BP_Button.uasset" SILENT=true
[2019.04.09-17.31.24:182][103]LogSavePackage: Moving '../../../../AggressiveCart/UnrealCarSelect/Saved/BP_ButtonAD1B73014899084B83F20F9D551BC070.tmp' to '../../../../AggressiveCart/UnrealCarSelect/Content/UMG/BP_Button.uasset'
[2019.04.09-17.31.28:033][325]Cmd: OBJ SAVEPACKAGE PACKAGE="/Game/UMG/MainMenu/TitleScreen" FILE="../../../../AggressiveCart/UnrealCarSelect/Content/UMG/MainMenu/TitleScreen.uasset" SILENT=true
[2019.04.09-17.31.28:053][325]LogSavePackage: Moving '../../../../AggressiveCart/UnrealCarSelect/Saved/TitleScreenD55E12D04824A19020DFC980E17279D2.tmp' to '../../../../AggressiveCart/UnrealCarSelect/Content/UMG/MainMenu/TitleScreen.uasset'
[2019.04.09-17.32.01:345][258]LogEditorTransaction: Undo Add Node
[2019.04.09-17.38.40:321][713]LogFileHelpers: Editor autosave (incl. sublevels) for '/Game/Maps/MainMenuMap' took 0.042
[2019.04.09-17.38.40:323][713]OBJ SavePackage: Generating thumbnails for [0] asset(s) in package [/Game/UMG/MainMenu/MenuScreen] ([1] browsable assets)...
[2019.04.09-17.38.40:323][713]OBJ SavePackage: Finished generating thumbnails for package [/Game/UMG/MainMenu/MenuScreen]
[2019.04.09-17.38.40:323][713]Cmd: OBJ SAVEPACKAGE PACKAGE="/Game/UMG/MainMenu/MenuScreen" FILE="../../../../AggressiveCart/UnrealCarSelect/Saved/Autosaves/Game/UMG/MainMenu/MenuScreen_Auto2.uasset" SILENT=false AUTOSAVING=true
[2019.04.09-17.38.40:384][713]LogSavePackage: Moving '../../../../AggressiveCart/UnrealCarSelect/Saved/MenuScreen_Auto259ACEF5C42983B552CA4A2A20CDE26DC.tmp' to '../../../../AggressiveCart/UnrealCarSelect/Saved/Autosaves/Game/UMG/MainMenu/MenuScreen_Auto2.uasset'
[2019.04.09-17.38.40:386][713]OBJ SavePackage: Generating thumbnails for [0] asset(s) in package [/Game/UMG/MainMenu/GameMode] ([1] browsable assets)...
[2019.04.09-17.38.40:386][713]OBJ SavePackage: Finished generating thumbnails for package [/Game/UMG/MainMenu/GameMode]
[2019.04.09-17.38.40:386][713]Cmd: OBJ SAVEPACKAGE PACKAGE="/Game/UMG/MainMenu/GameMode" FILE="../../../../AggressiveCart/UnrealCarSelect/Saved/Autosaves/Game/UMG/MainMenu/GameMode_Auto2.uasset" SILENT=false AUTOSAVING=true
[2019.04.09-17.38.40:418][713]LogSavePackage: Moving '../../../../AggressiveCart/UnrealCarSelect/Saved/GameMode_Auto2C47A54D0435ECA405417F4BFC39E1F8A.tmp' to '../../../../AggressiveCart/UnrealCarSelect/Saved/Autosaves/Game/UMG/MainMenu/GameMode_Auto2.uasset'
[2019.04.09-17.38.40:419][713]OBJ SavePackage: Generating thumbnails for [0] asset(s) in package [/Game/UMG/Play_Button] ([1] browsable assets)...
[2019.04.09-17.38.40:419][713]OBJ SavePackage: Finished generating thumbnails for package [/Game/UMG/Play_Button]
[2019.04.09-17.38.40:419][713]Cmd: OBJ SAVEPACKAGE PACKAGE="/Game/UMG/Play_Button" FILE="../../../../AggressiveCart/UnrealCarSelect/Saved/Autosaves/Game/UMG/Play_Button_Auto2.uasset" SILENT=false AUTOSAVING=true
[2019.04.09-17.38.40:432][713]LogSavePackage: Moving '../../../../AggressiveCart/UnrealCarSelect/Saved/Play_Button_Auto26C032BFC4DA656248C5D619C7BEF3F92.tmp' to '../../../../AggressiveCart/UnrealCarSelect/Saved/Autosaves/Game/UMG/Play_Button_Auto2.uasset'
[2019.04.09-17.38.40:433][713]LogFileHelpers: Auto-saving content packages took 0.111
[2019.04.09-17.43.06:684][137]LogSavePackage: Moving '../../../../AggressiveCart/UnrealCarSelect/Saved/UIE_MainMenu_PlayIdle_7000_00164979333426A925DDC3213B8707E5BA5.tmp' to '../../../../AggressiveCart/UnrealCarSelect/Content/Battle_Drifters/Visuals/UI_Elements/UI_Elements_7000/UIE_MainMenu_PlayIdle_7000_001.uasset'
[2019.04.09-17.43.08:670][256]BlueprintLog: New page: Compile Play_Button
[2019.04.09-17.43.09:248][283]Cmd: OBJ SAVEPACKAGE PACKAGE="/Game/UMG/Play_Button" FILE="../../../../AggressiveCart/UnrealCarSelect/Content/UMG/Play_Button.uasset" SILENT=true
[2019.04.09-17.43.09:259][283]LogSavePackage: Moving '../../../../AggressiveCart/UnrealCarSelect/Saved/Play_Button44C5E7854E43882E9C69B89585914431.tmp' to '../../../../AggressiveCart/UnrealCarSelect/Content/UMG/Play_Button.uasset'
[2019.04.09-17.43.42:860][268]LogSlate: Took 0.088554 seconds to synchronously load lazily loaded font '../../../Engine/Content/Slate/Fonts/DroidSansFallback.ttf' (3848K)
[2019.04.09-17.43.45:068][400]BlueprintLog: New page: Compile MenuScreen
[2019.04.09-17.43.45:699][421]Cmd: OBJ SAVEPACKAGE PACKAGE="/Game/UMG/MainMenu/MenuScreen" FILE="../../../../AggressiveCart/UnrealCarSelect/Content/UMG/MainMenu/MenuScreen.uasset" SILENT=true
[2019.04.09-17.43.45:749][421]LogSavePackage: Moving '../../../../AggressiveCart/UnrealCarSelect/Saved/MenuScreen03775D7A4374B89CCB84AEA5E8DCE43F.tmp' to '../../../../AggressiveCart/UnrealCarSelect/Content/UMG/MainMenu/MenuScreen.uasset'
[2019.04.09-17.43.52:001][795]LogTemp: Repeating last play command: Selected Viewport
[2019.04.09-17.43.52:034][795]LogBlueprintUserMessages: Early PlayInEditor Detection: Level '/Game/Maps/MainMenuMap.MainMenuMap:PersistentLevel' has LevelScriptBlueprint '/Game/Maps/MainMenuMap.MainMenuMap:PersistentLevel.MainMenuMap' with GeneratedClass '/Game/Maps/MainMenuMap.MainMenuMap_C' with ClassGeneratedBy '/Game/Maps/MainMenuMap.MainMenuMap:PersistentLevel.MainMenuMap'
[2019.04.09-17.43.52:034][795]LogPlayLevel: PlayLevel: No blueprints needed recompiling
[2019.04.09-17.43.52:034][795]PIE: New page: PIE session: MainMenuMap (Apr 9, 2019, 9:43:52 AM)
[2019.04.09-17.43.52:035][795]LogPlayLevel: Creating play world package: /Game/Maps/UEDPIE_0_MainMenuMap
[2019.04.09-17.43.52:036][795]LogPlayLevel: PIE: StaticDuplicateObject took: (0.001702s)
[2019.04.09-17.43.52:038][795]LogAIModule: Creating AISystem for world MainMenuMap
[2019.04.09-17.43.52:038][795]LogPlayLevel: PIE: World Init took: (0.002021s)
[2019.04.09-17.43.52:039][795]LogPlayLevel: PIE: Created PIE world by copying editor world from /Game/Maps/MainMenuMap.MainMenuMap to /Game/Maps/UEDPIE_0_MainMenuMap.MainMenuMap (0.003987s)
[2019.04.09-17.43.52:116][795]LogInit: XAudio2 using 'Headphones (Bose AE2 SoundLink Stereo)' : 2 channels at 44.1 kHz using 16 bits per sample (channel mask 0x3)
[2019.04.09-17.43.52:139][795]LogInit: FAudioDevice initialized.
[2019.04.09-17.43.52:149][795]LogSlate: Updating window title bar state: overlay mode, drag disabled, window buttons hidden, title bar hidden
[2019.04.09-17.43.52:284][795]LogLoad: Game class is 'GameModeBase'
[2019.04.09-17.43.52:285][795]LogWorld: Bringing World /Game/Maps/UEDPIE_0_MainMenuMap.MainMenuMap up for play (max tick rate 60) at 2019.04.09-13.43.52
[2019.04.09-17.43.52:285][795]LogWorld: Bringing up level for play took: 0.000696
[2019.04.09-17.43.52:299][795]LogGameMode: FindPlayerStart: PATHS NOT DEFINED or NO PLAYERSTART with positive rating
[2019.04.09-17.43.52:305][795]PIE: Play in editor start time for /Game/Maps/UEDPIE_0_MainMenuMap 0
[2019.04.09-17.43.52:305][795]LogBlueprintUserMessages: Late PlayInEditor Detection: Level '/Game/Maps/MainMenuMap.MainMenuMap:PersistentLevel' has LevelScriptBlueprint '/Game/Maps/MainMenuMap.MainMenuMap:PersistentLevel.MainMenuMap' with GeneratedClass '/Game/Maps/MainMenuMap.MainMenuMap_C' with ClassGeneratedBy '/Game/Maps/MainMenuMap.MainMenuMap:PersistentLevel.MainMenuMap'
[2019.04.09-17.44.00:142][260]LogSlate: Window 'UnrealCarSelect Game Preview Standalone (64-bit/PCD3D_SM5)' being destroyed
[2019.04.09-17.44.00:148][260]LogBlueprintUserMessages: Early EndPlayMap Detection: Level '/Game/Maps/MainMenuMap.MainMenuMap:PersistentLevel' has LevelScriptBlueprint '/Game/Maps/MainMenuMap.MainMenuMap:PersistentLevel.MainMenuMap' with GeneratedClass '/Game/Maps/MainMenuMap.MainMenuMap_C' with ClassGeneratedBy '/Game/Maps/MainMenuMap.MainMenuMap:PersistentLevel.MainMenuMap'
[2019.04.09-17.44.00:186][260]LogPlayLevel: Display: Shutting down PIE online subsystems
[2019.04.09-17.44.00:187][260]LogBlueprintUserMessages: Late EndPlayMap Detection: Level '/Game/Maps/MainMenuMap.MainMenuMap:PersistentLevel' has LevelScriptBlueprint '/Game/Maps/MainMenuMap.MainMenuMap:PersistentLevel.MainMenuMap' with GeneratedClass '/Game/Maps/MainMenuMap.MainMenuMap_C' with ClassGeneratedBy '/Game/Maps/MainMenuMap.MainMenuMap:PersistentLevel.MainMenuMap'
[2019.04.09-17.44.00:244][261]LogPlayLevel: Display: Destroying online subsystem :Context_20
[2019.04.09-17.44.01:861][358]LogEditorTransaction: Undo Add Widget
[2019.04.09-17.44.06:062][607]Cmd: OBJ SAVEPACKAGE PACKAGE="/Game/UMG/MainMenu/MenuScreen" FILE="../../../../AggressiveCart/UnrealCarSelect/Content/UMG/MainMenu/MenuScreen.uasset" SILENT=true
[2019.04.09-17.44.06:111][607]LogSavePackage: Moving '../../../../AggressiveCart/UnrealCarSelect/Saved/MenuScreen5F25A74A406CEA083C73A9AC15387CF6.tmp' to '../../../../AggressiveCart/UnrealCarSelect/Content/UMG/MainMenu/MenuScreen.uasset'
[2019.04.09-17.44.07:135][668]BlueprintLog: New page: Compile MenuScreen
[2019.04.09-17.44.07:822][702]Cmd: OBJ SAVEPACKAGE PACKAGE="/Game/UMG/MainMenu/MenuScreen" FILE="../../../../AggressiveCart/UnrealCarSelect/Content/UMG/MainMenu/MenuScreen.uasset" SILENT=true
[2019.04.09-17.44.07:871][702]LogSavePackage: Moving '../../../../AggressiveCart/UnrealCarSelect/Saved/MenuScreen71AA8A2A4A62EBD8C9EB3ABF219B39B0.tmp' to '../../../../AggressiveCart/UnrealCarSelect/Content/UMG/MainMenu/MenuScreen.uasset'
[2019.04.09-17.44.44:957][517]BlueprintLog: New page: Compile BP_Button
[2019.04.09-17.44.45:733][546]Cmd: OBJ SAVEPACKAGE PACKAGE="/Game/UMG/BP_Button" FILE="../../../../AggressiveCart/UnrealCarSelect/Content/UMG/BP_Button.uasset" SILENT=true
[2019.04.09-17.44.45:763][546]LogSavePackage: Moving '../../../../AggressiveCart/UnrealCarSelect/Saved/BP_Button919F9ECD46263D6B559432A9C4844656.tmp' to '../../../../AggressiveCart/UnrealCarSelect/Content/UMG/BP_Button.uasset'
[2019.04.09-17.45.01:015][448]BlueprintLog: New page: Compile MenuScreen
[2019.04.09-17.46.01:623][ 29]Cmd: OBJ SAVEPACKAGE PACKAGE="/Game/UMG/MainMenu/MenuScreen" FILE="../../../../AggressiveCart/UnrealCarSelect/Content/UMG/MainMenu/MenuScreen.uasset" SILENT=true
[2019.04.09-17.46.01:672][ 29]LogSavePackage: Moving '../../../../AggressiveCart/UnrealCarSelect/Saved/MenuScreen302DE4684CA829B562A0BD8D81FF108E.tmp' to '../../../../AggressiveCart/UnrealCarSelect/Content/UMG/MainMenu/MenuScreen.uasset'
[2019.04.09-17.46.03:341][129]BlueprintLog: New page: Compile MenuScreen
[2019.04.09-17.46.06:042][259]LogTemp: Repeating last play command: Selected Viewport
[2019.04.09-17.46.06:071][259]LogBlueprintUserMessages: Early PlayInEditor Detection: Level '/Game/Maps/MainMenuMap.MainMenuMap:PersistentLevel' has LevelScriptBlueprint '/Game/Maps/MainMenuMap.MainMenuMap:PersistentLevel.MainMenuMap' with GeneratedClass '/Game/Maps/MainMenuMap.MainMenuMap_C' with ClassGeneratedBy '/Game/Maps/MainMenuMap.MainMenuMap:PersistentLevel.MainMenuMap'
[2019.04.09-17.46.06:071][259]LogPlayLevel: PlayLevel: No blueprints needed recompiling
[2019.04.09-17.46.06:071][259]PIE: New page: PIE session: MainMenuMap (Apr 9, 2019, 9:46:06 AM)
[2019.04.09-17.46.06:071][259]LogPlayLevel: Creating play world package: /Game/Maps/UEDPIE_0_MainMenuMap
[2019.04.09-17.46.06:073][259]LogPlayLevel: PIE: StaticDuplicateObject took: (0.001984s)
[2019.04.09-17.46.06:074][259]LogAIModule: Creating AISystem for world MainMenuMap
[2019.04.09-17.46.06:074][259]LogPlayLevel: PIE: World Init took: (0.000819s)
[2019.04.09-17.46.06:074][259]LogPlayLevel: PIE: Created PIE world by copying editor world from /Game/Maps/MainMenuMap.MainMenuMap to /Game/Maps/UEDPIE_0_MainMenuMap.MainMenuMap (0.002970s)
[2019.04.09-17.46.06:162][259]LogInit: XAudio2 using 'Headphones (Bose AE2 SoundLink Stereo)' : 2 channels at 44.1 kHz using 16 bits per sample (channel mask 0x3)
[2019.04.09-17.46.06:184][259]LogInit: FAudioDevice initialized.
[2019.04.09-17.46.06:193][259]LogSlate: Updating window title bar state: overlay mode, drag disabled, window buttons hidden, title bar hidden
[2019.04.09-17.46.06:293][259]LogLoad: Game class is 'GameModeBase'
[2019.04.09-17.46.06:294][259]LogWorld: Bringing World /Game/Maps/UEDPIE_0_MainMenuMap.MainMenuMap up for play (max tick rate 60) at 2019.04.09-13.46.06
[2019.04.09-17.46.06:295][259]LogWorld: Bringing up level for play took: 0.000492
[2019.04.09-17.46.06:307][259]LogGameMode: FindPlayerStart: PATHS NOT DEFINED or NO PLAYERSTART with positive rating
[2019.04.09-17.46.06:314][259]PIE: Play in editor start time for /Game/Maps/UEDPIE_0_MainMenuMap 0.009
[2019.04.09-17.46.06:314][259]LogBlueprintUserMessages: Late PlayInEditor Detection: Level '/Game/Maps/MainMenuMap.MainMenuMap:PersistentLevel' has LevelScriptBlueprint '/Game/Maps/MainMenuMap.MainMenuMap:PersistentLevel.MainMenuMap' with GeneratedClass '/Game/Maps/MainMenuMap.MainMenuMap_C' with ClassGeneratedBy '/Game/Maps/MainMenuMap.MainMenuMap:PersistentLevel.MainMenuMap'
[2019.04.09-17.46.14:805][745]LogSlate: FSceneViewport::OnFocusLost() reason 2
[2019.04.09-17.46.16:377][839]LogSlate: Window 'UnrealCarSelect Game Preview Standalone (64-bit/PCD3D_SM5)' being destroyed
[2019.04.09-17.46.16:383][839]LogBlueprintUserMessages: Early EndPlayMap Detection: Level '/Game/Maps/MainMenuMap.MainMenuMap:PersistentLevel' has LevelScriptBlueprint '/Game/Maps/MainMenuMap.MainMenuMap:PersistentLevel.MainMenuMap' with GeneratedClass '/Game/Maps/MainMenuMap.MainMenuMap_C' with ClassGeneratedBy '/Game/Maps/MainMenuMap.MainMenuMap:PersistentLevel.MainMenuMap'
[2019.04.09-17.46.16:418][839]LogPlayLevel: Display: Shutting down PIE online subsystems
[2019.04.09-17.46.16:419][839]LogBlueprintUserMessages: Late EndPlayMap Detection: Level '/Game/Maps/MainMenuMap.MainMenuMap:PersistentLevel' has LevelScriptBlueprint '/Game/Maps/MainMenuMap.MainMenuMap:PersistentLevel.MainMenuMap' with GeneratedClass '/Game/Maps/MainMenuMap.MainMenuMap_C' with ClassGeneratedBy '/Game/Maps/MainMenuMap.MainMenuMap:PersistentLevel.MainMenuMap'
[2019.04.09-17.46.16:481][840]LogPlayLevel: Display: Destroying online subsystem :Context_21
[2019.04.09-17.48.59:375][422]LogFileHelpers: Editor autosave (incl. sublevels) for '/Game/Maps/MainMenuMap' took 0.037
[2019.04.09-17.48.59:378][422]OBJ SavePackage: Generating thumbnails for [0] asset(s) in package [/Game/UMG/MainMenu/GameMode] ([1] browsable assets)...
[2019.04.09-17.48.59:378][422]OBJ SavePackage: Finished generating thumbnails for package [/Game/UMG/MainMenu/GameMode]
[2019.04.09-17.48.59:378][422]Cmd: OBJ SAVEPACKAGE PACKAGE="/Game/UMG/MainMenu/GameMode" FILE="../../../../AggressiveCart/UnrealCarSelect/Saved/Autosaves/Game/UMG/MainMenu/GameMode_Auto3.uasset" SILENT=false AUTOSAVING=true
[2019.04.09-17.48.59:407][422]LogSavePackage: Moving '../../../../AggressiveCart/UnrealCarSelect/Saved/GameMode_Auto38C17124E4D74B87D458DA7BAB05F7C9B.tmp' to '../../../../AggressiveCart/UnrealCarSelect/Saved/Autosaves/Game/UMG/MainMenu/GameMode_Auto3.uasset'
[2019.04.09-17.48.59:408][422]OBJ SavePackage: Generating thumbnails for [0] asset(s) in package [/Game/UMG/Play_Button] ([1] browsable assets)...
[2019.04.09-17.48.59:408][422]OBJ SavePackage: Finished generating thumbnails for package [/Game/UMG/Play_Button]
[2019.04.09-17.48.59:408][422]Cmd: OBJ SAVEPACKAGE PACKAGE="/Game/UMG/Play_Button" FILE="../../../../AggressiveCart/UnrealCarSelect/Saved/Autosaves/Game/UMG/Play_Button_Auto3.uasset" SILENT=false AUTOSAVING=true
[2019.04.09-17.48.59:421][422]LogSavePackage: Moving '../../../../AggressiveCart/UnrealCarSelect/Saved/Play_Button_Auto3B2B03A12481FFDC93F5E09BEEE120E98.tmp' to '../../../../AggressiveCart/UnrealCarSelect/Saved/Autosaves/Game/UMG/Play_Button_Auto3.uasset'
[2019.04.09-17.48.59:421][422]LogFileHelpers: Auto-saving content packages took 0.044
[2019.04.09-18.29.56:670][747]LogInit: XAudio2 using 'Headphones (Bose AE2 SoundLink Stereo)' : 2 channels at 44.1 kHz using 16 bits per sample (channel mask 0x3)
[2019.04.09-18.42.31:044][751]LogAudio: Warning: Current Audio Device with ID {0.0.0.00000000}.{91e54df5-58c5-4016-9fb0-8b41ee7cc5ea} was removed. Shutting down audio device.
[2019.04.09-18.42.31:045][751]LogD3D11RHI: Timed out while waiting for GPU to catch up. (500 ms)
[2019.04.09-18.42.31:265][751]LogInit: XAudio2 using 'Speakers (Realtek High Definition Audio)' : 6 channels at 48 kHz using 32 bits per sample (channel mask 0x3f)
[2019.04.09-18.42.32:444][752]LogInit: XAudio2 using 'Speakers (Realtek High Definition Audio)' : 6 channels at 48 kHz using 32 bits per sample (channel mask 0x3f)
[2019.04.09-18.42.33:239][753]LogHttp: Warning: 0000025F2DBAF600: request failed, libcurl error: 6 (Couldn't resolve host name)
[2019.04.09-18.42.33:239][753]LogHttp: Warning: 0000025F2DBAF600: libcurl info message cache 0 (Connection 74 seems to be dead!)
[2019.04.09-18.42.33:240][753]LogHttp: Warning: 0000025F2DBAF600: libcurl info message cache 1 (Closing connection 74)
[2019.04.09-18.42.33:240][753]LogHttp: Warning: 0000025F2DBAF600: libcurl info message cache 2 (TLSv1.2 (OUT), TLS alert, Client hello (1):)
[2019.04.09-18.42.33:240][753]LogHttp: Warning: 0000025F2DBAF600: libcurl info message cache 3 (Could not resolve host: datarouter.ol.epicgames.com)
[2019.04.09-18.42.33:240][753]LogHttp: Warning: 0000025F2DBAF600: libcurl info message cache 4 (Closing connection 75)
[2019.04.09-18.42.33:413][753]LogInit: XAudio2 using 'Headset (Bose AE2 SoundLink Hands-Free)' : 1 channels at 16 kHz using 16 bits per sample (channel mask 0x4)
[2019.04.09-18.42.34:773][753]LogAudio: Error: CreateSubmixVoice (Reverb) error: XAPO Creation Failed
[2019.04.09-18.42.34:922][754]LogInit: XAudio2 using 'Headset (Bose AE2 SoundLink Hands-Free)' : 1 channels at 16 kHz using 16 bits per sample (channel mask 0x4)
[2019.04.09-18.42.35:512][754]LogAudio: Error: CreateSubmixVoice (Reverb) error: XAPO Creation Failed
[2019.04.09-18.48.00:135][908]LogSlate: Window 'Save Content' being destroyed
[2019.04.09-18.48.00:222][908]Cmd: OBJ SAVEPACKAGE PACKAGE="/Game/UMG/MainMenu/GameMode" FILE="../../../../AggressiveCart/UnrealCarSelect/Content/UMG/MainMenu/GameMode.uasset" SILENT=true
[2019.04.09-18.48.00:311][908]LogSavePackage: Moving '../../../../AggressiveCart/UnrealCarSelect/Saved/GameMode166FD9F849E29111989781A0BBFFFA2C.tmp' to '../../../../AggressiveCart/UnrealCarSelect/Content/UMG/MainMenu/GameMode.uasset'
[2019.04.09-18.48.00:318][908]Cmd: OBJ SAVEPACKAGE PACKAGE="/Game/UMG/Play_Button" FILE="../../../../AggressiveCart/UnrealCarSelect/Content/UMG/Play_Button.uasset" SILENT=true
[2019.04.09-18.48.00:357][908]LogSavePackage: Moving '../../../../AggressiveCart/UnrealCarSelect/Saved/Play_ButtonE46343954DB983A863BFE0A8EF702120.tmp' to '../../../../AggressiveCart/UnrealCarSelect/Content/UMG/Play_Button.uasset'
