Log file open, 03/28/19 11:10:01
LogWindows: Failed to load 'aqProf.dll' (GetLastError=126)
LogWindows: File 'aqProf.dll' does not exist
LogWindows: Failed to load 'VSPerf140.dll' (GetLastError=126)
LogWindows: File 'VSPerf140.dll' does not exist
LogWindows: Failed to load 'VtuneApi.dll' (GetLastError=126)
LogWindows: File 'VtuneApi.dll' does not exist
LogWindows: Failed to load 'VtuneApi32e.dll' (GetLastError=126)
LogWindows: File 'VtuneApi32e.dll' does not exist
LogInit: Display: Running engine for game: UnrealCarSelect
LogPlatformFile: Not using cached read wrapper
LogTaskGraph: Started task graph with 5 named threads and 23 total threads with 3 sets of task threads.
LogStats: Stats thread started at 0.278020
LogD3D11RHI: Loaded GFSDK_Aftermath_Lib.x64.dll
LogICUInternationalization: Display: ICU TimeZone Detection - Raw Offset: -5:00, Platform Override: ''
LogPluginManager: Mounting plugin Paper2D
LogPluginManager: Mounting plugin AISupport
LogPluginManager: Mounting plugin LightPropagationVolume
LogPluginManager: Mounting plugin CLionSourceCodeAccess
LogPluginManager: Mounting plugin CodeLiteSourceCodeAccess
LogPluginManager: Mounting plugin GitSourceControl
LogPluginManager: Mounting plugin KDevelopSourceCodeAccess
LogPluginManager: Mounting plugin NullSourceCodeAccess
LogPluginManager: Mounting plugin PerforceSourceControl
LogPluginManager: Mounting plugin SubversionSourceControl
LogPluginManager: Mounting plugin UObjectPlugin
LogPluginManager: Mounting plugin VisualStudioCodeSourceCodeAccess
LogPluginManager: Mounting plugin VisualStudioSourceCodeAccess
LogPluginManager: Mounting plugin XCodeSourceCodeAccess
LogPluginManager: Mounting plugin AssetManagerEditor
LogPluginManager: Mounting plugin CryptoKeys
LogPluginManager: Mounting plugin DataValidation
LogPluginManager: Mounting plugin FacialAnimation
LogPluginManager: Mounting plugin GameplayTagsEditor
LogPluginManager: Mounting plugin MacGraphicsSwitching
LogPluginManager: Mounting plugin MeshEditor
LogPluginManager: Mounting plugin MobileLauncherProfileWizard
LogPluginManager: Mounting plugin PluginBrowser
LogPluginManager: Mounting plugin SpeedTreeImporter
LogPluginManager: Mounting plugin DatasmithContent
LogPluginManager: Mounting plugin AlembicImporter
LogPluginManager: Mounting plugin AppleImageUtils
LogPluginManager: Mounting plugin AppleVision
LogPluginManager: Mounting plugin BackChannel
LogPluginManager: Mounting plugin CharacterAI
LogPluginManager: Mounting plugin GeometryCache
LogPluginManager: Mounting plugin HTML5Networking
LogPluginManager: Mounting plugin ProxyLODPlugin
LogPluginManager: Mounting plugin MagicLeap
LogPluginManager: Mounting plugin MagicLeapEmulator
LogPluginManager: Mounting plugin MagicLeapMedia
LogPluginManager: Mounting plugin AndroidMedia
LogPluginManager: Mounting plugin AvfMedia
LogPluginManager: Mounting plugin ImgMedia
LogPluginManager: Mounting plugin LinearTimecode
LogPluginManager: Mounting plugin MediaCompositing
LogPluginManager: Mounting plugin MediaPlayerEditor
LogPluginManager: Mounting plugin WmfMedia
LogPluginManager: Mounting plugin TcpMessaging
LogPluginManager: Mounting plugin UdpMessaging
LogPluginManager: Mounting plugin ActorSequence
LogPluginManager: Mounting plugin LevelSequenceEditor
LogPluginManager: Mounting plugin MatineeToLevelSequence
LogPluginManager: Mounting plugin NetcodeUnitTest
LogPluginManager: Mounting plugin NUTUnrealEngine4
LogPluginManager: Mounting plugin OnlineSubsystemGooglePlay
LogPluginManager: Mounting plugin OnlineSubsystemIOS
LogPluginManager: Mounting plugin OnlineSubsystem
LogPluginManager: Mounting plugin OnlineSubsystemNull
LogPluginManager: Mounting plugin OnlineSubsystemUtils
LogPluginManager: Mounting plugin LauncherChunkInstaller
LogPluginManager: Mounting plugin AndroidDeviceProfileSelector
LogPluginManager: Mounting plugin AndroidMoviePlayer
LogPluginManager: Mounting plugin AndroidPermission
LogPluginManager: Mounting plugin AppleMoviePlayer
LogPluginManager: Mounting plugin ArchVisCharacter
LogPluginManager: Mounting plugin AudioCapture
LogPluginManager: Mounting plugin CableComponent
LogPluginManager: Mounting plugin CustomMeshComponent
LogPluginManager: Mounting plugin EditableMesh
LogPluginManager: Mounting plugin ExampleDeviceProfileSelector
LogPluginManager: Mounting plugin GoogleCloudMessaging
LogPluginManager: Mounting plugin ImmediatePhysics
LogPluginManager: Mounting plugin IOSDeviceProfileSelector
LogPluginManager: Mounting plugin LinuxDeviceProfileSelector
LogPluginManager: Mounting plugin LocationServicesBPLibrary
LogPluginManager: Mounting plugin MobilePatchingUtils
LogPluginManager: Mounting plugin OculusVR
LogPluginManager: Plugin shader directory ../../../Engine/Plugins/Runtime/Oculus/OculusVR/Shaders found
LogPluginManager: Mapping shader source directory ../../../Engine/Plugins/Runtime/Oculus/OculusVR/Shaders to virtual directory /Plugin/OculusVR
LogPluginManager: Mounting plugin PhysXVehicles
LogPluginManager: Mounting plugin ProceduralMeshComponent
LogPluginManager: Mounting plugin RuntimePhysXCooking
LogPluginManager: Mounting plugin SteamVR
LogPluginManager: Mounting plugin WindowsMoviePlayer
LogStreaming: Display: Took  0.344s to configure plugins.
LogInit: Using libcurl 7.55.1-DEV
LogInit:  - built for x86_64-pc-win32
LogInit:  - supports SSL with OpenSSL/1.0.2h
LogInit:  - supports HTTP deflate (compression) using libz 1.2.8
LogInit:  - other features:
LogInit:      CURL_VERSION_SSL
LogInit:      CURL_VERSION_LIBZ
LogInit:      CURL_VERSION_IPV6
LogInit:      CURL_VERSION_ASYNCHDNS
LogInit:      CURL_VERSION_LARGEFILE
LogInit:      CURL_VERSION_IDN
LogInit:  CurlRequestOptions (configurable via config and command line):
LogInit:  - bVerifyPeer = false  - Libcurl will NOT verify peer certificate
LogInit:  - bUseHttpProxy = false  - Libcurl will NOT use HTTP proxy
LogInit:  - bDontReuseConnections = false  - Libcurl will reuse connections
LogInit:  - CertBundlePath = nullptr  - Libcurl will use whatever was configured at build time.
LogInit:  - MaxHostConnections = 16  - Libcurl will limit the number of connections to a host
LogInit:  - LocalHostAddr = Default
LogInit:  - BufferSize = 65536
LogInit: WinSock: version 1.1 (2.2), MaxSocks=32767, MaxUdp=65467
LogInit: Build: ++UE4+Release-4.20-CL-4369336
LogInit: Engine Version: 4.20.3-4369336+++UE4+Release-4.20
LogInit: Compatible Engine Version: 4.20.0-4212847+++UE4+Release-4.20
LogInit: Net CL: 4212847
LogInit: OS: Windows 10 (), CPU: Intel(R) Core(TM) i7-7700HQ CPU @ 2.80GHz, GPU: Intel(R) HD Graphics 630
LogInit: Compiled (64-bit): Sep 17 2018 12:26:19
LogInit: Compiled with Visual C++: 19.13.26129.00
LogInit: Build Configuration: Development
LogInit: Branch Name: ++UE4+Release-4.20
LogInit: Command Line:  
LogInit: Base Directory: D:/UE_4.20/Engine/Binaries/Win64/
LogInit: Installed Engine Build: 1
LogDevObjectVersion: Number of dev versions registered: 20
LogDevObjectVersion:   Dev-Blueprints (B0D832E4-1F89-4F0D-ACCF-7EB736FD4AA2): 10
LogDevObjectVersion:   Dev-Build (E1C64328-A22C-4D53-A36C-8E866417BD8C): 0
LogDevObjectVersion:   Dev-Core (375EC13C-06E4-48FB-B500-84F0262A717E): 2
LogDevObjectVersion:   Dev-Editor (E4B068ED-F494-42E9-A231-DA0B2E46BB41): 24
LogDevObjectVersion:   Dev-Framework (CFFC743F-43B0-4480-9391-14DF171D2073): 34
LogDevObjectVersion:   Dev-Mobile (B02B49B5-BB20-44E9-A304-32B752E40360): 2
LogDevObjectVersion:   Dev-Networking (A4E4105C-59A1-49B5-A7C5-40C4547EDFEE): 0
LogDevObjectVersion:   Dev-Online (39C831C9-5AE6-47DC-9A44-9C173E1C8E7C): 0
LogDevObjectVersion:   Dev-Physics (78F01B33-EBEA-4F98-B9B4-84EACCB95AA2): 0
LogDevObjectVersion:   Dev-Platform (6631380F-2D4D-43E0-8009-CF276956A95A): 0
LogDevObjectVersion:   Dev-Rendering (12F88B9F-8875-4AFC-A67C-D90C383ABD29): 26
LogDevObjectVersion:   Dev-Sequencer (7B5AE74C-D270-4C10-A958-57980B212A5A): 9
LogDevObjectVersion:   Dev-VR (D7296918-1DD6-4BDD-9DE2-64A83CC13884): 2
LogDevObjectVersion:   Dev-LoadTimes (C2A15278-BFE7-4AFE-6C17-90FF531DF755): 1
LogDevObjectVersion:   Private-Geometry (6EACA3D4-40EC-4CC1-B786-8BED09428FC5): 3
LogDevObjectVersion:   Dev-AnimPhys (29E575DD-E0A3-4627-9D10-D276232CDCEA): 17
LogDevObjectVersion:   Dev-ReflectionCapture (6B266CEC-1EC7-4B8F-A30B-E4D90942FC07): 1
LogDevObjectVersion:   Dev-Automation (0DF73D61-A23F-47EA-B727-89E90C41499A): 1
LogDevObjectVersion:   FortniteMain (601D1886-AC64-4F84-AA16-D3DE0DEAC7D6): 12
LogDevObjectVersion:   Dev-Enterprise (9DFFBCD6-494F-0158-E221-12823C92A888): 1
LogStreaming: Display: Took  0.001s to delete old logs.
LogInit: Presizing for max 8388607 objects, including 0 objects not considered by GC, pre-allocating 0 bytes for permanent pool.
LogInit: Object subsystem initialized
[2019.03.28-15.10.02:153][  0]LogInit: Selected Device Profile: [Windows]
[2019.03.28-15.10.02:153][  0]LogInit: Applying CVar settings loaded from the selected device profile: [Windows]
[2019.03.28-15.10.02:178][  0]LogHAL: Display: Platform has ~ 16 GB [17061834752 / 17179869184 / 16], which maps to Larger [LargestMinGB=32, LargerMinGB=12, DefaultMinGB=8, SmallerMinGB=6, SmallestMinGB=0)
[2019.03.28-15.10.02:178][  0]LogInit: Setting Device Profile CVar: [[r.Vulkan.UseRealUBs:1]]
[2019.03.28-15.10.02:178][  0]LogInit: Going up to parent DeviceProfile []
[2019.03.28-15.10.02:178][  0]LogInit: Computer: MSI
[2019.03.28-15.10.02:178][  0]LogInit: User: Owner
[2019.03.28-15.10.02:178][  0]LogInit: CPU Page size=4096, Cores=4
[2019.03.28-15.10.02:178][  0]LogInit: High frequency timer resolution =10.000000 MHz
[2019.03.28-15.10.02:179][  0]LogMemory: Memory total: Physical=15.9GB (16GB approx)
[2019.03.28-15.10.02:179][  0]LogMemory: Platform Memory Stats for Windows
[2019.03.28-15.10.02:179][  0]LogMemory: Process Physical Memory: 100.52 MB used, 100.52 MB peak
[2019.03.28-15.10.02:179][  0]LogMemory: Process Virtual Memory: 94.88 MB used, 94.88 MB peak
[2019.03.28-15.10.02:179][  0]LogMemory: Physical Memory: 10303.95 MB used,  5967.48 MB free, 16271.43 MB total
[2019.03.28-15.10.02:179][  0]LogMemory: Virtual Memory: 4646.63 MB used,  5967.48 MB free, 134217728.00 MB total
[2019.03.28-15.10.03:041][  0]LogInit: Using OS detected language (en-GB).
[2019.03.28-15.10.03:041][  0]LogInit: Using OS detected locale (en-CA).
[2019.03.28-15.10.03:042][  0]LogTextLocalizationManager: No specific localization for 'en-GB' exists, so the 'en' localization will be used.
[2019.03.28-15.10.03:427][  0]LogStreaming: Display: Took  0.386s to InitEngineTextLocalization.
[2019.03.28-15.10.03:427][  0]LogInit: Setting process to per monitor DPI aware
[2019.03.28-15.10.03:469][  0]LogSlate: New Slate User Created.  User Index 0, Is Virtual User: 0
[2019.03.28-15.10.03:469][  0]LogSlate: Slate User Registered.  User Index 0, Is Virtual User: 0
[2019.03.28-15.10.03:708][  0]LogHMD: Failed to initialize OpenVR with code 110
[2019.03.28-15.10.03:708][  0]LogD3D11RHI: D3D11 adapters:
[2019.03.28-15.10.03:788][  0]LogD3D11RHI:    0. 'NVIDIA GeForce GTX 1050' (Feature Level 11_0)
[2019.03.28-15.10.03:788][  0]LogD3D11RHI:       1979/0/8135 MB DedicatedVideo/DedicatedSystem/SharedSystem, Outputs:1, VendorId:0x10de
[2019.03.28-15.10.03:800][  0]LogD3D11RHI:    1. 'Intel(R) HD Graphics 630' (Feature Level 11_0)
[2019.03.28-15.10.03:800][  0]LogD3D11RHI:       128/0/8135 MB DedicatedVideo/DedicatedSystem/SharedSystem, Outputs:0, VendorId:0x8086
[2019.03.28-15.10.03:802][  0]LogD3D11RHI:    2. 'Microsoft Basic Render Driver' (Feature Level 11_0)
[2019.03.28-15.10.03:802][  0]LogD3D11RHI:       0/0/8135 MB DedicatedVideo/DedicatedSystem/SharedSystem, Outputs:0, VendorId:0x1414
[2019.03.28-15.10.03:802][  0]LogD3D11RHI: Chosen D3D11 Adapter: 0
[2019.03.28-15.10.03:837][  0]LogD3D11RHI: Creating new Direct3DDevice
[2019.03.28-15.10.03:837][  0]LogD3D11RHI:     GPU DeviceId: 0x1c8d (for the marketing name, search the web for "GPU Device Id")
[2019.03.28-15.10.03:837][  0]LogWindows: EnumDisplayDevices:
[2019.03.28-15.10.03:838][  0]LogWindows:    0. 'Intel(R) HD Graphics 630' (P:1 D:1)
[2019.03.28-15.10.03:838][  0]LogWindows:    1. 'Intel(R) HD Graphics 630' (P:0 D:0)
[2019.03.28-15.10.03:838][  0]LogWindows:    2. 'Intel(R) HD Graphics 630' (P:0 D:0)
[2019.03.28-15.10.03:838][  0]LogWindows: DebugString: PrimaryIsNotTheChoosenAdapter PrimaryIsNotTheChoosenAdapter PrimaryIsNotTheChoosenAdapter FoundDriverCount:0 
[2019.03.28-15.10.03:838][  0]LogD3D11RHI:     Adapter Name: NVIDIA GeForce GTX 1050
[2019.03.28-15.10.03:838][  0]LogD3D11RHI:   Driver Version: Unknown (internal:Unknown, unified:Unknown)
[2019.03.28-15.10.03:838][  0]LogD3D11RHI:      Driver Date: Unknown
[2019.03.28-15.10.03:838][  0]LogRHI: Texture pool is 1385 MB (70% of 1979 MB)
[2019.03.28-15.10.03:886][  0]LogD3D11RHI: Async texture creation enabled
[2019.03.28-15.10.03:913][  0]LogD3D11RHI: GPU Timing Frequency: 1000.000000 (Debug: 2 2)
[2019.03.28-15.10.03:915][  0]LogShaderCompilers: Guid format shader working directory is 8 characters bigger than the processId version (../../../../Documents/UnrealCarSelect/Intermediate/Shaders/WorkingDirectory/15244/).
[2019.03.28-15.10.03:915][  0]LogShaderCompilers: Cleaned the shader compiler working directory 'C:/Users/Owner/AppData/Local/Temp/UnrealShaderWorkingDir/693255494B81B281EE10DAA5949D397E/'.
[2019.03.28-15.10.04:280][  0]LogTemp: Display: Loaded TP AllDesktopTargetPlatform
[2019.03.28-15.10.04:293][  0]LogTemp: Display: Loaded TP MacClientTargetPlatform
[2019.03.28-15.10.04:306][  0]LogTemp: Display: Loaded TP MacNoEditorTargetPlatform
[2019.03.28-15.10.04:320][  0]LogTemp: Display: Loaded TP MacServerTargetPlatform
[2019.03.28-15.10.04:333][  0]LogTemp: Display: Loaded TP MacTargetPlatform
[2019.03.28-15.10.04:348][  0]LogTemp: Display: Loaded TP WindowsClientTargetPlatform
[2019.03.28-15.10.04:361][  0]LogTemp: Display: Loaded TP WindowsNoEditorTargetPlatform
[2019.03.28-15.10.04:374][  0]LogTemp: Display: Loaded TP WindowsServerTargetPlatform
[2019.03.28-15.10.04:381][  0]LogTemp: Display: Loaded TP WindowsTargetPlatform
[2019.03.28-15.10.04:467][  0]LogTemp: Display: Loaded TP AndroidTargetPlatform
[2019.03.28-15.10.04:467][  0]LogTemp: Display: Loaded TP AndroidTargetPlatform
[2019.03.28-15.10.04:467][  0]LogTemp: Display: Loaded TP AndroidTargetPlatform
[2019.03.28-15.10.04:467][  0]LogTemp: Display: Loaded TP AndroidTargetPlatform
[2019.03.28-15.10.04:467][  0]LogTemp: Display: Loaded TP AndroidTargetPlatform
[2019.03.28-15.10.04:467][  0]LogTemp: Display: Loaded TP AndroidTargetPlatform
[2019.03.28-15.10.04:467][  0]LogTemp: Display: Loaded TP AndroidTargetPlatform
[2019.03.28-15.10.04:467][  0]LogTemp: Display: Loaded TP AndroidTargetPlatform
[2019.03.28-15.10.04:467][  0]LogTemp: Display: Loaded TP AndroidTargetPlatform
[2019.03.28-15.10.04:467][  0]LogTemp: Display: Loaded TP AndroidTargetPlatform
[2019.03.28-15.10.04:467][  0]LogTemp: Display: Loaded TP AndroidTargetPlatform
[2019.03.28-15.10.04:467][  0]LogTemp: Display: Loaded TP AndroidTargetPlatform
[2019.03.28-15.10.04:467][  0]LogTemp: Display: Loaded TP AndroidTargetPlatform
[2019.03.28-15.10.04:467][  0]LogTemp: Display: Loaded TP AndroidTargetPlatform
[2019.03.28-15.10.04:467][  0]LogTemp: Display: Loaded TP AndroidTargetPlatform
[2019.03.28-15.10.04:467][  0]LogTemp: Display: Loaded TP AndroidTargetPlatform
[2019.03.28-15.10.04:467][  0]LogTemp: Display: Loaded TP AndroidTargetPlatform
[2019.03.28-15.10.04:467][  0]LogTemp: Display: Loaded TP AndroidTargetPlatform
[2019.03.28-15.10.04:469][  0]LogTemp: Display: Loaded TP HTML5TargetPlatform
[2019.03.28-15.10.04:531][  0]LogTemp: Display: Loaded TP IOSTargetPlatform
[2019.03.28-15.10.04:531][  0]LogTemp: Display: Loaded TP IOSTargetPlatform
[2019.03.28-15.10.04:556][  0]LogTemp: Display: Loaded TP TVOSTargetPlatform
[2019.03.28-15.10.04:556][  0]LogTemp: Display: Loaded TP TVOSTargetPlatform
[2019.03.28-15.10.04:571][  0]LogTemp: Display: Loaded TP LinuxClientTargetPlatform
[2019.03.28-15.10.04:584][  0]LogTemp: Display: Loaded TP LinuxNoEditorTargetPlatform
[2019.03.28-15.10.04:598][  0]LogTemp: Display: Loaded TP LinuxServerTargetPlatform
[2019.03.28-15.10.04:610][  0]LogTemp: Display: Loaded TP LinuxTargetPlatform
[2019.03.28-15.10.04:620][  0]LogTemp: Display: Loaded TP LuminTargetPlatform
[2019.03.28-15.10.04:620][  0]LogTargetPlatformManager: Display: Building Assets For Windows
[2019.03.28-15.10.04:670][  0]LogXGEController: Cannot use XGE Controller as Incredibuild is not installed on this machine.
[2019.03.28-15.10.04:671][  0]LogShaderCompilers: Cannot use XGE Shader Compiler as Incredibuild is not installed on this machine.
[2019.03.28-15.10.04:671][  0]LogShaderCompilers: Display: Using Local Shader Compiler.
[2019.03.28-15.10.05:450][  0]LogDerivedDataCache: Display: Max Cache Size: 512 MB
[2019.03.28-15.10.05:526][  0]LogDerivedDataCache: Loaded boot cache 0.08s 71MB C:/Users/Owner/AppData/Local/UnrealEngine/4.20/DerivedDataCache/Boot.ddc.
[2019.03.28-15.10.05:526][  0]LogDerivedDataCache: Display: Loaded Boot cache: C:/Users/Owner/AppData/Local/UnrealEngine/4.20/DerivedDataCache/Boot.ddc
[2019.03.28-15.10.05:526][  0]LogDerivedDataCache: FDerivedDataBackendGraph:  Pak pak cache file ../../../../Documents/UnrealCarSelect/DerivedDataCache/DDC.ddp not found, will not use a pak cache.
[2019.03.28-15.10.05:526][  0]LogDerivedDataCache: Unable to find inner node Pak for hierarchical cache Hierarchy.
[2019.03.28-15.10.05:526][  0]LogDerivedDataCache: FDerivedDataBackendGraph:  CompressedPak pak cache file ../../../../Documents/UnrealCarSelect/DerivedDataCache/Compressed.ddp not found, will not use a pak cache.
[2019.03.28-15.10.05:526][  0]LogDerivedDataCache: Unable to find inner node CompressedPak for hierarchical cache Hierarchy.
[2019.03.28-15.10.05:543][  0]LogDerivedDataCache: Display: Pak cache opened for reading ../../../Engine/DerivedDataCache/Compressed.ddp.
[2019.03.28-15.10.05:555][  0]LogDerivedDataCache: Using Local data cache path C:/Users/Owner/AppData/Local/UnrealEngine/Common/DerivedDataCache: Writable
[2019.03.28-15.10.05:555][  0]LogDerivedDataCache: Shared data cache path not found in *engine.ini, will not use an Shared cache.
[2019.03.28-15.10.05:555][  0]LogDerivedDataCache: Unable to find inner node Shared for hierarchical cache Hierarchy.
[2019.03.28-15.10.05:577][  0]LogMaterial: Verifying Global Shaders for PCD3D_SM5
[2019.03.28-15.10.05:578][  0]LogSlate: Using FreeType 2.6.0
[2019.03.28-15.10.05:579][  0]LogSlate: SlateFontServices - WITH_FREETYPE: 1, WITH_HARFBUZZ: 1
[2019.03.28-15.10.05:654][  0]LogAssetRegistry: FAssetRegistry took 0.0261 seconds to start up
[2019.03.28-15.10.05:984][  0]LogInit: Selected Device Profile: [Windows]
[2019.03.28-15.10.06:120][  0]LogSimplygon: Simplygon DLL not present - disabling.
[2019.03.28-15.10.06:122][  0]LogMeshReduction: Using SimplygonSwarm for distributed automatic mesh merging
[2019.03.28-15.10.06:122][  0]LogMeshReduction: Using ProxyLODMeshReduction for automatic mesh merging
[2019.03.28-15.10.06:123][  0]LogMeshReduction: Using QuadricMeshReduction for automatic static mesh reduction
[2019.03.28-15.10.06:123][  0]LogMeshReduction: No automatic skeletal mesh reduction module available
[2019.03.28-15.10.06:147][  0]LogNetVersion: UnrealCarSelect 1.0.0, NetCL: 4212847, EngineNetVer: 5, GameNetVer: 0 (Checksum: 1018169339)
[2019.03.28-15.10.06:854][  0]LogPackageLocalizationCache: Processed 11 localized package path(s) for 2 prioritized culture(s) in 0.187993 seconds
[2019.03.28-15.10.06:860][  0]LogUObjectArray: 38425 objects as part of root set at end of initial load.
[2019.03.28-15.10.06:860][  0]LogUObjectAllocator: 6690864 out of 0 bytes used by permanent object pool.
[2019.03.28-15.10.06:860][  0]LogUObjectArray: CloseDisregardForGC: 0/0 objects in disregard for GC pool
[2019.03.28-15.10.07:744][  0]LogTcpMessaging: Initializing TcpMessaging bridge
[2019.03.28-15.10.07:757][  0]LogUdpMessaging: Initializing bridge on interface 0.0.0.0:0 to multicast group 230.0.0.1:6666.
[2019.03.28-15.10.07:907][  0]SourceControl: Source control is disabled
[2019.03.28-15.10.07:907][  0]SourceControl: Source control is disabled
[2019.03.28-15.10.07:908][  0]SourceControl: Source control is disabled
[2019.03.28-15.10.07:910][  0]SourceControl: Source control is disabled
[2019.03.28-15.10.08:070][  0]LogAndroidPermission: UAndroidPermissionCallbackProxy::GetInstance
[2019.03.28-15.10.08:349][  0]LogOcInput: OculusInput pre-init called
[2019.03.28-15.10.08:409][  0]LogEngine: Initializing Engine...
[2019.03.28-15.10.08:410][  0]LogHMD: Failed to initialize OpenVR with code 110
[2019.03.28-15.10.08:411][  0]LogStats: UGameplayTagsManager::ConstructGameplayTagTree: ImportINI prefixes -  0.000 s
[2019.03.28-15.10.08:411][  0]LogStats: UGameplayTagsManager::ConstructGameplayTagTree: Construct from data asset -  0.000 s
[2019.03.28-15.10.08:411][  0]LogStats: UGameplayTagsManager::ConstructGameplayTagTree: ImportINI -  0.000 s
[2019.03.28-15.10.08:411][  0]LogStats: UGameplayTagsManager::ConstructGameplayTagTree: GameplayTagTreeChangedEvent.Broadcast -  0.000 s
[2019.03.28-15.10.08:663][  0]LogInit: Initializing FReadOnlyCVARCache
[2019.03.28-15.10.08:673][  0]LogAIModule: Creating AISystem for world Untitled
[2019.03.28-15.10.08:737][  0]LogInit: XAudio2 using 'Headphones (Bose AE2 SoundLink Stereo)' : 2 channels at 44.1 kHz using 16 bits per sample (channel mask 0x3)
[2019.03.28-15.10.08:772][  0]LogInit: FAudioDevice initialized.
[2019.03.28-15.10.08:772][  0]LogNetVersion: Set ProjectVersion to 1.0.0.0. Version Checksum will be recalculated on next use.
[2019.03.28-15.10.08:827][  0]LogDerivedDataCache: Saved boot cache 0.06s 71MB C:/Users/Owner/AppData/Local/UnrealEngine/4.20/DerivedDataCache/Boot.ddc.
[2019.03.28-15.10.08:836][  0]LogInit: Texture streaming: Enabled
[2019.03.28-15.10.08:851][  0]LogEngineSessionManager: EngineSessionManager initialized
[2019.03.28-15.10.08:865][  0]LogInit: Transaction tracking system initialized
[2019.03.28-15.10.08:881][  0]BlueprintLog: New page: Editor Load
[2019.03.28-15.10.08:946][  0]LocalizationService: Localization service is disabled
[2019.03.28-15.10.09:218][  0]LogCook: Display: Max memory allowance for cook 16384mb min free memory 0mb
[2019.03.28-15.10.09:218][  0]LogCook: Display: Mobile HDR setting 1
[2019.03.28-15.10.09:218][  0]LogGameplayTags: Display: UGameplayTagsManager::DoneAddingNativeTags. DelegateIsBound: 0
[2019.03.28-15.10.09:218][  0]LogStats: UGameplayTagsManager::ConstructGameplayTagTree: ImportINI prefixes -  0.000 s
[2019.03.28-15.10.09:218][  0]LogStats: UGameplayTagsManager::ConstructGameplayTagTree: Construct from data asset -  0.000 s
[2019.03.28-15.10.09:218][  0]LogStats: UGameplayTagsManager::ConstructGameplayTagTree: ImportINI -  0.000 s
[2019.03.28-15.10.09:218][  0]LogStats: UGameplayTagsManager::ConstructGameplayTagTree: GameplayTagTreeChangedEvent.Broadcast -  0.000 s
[2019.03.28-15.10.09:329][  0]LogFileCache: Scanning file cache for directory 'D:/Documents/UnrealCarSelect/Content/' took 0.02s
[2019.03.28-15.10.09:329][  0]SourceControl: Source control is disabled
[2019.03.28-15.10.09:329][  0]Cmd: MAP LOAD FILE="../../../../Documents/UnrealCarSelect/Content/StarterContent/Maps/Minimal_Default.umap" TEMPLATE=0 SHOWPROGRESS=1 FEATURELEVEL=3
[2019.03.28-15.10.09:355][  0]LightingResults: New page: Lighting Build
[2019.03.28-15.10.09:356][  0]MapCheck: New page: Map Check
[2019.03.28-15.10.09:356][  0]LightingResults: New page: Lighting Build
[2019.03.28-15.10.12:435][  0]LogAIModule: Creating AISystem for world Minimal_Default
[2019.03.28-15.10.12:692][  0]LogEditorServer: Finished looking for orphan Actors (0.000 secs)
[2019.03.28-15.10.12:717][  0]Cmd: MAP CHECKDEP NOCLEARLOG
[2019.03.28-15.10.12:772][  0]MapCheck: Map check complete: 0 Error(s), 0 Warning(s), took 54.508ms to complete.
[2019.03.28-15.10.12:772][  0]LogFileHelpers: Loading map 'Minimal_Default' took 3.443
[2019.03.28-15.10.12:881][  0]LogSlate: Updating window title bar state: overlay mode, drag disabled, window buttons hidden, title bar hidden
[2019.03.28-15.10.12:889][  0]LogSlate: Updating window title bar state: overlay mode, drag disabled, window buttons hidden, title bar hidden
[2019.03.28-15.10.12:896][  0]LogSlate: Updating window title bar state: overlay mode, drag disabled, window buttons hidden, title bar hidden
[2019.03.28-15.10.12:904][  0]LogSlate: Updating window title bar state: overlay mode, drag disabled, window buttons hidden, title bar hidden
[2019.03.28-15.10.12:909][  0]LogCollectionManager: Loaded 0 collections in 0.000971 seconds
[2019.03.28-15.10.12:950][  0]LogFileCache: Scanning file cache for directory 'D:/Documents/UnrealCarSelect/Saved/Collections/' took 0.01s
[2019.03.28-15.10.12:950][  0]LogFileCache: Scanning file cache for directory 'D:/Documents/UnrealCarSelect/Content/Developers/Owner/Collections/' took 0.01s
[2019.03.28-15.10.12:950][  0]LogFileCache: Scanning file cache for directory 'D:/Documents/UnrealCarSelect/Content/Collections/' took 0.01s
[2019.03.28-15.10.12:950][  0]LogCollectionManager: Rebuilt the GUID cache for 0 collections in 0.000000 seconds
[2019.03.28-15.10.12:961][  0]LogContentBrowser: Native class hierarchy populated in 0.0114 seconds. Added 2572 classes and 603 folders.
[2019.03.28-15.10.12:966][  0]LogContentBrowser: Native class hierarchy updated for 'WidgetCarousel' in 0.0002 seconds. Added 0 classes and 0 folders.
[2019.03.28-15.10.13:012][  0]LogContentBrowser: Native class hierarchy updated for 'AddContentDialog' in 0.0002 seconds. Added 0 classes and 0 folders.
[2019.03.28-15.10.13:018][  0]LogContentBrowser: Native class hierarchy updated for 'SceneOutliner' in 0.0004 seconds. Added 1 classes and 2 folders.
[2019.03.28-15.10.13:115][  0]LogSlate: Took 0.000254 seconds to synchronously load lazily loaded font '../../../Engine/Content/Slate/Fonts/Roboto-Regular.ttf' (155K)
[2019.03.28-15.10.13:119][  0]LogSlate: Took 0.000241 seconds to synchronously load lazily loaded font '../../../Engine/Content/Slate/Fonts/Roboto-Bold.ttf' (160K)
[2019.03.28-15.10.13:128][  0]LogSlate: Took 0.000247 seconds to synchronously load lazily loaded font '../../../Engine/Content/Editor/Slate/Fonts/FontAwesome.ttf' (139K)
[2019.03.28-15.10.13:228][  0]LogRenderer: Reallocating scene render targets to support 964x460 Format 10 NumSamples 1 (Frame:1).
[2019.03.28-15.10.13:418][  0]LogContentBrowser: Native class hierarchy updated for 'HierarchicalLODOutliner' in 0.0006 seconds. Added 0 classes and 0 folders.
[2019.03.28-15.10.13:418][  0]LogLoad: (Engine Initialization) Total time: 13.73 seconds
[2019.03.28-15.10.13:418][  0]LogLoad: (Engine Initialization) Total Blueprint compile time: 0.00 seconds
[2019.03.28-15.10.13:458][  0]LogContentStreaming: Texture pool size now 1000 MB
[2019.03.28-15.10.13:492][  0]LogSlate: Took 0.000225 seconds to synchronously load lazily loaded font '../../../Engine/Content/Slate/Fonts/Roboto-Light.ttf' (167K)
[2019.03.28-15.10.13:514][  1]LogAssetRegistry: Asset discovery search completed in 7.8818 seconds
[2019.03.28-15.10.13:516][  1]LogCollectionManager: Rebuilt the object cache for 0 collections in 0.000000 seconds (found 0 objects)
[2019.03.28-15.10.13:516][  1]LogCollectionManager: Fixed up redirectors for 0 collections in 0.000075 seconds (updated 0 objects)
[2019.03.28-15.10.14:462][ 48]LogSlate: Took 0.000170 seconds to synchronously load lazily loaded font '../../../Engine/Content/Slate/Fonts/Roboto-Light.ttf' (167K)
[2019.03.28-15.10.54:473][448]LogSlate: FSceneViewport::OnFocusLost() reason 0
[2019.03.28-15.10.58:306][678]LogTemp: Repeating last play command: Selected Viewport
[2019.03.28-15.10.58:319][678]LogBlueprintUserMessages: Early PlayInEditor Detection: Level '/Game/StarterContent/Maps/Minimal_Default.Minimal_Default:PersistentLevel' has LevelScriptBlueprint '/Game/StarterContent/Maps/Minimal_Default.Minimal_Default:PersistentLevel.Minimal_Default' with GeneratedClass '/Game/StarterContent/Maps/Minimal_Default.Minimal_Default_C' with ClassGeneratedBy '/Game/StarterContent/Maps/Minimal_Default.Minimal_Default:PersistentLevel.Minimal_Default'
[2019.03.28-15.10.58:319][678]LogPlayLevel: PlayLevel: No blueprints needed recompiling
[2019.03.28-15.10.58:332][678]PIE: New page: PIE session: Minimal_Default (Mar 28, 2019, 7:10:58 AM)
[2019.03.28-15.10.58:332][678]LogPlayLevel: Creating play world package: /Game/StarterContent/Maps/UEDPIE_0_Minimal_Default
[2019.03.28-15.10.58:338][678]LogPlayLevel: PIE: StaticDuplicateObject took: (0.006138s)
[2019.03.28-15.10.58:338][678]LogAIModule: Creating AISystem for world Minimal_Default
[2019.03.28-15.10.58:339][678]LogPlayLevel: PIE: World Init took: (0.001147s)
[2019.03.28-15.10.58:339][678]LogPlayLevel: PIE: Created PIE world by copying editor world from /Game/StarterContent/Maps/Minimal_Default.Minimal_Default to /Game/StarterContent/Maps/UEDPIE_0_Minimal_Default.Minimal_Default (0.007590s)
[2019.03.28-15.10.58:411][678]LogInit: XAudio2 using 'Headphones (Bose AE2 SoundLink Stereo)' : 2 channels at 44.1 kHz using 16 bits per sample (channel mask 0x3)
[2019.03.28-15.10.58:432][678]LogInit: FAudioDevice initialized.
[2019.03.28-15.10.58:478][678]LogLoad: Game class is 'NewGMCharSelect_C'
[2019.03.28-15.10.58:481][678]LogWorld: Bringing World /Game/StarterContent/Maps/UEDPIE_0_Minimal_Default.Minimal_Default up for play (max tick rate 60) at 2019.03.28-11.10.58
[2019.03.28-15.10.58:482][678]LogWorld: Bringing up level for play took: 0.002577
[2019.03.28-15.10.58:498][678]LogContentBrowser: Native class hierarchy updated for 'MovieSceneCapture' in 0.0002 seconds. Added 10 classes and 0 folders.
[2019.03.28-15.10.58:523][678]PIE: Play in editor start time for /Game/StarterContent/Maps/UEDPIE_0_Minimal_Default 1.127
[2019.03.28-15.10.58:524][678]LogBlueprintUserMessages: Late PlayInEditor Detection: Level '/Game/StarterContent/Maps/Minimal_Default.Minimal_Default:PersistentLevel' has LevelScriptBlueprint '/Game/StarterContent/Maps/Minimal_Default.Minimal_Default:PersistentLevel.Minimal_Default' with GeneratedClass '/Game/StarterContent/Maps/Minimal_Default.Minimal_Default_C' with ClassGeneratedBy '/Game/StarterContent/Maps/Minimal_Default.Minimal_Default:PersistentLevel.Minimal_Default'
[2019.03.28-15.11.00:982][804]LogAIModule: Creating AISystem for world MainMenuMap
[2019.03.28-15.11.00:983][804]LogAssetEditorManager: Opening Asset editor for World /Game/Maps/MainMenuMap.MainMenuMap
[2019.03.28-15.11.03:861][804]LogSlate: Window 'Message' being destroyed
[2019.03.28-15.11.04:883][864]LogBlueprintUserMessages: Early EndPlayMap Detection: Level '/Game/StarterContent/Maps/Minimal_Default.Minimal_Default:PersistentLevel' has LevelScriptBlueprint '/Game/StarterContent/Maps/Minimal_Default.Minimal_Default:PersistentLevel.Minimal_Default' with GeneratedClass '/Game/StarterContent/Maps/Minimal_Default.Minimal_Default_C' with ClassGeneratedBy '/Game/StarterContent/Maps/Minimal_Default.Minimal_Default:PersistentLevel.Minimal_Default'
[2019.03.28-15.11.04:884][864]LogSlate: Updating window title bar state: overlay mode, drag disabled, window buttons hidden, title bar hidden
[2019.03.28-15.11.04:934][864]LogPlayLevel: Display: Shutting down PIE online subsystems
[2019.03.28-15.11.04:934][864]LogBlueprintUserMessages: Late EndPlayMap Detection: Level '/Game/StarterContent/Maps/Minimal_Default.Minimal_Default:PersistentLevel' has LevelScriptBlueprint '/Game/StarterContent/Maps/Minimal_Default.Minimal_Default:PersistentLevel.Minimal_Default' with GeneratedClass '/Game/StarterContent/Maps/Minimal_Default.Minimal_Default_C' with ClassGeneratedBy '/Game/StarterContent/Maps/Minimal_Default.Minimal_Default:PersistentLevel.Minimal_Default'
[2019.03.28-15.11.04:971][864]LogSlate: Updating window title bar state: overlay mode, drag disabled, window buttons hidden, title bar hidden
[2019.03.28-15.11.05:000][865]LogPlayLevel: Display: Destroying online subsystem :Context_1
[2019.03.28-15.11.05:644][902]LogAssetEditorManager: Opening Asset editor for World /Game/Maps/MainMenuMap.MainMenuMap
[2019.03.28-15.11.05:668][902]Cmd: MAP LOAD FILE="../../../../Documents/UnrealCarSelect/Content/Maps/MainMenuMap.umap" TEMPLATE=0 SHOWPROGRESS=1 FEATURELEVEL=3
[2019.03.28-15.11.05:668][902]LightingResults: New page: Lighting Build
[2019.03.28-15.11.05:669][902]LoadErrors: New page: Loading map: MainMenuMap.umap
[2019.03.28-15.11.05:669][902]MapCheck: New page: Map Check
[2019.03.28-15.11.05:669][902]LightingResults: New page: Lighting Build
[2019.03.28-15.11.05:769][902]LogEditorServer: Finished looking for orphan Actors (0.000 secs)
[2019.03.28-15.11.05:813][902]Cmd: MAP CHECKDEP NOCLEARLOG
[2019.03.28-15.11.05:870][902]MapCheck: Map check complete: 0 Error(s), 0 Warning(s), took 56.005ms to complete.
[2019.03.28-15.11.05:871][902]LogFileHelpers: Loading map 'MainMenuMap' took 0.203
[2019.03.28-15.11.06:927][963]LogTemp: Repeating last play command: Selected Viewport
[2019.03.28-15.11.06:938][963]LogBlueprintUserMessages: Early PlayInEditor Detection: Level '/Game/Maps/MainMenuMap.MainMenuMap:PersistentLevel' has LevelScriptBlueprint '/Game/Maps/MainMenuMap.MainMenuMap:PersistentLevel.MainMenuMap' with GeneratedClass '/Game/Maps/MainMenuMap.MainMenuMap_C' with ClassGeneratedBy '/Game/Maps/MainMenuMap.MainMenuMap:PersistentLevel.MainMenuMap'
[2019.03.28-15.11.06:938][963]LogPlayLevel: PlayLevel: No blueprints needed recompiling
[2019.03.28-15.11.06:938][963]PIE: New page: PIE session: MainMenuMap (Mar 28, 2019, 7:11:06 AM)
[2019.03.28-15.11.06:938][963]LogPlayLevel: Creating play world package: /Game/Maps/UEDPIE_0_MainMenuMap
[2019.03.28-15.11.06:940][963]LogPlayLevel: PIE: StaticDuplicateObject took: (0.001656s)
[2019.03.28-15.11.06:940][963]LogAIModule: Creating AISystem for world MainMenuMap
[2019.03.28-15.11.06:940][963]LogPlayLevel: PIE: World Init took: (0.000590s)
[2019.03.28-15.11.06:940][963]LogPlayLevel: PIE: Created PIE world by copying editor world from /Game/Maps/MainMenuMap.MainMenuMap to /Game/Maps/UEDPIE_0_MainMenuMap.MainMenuMap (0.002420s)
[2019.03.28-15.11.07:011][963]LogInit: XAudio2 using 'Headphones (Bose AE2 SoundLink Stereo)' : 2 channels at 44.1 kHz using 16 bits per sample (channel mask 0x3)
[2019.03.28-15.11.07:032][963]LogInit: FAudioDevice initialized.
[2019.03.28-15.11.07:064][963]LogLoad: Game class is 'GameModeBase'
[2019.03.28-15.11.07:065][963]LogWorld: Bringing World /Game/Maps/UEDPIE_0_MainMenuMap.MainMenuMap up for play (max tick rate 60) at 2019.03.28-11.11.07
[2019.03.28-15.11.07:065][963]LogWorld: Bringing up level for play took: 0.000424
[2019.03.28-15.11.07:078][963]PIE: Play in editor start time for /Game/Maps/UEDPIE_0_MainMenuMap -0.318
[2019.03.28-15.11.07:079][963]LogBlueprintUserMessages: Late PlayInEditor Detection: Level '/Game/Maps/MainMenuMap.MainMenuMap:PersistentLevel' has LevelScriptBlueprint '/Game/Maps/MainMenuMap.MainMenuMap:PersistentLevel.MainMenuMap' with GeneratedClass '/Game/Maps/MainMenuMap.MainMenuMap_C' with ClassGeneratedBy '/Game/Maps/MainMenuMap.MainMenuMap:PersistentLevel.MainMenuMap'
[2019.03.28-15.11.12:645][296]LogSlate: FSceneViewport::OnFocusLost() reason 0
[2019.03.28-15.11.12:745][302]LogNet: Browse: /Game/Maps/CharacterSelectMap
[2019.03.28-15.11.12:746][302]LogLoad: LoadMap: /Game/Maps/CharacterSelectMap
[2019.03.28-15.11.14:924][302]LogAIModule: Creating AISystem for world CharacterSelectMap
[2019.03.28-15.11.14:925][302]LogLoad: Game class is 'NewGMCharSelect_C'
[2019.03.28-15.11.14:962][302]LogWorld: Bringing World /Game/Maps/UEDPIE_0_CharacterSelectMap.CharacterSelectMap up for play (max tick rate 60) at 2019.03.28-11.11.14
[2019.03.28-15.11.14:963][302]LogWorld: Bringing up level for play took: 0.036446
[2019.03.28-15.11.15:035][302]LogLoad: Took 2.289564 seconds to LoadMap(/Game/Maps/CharacterSelectMap)
[2019.03.28-15.11.17:096][410]LogSlate: FSceneViewport::OnFocusLost() reason 0
[2019.03.28-15.12.36:770][172]LogAssetEditorManager: Opening Asset editor for WidgetBlueprint /Game/UMG/CharacterSelect/CharSelect.CharSelect
[2019.03.28-15.12.37:239][172]LogContentBrowser: Native class hierarchy updated for 'BlueprintGraph' in 0.0007 seconds. Added 116 classes and 0 folders.
[2019.03.28-15.12.38:106][172]LogAssetEditorManager: Opening Asset editor for Blueprint /Game/Blueprints/Items/ItemMain.ItemMain
[2019.03.28-15.12.40:543][263]LogSlate: Took 0.000265 seconds to synchronously load lazily loaded font '../../../Engine/Content/Slate/Fonts/Roboto-Italic.ttf' (157K)
[2019.03.28-15.12.41:240][303]LogSlate: Took 0.000228 seconds to synchronously load lazily loaded font '../../../Engine/Content/Slate/Fonts/Roboto-BoldCondensed.ttf' (158K)
[2019.03.28-15.12.44:339][425]LogSlate: Window 'ItemMain' being destroyed
[2019.03.28-15.12.45:925][520]LogBlueprintUserMessages: Early EndPlayMap Detection: Level '/Game/Maps/MainMenuMap.MainMenuMap:PersistentLevel' has LevelScriptBlueprint '/Game/Maps/MainMenuMap.MainMenuMap:PersistentLevel.MainMenuMap' with GeneratedClass '/Game/Maps/MainMenuMap.MainMenuMap_C' with ClassGeneratedBy '/Game/Maps/MainMenuMap.MainMenuMap:PersistentLevel.MainMenuMap'
[2019.03.28-15.12.45:925][520]LogSlate: Updating window title bar state: overlay mode, drag disabled, window buttons hidden, title bar hidden
[2019.03.28-15.12.45:966][520]LogPlayLevel: Display: Shutting down PIE online subsystems
[2019.03.28-15.12.45:966][520]LogBlueprintUserMessages: Late EndPlayMap Detection: Level '/Game/Maps/MainMenuMap.MainMenuMap:PersistentLevel' has LevelScriptBlueprint '/Game/Maps/MainMenuMap.MainMenuMap:PersistentLevel.MainMenuMap' with GeneratedClass '/Game/Maps/MainMenuMap.MainMenuMap_C' with ClassGeneratedBy '/Game/Maps/MainMenuMap.MainMenuMap:PersistentLevel.MainMenuMap'
[2019.03.28-15.12.46:000][520]LogSlate: Updating window title bar state: overlay mode, drag disabled, window buttons hidden, title bar hidden
[2019.03.28-15.12.46:026][521]LogPlayLevel: Display: Destroying online subsystem :Context_2
[2019.03.28-15.12.50:643][798]LogSlate: FSceneViewport::OnFocusLost() reason 0
[2019.03.28-15.12.50:760][805]LogTemp: Repeating last play command: Selected Viewport
[2019.03.28-15.12.50:777][805]LogBlueprintUserMessages: Early PlayInEditor Detection: Level '/Game/Maps/MainMenuMap.MainMenuMap:PersistentLevel' has LevelScriptBlueprint '/Game/Maps/MainMenuMap.MainMenuMap:PersistentLevel.MainMenuMap' with GeneratedClass '/Game/Maps/MainMenuMap.MainMenuMap_C' with ClassGeneratedBy '/Game/Maps/MainMenuMap.MainMenuMap:PersistentLevel.MainMenuMap'
[2019.03.28-15.12.50:777][805]LogPlayLevel: PlayLevel: No blueprints needed recompiling
[2019.03.28-15.12.50:777][805]PIE: New page: PIE session: MainMenuMap (Mar 28, 2019, 7:12:50 AM)
[2019.03.28-15.12.50:777][805]LogPlayLevel: Creating play world package: /Game/Maps/UEDPIE_0_MainMenuMap
[2019.03.28-15.12.50:779][805]LogPlayLevel: PIE: StaticDuplicateObject took: (0.002056s)
[2019.03.28-15.12.50:780][805]LogAIModule: Creating AISystem for world MainMenuMap
[2019.03.28-15.12.50:780][805]LogPlayLevel: PIE: World Init took: (0.000676s)
[2019.03.28-15.12.50:780][805]LogPlayLevel: PIE: Created PIE world by copying editor world from /Game/Maps/MainMenuMap.MainMenuMap to /Game/Maps/UEDPIE_0_MainMenuMap.MainMenuMap (0.002909s)
[2019.03.28-15.12.50:860][805]LogInit: XAudio2 using 'Headphones (Bose AE2 SoundLink Stereo)' : 2 channels at 44.1 kHz using 16 bits per sample (channel mask 0x3)
[2019.03.28-15.12.50:880][805]LogInit: FAudioDevice initialized.
[2019.03.28-15.12.50:912][805]LogLoad: Game class is 'GameModeBase'
[2019.03.28-15.12.50:913][805]LogWorld: Bringing World /Game/Maps/UEDPIE_0_MainMenuMap.MainMenuMap up for play (max tick rate 60) at 2019.03.28-11.12.50
[2019.03.28-15.12.50:914][805]LogWorld: Bringing up level for play took: 0.000518
[2019.03.28-15.12.50:928][805]PIE: Play in editor start time for /Game/Maps/UEDPIE_0_MainMenuMap -0.469
[2019.03.28-15.12.50:928][805]LogBlueprintUserMessages: Late PlayInEditor Detection: Level '/Game/Maps/MainMenuMap.MainMenuMap:PersistentLevel' has LevelScriptBlueprint '/Game/Maps/MainMenuMap.MainMenuMap:PersistentLevel.MainMenuMap' with GeneratedClass '/Game/Maps/MainMenuMap.MainMenuMap_C' with ClassGeneratedBy '/Game/Maps/MainMenuMap.MainMenuMap:PersistentLevel.MainMenuMap'
[2019.03.28-15.13.08:741][872]LogNet: Browse: /Game/Maps/CharacterSelectMap
[2019.03.28-15.13.08:741][872]LogLoad: LoadMap: /Game/Maps/CharacterSelectMap
[2019.03.28-15.13.08:873][872]LogAIModule: Creating AISystem for world CharacterSelectMap
[2019.03.28-15.13.08:873][872]LogLoad: Game class is 'NewGMCharSelect_C'
[2019.03.28-15.13.08:880][872]LogWorld: Bringing World /Game/Maps/UEDPIE_0_CharacterSelectMap.CharacterSelectMap up for play (max tick rate 60) at 2019.03.28-11.13.08
[2019.03.28-15.13.08:880][872]LogWorld: Bringing up level for play took: 0.006280
[2019.03.28-15.13.08:883][872]LogLoad: Took 0.142226 seconds to LoadMap(/Game/Maps/CharacterSelectMap)
[2019.03.28-15.13.19:539][511]LogBlueprintUserMessages: Early EndPlayMap Detection: Level '/Game/Maps/MainMenuMap.MainMenuMap:PersistentLevel' has LevelScriptBlueprint '/Game/Maps/MainMenuMap.MainMenuMap:PersistentLevel.MainMenuMap' with GeneratedClass '/Game/Maps/MainMenuMap.MainMenuMap_C' with ClassGeneratedBy '/Game/Maps/MainMenuMap.MainMenuMap:PersistentLevel.MainMenuMap'
[2019.03.28-15.13.19:540][511]LogSlate: Updating window title bar state: overlay mode, drag disabled, window buttons hidden, title bar hidden
[2019.03.28-15.13.19:572][511]LogPlayLevel: Display: Shutting down PIE online subsystems
[2019.03.28-15.13.19:573][511]LogBlueprintUserMessages: Late EndPlayMap Detection: Level '/Game/Maps/MainMenuMap.MainMenuMap:PersistentLevel' has LevelScriptBlueprint '/Game/Maps/MainMenuMap.MainMenuMap:PersistentLevel.MainMenuMap' with GeneratedClass '/Game/Maps/MainMenuMap.MainMenuMap_C' with ClassGeneratedBy '/Game/Maps/MainMenuMap.MainMenuMap:PersistentLevel.MainMenuMap'
[2019.03.28-15.13.19:606][511]LogSlate: Updating window title bar state: overlay mode, drag disabled, window buttons hidden, title bar hidden
[2019.03.28-15.13.19:652][514]LogPlayLevel: Display: Destroying online subsystem :Context_6
[2019.03.28-15.58.03:434][387]LogTemp: Repeating last play command: Selected Viewport
[2019.03.28-15.58.03:474][387]LogBlueprintUserMessages: Early PlayInEditor Detection: Level '/Game/Maps/MainMenuMap.MainMenuMap:PersistentLevel' has LevelScriptBlueprint '/Game/Maps/MainMenuMap.MainMenuMap:PersistentLevel.MainMenuMap' with GeneratedClass '/Game/Maps/MainMenuMap.MainMenuMap_C' with ClassGeneratedBy '/Game/Maps/MainMenuMap.MainMenuMap:PersistentLevel.MainMenuMap'
[2019.03.28-15.58.03:474][387]LogPlayLevel: PlayLevel: No blueprints needed recompiling
[2019.03.28-15.58.03:474][387]PIE: New page: PIE session: MainMenuMap (Mar 28, 2019, 7:58:03 AM)
[2019.03.28-15.58.03:475][387]LogPlayLevel: Creating play world package: /Game/Maps/UEDPIE_0_MainMenuMap
[2019.03.28-15.58.03:478][387]LogPlayLevel: PIE: StaticDuplicateObject took: (0.003111s)
[2019.03.28-15.58.03:479][387]LogAIModule: Creating AISystem for world MainMenuMap
[2019.03.28-15.58.03:479][387]LogPlayLevel: PIE: World Init took: (0.001558s)
[2019.03.28-15.58.03:480][387]LogPlayLevel: PIE: Created PIE world by copying editor world from /Game/Maps/MainMenuMap.MainMenuMap to /Game/Maps/UEDPIE_0_MainMenuMap.MainMenuMap (0.004971s)
[2019.03.28-15.58.03:585][387]LogInit: XAudio2 using 'Headphones (Bose AE2 SoundLink Stereo)' : 2 channels at 44.1 kHz using 16 bits per sample (channel mask 0x3)
[2019.03.28-15.58.03:609][387]LogInit: FAudioDevice initialized.
[2019.03.28-15.58.03:643][387]LogLoad: Game class is 'GameModeBase'
[2019.03.28-15.58.03:645][387]LogWorld: Bringing World /Game/Maps/UEDPIE_0_MainMenuMap.MainMenuMap up for play (max tick rate 60) at 2019.03.28-11.58.03
[2019.03.28-15.58.03:645][387]LogWorld: Bringing up level for play took: 0.000794
[2019.03.28-15.58.03:660][387]PIE: Play in editor start time for /Game/Maps/UEDPIE_0_MainMenuMap 0.264
[2019.03.28-15.58.03:661][387]LogBlueprintUserMessages: Late PlayInEditor Detection: Level '/Game/Maps/MainMenuMap.MainMenuMap:PersistentLevel' has LevelScriptBlueprint '/Game/Maps/MainMenuMap.MainMenuMap:PersistentLevel.MainMenuMap' with GeneratedClass '/Game/Maps/MainMenuMap.MainMenuMap_C' with ClassGeneratedBy '/Game/Maps/MainMenuMap.MainMenuMap:PersistentLevel.MainMenuMap'
[2019.03.28-15.58.07:558][505]LogNet: Browse: /Game/Maps/CharacterSelectMap
[2019.03.28-15.58.07:588][505]LogLoad: LoadMap: /Game/Maps/CharacterSelectMap
[2019.03.28-15.58.07:965][505]LogAIModule: Creating AISystem for world CharacterSelectMap
[2019.03.28-15.58.07:965][505]LogLoad: Game class is 'NewGMCharSelect_C'
[2019.03.28-15.58.07:976][505]LogWorld: Bringing World /Game/Maps/UEDPIE_0_CharacterSelectMap.CharacterSelectMap up for play (max tick rate 60) at 2019.03.28-11.58.07
[2019.03.28-15.58.07:976][505]LogWorld: Bringing up level for play took: 0.009662
[2019.03.28-15.58.07:984][505]LogLoad: Took 0.396163 seconds to LoadMap(/Game/Maps/CharacterSelectMap)
[2019.03.28-15.58.22:446][928]LogSlate: Window 'UnrealCarSelect - Unreal Editor' being destroyed
[2019.03.28-15.58.22:448][928]LogWindowsTextInputMethodSystem: Display: IME system now deactivated.
[2019.03.28-15.58.22:498][928]LogBlueprintUserMessages: Early EndPlayMap Detection: Level '/Game/Maps/MainMenuMap.MainMenuMap:PersistentLevel' has LevelScriptBlueprint '/Game/Maps/MainMenuMap.MainMenuMap:PersistentLevel.MainMenuMap' with GeneratedClass '/Game/Maps/MainMenuMap.MainMenuMap_C' with ClassGeneratedBy '/Game/Maps/MainMenuMap.MainMenuMap:PersistentLevel.MainMenuMap'
[2019.03.28-15.58.22:498][928]LogSlate: Updating window title bar state: overlay mode, drag disabled, window buttons hidden, title bar hidden
[2019.03.28-15.58.22:532][928]LogPlayLevel: Display: Shutting down PIE online subsystems
[2019.03.28-15.58.22:532][928]LogBlueprintUserMessages: Late EndPlayMap Detection: Level '/Game/Maps/MainMenuMap.MainMenuMap:PersistentLevel' has LevelScriptBlueprint '/Game/Maps/MainMenuMap.MainMenuMap:PersistentLevel.MainMenuMap' with GeneratedClass '/Game/Maps/MainMenuMap.MainMenuMap_C' with ClassGeneratedBy '/Game/Maps/MainMenuMap.MainMenuMap:PersistentLevel.MainMenuMap'
[2019.03.28-15.58.22:562][928]LogSlate: Updating window title bar state: overlay mode, drag disabled, window buttons hidden, title bar hidden
[2019.03.28-15.58.22:711][929]Cmd: QUIT_EDITOR
[2019.03.28-15.58.23:102][929]LogExit: Preparing to exit.
[2019.03.28-15.58.24:341][929]LogExit: Editor shut down
[2019.03.28-15.58.24:342][929]LogExit: Transaction tracking system shut down
[2019.03.28-15.58.25:013][929]LogExit: Object subsystem successfully closed.
[2019.03.28-15.58.25:048][929]LogShaderCompilers: Display: Shaders left to compile 0
[2019.03.28-15.58.25:064][929]LogD3D11RHI: Shutdown
[2019.03.28-15.58.25:065][929]LogD3D11RHI: CleanupD3DDevice
[2019.03.28-15.58.25:075][929]LogD3D11RHI: ~FD3D11DynamicRHI
[2019.03.28-15.58.25:115][929]LogModuleManager: Shutting down and abandoning module SequencerWidgets (618)
[2019.03.28-15.58.25:115][929]LogModuleManager: Shutting down and abandoning module BlueprintGraph (616)
[2019.03.28-15.58.25:115][929]LogModuleManager: Shutting down and abandoning module MovieSceneCapture (614)
[2019.03.28-15.58.25:116][929]LogModuleManager: Shutting down and abandoning module Voice (612)
[2019.03.28-15.58.25:116][929]LogModuleManager: Shutting down and abandoning module HierarchicalLODOutliner (610)
[2019.03.28-15.58.25:116][929]LogModuleManager: Shutting down and abandoning module SceneOutliner (608)
[2019.03.28-15.58.25:116][929]LogModuleManager: Shutting down and abandoning module AddContentDialog (606)
[2019.03.28-15.58.25:142][929]LogModuleManager: Shutting down and abandoning module WidgetCarousel (605)
[2019.03.28-15.58.25:142][929]LogModuleManager: Shutting down and abandoning module EditorWidgets (602)
[2019.03.28-15.58.25:142][929]LogModuleManager: Shutting down and abandoning module CollectionManager (600)
[2019.03.28-15.58.25:143][929]LogModuleManager: Shutting down and abandoning module StatsViewer (598)
[2019.03.28-15.58.25:143][929]LogModuleManager: Shutting down and abandoning module FoliageEdit (596)
[2019.03.28-15.58.25:143][929]LogModuleManager: Shutting down and abandoning module LandscapeEditor (594)
[2019.03.28-15.58.25:143][929]LogModuleManager: Shutting down and abandoning module MeshPaintMode (592)
[2019.03.28-15.58.25:144][929]LogModuleManager: Shutting down and abandoning module SceneDepthPickerMode (590)
[2019.03.28-15.58.25:144][929]LogModuleManager: Shutting down and abandoning module ActorPickerMode (588)
[2019.03.28-15.58.25:144][929]LogModuleManager: Shutting down and abandoning module GeometryMode (586)
[2019.03.28-15.58.25:144][929]LogModuleManager: Shutting down and abandoning module TextureAlignMode (584)
[2019.03.28-15.58.25:144][929]LogModuleManager: Shutting down and abandoning module BspMode (582)
[2019.03.28-15.58.25:144][929]LogModuleManager: Shutting down and abandoning module PIEPreviewDeviceProfileSelector (580)
[2019.03.28-15.58.25:144][929]LogModuleManager: Shutting down and abandoning module SequenceRecorderSections (578)
[2019.03.28-15.58.25:144][929]LogModuleManager: Shutting down and abandoning module AutomationWorker (576)
[2019.03.28-15.58.25:144][929]LogModuleManager: Shutting down and abandoning module AudioCaptureEditor (574)
[2019.03.28-15.58.25:145][929]LogModuleManager: Shutting down and abandoning module SequenceRecorder (573)
[2019.03.28-15.58.25:145][929]LogModuleManager: Shutting down and abandoning module MatineeToLevelSequence (570)
[2019.03.28-15.58.25:145][929]LogModuleManager: Shutting down and abandoning module LevelSequenceEditor (568)
[2019.03.28-15.58.25:145][929]LogModuleManager: Shutting down and abandoning module PlacementMode (567)
[2019.03.28-15.58.25:145][929]LogModuleManager: Shutting down and abandoning module MaterialEditor (566)
[2019.03.28-15.58.25:145][929]LogModuleManager: Shutting down and abandoning module WmfMediaFactory (562)
[2019.03.28-15.58.25:146][929]LogModuleManager: Shutting down and abandoning module WmfMediaEditor (560)
[2019.03.28-15.58.25:146][929]LogModuleManager: Shutting down and abandoning module MediaPlayerEditor (558)
[2019.03.28-15.58.25:146][929]LogModuleManager: Shutting down and abandoning module OpenExrWrapper (556)
[2019.03.28-15.58.25:146][929]LogModuleManager: Shutting down and abandoning module ImgMediaFactory (554)
[2019.03.28-15.58.25:146][929]LogModuleManager: Shutting down and abandoning module ImgMediaEditor (552)
[2019.03.28-15.58.25:146][929]LogModuleManager: Shutting down and abandoning module AvfMediaFactory (550)
[2019.03.28-15.58.25:146][929]LogModuleManager: Shutting down and abandoning module AvfMediaEditor (548)
[2019.03.28-15.58.25:146][929]LogModuleManager: Shutting down and abandoning module AndroidMediaFactory (546)
[2019.03.28-15.58.25:146][929]LogModuleManager: Shutting down and abandoning module AndroidMediaEditor (544)
[2019.03.28-15.58.25:146][929]LogModuleManager: Shutting down and abandoning module MagicLeapCameraPreviewFactory (542)
[2019.03.28-15.58.25:147][929]LogModuleManager: Shutting down and abandoning module MagicLeapMediaFactory (540)
[2019.03.28-15.58.25:147][929]LogModuleManager: Shutting down and abandoning module MagicLeapMediaEditor (538)
[2019.03.28-15.58.25:147][929]LogModuleManager: Shutting down and abandoning module CharacterAI (536)
[2019.03.28-15.58.25:147][929]LogModuleManager: Shutting down and abandoning module SmartSnapping (534)
[2019.03.28-15.58.25:147][929]LogModuleManager: Shutting down and abandoning module SessionServices (532)
[2019.03.28-15.58.25:147][929]LogModuleManager: Shutting down and abandoning module ViewportSnapping (530)
[2019.03.28-15.58.25:147][929]LogModuleManager: Shutting down and abandoning module ViewportInteraction (528)
[2019.03.28-15.58.25:147][929]LogModuleManager: Shutting down and abandoning module ClothPainter (526)
[2019.03.28-15.58.25:148][929]LogModuleManager: Shutting down and abandoning module SkeletalMeshEditor (525)
[2019.03.28-15.58.25:148][929]LogModuleManager: Shutting down and abandoning module LogVisualizer (522)
[2019.03.28-15.58.25:148][929]LogModuleManager: Shutting down and abandoning module IntroTutorials (520)
[2019.03.28-15.58.25:148][929]LogModuleManager: Shutting down and abandoning module GameProjectGeneration (519)
[2019.03.28-15.58.25:148][929]LogModuleManager: Shutting down and abandoning module LuminPlatformEditor (516)
[2019.03.28-15.58.25:149][929]LogModuleManager: Shutting down and abandoning module IOSPlatformEditor (514)
[2019.03.28-15.58.25:149][929]LogModuleManager: Shutting down and abandoning module HTML5PlatformEditor (512)
[2019.03.28-15.58.25:149][929]LogModuleManager: Shutting down and abandoning module AndroidPlatformEditor (510)
[2019.03.28-15.58.25:149][929]LogModuleManager: Shutting down and abandoning module AndroidDeviceDetection (509)
[2019.03.28-15.58.25:546][929]LogModuleManager: Shutting down and abandoning module WindowsPlatformEditor (506)
[2019.03.28-15.58.25:546][929]LogModuleManager: Shutting down and abandoning module LuminRuntimeSettings (504)
[2019.03.28-15.58.25:546][929]LogModuleManager: Shutting down and abandoning module IOSRuntimeSettings (502)
[2019.03.28-15.58.25:546][929]LogModuleManager: Shutting down and abandoning module AndroidRuntimeSettings (500)
[2019.03.28-15.58.25:546][929]LogModuleManager: Shutting down and abandoning module InputBindingEditor (498)
[2019.03.28-15.58.25:547][929]LogModuleManager: Shutting down and abandoning module MergeActors (496)
[2019.03.28-15.58.25:547][929]LogModuleManager: Shutting down and abandoning module LocalizationDashboard (494)
[2019.03.28-15.58.25:547][929]LogModuleManager: Shutting down and abandoning module LocalizationService (493)
[2019.03.28-15.58.25:547][929]LogModuleManager: Shutting down and abandoning module HardwareTargeting (490)
[2019.03.28-15.58.25:547][929]LogModuleManager: Shutting down and abandoning module DeviceProfileEditor (488)
[2019.03.28-15.58.25:547][929]LogModuleManager: Shutting down and abandoning module UndoHistory (486)
[2019.03.28-15.58.25:547][929]LogModuleManager: Shutting down and abandoning module XmlParser (484)
[2019.03.28-15.58.25:548][929]LogModuleManager: Shutting down and abandoning module Blutility (482)
[2019.03.28-15.58.25:548][929]LogModuleManager: Shutting down and abandoning module ProjectSettingsViewer (480)
[2019.03.28-15.58.25:548][929]LogModuleManager: Shutting down and abandoning module ProjectTargetPlatformEditor (479)
[2019.03.28-15.58.25:548][929]LogModuleManager: Shutting down and abandoning module EditorSettingsViewer (476)
[2019.03.28-15.58.25:549][929]LogModuleManager: Shutting down and abandoning module SettingsEditor (474)
[2019.03.28-15.58.25:549][929]LogModuleManager: Shutting down and abandoning module ProjectLauncher (472)
[2019.03.28-15.58.25:549][929]LogModuleManager: Shutting down and abandoning module SessionFrontend (470)
[2019.03.28-15.58.25:549][929]LogModuleManager: Shutting down and abandoning module ProfilerClient (468)
[2019.03.28-15.58.25:549][929]LogModuleManager: Shutting down and abandoning module DeviceManager (466)
[2019.03.28-15.58.25:549][929]LogModuleManager: Shutting down and abandoning module TargetDeviceServices (465)
[2019.03.28-15.58.25:603][929]LogModuleManager: Shutting down and abandoning module AutomationController (462)
[2019.03.28-15.58.25:603][929]LogModuleManager: Shutting down and abandoning module AutomationWindow (460)
[2019.03.28-15.58.25:603][929]LogModuleManager: Shutting down and abandoning module Layers (458)
[2019.03.28-15.58.25:603][929]LogModuleManager: Shutting down and abandoning module ComponentVisualizers (456)
[2019.03.28-15.58.25:603][929]LogModuleManager: Shutting down and abandoning module DetailCustomizations (454)
[2019.03.28-15.58.25:604][929]LogModuleManager: Shutting down and abandoning module PackagesDialog (452)
[2019.03.28-15.58.25:604][929]LogModuleManager: Shutting down and abandoning module Persona (450)
[2019.03.28-15.58.25:604][929]LogModuleManager: Shutting down and abandoning module AdvancedPreviewScene (449)
[2019.03.28-15.58.25:604][929]LogModuleManager: Shutting down and abandoning module AnimGraph (447)
[2019.03.28-15.58.25:604][929]LogModuleManager: Shutting down and abandoning module Kismet (444)
[2019.03.28-15.58.25:618][929]LogModuleManager: Shutting down and abandoning module GraphEditor (442)
[2019.03.28-15.58.25:618][929]LogModuleManager: Shutting down and abandoning module ClassViewer (440)
[2019.03.28-15.58.25:618][929]LogModuleManager: Shutting down and abandoning module Toolbox (438)
[2019.03.28-15.58.25:618][929]LogModuleManager: Shutting down and abandoning module ModuleUI (436)
[2019.03.28-15.58.25:619][929]LogModuleManager: Shutting down and abandoning module MovieSceneTools (434)
[2019.03.28-15.58.25:619][929]LogModuleManager: Shutting down and abandoning module OutputLog (432)
[2019.03.28-15.58.25:619][929]LogModuleManager: Shutting down and abandoning module GammaUI (430)
[2019.03.28-15.58.25:619][929]LogModuleManager: Shutting down and abandoning module Documentation (428)
[2019.03.28-15.58.25:619][929]LogModuleManager: Shutting down and abandoning module MovieSceneTracks (426)
[2019.03.28-15.58.25:619][929]LogModuleManager: Shutting down and abandoning module MovieScene (424)
[2019.03.28-15.58.25:619][929]LogModuleManager: Shutting down and abandoning module StreamingPauseRendering (422)
[2019.03.28-15.58.25:619][929]LogModuleManager: Shutting down and abandoning module LauncherPlatform (420)
[2019.03.28-15.58.25:619][929]LogModuleManager: Shutting down and abandoning module AnalyticsET (418)
[2019.03.28-15.58.25:620][929]LogModuleManager: Shutting down and abandoning module PortalServices (416)
[2019.03.28-15.58.25:620][929]LogModuleManager: Shutting down and abandoning module PortalRpc (414)
[2019.03.28-15.58.25:620][929]LogModuleManager: Shutting down and abandoning module MessagingRpc (412)
[2019.03.28-15.58.25:620][929]LogModuleManager: Shutting down and abandoning module AIModule (410)
[2019.03.28-15.58.25:620][929]LogModuleManager: Shutting down and abandoning module GameplayDebugger (409)
[2019.03.28-15.58.25:620][929]LogModuleManager: Shutting down and abandoning module AITestSuite (407)
[2019.03.28-15.58.25:620][929]LogModuleManager: Shutting down and abandoning module NavigationSystem (405)
[2019.03.28-15.58.25:620][929]LogModuleManager: Shutting down and abandoning module DesktopPlatform (402)
[2019.03.28-15.58.25:620][929]LogModuleManager: Shutting down and abandoning module ProfilerService (400)
[2019.03.28-15.58.25:657][929]LogModuleManager: Shutting down and abandoning module TaskGraph (398)
[2019.03.28-15.58.25:661][929]LogModuleManager: Shutting down and abandoning module SteamVRController (396)
[2019.03.28-15.58.25:661][929]LogModuleManager: Shutting down and abandoning module ProceduralMeshComponentEditor (394)
[2019.03.28-15.58.25:669][929]LogModuleManager: Shutting down and abandoning module ProceduralMeshComponent (392)
[2019.03.28-15.58.25:670][929]LogModuleManager: Shutting down and abandoning module OculusInput (390)
[2019.03.28-15.58.25:670][929]LogModuleManager: Shutting down and abandoning module MobilePatchingUtils (388)
[2019.03.28-15.58.25:670][929]LogModuleManager: Shutting down and abandoning module EditableMesh (386)
[2019.03.28-15.58.25:670][929]LogModuleManager: Shutting down and abandoning module CustomMeshComponent (384)
[2019.03.28-15.58.25:670][929]LogModuleManager: Shutting down and abandoning module CableComponent (382)
[2019.03.28-15.58.25:670][929]LogModuleManager: Shutting down and abandoning module AudioCapture (380)
[2019.03.28-15.58.25:670][929]LogModuleManager: Shutting down and abandoning module ArchVisCharacter (378)
[2019.03.28-15.58.25:670][929]LogModuleManager: Shutting down and abandoning module AndroidPermission (376)
[2019.03.28-15.58.25:670][929]LogModuleManager: Shutting down and abandoning module NUTUnrealEngine4 (374)
[2019.03.28-15.58.25:670][929]LogModuleManager: Shutting down and abandoning module NetcodeUnitTest (372)
[2019.03.28-15.58.25:674][929]LogModuleManager: Shutting down and abandoning module MediaCompositingEditor (370)
[2019.03.28-15.58.25:674][929]LogModuleManager: Shutting down and abandoning module MediaCompositing (368)
[2019.03.28-15.58.25:675][929]LogModuleManager: Shutting down and abandoning module LinearTimecode (366)
[2019.03.28-15.58.25:675][929]LogModuleManager: Shutting down and abandoning module ImgMedia (364)
[2019.03.28-15.58.25:684][929]LogModuleManager: Shutting down and abandoning module HTML5Networking (362)
[2019.03.28-15.58.25:685][929]LogModuleManager: Shutting down and abandoning module GeometryCacheTracks (360)
[2019.03.28-15.58.25:685][929]LogModuleManager: Shutting down and abandoning module GeometryCacheSequencer (358)
[2019.03.28-15.58.25:685][929]LogModuleManager: Shutting down and abandoning module BackChannel (356)
[2019.03.28-15.58.25:685][929]LogModuleManager: Shutting down and abandoning module AppleVision (354)
[2019.03.28-15.58.25:685][929]LogModuleManager: Shutting down and abandoning module AppleImageUtils (352)
[2019.03.28-15.58.25:685][929]LogModuleManager: Shutting down and abandoning module AlembicImporter (350)
[2019.03.28-15.58.25:685][929]LogModuleManager: Shutting down and abandoning module AlembicLibrary (349)
[2019.03.28-15.58.25:685][929]LogModuleManager: Shutting down and abandoning module GeometryCache (348)
[2019.03.28-15.58.25:685][929]LogModuleManager: Shutting down and abandoning module GeometryCacheEd (347)
[2019.03.28-15.58.25:685][929]LogModuleManager: Shutting down and abandoning module DatasmithContentEditor (342)
[2019.03.28-15.58.25:685][929]LogModuleManager: Shutting down and abandoning module DatasmithContent (340)
[2019.03.28-15.58.25:686][929]LogModuleManager: Shutting down and abandoning module SpeedTreeImporter (338)
[2019.03.28-15.58.25:686][929]LogModuleManager: Shutting down and abandoning module PluginBrowser (336)
[2019.03.28-15.58.25:686][929]LogModuleManager: Shutting down and abandoning module MobileLauncherProfileWizard (334)
[2019.03.28-15.58.25:686][929]LogModuleManager: Shutting down and abandoning module PolygonModeling (332)
[2019.03.28-15.58.25:686][929]LogModuleManager: Shutting down and abandoning module MeshEditor (330)
[2019.03.28-15.58.25:686][929]LogModuleManager: Shutting down and abandoning module CryptoKeysOpenSSL (328)
[2019.03.28-15.58.25:686][929]LogModuleManager: Shutting down and abandoning module CryptoKeys (326)
[2019.03.28-15.58.25:687][929]LogModuleManager: Shutting down and abandoning module VisualStudioSourceCodeAccess (324)
[2019.03.28-15.58.25:687][929]LogModuleManager: Shutting down and abandoning module VisualStudioCodeSourceCodeAccess (322)
[2019.03.28-15.58.25:687][929]LogModuleManager: Shutting down and abandoning module UObjectPlugin (320)
[2019.03.28-15.58.25:687][929]LogModuleManager: Shutting down and abandoning module SubversionSourceControl (318)
[2019.03.28-15.58.25:687][929]LogModuleManager: Shutting down and abandoning module PerforceSourceControl (316)
[2019.03.28-15.58.25:687][929]LogModuleManager: Shutting down and abandoning module GitSourceControl (314)
[2019.03.28-15.58.25:687][929]LogModuleManager: Shutting down and abandoning module SourceControl (313)
[2019.03.28-15.58.25:687][929]LogModuleManager: Shutting down and abandoning module CLionSourceCodeAccess (310)
[2019.03.28-15.58.25:687][929]LogModuleManager: Shutting down and abandoning module LightPropagationVolumeEditor (308)
[2019.03.28-15.58.25:687][929]LogModuleManager: Shutting down and abandoning module PaperTiledImporter (306)
[2019.03.28-15.58.25:687][929]LogModuleManager: Shutting down and abandoning module PaperSpriteSheetImporter (304)
[2019.03.28-15.58.25:687][929]LogModuleManager: Shutting down and abandoning module Paper2DEditor (302)
[2019.03.28-15.58.25:687][929]LogModuleManager: Shutting down and abandoning module MeshPaint (301)
[2019.03.28-15.58.25:687][929]LogModuleManager: Shutting down and abandoning module RuntimePhysXCooking (298)
[2019.03.28-15.58.25:687][929]LogModuleManager: Shutting down and abandoning module PhysXVehiclesEditor (296)
[2019.03.28-15.58.25:688][929]LogModuleManager: Shutting down and abandoning module PhysXVehicles (294)
[2019.03.28-15.58.25:688][929]LogModuleManager: Shutting down and abandoning module OculusEditor (292)
[2019.03.28-15.58.25:688][929]LogModuleManager: Shutting down and abandoning module LocationServicesBPLibrary (290)
[2019.03.28-15.58.25:688][929]LogModuleManager: Shutting down and abandoning module ImmediatePhysicsEditor (288)
[2019.03.28-15.58.25:688][929]LogModuleManager: Shutting down and abandoning module ImmediatePhysics (286)
[2019.03.28-15.58.25:688][929]LogModuleManager: Shutting down and abandoning module ActorSequence (284)
[2019.03.28-15.58.25:688][929]LogModuleManager: Shutting down and abandoning module UdpMessaging (282)
[2019.03.28-15.58.25:789][929]LogModuleManager: Shutting down and abandoning module TcpMessaging (280)
[2019.03.28-15.58.25:890][929]LogModuleManager: Shutting down and abandoning module MagicLeapAudio (278)
[2019.03.28-15.58.25:890][929]LogModuleManager: Shutting down and abandoning module GameplayTagsEditor (276)
[2019.03.28-15.58.25:890][929]LogModuleManager: Shutting down and abandoning module FacialAnimationEditor (274)
[2019.03.28-15.58.25:890][929]LogModuleManager: Shutting down and abandoning module FacialAnimation (272)
[2019.03.28-15.58.25:890][929]LogModuleManager: Shutting down and abandoning module DataValidation (270)
[2019.03.28-15.58.25:890][929]LogModuleManager: Shutting down and abandoning module AssetManagerEditor (268)
[2019.03.28-15.58.25:890][929]LogModuleManager: Shutting down and abandoning module LevelEditor (267)
[2019.03.28-15.58.25:892][929]LogModuleManager: Shutting down and abandoning module PixelInspectorModule (266)
[2019.03.28-15.58.25:892][929]LogModuleManager: Shutting down and abandoning module CommonMenuExtensions (264)
[2019.03.28-15.58.25:893][929]LogModuleManager: Shutting down and abandoning module MainFrame (262)
[2019.03.28-15.58.25:893][929]LogModuleManager: Shutting down and abandoning module HotReload (261)
[2019.03.28-15.58.25:894][929]LogModuleManager: Shutting down and abandoning module ContentBrowser (257)
[2019.03.28-15.58.25:899][929]LogModuleManager: Shutting down and abandoning module TreeMap (255)
[2019.03.28-15.58.25:899][929]LogModuleManager: Shutting down and abandoning module LightPropagationVolumeRuntime (252)
[2019.03.28-15.58.25:899][929]LogModuleManager: Shutting down and abandoning module AISupportModule (250)
[2019.03.28-15.58.25:899][929]LogModuleManager: Shutting down and abandoning module Paper2D (248)
[2019.03.28-15.58.25:900][929]LogModuleManager: Shutting down and abandoning module WindowsMoviePlayer (246)
[2019.03.28-15.58.25:900][929]LogModuleManager: Shutting down and abandoning module WmfMedia (244)
[2019.03.28-15.58.25:904][929]LogModuleManager: Shutting down and abandoning module Media (243)
[2019.03.28-15.58.25:910][929]LogModuleManager: Shutting down and abandoning module PacketHandler (240)
[2019.03.28-15.58.25:911][929]LogModuleManager: Shutting down and abandoning module ClothingSystemEditor (238)
[2019.03.28-15.58.25:911][929]LogModuleManager: Shutting down and abandoning module ClothingSystemRuntime (236)
[2019.03.28-15.58.25:911][929]LogModuleManager: Shutting down and abandoning module MediaAssets (234)
[2019.03.28-15.58.25:911][929]LogModuleManager: Shutting down and abandoning module Overlay (232)
[2019.03.28-15.58.25:911][929]LogModuleManager: Shutting down and abandoning module OverlayEditor (231)
[2019.03.28-15.58.25:911][929]LogModuleManager: Shutting down and abandoning module VREditor (228)
[2019.03.28-15.58.25:911][929]LogModuleManager: Shutting down and abandoning module StringTableEditor (226)
[2019.03.28-15.58.25:911][929]LogModuleManager: Shutting down and abandoning module GameplayTasksEditor (224)
[2019.03.28-15.58.25:911][929]LogModuleManager: Shutting down and abandoning module BehaviorTreeEditor (222)
[2019.03.28-15.58.25:911][929]LogModuleManager: Shutting down and abandoning module FunctionalTesting (220)
[2019.03.28-15.58.25:912][929]LogModuleManager: Shutting down and abandoning module CollisionAnalyzer (218)
[2019.03.28-15.58.25:913][929]LogModuleManager: Shutting down and abandoning module WorkspaceMenuStructure (217)
[2019.03.28-15.58.25:913][929]LogModuleManager: Shutting down and abandoning module UMG (214)
[2019.03.28-15.58.25:913][929]LogModuleManager: Shutting down and abandoning module UMGEditor (213)
[2019.03.28-15.58.25:913][929]LogModuleManager: Shutting down and abandoning module Sequencer (212)
[2019.03.28-15.58.25:913][929]LogModuleManager: Shutting down and abandoning module MessageLog (209)
[2019.03.28-15.58.25:913][929]LogModuleManager: Shutting down and abandoning module SlateReflector (204)
[2019.03.28-15.58.25:913][929]LogModuleManager: Shutting down and abandoning module Slate (202)
[2019.03.28-15.58.25:913][929]LogModuleManager: Shutting down and abandoning module EditorStyle (200)
[2019.03.28-15.58.25:924][929]LogModuleManager: Shutting down and abandoning module MRMesh (198)
[2019.03.28-15.58.25:924][929]LogModuleManager: Shutting down and abandoning module SourceCodeAccess (196)
[2019.03.28-15.58.25:924][929]LogModuleManager: Shutting down and abandoning module HeadMountedDisplay (194)
[2019.03.28-15.58.25:924][929]LogModuleManager: Shutting down and abandoning module XAudio2 (192)
[2019.03.28-15.58.25:925][929]LogModuleManager: Shutting down and abandoning module Networking (190)
[2019.03.28-15.58.25:925][929]LogModuleManager: Shutting down and abandoning module Core (188)
[2019.03.28-15.58.25:925][929]LogModuleManager: Shutting down and abandoning module LevelSequence (186)
[2019.03.28-15.58.25:925][929]LogModuleManager: Shutting down and abandoning module KismetCompiler (184)
[2019.03.28-15.58.25:925][929]LogModuleManager: Shutting down and abandoning module MeshUtilities (182)
[2019.03.28-15.58.25:926][929]LogModuleManager: Shutting down and abandoning module MeshMergeUtilities (181)
[2019.03.28-15.58.25:926][929]LogModuleManager: Shutting down and abandoning module MeshReductionInterface (180)
[2019.03.28-15.58.25:926][929]LogModuleManager: Shutting down and abandoning module SimplygonSwarm (179)
[2019.03.28-15.58.25:926][929]LogModuleManager: Shutting down and abandoning module ProxyLODMeshReduction (177)
[2019.03.28-15.58.25:926][929]LogModuleManager: Shutting down and abandoning module SimplygonMeshReduction (175)
[2019.03.28-15.58.25:926][929]LogModuleManager: Shutting down and abandoning module QuadricMeshReduction (173)
[2019.03.28-15.58.25:926][929]LogModuleManager: Shutting down and abandoning module MaterialBaking (169)
[2019.03.28-15.58.25:927][929]LogModuleManager: Shutting down and abandoning module DirectoryWatcher (165)
[2019.03.28-15.58.25:928][929]LogModuleManager: Shutting down and abandoning module DerivedDataCache (162)
[2019.03.28-15.58.25:934][929]LogDerivedDataCache: Shutdown
[2019.03.28-15.58.25:934][929]LogModuleManager: Shutting down and abandoning module XGEController (160)
[2019.03.28-15.58.25:934][929]LogModuleManager: Shutting down and abandoning module TargetPlatform (158)
[2019.03.28-15.58.25:934][929]LogModuleManager: Shutting down and abandoning module VulkanShaderFormat (157)
[2019.03.28-15.58.25:934][929]LogModuleManager: Shutting down and abandoning module ShaderFormatVectorVM (155)
[2019.03.28-15.58.25:934][929]LogModuleManager: Shutting down and abandoning module ShaderFormatOpenGL (153)
[2019.03.28-15.58.25:935][929]LogModuleManager: Shutting down and abandoning module ShaderFormatD3D (151)
[2019.03.28-15.58.25:935][929]LogModuleManager: Shutting down and abandoning module MetalShaderFormat (149)
[2019.03.28-15.58.25:935][929]LogModuleManager: Shutting down and abandoning module TextureFormatUncompressed (147)
[2019.03.28-15.58.25:935][929]LogModuleManager: Shutting down and abandoning module TextureFormatPVR (145)
[2019.03.28-15.58.25:935][929]LogModuleManager: Shutting down and abandoning module TextureFormatDXT (143)
[2019.03.28-15.58.25:935][929]LogModuleManager: Shutting down and abandoning module TextureFormatIntelISPCTexComp (141)
[2019.03.28-15.58.25:935][929]LogModuleManager: Shutting down and abandoning module TextureFormatASTC (139)
[2019.03.28-15.58.25:935][929]LogModuleManager: Shutting down and abandoning module ImageWrapper (138)
[2019.03.28-15.58.25:935][929]LogModuleManager: Shutting down and abandoning module TextureFormatAndroid (135)
[2019.03.28-15.58.25:936][929]LogModuleManager: Shutting down and abandoning module AudioFormatOpus (133)
[2019.03.28-15.58.25:936][929]LogModuleManager: Shutting down and abandoning module AudioFormatOgg (131)
[2019.03.28-15.58.25:936][929]LogModuleManager: Shutting down and abandoning module AudioFormatADPCM (129)
[2019.03.28-15.58.25:936][929]LogModuleManager: Shutting down and abandoning module LuminTargetPlatform (127)
[2019.03.28-15.58.25:936][929]LogModuleManager: Shutting down and abandoning module LinuxTargetPlatform (125)
[2019.03.28-15.58.25:937][929]LogModuleManager: Shutting down and abandoning module LinuxServerTargetPlatform (123)
[2019.03.28-15.58.25:937][929]LogModuleManager: Shutting down and abandoning module LinuxNoEditorTargetPlatform (121)
[2019.03.28-15.58.25:937][929]LogModuleManager: Shutting down and abandoning module LinuxClientTargetPlatform (119)
[2019.03.28-15.58.25:937][929]LogModuleManager: Shutting down and abandoning module TVOSTargetPlatform (117)
[2019.03.28-15.58.25:945][929]LogModuleManager: Shutting down and abandoning module Messaging (115)
[2019.03.28-15.58.25:946][929]LogModuleManager: Shutting down and abandoning module IOSTargetPlatform (113)
[2019.03.28-15.58.25:953][929]LogModuleManager: Shutting down and abandoning module HTML5TargetPlatform (111)
[2019.03.28-15.58.25:953][929]LogModuleManager: Shutting down and abandoning module AndroidTargetPlatform (109)
[2019.03.28-15.58.25:989][929]LogModuleManager: Shutting down and abandoning module WindowsTargetPlatform (107)
[2019.03.28-15.58.25:989][929]LogModuleManager: Shutting down and abandoning module WindowsServerTargetPlatform (105)
[2019.03.28-15.58.25:989][929]LogModuleManager: Shutting down and abandoning module WindowsNoEditorTargetPlatform (103)
[2019.03.28-15.58.25:989][929]LogModuleManager: Shutting down and abandoning module WindowsClientTargetPlatform (101)
[2019.03.28-15.58.25:989][929]LogModuleManager: Shutting down and abandoning module MacTargetPlatform (99)
[2019.03.28-15.58.25:989][929]LogModuleManager: Shutting down and abandoning module MacServerTargetPlatform (97)
[2019.03.28-15.58.25:989][929]LogModuleManager: Shutting down and abandoning module MacNoEditorTargetPlatform (95)
[2019.03.28-15.58.25:989][929]LogModuleManager: Shutting down and abandoning module MacClientTargetPlatform (93)
[2019.03.28-15.58.25:990][929]LogModuleManager: Shutting down and abandoning module AllDesktopTargetPlatform (91)
[2019.03.28-15.58.25:990][929]LogModuleManager: Shutting down and abandoning module InputCore (88)
[2019.03.28-15.58.25:990][929]LogModuleManager: Shutting down and abandoning module Settings (86)
[2019.03.28-15.58.25:990][929]LogModuleManager: Shutting down and abandoning module PhysXCooking (84)
[2019.03.28-15.58.25:990][929]LogModuleManager: Shutting down and abandoning module SteamVR (82)
[2019.03.28-15.58.25:990][929]LogModuleManager: Shutting down and abandoning module OculusHMD (80)
[2019.03.28-15.58.25:990][929]LogModuleManager: Shutting down and abandoning module ExampleDeviceProfileSelector (78)
[2019.03.28-15.58.25:990][929]LogModuleManager: Shutting down and abandoning module LauncherChunkInstaller (76)
[2019.03.28-15.58.25:990][929]LogModuleManager: Shutting down and abandoning module OnlineBlueprintSupport (74)
[2019.03.28-15.58.25:990][929]LogModuleManager: Shutting down and abandoning module OnlineSubsystem (70)
[2019.03.28-15.58.25:992][929]LogModuleManager: Shutting down and abandoning module XMPP (65)
[2019.03.28-15.58.25:992][929]LogModuleManager: Shutting down and abandoning module WebSockets (64)
[2019.03.28-15.58.25:999][929]LogModuleManager: Shutting down and abandoning module HTTP (61)
[2019.03.28-15.58.25:999][929]LogHttp: Display: Http module shutting down, but needs to wait on 1 outstanding Http requests:
[2019.03.28-15.58.25:999][929]LogHttp: Display: 	verb=[POST] url=[https://datarouter.ol.epicgames.com/datarouter/api/v1/public/data?SessionID=%7BABE41F6D-4972-5E43-C252-1690FBF12E40%7D&AppID=UEEditor.Rocket.Release&AppVersion=4.20.3-4369336%2B%2B%2BUE4%2BRelease-4.20&UserID=d4f8b69b47bf6cb7018273a3f1cf913a%7C6930a40b8b914583837003440dd25107%7Ca1ff9de8-ca87-46bd-be05-25f4e0258eab&AppEnvironment=datacollector-binary&UploadType=eteventstream] status=Processing
[2019.03.28-15.58.26:026][929]LogModuleManager: Shutting down and abandoning module SSL (60)
[2019.03.28-15.58.26:031][929]LogModuleManager: Shutting down and abandoning module MagicLeapEmulator (56)
[2019.03.28-15.58.26:031][929]LogModuleManager: Shutting down and abandoning module MagicLeapPrivileges (54)
[2019.03.28-15.58.26:031][929]LogModuleManager: Shutting down and abandoning module MagicLeapIdentity (52)
[2019.03.28-15.58.26:031][929]LogModuleManager: Shutting down and abandoning module MagicLeapHelperVulkan (50)
[2019.03.28-15.58.26:031][929]LogModuleManager: Shutting down and abandoning module MagicLeapHelperOpenGL (48)
[2019.03.28-15.58.26:031][929]LogModuleManager: Shutting down and abandoning module MagicLeapSecureStorage (46)
[2019.03.28-15.58.26:031][929]LogModuleManager: Shutting down and abandoning module MagicLeapGestures (44)
[2019.03.28-15.58.26:031][929]LogModuleManager: Shutting down and abandoning module MagicLeapEyeTracker (42)
[2019.03.28-15.58.26:032][929]LogModuleManager: Shutting down and abandoning module MagicLeapController (40)
[2019.03.28-15.58.26:032][929]LogSlate: Slate User Destroyed.  User Index 0, Is Virtual User: 0
[2019.03.28-15.58.26:032][929]LogModuleManager: Shutting down and abandoning module MagicLeap (38)
[2019.03.28-15.58.26:032][929]LogModuleManager: Shutting down and abandoning module AnimationModifiers (36)
[2019.03.28-15.58.26:032][929]LogModuleManager: Shutting down and abandoning module PropertyEditor (35)
[2019.03.28-15.58.26:032][929]LogModuleManager: Shutting down and abandoning module AudioEditor (32)
[2019.03.28-15.58.26:033][929]LogModuleManager: Shutting down and abandoning module TextureCompressor (30)
[2019.03.28-15.58.26:033][929]LogModuleManager: Shutting down and abandoning module ShaderCore (28)
[2019.03.28-15.58.26:033][929]LogModuleManager: Shutting down and abandoning module Landscape (26)
[2019.03.28-15.58.26:033][929]LogModuleManager: Shutting down and abandoning module SlateRHIRenderer (24)
[2019.03.28-15.58.26:034][929]LogModuleManager: Shutting down and abandoning module OpenGLDrv (22)
[2019.03.28-15.58.26:034][929]LogModuleManager: Shutting down and abandoning module D3D11RHI (20)
[2019.03.28-15.58.26:034][929]LogModuleManager: Shutting down and abandoning module AnimGraphRuntime (18)
[2019.03.28-15.58.26:034][929]LogModuleManager: Shutting down and abandoning module Renderer (16)
[2019.03.28-15.58.26:034][929]LogModuleManager: Shutting down and abandoning module Engine (14)
[2019.03.28-15.58.26:035][929]LogModuleManager: Shutting down and abandoning module CoreUObject (12)
[2019.03.28-15.58.26:035][929]LogModuleManager: Shutting down and abandoning module NetworkFile (10)
[2019.03.28-15.58.26:035][929]LogModuleManager: Shutting down and abandoning module CookedIterativeFile (8)
[2019.03.28-15.58.26:035][929]LogModuleManager: Shutting down and abandoning module StreamingFile (6)
[2019.03.28-15.58.26:035][929]LogModuleManager: Shutting down and abandoning module SandboxFile (4)
[2019.03.28-15.58.26:035][929]LogModuleManager: Shutting down and abandoning module PakFile (2)
[2019.03.28-15.58.26:052][929]LogExit: Exiting.
[2019.03.28-15.58.26:060][929]Log file closed, 03/28/19 11:58:26
