Log file open, 02/27/19 19:50:02
LogWindows: Failed to load 'aqProf.dll' (GetLastError=126)
LogWindows: File 'aqProf.dll' does not exist
LogWindows: Failed to load 'VSPerf140.dll' (GetLastError=126)
LogWindows: File 'VSPerf140.dll' does not exist
LogWindows: Failed to load 'VtuneApi.dll' (GetLastError=126)
LogWindows: File 'VtuneApi.dll' does not exist
LogWindows: Failed to load 'VtuneApi32e.dll' (GetLastError=126)
LogWindows: File 'VtuneApi32e.dll' does not exist
LogInit: Display: Running engine for game: VehicleMovement
LogPlatformFile: Not using cached read wrapper
LogTaskGraph: Started task graph with 5 named threads and 20 total threads with 3 sets of task threads.
LogStats: Stats thread started at 0.283186
LogD3D11RHI: Loaded GFSDK_Aftermath_Lib.x64.dll
LogICUInternationalization: Display: ICU TimeZone Detection - Raw Offset: -5:00, Platform Override: ''
LogPluginManager: Mounting plugin Paper2D
LogPluginManager: Mounting plugin AISupport
LogPluginManager: Mounting plugin LightPropagationVolume
LogPluginManager: Mounting plugin CLionSourceCodeAccess
LogPluginManager: Mounting plugin CodeLiteSourceCodeAccess
LogPluginManager: Mounting plugin GitSourceControl
LogPluginManager: Mounting plugin KDevelopSourceCodeAccess
LogPluginManager: Mounting plugin NullSourceCodeAccess
LogPluginManager: Mounting plugin PerforceSourceControl
LogPluginManager: Mounting plugin SubversionSourceControl
LogPluginManager: Mounting plugin UObjectPlugin
LogPluginManager: Mounting plugin VisualStudioCodeSourceCodeAccess
LogPluginManager: Mounting plugin VisualStudioSourceCodeAccess
LogPluginManager: Mounting plugin XCodeSourceCodeAccess
LogPluginManager: Mounting plugin AssetManagerEditor
LogPluginManager: Mounting plugin CryptoKeys
LogPluginManager: Mounting plugin DataValidation
LogPluginManager: Mounting plugin FacialAnimation
LogPluginManager: Mounting plugin GameplayTagsEditor
LogPluginManager: Mounting plugin MacGraphicsSwitching
LogPluginManager: Mounting plugin MeshEditor
LogPluginManager: Mounting plugin MobileLauncherProfileWizard
LogPluginManager: Mounting plugin PluginBrowser
LogPluginManager: Mounting plugin SpeedTreeImporter
LogPluginManager: Mounting plugin DatasmithContent
LogPluginManager: Mounting plugin AlembicImporter
LogPluginManager: Mounting plugin AppleImageUtils
LogPluginManager: Mounting plugin AppleVision
LogPluginManager: Mounting plugin BackChannel
LogPluginManager: Mounting plugin CharacterAI
LogPluginManager: Mounting plugin GeometryCache
LogPluginManager: Mounting plugin HTML5Networking
LogPluginManager: Mounting plugin ProxyLODPlugin
LogPluginManager: Mounting plugin RawInput
LogPluginManager: Mounting plugin MagicLeap
LogPluginManager: Mounting plugin MagicLeapEmulator
LogPluginManager: Mounting plugin MagicLeapMedia
LogPluginManager: Mounting plugin AndroidMedia
LogPluginManager: Mounting plugin AvfMedia
LogPluginManager: Mounting plugin ImgMedia
LogPluginManager: Mounting plugin LinearTimecode
LogPluginManager: Mounting plugin MediaCompositing
LogPluginManager: Mounting plugin MediaPlayerEditor
LogPluginManager: Mounting plugin WmfMedia
LogPluginManager: Mounting plugin TcpMessaging
LogPluginManager: Mounting plugin UdpMessaging
LogPluginManager: Mounting plugin ActorSequence
LogPluginManager: Mounting plugin LevelSequenceEditor
LogPluginManager: Mounting plugin MatineeToLevelSequence
LogPluginManager: Mounting plugin NetcodeUnitTest
LogPluginManager: Mounting plugin NUTUnrealEngine4
LogPluginManager: Mounting plugin OnlineSubsystemGooglePlay
LogPluginManager: Mounting plugin OnlineSubsystemIOS
LogPluginManager: Mounting plugin OnlineSubsystem
LogPluginManager: Mounting plugin OnlineSubsystemNull
LogPluginManager: Mounting plugin OnlineSubsystemUtils
LogPluginManager: Mounting plugin LauncherChunkInstaller
LogPluginManager: Mounting plugin AndroidDeviceProfileSelector
LogPluginManager: Mounting plugin AndroidMoviePlayer
LogPluginManager: Mounting plugin AndroidPermission
LogPluginManager: Mounting plugin AppleMoviePlayer
LogPluginManager: Mounting plugin ArchVisCharacter
LogPluginManager: Mounting plugin AudioCapture
LogPluginManager: Mounting plugin CableComponent
LogPluginManager: Mounting plugin CustomMeshComponent
LogPluginManager: Mounting plugin EditableMesh
LogPluginManager: Mounting plugin ExampleDeviceProfileSelector
LogPluginManager: Mounting plugin GoogleCloudMessaging
LogPluginManager: Mounting plugin ImmediatePhysics
LogPluginManager: Mounting plugin IOSDeviceProfileSelector
LogPluginManager: Mounting plugin LinuxDeviceProfileSelector
LogPluginManager: Mounting plugin LocationServicesBPLibrary
LogPluginManager: Mounting plugin MobilePatchingUtils
LogPluginManager: Mounting plugin OculusVR
LogPluginManager: Plugin shader directory ../../../Engine/Plugins/Runtime/Oculus/OculusVR/Shaders found
LogPluginManager: Mapping shader source directory ../../../Engine/Plugins/Runtime/Oculus/OculusVR/Shaders to virtual directory /Plugin/OculusVR
LogPluginManager: Mounting plugin PhysXVehicles
LogPluginManager: Mounting plugin ProceduralMeshComponent
LogPluginManager: Mounting plugin RuntimePhysXCooking
LogPluginManager: Mounting plugin SteamVR
LogPluginManager: Mounting plugin WindowsMoviePlayer
LogStreaming: Display: Took  0.251s to configure plugins.
LogInit: Using libcurl 7.55.1-DEV
LogInit:  - built for x86_64-pc-win32
LogInit:  - supports SSL with OpenSSL/1.0.2h
LogInit:  - supports HTTP deflate (compression) using libz 1.2.8
LogInit:  - other features:
LogInit:      CURL_VERSION_SSL
LogInit:      CURL_VERSION_LIBZ
LogInit:      CURL_VERSION_IPV6
LogInit:      CURL_VERSION_ASYNCHDNS
LogInit:      CURL_VERSION_LARGEFILE
LogInit:      CURL_VERSION_IDN
LogInit:  CurlRequestOptions (configurable via config and command line):
LogInit:  - bVerifyPeer = false  - Libcurl will NOT verify peer certificate
LogInit:  - bUseHttpProxy = false  - Libcurl will NOT use HTTP proxy
LogInit:  - bDontReuseConnections = false  - Libcurl will reuse connections
LogInit:  - CertBundlePath = nullptr  - Libcurl will use whatever was configured at build time.
LogInit:  - MaxHostConnections = 16  - Libcurl will limit the number of connections to a host
LogInit:  - LocalHostAddr = Default
LogInit:  - BufferSize = 65536
LogInit: WinSock: version 1.1 (2.2), MaxSocks=32767, MaxUdp=65467
LogInit: Build: ++UE4+Release-4.20-CL-4369336
LogInit: Engine Version: 4.20.3-4369336+++UE4+Release-4.20
LogInit: Compatible Engine Version: 4.20.0-4212847+++UE4+Release-4.20
LogInit: Net CL: 4212847
LogInit: OS: Windows 10 (), CPU: Intel(R) Core(TM) i5-8400 CPU @ 2.80GHz, GPU: NVIDIA GeForce GTX 1050 Ti
LogInit: Compiled (64-bit): Sep 17 2018 12:26:19
LogInit: Compiled with Visual C++: 19.13.26129.00
LogInit: Build Configuration: Development
LogInit: Branch Name: ++UE4+Release-4.20
LogInit: Command Line:  
LogInit: Base Directory: D:/UE_4.20/Engine/Binaries/Win64/
LogInit: Installed Engine Build: 1
LogDevObjectVersion: Number of dev versions registered: 20
LogDevObjectVersion:   Dev-Blueprints (B0D832E4-1F89-4F0D-ACCF-7EB736FD4AA2): 10
LogDevObjectVersion:   Dev-Build (E1C64328-A22C-4D53-A36C-8E866417BD8C): 0
LogDevObjectVersion:   Dev-Core (375EC13C-06E4-48FB-B500-84F0262A717E): 2
LogDevObjectVersion:   Dev-Editor (E4B068ED-F494-42E9-A231-DA0B2E46BB41): 24
LogDevObjectVersion:   Dev-Framework (CFFC743F-43B0-4480-9391-14DF171D2073): 34
LogDevObjectVersion:   Dev-Mobile (B02B49B5-BB20-44E9-A304-32B752E40360): 2
LogDevObjectVersion:   Dev-Networking (A4E4105C-59A1-49B5-A7C5-40C4547EDFEE): 0
LogDevObjectVersion:   Dev-Online (39C831C9-5AE6-47DC-9A44-9C173E1C8E7C): 0
LogDevObjectVersion:   Dev-Physics (78F01B33-EBEA-4F98-B9B4-84EACCB95AA2): 0
LogDevObjectVersion:   Dev-Platform (6631380F-2D4D-43E0-8009-CF276956A95A): 0
LogDevObjectVersion:   Dev-Rendering (12F88B9F-8875-4AFC-A67C-D90C383ABD29): 26
LogDevObjectVersion:   Dev-Sequencer (7B5AE74C-D270-4C10-A958-57980B212A5A): 9
LogDevObjectVersion:   Dev-VR (D7296918-1DD6-4BDD-9DE2-64A83CC13884): 2
LogDevObjectVersion:   Dev-LoadTimes (C2A15278-BFE7-4AFE-6C17-90FF531DF755): 1
LogDevObjectVersion:   Private-Geometry (6EACA3D4-40EC-4CC1-B786-8BED09428FC5): 3
LogDevObjectVersion:   Dev-AnimPhys (29E575DD-E0A3-4627-9D10-D276232CDCEA): 17
LogDevObjectVersion:   Dev-ReflectionCapture (6B266CEC-1EC7-4B8F-A30B-E4D90942FC07): 1
LogDevObjectVersion:   Dev-Automation (0DF73D61-A23F-47EA-B727-89E90C41499A): 1
LogDevObjectVersion:   FortniteMain (601D1886-AC64-4F84-AA16-D3DE0DEAC7D6): 12
LogDevObjectVersion:   Dev-Enterprise (9DFFBCD6-494F-0158-E221-12823C92A888): 1
LogStreaming: Display: Took  0.002s to delete old logs.
LogInit: Presizing for max 8388607 objects, including 0 objects not considered by GC, pre-allocating 0 bytes for permanent pool.
LogInit: Object subsystem initialized
[2019.02.28-00.50.03:240][  0]LogInit: Selected Device Profile: [Windows]
[2019.02.28-00.50.03:240][  0]LogInit: Applying CVar settings loaded from the selected device profile: [Windows]
[2019.02.28-00.50.03:250][  0]LogHAL: Display: Platform has ~ 8 GB [8523337728 / 8589934592 / 8], which maps to Default [LargestMinGB=32, LargerMinGB=12, DefaultMinGB=8, SmallerMinGB=6, SmallestMinGB=0)
[2019.02.28-00.50.03:250][  0]LogInit: Setting Device Profile CVar: [[r.Vulkan.UseRealUBs:1]]
[2019.02.28-00.50.03:250][  0]LogInit: Going up to parent DeviceProfile []
[2019.02.28-00.50.03:250][  0]LogInit: Computer: DESKTOP-IF8BQD3
[2019.02.28-00.50.03:250][  0]LogInit: User: ChiyokoYumi
[2019.02.28-00.50.03:250][  0]LogInit: CPU Page size=4096, Cores=6
[2019.02.28-00.50.03:250][  0]LogInit: High frequency timer resolution =10.000000 MHz
[2019.02.28-00.50.03:251][  0]LogMemory: Memory total: Physical=7.9GB (8GB approx)
[2019.02.28-00.50.03:251][  0]LogMemory: Platform Memory Stats for Windows
[2019.02.28-00.50.03:251][  0]LogMemory: Process Physical Memory: 101.38 MB used, 101.39 MB peak
[2019.02.28-00.50.03:251][  0]LogMemory: Process Virtual Memory: 92.68 MB used, 92.68 MB peak
[2019.02.28-00.50.03:251][  0]LogMemory: Physical Memory: 5955.32 MB used,  2173.17 MB free, 8128.49 MB total
[2019.02.28-00.50.03:251][  0]LogMemory: Virtual Memory: 4626.13 MB used,  2173.17 MB free, 134217728.00 MB total
[2019.02.28-00.50.03:291][  0]LogInit: Using OS detected language (en-US).
[2019.02.28-00.50.03:291][  0]LogInit: Using OS detected locale (en-CA).
[2019.02.28-00.50.03:294][  0]LogTextLocalizationManager: No specific localization for 'en-US' exists, so the 'en' localization will be used.
[2019.02.28-00.50.03:683][  0]LogStreaming: Display: Took  0.391s to InitEngineTextLocalization.
[2019.02.28-00.50.03:683][  0]LogInit: Setting process to per monitor DPI aware
[2019.02.28-00.50.03:735][  0]LogSlate: New Slate User Created.  User Index 0, Is Virtual User: 0
[2019.02.28-00.50.03:735][  0]LogSlate: Slate User Registered.  User Index 0, Is Virtual User: 0
[2019.02.28-00.50.03:984][  0]LogHMD: Failed to initialize OpenVR with code 110
[2019.02.28-00.50.03:984][  0]LogD3D11RHI: D3D11 adapters:
[2019.02.28-00.50.04:068][  0]LogD3D11RHI:    0. 'NVIDIA GeForce GTX 1050 Ti' (Feature Level 11_0)
[2019.02.28-00.50.04:068][  0]LogD3D11RHI:       4018/0/4064 MB DedicatedVideo/DedicatedSystem/SharedSystem, Outputs:1, VendorId:0x10de
[2019.02.28-00.50.04:072][  0]LogD3D11RHI:    1. 'Microsoft Basic Render Driver' (Feature Level 11_0)
[2019.02.28-00.50.04:072][  0]LogD3D11RHI:       0/0/4064 MB DedicatedVideo/DedicatedSystem/SharedSystem, Outputs:0, VendorId:0x1414
[2019.02.28-00.50.04:072][  0]LogD3D11RHI: Chosen D3D11 Adapter: 0
[2019.02.28-00.50.04:082][  0]LogD3D11RHI: Creating new Direct3DDevice
[2019.02.28-00.50.04:082][  0]LogD3D11RHI:     GPU DeviceId: 0x1c82 (for the marketing name, search the web for "GPU Device Id")
[2019.02.28-00.50.04:082][  0]LogWindows: EnumDisplayDevices:
[2019.02.28-00.50.04:082][  0]LogWindows:    0. 'NVIDIA GeForce GTX 1050 Ti' (P:1 D:1)
[2019.02.28-00.50.04:082][  0]LogWindows:    1. 'NVIDIA GeForce GTX 1050 Ti' (P:0 D:0)
[2019.02.28-00.50.04:083][  0]LogWindows:    2. 'NVIDIA GeForce GTX 1050 Ti' (P:0 D:0)
[2019.02.28-00.50.04:083][  0]LogWindows:    3. 'NVIDIA GeForce GTX 1050 Ti' (P:0 D:0)
[2019.02.28-00.50.04:083][  0]LogWindows: DebugString: FoundDriverCount:4 
[2019.02.28-00.50.04:084][  0]LogD3D11RHI:     Adapter Name: NVIDIA GeForce GTX 1050 Ti
[2019.02.28-00.50.04:084][  0]LogD3D11RHI:   Driver Version: 418.81 (internal:25.21.14.1881, unified:418.81)
[2019.02.28-00.50.04:084][  0]LogD3D11RHI:      Driver Date: 1-30-2019
[2019.02.28-00.50.04:084][  0]LogRHI: Texture pool is 2812 MB (70% of 4018 MB)
[2019.02.28-00.50.04:127][  0]LogD3D11RHI: Async texture creation enabled
[2019.02.28-00.50.04:146][  0]LogD3D11RHI: GPU Timing Frequency: 1000.000000 (Debug: 2 1)
[2019.02.28-00.50.04:149][  0]LogShaderCompilers: Guid format shader working directory is -54 characters bigger than the processId version (../../../../GitHub/Math-Assignment_1/Math_Assignment_1/Game260Development/Resources/VehicleMovement/Intermediate/Shaders/WorkingDirectory/19116/).
[2019.02.28-00.50.04:150][  0]LogShaderCompilers: Cleaned the shader compiler working directory 'C:/Users/nicom/AppData/Local/Temp/UnrealShaderWorkingDir/B2679D2A49095773458F67874F26AE89/'.
[2019.02.28-00.50.04:608][  0]LogTemp: Display: Loaded TP AllDesktopTargetPlatform
[2019.02.28-00.50.04:622][  0]LogTemp: Display: Loaded TP MacClientTargetPlatform
[2019.02.28-00.50.04:638][  0]LogTemp: Display: Loaded TP MacNoEditorTargetPlatform
[2019.02.28-00.50.04:655][  0]LogTemp: Display: Loaded TP MacServerTargetPlatform
[2019.02.28-00.50.04:671][  0]LogTemp: Display: Loaded TP MacTargetPlatform
[2019.02.28-00.50.04:687][  0]LogTemp: Display: Loaded TP WindowsClientTargetPlatform
[2019.02.28-00.50.04:702][  0]LogTemp: Display: Loaded TP WindowsNoEditorTargetPlatform
[2019.02.28-00.50.04:717][  0]LogTemp: Display: Loaded TP WindowsServerTargetPlatform
[2019.02.28-00.50.04:725][  0]LogTemp: Display: Loaded TP WindowsTargetPlatform
[2019.02.28-00.50.04:803][  0]LogTemp: Display: Loaded TP AndroidTargetPlatform
[2019.02.28-00.50.04:803][  0]LogTemp: Display: Loaded TP AndroidTargetPlatform
[2019.02.28-00.50.04:803][  0]LogTemp: Display: Loaded TP AndroidTargetPlatform
[2019.02.28-00.50.04:803][  0]LogTemp: Display: Loaded TP AndroidTargetPlatform
[2019.02.28-00.50.04:803][  0]LogTemp: Display: Loaded TP AndroidTargetPlatform
[2019.02.28-00.50.04:803][  0]LogTemp: Display: Loaded TP AndroidTargetPlatform
[2019.02.28-00.50.04:803][  0]LogTemp: Display: Loaded TP AndroidTargetPlatform
[2019.02.28-00.50.04:803][  0]LogTemp: Display: Loaded TP AndroidTargetPlatform
[2019.02.28-00.50.04:803][  0]LogTemp: Display: Loaded TP AndroidTargetPlatform
[2019.02.28-00.50.04:803][  0]LogTemp: Display: Loaded TP AndroidTargetPlatform
[2019.02.28-00.50.04:803][  0]LogTemp: Display: Loaded TP AndroidTargetPlatform
[2019.02.28-00.50.04:803][  0]LogTemp: Display: Loaded TP AndroidTargetPlatform
[2019.02.28-00.50.04:803][  0]LogTemp: Display: Loaded TP AndroidTargetPlatform
[2019.02.28-00.50.04:803][  0]LogTemp: Display: Loaded TP AndroidTargetPlatform
[2019.02.28-00.50.04:803][  0]LogTemp: Display: Loaded TP AndroidTargetPlatform
[2019.02.28-00.50.04:803][  0]LogTemp: Display: Loaded TP AndroidTargetPlatform
[2019.02.28-00.50.04:803][  0]LogTemp: Display: Loaded TP AndroidTargetPlatform
[2019.02.28-00.50.04:803][  0]LogTemp: Display: Loaded TP AndroidTargetPlatform
[2019.02.28-00.50.04:805][  0]LogTemp: Display: Loaded TP HTML5TargetPlatform
[2019.02.28-00.50.04:869][  0]LogTemp: Display: Loaded TP IOSTargetPlatform
[2019.02.28-00.50.04:869][  0]LogTemp: Display: Loaded TP IOSTargetPlatform
[2019.02.28-00.50.04:892][  0]LogTemp: Display: Loaded TP TVOSTargetPlatform
[2019.02.28-00.50.04:892][  0]LogTemp: Display: Loaded TP TVOSTargetPlatform
[2019.02.28-00.50.04:905][  0]LogTemp: Display: Loaded TP LinuxClientTargetPlatform
[2019.02.28-00.50.04:919][  0]LogTemp: Display: Loaded TP LinuxNoEditorTargetPlatform
[2019.02.28-00.50.04:932][  0]LogTemp: Display: Loaded TP LinuxServerTargetPlatform
[2019.02.28-00.50.04:945][  0]LogTemp: Display: Loaded TP LinuxTargetPlatform
[2019.02.28-00.50.04:955][  0]LogTemp: Display: Loaded TP LuminTargetPlatform
[2019.02.28-00.50.04:955][  0]LogTargetPlatformManager: Display: Building Assets For Windows
[2019.02.28-00.50.05:289][  0]LogXGEController: Cannot use XGE Controller as Incredibuild is not installed on this machine.
[2019.02.28-00.50.05:289][  0]LogShaderCompilers: Cannot use XGE Shader Compiler as Incredibuild is not installed on this machine.
[2019.02.28-00.50.05:289][  0]LogShaderCompilers: Display: Using Local Shader Compiler.
[2019.02.28-00.50.05:949][  0]LogDerivedDataCache: Display: Max Cache Size: 512 MB
[2019.02.28-00.50.06:037][  0]LogDerivedDataCache: Loaded boot cache 0.09s 75MB C:/Users/nicom/AppData/Local/UnrealEngine/4.20/DerivedDataCache/Boot.ddc.
[2019.02.28-00.50.06:038][  0]LogDerivedDataCache: Display: Loaded Boot cache: C:/Users/nicom/AppData/Local/UnrealEngine/4.20/DerivedDataCache/Boot.ddc
[2019.02.28-00.50.06:038][  0]LogDerivedDataCache: FDerivedDataBackendGraph:  Pak pak cache file ../../../../GitHub/Math-Assignment_1/Math_Assignment_1/Game260Development/Resources/VehicleMovement/DerivedDataCache/DDC.ddp not found, will not use a pak cache.
[2019.02.28-00.50.06:038][  0]LogDerivedDataCache: Unable to find inner node Pak for hierarchical cache Hierarchy.
[2019.02.28-00.50.06:038][  0]LogDerivedDataCache: FDerivedDataBackendGraph:  CompressedPak pak cache file ../../../../GitHub/Math-Assignment_1/Math_Assignment_1/Game260Development/Resources/VehicleMovement/DerivedDataCache/Compressed.ddp not found, will not use a pak cache.
[2019.02.28-00.50.06:038][  0]LogDerivedDataCache: Unable to find inner node CompressedPak for hierarchical cache Hierarchy.
[2019.02.28-00.50.06:051][  0]LogDerivedDataCache: Display: Pak cache opened for reading ../../../Engine/DerivedDataCache/Compressed.ddp.
[2019.02.28-00.50.06:064][  0]LogDerivedDataCache: Using Local data cache path C:/Users/nicom/AppData/Local/UnrealEngine/Common/DerivedDataCache: Writable
[2019.02.28-00.50.06:064][  0]LogDerivedDataCache: Shared data cache path not found in *engine.ini, will not use an Shared cache.
[2019.02.28-00.50.06:064][  0]LogDerivedDataCache: Unable to find inner node Shared for hierarchical cache Hierarchy.
[2019.02.28-00.50.06:082][  0]LogMaterial: Verifying Global Shaders for PCD3D_SM5
[2019.02.28-00.50.06:083][  0]LogSlate: Using FreeType 2.6.0
[2019.02.28-00.50.06:084][  0]LogSlate: SlateFontServices - WITH_FREETYPE: 1, WITH_HARFBUZZ: 1
[2019.02.28-00.50.06:194][  0]LogAssetRegistry: FAssetRegistry took 0.0258 seconds to start up
[2019.02.28-00.50.06:504][  0]LogInit: Selected Device Profile: [Windows]
[2019.02.28-00.50.06:646][  0]LogSimplygon: Simplygon DLL not present - disabling.
[2019.02.28-00.50.06:656][  0]LogMeshReduction: Using SimplygonSwarm for distributed automatic mesh merging
[2019.02.28-00.50.06:656][  0]LogMeshReduction: Using ProxyLODMeshReduction for automatic mesh merging
[2019.02.28-00.50.06:656][  0]LogMeshReduction: Using QuadricMeshReduction for automatic static mesh reduction
[2019.02.28-00.50.06:656][  0]LogMeshReduction: No automatic skeletal mesh reduction module available
[2019.02.28-00.50.06:673][  0]LogNetVersion: VehicleMovement 1.0.0, NetCL: 4212847, EngineNetVer: 5, GameNetVer: 0 (Checksum: 2966596176)
[2019.02.28-00.50.07:276][  0]LogPackageLocalizationCache: Processed 11 localized package path(s) for 2 prioritized culture(s) in 0.133319 seconds
[2019.02.28-00.50.07:282][  0]LogUObjectArray: 38425 objects as part of root set at end of initial load.
[2019.02.28-00.50.07:282][  0]LogUObjectAllocator: 6690864 out of 0 bytes used by permanent object pool.
[2019.02.28-00.50.07:282][  0]LogUObjectArray: CloseDisregardForGC: 0/0 objects in disregard for GC pool
[2019.02.28-00.50.10:124][  0]LogConfig: Warning: Failed to saved backup for config[InternationalizationExport]
[2019.02.28-00.50.10:629][  0]LogTcpMessaging: Initializing TcpMessaging bridge
[2019.02.28-00.50.10:694][  0]LogUdpMessaging: Initializing bridge on interface 0.0.0.0:0 to multicast group 230.0.0.1:6666.
[2019.02.28-00.50.11:769][  0]SourceControl: Source control is disabled
[2019.02.28-00.50.11:769][  0]SourceControl: Source control is disabled
[2019.02.28-00.50.11:849][  0]SourceControl: Source control is disabled
[2019.02.28-00.50.11:887][  0]SourceControl: Source control is disabled
[2019.02.28-00.50.13:299][  0]LogAndroidPermission: UAndroidPermissionCallbackProxy::GetInstance
[2019.02.28-00.50.13:668][  0]LogOcInput: OculusInput pre-init called
[2019.02.28-00.50.13:903][  0]LogEngine: Initializing Engine...
[2019.02.28-00.50.13:904][  0]LogHMD: Failed to initialize OpenVR with code 110
[2019.02.28-00.50.13:923][  0]LogStats: UGameplayTagsManager::ConstructGameplayTagTree: ImportINI prefixes -  0.000 s
[2019.02.28-00.50.13:923][  0]LogStats: UGameplayTagsManager::ConstructGameplayTagTree: Construct from data asset -  0.000 s
[2019.02.28-00.50.13:923][  0]LogStats: UGameplayTagsManager::ConstructGameplayTagTree: ImportINI -  0.000 s
[2019.02.28-00.50.13:923][  0]LogStats: UGameplayTagsManager::ConstructGameplayTagTree: GameplayTagTreeChangedEvent.Broadcast -  0.000 s
[2019.02.28-00.50.14:460][  0]LogInit: Initializing FReadOnlyCVARCache
[2019.02.28-00.50.14:760][  0]LogAIModule: Creating AISystem for world Untitled
[2019.02.28-00.50.14:951][  0]LogInit: XAudio2 using 'Speakers (Realtek(R) Audio)' : 2 channels at 48 kHz using 32 bits per sample (channel mask 0x3)
[2019.02.28-00.50.15:007][  0]LogInit: FAudioDevice initialized.
[2019.02.28-00.50.15:007][  0]LogNetVersion: Set ProjectVersion to 1.0.0.0. Version Checksum will be recalculated on next use.
[2019.02.28-00.50.15:111][  0]LogDerivedDataCache: Saved boot cache 0.10s 75MB C:/Users/nicom/AppData/Local/UnrealEngine/4.20/DerivedDataCache/Boot.ddc.
[2019.02.28-00.50.15:114][  0]LogInit: Texture streaming: Enabled
[2019.02.28-00.50.15:320][  0]LogEngineSessionManager: EngineSessionManager initialized
[2019.02.28-00.50.15:430][  0]LogInit: Transaction tracking system initialized
[2019.02.28-00.50.15:683][  0]BlueprintLog: New page: Editor Load
[2019.02.28-00.50.16:749][  0]LocalizationService: Localization service is disabled
[2019.02.28-00.50.19:559][  0]LogCook: Display: Max memory allowance for cook 16384mb min free memory 0mb
[2019.02.28-00.50.19:559][  0]LogCook: Display: Mobile HDR setting 1
[2019.02.28-00.50.19:559][  0]LogGameplayTags: Display: UGameplayTagsManager::DoneAddingNativeTags. DelegateIsBound: 0
[2019.02.28-00.50.19:559][  0]LogStats: UGameplayTagsManager::ConstructGameplayTagTree: ImportINI prefixes -  0.000 s
[2019.02.28-00.50.19:559][  0]LogStats: UGameplayTagsManager::ConstructGameplayTagTree: Construct from data asset -  0.000 s
[2019.02.28-00.50.19:559][  0]LogStats: UGameplayTagsManager::ConstructGameplayTagTree: ImportINI -  0.000 s
[2019.02.28-00.50.19:559][  0]LogStats: UGameplayTagsManager::ConstructGameplayTagTree: GameplayTagTreeChangedEvent.Broadcast -  0.000 s
[2019.02.28-00.50.20:834][  0]LogFileCache: Scanning file cache for directory 'D:/GitHub/Math-Assignment_1/Math_Assignment_1/Game260Development/Resources/VehicleMovement/Content/' took 0.02s
[2019.02.28-00.50.22:685][  0]SourceControl: Source control is disabled
[2019.02.28-00.50.22:687][  0]LightingResults: New page: Lighting Build
[2019.02.28-00.50.22:784][  0]MapCheck: New page: Map Check
[2019.02.28-00.50.22:784][  0]LightingResults: New page: Lighting Build
[2019.02.28-00.50.25:193][  0]LogAIModule: Creating AISystem for world VehicleExampleMap
[2019.02.28-00.50.25:371][  0]LogEditorServer: Finished looking for orphan Actors (0.000 secs)
[2019.02.28-00.50.25:397][  0]Cmd: MAP CHECKDEP NOCLEARLOG
[2019.02.28-00.50.25:466][  0]MapCheck: Map check complete: 0 Error(s), 0 Warning(s), took 68.847ms to complete.
[2019.02.28-00.50.25:466][  0]LogFileHelpers: Loading map 'VehicleExampleMap' took 2.781
[2019.02.28-00.50.25:681][  0]LogSlate: Updating window title bar state: overlay mode, drag disabled, window buttons hidden, title bar hidden
[2019.02.28-00.50.25:687][  0]LogSlate: Updating window title bar state: overlay mode, drag disabled, window buttons hidden, title bar hidden
[2019.02.28-00.50.25:695][  0]LogSlate: Updating window title bar state: overlay mode, drag disabled, window buttons hidden, title bar hidden
[2019.02.28-00.50.25:702][  0]LogSlate: Updating window title bar state: overlay mode, drag disabled, window buttons hidden, title bar hidden
[2019.02.28-00.50.25:782][  0]LogCollectionManager: Loaded 0 collections in 0.004754 seconds
[2019.02.28-00.50.25:833][  0]LogFileCache: Scanning file cache for directory 'D:/GitHub/Math-Assignment_1/Math_Assignment_1/Game260Development/Resources/VehicleMovement/Saved/Collections/' took 0.01s
[2019.02.28-00.50.25:833][  0]LogFileCache: Scanning file cache for directory 'D:/GitHub/Math-Assignment_1/Math_Assignment_1/Game260Development/Resources/VehicleMovement/Content/Developers/ChiyokoYumi/Collections/' took 0.01s
[2019.02.28-00.50.25:833][  0]LogFileCache: Scanning file cache for directory 'D:/GitHub/Math-Assignment_1/Math_Assignment_1/Game260Development/Resources/VehicleMovement/Content/Collections/' took 0.01s
[2019.02.28-00.50.25:833][  0]LogCollectionManager: Rebuilt the GUID cache for 0 collections in 0.000000 seconds
[2019.02.28-00.50.25:844][  0]LogContentBrowser: Native class hierarchy populated in 0.0100 seconds. Added 2585 classes and 608 folders.
[2019.02.28-00.50.25:862][  0]LogContentBrowser: Native class hierarchy updated for 'WidgetCarousel' in 0.0009 seconds. Added 0 classes and 0 folders.
[2019.02.28-00.50.26:935][  0]LogContentBrowser: Native class hierarchy updated for 'AddContentDialog' in 0.0006 seconds. Added 0 classes and 0 folders.
[2019.02.28-00.50.27:035][  0]LogContentBrowser: Native class hierarchy updated for 'SceneOutliner' in 0.0009 seconds. Added 1 classes and 2 folders.
[2019.02.28-00.50.27:176][  0]LogSlate: Took 0.017490 seconds to synchronously load lazily loaded font '../../../Engine/Content/Slate/Fonts/Roboto-Regular.ttf' (155K)
[2019.02.28-00.50.27:187][  0]LogSlate: Took 0.006506 seconds to synchronously load lazily loaded font '../../../Engine/Content/Slate/Fonts/Roboto-Bold.ttf' (160K)
[2019.02.28-00.50.27:219][  0]LogSlate: Took 0.015300 seconds to synchronously load lazily loaded font '../../../Engine/Content/Editor/Slate/Fonts/FontAwesome.ttf' (139K)
[2019.02.28-00.50.27:457][  0]LogRenderer: Reallocating scene render targets to support 1144x572 Format 10 NumSamples 1 (Frame:1).
[2019.02.28-00.50.27:589][  0]LogSlate: Took 0.026791 seconds to synchronously load lazily loaded font '../../../Engine/Content/Slate/Fonts/Roboto-Light.ttf' (167K)
[2019.02.28-00.50.27:786][  0]LogContentBrowser: Native class hierarchy updated for 'HierarchicalLODOutliner' in 0.0008 seconds. Added 0 classes and 0 folders.
[2019.02.28-00.50.27:786][  0]LogLoad: (Engine Initialization) Total time: 28.43 seconds
[2019.02.28-00.50.27:786][  0]LogLoad: (Engine Initialization) Total Blueprint compile time: 0.00 seconds
[2019.02.28-00.50.27:812][  0]LogRawInputWindows: Warning: Found device 0 devices
[2019.02.28-00.50.27:812][  0]LogRawInputWindows: Warning: Found device 0 devices
[2019.02.28-00.50.27:812][  0]LogRawInputWindows: Warning: Device was registered succesfully but not connected (Usage:4 UsagePage:1)
[2019.02.28-00.50.27:812][  0]LogRawInputWindows: Warning: Found device 1 devices
[2019.02.28-00.50.27:812][  0]LogRawInputWindows: Warning: Device was registered succesfully but not connected (Usage:5 UsagePage:1)
[2019.02.28-00.50.27:899][  0]LogContentStreaming: Texture pool size now 1000 MB
[2019.02.28-00.50.28:110][  1]LogAssetRegistry: Asset discovery search completed in 21.9382 seconds
[2019.02.28-00.50.28:112][  1]LogCollectionManager: Rebuilt the object cache for 0 collections in 0.000000 seconds (found 0 objects)
[2019.02.28-00.50.28:112][  1]LogCollectionManager: Fixed up redirectors for 0 collections in 0.000066 seconds (updated 0 objects)
[2019.02.28-00.50.35:754][ 23]LogSlate: FSceneViewport::OnFocusLost() reason 0
[2019.02.28-00.50.41:236][640]LogSlate: Took 0.000284 seconds to synchronously load lazily loaded font '../../../Engine/Content/Slate/Fonts/Roboto-Light.ttf' (167K)
[2019.02.28-00.50.41:245][640]LogAssetEditorManager: Opening Asset editor for Blueprint /Game/BluePrint/MyVehicleMovementGameMode.MyVehicleMovementGameMode
[2019.02.28-00.50.42:128][640]LogContentBrowser: Native class hierarchy updated for 'BlueprintGraph' in 0.0011 seconds. Added 116 classes and 0 folders.
[2019.02.28-00.50.59:553][449]LogSlate: Window 'Pick Parent Class' being destroyed
[2019.02.28-00.51.09:047][563]LogAssetEditorManager: Opening Asset editor for Blueprint /Game/BluePrint/VehicleRank.VehicleRank
[2019.02.28-00.51.10:339][635]LogSlate: Took 0.023646 seconds to synchronously load lazily loaded font '../../../Engine/Content/Slate/Fonts/Roboto-Italic.ttf' (157K)
[2019.02.28-00.51.12:029][805]LogSlate: FSceneViewport::OnFocusLost() reason 0
[2019.02.28-00.51.17:659][424]LogRenderer: Reallocating scene render targets to support 1564x712 Format 10 NumSamples 1 (Frame:388).
[2019.02.28-00.51.18:132][479]LogSlate: Window 'VehicleRank*' being destroyed
[2019.02.28-00.51.34:567][413]LogSlate: Took 0.015848 seconds to synchronously load lazily loaded font '../../../Engine/Content/Slate/Fonts/Roboto-BoldCondensed.ttf' (158K)
[2019.02.28-00.51.49:407][ 41]Cmd: TRANSACTION UNDO
[2019.02.28-00.51.49:407][ 41]LogEditorTransaction: Undo Add New Function
[2019.02.28-00.51.51:927][329]LogEditorTransaction: Undo Add New Function
[2019.02.28-00.51.52:250][366]LogEditorTransaction: Undo Add New Function
[2019.02.28-00.53.33:698][718]LogSlate: Window 'Save Content' being destroyed
[2019.02.28-00.53.41:411][279]LogSlate: FSceneViewport::OnFocusLost() reason 0
[2019.02.28-01.00.28:181][673]LogFileHelpers: Editor autosave (incl. sublevels) for '/Game/VehicleCPP/Maps/VehicleExampleMap' took 0.029
[2019.02.28-01.00.28:207][673]OBJ SavePackage: Generating thumbnails for [0] asset(s) in package [/Game/BluePrint/VehicleRank] ([1] browsable assets)...
[2019.02.28-01.00.28:207][673]OBJ SavePackage: Finished generating thumbnails for package [/Game/BluePrint/VehicleRank]
[2019.02.28-01.00.28:305][673]LogSavePackage: Moving '../../../../GitHub/Math-Assignment_1/Math_Assignment_1/Game260Development/Resources/VehicleMovement/Saved/VehicleRank_Auto16ACD257E4157CFB753B198A59334B858.tmp' to '../../../../GitHub/Math-Assignment_1/Math_Assignment_1/Game260Development/Resources/VehicleMovement/Saved/Autosaves/Game/BluePrint/VehicleRank_Auto1.uasset'
[2019.02.28-01.00.28:318][673]LogFileHelpers: Auto-saving content packages took 0.137
[2019.02.28-01.10.07:950][183]LogSlate: Prevented a slow task dialog from being summoned while a context menu was open
[2019.02.28-01.10.35:070][406]LogTabManager: Warning: Cannot spawn tab because no spawner is registered for 'MyBlueprint'
[2019.02.28-01.11.16:900][568]LogFileHelpers: Editor autosave (incl. sublevels) for '/Game/VehicleCPP/Maps/VehicleExampleMap' took 0.030
[2019.02.28-01.11.16:903][568]OBJ SavePackage: Generating thumbnails for [0] asset(s) in package [/Game/BluePrint/VehicleRank] ([1] browsable assets)...
[2019.02.28-01.11.16:905][568]OBJ SavePackage: Finished generating thumbnails for package [/Game/BluePrint/VehicleRank]
[2019.02.28-01.11.16:924][568]LogSavePackage: Moving '../../../../GitHub/Math-Assignment_1/Math_Assignment_1/Game260Development/Resources/VehicleMovement/Saved/VehicleRank_Auto2E1D15EBE4E502BE8A43BB3A67CFD11BF.tmp' to '../../../../GitHub/Math-Assignment_1/Math_Assignment_1/Game260Development/Resources/VehicleMovement/Saved/Autosaves/Game/BluePrint/VehicleRank_Auto2.uasset'
[2019.02.28-01.11.16:926][568]LogFileHelpers: Auto-saving content packages took 0.025
[2019.02.28-01.13.52:483][328]LogSlate: Took 0.007256 seconds to synchronously load lazily loaded font '../../../Engine/Content/Slate/Fonts/Roboto-BoldCondensedItalic.ttf' (160K)
[2019.02.28-01.21.17:562][699]LogFileHelpers: Editor autosave (incl. sublevels) for '/Game/VehicleCPP/Maps/VehicleExampleMap' took 0.030
[2019.02.28-01.21.17:563][699]OBJ SavePackage: Generating thumbnails for [0] asset(s) in package [/Game/BluePrint/VehicleRank] ([1] browsable assets)...
[2019.02.28-01.21.17:563][699]OBJ SavePackage: Finished generating thumbnails for package [/Game/BluePrint/VehicleRank]
[2019.02.28-01.21.17:579][699]LogSavePackage: Moving '../../../../GitHub/Math-Assignment_1/Math_Assignment_1/Game260Development/Resources/VehicleMovement/Saved/VehicleRank_Auto334AC043C49393DD23FBAE2A8992D5B4F.tmp' to '../../../../GitHub/Math-Assignment_1/Math_Assignment_1/Game260Development/Resources/VehicleMovement/Saved/Autosaves/Game/BluePrint/VehicleRank_Auto3.uasset'
[2019.02.28-01.21.17:581][699]LogFileHelpers: Auto-saving content packages took 0.020
[2019.02.28-01.23.40:317][955]BlueprintLog: New page: Compile VehicleRank
[2019.02.28-01.25.54:837][383]BlueprintLog: New page: Compile VehicleRank
[2019.02.28-01.26.20:974][453]LogTabManager: Warning: Cannot spawn tab because no spawner is registered for 'MyBlueprint'
[2019.02.28-01.31.08:728][549]LogSelectionDetails: Warning: NavigateToFunctionSource:  Unable to find symbols for 'UKismetArrayLibrary::Array_Insert' [Element not found.]
[2019.02.28-01.32.23:123][692]LogFileHelpers: Editor autosave (incl. sublevels) for '/Game/VehicleCPP/Maps/VehicleExampleMap' took 0.032
[2019.02.28-01.32.23:126][692]OBJ SavePackage: Generating thumbnails for [0] asset(s) in package [/Game/BluePrint/VehicleRank] ([1] browsable assets)...
[2019.02.28-01.32.23:126][692]OBJ SavePackage: Finished generating thumbnails for package [/Game/BluePrint/VehicleRank]
[2019.02.28-01.32.23:146][692]LogSavePackage: Moving '../../../../GitHub/Math-Assignment_1/Math_Assignment_1/Game260Development/Resources/VehicleMovement/Saved/VehicleRank_Auto4286EC90443059A09F0BA06AB9BA39C84.tmp' to '../../../../GitHub/Math-Assignment_1/Math_Assignment_1/Game260Development/Resources/VehicleMovement/Saved/Autosaves/Game/BluePrint/VehicleRank_Auto4.uasset'
[2019.02.28-01.32.23:149][692]LogFileHelpers: Auto-saving content packages took 0.025
[2019.02.28-01.40.22:437][604]LogInit: XAudio2 using 'TOSHIBA-TV (NVIDIA High Definition Audio)' : 2 channels at 48 kHz using 16 bits per sample (channel mask 0x3)
[2019.02.28-02.15.51:157][955]LogInit: XAudio2 using 'Speakers (Realtek(R) Audio)' : 2 channels at 48 kHz using 32 bits per sample (channel mask 0x3)
[2019.02.28-02.21.13:619][242]LogTabManager: Warning: Cannot spawn tab because no spawner is registered for 'MyBlueprint'
[2019.02.28-02.22.17:404][877]LogFileHelpers: Editor autosave (incl. sublevels) for '/Game/VehicleCPP/Maps/VehicleExampleMap' took 0.033
[2019.02.28-02.22.17:407][877]OBJ SavePackage: Generating thumbnails for [0] asset(s) in package [/Game/BluePrint/VehicleRank] ([1] browsable assets)...
[2019.02.28-02.22.17:407][877]OBJ SavePackage: Finished generating thumbnails for package [/Game/BluePrint/VehicleRank]
[2019.02.28-02.22.17:426][877]LogSavePackage: Moving '../../../../GitHub/Math-Assignment_1/Math_Assignment_1/Game260Development/Resources/VehicleMovement/Saved/VehicleRank_Auto5D1751BF842A53CCDDBE09DB697AD6DE9.tmp' to '../../../../GitHub/Math-Assignment_1/Math_Assignment_1/Game260Development/Resources/VehicleMovement/Saved/Autosaves/Game/BluePrint/VehicleRank_Auto5.uasset'
[2019.02.28-02.22.17:428][877]LogFileHelpers: Auto-saving content packages took 0.023
[2019.02.28-02.24.12:346][466]LogSlate: Window 'Change Variable Type' being destroyed
[2019.02.28-02.24.31:177][687]LogSlate: Window 'Find in Blueprints' being destroyed
[2019.02.28-02.24.31:180][687]LogSlate: Window 'Find in Blueprints' being destroyed
[2019.02.28-02.24.39:852][704]LogEditorTransaction: Undo Change Parameter Type
[2019.02.28-02.24.40:156][734]LogEditorTransaction: Undo Create Pin Link
[2019.02.28-02.30.10:901][319]LogSlate: Window 'Delete Variable' being destroyed
[2019.02.28-02.32.23:674][566]LogFileHelpers: Editor autosave (incl. sublevels) for '/Game/VehicleCPP/Maps/VehicleExampleMap' took 0.032
[2019.02.28-02.32.23:678][566]OBJ SavePackage: Generating thumbnails for [0] asset(s) in package [/Game/BluePrint/VehicleRank] ([1] browsable assets)...
[2019.02.28-02.32.23:678][566]OBJ SavePackage: Finished generating thumbnails for package [/Game/BluePrint/VehicleRank]
[2019.02.28-02.32.23:700][566]LogSavePackage: Moving '../../../../GitHub/Math-Assignment_1/Math_Assignment_1/Game260Development/Resources/VehicleMovement/Saved/VehicleRank_Auto60F7ADAEC422E0E9E60717A90BA65334E.tmp' to '../../../../GitHub/Math-Assignment_1/Math_Assignment_1/Game260Development/Resources/VehicleMovement/Saved/Autosaves/Game/BluePrint/VehicleRank_Auto6.uasset'
[2019.02.28-02.32.23:702][566]LogFileHelpers: Auto-saving content packages took 0.027
[2019.02.28-02.33.19:397][158]Cmd: TRANSACTION UNDO
[2019.02.28-02.33.19:397][158]LogEditorTransaction: Undo Move Node
[2019.02.28-02.33.19:639][181]LogEditorTransaction: Undo Delete current selection
[2019.02.28-02.33.19:875][205]LogEditorTransaction: Undo Delete current selection
[2019.02.28-02.33.20:230][245]LogEditorTransaction: Undo Create Pin Link
[2019.02.28-02.33.21:365][378]LogEditorTransaction: Undo Create Pin Link
[2019.02.28-02.33.21:719][418]LogEditorTransaction: Undo Move Node
[2019.02.28-02.33.21:999][449]LogEditorTransaction: Undo Move Node
[2019.02.28-02.33.22:272][480]LogEditorTransaction: Undo Delete current selection
[2019.02.28-02.33.22:506][506]LogEditorTransaction: Undo Delete current selection
[2019.02.28-02.33.22:749][533]LogEditorTransaction: Undo Move Node
[2019.02.28-02.33.23:382][607]LogEditorTransaction: Undo Create Pin Link
[2019.02.28-02.33.23:683][641]LogEditorTransaction: Undo Create Pin Link
[2019.02.28-02.33.24:019][679]LogEditorTransaction: Undo Move Node
[2019.02.28-02.33.24:498][734]LogEditorTransaction: Undo Delete current selection
[2019.02.28-02.42.23:929][177]LogFileHelpers: Editor autosave (incl. sublevels) for '/Game/VehicleCPP/Maps/VehicleExampleMap' took 0.036
[2019.02.28-02.42.23:934][177]OBJ SavePackage: Generating thumbnails for [0] asset(s) in package [/Game/BluePrint/VehicleRank] ([1] browsable assets)...
[2019.02.28-02.42.23:934][177]OBJ SavePackage: Finished generating thumbnails for package [/Game/BluePrint/VehicleRank]
[2019.02.28-02.42.23:963][177]LogSavePackage: Moving '../../../../GitHub/Math-Assignment_1/Math_Assignment_1/Game260Development/Resources/VehicleMovement/Saved/VehicleRank_Auto717C6454E40C0BFBA07C1DD89CF8D5723.tmp' to '../../../../GitHub/Math-Assignment_1/Math_Assignment_1/Game260Development/Resources/VehicleMovement/Saved/Autosaves/Game/BluePrint/VehicleRank_Auto7.uasset'
[2019.02.28-02.42.23:965][177]LogFileHelpers: Auto-saving content packages took 0.035
[2019.02.28-02.52.24:471][272]LogFileHelpers: Editor autosave (incl. sublevels) for '/Game/VehicleCPP/Maps/VehicleExampleMap' took 0.044
[2019.02.28-02.52.24:474][272]OBJ SavePackage: Generating thumbnails for [0] asset(s) in package [/Game/BluePrint/VehicleRank] ([1] browsable assets)...
[2019.02.28-02.52.24:474][272]OBJ SavePackage: Finished generating thumbnails for package [/Game/BluePrint/VehicleRank]
[2019.02.28-02.52.24:495][272]LogSavePackage: Moving '../../../../GitHub/Math-Assignment_1/Math_Assignment_1/Game260Development/Resources/VehicleMovement/Saved/VehicleRank_Auto8F335E55F45E369B149F9AD8EDFFEF2D2.tmp' to '../../../../GitHub/Math-Assignment_1/Math_Assignment_1/Game260Development/Resources/VehicleMovement/Saved/Autosaves/Game/BluePrint/VehicleRank_Auto8.uasset'
[2019.02.28-02.52.24:500][272]LogFileHelpers: Auto-saving content packages took 0.028
[2019.02.28-03.01.33:023][365]LogSlate: Prevented a slow task dialog from being summoned while a context menu was open
[2019.02.28-03.17.17:359][471]LogFileHelpers: Editor autosave (incl. sublevels) for '/Game/VehicleCPP/Maps/VehicleExampleMap' took 0.041
[2019.02.28-03.17.17:363][471]OBJ SavePackage: Generating thumbnails for [0] asset(s) in package [/Game/BluePrint/VehicleRank] ([1] browsable assets)...
[2019.02.28-03.17.17:364][471]OBJ SavePackage: Finished generating thumbnails for package [/Game/BluePrint/VehicleRank]
[2019.02.28-03.17.17:382][471]LogSavePackage: Moving '../../../../GitHub/Math-Assignment_1/Math_Assignment_1/Game260Development/Resources/VehicleMovement/Saved/VehicleRank_Auto9DF9E9D5340C7C5F460FBA6AC07BB7CBD.tmp' to '../../../../GitHub/Math-Assignment_1/Math_Assignment_1/Game260Development/Resources/VehicleMovement/Saved/Autosaves/Game/BluePrint/VehicleRank_Auto9.uasset'
[2019.02.28-03.17.17:384][471]LogFileHelpers: Auto-saving content packages took 0.024
[2019.02.28-03.27.19:045][807]LogFileHelpers: Editor autosave (incl. sublevels) for '/Game/VehicleCPP/Maps/VehicleExampleMap' took 0.046
[2019.02.28-03.27.19:047][807]OBJ SavePackage: Generating thumbnails for [0] asset(s) in package [/Game/BluePrint/VehicleRank] ([1] browsable assets)...
[2019.02.28-03.27.19:048][807]OBJ SavePackage: Finished generating thumbnails for package [/Game/BluePrint/VehicleRank]
[2019.02.28-03.27.19:556][807]LogSavePackage: Moving '../../../../GitHub/Math-Assignment_1/Math_Assignment_1/Game260Development/Resources/VehicleMovement/Saved/VehicleRank_Auto02EDB90014094B489C0B0B2989091DCFD.tmp' to '../../../../GitHub/Math-Assignment_1/Math_Assignment_1/Game260Development/Resources/VehicleMovement/Saved/Autosaves/Game/BluePrint/VehicleRank_Auto0.uasset'
[2019.02.28-03.27.19:562][807]LogFileHelpers: Auto-saving content packages took 0.516
[2019.02.28-03.30.20:421][292]LogAssetEditorManager: Opening Asset editor for Blueprint /Engine/EditorBlueprintResources/StandardMacros.StandardMacros
[2019.02.28-03.37.19:594][216]LogFileHelpers: Editor autosave (incl. sublevels) for '/Game/VehicleCPP/Maps/VehicleExampleMap' took 0.114
[2019.02.28-03.37.19:597][216]OBJ SavePackage: Generating thumbnails for [0] asset(s) in package [/Game/BluePrint/VehicleRank] ([1] browsable assets)...
[2019.02.28-03.37.19:597][216]OBJ SavePackage: Finished generating thumbnails for package [/Game/BluePrint/VehicleRank]
[2019.02.28-03.37.19:618][216]LogSavePackage: Moving '../../../../GitHub/Math-Assignment_1/Math_Assignment_1/Game260Development/Resources/VehicleMovement/Saved/VehicleRank_Auto1C21197204E01D9D4A1A2D1AE1B535AA5.tmp' to '../../../../GitHub/Math-Assignment_1/Math_Assignment_1/Game260Development/Resources/VehicleMovement/Saved/Autosaves/Game/BluePrint/VehicleRank_Auto1.uasset'
[2019.02.28-03.37.19:620][216]LogFileHelpers: Auto-saving content packages took 0.025
[2019.02.28-03.47.19:865][767]LogFileHelpers: Editor autosave (incl. sublevels) for '/Game/VehicleCPP/Maps/VehicleExampleMap' took 0.035
[2019.02.28-03.47.19:868][767]OBJ SavePackage: Generating thumbnails for [0] asset(s) in package [/Game/BluePrint/VehicleRank] ([1] browsable assets)...
[2019.02.28-03.47.19:868][767]OBJ SavePackage: Finished generating thumbnails for package [/Game/BluePrint/VehicleRank]
[2019.02.28-03.47.19:913][767]LogSavePackage: Moving '../../../../GitHub/Math-Assignment_1/Math_Assignment_1/Game260Development/Resources/VehicleMovement/Saved/VehicleRank_Auto2575C96BE40109087C8A41B9AA23D9C4D.tmp' to '../../../../GitHub/Math-Assignment_1/Math_Assignment_1/Game260Development/Resources/VehicleMovement/Saved/Autosaves/Game/BluePrint/VehicleRank_Auto2.uasset'
[2019.02.28-03.47.19:916][767]LogFileHelpers: Auto-saving content packages took 0.050
[2019.02.28-03.50.49:877][ 59]LogTabManager: Warning: Cannot spawn tab because no spawner is registered for 'MyBlueprint'
[2019.02.28-03.57.20:607][742]LogFileHelpers: Editor autosave (incl. sublevels) for '/Game/VehicleCPP/Maps/VehicleExampleMap' took 0.035
[2019.02.28-03.57.20:609][742]OBJ SavePackage: Generating thumbnails for [0] asset(s) in package [/Game/BluePrint/VehicleRank] ([1] browsable assets)...
[2019.02.28-03.57.20:609][742]OBJ SavePackage: Finished generating thumbnails for package [/Game/BluePrint/VehicleRank]
[2019.02.28-03.57.20:630][742]LogSavePackage: Moving '../../../../GitHub/Math-Assignment_1/Math_Assignment_1/Game260Development/Resources/VehicleMovement/Saved/VehicleRank_Auto3FFBF55BC40FABC4A534BA895490F6C38.tmp' to '../../../../GitHub/Math-Assignment_1/Math_Assignment_1/Game260Development/Resources/VehicleMovement/Saved/Autosaves/Game/BluePrint/VehicleRank_Auto3.uasset'
[2019.02.28-03.57.20:633][742]LogFileHelpers: Auto-saving content packages took 0.026
[2019.02.28-04.10.54:528][933]LogFileHelpers: Editor autosave (incl. sublevels) for '/Game/VehicleCPP/Maps/VehicleExampleMap' took 0.039
[2019.02.28-04.10.54:530][933]OBJ SavePackage: Generating thumbnails for [0] asset(s) in package [/Game/BluePrint/VehicleRank] ([1] browsable assets)...
[2019.02.28-04.10.54:530][933]OBJ SavePackage: Finished generating thumbnails for package [/Game/BluePrint/VehicleRank]
[2019.02.28-04.10.54:997][933]LogSavePackage: Moving '../../../../GitHub/Math-Assignment_1/Math_Assignment_1/Game260Development/Resources/VehicleMovement/Saved/VehicleRank_Auto4D6E63D7E433C0C9A69F5DD85A08AD06E.tmp' to '../../../../GitHub/Math-Assignment_1/Math_Assignment_1/Game260Development/Resources/VehicleMovement/Saved/Autosaves/Game/BluePrint/VehicleRank_Auto4.uasset'
[2019.02.28-04.10.55:000][933]LogFileHelpers: Auto-saving content packages took 0.471
[2019.02.28-04.38.52:641][ 42]LogFileHelpers: Editor autosave (incl. sublevels) for '/Game/VehicleCPP/Maps/VehicleExampleMap' took 0.032
[2019.02.28-04.38.52:644][ 42]OBJ SavePackage: Generating thumbnails for [0] asset(s) in package [/Game/BluePrint/VehicleRank] ([1] browsable assets)...
[2019.02.28-04.38.52:644][ 42]OBJ SavePackage: Finished generating thumbnails for package [/Game/BluePrint/VehicleRank]
[2019.02.28-04.38.52:665][ 42]LogSavePackage: Moving '../../../../GitHub/Math-Assignment_1/Math_Assignment_1/Game260Development/Resources/VehicleMovement/Saved/VehicleRank_Auto5C5CA3EDE452E40BE891C9BB6571AC00C.tmp' to '../../../../GitHub/Math-Assignment_1/Math_Assignment_1/Game260Development/Resources/VehicleMovement/Saved/Autosaves/Game/BluePrint/VehicleRank_Auto5.uasset'
[2019.02.28-04.38.52:669][ 42]LogFileHelpers: Auto-saving content packages took 0.027
[2019.02.28-04.40.30:984][723]LogEditorTransaction: Undo Add Node
[2019.02.28-04.48.52:773][448]LogFileHelpers: Editor autosave (incl. sublevels) for '/Game/VehicleCPP/Maps/VehicleExampleMap' took 0.031
[2019.02.28-04.48.52:775][448]OBJ SavePackage: Generating thumbnails for [0] asset(s) in package [/Game/BluePrint/VehicleRank] ([1] browsable assets)...
[2019.02.28-04.48.52:776][448]OBJ SavePackage: Finished generating thumbnails for package [/Game/BluePrint/VehicleRank]
[2019.02.28-04.48.53:189][448]LogSavePackage: Moving '../../../../GitHub/Math-Assignment_1/Math_Assignment_1/Game260Development/Resources/VehicleMovement/Saved/VehicleRank_Auto61CFAC79D44A908EA872D9983B158B80B.tmp' to '../../../../GitHub/Math-Assignment_1/Math_Assignment_1/Game260Development/Resources/VehicleMovement/Saved/Autosaves/Game/BluePrint/VehicleRank_Auto6.uasset'
[2019.02.28-04.48.53:192][448]LogFileHelpers: Auto-saving content packages took 0.419
[2019.02.28-04.52.53:669][270]LogSavePackage: Moving '../../../../GitHub/Math-Assignment_1/Math_Assignment_1/Game260Development/Resources/VehicleMovement/Saved/VehicleRankD307804243812797462E8D8479B93440.tmp' to '../../../../GitHub/Math-Assignment_1/Math_Assignment_1/Game260Development/Resources/VehicleMovement/Content/BluePrint/VehicleRank.uasset'
[2019.02.28-04.58.53:104][829]LogFileHelpers: Editor autosave (incl. sublevels) for '/Game/VehicleCPP/Maps/VehicleExampleMap' took 0.033
[2019.02.28-04.58.53:111][829]OBJ SavePackage: Generating thumbnails for [0] asset(s) in package [/Game/BluePrint/VehicleRank] ([1] browsable assets)...
[2019.02.28-04.58.53:111][829]OBJ SavePackage: Finished generating thumbnails for package [/Game/BluePrint/VehicleRank]
[2019.02.28-04.58.53:174][829]LogSavePackage: Moving '../../../../GitHub/Math-Assignment_1/Math_Assignment_1/Game260Development/Resources/VehicleMovement/Saved/VehicleRank_Auto7B53404614B82A6D29DE807924910FD35.tmp' to '../../../../GitHub/Math-Assignment_1/Math_Assignment_1/Game260Development/Resources/VehicleMovement/Saved/Autosaves/Game/BluePrint/VehicleRank_Auto7.uasset'
[2019.02.28-04.58.53:177][829]LogFileHelpers: Auto-saving content packages took 0.068
[2019.02.28-05.00.54:322][976]LogTabManager: Warning: Cannot spawn tab because no spawner is registered for 'MyBlueprint'
[2019.02.28-05.02.57:122][372]LogSelectionDetails: Warning: NavigateToFunctionSource:  Unable to find symbols for 'UKismetArrayLibrary::Array_Add' [Element not found.]
[2019.02.28-05.09.05:037][190]LogFileHelpers: Editor autosave (incl. sublevels) for '/Game/VehicleCPP/Maps/VehicleExampleMap' took 0.032
[2019.02.28-05.09.05:041][190]OBJ SavePackage: Generating thumbnails for [0] asset(s) in package [/Game/BluePrint/VehicleRank] ([1] browsable assets)...
[2019.02.28-05.09.05:041][190]OBJ SavePackage: Finished generating thumbnails for package [/Game/BluePrint/VehicleRank]
[2019.02.28-05.09.05:071][190]LogSavePackage: Moving '../../../../GitHub/Math-Assignment_1/Math_Assignment_1/Game260Development/Resources/VehicleMovement/Saved/VehicleRank_Auto894D7E7A44AA0ECC2318573B29CA28B65.tmp' to '../../../../GitHub/Math-Assignment_1/Math_Assignment_1/Game260Development/Resources/VehicleMovement/Saved/Autosaves/Game/BluePrint/VehicleRank_Auto8.uasset'
[2019.02.28-05.09.05:074][190]LogFileHelpers: Auto-saving content packages took 0.035
[2019.02.28-05.10.12:177][202]LogEditorTransaction: Undo Move Node
[2019.02.28-05.10.13:029][300]LogEditorTransaction: Undo Move Node
[2019.02.28-05.10.13:470][350]LogEditorTransaction: Undo Create Pin Link
[2019.02.28-05.19.10:459][381]LogTabManager: Warning: Cannot spawn tab because no spawner is registered for 'MyBlueprint'
[2019.02.28-05.19.46:013][626]LogFileHelpers: Editor autosave (incl. sublevels) for '/Game/VehicleCPP/Maps/VehicleExampleMap' took 0.033
[2019.02.28-05.19.46:017][626]OBJ SavePackage: Generating thumbnails for [0] asset(s) in package [/Game/BluePrint/VehicleRank] ([1] browsable assets)...
[2019.02.28-05.19.46:017][626]OBJ SavePackage: Finished generating thumbnails for package [/Game/BluePrint/VehicleRank]
[2019.02.28-05.19.46:045][626]LogSavePackage: Moving '../../../../GitHub/Math-Assignment_1/Math_Assignment_1/Game260Development/Resources/VehicleMovement/Saved/VehicleRank_Auto9BBE08D804AA726A53095C580C3AD8CCE.tmp' to '../../../../GitHub/Math-Assignment_1/Math_Assignment_1/Game260Development/Resources/VehicleMovement/Saved/Autosaves/Game/BluePrint/VehicleRank_Auto9.uasset'
[2019.02.28-05.19.46:048][626]LogFileHelpers: Auto-saving content packages took 0.032
[2019.02.28-05.27.26:844][959]LogSlate: Took 0.055394 seconds to synchronously load lazily loaded font '../../../Engine/Content/Slate/Fonts/DroidSansMono.ttf' (77K)
[2019.02.28-05.29.46:382][377]LogFileHelpers: Editor autosave (incl. sublevels) for '/Game/VehicleCPP/Maps/VehicleExampleMap' took 0.033
[2019.02.28-05.29.46:386][377]OBJ SavePackage: Generating thumbnails for [0] asset(s) in package [/Game/BluePrint/VehicleRank] ([1] browsable assets)...
[2019.02.28-05.29.46:386][377]OBJ SavePackage: Finished generating thumbnails for package [/Game/BluePrint/VehicleRank]
[2019.02.28-05.29.46:445][377]LogSavePackage: Moving '../../../../GitHub/Math-Assignment_1/Math_Assignment_1/Game260Development/Resources/VehicleMovement/Saved/VehicleRank_Auto03A372D22433642F7B8E7EEA60853F570.tmp' to '../../../../GitHub/Math-Assignment_1/Math_Assignment_1/Game260Development/Resources/VehicleMovement/Saved/Autosaves/Game/BluePrint/VehicleRank_Auto0.uasset'
[2019.02.28-05.29.46:449][377]LogFileHelpers: Auto-saving content packages took 0.065
[2019.02.28-05.47.45:045][306]LogTabManager: Warning: Cannot spawn tab because no spawner is registered for 'MyBlueprint'
[2019.02.28-05.49.42:676][992]LogFileHelpers: Editor autosave (incl. sublevels) for '/Game/VehicleCPP/Maps/VehicleExampleMap' took 0.035
[2019.02.28-05.49.42:679][992]OBJ SavePackage: Generating thumbnails for [0] asset(s) in package [/Game/BluePrint/VehicleRank] ([1] browsable assets)...
[2019.02.28-05.49.42:679][992]OBJ SavePackage: Finished generating thumbnails for package [/Game/BluePrint/VehicleRank]
[2019.02.28-05.49.42:749][992]LogSavePackage: Moving '../../../../GitHub/Math-Assignment_1/Math_Assignment_1/Game260Development/Resources/VehicleMovement/Saved/VehicleRank_Auto16A2BD5C446CFB78DE2FC548DCB741755.tmp' to '../../../../GitHub/Math-Assignment_1/Math_Assignment_1/Game260Development/Resources/VehicleMovement/Saved/Autosaves/Game/BluePrint/VehicleRank_Auto1.uasset'
[2019.02.28-05.49.42:751][992]LogFileHelpers: Auto-saving content packages took 0.074
[2019.02.28-05.57.12:413][712]BlueprintLog: New page: Compile VehicleRank
[2019.02.28-05.59.42:992][714]LogFileHelpers: Editor autosave (incl. sublevels) for '/Game/VehicleCPP/Maps/VehicleExampleMap' took 0.033
[2019.02.28-05.59.42:996][714]OBJ SavePackage: Generating thumbnails for [0] asset(s) in package [/Game/BluePrint/VehicleRank] ([1] browsable assets)...
[2019.02.28-05.59.42:996][714]OBJ SavePackage: Finished generating thumbnails for package [/Game/BluePrint/VehicleRank]
[2019.02.28-05.59.43:030][714]LogSavePackage: Moving '../../../../GitHub/Math-Assignment_1/Math_Assignment_1/Game260Development/Resources/VehicleMovement/Saved/VehicleRank_Auto203D9B0F54CBDF3CE8673048CAA3F725D.tmp' to '../../../../GitHub/Math-Assignment_1/Math_Assignment_1/Game260Development/Resources/VehicleMovement/Saved/Autosaves/Game/BluePrint/VehicleRank_Auto2.uasset'
[2019.02.28-05.59.43:032][714]LogFileHelpers: Auto-saving content packages took 0.038
[2019.02.28-06.02.47:523][717]LogAssetEditorManager: Opening Asset editor for Blueprint /Engine/EditorBlueprintResources/StandardMacros.StandardMacros
[2019.02.28-06.06.46:097][662]LogSelectionDetails: Warning: NavigateToFunctionSource:  Unable to find symbols for 'UKismetArrayLibrary::Array_Length' [Element not found.]
[2019.02.28-06.10.12:450][859]LogFileHelpers: Editor autosave (incl. sublevels) for '/Game/VehicleCPP/Maps/VehicleExampleMap' took 0.038
[2019.02.28-06.10.12:455][859]OBJ SavePackage: Generating thumbnails for [0] asset(s) in package [/Game/BluePrint/VehicleRank] ([1] browsable assets)...
[2019.02.28-06.10.12:455][859]OBJ SavePackage: Finished generating thumbnails for package [/Game/BluePrint/VehicleRank]
[2019.02.28-06.10.12:492][859]LogSavePackage: Moving '../../../../GitHub/Math-Assignment_1/Math_Assignment_1/Game260Development/Resources/VehicleMovement/Saved/VehicleRank_Auto3B86EBEFE4F7950B02810518107EAEB0D.tmp' to '../../../../GitHub/Math-Assignment_1/Math_Assignment_1/Game260Development/Resources/VehicleMovement/Saved/Autosaves/Game/BluePrint/VehicleRank_Auto3.uasset'
[2019.02.28-06.10.12:495][859]LogFileHelpers: Auto-saving content packages took 0.042
[2019.02.28-06.20.12:604][596]LogFileHelpers: Editor autosave (incl. sublevels) for '/Game/VehicleCPP/Maps/VehicleExampleMap' took 0.031
[2019.02.28-06.20.12:608][596]OBJ SavePackage: Generating thumbnails for [0] asset(s) in package [/Game/BluePrint/VehicleRank] ([1] browsable assets)...
[2019.02.28-06.20.12:608][596]OBJ SavePackage: Finished generating thumbnails for package [/Game/BluePrint/VehicleRank]
[2019.02.28-06.20.12:647][596]LogSavePackage: Moving '../../../../GitHub/Math-Assignment_1/Math_Assignment_1/Game260Development/Resources/VehicleMovement/Saved/VehicleRank_Auto43D47080E45E2280C5907B59D64CA8487.tmp' to '../../../../GitHub/Math-Assignment_1/Math_Assignment_1/Game260Development/Resources/VehicleMovement/Saved/Autosaves/Game/BluePrint/VehicleRank_Auto4.uasset'
[2019.02.28-06.20.12:650][596]LogFileHelpers: Auto-saving content packages took 0.043
[2019.02.28-06.30.47:634][736]LogFileHelpers: Editor autosave (incl. sublevels) for '/Game/VehicleCPP/Maps/VehicleExampleMap' took 0.033
[2019.02.28-06.30.47:638][736]OBJ SavePackage: Generating thumbnails for [0] asset(s) in package [/Game/BluePrint/VehicleRank] ([1] browsable assets)...
[2019.02.28-06.30.47:638][736]OBJ SavePackage: Finished generating thumbnails for package [/Game/BluePrint/VehicleRank]
[2019.02.28-06.30.47:710][736]LogSavePackage: Moving '../../../../GitHub/Math-Assignment_1/Math_Assignment_1/Game260Development/Resources/VehicleMovement/Saved/VehicleRank_Auto5890E37FD46BB1EED4AAC3CAD21F80CB7.tmp' to '../../../../GitHub/Math-Assignment_1/Math_Assignment_1/Game260Development/Resources/VehicleMovement/Saved/Autosaves/Game/BluePrint/VehicleRank_Auto5.uasset'
[2019.02.28-06.30.47:712][736]LogFileHelpers: Auto-saving content packages took 0.076
[2019.02.28-06.34.27:486][710]BlueprintLog: New page: Compile VehicleRank
[2019.02.28-06.41.57:830][ 58]LogFileHelpers: Editor autosave (incl. sublevels) for '/Game/VehicleCPP/Maps/VehicleExampleMap' took 0.034
[2019.02.28-06.41.57:834][ 58]OBJ SavePackage: Generating thumbnails for [0] asset(s) in package [/Game/BluePrint/VehicleRank] ([1] browsable assets)...
[2019.02.28-06.41.57:834][ 58]OBJ SavePackage: Finished generating thumbnails for package [/Game/BluePrint/VehicleRank]
[2019.02.28-06.41.58:351][ 58]LogSavePackage: Moving '../../../../GitHub/Math-Assignment_1/Math_Assignment_1/Game260Development/Resources/VehicleMovement/Saved/VehicleRank_Auto616C62B024AC67DAA77277C8354F392A5.tmp' to '../../../../GitHub/Math-Assignment_1/Math_Assignment_1/Game260Development/Resources/VehicleMovement/Saved/Autosaves/Game/BluePrint/VehicleRank_Auto6.uasset'
[2019.02.28-06.41.58:353][ 58]LogFileHelpers: Auto-saving content packages took 0.522
[2019.02.28-06.42.49:251][102]LogEditorTransaction: Undo Move Nodes
[2019.02.28-06.53.07:475][136]LogFileHelpers: Editor autosave (incl. sublevels) for '/Game/VehicleCPP/Maps/VehicleExampleMap' took 0.031
[2019.02.28-06.53.07:478][136]OBJ SavePackage: Generating thumbnails for [0] asset(s) in package [/Game/BluePrint/VehicleRank] ([1] browsable assets)...
[2019.02.28-06.53.07:478][136]OBJ SavePackage: Finished generating thumbnails for package [/Game/BluePrint/VehicleRank]
[2019.02.28-06.53.07:520][136]LogSavePackage: Moving '../../../../GitHub/Math-Assignment_1/Math_Assignment_1/Game260Development/Resources/VehicleMovement/Saved/VehicleRank_Auto7B9FC0567400FC12596E63A92A344956D.tmp' to '../../../../GitHub/Math-Assignment_1/Math_Assignment_1/Game260Development/Resources/VehicleMovement/Saved/Autosaves/Game/BluePrint/VehicleRank_Auto7.uasset'
[2019.02.28-06.53.07:522][136]LogFileHelpers: Auto-saving content packages took 0.045
[2019.02.28-06.55.59:814][514]BlueprintLog: New page: Compile VehicleRank
[2019.02.28-06.56.00:706][588]LogSavePackage: Moving '../../../../GitHub/Math-Assignment_1/Math_Assignment_1/Game260Development/Resources/VehicleMovement/Saved/VehicleRankB6E8442645E575A230BDA68C4D862E12.tmp' to '../../../../GitHub/Math-Assignment_1/Math_Assignment_1/Game260Development/Resources/VehicleMovement/Content/BluePrint/VehicleRank.uasset'
[2019.02.28-06.56.04:403][ 16]LogSlate: Prevented a slow task dialog from being summoned while a context menu was open
[2019.02.28-06.56.15:126][283]BlueprintLog: New page: Compile MyVehicleMovementGameMode
[2019.02.28-06.56.16:354][382]LogSavePackage: Moving '../../../../GitHub/Math-Assignment_1/Math_Assignment_1/Game260Development/Resources/VehicleMovement/Saved/MyVehicleMovementGameModeCC315E78487EB5C2D2B4EA95B23CD73B.tmp' to '../../../../GitHub/Math-Assignment_1/Math_Assignment_1/Game260Development/Resources/VehicleMovement/Content/BluePrint/MyVehicleMovementGameMode.uasset'
[2019.02.28-06.56.18:510][636]LogTemp: Repeating last play command: Selected Viewport
[2019.02.28-06.56.18:578][636]LogBlueprintUserMessages: Early PlayInEditor Detection: Level '/Game/VehicleCPP/Maps/VehicleExampleMap.VehicleExampleMap:PersistentLevel' has LevelScriptBlueprint '/Game/VehicleCPP/Maps/VehicleExampleMap.VehicleExampleMap:PersistentLevel.VehicleExampleMap' with GeneratedClass '/Game/VehicleCPP/Maps/VehicleExampleMap.VehicleExampleMap_C' with ClassGeneratedBy '/Game/VehicleCPP/Maps/VehicleExampleMap.VehicleExampleMap:PersistentLevel.VehicleExampleMap'
[2019.02.28-06.56.18:601][636]LogPlayLevel: PlayLevel: No blueprints needed recompiling
[2019.02.28-06.56.18:800][636]PIE: New page: PIE session: VehicleExampleMap (Feb 27, 2019, 8:56:18 PM)
[2019.02.28-06.56.18:806][636]LogPlayLevel: Creating play world package: /Game/VehicleCPP/Maps/UEDPIE_0_VehicleExampleMap
[2019.02.28-06.56.19:209][636]LogPlayLevel: PIE: StaticDuplicateObject took: (0.403293s)
[2019.02.28-06.56.19:212][636]LogAIModule: Creating AISystem for world VehicleExampleMap
[2019.02.28-06.56.19:250][636]LogPlayLevel: PIE: World Init took: (0.040659s)
[2019.02.28-06.56.19:250][636]LogPlayLevel: PIE: Created PIE world by copying editor world from /Game/VehicleCPP/Maps/VehicleExampleMap.VehicleExampleMap to /Game/VehicleCPP/Maps/UEDPIE_0_VehicleExampleMap.VehicleExampleMap (0.444266s)
[2019.02.28-06.56.19:413][636]LogInit: XAudio2 using 'Speakers (Realtek(R) Audio)' : 2 channels at 48 kHz using 32 bits per sample (channel mask 0x3)
[2019.02.28-06.56.19:491][636]LogInit: FAudioDevice initialized.
[2019.02.28-06.56.19:617][636]LogLoad: Game class is 'VehicleMovementGameMode'
[2019.02.28-06.56.19:775][636]LogWorld: Bringing World /Game/VehicleCPP/Maps/UEDPIE_0_VehicleExampleMap.VehicleExampleMap up for play (max tick rate 0) at 2019.02.28-01.56.19
[2019.02.28-06.56.19:789][636]LogWorld: Bringing up level for play took: 0.075484
[2019.02.28-06.56.20:058][636]LogContentBrowser: Native class hierarchy updated for 'MovieSceneCapture' in 0.0101 seconds. Added 10 classes and 0 folders.
[2019.02.28-06.56.20:094][636]PIE: Play in editor start time for /Game/VehicleCPP/Maps/UEDPIE_0_VehicleExampleMap 1.644
[2019.02.28-06.56.20:094][636]LogBlueprintUserMessages: Late PlayInEditor Detection: Level '/Game/VehicleCPP/Maps/VehicleExampleMap.VehicleExampleMap:PersistentLevel' has LevelScriptBlueprint '/Game/VehicleCPP/Maps/VehicleExampleMap.VehicleExampleMap:PersistentLevel.VehicleExampleMap' with GeneratedClass '/Game/VehicleCPP/Maps/VehicleExampleMap.VehicleExampleMap_C' with ClassGeneratedBy '/Game/VehicleCPP/Maps/VehicleExampleMap.VehicleExampleMap:PersistentLevel.VehicleExampleMap'
[2019.02.28-06.56.25:515][233]LogBlueprintUserMessages: [CheckPoint_2] Cleared CheckPoint. Number of Checkpoint: 1
[2019.02.28-06.56.25:516][233]LogBlueprintUserMessages: [CheckPoint_2] Cleared CheckPoint. Number of Checkpoint: 2
[2019.02.28-06.56.25:544][235]LogBlueprintUserMessages: [CheckPoint_2] Cleared CheckPoint. Number of Checkpoint: 3
[2019.02.28-06.56.25:553][236]LogBlueprintUserMessages: [CheckPoint_2] Cleared CheckPoint. Number of Checkpoint: 4
[2019.02.28-06.56.25:553][236]LogBlueprintUserMessages: [CheckPoint_2] Cleared CheckPoint. Number of Checkpoint: 5
[2019.02.28-06.56.26:236][318]LogBlueprintUserMessages: [CheckPoint2] Cleared CheckPoint. Number of Checkpoint: 6
[2019.02.28-06.56.26:303][326]LogBlueprintUserMessages: [CheckPoint2] Cleared CheckPoint. Number of Checkpoint: 7
[2019.02.28-06.56.26:312][327]LogBlueprintUserMessages: [CheckPoint2] Cleared CheckPoint. Number of Checkpoint: 8
[2019.02.28-06.56.26:343][330]LogBlueprintUserMessages: [CheckPoint2] Cleared CheckPoint. Number of Checkpoint: 9
[2019.02.28-06.56.26:343][330]LogBlueprintUserMessages: [CheckPoint2] Cleared CheckPoint. Number of Checkpoint: 10
[2019.02.28-06.56.26:344][330]LogBlueprintUserMessages: [CheckPoint2] Cleared CheckPoint. Number of Checkpoint: 11
[2019.02.28-06.56.27:177][430]LogBlueprintUserMessages: [CheckPoint3] Cleared CheckPoint. Number of Checkpoint: 12
[2019.02.28-06.56.27:177][430]LogBlueprintUserMessages: [CheckPoint3] Cleared CheckPoint. Number of Checkpoint: 13
[2019.02.28-06.56.27:268][441]LogBlueprintUserMessages: [CheckPoint3] Cleared CheckPoint. Number of Checkpoint: 14
[2019.02.28-06.56.27:268][441]LogBlueprintUserMessages: [CheckPoint3] Cleared CheckPoint. Number of Checkpoint: 15
[2019.02.28-06.56.27:277][442]LogBlueprintUserMessages: [CheckPoint3] Cleared CheckPoint. Number of Checkpoint: 16
[2019.02.28-06.56.34:807][342]LogBlueprintUserMessages: [CheckPoint3] Wrong Diorection!
[2019.02.28-06.56.34:915][355]LogBlueprintUserMessages: [CheckPoint3] Wrong Diorection!
[2019.02.28-06.56.35:324][404]LogBlueprintUserMessages: [CheckPoint3] Wrong Diorection!
[2019.02.28-06.56.35:341][406]LogBlueprintUserMessages: [CheckPoint3] Wrong Diorection!
[2019.02.28-06.56.36:177][506]LogBlueprintUserMessages: [CheckPoint3] Wrong Diorection!
[2019.02.28-06.56.40:291][998]LogBlueprintUserMessages: [CheckPoint2] Wrong Diorection!
[2019.02.28-06.56.40:291][998]LogBlueprintUserMessages: [CheckPoint2] Wrong Diorection!
[2019.02.28-06.56.40:358][  6]LogBlueprintUserMessages: [CheckPoint2] Wrong Diorection!
[2019.02.28-06.56.40:358][  6]LogBlueprintUserMessages: [CheckPoint2] Wrong Diorection!
[2019.02.28-06.56.40:358][  6]LogBlueprintUserMessages: [CheckPoint2] Wrong Diorection!
[2019.02.28-06.56.41:283][117]LogBlueprintUserMessages: [CheckPoint_2] Wrong Diorection!
[2019.02.28-06.56.41:283][117]LogBlueprintUserMessages: [CheckPoint_2] Wrong Diorection!
[2019.02.28-06.56.41:325][122]LogBlueprintUserMessages: [CheckPoint_2] Wrong Diorection!
[2019.02.28-06.56.41:325][122]LogBlueprintUserMessages: [CheckPoint_2] Wrong Diorection!
[2019.02.28-06.56.41:325][122]LogBlueprintUserMessages: [CheckPoint_2] Wrong Diorection!
[2019.02.28-06.56.48:061][925]LogBlueprintUserMessages: [CheckPoint_2] Cleared CheckPoint. Number of Checkpoint: 17
[2019.02.28-06.56.48:062][925]LogBlueprintUserMessages: [CheckPoint_2] Cleared CheckPoint. Number of Checkpoint: 18
[2019.02.28-06.56.48:094][929]LogBlueprintUserMessages: [CheckPoint_2] Cleared CheckPoint. Number of Checkpoint: 19
[2019.02.28-06.56.48:094][929]LogBlueprintUserMessages: [CheckPoint_2] Cleared CheckPoint. Number of Checkpoint: 20
[2019.02.28-06.56.48:094][929]LogBlueprintUserMessages: [CheckPoint_2] Cleared CheckPoint. Number of Checkpoint: 21
[2019.02.28-06.56.52:752][483]LogBlueprintUserMessages: [CheckPoint2] Cleared CheckPoint. Number of Checkpoint: 22
[2019.02.28-06.56.52:752][483]LogBlueprintUserMessages: [CheckPoint2] Cleared CheckPoint. Number of Checkpoint: 23
[2019.02.28-06.56.52:810][490]LogBlueprintUserMessages: [CheckPoint2] Cleared CheckPoint. Number of Checkpoint: 24
[2019.02.28-06.56.52:810][490]LogBlueprintUserMessages: [CheckPoint2] Cleared CheckPoint. Number of Checkpoint: 25
[2019.02.28-06.56.52:819][491]LogBlueprintUserMessages: [CheckPoint2] Cleared CheckPoint. Number of Checkpoint: 26
[2019.02.28-06.56.53:989][626]LogBlueprintUserMessages: [CheckPoint3] Cleared CheckPoint. Number of Checkpoint: 27
[2019.02.28-06.56.53:989][626]LogBlueprintUserMessages: [CheckPoint3] Cleared CheckPoint. Number of Checkpoint: 28
[2019.02.28-06.56.54:022][630]LogBlueprintUserMessages: [CheckPoint3] Cleared CheckPoint. Number of Checkpoint: 29
[2019.02.28-06.56.54:022][630]LogBlueprintUserMessages: [CheckPoint3] Cleared CheckPoint. Number of Checkpoint: 30
[2019.02.28-06.56.54:022][630]LogBlueprintUserMessages: [CheckPoint3] Cleared CheckPoint. Number of Checkpoint: 31
[2019.02.28-06.57.11:180][673]LogBlueprintUserMessages: [CheckPoint_2] Cleared CheckPoint. Number of Checkpoint: 32
[2019.02.28-06.57.11:188][674]LogBlueprintUserMessages: [CheckPoint_2] Cleared CheckPoint. Number of Checkpoint: 33
[2019.02.28-06.57.11:213][677]LogBlueprintUserMessages: [CheckPoint_2] Cleared CheckPoint. Number of Checkpoint: 34
[2019.02.28-06.57.11:213][677]LogBlueprintUserMessages: [CheckPoint_2] Cleared CheckPoint. Number of Checkpoint: 35
[2019.02.28-06.57.11:213][677]LogBlueprintUserMessages: [CheckPoint_2] Cleared CheckPoint. Number of Checkpoint: 36
[2019.02.28-06.57.11:786][745]LogBlueprintUserMessages: [CheckPoint2] Cleared CheckPoint. Number of Checkpoint: 37
[2019.02.28-06.57.11:786][745]LogBlueprintUserMessages: [CheckPoint2] Cleared CheckPoint. Number of Checkpoint: 38
[2019.02.28-06.57.11:811][748]LogBlueprintUserMessages: [CheckPoint2] Cleared CheckPoint. Number of Checkpoint: 39
[2019.02.28-06.57.11:811][748]LogBlueprintUserMessages: [CheckPoint2] Cleared CheckPoint. Number of Checkpoint: 40
[2019.02.28-06.57.11:819][749]LogBlueprintUserMessages: [CheckPoint2] Cleared CheckPoint. Number of Checkpoint: 41
[2019.02.28-06.57.12:598][842]LogBlueprintUserMessages: [CheckPoint3] Cleared CheckPoint. Number of Checkpoint: 42
[2019.02.28-06.57.12:598][842]LogBlueprintUserMessages: [CheckPoint3] Cleared CheckPoint. Number of Checkpoint: 43
[2019.02.28-06.57.12:631][846]LogBlueprintUserMessages: [CheckPoint3] Cleared CheckPoint. Number of Checkpoint: 44
[2019.02.28-06.57.12:631][846]LogBlueprintUserMessages: [CheckPoint3] Cleared CheckPoint. Number of Checkpoint: 45
[2019.02.28-06.57.12:631][846]LogBlueprintUserMessages: [CheckPoint3] Cleared CheckPoint. Number of Checkpoint: 46
[2019.02.28-06.57.27:190][580]LogBlueprintUserMessages: [CheckPoint_2] Wrong Diorection!
[2019.02.28-06.57.27:224][584]LogBlueprintUserMessages: [CheckPoint_2] Wrong Diorection!
[2019.02.28-06.57.27:224][584]LogBlueprintUserMessages: [CheckPoint_2] Wrong Diorection!
[2019.02.28-06.57.32:783][248]LogBlueprintUserMessages: [CheckPoint_2] Cleared CheckPoint. Number of Checkpoint: 47
[2019.02.28-06.57.32:783][248]LogBlueprintUserMessages: [CheckPoint_2] Cleared CheckPoint. Number of Checkpoint: 48
[2019.02.28-06.57.32:816][252]LogBlueprintUserMessages: [CheckPoint_2] Cleared CheckPoint. Number of Checkpoint: 49
[2019.02.28-06.57.32:816][252]LogBlueprintUserMessages: [CheckPoint_2] Cleared CheckPoint. Number of Checkpoint: 50
[2019.02.28-06.57.32:816][252]LogBlueprintUserMessages: [CheckPoint_2] Cleared CheckPoint. Number of Checkpoint: 51
[2019.02.28-06.57.33:414][323]LogBlueprintUserMessages: [CheckPoint2] Cleared CheckPoint. Number of Checkpoint: 52
[2019.02.28-06.57.33:414][323]LogBlueprintUserMessages: [CheckPoint2] Cleared CheckPoint. Number of Checkpoint: 53
[2019.02.28-06.57.33:439][326]LogBlueprintUserMessages: [CheckPoint2] Cleared CheckPoint. Number of Checkpoint: 54
[2019.02.28-06.57.33:447][327]LogBlueprintUserMessages: [CheckPoint2] Cleared CheckPoint. Number of Checkpoint: 55
[2019.02.28-06.57.33:447][327]LogBlueprintUserMessages: [CheckPoint2] Cleared CheckPoint. Number of Checkpoint: 56
[2019.02.28-06.57.34:238][419]LogBlueprintUserMessages: [CheckPoint3] Cleared CheckPoint. Number of Checkpoint: 57
[2019.02.28-06.57.34:249][420]LogBlueprintUserMessages: [CheckPoint3] Cleared CheckPoint. Number of Checkpoint: 58
[2019.02.28-06.57.34:270][422]LogBlueprintUserMessages: [CheckPoint3] Cleared CheckPoint. Number of Checkpoint: 59
[2019.02.28-06.57.34:270][422]LogBlueprintUserMessages: [CheckPoint3] Cleared CheckPoint. Number of Checkpoint: 60
[2019.02.28-06.57.34:281][423]LogBlueprintUserMessages: [CheckPoint3] Cleared CheckPoint. Number of Checkpoint: 61
[2019.02.28-06.57.42:205][370]LogBlueprintUserMessages: [CheckPoint3] Wrong Diorection!
[2019.02.28-06.57.42:271][378]LogBlueprintUserMessages: [CheckPoint3] Wrong Diorection!
[2019.02.28-06.57.42:280][379]LogBlueprintUserMessages: [CheckPoint3] Wrong Diorection!
[2019.02.28-06.57.42:305][382]LogBlueprintUserMessages: [CheckPoint3] Wrong Diorection!
[2019.02.28-06.57.42:305][382]LogBlueprintUserMessages: [CheckPoint3] Wrong Diorection!
[2019.02.28-06.57.42:313][383]LogBlueprintUserMessages: [CheckPoint3] Wrong Diorection!
[2019.02.28-06.57.43:765][557]LogBlueprintUserMessages: [CheckPoint_2] Wrong Diorection!
[2019.02.28-06.57.43:773][558]LogBlueprintUserMessages: [CheckPoint_2] Wrong Diorection!
[2019.02.28-06.57.43:798][561]LogBlueprintUserMessages: [CheckPoint_2] Wrong Diorection!
[2019.02.28-06.57.43:798][561]LogBlueprintUserMessages: [CheckPoint_2] Wrong Diorection!
[2019.02.28-06.57.43:806][562]LogBlueprintUserMessages: [CheckPoint_2] Wrong Diorection!
[2019.02.28-06.57.49:799][280]LogBlueprintUserMessages: [CheckPoint_2] Cleared CheckPoint. Number of Checkpoint: 62
[2019.02.28-06.57.49:799][280]LogBlueprintUserMessages: [CheckPoint_2] Cleared CheckPoint. Number of Checkpoint: 63
[2019.02.28-06.57.49:823][283]LogBlueprintUserMessages: [CheckPoint_2] Cleared CheckPoint. Number of Checkpoint: 64
[2019.02.28-06.57.49:831][284]LogBlueprintUserMessages: [CheckPoint_2] Cleared CheckPoint. Number of Checkpoint: 65
[2019.02.28-06.57.49:831][284]LogBlueprintUserMessages: [CheckPoint_2] Cleared CheckPoint. Number of Checkpoint: 66
[2019.02.28-06.57.50:398][352]LogBlueprintUserMessages: [CheckPoint2] Cleared CheckPoint. Number of Checkpoint: 67
[2019.02.28-06.57.50:406][353]LogBlueprintUserMessages: [CheckPoint2] Cleared CheckPoint. Number of Checkpoint: 68
[2019.02.28-06.57.50:431][356]LogBlueprintUserMessages: [CheckPoint2] Cleared CheckPoint. Number of Checkpoint: 69
[2019.02.28-06.57.50:432][356]LogBlueprintUserMessages: [CheckPoint2] Cleared CheckPoint. Number of Checkpoint: 70
[2019.02.28-06.57.50:440][357]LogBlueprintUserMessages: [CheckPoint2] Cleared CheckPoint. Number of Checkpoint: 71
[2019.02.28-06.57.51:257][455]LogBlueprintUserMessages: [CheckPoint3] Cleared CheckPoint. Number of Checkpoint: 72
[2019.02.28-06.57.51:274][457]LogBlueprintUserMessages: [CheckPoint3] Cleared CheckPoint. Number of Checkpoint: 73
[2019.02.28-06.57.51:291][459]LogBlueprintUserMessages: [CheckPoint3] Cleared CheckPoint. Number of Checkpoint: 74
[2019.02.28-06.57.51:299][460]LogBlueprintUserMessages: [CheckPoint3] Cleared CheckPoint. Number of Checkpoint: 75
[2019.02.28-06.57.51:307][461]LogBlueprintUserMessages: [CheckPoint3] Cleared CheckPoint. Number of Checkpoint: 76
[2019.02.28-06.58.00:102][513]LogBlueprintUserMessages: [CheckPoint3] Cleared CheckPoint. Number of Checkpoint: 77
[2019.02.28-06.58.00:102][513]LogBlueprintUserMessages: [CheckPoint3] Cleared CheckPoint. Number of Checkpoint: 78
[2019.02.28-06.58.00:127][516]LogBlueprintUserMessages: [CheckPoint3] Cleared CheckPoint. Number of Checkpoint: 79
[2019.02.28-06.58.00:127][516]LogBlueprintUserMessages: [CheckPoint3] Cleared CheckPoint. Number of Checkpoint: 80
[2019.02.28-06.58.00:135][517]LogBlueprintUserMessages: [CheckPoint3] Cleared CheckPoint. Number of Checkpoint: 81
[2019.02.28-06.58.00:135][517]LogBlueprintUserMessages: [CheckPoint3] Cleared CheckPoint. Number of Checkpoint: 82
[2019.02.28-06.58.05:264][130]LogBlueprintUserMessages: [CheckPoint_2] Wrong Diorection!
[2019.02.28-06.58.05:281][132]LogBlueprintUserMessages: [CheckPoint_2] Wrong Diorection!
[2019.02.28-06.58.05:306][135]LogBlueprintUserMessages: [CheckPoint_2] Wrong Diorection!
[2019.02.28-06.58.05:314][136]LogBlueprintUserMessages: [CheckPoint_2] Wrong Diorection!
[2019.02.28-06.58.05:314][136]LogBlueprintUserMessages: [CheckPoint_2] Wrong Diorection!
[2019.02.28-06.58.10:559][764]LogBlueprintUserMessages: [CheckPoint_2] Cleared CheckPoint. Number of Checkpoint: 83
[2019.02.28-06.58.10:559][764]LogBlueprintUserMessages: [CheckPoint_2] Cleared CheckPoint. Number of Checkpoint: 84
[2019.02.28-06.58.10:592][768]LogBlueprintUserMessages: [CheckPoint_2] Cleared CheckPoint. Number of Checkpoint: 85
[2019.02.28-06.58.10:593][768]LogBlueprintUserMessages: [CheckPoint_2] Cleared CheckPoint. Number of Checkpoint: 86
[2019.02.28-06.58.10:601][769]LogBlueprintUserMessages: [CheckPoint_2] Cleared CheckPoint. Number of Checkpoint: 87
[2019.02.28-06.58.11:191][839]LogBlueprintUserMessages: [CheckPoint2] Cleared CheckPoint. Number of Checkpoint: 88
[2019.02.28-06.58.11:191][839]LogBlueprintUserMessages: [CheckPoint2] Cleared CheckPoint. Number of Checkpoint: 89
[2019.02.28-06.58.11:216][842]LogBlueprintUserMessages: [CheckPoint2] Cleared CheckPoint. Number of Checkpoint: 90
[2019.02.28-06.58.11:224][843]LogBlueprintUserMessages: [CheckPoint2] Cleared CheckPoint. Number of Checkpoint: 91
[2019.02.28-06.58.11:224][843]LogBlueprintUserMessages: [CheckPoint2] Cleared CheckPoint. Number of Checkpoint: 92
[2019.02.28-06.58.12:009][937]LogBlueprintUserMessages: [CheckPoint3] Cleared CheckPoint. Number of Checkpoint: 93
[2019.02.28-06.58.12:033][940]LogBlueprintUserMessages: [CheckPoint3] Cleared CheckPoint. Number of Checkpoint: 94
[2019.02.28-06.58.12:034][940]LogBlueprintUserMessages: [CheckPoint3] Cleared CheckPoint. Number of Checkpoint: 95
[2019.02.28-06.58.12:059][943]LogBlueprintUserMessages: [CheckPoint3] Cleared CheckPoint. Number of Checkpoint: 96
[2019.02.28-06.58.12:059][943]LogBlueprintUserMessages: [CheckPoint3] Cleared CheckPoint. Number of Checkpoint: 97
[2019.02.28-06.58.14:689][257]LogBlueprintUserMessages: [CheckPoint3] Wrong Diorection!
[2019.02.28-06.58.14:740][263]LogBlueprintUserMessages: [CheckPoint3] Wrong Diorection!
[2019.02.28-06.58.14:748][264]LogBlueprintUserMessages: [CheckPoint3] Wrong Diorection!
[2019.02.28-06.58.19:076][783]LogBlueprintUserMessages: Early EndPlayMap Detection: Level '/Game/VehicleCPP/Maps/VehicleExampleMap.VehicleExampleMap:PersistentLevel' has LevelScriptBlueprint '/Game/VehicleCPP/Maps/VehicleExampleMap.VehicleExampleMap:PersistentLevel.VehicleExampleMap' with GeneratedClass '/Game/VehicleCPP/Maps/VehicleExampleMap.VehicleExampleMap_C' with ClassGeneratedBy '/Game/VehicleCPP/Maps/VehicleExampleMap.VehicleExampleMap:PersistentLevel.VehicleExampleMap'
[2019.02.28-06.58.19:096][783]LogSlate: Updating window title bar state: overlay mode, drag disabled, window buttons hidden, title bar hidden
[2019.02.28-06.58.19:249][783]LogPlayLevel: Display: Shutting down PIE online subsystems
[2019.02.28-06.58.19:250][783]LogBlueprintUserMessages: Late EndPlayMap Detection: Level '/Game/VehicleCPP/Maps/VehicleExampleMap.VehicleExampleMap:PersistentLevel' has LevelScriptBlueprint '/Game/VehicleCPP/Maps/VehicleExampleMap.VehicleExampleMap:PersistentLevel.VehicleExampleMap' with GeneratedClass '/Game/VehicleCPP/Maps/VehicleExampleMap.VehicleExampleMap_C' with ClassGeneratedBy '/Game/VehicleCPP/Maps/VehicleExampleMap.VehicleExampleMap:PersistentLevel.VehicleExampleMap'
[2019.02.28-06.58.19:299][783]LogSlate: Updating window title bar state: overlay mode, drag disabled, window buttons hidden, title bar hidden
[2019.02.28-06.58.19:360][784]LogPlayLevel: Display: Destroying online subsystem :Context_8
[2019.02.28-06.58.20:341][899]LogSlate: FSceneViewport::OnFocusLost() reason 0
[2019.02.28-07.00.39:476][251]BlueprintLog: New page: Compile VehicleRank
[2019.02.28-07.00.40:976][397]LogSavePackage: Moving '../../../../GitHub/Math-Assignment_1/Math_Assignment_1/Game260Development/Resources/VehicleMovement/Saved/VehicleRank10D0CD9B4CCC40FF453445A1A530FFB4.tmp' to '../../../../GitHub/Math-Assignment_1/Math_Assignment_1/Game260Development/Resources/VehicleMovement/Content/BluePrint/VehicleRank.uasset'
[2019.02.28-07.01.02:513][971]LogTemp: Repeating last play command: Selected Viewport
[2019.02.28-07.01.02:531][971]LogBlueprintUserMessages: Early PlayInEditor Detection: Level '/Game/VehicleCPP/Maps/VehicleExampleMap.VehicleExampleMap:PersistentLevel' has LevelScriptBlueprint '/Game/VehicleCPP/Maps/VehicleExampleMap.VehicleExampleMap:PersistentLevel.VehicleExampleMap' with GeneratedClass '/Game/VehicleCPP/Maps/VehicleExampleMap.VehicleExampleMap_C' with ClassGeneratedBy '/Game/VehicleCPP/Maps/VehicleExampleMap.VehicleExampleMap:PersistentLevel.VehicleExampleMap'
[2019.02.28-07.01.02:531][971]LogPlayLevel: PlayLevel: No blueprints needed recompiling
[2019.02.28-07.01.02:531][971]PIE: New page: PIE session: VehicleExampleMap (Feb 27, 2019, 9:01:02 PM)
[2019.02.28-07.01.02:532][971]LogPlayLevel: Creating play world package: /Game/VehicleCPP/Maps/UEDPIE_0_VehicleExampleMap
[2019.02.28-07.01.02:552][971]LogPlayLevel: PIE: StaticDuplicateObject took: (0.019878s)
[2019.02.28-07.01.02:553][971]LogAIModule: Creating AISystem for world VehicleExampleMap
[2019.02.28-07.01.02:553][971]LogPlayLevel: PIE: World Init took: (0.001302s)
[2019.02.28-07.01.02:553][971]LogPlayLevel: PIE: Created PIE world by copying editor world from /Game/VehicleCPP/Maps/VehicleExampleMap.VehicleExampleMap to /Game/VehicleCPP/Maps/UEDPIE_0_VehicleExampleMap.VehicleExampleMap (0.021533s)
[2019.02.28-07.01.02:652][971]LogInit: XAudio2 using 'Speakers (Realtek(R) Audio)' : 2 channels at 48 kHz using 32 bits per sample (channel mask 0x3)
[2019.02.28-07.01.02:687][971]LogInit: FAudioDevice initialized.
[2019.02.28-07.01.02:706][971]LogSlate: Updating window title bar state: overlay mode, drag disabled, window buttons hidden, title bar hidden
[2019.02.28-07.01.02:747][971]LogLoad: Game class is 'VehicleMovementGameMode'
[2019.02.28-07.01.02:752][971]LogWorld: Bringing World /Game/VehicleCPP/Maps/UEDPIE_0_VehicleExampleMap.VehicleExampleMap up for play (max tick rate 0) at 2019.02.28-02.01.02
[2019.02.28-07.01.02:752][971]LogWorld: Bringing up level for play took: 0.002765
[2019.02.28-07.01.02:775][971]PIE: Play in editor start time for /Game/VehicleCPP/Maps/UEDPIE_0_VehicleExampleMap 0.326
[2019.02.28-07.01.02:786][971]LogBlueprintUserMessages: Late PlayInEditor Detection: Level '/Game/VehicleCPP/Maps/VehicleExampleMap.VehicleExampleMap:PersistentLevel' has LevelScriptBlueprint '/Game/VehicleCPP/Maps/VehicleExampleMap.VehicleExampleMap:PersistentLevel.VehicleExampleMap' with GeneratedClass '/Game/VehicleCPP/Maps/VehicleExampleMap.VehicleExampleMap_C' with ClassGeneratedBy '/Game/VehicleCPP/Maps/VehicleExampleMap.VehicleExampleMap:PersistentLevel.VehicleExampleMap'
[2019.02.28-07.01.02:843][971]LogRenderer: Reallocating scene render targets to support 1564x756 Format 10 NumSamples 1 (Frame:1).
[2019.02.28-07.01.16:516][570]LogBlueprintUserMessages: [CheckPoint_2] Cleared CheckPoint. Number of Checkpoint: 1
[2019.02.28-07.01.16:516][570]LogBlueprintUserMessages: [CheckPoint_2] Cleared CheckPoint. Number of Checkpoint: 2
[2019.02.28-07.01.16:549][574]LogBlueprintUserMessages: [CheckPoint_2] Cleared CheckPoint. Number of Checkpoint: 3
[2019.02.28-07.01.16:549][574]LogBlueprintUserMessages: [CheckPoint_2] Cleared CheckPoint. Number of Checkpoint: 4
[2019.02.28-07.01.16:558][575]LogBlueprintUserMessages: [CheckPoint_2] Cleared CheckPoint. Number of Checkpoint: 5
[2019.02.28-07.01.17:139][643]LogBlueprintUserMessages: [CheckPoint2] Cleared CheckPoint. Number of Checkpoint: 6
[2019.02.28-07.01.17:164][646]LogBlueprintUserMessages: [CheckPoint2] Cleared CheckPoint. Number of Checkpoint: 7
[2019.02.28-07.01.17:164][646]LogBlueprintUserMessages: [CheckPoint2] Cleared CheckPoint. Number of Checkpoint: 8
[2019.02.28-07.01.17:197][650]LogBlueprintUserMessages: [CheckPoint2] Cleared CheckPoint. Number of Checkpoint: 9
[2019.02.28-07.01.17:197][650]LogBlueprintUserMessages: [CheckPoint2] Cleared CheckPoint. Number of Checkpoint: 10
[2019.02.28-07.01.18:151][758]LogBlueprintUserMessages: Early EndPlayMap Detection: Level '/Game/VehicleCPP/Maps/VehicleExampleMap.VehicleExampleMap:PersistentLevel' has LevelScriptBlueprint '/Game/VehicleCPP/Maps/VehicleExampleMap.VehicleExampleMap:PersistentLevel.VehicleExampleMap' with GeneratedClass '/Game/VehicleCPP/Maps/VehicleExampleMap.VehicleExampleMap_C' with ClassGeneratedBy '/Game/VehicleCPP/Maps/VehicleExampleMap.VehicleExampleMap:PersistentLevel.VehicleExampleMap'
[2019.02.28-07.01.18:151][758]LogSlate: Updating window title bar state: overlay mode, drag disabled, window buttons hidden, title bar hidden
[2019.02.28-07.01.18:167][758]LogSlate: Window 'VehicleMovement Game Preview Standalone (64-bit/PCD3D_SM5)' being destroyed
[2019.02.28-07.01.18:206][758]LogPlayLevel: Display: Shutting down PIE online subsystems
[2019.02.28-07.01.18:206][758]LogBlueprintUserMessages: Late EndPlayMap Detection: Level '/Game/VehicleCPP/Maps/VehicleExampleMap.VehicleExampleMap:PersistentLevel' has LevelScriptBlueprint '/Game/VehicleCPP/Maps/VehicleExampleMap.VehicleExampleMap:PersistentLevel.VehicleExampleMap' with GeneratedClass '/Game/VehicleCPP/Maps/VehicleExampleMap.VehicleExampleMap_C' with ClassGeneratedBy '/Game/VehicleCPP/Maps/VehicleExampleMap.VehicleExampleMap:PersistentLevel.VehicleExampleMap'
[2019.02.28-07.01.18:265][759]LogPlayLevel: Display: Destroying online subsystem :Context_9
[2019.02.28-07.03.26:999][118]LogSlate: Prevented a slow task dialog from being summoned while a context menu was open
[2019.02.28-07.03.54:337][370]BlueprintLog: New page: Compile MyVehicleMovementGameMode
[2019.02.28-07.03.56:713][629]LogSavePackage: Moving '../../../../GitHub/Math-Assignment_1/Math_Assignment_1/Game260Development/Resources/VehicleMovement/Saved/MyVehicleMovementGameModeBCA2041C443A55EB0EE2E6B58CEF8BED.tmp' to '../../../../GitHub/Math-Assignment_1/Math_Assignment_1/Game260Development/Resources/VehicleMovement/Content/BluePrint/MyVehicleMovementGameMode.uasset'
[2019.02.28-07.04.14:248][708]LogSlate: FSceneViewport::OnFocusLost() reason 0
[2019.02.28-07.04.19:386][308]LogSlate: FSceneViewport::OnFocusLost() reason 0
[2019.02.28-07.05.05:681][405]LogSlate: Prevented a slow task dialog from being summoned while a context menu was open
[2019.02.28-07.05.38:935][377]LogFileHelpers: Editor autosave (incl. sublevels) for '/Game/VehicleCPP/Maps/VehicleExampleMap' took 0.027
[2019.02.28-07.05.38:938][377]OBJ SavePackage: Generating thumbnails for [0] asset(s) in package [/Game/BluePrint/VehicleRank] ([1] browsable assets)...
[2019.02.28-07.05.38:938][377]OBJ SavePackage: Finished generating thumbnails for package [/Game/BluePrint/VehicleRank]
[2019.02.28-07.05.38:976][377]LogSavePackage: Moving '../../../../GitHub/Math-Assignment_1/Math_Assignment_1/Game260Development/Resources/VehicleMovement/Saved/VehicleRank_Auto80C4064B6431EBC1A48C6248260062717.tmp' to '../../../../GitHub/Math-Assignment_1/Math_Assignment_1/Game260Development/Resources/VehicleMovement/Saved/Autosaves/Game/BluePrint/VehicleRank_Auto8.uasset'
[2019.02.28-07.05.38:979][377]LogFileHelpers: Auto-saving content packages took 0.043
[2019.02.28-07.05.55:941][336]LogTemp: Repeating last play command: Selected Viewport
[2019.02.28-07.05.55:959][336]LogBlueprintUserMessages: Early PlayInEditor Detection: Level '/Game/VehicleCPP/Maps/VehicleExampleMap.VehicleExampleMap:PersistentLevel' has LevelScriptBlueprint '/Game/VehicleCPP/Maps/VehicleExampleMap.VehicleExampleMap:PersistentLevel.VehicleExampleMap' with GeneratedClass '/Game/VehicleCPP/Maps/VehicleExampleMap.VehicleExampleMap_C' with ClassGeneratedBy '/Game/VehicleCPP/Maps/VehicleExampleMap.VehicleExampleMap:PersistentLevel.VehicleExampleMap'
[2019.02.28-07.05.55:959][336]LogPlayLevel: PlayLevel: No blueprints needed recompiling
[2019.02.28-07.05.55:959][336]PIE: New page: PIE session: VehicleExampleMap (Feb 27, 2019, 9:05:55 PM)
[2019.02.28-07.05.55:959][336]LogPlayLevel: Creating play world package: /Game/VehicleCPP/Maps/UEDPIE_0_VehicleExampleMap
[2019.02.28-07.05.55:981][336]LogPlayLevel: PIE: StaticDuplicateObject took: (0.021689s)
[2019.02.28-07.05.55:982][336]LogAIModule: Creating AISystem for world VehicleExampleMap
[2019.02.28-07.05.55:983][336]LogPlayLevel: PIE: World Init took: (0.001322s)
[2019.02.28-07.05.55:983][336]LogPlayLevel: PIE: Created PIE world by copying editor world from /Game/VehicleCPP/Maps/VehicleExampleMap.VehicleExampleMap to /Game/VehicleCPP/Maps/UEDPIE_0_VehicleExampleMap.VehicleExampleMap (0.023236s)
[2019.02.28-07.05.56:084][336]LogInit: XAudio2 using 'Speakers (Realtek(R) Audio)' : 2 channels at 48 kHz using 32 bits per sample (channel mask 0x3)
[2019.02.28-07.05.56:116][336]LogInit: FAudioDevice initialized.
[2019.02.28-07.05.56:150][336]LogLoad: Game class is 'MyVehicleMovementGameMode_C'
[2019.02.28-07.05.56:155][336]LogWorld: Bringing World /Game/VehicleCPP/Maps/UEDPIE_0_VehicleExampleMap.VehicleExampleMap up for play (max tick rate 0) at 2019.02.28-02.05.56
[2019.02.28-07.05.56:167][336]LogGameState: Error: Mixing AGameState with AGameModeBase is not compatible. Change AGameModeBase subclass (MyVehicleMovementGameMode_C) to derive from AGameMode, or make both derive from Base
[2019.02.28-07.05.56:168][336]LogWorld: Bringing up level for play took: 0.015282
[2019.02.28-07.05.56:183][336]PIE: Play in editor start time for /Game/VehicleCPP/Maps/UEDPIE_0_VehicleExampleMap -0.266
[2019.02.28-07.05.56:184][336]LogBlueprintUserMessages: Late PlayInEditor Detection: Level '/Game/VehicleCPP/Maps/VehicleExampleMap.VehicleExampleMap:PersistentLevel' has LevelScriptBlueprint '/Game/VehicleCPP/Maps/VehicleExampleMap.VehicleExampleMap:PersistentLevel.VehicleExampleMap' with GeneratedClass '/Game/VehicleCPP/Maps/VehicleExampleMap.VehicleExampleMap_C' with ClassGeneratedBy '/Game/VehicleCPP/Maps/VehicleExampleMap.VehicleExampleMap:PersistentLevel.VehicleExampleMap'
[2019.02.28-07.06.04:053][336]LogWindows: Error: === Critical error: ===
[2019.02.28-07.06.04:053][336]LogWindows: Error: 
[2019.02.28-07.06.04:053][336]LogWindows: Error: Fatal error!
[2019.02.28-07.06.04:053][336]LogWindows: Error: 
[2019.02.28-07.06.04:053][336]LogWindows: Error: Unhandled Exception: EXCEPTION_ACCESS_VIOLATION reading address 0x00000048
[2019.02.28-07.06.04:053][336]LogWindows: Error: 
[2019.02.28-07.06.04:053][336]LogWindows: Error: [Callstack] 0x00007ffc013568a0 UE4Editor-VehicleMovement.dll!UCarStat::GetHandleFactor() [d:\github\math-assignment_1\math_assignment_1\game260development\resources\vehiclemovement\source\vehiclemovement\carstat.cpp:26]
[2019.02.28-07.06.04:053][336]LogWindows: Error: [Callstack] 0x00007ffc013555cd UE4Editor-VehicleMovement.dll!AAVehiclePawn::MoveY() [d:\github\math-assignment_1\math_assignment_1\game260development\resources\vehiclemovement\source\vehiclemovement\avehiclepawn.cpp:211]
[2019.02.28-07.06.04:053][336]LogWindows: Error: [Callstack] 0x00007ffc13544377 UE4Editor-Engine.dll!UnknownFunction []
[2019.02.28-07.06.04:053][336]LogWindows: Error: [Callstack] 0x00007ffc1301017c UE4Editor-Engine.dll!UnknownFunction []
[2019.02.28-07.06.04:053][336]LogWindows: Error: [Callstack] 0x00007ffc13024608 UE4Editor-Engine.dll!UnknownFunction []
[2019.02.28-07.06.04:053][336]LogWindows: Error: [Callstack] 0x00007ffc1300dbcb UE4Editor-Engine.dll!UnknownFunction []
[2019.02.28-07.06.04:053][336]LogWindows: Error: [Callstack] 0x00007ffc130234c3 UE4Editor-Engine.dll!UnknownFunction []
[2019.02.28-07.06.04:053][336]LogWindows: Error: [Callstack] 0x00007ffc12245630 UE4Editor-Engine.dll!UnknownFunction []
[2019.02.28-07.06.04:053][336]LogWindows: Error: [Callstack] 0x00007ffc134416bd UE4Editor-Engine.dll!UnknownFunction []
[2019.02.28-07.06.04:053][336]LogWindows: Error: [Callstack] 0x00007ffc1ffc1f92 UE4Editor-Core.dll!UnknownFunction []
[2019.02.28-07.06.04:053][336]LogWindows: Error: [Callstack] 0x00007ffc1ffc2456 UE4Editor-Core.dll!UnknownFunction []
[2019.02.28-07.06.04:053][336]LogWindows: Error: [Callstack] 0x00007ffc1ffd6d25 UE4Editor-Core.dll!UnknownFunction []
[2019.02.28-07.06.04:053][336]LogWindows: Error: [Callstack] 0x00007ffc13495b04 UE4Editor-Engine.dll!UnknownFunction []
[2019.02.28-07.06.04:053][336]LogWindows: Error: [Callstack] 0x00007ffc134a4d92 UE4Editor-Engine.dll!UnknownFunction []
[2019.02.28-07.06.04:053][336]LogWindows: Error: [Callstack] 0x00007ffc12ba87e4 UE4Editor-Engine.dll!UnknownFunction []
[2019.02.28-07.06.04:053][336]LogWindows: Error: [Callstack] 0x00007ffc12bb4003 UE4Editor-Engine.dll!UnknownFunction []
[2019.02.28-07.06.04:053][336]LogWindows: Error: [Callstack] 0x00007ffc10d87335 UE4Editor-UnrealEd.dll!UnknownFunction []
[2019.02.28-07.06.04:053][336]LogWindows: Error: [Callstack] 0x00007ffc1167f666 UE4Editor-UnrealEd.dll!UnknownFunction []
[2019.02.28-07.06.04:053][336]LogWindows: Error: [Callstack] 0x00007ff6431f5cbd UE4Editor.exe!UnknownFunction []
[2019.02.28-07.06.04:053][336]LogWindows: Error: [Callstack] 0x00007ff643205b3c UE4Editor.exe!UnknownFunction []
[2019.02.28-07.06.04:053][336]LogWindows: Error: [Callstack] 0x00007ff643205bba UE4Editor.exe!UnknownFunction []
[2019.02.28-07.06.04:054][336]LogWindows: Error: [Callstack] 0x00007ff643213dac UE4Editor.exe!UnknownFunction []
[2019.02.28-07.06.04:054][336]LogWindows: Error: [Callstack] 0x00007ff643215aaa UE4Editor.exe!UnknownFunction []
[2019.02.28-07.06.04:054][336]LogWindows: Error: [Callstack] 0x00007ffc9e4781f4 KERNEL32.DLL!UnknownFunction []
[2019.02.28-07.06.04:054][336]LogWindows: Error: [Callstack] 0x00007ffc9ff9a251 ntdll.dll!UnknownFunction []
[2019.02.28-07.06.04:054][336]LogWindows: Error: 
[2019.02.28-07.06.04:064][336]LogExit: Executing StaticShutdownAfterError
[2019.02.28-07.06.04:174][336]LogWindows: FPlatformMisc::RequestExit(1)
[2019.02.28-07.06.04:230][336]Log file closed, 02/28/19 02:06:04
