Log file open, 03/03/19 15:39:47
LogWindows: Failed to load 'aqProf.dll' (GetLastError=126)
LogWindows: File 'aqProf.dll' does not exist
LogWindows: Failed to load 'VSPerf140.dll' (GetLastError=126)
LogWindows: File 'VSPerf140.dll' does not exist
LogWindows: Failed to load 'VtuneApi.dll' (GetLastError=126)
LogWindows: File 'VtuneApi.dll' does not exist
LogWindows: Failed to load 'VtuneApi32e.dll' (GetLastError=126)
LogWindows: File 'VtuneApi32e.dll' does not exist
LogInit: Display: Running engine for game: VehicleMovement
LogPlatformFile: Not using cached read wrapper
LogTaskGraph: Started task graph with 5 named threads and 20 total threads with 3 sets of task threads.
LogStats: Stats thread started at 0.292345
LogD3D11RHI: Loaded GFSDK_Aftermath_Lib.x64.dll
LogICUInternationalization: Display: ICU TimeZone Detection - Raw Offset: -5:00, Platform Override: ''
LogPluginManager: Mounting plugin Paper2D
LogPluginManager: Mounting plugin AISupport
LogPluginManager: Mounting plugin LightPropagationVolume
LogPluginManager: Mounting plugin CLionSourceCodeAccess
LogPluginManager: Mounting plugin CodeLiteSourceCodeAccess
LogPluginManager: Mounting plugin GitSourceControl
LogPluginManager: Mounting plugin KDevelopSourceCodeAccess
LogPluginManager: Mounting plugin NullSourceCodeAccess
LogPluginManager: Mounting plugin PerforceSourceControl
LogPluginManager: Mounting plugin SubversionSourceControl
LogPluginManager: Mounting plugin UObjectPlugin
LogPluginManager: Mounting plugin VisualStudioCodeSourceCodeAccess
LogPluginManager: Mounting plugin VisualStudioSourceCodeAccess
LogPluginManager: Mounting plugin XCodeSourceCodeAccess
LogPluginManager: Mounting plugin AssetManagerEditor
LogPluginManager: Mounting plugin CryptoKeys
LogPluginManager: Mounting plugin DataValidation
LogPluginManager: Mounting plugin FacialAnimation
LogPluginManager: Mounting plugin GameplayTagsEditor
LogPluginManager: Mounting plugin MacGraphicsSwitching
LogPluginManager: Mounting plugin MeshEditor
LogPluginManager: Mounting plugin MobileLauncherProfileWizard
LogPluginManager: Mounting plugin PluginBrowser
LogPluginManager: Mounting plugin SpeedTreeImporter
LogPluginManager: Mounting plugin DatasmithContent
LogPluginManager: Mounting plugin AlembicImporter
LogPluginManager: Mounting plugin AppleImageUtils
LogPluginManager: Mounting plugin AppleVision
LogPluginManager: Mounting plugin BackChannel
LogPluginManager: Mounting plugin CharacterAI
LogPluginManager: Mounting plugin GeometryCache
LogPluginManager: Mounting plugin HTML5Networking
LogPluginManager: Mounting plugin ProxyLODPlugin
LogPluginManager: Mounting plugin RawInput
LogPluginManager: Mounting plugin MagicLeap
LogPluginManager: Mounting plugin MagicLeapEmulator
LogPluginManager: Mounting plugin MagicLeapMedia
LogPluginManager: Mounting plugin AndroidMedia
LogPluginManager: Mounting plugin AvfMedia
LogPluginManager: Mounting plugin ImgMedia
LogPluginManager: Mounting plugin LinearTimecode
LogPluginManager: Mounting plugin MediaCompositing
LogPluginManager: Mounting plugin MediaPlayerEditor
LogPluginManager: Mounting plugin WmfMedia
LogPluginManager: Mounting plugin TcpMessaging
LogPluginManager: Mounting plugin UdpMessaging
LogPluginManager: Mounting plugin ActorSequence
LogPluginManager: Mounting plugin LevelSequenceEditor
LogPluginManager: Mounting plugin MatineeToLevelSequence
LogPluginManager: Mounting plugin NetcodeUnitTest
LogPluginManager: Mounting plugin NUTUnrealEngine4
LogPluginManager: Mounting plugin OnlineSubsystemGooglePlay
LogPluginManager: Mounting plugin OnlineSubsystemIOS
LogPluginManager: Mounting plugin OnlineSubsystem
LogPluginManager: Mounting plugin OnlineSubsystemNull
LogPluginManager: Mounting plugin OnlineSubsystemUtils
LogPluginManager: Mounting plugin LauncherChunkInstaller
LogPluginManager: Mounting plugin AndroidDeviceProfileSelector
LogPluginManager: Mounting plugin AndroidMoviePlayer
LogPluginManager: Mounting plugin AndroidPermission
LogPluginManager: Mounting plugin AppleMoviePlayer
LogPluginManager: Mounting plugin ArchVisCharacter
LogPluginManager: Mounting plugin AudioCapture
LogPluginManager: Mounting plugin CableComponent
LogPluginManager: Mounting plugin CustomMeshComponent
LogPluginManager: Mounting plugin EditableMesh
LogPluginManager: Mounting plugin ExampleDeviceProfileSelector
LogPluginManager: Mounting plugin GoogleCloudMessaging
LogPluginManager: Mounting plugin ImmediatePhysics
LogPluginManager: Mounting plugin IOSDeviceProfileSelector
LogPluginManager: Mounting plugin LinuxDeviceProfileSelector
LogPluginManager: Mounting plugin LocationServicesBPLibrary
LogPluginManager: Mounting plugin MobilePatchingUtils
LogPluginManager: Mounting plugin OculusVR
LogPluginManager: Plugin shader directory ../../../Engine/Plugins/Runtime/Oculus/OculusVR/Shaders found
LogPluginManager: Mapping shader source directory ../../../Engine/Plugins/Runtime/Oculus/OculusVR/Shaders to virtual directory /Plugin/OculusVR
LogPluginManager: Mounting plugin PhysXVehicles
LogPluginManager: Mounting plugin ProceduralMeshComponent
LogPluginManager: Mounting plugin RuntimePhysXCooking
LogPluginManager: Mounting plugin SteamVR
LogPluginManager: Mounting plugin WindowsMoviePlayer
LogStreaming: Display: Took  0.185s to configure plugins.
LogInit: Using libcurl 7.55.1-DEV
LogInit:  - built for x86_64-pc-win32
LogInit:  - supports SSL with OpenSSL/1.0.2h
LogInit:  - supports HTTP deflate (compression) using libz 1.2.8
LogInit:  - other features:
LogInit:      CURL_VERSION_SSL
LogInit:      CURL_VERSION_LIBZ
LogInit:      CURL_VERSION_IPV6
LogInit:      CURL_VERSION_ASYNCHDNS
LogInit:      CURL_VERSION_LARGEFILE
LogInit:      CURL_VERSION_IDN
LogInit:  CurlRequestOptions (configurable via config and command line):
LogInit:  - bVerifyPeer = false  - Libcurl will NOT verify peer certificate
LogInit:  - bUseHttpProxy = false  - Libcurl will NOT use HTTP proxy
LogInit:  - bDontReuseConnections = false  - Libcurl will reuse connections
LogInit:  - CertBundlePath = nullptr  - Libcurl will use whatever was configured at build time.
LogInit:  - MaxHostConnections = 16  - Libcurl will limit the number of connections to a host
LogInit:  - LocalHostAddr = Default
LogInit:  - BufferSize = 65536
LogInit: WinSock: version 1.1 (2.2), MaxSocks=32767, MaxUdp=65467
LogInit: Build: ++UE4+Release-4.20-CL-4369336
LogInit: Engine Version: 4.20.3-4369336+++UE4+Release-4.20
LogInit: Compatible Engine Version: 4.20.0-4212847+++UE4+Release-4.20
LogInit: Net CL: 4212847
LogInit: OS: Windows 10 (), CPU: Intel(R) Core(TM) i5-8400 CPU @ 2.80GHz, GPU: NVIDIA GeForce GTX 1050 Ti
LogInit: Compiled (64-bit): Sep 17 2018 12:26:19
LogInit: Compiled with Visual C++: 19.13.26129.00
LogInit: Build Configuration: Development
LogInit: Branch Name: ++UE4+Release-4.20
LogInit: Command Line: 
LogInit: Base Directory: D:/UE_4.20/Engine/Binaries/Win64/
LogInit: Installed Engine Build: 1
LogDevObjectVersion: Number of dev versions registered: 20
LogDevObjectVersion:   Dev-Blueprints (B0D832E4-1F89-4F0D-ACCF-7EB736FD4AA2): 10
LogDevObjectVersion:   Dev-Build (E1C64328-A22C-4D53-A36C-8E866417BD8C): 0
LogDevObjectVersion:   Dev-Core (375EC13C-06E4-48FB-B500-84F0262A717E): 2
LogDevObjectVersion:   Dev-Editor (E4B068ED-F494-42E9-A231-DA0B2E46BB41): 24
LogDevObjectVersion:   Dev-Framework (CFFC743F-43B0-4480-9391-14DF171D2073): 34
LogDevObjectVersion:   Dev-Mobile (B02B49B5-BB20-44E9-A304-32B752E40360): 2
LogDevObjectVersion:   Dev-Networking (A4E4105C-59A1-49B5-A7C5-40C4547EDFEE): 0
LogDevObjectVersion:   Dev-Online (39C831C9-5AE6-47DC-9A44-9C173E1C8E7C): 0
LogDevObjectVersion:   Dev-Physics (78F01B33-EBEA-4F98-B9B4-84EACCB95AA2): 0
LogDevObjectVersion:   Dev-Platform (6631380F-2D4D-43E0-8009-CF276956A95A): 0
LogDevObjectVersion:   Dev-Rendering (12F88B9F-8875-4AFC-A67C-D90C383ABD29): 26
LogDevObjectVersion:   Dev-Sequencer (7B5AE74C-D270-4C10-A958-57980B212A5A): 9
LogDevObjectVersion:   Dev-VR (D7296918-1DD6-4BDD-9DE2-64A83CC13884): 2
LogDevObjectVersion:   Dev-LoadTimes (C2A15278-BFE7-4AFE-6C17-90FF531DF755): 1
LogDevObjectVersion:   Private-Geometry (6EACA3D4-40EC-4CC1-B786-8BED09428FC5): 3
LogDevObjectVersion:   Dev-AnimPhys (29E575DD-E0A3-4627-9D10-D276232CDCEA): 17
LogDevObjectVersion:   Dev-ReflectionCapture (6B266CEC-1EC7-4B8F-A30B-E4D90942FC07): 1
LogDevObjectVersion:   Dev-Automation (0DF73D61-A23F-47EA-B727-89E90C41499A): 1
LogDevObjectVersion:   FortniteMain (601D1886-AC64-4F84-AA16-D3DE0DEAC7D6): 12
LogDevObjectVersion:   Dev-Enterprise (9DFFBCD6-494F-0158-E221-12823C92A888): 1
LogStreaming: Display: Took  0.003s to delete old logs.
LogInit: Presizing for max 8388607 objects, including 0 objects not considered by GC, pre-allocating 0 bytes for permanent pool.
LogInit: Object subsystem initialized
[2019.03.03-20.39.47:598][  0]LogInit: Selected Device Profile: [Windows]
[2019.03.03-20.39.47:599][  0]LogInit: Applying CVar settings loaded from the selected device profile: [Windows]
[2019.03.03-20.39.47:615][  0]LogHAL: Display: Platform has ~ 8 GB [8523337728 / 8589934592 / 8], which maps to Default [LargestMinGB=32, LargerMinGB=12, DefaultMinGB=8, SmallerMinGB=6, SmallestMinGB=0)
[2019.03.03-20.39.47:615][  0]LogInit: Setting Device Profile CVar: [[r.Vulkan.UseRealUBs:1]]
[2019.03.03-20.39.47:615][  0]LogInit: Going up to parent DeviceProfile []
[2019.03.03-20.39.47:615][  0]LogInit: Computer: DESKTOP-IF8BQD3
[2019.03.03-20.39.47:615][  0]LogInit: User: ChiyokoYumi
[2019.03.03-20.39.47:616][  0]LogInit: CPU Page size=4096, Cores=6
[2019.03.03-20.39.47:616][  0]LogInit: High frequency timer resolution =10.000000 MHz
[2019.03.03-20.39.47:616][  0]LogMemory: Memory total: Physical=7.9GB (8GB approx)
[2019.03.03-20.39.47:616][  0]LogMemory: Platform Memory Stats for Windows
[2019.03.03-20.39.47:616][  0]LogMemory: Process Physical Memory: 100.93 MB used, 100.93 MB peak
[2019.03.03-20.39.47:616][  0]LogMemory: Process Virtual Memory: 84.71 MB used, 84.71 MB peak
[2019.03.03-20.39.47:616][  0]LogMemory: Physical Memory: 5330.16 MB used,  2798.33 MB free, 8128.49 MB total
[2019.03.03-20.39.47:616][  0]LogMemory: Virtual Memory: 4618.13 MB used,  2798.33 MB free, 134217728.00 MB total
[2019.03.03-20.39.47:663][  0]LogInit: Using OS detected language (en-US).
[2019.03.03-20.39.47:663][  0]LogInit: Using OS detected locale (en-CA).
[2019.03.03-20.39.47:666][  0]LogTextLocalizationManager: No specific localization for 'en-US' exists, so the 'en' localization will be used.
[2019.03.03-20.39.48:007][  0]LogStreaming: Display: Took  0.344s to InitEngineTextLocalization.
[2019.03.03-20.39.48:007][  0]LogInit: Setting process to per monitor DPI aware
[2019.03.03-20.39.48:054][  0]LogSlate: New Slate User Created.  User Index 0, Is Virtual User: 0
[2019.03.03-20.39.48:054][  0]LogSlate: Slate User Registered.  User Index 0, Is Virtual User: 0
[2019.03.03-20.39.48:291][  0]LogHMD: Failed to initialize OpenVR with code 110
[2019.03.03-20.39.48:291][  0]LogD3D11RHI: D3D11 adapters:
[2019.03.03-20.39.48:367][  0]LogD3D11RHI:    0. 'NVIDIA GeForce GTX 1050 Ti' (Feature Level 11_0)
[2019.03.03-20.39.48:367][  0]LogD3D11RHI:       4018/0/4064 MB DedicatedVideo/DedicatedSystem/SharedSystem, Outputs:2, VendorId:0x10de
[2019.03.03-20.39.48:370][  0]LogD3D11RHI:    1. 'Microsoft Basic Render Driver' (Feature Level 11_0)
[2019.03.03-20.39.48:370][  0]LogD3D11RHI:       0/0/4064 MB DedicatedVideo/DedicatedSystem/SharedSystem, Outputs:0, VendorId:0x1414
[2019.03.03-20.39.48:370][  0]LogD3D11RHI: Chosen D3D11 Adapter: 0
[2019.03.03-20.39.48:377][  0]LogD3D11RHI: Creating new Direct3DDevice
[2019.03.03-20.39.48:377][  0]LogD3D11RHI:     GPU DeviceId: 0x1c82 (for the marketing name, search the web for "GPU Device Id")
[2019.03.03-20.39.48:377][  0]LogWindows: EnumDisplayDevices:
[2019.03.03-20.39.48:377][  0]LogWindows:    0. 'NVIDIA GeForce GTX 1050 Ti' (P:1 D:1)
[2019.03.03-20.39.48:378][  0]LogWindows:    1. 'NVIDIA GeForce GTX 1050 Ti' (P:0 D:1)
[2019.03.03-20.39.48:378][  0]LogWindows:    2. 'NVIDIA GeForce GTX 1050 Ti' (P:0 D:0)
[2019.03.03-20.39.48:379][  0]LogWindows:    3. 'NVIDIA GeForce GTX 1050 Ti' (P:0 D:0)
[2019.03.03-20.39.48:379][  0]LogWindows: DebugString: FoundDriverCount:4 
[2019.03.03-20.39.48:379][  0]LogD3D11RHI:     Adapter Name: NVIDIA GeForce GTX 1050 Ti
[2019.03.03-20.39.48:379][  0]LogD3D11RHI:   Driver Version: 419.17 (internal:25.21.14.1917, unified:419.17)
[2019.03.03-20.39.48:379][  0]LogD3D11RHI:      Driver Date: 2-20-2019
[2019.03.03-20.39.48:379][  0]LogRHI: Texture pool is 2812 MB (70% of 4018 MB)
[2019.03.03-20.39.48:424][  0]LogD3D11RHI: Async texture creation enabled
[2019.03.03-20.39.48:442][  0]LogD3D11RHI: GPU Timing Frequency: 1000.000000 (Debug: 2 1)
[2019.03.03-20.39.48:499][  0]LogShaderCompilers: Guid format shader working directory is -54 characters bigger than the processId version (../../../../GitHub/Math-Assignment_1/Math_Assignment_1/Game260Development/Resources/VehicleMovement/Intermediate/Shaders/WorkingDirectory/20096/).
[2019.03.03-20.39.48:499][  0]LogShaderCompilers: Cleaned the shader compiler working directory 'C:/Users/nicom/AppData/Local/Temp/UnrealShaderWorkingDir/6592793E4350585DA83101B1D55BF5F6/'.
[2019.03.03-20.39.48:885][  0]LogTemp: Display: Loaded TP AllDesktopTargetPlatform
[2019.03.03-20.39.48:900][  0]LogTemp: Display: Loaded TP MacClientTargetPlatform
[2019.03.03-20.39.48:917][  0]LogTemp: Display: Loaded TP MacNoEditorTargetPlatform
[2019.03.03-20.39.48:932][  0]LogTemp: Display: Loaded TP MacServerTargetPlatform
[2019.03.03-20.39.48:947][  0]LogTemp: Display: Loaded TP MacTargetPlatform
[2019.03.03-20.39.48:962][  0]LogTemp: Display: Loaded TP WindowsClientTargetPlatform
[2019.03.03-20.39.48:979][  0]LogTemp: Display: Loaded TP WindowsNoEditorTargetPlatform
[2019.03.03-20.39.48:997][  0]LogTemp: Display: Loaded TP WindowsServerTargetPlatform
[2019.03.03-20.39.49:007][  0]LogTemp: Display: Loaded TP WindowsTargetPlatform
[2019.03.03-20.39.49:080][  0]LogTemp: Display: Loaded TP AndroidTargetPlatform
[2019.03.03-20.39.49:080][  0]LogTemp: Display: Loaded TP AndroidTargetPlatform
[2019.03.03-20.39.49:080][  0]LogTemp: Display: Loaded TP AndroidTargetPlatform
[2019.03.03-20.39.49:080][  0]LogTemp: Display: Loaded TP AndroidTargetPlatform
[2019.03.03-20.39.49:080][  0]LogTemp: Display: Loaded TP AndroidTargetPlatform
[2019.03.03-20.39.49:080][  0]LogTemp: Display: Loaded TP AndroidTargetPlatform
[2019.03.03-20.39.49:080][  0]LogTemp: Display: Loaded TP AndroidTargetPlatform
[2019.03.03-20.39.49:080][  0]LogTemp: Display: Loaded TP AndroidTargetPlatform
[2019.03.03-20.39.49:080][  0]LogTemp: Display: Loaded TP AndroidTargetPlatform
[2019.03.03-20.39.49:080][  0]LogTemp: Display: Loaded TP AndroidTargetPlatform
[2019.03.03-20.39.49:080][  0]LogTemp: Display: Loaded TP AndroidTargetPlatform
[2019.03.03-20.39.49:080][  0]LogTemp: Display: Loaded TP AndroidTargetPlatform
[2019.03.03-20.39.49:080][  0]LogTemp: Display: Loaded TP AndroidTargetPlatform
[2019.03.03-20.39.49:080][  0]LogTemp: Display: Loaded TP AndroidTargetPlatform
[2019.03.03-20.39.49:080][  0]LogTemp: Display: Loaded TP AndroidTargetPlatform
[2019.03.03-20.39.49:080][  0]LogTemp: Display: Loaded TP AndroidTargetPlatform
[2019.03.03-20.39.49:080][  0]LogTemp: Display: Loaded TP AndroidTargetPlatform
[2019.03.03-20.39.49:080][  0]LogTemp: Display: Loaded TP AndroidTargetPlatform
[2019.03.03-20.39.49:083][  0]LogTemp: Display: Loaded TP HTML5TargetPlatform
[2019.03.03-20.39.49:165][  0]LogTemp: Display: Loaded TP IOSTargetPlatform
[2019.03.03-20.39.49:165][  0]LogTemp: Display: Loaded TP IOSTargetPlatform
[2019.03.03-20.39.49:197][  0]LogTemp: Display: Loaded TP TVOSTargetPlatform
[2019.03.03-20.39.49:197][  0]LogTemp: Display: Loaded TP TVOSTargetPlatform
[2019.03.03-20.39.49:209][  0]LogTemp: Display: Loaded TP LinuxClientTargetPlatform
[2019.03.03-20.39.49:223][  0]LogTemp: Display: Loaded TP LinuxNoEditorTargetPlatform
[2019.03.03-20.39.49:236][  0]LogTemp: Display: Loaded TP LinuxServerTargetPlatform
[2019.03.03-20.39.49:249][  0]LogTemp: Display: Loaded TP LinuxTargetPlatform
[2019.03.03-20.39.49:259][  0]LogTemp: Display: Loaded TP LuminTargetPlatform
[2019.03.03-20.39.49:259][  0]LogTargetPlatformManager: Display: Building Assets For Windows
[2019.03.03-20.39.49:373][  0]LogXGEController: Cleaning working directory: C:/Users/nicom/AppData/Local/Temp/UnrealXGEWorkingDir/
[2019.03.03-20.39.49:373][  0]LogXGEController: Cannot use XGE Controller as Incredibuild is not installed on this machine.
[2019.03.03-20.39.49:373][  0]LogShaderCompilers: Cannot use XGE Shader Compiler as Incredibuild is not installed on this machine.
[2019.03.03-20.39.49:373][  0]LogShaderCompilers: Display: Using Local Shader Compiler.
[2019.03.03-20.39.50:074][  0]LogDerivedDataCache: Display: Max Cache Size: 512 MB
[2019.03.03-20.39.50:138][  0]LogDerivedDataCache: Loaded boot cache 0.06s 73MB C:/Users/nicom/AppData/Local/UnrealEngine/4.20/DerivedDataCache/Boot.ddc.
[2019.03.03-20.39.50:138][  0]LogDerivedDataCache: Display: Loaded Boot cache: C:/Users/nicom/AppData/Local/UnrealEngine/4.20/DerivedDataCache/Boot.ddc
[2019.03.03-20.39.50:138][  0]LogDerivedDataCache: FDerivedDataBackendGraph:  Pak pak cache file ../../../../GitHub/Math-Assignment_1/Math_Assignment_1/Game260Development/Resources/VehicleMovement/DerivedDataCache/DDC.ddp not found, will not use a pak cache.
[2019.03.03-20.39.50:138][  0]LogDerivedDataCache: Unable to find inner node Pak for hierarchical cache Hierarchy.
[2019.03.03-20.39.50:138][  0]LogDerivedDataCache: FDerivedDataBackendGraph:  CompressedPak pak cache file ../../../../GitHub/Math-Assignment_1/Math_Assignment_1/Game260Development/Resources/VehicleMovement/DerivedDataCache/Compressed.ddp not found, will not use a pak cache.
[2019.03.03-20.39.50:138][  0]LogDerivedDataCache: Unable to find inner node CompressedPak for hierarchical cache Hierarchy.
[2019.03.03-20.39.50:151][  0]LogDerivedDataCache: Display: Pak cache opened for reading ../../../Engine/DerivedDataCache/Compressed.ddp.
[2019.03.03-20.39.50:165][  0]LogDerivedDataCache: Using Local data cache path C:/Users/nicom/AppData/Local/UnrealEngine/Common/DerivedDataCache: Writable
[2019.03.03-20.39.50:165][  0]LogDerivedDataCache: Shared data cache path not found in *engine.ini, will not use an Shared cache.
[2019.03.03-20.39.50:165][  0]LogDerivedDataCache: Unable to find inner node Shared for hierarchical cache Hierarchy.
[2019.03.03-20.39.50:182][  0]LogMaterial: Verifying Global Shaders for PCD3D_SM5
[2019.03.03-20.39.50:183][  0]LogSlate: Using FreeType 2.6.0
[2019.03.03-20.39.50:184][  0]LogSlate: SlateFontServices - WITH_FREETYPE: 1, WITH_HARFBUZZ: 1
[2019.03.03-20.39.50:310][  0]LogAssetRegistry: FAssetRegistry took 0.0254 seconds to start up
[2019.03.03-20.39.50:630][  0]LogInit: Selected Device Profile: [Windows]
[2019.03.03-20.39.50:919][  0]LogSimplygon: Simplygon DLL not present - disabling.
[2019.03.03-20.39.50:926][  0]LogMeshReduction: Using SimplygonSwarm for distributed automatic mesh merging
[2019.03.03-20.39.50:926][  0]LogMeshReduction: Using ProxyLODMeshReduction for automatic mesh merging
[2019.03.03-20.39.50:926][  0]LogMeshReduction: Using QuadricMeshReduction for automatic static mesh reduction
[2019.03.03-20.39.50:926][  0]LogMeshReduction: No automatic skeletal mesh reduction module available
[2019.03.03-20.39.50:946][  0]LogNetVersion: VehicleMovement 1.0.0, NetCL: 4212847, EngineNetVer: 5, GameNetVer: 0 (Checksum: 2966596176)
[2019.03.03-20.39.51:583][  0]LogPackageLocalizationCache: Processed 11 localized package path(s) for 2 prioritized culture(s) in 0.155792 seconds
[2019.03.03-20.39.51:591][  0]LogUObjectArray: 38425 objects as part of root set at end of initial load.
[2019.03.03-20.39.51:591][  0]LogUObjectAllocator: 6690864 out of 0 bytes used by permanent object pool.
[2019.03.03-20.39.51:591][  0]LogUObjectArray: CloseDisregardForGC: 0/0 objects in disregard for GC pool
[2019.03.03-20.39.53:038][  0]LogTcpMessaging: Initializing TcpMessaging bridge
[2019.03.03-20.39.53:053][  0]LogUdpMessaging: Initializing bridge on interface 0.0.0.0:0 to multicast group 230.0.0.1:6666.
[2019.03.03-20.39.53:315][  0]SourceControl: Source control is disabled
[2019.03.03-20.39.53:315][  0]SourceControl: Source control is disabled
[2019.03.03-20.39.53:318][  0]SourceControl: Source control is disabled
[2019.03.03-20.39.53:320][  0]SourceControl: Source control is disabled
[2019.03.03-20.39.53:539][  0]LogAndroidPermission: UAndroidPermissionCallbackProxy::GetInstance
[2019.03.03-20.39.53:758][  0]LogOcInput: OculusInput pre-init called
[2019.03.03-20.39.53:824][  0]LogEngine: Initializing Engine...
[2019.03.03-20.39.53:825][  0]LogHMD: Failed to initialize OpenVR with code 110
[2019.03.03-20.39.53:826][  0]LogStats: UGameplayTagsManager::ConstructGameplayTagTree: ImportINI prefixes -  0.000 s
[2019.03.03-20.39.53:826][  0]LogStats: UGameplayTagsManager::ConstructGameplayTagTree: Construct from data asset -  0.000 s
[2019.03.03-20.39.53:827][  0]LogStats: UGameplayTagsManager::ConstructGameplayTagTree: ImportINI -  0.000 s
[2019.03.03-20.39.53:827][  0]LogStats: UGameplayTagsManager::ConstructGameplayTagTree: GameplayTagTreeChangedEvent.Broadcast -  0.000 s
[2019.03.03-20.39.54:030][  0]LogInit: Initializing FReadOnlyCVARCache
[2019.03.03-20.39.54:054][  0]LogAIModule: Creating AISystem for world Untitled
[2019.03.03-20.39.54:167][  0]LogInit: XAudio2 using 'Speakers (Realtek(R) Audio)' : 2 channels at 48 kHz using 32 bits per sample (channel mask 0x3)
[2019.03.03-20.39.54:221][  0]LogInit: FAudioDevice initialized.
[2019.03.03-20.39.54:221][  0]LogNetVersion: Set ProjectVersion to 1.0.0.0. Version Checksum will be recalculated on next use.
[2019.03.03-20.39.54:306][  0]LogDerivedDataCache: Saved boot cache 0.08s 73MB C:/Users/nicom/AppData/Local/UnrealEngine/4.20/DerivedDataCache/Boot.ddc.
[2019.03.03-20.39.54:315][  0]LogInit: Texture streaming: Enabled
[2019.03.03-20.39.54:350][  0]LogEngineSessionManager: EngineSessionManager initialized
[2019.03.03-20.39.54:350][  0]LogEngineSessionManager: EngineSessionManager sent abnormal shutdown report. Type=Crashed, SessionId={0E61085E-4B91-07BF-F08D-C1B6D88084C3}
[2019.03.03-20.39.54:372][  0]LogInit: Transaction tracking system initialized
[2019.03.03-20.39.54:420][  0]BlueprintLog: New page: Editor Load
[2019.03.03-20.39.54:566][  0]LocalizationService: Localization service is disabled
[2019.03.03-20.39.54:863][  0]LogCook: Display: Max memory allowance for cook 16384mb min free memory 0mb
[2019.03.03-20.39.54:863][  0]LogCook: Display: Mobile HDR setting 1
[2019.03.03-20.39.54:863][  0]LogGameplayTags: Display: UGameplayTagsManager::DoneAddingNativeTags. DelegateIsBound: 0
[2019.03.03-20.39.54:863][  0]LogStats: UGameplayTagsManager::ConstructGameplayTagTree: ImportINI prefixes -  0.000 s
[2019.03.03-20.39.54:864][  0]LogStats: UGameplayTagsManager::ConstructGameplayTagTree: Construct from data asset -  0.000 s
[2019.03.03-20.39.54:864][  0]LogStats: UGameplayTagsManager::ConstructGameplayTagTree: ImportINI -  0.000 s
[2019.03.03-20.39.54:864][  0]LogStats: UGameplayTagsManager::ConstructGameplayTagTree: GameplayTagTreeChangedEvent.Broadcast -  0.000 s
[2019.03.03-20.39.55:041][  0]LogFileCache: Scanning file cache for directory 'D:/GitHub/Math-Assignment_1/Math_Assignment_1/Game260Development/Resources/VehicleMovement/Content/' took 0.02s
[2019.03.03-20.39.55:041][  0]SourceControl: Source control is disabled
[2019.03.03-20.39.55:041][  0]LightingResults: New page: Lighting Build
[2019.03.03-20.39.55:046][  0]MapCheck: New page: Map Check
[2019.03.03-20.39.55:046][  0]LightingResults: New page: Lighting Build
[2019.03.03-20.39.55:381][  0]LogAIModule: Creating AISystem for world VehicleExampleMap
[2019.03.03-20.39.55:392][  0]LogEditorServer: Finished looking for orphan Actors (0.000 secs)
[2019.03.03-20.39.55:421][  0]Cmd: MAP CHECKDEP NOCLEARLOG
[2019.03.03-20.39.55:494][  0]MapCheck: Map check complete: 0 Error(s), 0 Warning(s), took 72.462ms to complete.
[2019.03.03-20.39.55:494][  0]LogFileHelpers: Loading map 'VehicleExampleMap' took 0.453
[2019.03.03-20.39.55:614][  0]LogSlate: Updating window title bar state: overlay mode, drag disabled, window buttons hidden, title bar hidden
[2019.03.03-20.39.55:622][  0]LogSlate: Updating window title bar state: overlay mode, drag disabled, window buttons hidden, title bar hidden
[2019.03.03-20.39.55:631][  0]LogSlate: Updating window title bar state: overlay mode, drag disabled, window buttons hidden, title bar hidden
[2019.03.03-20.39.55:640][  0]LogSlate: Updating window title bar state: overlay mode, drag disabled, window buttons hidden, title bar hidden
[2019.03.03-20.39.55:660][  0]LogCollectionManager: Loaded 0 collections in 0.005139 seconds
[2019.03.03-20.39.55:709][  0]LogFileCache: Scanning file cache for directory 'D:/GitHub/Math-Assignment_1/Math_Assignment_1/Game260Development/Resources/VehicleMovement/Saved/Collections/' took 0.01s
[2019.03.03-20.39.55:709][  0]LogFileCache: Scanning file cache for directory 'D:/GitHub/Math-Assignment_1/Math_Assignment_1/Game260Development/Resources/VehicleMovement/Content/Developers/ChiyokoYumi/Collections/' took 0.01s
[2019.03.03-20.39.55:709][  0]LogFileCache: Scanning file cache for directory 'D:/GitHub/Math-Assignment_1/Math_Assignment_1/Game260Development/Resources/VehicleMovement/Content/Collections/' took 0.01s
[2019.03.03-20.39.55:709][  0]LogCollectionManager: Rebuilt the GUID cache for 0 collections in 0.000000 seconds
[2019.03.03-20.39.55:719][  0]LogContentBrowser: Native class hierarchy populated in 0.0098 seconds. Added 2585 classes and 608 folders.
[2019.03.03-20.39.55:728][  0]LogContentBrowser: Native class hierarchy updated for 'WidgetCarousel' in 0.0007 seconds. Added 0 classes and 0 folders.
[2019.03.03-20.39.55:854][  0]LogContentBrowser: Native class hierarchy updated for 'AddContentDialog' in 0.0005 seconds. Added 0 classes and 0 folders.
[2019.03.03-20.39.55:860][  0]LogContentBrowser: Native class hierarchy updated for 'SceneOutliner' in 0.0006 seconds. Added 1 classes and 2 folders.
[2019.03.03-20.39.55:923][  0]LogSlate: Took 0.000267 seconds to synchronously load lazily loaded font '../../../Engine/Content/Slate/Fonts/Roboto-Regular.ttf' (155K)
[2019.03.03-20.39.55:926][  0]LogSlate: Took 0.000241 seconds to synchronously load lazily loaded font '../../../Engine/Content/Slate/Fonts/Roboto-Bold.ttf' (160K)
[2019.03.03-20.39.55:931][  0]LogSlate: Took 0.000938 seconds to synchronously load lazily loaded font '../../../Engine/Content/Editor/Slate/Fonts/FontAwesome.ttf' (139K)
[2019.03.03-20.39.56:005][  0]LogRenderer: Reallocating scene render targets to support 1144x572 Format 10 NumSamples 1 (Frame:1).
[2019.03.03-20.39.56:184][  0]LogContentBrowser: Native class hierarchy updated for 'HierarchicalLODOutliner' in 0.0009 seconds. Added 0 classes and 0 folders.
[2019.03.03-20.39.56:184][  0]LogLoad: (Engine Initialization) Total time: 12.51 seconds
[2019.03.03-20.39.56:184][  0]LogLoad: (Engine Initialization) Total Blueprint compile time: 0.00 seconds
[2019.03.03-20.39.56:200][  0]LogRawInputWindows: Warning: Found device 0 devices
[2019.03.03-20.39.56:201][  0]LogRawInputWindows: Warning: Found device 0 devices
[2019.03.03-20.39.56:201][  0]LogRawInputWindows: Warning: Device was registered succesfully but not connected (Usage:4 UsagePage:1)
[2019.03.03-20.39.56:201][  0]LogRawInputWindows: Warning: Found device 1 devices
[2019.03.03-20.39.56:201][  0]LogRawInputWindows: Warning: Device was registered succesfully but not connected (Usage:5 UsagePage:1)
[2019.03.03-20.39.56:220][  0]LogContentStreaming: Texture pool size now 1000 MB
[2019.03.03-20.39.56:242][  0]LogSlate: Took 0.000174 seconds to synchronously load lazily loaded font '../../../Engine/Content/Slate/Fonts/Roboto-Light.ttf' (167K)
[2019.03.03-20.39.56:261][  1]LogAssetRegistry: Asset discovery search completed in 5.9732 seconds
[2019.03.03-20.39.56:265][  1]LogCollectionManager: Rebuilt the object cache for 0 collections in 0.000000 seconds (found 0 objects)
[2019.03.03-20.39.56:265][  1]LogCollectionManager: Fixed up redirectors for 0 collections in 0.000071 seconds (updated 0 objects)
[2019.03.03-20.39.57:588][  5]LogSlate: Took 0.000288 seconds to synchronously load lazily loaded font '../../../Engine/Content/Slate/Fonts/Roboto-Light.ttf' (167K)
[2019.03.03-20.48.04:448][666]LogSlate: FSceneViewport::OnFocusLost() reason 0
[2019.03.03-20.48.04:859][682]LogSavePackage: Moving '../../../../GitHub/Math-Assignment_1/Math_Assignment_1/Game260Development/Resources/VehicleMovement/Saved/VehicleExampleMap4556A9C34625E283B882778C27324B3D.tmp' to '../../../../GitHub/Math-Assignment_1/Math_Assignment_1/Game260Development/Resources/VehicleMovement/Content/VehicleCPP/Maps/VehicleExampleMap.umap'
[2019.03.03-20.48.08:532][ 98]LogTemp: Repeating last play command: New Editor Window (PIE)
[2019.03.03-20.48.08:545][ 98]LogBlueprintUserMessages: Early PlayInEditor Detection: Level '/Game/VehicleCPP/Maps/VehicleExampleMap.VehicleExampleMap:PersistentLevel' has LevelScriptBlueprint '/Game/VehicleCPP/Maps/VehicleExampleMap.VehicleExampleMap:PersistentLevel.VehicleExampleMap' with GeneratedClass '/Game/VehicleCPP/Maps/VehicleExampleMap.VehicleExampleMap_C' with ClassGeneratedBy '/Game/VehicleCPP/Maps/VehicleExampleMap.VehicleExampleMap:PersistentLevel.VehicleExampleMap'
[2019.03.03-20.48.08:545][ 98]LogPlayLevel: PlayLevel: No blueprints needed recompiling
[2019.03.03-20.48.08:558][ 98]PIE: New page: PIE session: VehicleExampleMap (Mar 3, 2019, 10:48:08 AM)
[2019.03.03-20.48.08:558][ 98]LogPlayLevel: Creating play world package: /Game/VehicleCPP/Maps/UEDPIE_1_VehicleExampleMap
[2019.03.03-20.48.08:580][ 98]LogPlayLevel: PIE: StaticDuplicateObject took: (0.021080s)
[2019.03.03-20.48.08:580][ 98]LogAIModule: Creating AISystem for world VehicleExampleMap
[2019.03.03-20.48.08:581][ 98]LogPlayLevel: PIE: World Init took: (0.000942s)
[2019.03.03-20.48.08:581][ 98]LogPlayLevel: PIE: Created PIE world by copying editor world from /Game/VehicleCPP/Maps/VehicleExampleMap.VehicleExampleMap to /Game/VehicleCPP/Maps/UEDPIE_1_VehicleExampleMap.VehicleExampleMap (0.022270s)
[2019.03.03-20.48.08:618][ 98]LogLoad: Game class is 'MyVehicleMovementGameMode_C'
[2019.03.03-20.48.08:624][ 98]LogWorld: Bringing World /Game/VehicleCPP/Maps/UEDPIE_1_VehicleExampleMap.VehicleExampleMap up for play (max tick rate 0) at 2019.03.03-15.48.08
[2019.03.03-20.48.08:625][ 98]LogWorld: Bringing up level for play took: 0.003056
[2019.03.03-20.48.08:625][ 98]LogTemp: Display: ParseSettings for GameNetDriver
[2019.03.03-20.48.08:625][ 98]LogTemp: Display: ParseSettings for IpNetDriver_0
[2019.03.03-20.48.08:625][ 98]LogTemp: Display: ParseSettings for GameNetDriver
[2019.03.03-20.48.08:626][ 98]LogNet: ReplicationDriverClass is null! Not using ReplicationDriver.
[2019.03.03-20.48.08:626][ 98]LogInit: WinSock: Socket queue 131072 / 131072
[2019.03.03-20.48.08:626][ 98]LogInit: WinSock: I am DESKTOP-IF8BQD3 (192.168.2.11:0)
[2019.03.03-20.48.08:626][ 98]PacketHandlerLog: Loaded PacketHandler component: Engine.EngineHandlerComponentFactory (StatelessConnectHandlerComponent)
[2019.03.03-20.48.08:627][ 98]LogNet: GameNetDriver IpNetDriver_0 IpNetDriver listening on port 17777
[2019.03.03-20.48.08:627][ 98]PIE: Play in editor start time for /Game/VehicleCPP/Maps/UEDPIE_1_VehicleExampleMap 0.104
[2019.03.03-20.48.08:632][ 98]PIE: New page: PIE session: VehicleExampleMap (Mar 3, 2019, 10:48:08 AM)
[2019.03.03-20.48.08:703][ 98]LogInit: XAudio2 using 'Speakers (Realtek(R) Audio)' : 2 channels at 48 kHz using 32 bits per sample (channel mask 0x3)
[2019.03.03-20.48.08:735][ 98]LogInit: FAudioDevice initialized.
[2019.03.03-20.48.08:748][ 98]LogSlate: Updating window title bar state: overlay mode, drag disabled, window buttons hidden, title bar hidden
[2019.03.03-20.48.08:797][ 98]LogNet: Browse: 127.0.0.1:17777//Game/VehicleCPP/Maps/VehicleExampleMap
[2019.03.03-20.48.08:797][ 98]LogTemp: Display: ParseSettings for GameNetDriver
[2019.03.03-20.48.08:797][ 98]LogTemp: Display: ParseSettings for IpNetDriver_1
[2019.03.03-20.48.08:797][ 98]LogTemp: Display: ParseSettings for PendingNetDriver
[2019.03.03-20.48.08:797][ 98]LogInit: WinSock: Socket queue 32768 / 32768
[2019.03.03-20.48.08:798][ 98]PacketHandlerLog: Loaded PacketHandler component: Engine.EngineHandlerComponentFactory (StatelessConnectHandlerComponent)
[2019.03.03-20.48.08:798][ 98]LogNet: Game client on port 17777, rate 10000
[2019.03.03-20.48.08:801][ 98]PIE: Play in editor start time for /Game/VehicleCPP/Maps/VehicleExampleMap 0.279
[2019.03.03-20.48.08:806][ 98]PIE: New page: PIE session: VehicleExampleMap (Mar 3, 2019, 10:48:08 AM)
[2019.03.03-20.48.08:814][ 98]LogSlate: FSceneViewport::OnFocusLost() reason 2
[2019.03.03-20.48.08:821][ 98]LogSlate: Updating window title bar state: overlay mode, drag disabled, window buttons hidden, title bar hidden
[2019.03.03-20.48.08:864][ 98]LogNet: Browse: 127.0.0.1:17777//Game/VehicleCPP/Maps/VehicleExampleMap
[2019.03.03-20.48.08:864][ 98]LogTemp: Display: ParseSettings for GameNetDriver
[2019.03.03-20.48.08:864][ 98]LogTemp: Display: ParseSettings for IpNetDriver_2
[2019.03.03-20.48.08:864][ 98]LogTemp: Display: ParseSettings for PendingNetDriver
[2019.03.03-20.48.08:864][ 98]LogInit: WinSock: Socket queue 32768 / 32768
[2019.03.03-20.48.08:864][ 98]PacketHandlerLog: Loaded PacketHandler component: Engine.EngineHandlerComponentFactory (StatelessConnectHandlerComponent)
[2019.03.03-20.48.08:865][ 98]LogNet: Game client on port 17777, rate 10000
[2019.03.03-20.48.08:867][ 98]PIE: Play in editor start time for /Game/VehicleCPP/Maps/VehicleExampleMap 0.345
[2019.03.03-20.48.08:878][ 98]LogBlueprintUserMessages: Late PlayInEditor Detection: Level '/Game/VehicleCPP/Maps/VehicleExampleMap.VehicleExampleMap:PersistentLevel' has LevelScriptBlueprint '/Game/VehicleCPP/Maps/VehicleExampleMap.VehicleExampleMap:PersistentLevel.VehicleExampleMap' with GeneratedClass '/Game/VehicleCPP/Maps/VehicleExampleMap.VehicleExampleMap_C' with ClassGeneratedBy '/Game/VehicleCPP/Maps/VehicleExampleMap.VehicleExampleMap:PersistentLevel.VehicleExampleMap'
[2019.03.03-20.48.08:878][ 98]LogNet: NotifyAcceptingConnection accepted from: 127.0.0.1:52817
[2019.03.03-20.48.08:878][ 98]LogHandshake: SendConnectChallenge. Timestamp: 0.008334, Cookie: 155046244142250037056243184049190054241183001168093031101103
[2019.03.03-20.48.08:878][ 98]LogNet: NotifyAcceptingConnection accepted from: 127.0.0.1:52818
[2019.03.03-20.48.08:878][ 98]LogHandshake: SendConnectChallenge. Timestamp: 0.008334, Cookie: 034074160209000243033092002176005174194199196190035123145248
[2019.03.03-20.48.08:905][ 98]LogHandshake: SendChallengeResponse. Timestamp: 0.008334, Cookie: 155046244142250037056243184049190054241183001168093031101103
[2019.03.03-20.48.08:910][ 98]LogHandshake: SendChallengeResponse. Timestamp: 0.008334, Cookie: 034074160209000243033092002176005174194199196190035123145248
[2019.03.03-20.48.09:014][ 99]LogNet: NotifyAcceptingConnection accepted from: 127.0.0.1:52817
[2019.03.03-20.48.09:014][ 99]LogHandshake: SendChallengeAck. InCookie: 155046244142250037056243184049190054241183001168093031101103
[2019.03.03-20.48.09:014][ 99]LogNet: Server accepting post-challenge connection from: 127.0.0.1:52817
[2019.03.03-20.48.09:015][ 99]PacketHandlerLog: Loaded PacketHandler component: Engine.EngineHandlerComponentFactory (StatelessConnectHandlerComponent)
[2019.03.03-20.48.09:015][ 99]LogNet: NotifyAcceptedConnection: Name: VehicleExampleMap, TimeStamp: 03/03/19 15:48:09, [UNetConnection] RemoteAddr: 127.0.0.1:52817, Name: IpConnection_2, Driver: GameNetDriver IpNetDriver_0, IsServer: YES, PC: NULL, Owner: NULL, UniqueId: INVALID
[2019.03.03-20.48.09:015][ 99]LogNet: AddClientConnection: Added client connection: [UNetConnection] RemoteAddr: 127.0.0.1:52817, Name: IpConnection_2, Driver: GameNetDriver IpNetDriver_0, IsServer: YES, PC: NULL, Owner: NULL, UniqueId: INVALID
[2019.03.03-20.48.09:015][ 99]LogNet: NotifyAcceptingConnection accepted from: 127.0.0.1:52818
[2019.03.03-20.48.09:015][ 99]LogHandshake: SendChallengeAck. InCookie: 034074160209000243033092002176005174194199196190035123145248
[2019.03.03-20.48.09:015][ 99]LogNet: Server accepting post-challenge connection from: 127.0.0.1:52818
[2019.03.03-20.48.09:015][ 99]PacketHandlerLog: Loaded PacketHandler component: Engine.EngineHandlerComponentFactory (StatelessConnectHandlerComponent)
[2019.03.03-20.48.09:015][ 99]LogNet: NotifyAcceptedConnection: Name: VehicleExampleMap, TimeStamp: 03/03/19 15:48:09, [UNetConnection] RemoteAddr: 127.0.0.1:52818, Name: IpConnection_3, Driver: GameNetDriver IpNetDriver_0, IsServer: YES, PC: NULL, Owner: NULL, UniqueId: INVALID
[2019.03.03-20.48.09:015][ 99]LogNet: AddClientConnection: Added client connection: [UNetConnection] RemoteAddr: 127.0.0.1:52818, Name: IpConnection_3, Driver: GameNetDriver IpNetDriver_0, IsServer: YES, PC: NULL, Owner: NULL, UniqueId: INVALID
[2019.03.03-20.48.09:018][ 99]LogNetVersion: VehicleMovement 1.0.0.0, NetCL: 4212847, EngineNetVer: 5, GameNetVer: 0 (Checksum: 1433232907)
[2019.03.03-20.48.09:018][ 99]LogNet: UPendingNetGame::SendInitialJoin: Sending hello. [UNetConnection] RemoteAddr: 127.0.0.1:17777, Name: IpConnection_0, Driver: PendingNetDriver IpNetDriver_1, IsServer: NO, PC: NULL, Owner: NULL, UniqueId: INVALID
[2019.03.03-20.48.09:018][ 99]LogNet: UPendingNetGame::SendInitialJoin: Sending hello. [UNetConnection] RemoteAddr: 127.0.0.1:17777, Name: IpConnection_1, Driver: PendingNetDriver IpNetDriver_2, IsServer: NO, PC: NULL, Owner: NULL, UniqueId: INVALID
[2019.03.03-20.48.09:031][100]LogNet: NotifyAcceptingChannel Control 0 server World /Game/VehicleCPP/Maps/UEDPIE_1_VehicleExampleMap.VehicleExampleMap: Accepted
[2019.03.03-20.48.09:032][100]LogNet: Remote platform little endian=1
[2019.03.03-20.48.09:032][100]LogNet: This platform little endian=1
[2019.03.03-20.48.09:032][100]LogNet: NotifyAcceptingChannel Control 0 server World /Game/VehicleCPP/Maps/UEDPIE_1_VehicleExampleMap.VehicleExampleMap: Accepted
[2019.03.03-20.48.09:032][100]LogNet: Remote platform little endian=1
[2019.03.03-20.48.09:032][100]LogNet: This platform little endian=1
[2019.03.03-20.48.09:091][101]LogNet: Login request: /Game/VehicleCPP/Maps/VehicleExampleMap?Name=DESKTOP-IF8BQD3-FB86DA6D464604B73045BD8A8774CC4D userId: DESKTOP-IF8BQD3-FB86DA6D464604B73045BD8A8774CC4D
[2019.03.03-20.48.09:091][101]LogNet: Login request: /Game/VehicleCPP/Maps/VehicleExampleMap?Name=DESKTOP-IF8BQD3-8003D6C747D7A24B466737897535CC5A userId: DESKTOP-IF8BQD3-8003D6C747D7A24B466737897535CC5A
[2019.03.03-20.48.09:094][101]LogNet: Welcomed by server (Level: /Game/VehicleCPP/Maps/UEDPIE_1_VehicleExampleMap, Game: /Game/BluePrint/MyVehicleMovementGameMode.MyVehicleMovementGameMode_C)
[2019.03.03-20.48.09:095][101]LogLoad: LoadMap: 127.0.0.1:17777//Game/VehicleCPP/Maps/UEDPIE_1_VehicleExampleMap?game=/Game/BluePrint/MyVehicleMovementGameMode.MyVehicleMovementGameMode_C
[2019.03.03-20.48.09:152][101]LogAIModule: Creating AISystem for world VehicleExampleMap
[2019.03.03-20.48.09:153][101]LogTemp: Display: ParseSettings for GameNetDriver
[2019.03.03-20.48.09:158][101]LogWorld: Bringing World /Game/VehicleCPP/Maps/UEDPIE_2_VehicleExampleMap.VehicleExampleMap up for play (max tick rate 0) at 2019.03.03-15.48.09
[2019.03.03-20.48.09:158][101]LogWorld: Bringing up level for play took: 0.002006
[2019.03.03-20.48.09:158][101]LogLoad: Took 0.062946 seconds to LoadMap(/Game/VehicleCPP/Maps/UEDPIE_1_VehicleExampleMap)
[2019.03.03-20.48.09:158][101]LogNet: Welcomed by server (Level: /Game/VehicleCPP/Maps/UEDPIE_1_VehicleExampleMap, Game: /Game/BluePrint/MyVehicleMovementGameMode.MyVehicleMovementGameMode_C)
[2019.03.03-20.48.09:171][101]LogLoad: LoadMap: 127.0.0.1:17777//Game/VehicleCPP/Maps/UEDPIE_1_VehicleExampleMap?game=/Game/BluePrint/MyVehicleMovementGameMode.MyVehicleMovementGameMode_C
[2019.03.03-20.48.09:213][101]LogAIModule: Creating AISystem for world VehicleExampleMap
[2019.03.03-20.48.09:213][101]LogTemp: Display: ParseSettings for GameNetDriver
[2019.03.03-20.48.09:218][101]LogWorld: Bringing World /Game/VehicleCPP/Maps/UEDPIE_3_VehicleExampleMap.VehicleExampleMap up for play (max tick rate 0) at 2019.03.03-15.48.09
[2019.03.03-20.48.09:218][101]LogWorld: Bringing up level for play took: 0.002521
[2019.03.03-20.48.09:218][101]LogLoad: Took 0.047401 seconds to LoadMap(/Game/VehicleCPP/Maps/UEDPIE_1_VehicleExampleMap)
[2019.03.03-20.48.09:242][102]LogRenderer: Reallocating scene render targets to support 1280x720 Format 10 NumSamples 1 (Frame:1).
[2019.03.03-20.48.09:272][102]LogNet: Client netspeed is 10000
[2019.03.03-20.48.09:272][102]LogNet: Join request: /Game/VehicleCPP/Maps/VehicleExampleMap?Name=DESKTOP-IF8BQD3-FB86DA6D464604B73045BD8A8774CC4D?SplitscreenCount=1
[2019.03.03-20.48.09:272][102]LogOnline: Warning: OSS: No game present to join for session (GameSession)
[2019.03.03-20.48.09:274][102]LogNet: Join succeeded: DESKTOP-IF8BQD3-FB86
[2019.03.03-20.48.09:274][102]LogNet: Client netspeed is 10000
[2019.03.03-20.48.09:274][102]LogNet: Join request: /Game/VehicleCPP/Maps/VehicleExampleMap?Name=DESKTOP-IF8BQD3-8003D6C747D7A24B466737897535CC5A?SplitscreenCount=1
[2019.03.03-20.48.09:274][102]LogOnline: Warning: OSS: No game present to join for session (GameSession)
[2019.03.03-20.48.09:274][102]LogNet: Join succeeded: DESKTOP-IF8BQD3-8003
[2019.03.03-20.48.09:274][102]LogBlueprintUserMessages: [VehicleRank_C_0] Server: 00:00.18
[2019.03.03-20.48.09:274][102]LogBlueprintUserMessages: [VehicleRank_C_1] Server: 00:00.18
[2019.03.03-20.48.09:292][103]LogBlueprintUserMessages: [VehicleRank_C_0] Server: 00:00.20
[2019.03.03-20.48.09:292][103]LogBlueprintUserMessages: [VehicleRank_C_1] Server: 00:00.20
[2019.03.03-20.48.09:330][103]LogOnline: Warning: OSS: No game present to join for session (GameSession)
[2019.03.03-20.48.09:331][103]LogOnline: Warning: OSS: No game present to join for session (GameSession)
[2019.03.03-20.48.09:342][103]LogBlueprintUserMessages: [VehicleRank_C_0] Client 1: 00:00.01
[2019.03.03-20.48.09:351][103]LogOnline: Warning: OSS: No game present to join for session (GameSession)
[2019.03.03-20.48.09:352][103]LogOnline: Warning: OSS: No game present to join for session (GameSession)
[2019.03.03-20.48.09:356][103]LogBlueprintUserMessages: [VehicleRank_C_0] Client 2: 00:00.01
[2019.03.03-20.48.09:381][104]LogBlueprintUserMessages: [VehicleRank_C_0] Server: 00:00.28
[2019.03.03-20.48.09:381][104]LogBlueprintUserMessages: [VehicleRank_C_1] Server: 00:00.28
[2019.03.03-20.48.09:383][104]LogBlueprintUserMessages: [VehicleRank_C_0] Client 1: 00:00.10
[2019.03.03-20.48.09:386][104]LogBlueprintUserMessages: [VehicleRank_C_0] Client 2: 00:00.10
[2019.03.03-20.48.09:402][105]LogBlueprintUserMessages: [VehicleRank_C_0] Server: 00:00.31
[2019.03.03-20.48.09:402][105]LogBlueprintUserMessages: [VehicleRank_C_1] Server: 00:00.31
[2019.03.03-20.48.09:403][105]LogBlueprintUserMessages: [VehicleRank_C_0] Client 1: 00:00.12
[2019.03.03-20.48.09:405][105]LogBlueprintUserMessages: [VehicleRank_C_0] Client 2: 00:00.12
[2019.03.03-20.48.09:430][106]LogBlueprintUserMessages: [VehicleRank_C_0] Server: 00:00.34
[2019.03.03-20.48.09:430][106]LogBlueprintUserMessages: [VehicleRank_C_1] Server: 00:00.34
[2019.03.03-20.48.09:431][106]LogBlueprintUserMessages: [VehicleRank_C_0] Client 1: 00:00.15
[2019.03.03-20.48.09:432][106]LogBlueprintUserMessages: [VehicleRank_C_0] Client 2: 00:00.15
[2019.03.03-20.48.09:450][107]LogBlueprintUserMessages: [VehicleRank_C_0] Server: 00:00.36
[2019.03.03-20.48.09:450][107]LogBlueprintUserMessages: [VehicleRank_C_1] Server: 00:00.36
[2019.03.03-20.48.09:452][107]LogBlueprintUserMessages: [VehicleRank_C_0] Client 1: 00:00.17
[2019.03.03-20.48.09:454][107]LogBlueprintUserMessages: [VehicleRank_C_0] Client 2: 00:00.17
[2019.03.03-20.48.09:470][108]LogBlueprintUserMessages: [VehicleRank_C_0] Server: 00:00.38
[2019.03.03-20.48.09:470][108]LogBlueprintUserMessages: [VehicleRank_C_1] Server: 00:00.38
[2019.03.03-20.48.09:472][108]LogBlueprintUserMessages: [VehicleRank_C_0] Client 1: 00:00.19
[2019.03.03-20.48.09:473][108]LogBlueprintUserMessages: [VehicleRank_C_0] Client 2: 00:00.19
[2019.03.03-20.48.09:487][109]LogBlueprintUserMessages: [VehicleRank_C_0] Server: 00:00.39
[2019.03.03-20.48.09:487][109]LogBlueprintUserMessages: [VehicleRank_C_1] Server: 00:00.39
[2019.03.03-20.48.09:489][109]LogBlueprintUserMessages: [VehicleRank_C_0] Client 1: 00:00.21
[2019.03.03-20.48.09:490][109]LogBlueprintUserMessages: [VehicleRank_C_0] Client 2: 00:00.21
[2019.03.03-20.48.09:505][110]LogBlueprintUserMessages: [VehicleRank_C_0] Server: 00:00.41
[2019.03.03-20.48.09:505][110]LogBlueprintUserMessages: [VehicleRank_C_1] Server: 00:00.41
[2019.03.03-20.48.09:507][110]LogBlueprintUserMessages: [VehicleRank_C_0] Client 1: 00:00.23
[2019.03.03-20.48.09:507][110]LogBlueprintUserMessages: [VehicleRank_C_0] Client 2: 00:00.23
[2019.03.03-20.48.09:518][111]LogBlueprintUserMessages: [VehicleRank_C_0] Server: 00:00.42
[2019.03.03-20.48.09:519][111]LogBlueprintUserMessages: [VehicleRank_C_1] Server: 00:00.42
[2019.03.03-20.48.09:520][111]LogBlueprintUserMessages: [VehicleRank_C_0] Client 1: 00:00.24
[2019.03.03-20.48.09:521][111]LogBlueprintUserMessages: [VehicleRank_C_0] Client 2: 00:00.24
[2019.03.03-20.48.09:532][112]LogBlueprintUserMessages: [VehicleRank_C_0] Server: 00:00.44
[2019.03.03-20.48.09:532][112]LogBlueprintUserMessages: [VehicleRank_C_1] Server: 00:00.44
[2019.03.03-20.48.09:534][112]LogBlueprintUserMessages: [VehicleRank_C_0] Client 1: 00:00.26
[2019.03.03-20.48.09:535][112]LogBlueprintUserMessages: [VehicleRank_C_0] Client 2: 00:00.26
[2019.03.03-20.48.09:547][113]LogBlueprintUserMessages: [VehicleRank_C_0] Server: 00:00.45
[2019.03.03-20.48.09:547][113]LogBlueprintUserMessages: [VehicleRank_C_1] Server: 00:00.45
[2019.03.03-20.48.09:548][113]LogBlueprintUserMessages: [VehicleRank_C_0] Client 1: 00:00.27
[2019.03.03-20.48.09:549][113]LogBlueprintUserMessages: [VehicleRank_C_0] Client 2: 00:00.27
[2019.03.03-20.48.09:562][114]LogBlueprintUserMessages: [VehicleRank_C_0] Server: 00:00.47
[2019.03.03-20.48.09:562][114]LogBlueprintUserMessages: [VehicleRank_C_1] Server: 00:00.47
[2019.03.03-20.48.09:563][114]LogBlueprintUserMessages: [VehicleRank_C_0] Client 1: 00:00.29
[2019.03.03-20.48.09:564][114]LogBlueprintUserMessages: [VehicleRank_C_0] Client 2: 00:00.29
[2019.03.03-20.48.09:576][115]LogBlueprintUserMessages: [VehicleRank_C_0] Server: 00:00.48
[2019.03.03-20.48.09:576][115]LogBlueprintUserMessages: [VehicleRank_C_1] Server: 00:00.48
[2019.03.03-20.48.09:577][115]LogBlueprintUserMessages: [VehicleRank_C_0] Client 1: 00:00.30
[2019.03.03-20.48.09:578][115]LogBlueprintUserMessages: [VehicleRank_C_0] Client 2: 00:00.30
[2019.03.03-20.48.09:589][116]LogBlueprintUserMessages: [VehicleRank_C_0] Server: 00:00.50
[2019.03.03-20.48.09:589][116]LogBlueprintUserMessages: [VehicleRank_C_1] Server: 00:00.50
[2019.03.03-20.48.09:590][116]LogBlueprintUserMessages: [VehicleRank_C_0] Client 1: 00:00.31
[2019.03.03-20.48.09:590][116]LogBlueprintUserMessages: [VehicleRank_C_0] Client 2: 00:00.31
[2019.03.03-20.48.09:601][117]LogBlueprintUserMessages: [VehicleRank_C_0] Server: 00:00.51
[2019.03.03-20.48.09:602][117]LogBlueprintUserMessages: [VehicleRank_C_1] Server: 00:00.51
[2019.03.03-20.48.09:603][117]LogBlueprintUserMessages: [VehicleRank_C_0] Client 1: 00:00.33
[2019.03.03-20.48.09:604][117]LogBlueprintUserMessages: [VehicleRank_C_0] Client 2: 00:00.33
[2019.03.03-20.48.09:614][118]LogBlueprintUserMessages: [VehicleRank_C_0] Server: 00:00.52
[2019.03.03-20.48.09:614][118]LogBlueprintUserMessages: [VehicleRank_C_1] Server: 00:00.52
[2019.03.03-20.48.09:615][118]LogBlueprintUserMessages: [VehicleRank_C_0] Client 1: 00:00.34
[2019.03.03-20.48.09:615][118]LogBlueprintUserMessages: [VehicleRank_C_0] Client 2: 00:00.34
[2019.03.03-20.48.09:626][119]LogBlueprintUserMessages: [VehicleRank_C_0] Server: 00:00.53
[2019.03.03-20.48.09:626][119]LogBlueprintUserMessages: [VehicleRank_C_1] Server: 00:00.53
[2019.03.03-20.48.09:627][119]LogBlueprintUserMessages: [VehicleRank_C_0] Client 1: 00:00.35
[2019.03.03-20.48.09:627][119]LogBlueprintUserMessages: [VehicleRank_C_0] Client 2: 00:00.35
[2019.03.03-20.48.09:638][120]LogBlueprintUserMessages: [VehicleRank_C_0] Server: 00:00.54
[2019.03.03-20.48.09:638][120]LogBlueprintUserMessages: [VehicleRank_C_1] Server: 00:00.54
[2019.03.03-20.48.09:639][120]LogBlueprintUserMessages: [VehicleRank_C_0] Client 1: 00:00.36
[2019.03.03-20.48.09:639][120]LogBlueprintUserMessages: [VehicleRank_C_0] Client 2: 00:00.36
[2019.03.03-20.48.09:647][121]LogBlueprintUserMessages: [VehicleRank_C_0] Server: 00:00.55
[2019.03.03-20.48.09:647][121]LogBlueprintUserMessages: [VehicleRank_C_1] Server: 00:00.55
[2019.03.03-20.48.09:648][121]LogBlueprintUserMessages: [VehicleRank_C_0] Client 1: 00:00.37
[2019.03.03-20.48.09:648][121]LogBlueprintUserMessages: [VehicleRank_C_0] Client 2: 00:00.37
[2019.03.03-20.48.09:658][122]LogBlueprintUserMessages: [VehicleRank_C_0] Server: 00:00.56
[2019.03.03-20.48.09:658][122]LogBlueprintUserMessages: [VehicleRank_C_1] Server: 00:00.56
[2019.03.03-20.48.09:659][122]LogBlueprintUserMessages: [VehicleRank_C_0] Client 1: 00:00.38
[2019.03.03-20.48.09:660][122]LogBlueprintUserMessages: [VehicleRank_C_0] Client 2: 00:00.38
[2019.03.03-20.48.09:672][123]LogBlueprintUserMessages: [VehicleRank_C_0] Server: 00:00.58
[2019.03.03-20.48.09:672][123]LogBlueprintUserMessages: [VehicleRank_C_1] Server: 00:00.58
[2019.03.03-20.48.09:673][123]LogBlueprintUserMessages: [VehicleRank_C_0] Client 1: 00:00.39
[2019.03.03-20.48.09:673][123]LogBlueprintUserMessages: [VehicleRank_C_0] Client 2: 00:00.39
[2019.03.03-20.48.09:682][124]LogBlueprintUserMessages: [VehicleRank_C_0] Server: 00:00.59
[2019.03.03-20.48.09:682][124]LogBlueprintUserMessages: [VehicleRank_C_1] Server: 00:00.59
[2019.03.03-20.48.09:682][124]LogBlueprintUserMessages: [VehicleRank_C_0] Client 1: 00:00.40
[2019.03.03-20.48.09:683][124]LogBlueprintUserMessages: [VehicleRank_C_0] Client 2: 00:00.40
[2019.03.03-20.48.09:695][125]LogBlueprintUserMessages: [VehicleRank_C_0] Server: 00:00.60
[2019.03.03-20.48.09:695][125]LogBlueprintUserMessages: [VehicleRank_C_1] Server: 00:00.60
[2019.03.03-20.48.09:696][125]LogBlueprintUserMessages: [VehicleRank_C_0] Client 1: 00:00.42
[2019.03.03-20.48.09:697][125]LogBlueprintUserMessages: [VehicleRank_C_0] Client 2: 00:00.42
[2019.03.03-20.48.09:710][126]LogBlueprintUserMessages: [VehicleRank_C_0] Server: 00:00.62
[2019.03.03-20.48.09:710][126]LogBlueprintUserMessages: [VehicleRank_C_1] Server: 00:00.62
[2019.03.03-20.48.09:711][126]LogBlueprintUserMessages: [VehicleRank_C_0] Client 1: 00:00.43
[2019.03.03-20.48.09:711][126]LogBlueprintUserMessages: [VehicleRank_C_0] Client 2: 00:00.43
[2019.03.03-20.48.09:723][127]LogBlueprintUserMessages: [VehicleRank_C_0] Server: 00:00.63
[2019.03.03-20.48.09:723][127]LogBlueprintUserMessages: [VehicleRank_C_1] Server: 00:00.63
[2019.03.03-20.48.09:724][127]LogBlueprintUserMessages: [VehicleRank_C_0] Client 1: 00:00.45
[2019.03.03-20.48.09:725][127]LogBlueprintUserMessages: [VehicleRank_C_0] Client 2: 00:00.45
[2019.03.03-20.48.09:732][128]LogBlueprintUserMessages: [VehicleRank_C_0] Server: 00:00.64
[2019.03.03-20.48.09:732][128]LogBlueprintUserMessages: [VehicleRank_C_1] Server: 00:00.64
[2019.03.03-20.48.09:732][128]LogBlueprintUserMessages: [VehicleRank_C_0] Client 1: 00:00.46
[2019.03.03-20.48.09:733][128]LogBlueprintUserMessages: [VehicleRank_C_0] Client 2: 00:00.46
[2019.03.03-20.48.09:743][129]LogBlueprintUserMessages: [VehicleRank_C_0] Server: 00:00.65
[2019.03.03-20.48.09:743][129]LogBlueprintUserMessages: [VehicleRank_C_1] Server: 00:00.65
[2019.03.03-20.48.09:743][129]LogBlueprintUserMessages: [VehicleRank_C_0] Client 1: 00:00.47
[2019.03.03-20.48.09:744][129]LogBlueprintUserMessages: [VehicleRank_C_0] Client 2: 00:00.47
[2019.03.03-20.48.09:754][130]LogBlueprintUserMessages: [VehicleRank_C_0] Server: 00:00.66
[2019.03.03-20.48.09:754][130]LogBlueprintUserMessages: [VehicleRank_C_1] Server: 00:00.66
[2019.03.03-20.48.09:755][130]LogBlueprintUserMessages: [VehicleRank_C_0] Client 1: 00:00.48
[2019.03.03-20.48.09:755][130]LogBlueprintUserMessages: [VehicleRank_C_0] Client 2: 00:00.48
[2019.03.03-20.48.09:765][131]LogBlueprintUserMessages: [VehicleRank_C_0] Server: 00:00.67
[2019.03.03-20.48.09:765][131]LogBlueprintUserMessages: [VehicleRank_C_1] Server: 00:00.67
[2019.03.03-20.48.09:765][131]LogBlueprintUserMessages: [VehicleRank_C_0] Client 1: 00:00.49
[2019.03.03-20.48.09:766][131]LogBlueprintUserMessages: [VehicleRank_C_0] Client 2: 00:00.49
[2019.03.03-20.48.09:777][132]LogBlueprintUserMessages: [VehicleRank_C_0] Server: 00:00.68
[2019.03.03-20.48.09:777][132]LogBlueprintUserMessages: [VehicleRank_C_1] Server: 00:00.68
[2019.03.03-20.48.09:777][132]LogBlueprintUserMessages: [VehicleRank_C_0] Client 1: 00:00.50
[2019.03.03-20.48.09:778][132]LogBlueprintUserMessages: [VehicleRank_C_0] Client 2: 00:00.50
[2019.03.03-20.48.09:787][133]LogBlueprintUserMessages: [VehicleRank_C_0] Server: 00:00.69
[2019.03.03-20.48.09:788][133]LogBlueprintUserMessages: [VehicleRank_C_1] Server: 00:00.69
[2019.03.03-20.48.09:788][133]LogBlueprintUserMessages: [VehicleRank_C_0] Client 1: 00:00.51
[2019.03.03-20.48.09:789][133]LogBlueprintUserMessages: [VehicleRank_C_0] Client 2: 00:00.51
[2019.03.03-20.48.09:799][134]LogBlueprintUserMessages: [VehicleRank_C_0] Server: 00:00.71
[2019.03.03-20.48.09:799][134]LogBlueprintUserMessages: [VehicleRank_C_1] Server: 00:00.71
[2019.03.03-20.48.09:800][134]LogBlueprintUserMessages: [VehicleRank_C_0] Client 1: 00:00.52
[2019.03.03-20.48.09:801][134]LogBlueprintUserMessages: [VehicleRank_C_0] Client 2: 00:00.52
[2019.03.03-20.48.09:812][135]LogBlueprintUserMessages: [VehicleRank_C_0] Server: 00:00.72
[2019.03.03-20.48.09:812][135]LogBlueprintUserMessages: [VehicleRank_C_1] Server: 00:00.72
[2019.03.03-20.48.09:813][135]LogBlueprintUserMessages: [VehicleRank_C_0] Client 1: 00:00.54
[2019.03.03-20.48.11:574][135]LogWindows: Error: === Critical error: ===
[2019.03.03-20.48.11:574][135]LogWindows: Error: 
[2019.03.03-20.48.11:574][135]LogWindows: Error: Fatal error!
[2019.03.03-20.48.11:574][135]LogWindows: Error: 
[2019.03.03-20.48.11:574][135]LogWindows: Error: Unhandled Exception: EXCEPTION_ACCESS_VIOLATION reading address 0x00000048
[2019.03.03-20.48.11:574][135]LogWindows: Error: 
[2019.03.03-20.48.11:574][135]LogWindows: Error: [Callstack] 0x00007ffc09e268a0 UE4Editor-VehicleMovement-4664.dll!UCarStat::GetHandleFactor() [d:\github\math-assignment_1\math_assignment_1\game260development\resources\vehiclemovement\source\vehiclemovement\carstat.cpp:26]
[2019.03.03-20.48.11:574][135]LogWindows: Error: [Callstack] 0x00007ffc09e255cd UE4Editor-VehicleMovement-4664.dll!AAVehiclePawn::MoveY() [d:\github\math-assignment_1\math_assignment_1\game260development\resources\vehiclemovement\source\vehiclemovement\avehiclepawn.cpp:211]
[2019.03.03-20.48.11:574][135]LogWindows: Error: [Callstack] 0x00007ffc1b5b4377 UE4Editor-Engine.dll!UnknownFunction []
[2019.03.03-20.48.11:574][135]LogWindows: Error: [Callstack] 0x00007ffc1b08017c UE4Editor-Engine.dll!UnknownFunction []
[2019.03.03-20.48.11:574][135]LogWindows: Error: [Callstack] 0x00007ffc1b094608 UE4Editor-Engine.dll!UnknownFunction []
[2019.03.03-20.48.11:574][135]LogWindows: Error: [Callstack] 0x00007ffc1b07dbcb UE4Editor-Engine.dll!UnknownFunction []
[2019.03.03-20.48.11:574][135]LogWindows: Error: [Callstack] 0x00007ffc1b0934c3 UE4Editor-Engine.dll!UnknownFunction []
[2019.03.03-20.48.11:574][135]LogWindows: Error: [Callstack] 0x00007ffc1a2b5630 UE4Editor-Engine.dll!UnknownFunction []
[2019.03.03-20.48.11:574][135]LogWindows: Error: [Callstack] 0x00007ffc1b4b16bd UE4Editor-Engine.dll!UnknownFunction []
[2019.03.03-20.48.11:574][135]LogWindows: Error: [Callstack] 0x00007ffc36971f92 UE4Editor-Core.dll!UnknownFunction []
[2019.03.03-20.48.11:574][135]LogWindows: Error: [Callstack] 0x00007ffc36972456 UE4Editor-Core.dll!UnknownFunction []
[2019.03.03-20.48.11:574][135]LogWindows: Error: [Callstack] 0x00007ffc36986d25 UE4Editor-Core.dll!UnknownFunction []
[2019.03.03-20.48.11:574][135]LogWindows: Error: [Callstack] 0x00007ffc1b505b04 UE4Editor-Engine.dll!UnknownFunction []
[2019.03.03-20.48.11:574][135]LogWindows: Error: [Callstack] 0x00007ffc1b514d92 UE4Editor-Engine.dll!UnknownFunction []
[2019.03.03-20.48.11:574][135]LogWindows: Error: [Callstack] 0x00007ffc1ac187e4 UE4Editor-Engine.dll!UnknownFunction []
[2019.03.03-20.48.11:574][135]LogWindows: Error: [Callstack] 0x00007ffc1ac24003 UE4Editor-Engine.dll!UnknownFunction []
[2019.03.03-20.48.11:574][135]LogWindows: Error: [Callstack] 0x00007ffc18df7335 UE4Editor-UnrealEd.dll!UnknownFunction []
[2019.03.03-20.48.11:574][135]LogWindows: Error: [Callstack] 0x00007ffc196ef666 UE4Editor-UnrealEd.dll!UnknownFunction []
[2019.03.03-20.48.11:574][135]LogWindows: Error: [Callstack] 0x00007ff7716f5cbd UE4Editor.exe!UnknownFunction []
[2019.03.03-20.48.11:574][135]LogWindows: Error: [Callstack] 0x00007ff771705b3c UE4Editor.exe!UnknownFunction []
[2019.03.03-20.48.11:574][135]LogWindows: Error: [Callstack] 0x00007ff771705bba UE4Editor.exe!UnknownFunction []
[2019.03.03-20.48.11:574][135]LogWindows: Error: [Callstack] 0x00007ff771713dac UE4Editor.exe!UnknownFunction []
[2019.03.03-20.48.11:574][135]LogWindows: Error: [Callstack] 0x00007ff771715aaa UE4Editor.exe!UnknownFunction []
[2019.03.03-20.48.11:574][135]LogWindows: Error: [Callstack] 0x00007ffc9e4781f4 KERNEL32.DLL!UnknownFunction []
[2019.03.03-20.48.11:574][135]LogWindows: Error: [Callstack] 0x00007ffc9ff9a251 ntdll.dll!UnknownFunction []
[2019.03.03-20.48.11:574][135]LogWindows: Error: 
[2019.03.03-20.48.11:592][135]LogExit: Executing StaticShutdownAfterError
[2019.03.03-20.48.11:596][135]LogWindows: FPlatformMisc::RequestExit(1)
[2019.03.03-20.48.11:607][135]Log file closed, 03/03/19 15:48:11
