Log file open, 03/07/19 12:00:49
LogWindows: Failed to load 'aqProf.dll' (GetLastError=126)
LogWindows: File 'aqProf.dll' does not exist
LogWindows: Failed to load 'VSPerf140.dll' (GetLastError=126)
LogWindows: File 'VSPerf140.dll' does not exist
LogWindows: Failed to load 'VtuneApi.dll' (GetLastError=126)
LogWindows: File 'VtuneApi.dll' does not exist
LogWindows: Failed to load 'VtuneApi32e.dll' (GetLastError=126)
LogWindows: File 'VtuneApi32e.dll' does not exist
LogInit: Display: Running engine for game: VehicleMovement
LogPlatformFile: Not using cached read wrapper
LogTaskGraph: Started task graph with 5 named threads and 23 total threads with 3 sets of task threads.
LogStats: Stats thread started at 0.299044
LogD3D11RHI: Loaded GFSDK_Aftermath_Lib.x64.dll
LogICUInternationalization: Display: ICU TimeZone Detection - Raw Offset: -5:00, Platform Override: ''
LogPluginManager: Mounting plugin Paper2D
LogPluginManager: Mounting plugin AISupport
LogPluginManager: Mounting plugin LightPropagationVolume
LogPluginManager: Mounting plugin CLionSourceCodeAccess
LogPluginManager: Mounting plugin CodeLiteSourceCodeAccess
LogPluginManager: Mounting plugin GitSourceControl
LogPluginManager: Mounting plugin KDevelopSourceCodeAccess
LogPluginManager: Mounting plugin NullSourceCodeAccess
LogPluginManager: Mounting plugin PerforceSourceControl
LogPluginManager: Mounting plugin SubversionSourceControl
LogPluginManager: Mounting plugin UObjectPlugin
LogPluginManager: Mounting plugin VisualStudioCodeSourceCodeAccess
LogPluginManager: Mounting plugin VisualStudioSourceCodeAccess
LogPluginManager: Mounting plugin XCodeSourceCodeAccess
LogPluginManager: Mounting plugin AssetManagerEditor
LogPluginManager: Mounting plugin CryptoKeys
LogPluginManager: Mounting plugin DataValidation
LogPluginManager: Mounting plugin FacialAnimation
LogPluginManager: Mounting plugin GameplayTagsEditor
LogPluginManager: Mounting plugin MacGraphicsSwitching
LogPluginManager: Mounting plugin MeshEditor
LogPluginManager: Mounting plugin MobileLauncherProfileWizard
LogPluginManager: Mounting plugin PluginBrowser
LogPluginManager: Mounting plugin SpeedTreeImporter
LogPluginManager: Mounting plugin DatasmithContent
LogPluginManager: Mounting plugin AlembicImporter
LogPluginManager: Mounting plugin AppleImageUtils
LogPluginManager: Mounting plugin AppleVision
LogPluginManager: Mounting plugin BackChannel
LogPluginManager: Mounting plugin CharacterAI
LogPluginManager: Mounting plugin GeometryCache
LogPluginManager: Mounting plugin HTML5Networking
LogPluginManager: Mounting plugin ProxyLODPlugin
LogPluginManager: Mounting plugin RawInput
LogPluginManager: Mounting plugin MagicLeap
LogPluginManager: Mounting plugin MagicLeapEmulator
LogPluginManager: Mounting plugin MagicLeapMedia
LogPluginManager: Mounting plugin AndroidMedia
LogPluginManager: Mounting plugin AvfMedia
LogPluginManager: Mounting plugin ImgMedia
LogPluginManager: Mounting plugin LinearTimecode
LogPluginManager: Mounting plugin MediaCompositing
LogPluginManager: Mounting plugin MediaPlayerEditor
LogPluginManager: Mounting plugin WmfMedia
LogPluginManager: Mounting plugin TcpMessaging
LogPluginManager: Mounting plugin UdpMessaging
LogPluginManager: Mounting plugin ActorSequence
LogPluginManager: Mounting plugin LevelSequenceEditor
LogPluginManager: Mounting plugin MatineeToLevelSequence
LogPluginManager: Mounting plugin NetcodeUnitTest
LogPluginManager: Mounting plugin NUTUnrealEngine4
LogPluginManager: Mounting plugin OnlineSubsystemGooglePlay
LogPluginManager: Mounting plugin OnlineSubsystemIOS
LogPluginManager: Mounting plugin OnlineSubsystem
LogPluginManager: Mounting plugin OnlineSubsystemNull
LogPluginManager: Mounting plugin OnlineSubsystemUtils
LogPluginManager: Mounting plugin LauncherChunkInstaller
LogPluginManager: Mounting plugin AndroidDeviceProfileSelector
LogPluginManager: Mounting plugin AndroidMoviePlayer
LogPluginManager: Mounting plugin AndroidPermission
LogPluginManager: Mounting plugin AppleMoviePlayer
LogPluginManager: Mounting plugin ArchVisCharacter
LogPluginManager: Mounting plugin AudioCapture
LogPluginManager: Mounting plugin CableComponent
LogPluginManager: Mounting plugin CustomMeshComponent
LogPluginManager: Mounting plugin EditableMesh
LogPluginManager: Mounting plugin ExampleDeviceProfileSelector
LogPluginManager: Mounting plugin GoogleCloudMessaging
LogPluginManager: Mounting plugin ImmediatePhysics
LogPluginManager: Mounting plugin IOSDeviceProfileSelector
LogPluginManager: Mounting plugin LinuxDeviceProfileSelector
LogPluginManager: Mounting plugin LocationServicesBPLibrary
LogPluginManager: Mounting plugin MobilePatchingUtils
LogPluginManager: Mounting plugin OculusVR
LogPluginManager: Plugin shader directory ../../../Engine/Plugins/Runtime/Oculus/OculusVR/Shaders found
LogPluginManager: Mapping shader source directory ../../../Engine/Plugins/Runtime/Oculus/OculusVR/Shaders to virtual directory /Plugin/OculusVR
LogPluginManager: Mounting plugin PhysXVehicles
LogPluginManager: Mounting plugin ProceduralMeshComponent
LogPluginManager: Mounting plugin RuntimePhysXCooking
LogPluginManager: Mounting plugin SteamVR
LogPluginManager: Mounting plugin WindowsMoviePlayer
LogStreaming: Display: Took  0.134s to configure plugins.
LogInit: Using libcurl 7.55.1-DEV
LogInit:  - built for x86_64-pc-win32
LogInit:  - supports SSL with OpenSSL/1.0.2h
LogInit:  - supports HTTP deflate (compression) using libz 1.2.8
LogInit:  - other features:
LogInit:      CURL_VERSION_SSL
LogInit:      CURL_VERSION_LIBZ
LogInit:      CURL_VERSION_IPV6
LogInit:      CURL_VERSION_ASYNCHDNS
LogInit:      CURL_VERSION_LARGEFILE
LogInit:      CURL_VERSION_IDN
LogInit:  CurlRequestOptions (configurable via config and command line):
LogInit:  - bVerifyPeer = false  - Libcurl will NOT verify peer certificate
LogInit:  - bUseHttpProxy = false  - Libcurl will NOT use HTTP proxy
LogInit:  - bDontReuseConnections = false  - Libcurl will reuse connections
LogInit:  - CertBundlePath = nullptr  - Libcurl will use whatever was configured at build time.
LogInit:  - MaxHostConnections = 16  - Libcurl will limit the number of connections to a host
LogInit:  - LocalHostAddr = Default
LogInit:  - BufferSize = 65536
LogInit: WinSock: version 1.1 (2.2), MaxSocks=32767, MaxUdp=65467
LogInit: Build: ++UE4+Release-4.20-CL-4369336
LogInit: Engine Version: 4.20.3-4369336+++UE4+Release-4.20
LogInit: Compatible Engine Version: 4.20.0-4212847+++UE4+Release-4.20
LogInit: Net CL: 4212847
LogInit: OS: Windows 10 (), CPU: Intel(R) Core(TM) i7-7700HQ CPU @ 2.80GHz, GPU: NVIDIA GeForce GTX 1070
LogInit: Compiled (64-bit): Sep 17 2018 12:26:19
LogInit: Compiled with Visual C++: 19.13.26129.00
LogInit: Build Configuration: Development
LogInit: Branch Name: ++UE4+Release-4.20
LogInit: Command Line:  
LogInit: Base Directory: C:/Program Files/Epic Games/UE_4.20/Engine/Binaries/Win64/
LogInit: Installed Engine Build: 1
LogDevObjectVersion: Number of dev versions registered: 20
LogDevObjectVersion:   Dev-Blueprints (B0D832E4-1F89-4F0D-ACCF-7EB736FD4AA2): 10
LogDevObjectVersion:   Dev-Build (E1C64328-A22C-4D53-A36C-8E866417BD8C): 0
LogDevObjectVersion:   Dev-Core (375EC13C-06E4-48FB-B500-84F0262A717E): 2
LogDevObjectVersion:   Dev-Editor (E4B068ED-F494-42E9-A231-DA0B2E46BB41): 24
LogDevObjectVersion:   Dev-Framework (CFFC743F-43B0-4480-9391-14DF171D2073): 34
LogDevObjectVersion:   Dev-Mobile (B02B49B5-BB20-44E9-A304-32B752E40360): 2
LogDevObjectVersion:   Dev-Networking (A4E4105C-59A1-49B5-A7C5-40C4547EDFEE): 0
LogDevObjectVersion:   Dev-Online (39C831C9-5AE6-47DC-9A44-9C173E1C8E7C): 0
LogDevObjectVersion:   Dev-Physics (78F01B33-EBEA-4F98-B9B4-84EACCB95AA2): 0
LogDevObjectVersion:   Dev-Platform (6631380F-2D4D-43E0-8009-CF276956A95A): 0
LogDevObjectVersion:   Dev-Rendering (12F88B9F-8875-4AFC-A67C-D90C383ABD29): 26
LogDevObjectVersion:   Dev-Sequencer (7B5AE74C-D270-4C10-A958-57980B212A5A): 9
LogDevObjectVersion:   Dev-VR (D7296918-1DD6-4BDD-9DE2-64A83CC13884): 2
LogDevObjectVersion:   Dev-LoadTimes (C2A15278-BFE7-4AFE-6C17-90FF531DF755): 1
LogDevObjectVersion:   Private-Geometry (6EACA3D4-40EC-4CC1-B786-8BED09428FC5): 3
LogDevObjectVersion:   Dev-AnimPhys (29E575DD-E0A3-4627-9D10-D276232CDCEA): 17
LogDevObjectVersion:   Dev-ReflectionCapture (6B266CEC-1EC7-4B8F-A30B-E4D90942FC07): 1
LogDevObjectVersion:   Dev-Automation (0DF73D61-A23F-47EA-B727-89E90C41499A): 1
LogDevObjectVersion:   FortniteMain (601D1886-AC64-4F84-AA16-D3DE0DEAC7D6): 12
LogDevObjectVersion:   Dev-Enterprise (9DFFBCD6-494F-0158-E221-12823C92A888): 1
LogStreaming: Display: Took  0.001s to delete old logs.
LogInit: Presizing for max 8388607 objects, including 0 objects not considered by GC, pre-allocating 0 bytes for permanent pool.
LogInit: Object subsystem initialized
[2019.03.07-17.00.50:188][  0]LogInit: Selected Device Profile: [Windows]
[2019.03.07-17.00.50:188][  0]LogInit: Applying CVar settings loaded from the selected device profile: [Windows]
[2019.03.07-17.00.50:204][  0]LogHAL: Display: Platform has ~ 16 GB [17137508352 / 17179869184 / 16], which maps to Larger [LargestMinGB=32, LargerMinGB=12, DefaultMinGB=8, SmallerMinGB=6, SmallestMinGB=0)
[2019.03.07-17.00.50:204][  0]LogInit: Setting Device Profile CVar: [[r.Vulkan.UseRealUBs:1]]
[2019.03.07-17.00.50:204][  0]LogInit: Going up to parent DeviceProfile []
[2019.03.07-17.00.50:204][  0]LogInit: Computer: MSI
[2019.03.07-17.00.50:204][  0]LogInit: User: finfa
[2019.03.07-17.00.50:204][  0]LogInit: CPU Page size=4096, Cores=4
[2019.03.07-17.00.50:204][  0]LogInit: High frequency timer resolution =10.000000 MHz
[2019.03.07-17.00.50:205][  0]LogMemory: Memory total: Physical=16.0GB (16GB approx)
[2019.03.07-17.00.50:205][  0]LogMemory: Platform Memory Stats for Windows
[2019.03.07-17.00.50:205][  0]LogMemory: Process Physical Memory: 100.29 MB used, 100.29 MB peak
[2019.03.07-17.00.50:205][  0]LogMemory: Process Virtual Memory: 90.96 MB used, 90.96 MB peak
[2019.03.07-17.00.50:205][  0]LogMemory: Physical Memory: 12782.17 MB used,  3561.43 MB free, 16343.60 MB total
[2019.03.07-17.00.50:205][  0]LogMemory: Virtual Memory: 4642.62 MB used,  3561.43 MB free, 134217728.00 MB total
[2019.03.07-17.00.50:696][  0]LogInit: Using OS detected language (en-US).
[2019.03.07-17.00.50:696][  0]LogInit: Using OS detected locale (en-CA).
[2019.03.07-17.00.50:697][  0]LogTextLocalizationManager: No specific localization for 'en-US' exists, so the 'en' localization will be used.
[2019.03.07-17.00.51:128][  0]LogStreaming: Display: Took  0.432s to InitEngineTextLocalization.
[2019.03.07-17.00.51:176][  0]LogSlate: New Slate User Created.  User Index 0, Is Virtual User: 0
[2019.03.07-17.00.51:176][  0]LogSlate: Slate User Registered.  User Index 0, Is Virtual User: 0
[2019.03.07-17.00.51:400][  0]LogHMD: Failed to initialize OpenVR with code 110
[2019.03.07-17.00.51:400][  0]LogD3D11RHI: D3D11 adapters:
[2019.03.07-17.00.51:481][  0]LogD3D11RHI:    0. 'NVIDIA GeForce GTX 1070' (Feature Level 11_0)
[2019.03.07-17.00.51:481][  0]LogD3D11RHI:       8081/0/8171 MB DedicatedVideo/DedicatedSystem/SharedSystem, Outputs:1, VendorId:0x10de
[2019.03.07-17.00.51:484][  0]LogD3D11RHI:    1. 'Microsoft Basic Render Driver' (Feature Level 11_0)
[2019.03.07-17.00.51:484][  0]LogD3D11RHI:       0/0/8171 MB DedicatedVideo/DedicatedSystem/SharedSystem, Outputs:0, VendorId:0x1414
[2019.03.07-17.00.51:484][  0]LogD3D11RHI: Chosen D3D11 Adapter: 0
[2019.03.07-17.00.51:499][  0]LogD3D11RHI: Creating new Direct3DDevice
[2019.03.07-17.00.51:499][  0]LogD3D11RHI:     GPU DeviceId: 0x1be1 (for the marketing name, search the web for "GPU Device Id")
[2019.03.07-17.00.51:499][  0]LogWindows: EnumDisplayDevices:
[2019.03.07-17.00.51:499][  0]LogWindows:    0. 'NVIDIA GeForce GTX 1070' (P:1 D:1)
[2019.03.07-17.00.51:500][  0]LogWindows:    1. 'NVIDIA GeForce GTX 1070' (P:0 D:0)
[2019.03.07-17.00.51:500][  0]LogWindows:    2. 'NVIDIA GeForce GTX 1070' (P:0 D:0)
[2019.03.07-17.00.51:500][  0]LogWindows:    3. 'NVIDIA GeForce GTX 1070' (P:0 D:0)
[2019.03.07-17.00.51:500][  0]LogWindows: DebugString: FoundDriverCount:4 
[2019.03.07-17.00.51:500][  0]LogD3D11RHI:     Adapter Name: NVIDIA GeForce GTX 1070
[2019.03.07-17.00.51:500][  0]LogD3D11RHI:   Driver Version: 418.81 (internal:25.21.14.1881, unified:418.81)
[2019.03.07-17.00.51:500][  0]LogD3D11RHI:      Driver Date: 1-30-2019
[2019.03.07-17.00.51:500][  0]LogRHI: Texture pool is 5656 MB (70% of 8081 MB)
[2019.03.07-17.00.51:552][  0]LogD3D11RHI: Async texture creation enabled
[2019.03.07-17.00.51:571][  0]LogD3D11RHI: GPU Timing Frequency: 1000.000000 (Debug: 2 1)
[2019.03.07-17.00.51:616][  0]LogShaderCompilers: Guid format shader working directory is -45 characters bigger than the processId version (../../../../../../Users/finfa/Documents/GitHub/Game260Development/Resources/VehicleMovement/Intermediate/Shaders/WorkingDirectory/3284/).
[2019.03.07-17.00.51:616][  0]LogShaderCompilers: Cleaned the shader compiler working directory 'C:/Users/finfa/AppData/Local/Temp/UnrealShaderWorkingDir/53C497E1498BD4AF70ACC68387321A50/'.
[2019.03.07-17.00.51:996][  0]LogTemp: Display: Loaded TP AllDesktopTargetPlatform
[2019.03.07-17.00.52:011][  0]LogTemp: Display: Loaded TP MacClientTargetPlatform
[2019.03.07-17.00.52:028][  0]LogTemp: Display: Loaded TP MacNoEditorTargetPlatform
[2019.03.07-17.00.52:045][  0]LogTemp: Display: Loaded TP MacServerTargetPlatform
[2019.03.07-17.00.52:060][  0]LogTemp: Display: Loaded TP MacTargetPlatform
[2019.03.07-17.00.52:077][  0]LogTemp: Display: Loaded TP WindowsClientTargetPlatform
[2019.03.07-17.00.52:092][  0]LogTemp: Display: Loaded TP WindowsNoEditorTargetPlatform
[2019.03.07-17.00.52:109][  0]LogTemp: Display: Loaded TP WindowsServerTargetPlatform
[2019.03.07-17.00.52:117][  0]LogTemp: Display: Loaded TP WindowsTargetPlatform
[2019.03.07-17.00.52:208][  0]LogTemp: Display: Loaded TP AndroidTargetPlatform
[2019.03.07-17.00.52:208][  0]LogTemp: Display: Loaded TP AndroidTargetPlatform
[2019.03.07-17.00.52:208][  0]LogTemp: Display: Loaded TP AndroidTargetPlatform
[2019.03.07-17.00.52:208][  0]LogTemp: Display: Loaded TP AndroidTargetPlatform
[2019.03.07-17.00.52:208][  0]LogTemp: Display: Loaded TP AndroidTargetPlatform
[2019.03.07-17.00.52:208][  0]LogTemp: Display: Loaded TP AndroidTargetPlatform
[2019.03.07-17.00.52:208][  0]LogTemp: Display: Loaded TP AndroidTargetPlatform
[2019.03.07-17.00.52:208][  0]LogTemp: Display: Loaded TP AndroidTargetPlatform
[2019.03.07-17.00.52:208][  0]LogTemp: Display: Loaded TP AndroidTargetPlatform
[2019.03.07-17.00.52:208][  0]LogTemp: Display: Loaded TP AndroidTargetPlatform
[2019.03.07-17.00.52:208][  0]LogTemp: Display: Loaded TP AndroidTargetPlatform
[2019.03.07-17.00.52:208][  0]LogTemp: Display: Loaded TP AndroidTargetPlatform
[2019.03.07-17.00.52:208][  0]LogTemp: Display: Loaded TP AndroidTargetPlatform
[2019.03.07-17.00.52:208][  0]LogTemp: Display: Loaded TP AndroidTargetPlatform
[2019.03.07-17.00.52:208][  0]LogTemp: Display: Loaded TP AndroidTargetPlatform
[2019.03.07-17.00.52:208][  0]LogTemp: Display: Loaded TP AndroidTargetPlatform
[2019.03.07-17.00.52:208][  0]LogTemp: Display: Loaded TP AndroidTargetPlatform
[2019.03.07-17.00.52:208][  0]LogTemp: Display: Loaded TP AndroidTargetPlatform
[2019.03.07-17.00.52:210][  0]LogTemp: Display: Loaded TP HTML5TargetPlatform
[2019.03.07-17.00.52:275][  0]LogTemp: Display: Loaded TP IOSTargetPlatform
[2019.03.07-17.00.52:275][  0]LogTemp: Display: Loaded TP IOSTargetPlatform
[2019.03.07-17.00.52:300][  0]LogTemp: Display: Loaded TP TVOSTargetPlatform
[2019.03.07-17.00.52:300][  0]LogTemp: Display: Loaded TP TVOSTargetPlatform
[2019.03.07-17.00.52:316][  0]LogTemp: Display: Loaded TP LinuxClientTargetPlatform
[2019.03.07-17.00.52:331][  0]LogTemp: Display: Loaded TP LinuxNoEditorTargetPlatform
[2019.03.07-17.00.52:344][  0]LogTemp: Display: Loaded TP LinuxServerTargetPlatform
[2019.03.07-17.00.52:359][  0]LogTemp: Display: Loaded TP LinuxTargetPlatform
[2019.03.07-17.00.52:370][  0]LogTemp: Display: Loaded TP LuminTargetPlatform
[2019.03.07-17.00.52:370][  0]LogTargetPlatformManager: Display: Building Assets For Windows
[2019.03.07-17.00.52:437][  0]LogXGEController: Cannot use XGE Controller as Incredibuild is not installed on this machine.
[2019.03.07-17.00.52:437][  0]LogShaderCompilers: Cannot use XGE Shader Compiler as Incredibuild is not installed on this machine.
[2019.03.07-17.00.52:437][  0]LogShaderCompilers: Display: Using Local Shader Compiler.
[2019.03.07-17.00.53:344][  0]LogDerivedDataCache: Display: Max Cache Size: 512 MB
[2019.03.07-17.00.53:397][  0]LogDerivedDataCache: Loaded boot cache 0.05s 73MB C:/Users/finfa/AppData/Local/UnrealEngine/4.20/DerivedDataCache/Boot.ddc.
[2019.03.07-17.00.53:398][  0]LogDerivedDataCache: Display: Loaded Boot cache: C:/Users/finfa/AppData/Local/UnrealEngine/4.20/DerivedDataCache/Boot.ddc
[2019.03.07-17.00.53:398][  0]LogDerivedDataCache: FDerivedDataBackendGraph:  Pak pak cache file ../../../../../../Users/finfa/Documents/GitHub/Game260Development/Resources/VehicleMovement/DerivedDataCache/DDC.ddp not found, will not use a pak cache.
[2019.03.07-17.00.53:398][  0]LogDerivedDataCache: Unable to find inner node Pak for hierarchical cache Hierarchy.
[2019.03.07-17.00.53:398][  0]LogDerivedDataCache: FDerivedDataBackendGraph:  CompressedPak pak cache file ../../../../../../Users/finfa/Documents/GitHub/Game260Development/Resources/VehicleMovement/DerivedDataCache/Compressed.ddp not found, will not use a pak cache.
[2019.03.07-17.00.53:398][  0]LogDerivedDataCache: Unable to find inner node CompressedPak for hierarchical cache Hierarchy.
[2019.03.07-17.00.53:412][  0]LogDerivedDataCache: Display: Pak cache opened for reading ../../../Engine/DerivedDataCache/Compressed.ddp.
[2019.03.07-17.00.53:425][  0]LogDerivedDataCache: Using Local data cache path C:/Users/finfa/AppData/Local/UnrealEngine/Common/DerivedDataCache: Writable
[2019.03.07-17.00.53:425][  0]LogDerivedDataCache: Shared data cache path not found in *engine.ini, will not use an Shared cache.
[2019.03.07-17.00.53:425][  0]LogDerivedDataCache: Unable to find inner node Shared for hierarchical cache Hierarchy.
[2019.03.07-17.00.53:445][  0]LogMaterial: Verifying Global Shaders for PCD3D_SM5
[2019.03.07-17.00.53:446][  0]LogSlate: Using FreeType 2.6.0
[2019.03.07-17.00.53:447][  0]LogSlate: SlateFontServices - WITH_FREETYPE: 1, WITH_HARFBUZZ: 1
[2019.03.07-17.00.53:543][  0]LogAssetRegistry: FAssetRegistry took 0.0276 seconds to start up
[2019.03.07-17.00.53:903][  0]LogInit: Selected Device Profile: [Windows]
[2019.03.07-17.00.54:046][  0]LogSimplygon: Simplygon DLL not present - disabling.
[2019.03.07-17.00.54:049][  0]LogMeshReduction: Using SimplygonSwarm for distributed automatic mesh merging
[2019.03.07-17.00.54:049][  0]LogMeshReduction: Using ProxyLODMeshReduction for automatic mesh merging
[2019.03.07-17.00.54:049][  0]LogMeshReduction: Using QuadricMeshReduction for automatic static mesh reduction
[2019.03.07-17.00.54:049][  0]LogMeshReduction: No automatic skeletal mesh reduction module available
[2019.03.07-17.00.54:069][  0]LogNetVersion: VehicleMovement 1.0.0, NetCL: 4212847, EngineNetVer: 5, GameNetVer: 0 (Checksum: 2966596176)
[2019.03.07-17.00.54:760][  0]LogPackageLocalizationCache: Processed 11 localized package path(s) for 2 prioritized culture(s) in 0.163355 seconds
[2019.03.07-17.00.54:768][  0]LogUObjectArray: 38425 objects as part of root set at end of initial load.
[2019.03.07-17.00.54:768][  0]LogUObjectAllocator: 6690872 out of 0 bytes used by permanent object pool.
[2019.03.07-17.00.54:768][  0]LogUObjectArray: CloseDisregardForGC: 0/0 objects in disregard for GC pool
[2019.03.07-17.00.55:700][  0]LogTcpMessaging: Initializing TcpMessaging bridge
[2019.03.07-17.00.55:713][  0]LogUdpMessaging: Initializing bridge on interface 0.0.0.0:0 to multicast group 230.0.0.1:6666.
[2019.03.07-17.00.55:954][  0]SourceControl: Source control is disabled
[2019.03.07-17.00.55:954][  0]SourceControl: Source control is disabled
[2019.03.07-17.00.55:955][  0]SourceControl: Source control is disabled
[2019.03.07-17.00.55:956][  0]SourceControl: Source control is disabled
[2019.03.07-17.00.56:125][  0]LogAndroidPermission: UAndroidPermissionCallbackProxy::GetInstance
[2019.03.07-17.00.56:310][  0]LogOcInput: OculusInput pre-init called
[2019.03.07-17.00.56:368][  0]LogEngine: Initializing Engine...
[2019.03.07-17.00.56:369][  0]LogHMD: Failed to initialize OpenVR with code 110
[2019.03.07-17.00.56:371][  0]LogStats: UGameplayTagsManager::ConstructGameplayTagTree: ImportINI prefixes -  0.000 s
[2019.03.07-17.00.56:371][  0]LogStats: UGameplayTagsManager::ConstructGameplayTagTree: Construct from data asset -  0.000 s
[2019.03.07-17.00.56:371][  0]LogStats: UGameplayTagsManager::ConstructGameplayTagTree: ImportINI -  0.000 s
[2019.03.07-17.00.56:371][  0]LogStats: UGameplayTagsManager::ConstructGameplayTagTree: GameplayTagTreeChangedEvent.Broadcast -  0.000 s
[2019.03.07-17.00.56:606][  0]LogInit: Initializing FReadOnlyCVARCache
[2019.03.07-17.00.56:624][  0]LogAIModule: Creating AISystem for world Untitled
[2019.03.07-17.00.56:750][  0]LogInit: XAudio2 using 'Speakers (Razer Surround Audio Controller)' : 6 channels at 48 kHz using 16 bits per sample (channel mask 0x3f)
[2019.03.07-17.00.56:810][  0]LogInit: FAudioDevice initialized.
[2019.03.07-17.00.56:810][  0]LogNetVersion: Set ProjectVersion to 1.0.0.0. Version Checksum will be recalculated on next use.
[2019.03.07-17.00.57:000][  0]LogDerivedDataCache: Saved boot cache 0.19s 73MB C:/Users/finfa/AppData/Local/UnrealEngine/4.20/DerivedDataCache/Boot.ddc.
[2019.03.07-17.00.57:014][  0]LogInit: Texture streaming: Enabled
[2019.03.07-17.00.57:036][  0]LogEngineSessionManager: EngineSessionManager initialized
[2019.03.07-17.00.57:058][  0]LogInit: Transaction tracking system initialized
[2019.03.07-17.00.57:086][  0]BlueprintLog: New page: Editor Load
[2019.03.07-17.00.57:173][  0]LocalizationService: Localization service is disabled
[2019.03.07-17.00.57:444][  0]LogCook: Display: Max memory allowance for cook 16384mb min free memory 0mb
[2019.03.07-17.00.57:444][  0]LogCook: Display: Mobile HDR setting 1
[2019.03.07-17.00.57:444][  0]LogGameplayTags: Display: UGameplayTagsManager::DoneAddingNativeTags. DelegateIsBound: 0
[2019.03.07-17.00.57:444][  0]LogStats: UGameplayTagsManager::ConstructGameplayTagTree: ImportINI prefixes -  0.000 s
[2019.03.07-17.00.57:444][  0]LogStats: UGameplayTagsManager::ConstructGameplayTagTree: Construct from data asset -  0.000 s
[2019.03.07-17.00.57:444][  0]LogStats: UGameplayTagsManager::ConstructGameplayTagTree: ImportINI -  0.000 s
[2019.03.07-17.00.57:444][  0]LogStats: UGameplayTagsManager::ConstructGameplayTagTree: GameplayTagTreeChangedEvent.Broadcast -  0.000 s
[2019.03.07-17.00.57:458][  0]LogFileCache: Scanning file cache for directory 'C:/Users/finfa/Documents/GitHub/Game260Development/Resources/VehicleMovement/Content/' took 0.01s
[2019.03.07-17.00.57:570][  0]SourceControl: Source control is disabled
[2019.03.07-17.00.57:570][  0]Cmd: MAP LOAD FILE="../../../../../../Users/finfa/Documents/GitHub/Game260Development/Resources/VehicleMovement/Content/VehicleCPP/Maps/VehicleExampleMap.umap" TEMPLATE=0 SHOWPROGRESS=1 FEATURELEVEL=3
[2019.03.07-17.00.57:571][  0]LightingResults: New page: Lighting Build
[2019.03.07-17.00.57:573][  0]MapCheck: New page: Map Check
[2019.03.07-17.00.57:573][  0]LightingResults: New page: Lighting Build
[2019.03.07-17.00.57:892][  0]LogAIModule: Creating AISystem for world VehicleExampleMap
[2019.03.07-17.00.57:902][  0]LogEditorServer: Finished looking for orphan Actors (0.000 secs)
[2019.03.07-17.00.57:929][  0]Cmd: MAP CHECKDEP NOCLEARLOG
[2019.03.07-17.00.58:008][  0]MapCheck: Map check complete: 0 Error(s), 0 Warning(s), took 78.94ms to complete.
[2019.03.07-17.00.58:008][  0]LogFileHelpers: Loading map 'VehicleExampleMap' took 0.438
[2019.03.07-17.00.58:126][  0]LogSlate: Updating window title bar state: overlay mode, drag disabled, window buttons hidden, title bar hidden
[2019.03.07-17.00.58:135][  0]LogSlate: Updating window title bar state: overlay mode, drag disabled, window buttons hidden, title bar hidden
[2019.03.07-17.00.58:142][  0]LogSlate: Updating window title bar state: overlay mode, drag disabled, window buttons hidden, title bar hidden
[2019.03.07-17.00.58:150][  0]LogSlate: Updating window title bar state: overlay mode, drag disabled, window buttons hidden, title bar hidden
[2019.03.07-17.00.58:158][  0]LogCollectionManager: Loaded 0 collections in 0.002205 seconds
[2019.03.07-17.00.58:202][  0]LogFileCache: Scanning file cache for directory 'C:/Users/finfa/Documents/GitHub/Game260Development/Resources/VehicleMovement/Saved/Collections/' took 0.01s
[2019.03.07-17.00.58:202][  0]LogFileCache: Scanning file cache for directory 'C:/Users/finfa/Documents/GitHub/Game260Development/Resources/VehicleMovement/Content/Developers/finfa/Collections/' took 0.01s
[2019.03.07-17.00.58:202][  0]LogFileCache: Scanning file cache for directory 'C:/Users/finfa/Documents/GitHub/Game260Development/Resources/VehicleMovement/Content/Collections/' took 0.01s
[2019.03.07-17.00.58:202][  0]LogCollectionManager: Rebuilt the GUID cache for 0 collections in 0.000001 seconds
[2019.03.07-17.00.58:213][  0]LogContentBrowser: Native class hierarchy populated in 0.0113 seconds. Added 2587 classes and 610 folders.
[2019.03.07-17.00.58:222][  0]LogContentBrowser: Native class hierarchy updated for 'WidgetCarousel' in 0.0004 seconds. Added 0 classes and 0 folders.
[2019.03.07-17.00.58:278][  0]LogContentBrowser: Native class hierarchy updated for 'AddContentDialog' in 0.0004 seconds. Added 0 classes and 0 folders.
[2019.03.07-17.00.58:284][  0]LogContentBrowser: Native class hierarchy updated for 'SceneOutliner' in 0.0005 seconds. Added 1 classes and 2 folders.
[2019.03.07-17.00.58:313][  0]LogSlate: Took 0.000246 seconds to synchronously load lazily loaded font '../../../Engine/Content/Slate/Fonts/Roboto-Regular.ttf' (155K)
[2019.03.07-17.00.58:317][  0]LogSlate: Took 0.000265 seconds to synchronously load lazily loaded font '../../../Engine/Content/Slate/Fonts/Roboto-Bold.ttf' (160K)
[2019.03.07-17.00.58:326][  0]LogSlate: Took 0.000317 seconds to synchronously load lazily loaded font '../../../Engine/Content/Editor/Slate/Fonts/FontAwesome.ttf' (139K)
[2019.03.07-17.00.58:428][  0]LogRenderer: Reallocating scene render targets to support 1208x576 Format 10 NumSamples 1 (Frame:1).
[2019.03.07-17.00.58:493][  0]LogSlate: Took 0.000175 seconds to synchronously load lazily loaded font '../../../Engine/Content/Slate/Fonts/Roboto-Light.ttf' (167K)
[2019.03.07-17.00.58:630][  0]LogContentBrowser: Native class hierarchy updated for 'HierarchicalLODOutliner' in 0.0004 seconds. Added 0 classes and 0 folders.
[2019.03.07-17.00.58:630][  0]LogLoad: (Engine Initialization) Total time: 10.41 seconds
[2019.03.07-17.00.58:630][  0]LogLoad: (Engine Initialization) Total Blueprint compile time: 0.00 seconds
[2019.03.07-17.00.58:655][  0]LogRawInputWindows: Warning: Found device 0 devices
[2019.03.07-17.00.58:655][  0]LogRawInputWindows: Warning: Found device 0 devices
[2019.03.07-17.00.58:655][  0]LogRawInputWindows: Warning: Device was registered succesfully but not connected (Usage:4 UsagePage:1)
[2019.03.07-17.00.58:656][  0]LogRawInputWindows: Warning: Found device 1 devices
[2019.03.07-17.00.58:656][  0]LogRawInputWindows: Warning: Device was registered succesfully but not connected (Usage:5 UsagePage:1)
[2019.03.07-17.00.58:676][  0]LogContentStreaming: Texture pool size now 1000 MB
[2019.03.07-17.00.58:721][  1]LogAssetRegistry: Asset discovery search completed in 5.2007 seconds
[2019.03.07-17.00.58:723][  1]LogCollectionManager: Rebuilt the object cache for 0 collections in 0.000000 seconds (found 0 objects)
[2019.03.07-17.00.58:723][  1]LogCollectionManager: Fixed up redirectors for 0 collections in 0.000060 seconds (updated 0 objects)
[2019.03.07-17.01.32:644][865]LogSlate: FSceneViewport::OnFocusLost() reason 0
[2019.03.07-17.01.49:382][652]LogSlate: Took 0.000178 seconds to synchronously load lazily loaded font '../../../Engine/Content/Slate/Fonts/Roboto-Light.ttf' (167K)
[2019.03.07-17.01.51:582][652]LogSlate: Window 'Pick Parent Class' being destroyed
[2019.03.07-17.02.11:275][808]LogAssetEditorManager: Opening Asset editor for Blueprint /Game/BluePrint/Items/Items/BP_Rocket.BP_Rocket
[2019.03.07-17.02.12:063][808]LogContentBrowser: Native class hierarchy updated for 'BlueprintGraph' in 0.0011 seconds. Added 116 classes and 0 folders.
[2019.03.07-17.02.15:555][863]LogRenderer: Reallocating scene render targets to support 1208x900 Format 10 NumSamples 1 (Frame:51).
[2019.03.07-17.02.15:905][884]LogSlate: Window 'BP_Rocket*' being destroyed
[2019.03.07-17.03.03:274][445]BlueprintLog: New page: Compile BP_Rocket
[2019.03.07-17.03.03:816][455]LogSavePackage: Moving '../../../../../../Users/finfa/Documents/GitHub/Game260Development/Resources/VehicleMovement/Saved/BP_RocketE10098CF43BA14AC6264D2A0F8DFB245.tmp' to '../../../../../../Users/finfa/Documents/GitHub/Game260Development/Resources/VehicleMovement/Content/BluePrint/Items/Items/BP_Rocket.uasset'
[2019.03.07-17.03.55:552][239]LogSlate: Window 'Delete Assets' being destroyed
[2019.03.07-17.04.03:385][583]LogMetaData: Removing '/Game/BluePrint/Items/Items/BLU_Rocket.BLU_Rocket:UserConstructionScript.K2Node_FunctionEntry_0' ref from Metadata '/Game/BluePrint/Items/Items/BP_Rocket.PackageMetaData'
[2019.03.07-17.04.03:385][583]LogMetaData: Removing '/Game/BluePrint/Items/Items/BLU_Rocket.SKEL_BLU_Rocket_C' ref from Metadata '/Game/BluePrint/Items/Items/BP_Rocket.PackageMetaData'
[2019.03.07-17.04.03:385][583]LogMetaData: Removing '/Game/BluePrint/Items/Items/BLU_Rocket.BLU_Rocket_C' ref from Metadata '/Game/BluePrint/Items/Items/BP_Rocket.PackageMetaData'
[2019.03.07-17.04.03:385][583]LogMetaData: Removing '/Game/BluePrint/Items/Items/BLU_Rocket.BLU_Rocket:EventGraph.K2Node_Event_0' ref from Metadata '/Game/BluePrint/Items/Items/BP_Rocket.PackageMetaData'
[2019.03.07-17.04.03:385][583]LogMetaData: Removing '/Game/BluePrint/Items/Items/BLU_Rocket.BLU_Rocket:EventGraph.K2Node_Event_1' ref from Metadata '/Game/BluePrint/Items/Items/BP_Rocket.PackageMetaData'
[2019.03.07-17.04.03:385][583]LogMetaData: Removing '/Game/BluePrint/Items/Items/BLU_Rocket.BLU_Rocket:EventGraph.K2Node_Event_2' ref from Metadata '/Game/BluePrint/Items/Items/BP_Rocket.PackageMetaData'
[2019.03.07-17.04.03:444][583]LogSavePackage: Moving '../../../../../../Users/finfa/Documents/GitHub/Game260Development/Resources/VehicleMovement/Saved/BLU_RocketBA712B67431EE301F01A1C9A9BE99F60.tmp' to '../../../../../../Users/finfa/Documents/GitHub/Game260Development/Resources/VehicleMovement/Content/BluePrint/Items/Items/BLU_Rocket.uasset'
[2019.03.07-17.04.18:422][338]LogMetaData: Removing '/Game/BluePrint/Items/Powerup/BLU_SamplePowerup.BLU_SamplePowerup:UserConstructionScript.K2Node_FunctionEntry_0' ref from Metadata '/Game/BluePrint/Items/Powerup/SamplePowerup_BP.PackageMetaData'
[2019.03.07-17.04.18:422][338]LogMetaData: Removing '/Game/BluePrint/Items/Powerup/BLU_SamplePowerup.BLU_SamplePowerup_C' ref from Metadata '/Game/BluePrint/Items/Powerup/SamplePowerup_BP.PackageMetaData'
[2019.03.07-17.04.18:422][338]LogMetaData: Removing '/Game/BluePrint/Items/Powerup/BLU_SamplePowerup.BLU_SamplePowerup:EventGraph.K2Node_Event_0' ref from Metadata '/Game/BluePrint/Items/Powerup/SamplePowerup_BP.PackageMetaData'
[2019.03.07-17.04.18:422][338]LogMetaData: Removing '/Game/BluePrint/Items/Powerup/BLU_SamplePowerup.BLU_SamplePowerup:EventGraph.K2Node_Event_1' ref from Metadata '/Game/BluePrint/Items/Powerup/SamplePowerup_BP.PackageMetaData'
[2019.03.07-17.04.18:422][338]LogMetaData: Removing '/Game/BluePrint/Items/Powerup/BLU_SamplePowerup.BLU_SamplePowerup:EventGraph.K2Node_Event_2' ref from Metadata '/Game/BluePrint/Items/Powerup/SamplePowerup_BP.PackageMetaData'
[2019.03.07-17.04.18:422][338]LogMetaData: Removing '/Game/BluePrint/Items/Powerup/BLU_SamplePowerup.SKEL_BLU_SamplePowerup_C' ref from Metadata '/Game/BluePrint/Items/Powerup/SamplePowerup_BP.PackageMetaData'
[2019.03.07-17.04.18:556][338]LogSavePackage: Moving '../../../../../../Users/finfa/Documents/GitHub/Game260Development/Resources/VehicleMovement/Saved/BLU_SamplePowerup257E389449FE7FB51BFC92822D9FA1F2.tmp' to '../../../../../../Users/finfa/Documents/GitHub/Game260Development/Resources/VehicleMovement/Content/BluePrint/Items/Powerup/BLU_SamplePowerup.uasset'
[2019.03.07-17.04.18:586][338]LogSavePackage: Moving '../../../../../../Users/finfa/Documents/GitHub/Game260Development/Resources/VehicleMovement/Saved/SamplePowerup_BP781D48CA4745DBDA9C9BC086C1E7055B.tmp' to '../../../../../../Users/finfa/Documents/GitHub/Game260Development/Resources/VehicleMovement/Content/BluePrint/Items/Powerup/SamplePowerup_BP.uasset'
[2019.03.07-17.04.55:069][958]LogMetaData: Removing '/Game/BluePrint/Items/Powerup/BP_SamplePowerup.BP_SamplePowerup_C' ref from Metadata '/Game/BluePrint/Items/Powerup/BLU_SamplePowerup.PackageMetaData'
[2019.03.07-17.04.55:069][958]LogMetaData: Removing '/Game/BluePrint/Items/Powerup/BP_SamplePowerup.SKEL_BP_SamplePowerup_C' ref from Metadata '/Game/BluePrint/Items/Powerup/BLU_SamplePowerup.PackageMetaData'
[2019.03.07-17.04.55:069][958]LogMetaData: Removing '/Game/BluePrint/Items/Powerup/BP_SamplePowerup.BP_SamplePowerup:EventGraph.K2Node_Event_0' ref from Metadata '/Game/BluePrint/Items/Powerup/BLU_SamplePowerup.PackageMetaData'
[2019.03.07-17.04.55:069][958]LogMetaData: Removing '/Game/BluePrint/Items/Powerup/BP_SamplePowerup.BP_SamplePowerup:EventGraph.K2Node_Event_1' ref from Metadata '/Game/BluePrint/Items/Powerup/BLU_SamplePowerup.PackageMetaData'
[2019.03.07-17.04.55:070][958]LogMetaData: Removing '/Game/BluePrint/Items/Powerup/BP_SamplePowerup.BP_SamplePowerup:EventGraph.K2Node_Event_2' ref from Metadata '/Game/BluePrint/Items/Powerup/BLU_SamplePowerup.PackageMetaData'
[2019.03.07-17.04.55:070][958]LogMetaData: Removing '/Game/BluePrint/Items/Powerup/BP_SamplePowerup.BP_SamplePowerup:UserConstructionScript.K2Node_FunctionEntry_0' ref from Metadata '/Game/BluePrint/Items/Powerup/BLU_SamplePowerup.PackageMetaData'
[2019.03.07-17.04.55:200][958]LogSavePackage: Moving '../../../../../../Users/finfa/Documents/GitHub/Game260Development/Resources/VehicleMovement/Saved/BP_SamplePowerupDAC2D15F4DA87308491D149753D66DAE.tmp' to '../../../../../../Users/finfa/Documents/GitHub/Game260Development/Resources/VehicleMovement/Content/BluePrint/Items/Powerup/BP_SamplePowerup.uasset'
[2019.03.07-17.04.55:451][958]LogSavePackage: Moving '../../../../../../Users/finfa/Documents/GitHub/Game260Development/Resources/VehicleMovement/Saved/SamplePowerup_BPF3DE36FD468E68C2B44D97B2C14EF2CF.tmp' to '../../../../../../Users/finfa/Documents/GitHub/Game260Development/Resources/VehicleMovement/Content/BluePrint/Items/Powerup/SamplePowerup_BP.uasset'
[2019.03.07-17.05.04:384][393]LogMetaData: Removing '/Game/BluePrint/Items/Items/BP_Rocket.BP_Rocket_C' ref from Metadata '/Game/BluePrint/Items/Items/BLU_Rocket.PackageMetaData'
[2019.03.07-17.05.04:384][393]LogMetaData: Removing '/Game/BluePrint/Items/Items/BP_Rocket.SKEL_BP_Rocket_C' ref from Metadata '/Game/BluePrint/Items/Items/BLU_Rocket.PackageMetaData'
[2019.03.07-17.05.04:384][393]LogMetaData: Removing '/Game/BluePrint/Items/Items/BP_Rocket.BP_Rocket:UserConstructionScript.K2Node_FunctionEntry_0' ref from Metadata '/Game/BluePrint/Items/Items/BLU_Rocket.PackageMetaData'
[2019.03.07-17.05.04:384][393]LogMetaData: Removing '/Game/BluePrint/Items/Items/BP_Rocket.BP_Rocket:EventGraph.K2Node_Event_0' ref from Metadata '/Game/BluePrint/Items/Items/BLU_Rocket.PackageMetaData'
[2019.03.07-17.05.04:384][393]LogMetaData: Removing '/Game/BluePrint/Items/Items/BP_Rocket.BP_Rocket:EventGraph.K2Node_Event_1' ref from Metadata '/Game/BluePrint/Items/Items/BLU_Rocket.PackageMetaData'
[2019.03.07-17.05.04:384][393]LogMetaData: Removing '/Game/BluePrint/Items/Items/BP_Rocket.BP_Rocket:EventGraph.K2Node_Event_2' ref from Metadata '/Game/BluePrint/Items/Items/BLU_Rocket.PackageMetaData'
[2019.03.07-17.05.04:441][393]LogSavePackage: Moving '../../../../../../Users/finfa/Documents/GitHub/Game260Development/Resources/VehicleMovement/Saved/BP_Rocket83512C604C2042A0BA13D0A9B49272F9.tmp' to '../../../../../../Users/finfa/Documents/GitHub/Game260Development/Resources/VehicleMovement/Content/BluePrint/Items/Items/BP_Rocket.uasset'
[2019.03.07-17.05.17:074][ 35]LogMetaData: Removing '/Game/BluePrint/Items/Items/BP_SampleRocket.BP_SampleRocket_C' ref from Metadata '/Game/BluePrint/Items/Items/BP_Rocket.PackageMetaData'
[2019.03.07-17.05.17:074][ 35]LogMetaData: Removing '/Game/BluePrint/Items/Items/BP_SampleRocket.SKEL_BP_SampleRocket_C' ref from Metadata '/Game/BluePrint/Items/Items/BP_Rocket.PackageMetaData'
[2019.03.07-17.05.17:074][ 35]LogMetaData: Removing '/Game/BluePrint/Items/Items/BP_SampleRocket.BP_SampleRocket:UserConstructionScript.K2Node_FunctionEntry_0' ref from Metadata '/Game/BluePrint/Items/Items/BP_Rocket.PackageMetaData'
[2019.03.07-17.05.17:074][ 35]LogMetaData: Removing '/Game/BluePrint/Items/Items/BP_SampleRocket.BP_SampleRocket:EventGraph.K2Node_Event_0' ref from Metadata '/Game/BluePrint/Items/Items/BP_Rocket.PackageMetaData'
[2019.03.07-17.05.17:075][ 35]LogMetaData: Removing '/Game/BluePrint/Items/Items/BP_SampleRocket.BP_SampleRocket:EventGraph.K2Node_Event_1' ref from Metadata '/Game/BluePrint/Items/Items/BP_Rocket.PackageMetaData'
[2019.03.07-17.05.17:075][ 35]LogMetaData: Removing '/Game/BluePrint/Items/Items/BP_SampleRocket.BP_SampleRocket:EventGraph.K2Node_Event_2' ref from Metadata '/Game/BluePrint/Items/Items/BP_Rocket.PackageMetaData'
[2019.03.07-17.05.17:128][ 35]LogSavePackage: Moving '../../../../../../Users/finfa/Documents/GitHub/Game260Development/Resources/VehicleMovement/Saved/BP_SampleRocket4BA211114487AECA92DB32B01E6A9E14.tmp' to '../../../../../../Users/finfa/Documents/GitHub/Game260Development/Resources/VehicleMovement/Content/BluePrint/Items/Items/BP_SampleRocket.uasset'
[2019.03.07-17.05.20:809][218]LogSlate: Took 0.005018 seconds to synchronously load lazily loaded font '../../../Engine/Content/Slate/Fonts/Roboto-Italic.ttf' (157K)
[2019.03.07-17.05.33:116][511]LogSlate: FSceneViewport::OnFocusLost() reason 2
[2019.03.07-17.06.37:439][332]LogSlate: FSceneViewport::OnFocusLost() reason 0
[2019.03.07-17.10.59:560][309]LogSavePackage: Moving '../../../../../../Users/finfa/Documents/GitHub/Game260Development/Resources/VehicleMovement/Saved/VehicleExampleMap_Auto16592D0444EBD516F6418DE9DDDFB95A7.tmp' to '../../../../../../Users/finfa/Documents/GitHub/Game260Development/Resources/VehicleMovement/Saved/Autosaves/Game/VehicleCPP/Maps/VehicleExampleMap_Auto1.umap'
[2019.03.07-17.10.59:568][309]LogFileHelpers: Editor autosave (incl. sublevels) for '/Game/VehicleCPP/Maps/VehicleExampleMap' took 0.341
[2019.03.07-17.10.59:568][309]LogFileHelpers: Editor autosave (incl. sublevels) for all levels took 0.341
[2019.03.07-17.10.59:572][309]OBJ SavePackage: Generating thumbnails for [1] asset(s) in package [/Game/BluePrint/Items/Items/BP_SampleRocket] ([1] browsable assets)...
[2019.03.07-17.10.59:635][309]OBJ SavePackage:     Rendered thumbnail for [Blueprint /Game/BluePrint/Items/Items/BP_SampleRocket.BP_SampleRocket]
[2019.03.07-17.10.59:635][309]OBJ SavePackage: Finished generating thumbnails for package [/Game/BluePrint/Items/Items/BP_SampleRocket]
[2019.03.07-17.10.59:671][309]LogSavePackage: Moving '../../../../../../Users/finfa/Documents/GitHub/Game260Development/Resources/VehicleMovement/Saved/BP_SampleRocket_Auto1B39952C443B07DEA5AF208AD149881A7.tmp' to '../../../../../../Users/finfa/Documents/GitHub/Game260Development/Resources/VehicleMovement/Saved/Autosaves/Game/BluePrint/Items/Items/BP_SampleRocket_Auto1.uasset'
[2019.03.07-17.10.59:674][309]LogFileHelpers: Auto-saving content packages took 0.103
[2019.03.07-17.12.20:264][ 17]LogSlate: FSceneViewport::OnFocusLost() reason 0
[2019.03.07-17.12.20:332][ 19]BlueprintLog: New page: Compile BP_SampleRocket
[2019.03.07-17.12.21:071][ 34]LogSavePackage: Moving '../../../../../../Users/finfa/Documents/GitHub/Game260Development/Resources/VehicleMovement/Saved/BP_SampleRocket45A3A3B04949441CBE055FA914452D5A.tmp' to '../../../../../../Users/finfa/Documents/GitHub/Game260Development/Resources/VehicleMovement/Content/BluePrint/Items/Items/BP_SampleRocket.uasset'
[2019.03.07-17.12.24:742][230]LogSlate: FSceneViewport::OnFocusLost() reason 2
[2019.03.07-17.12.29:793][338]LogSlate: FSceneViewport::OnFocusLost() reason 2
[2019.03.07-17.12.32:016][447]LogSlate: FSceneViewport::OnFocusLost() reason 0
[2019.03.07-17.12.55:548][221]BlueprintLog: New page: Compile BP_SampleRocket
[2019.03.07-17.12.56:291][235]LogSavePackage: Moving '../../../../../../Users/finfa/Documents/GitHub/Game260Development/Resources/VehicleMovement/Saved/BP_SampleRocket875D463F49276BA501CF0D995330E6E6.tmp' to '../../../../../../Users/finfa/Documents/GitHub/Game260Development/Resources/VehicleMovement/Content/BluePrint/Items/Items/BP_SampleRocket.uasset'
[2019.03.07-17.17.03:933][287]LogSlate: FSceneViewport::OnFocusLost() reason 0
[2019.03.07-17.17.21:482][766]LogEditorTransaction: Undo Edit Phys Material Override
[2019.03.07-17.17.23:510][827]LogSlate: FSceneViewport::OnFocusLost() reason 0
[2019.03.07-17.17.35:709][465]LogSlate: FSceneViewport::OnFocusLost() reason 0
[2019.03.07-17.17.46:703][960]LogSlate: FSceneViewport::OnFocusLost() reason 0
[2019.03.07-17.17.50:020][ 59]LogSlate: FSceneViewport::OnFocusLost() reason 0
[2019.03.07-17.17.58:379][464]LogSlate: FSceneViewport::OnFocusLost() reason 2
[2019.03.07-17.18.10:681][ 40]LogSlate: FSceneViewport::OnFocusLost() reason 0
[2019.03.07-17.18.10:748][ 42]BlueprintLog: New page: Compile BP_SampleRocket
[2019.03.07-17.18.11:536][ 59]LogSavePackage: Moving '../../../../../../Users/finfa/Documents/GitHub/Game260Development/Resources/VehicleMovement/Saved/BP_SampleRocket10CBF1CC460DA2703753E89E22A2C4B0.tmp' to '../../../../../../Users/finfa/Documents/GitHub/Game260Development/Resources/VehicleMovement/Content/BluePrint/Items/Items/BP_SampleRocket.uasset'
[2019.03.07-17.18.12:611][122]LogSlate: FSceneViewport::OnFocusLost() reason 0
[2019.03.07-17.18.23:288][751]LogSlate: FSceneViewport::OnFocusLost() reason 0
[2019.03.07-17.19.35:715][461]LogSlate: FSceneViewport::OnFocusLost() reason 2
[2019.03.07-17.19.41:433][734]LogSlate: FSceneViewport::OnFocusLost() reason 2
[2019.03.07-17.19.44:448][840]LogSlate: FSceneViewport::OnFocusLost() reason 2
[2019.03.07-17.19.47:432][950]LogSlate: FSceneViewport::OnFocusLost() reason 2
[2019.03.07-17.19.53:570][218]LogSlate: FSceneViewport::OnFocusLost() reason 2
[2019.03.07-17.19.57:001][328]LogSlate: FSceneViewport::OnFocusLost() reason 0
[2019.03.07-17.20.09:189][956]LogSlate: FSceneViewport::OnFocusLost() reason 0
[2019.03.07-17.20.09:393][959]LogSavePackage: Moving '../../../../../../Users/finfa/Documents/GitHub/Game260Development/Resources/VehicleMovement/Saved/BP_SampleRocket9E83D0694EEA9568A24B249C089B9EA7.tmp' to '../../../../../../Users/finfa/Documents/GitHub/Game260Development/Resources/VehicleMovement/Content/BluePrint/Items/Items/BP_SampleRocket.uasset'
[2019.03.07-17.20.19:625][467]LogSlate: Took 0.006941 seconds to synchronously load lazily loaded font '../../../Engine/Content/Slate/Fonts/Roboto-BoldCondensed.ttf' (158K)
[2019.03.07-17.20.59:956][612]LogFileHelpers: Editor autosave (incl. sublevels) for '/Game/VehicleCPP/Maps/VehicleExampleMap' took 0.033
[2019.03.07-17.20.59:958][612]OBJ SavePackage: Generating thumbnails for [1] asset(s) in package [/Game/BluePrint/Items/Items/BP_SampleRocket] ([1] browsable assets)...
[2019.03.07-17.21.00:022][612]OBJ SavePackage:     Rendered thumbnail for [Blueprint /Game/BluePrint/Items/Items/BP_SampleRocket.BP_SampleRocket]
[2019.03.07-17.21.00:022][612]OBJ SavePackage: Finished generating thumbnails for package [/Game/BluePrint/Items/Items/BP_SampleRocket]
[2019.03.07-17.21.00:060][612]LogSavePackage: Moving '../../../../../../Users/finfa/Documents/GitHub/Game260Development/Resources/VehicleMovement/Saved/BP_SampleRocket_Auto24CE1AF434429058EA86943A9EE8D8801.tmp' to '../../../../../../Users/finfa/Documents/GitHub/Game260Development/Resources/VehicleMovement/Saved/Autosaves/Game/BluePrint/Items/Items/BP_SampleRocket_Auto2.uasset'
[2019.03.07-17.21.00:063][612]LogFileHelpers: Auto-saving content packages took 0.105
[2019.03.07-17.34.32:946][476]LogFileHelpers: Editor autosave (incl. sublevels) for '/Game/VehicleCPP/Maps/VehicleExampleMap' took 0.036
[2019.03.07-17.34.32:948][476]OBJ SavePackage: Generating thumbnails for [1] asset(s) in package [/Game/BluePrint/Items/Items/BP_SampleRocket] ([1] browsable assets)...
[2019.03.07-17.34.33:023][476]OBJ SavePackage:     Rendered thumbnail for [Blueprint /Game/BluePrint/Items/Items/BP_SampleRocket.BP_SampleRocket]
[2019.03.07-17.34.33:023][476]OBJ SavePackage: Finished generating thumbnails for package [/Game/BluePrint/Items/Items/BP_SampleRocket]
[2019.03.07-17.34.33:063][476]LogSavePackage: Moving '../../../../../../Users/finfa/Documents/GitHub/Game260Development/Resources/VehicleMovement/Saved/BP_SampleRocket_Auto3C31733BF4D7EDA6B01F0C784886769C0.tmp' to '../../../../../../Users/finfa/Documents/GitHub/Game260Development/Resources/VehicleMovement/Saved/Autosaves/Game/BluePrint/Items/Items/BP_SampleRocket_Auto3.uasset'
[2019.03.07-17.34.33:066][476]LogFileHelpers: Auto-saving content packages took 0.119
[2019.03.07-17.35.32:334][932]BlueprintLog: New page: Compile BP_SampleRocket
[2019.03.07-17.37.12:019][794]BlueprintLog: New page: Compile BP_SampleRocket
[2019.03.07-17.37.12:758][810]LogSavePackage: Moving '../../../../../../Users/finfa/Documents/GitHub/Game260Development/Resources/VehicleMovement/Saved/BP_SampleRocket35EE6B4B49E5467590B55BAD4CBD4971.tmp' to '../../../../../../Users/finfa/Documents/GitHub/Game260Development/Resources/VehicleMovement/Content/BluePrint/Items/Items/BP_SampleRocket.uasset'
[2019.03.07-17.37.19:635][130]LogSavePackage: Moving '../../../../../../Users/finfa/Documents/GitHub/Game260Development/Resources/VehicleMovement/Saved/VehicleExampleMap1ADCF06B4C5A162BB3D366A10FB88D98.tmp' to '../../../../../../Users/finfa/Documents/GitHub/Game260Development/Resources/VehicleMovement/Content/VehicleCPP/Maps/VehicleExampleMap.umap'
[2019.03.07-17.39.06:147][691]LogSlate: Window 'Pick Parent Class' being destroyed
[2019.03.07-17.39.15:312][222]LogAssetEditorManager: Opening Asset editor for Blueprint /Game/BluePrint/Items/Items/BP_SampleMine.BP_SampleMine
[2019.03.07-17.39.38:101][956]LogSlate: FSceneViewport::OnFocusLost() reason 2
[2019.03.07-17.40.10:562][895]LogSlate: FSceneViewport::OnFocusLost() reason 0
[2019.03.07-17.40.10:629][897]BlueprintLog: New page: Compile BP_SampleMine
[2019.03.07-17.40.14:390][ 70]BlueprintLog: New page: Compile BP_SampleMine
[2019.03.07-17.40.18:348][282]LogSlate: FSceneViewport::OnFocusLost() reason 0
[2019.03.07-17.41.04:600][803]LogSlate: FSceneViewport::OnFocusLost() reason 0
[2019.03.07-17.41.04:854][806]LogSavePackage: Moving '../../../../../../Users/finfa/Documents/GitHub/Game260Development/Resources/VehicleMovement/Saved/BP_SampleMineA63B28464953D6D4FB691D8BE4643922.tmp' to '../../../../../../Users/finfa/Documents/GitHub/Game260Development/Resources/VehicleMovement/Content/BluePrint/Items/Items/BP_SampleMine.uasset'
[2019.03.07-17.41.05:298][823]BlueprintLog: New page: Compile BP_SampleMine
[2019.03.07-17.41.12:373][177]BlueprintLog: New page: Compile BP_SampleMine
[2019.03.07-17.41.13:296][197]LogSavePackage: Moving '../../../../../../Users/finfa/Documents/GitHub/Game260Development/Resources/VehicleMovement/Saved/BP_SampleMineAAE0CED242B6C3CE82180BA8B072F8D6.tmp' to '../../../../../../Users/finfa/Documents/GitHub/Game260Development/Resources/VehicleMovement/Content/BluePrint/Items/Items/BP_SampleMine.uasset'
[2019.03.07-17.44.51:052][810]LogSlate: FSceneViewport::OnFocusLost() reason 0
[2019.03.07-17.48.41:829][782]LogSlate: Window 'Pick Parent Class' being destroyed
[2019.03.07-17.48.44:101][912]LogEditorViewport: Clicking on Actor (LMB): BP_SamplePowerup_C (SamplePowerup_BP)
[2019.03.07-17.48.48:298][ 99]LogSlate: FSceneViewport::OnFocusLost() reason 0
[2019.03.07-17.48.58:647][513]LogAssetEditorManager: Opening Asset editor for Blueprint /Game/BluePrint/Items/Powerup/BP_SamplePowerup.BP_SamplePowerup
[2019.03.07-17.49.03:428][693]LogAssetEditorManager: Opening Asset editor for Blueprint /Game/BluePrint/Items/Powerup/BP_SamplePowerup.BP_SamplePowerup
[2019.03.07-17.49.31:911][940]LogSlate: FSceneViewport::OnFocusLost() reason 0
[2019.03.07-17.53.22:139][174]BlueprintLog: New page: Compile BP_SampleRocket
[2019.03.07-17.53.26:295][327]BlueprintLog: New page: Compile BP_SampleMine
[2019.03.07-17.53.26:892][336]LogSavePackage: Moving '../../../../../../Users/finfa/Documents/GitHub/Game260Development/Resources/VehicleMovement/Saved/BP_SampleMineA3E23CA1415A9FBE0E223DAA60F57B66.tmp' to '../../../../../../Users/finfa/Documents/GitHub/Game260Development/Resources/VehicleMovement/Content/BluePrint/Items/Items/BP_SampleMine.uasset'
[2019.03.07-17.53.35:081][724]BlueprintLog: New page: Compile BP_SampleMine
[2019.03.07-17.53.36:175][750]LogSavePackage: Moving '../../../../../../Users/finfa/Documents/GitHub/Game260Development/Resources/VehicleMovement/Saved/BP_SampleRocket31C173F94C4A1EE793B9458CFC718890.tmp' to '../../../../../../Users/finfa/Documents/GitHub/Game260Development/Resources/VehicleMovement/Content/BluePrint/Items/Items/BP_SampleRocket.uasset'
[2019.03.07-17.53.40:509][978]LogSlate: FSceneViewport::OnFocusLost() reason 0
[2019.03.07-17.55.00:298][399]LogSavePackage: Moving '../../../../../../Users/finfa/Documents/GitHub/Game260Development/Resources/VehicleMovement/Saved/BP_SampleMine12E4C7C648C268112650C8ABA0C81576.tmp' to '../../../../../../Users/finfa/Documents/GitHub/Game260Development/Resources/VehicleMovement/Content/BluePrint/Items/Items/BP_SampleMine.uasset'
[2019.03.07-18.35.58:326][218]LogWindowsTextInputMethodSystem: Display: IME system now deactivated.
[2019.03.07-18.35.58:326][218]LogWindowsTextInputMethodSystem: Display: IME system now deactivated.
[2019.03.07-18.39.45:464][731]LogD3D11RHI: Timed out while waiting for GPU to catch up. (500 ms)
[2019.03.07-19.40.46:583][937]LogD3D11RHI: Timed out while waiting for GPU to catch up. (500 ms)
[2019.03.07-19.40.49:663][940]LogHttp: Warning: 000001E6C40AB600: request failed, libcurl error: 6 (Couldn't resolve host name)
[2019.03.07-19.40.49:663][940]LogHttp: Warning: 000001E6C40AB600: libcurl info message cache 0 (Connection 50 seems to be dead!)
[2019.03.07-19.40.49:663][940]LogHttp: Warning: 000001E6C40AB600: libcurl info message cache 1 (Closing connection 50)
[2019.03.07-19.40.49:663][940]LogHttp: Warning: 000001E6C40AB600: libcurl info message cache 2 (TLSv1.2 (OUT), TLS alert, Client hello (1):)
[2019.03.07-19.40.49:663][940]LogHttp: Warning: 000001E6C40AB600: libcurl info message cache 3 (Could not resolve host: datarouter.ol.epicgames.com)
[2019.03.07-19.40.49:663][940]LogHttp: Warning: 000001E6C40AB600: libcurl info message cache 4 (Closing connection 51)
[2019.03.07-20.05.48:612][383]LogHttp: Warning: 000001E6C40AB600: request has been successfully processed. URL: https://datarouter.ol.epicgames.com/datarouter/api/v1/public/data?SessionID=%7B301AAAB3-4A04-E983-98C3-72942F75F915%7D&AppID=UEEditor.Rocket.Release&AppVersion=4.20.3-4369336%2B%2B%2BUE4%2BRelease-4.20&UserID=7f6585bc4e41fff6095975b9026be799%7C28c043704b13499a93f1a2142a760fcd%7C1f9b3948-77c3-4b01-94f5-59ecb2cb98b6&AppEnvironment=datacollector-binary&UploadType=eteventstream, HTTP code: 502, content length: 138, actual payload size: 138
[2019.03.07-20.05.48:613][383]LogHttp: Warning: 000001E6C40AB600 Response Header Server: awselb/2.0
[2019.03.07-20.05.48:613][383]LogHttp: Warning: 000001E6C40AB600 Response Header Date: Thu, 07 Mar 2019 20:05:48 GMT
[2019.03.07-20.05.48:613][383]LogHttp: Warning: 000001E6C40AB600 Response Header Content-Type: text/html
[2019.03.07-20.05.48:613][383]LogHttp: Warning: 000001E6C40AB600 Response Header Content-Length: 138
[2019.03.07-20.05.48:613][383]LogHttp: Warning: 000001E6C40AB600 Response Header Connection: keep-alive
[2019.03.07-23.25.06:542][196]LogD3D11RHI: Timed out while waiting for GPU to catch up. (500 ms)
[2019.03.07-23.25.16:195][221]LogHttp: Warning: 000001E6C40AB600: request failed, libcurl error: 6 (Couldn't resolve host name)
[2019.03.07-23.25.16:195][221]LogHttp: Warning: 000001E6C40AB600: libcurl info message cache 0 (Found bundle for host datarouter.ol.epicgames.com: 0x1e6f3fbffa0 [can pipeline])
[2019.03.07-23.25.16:195][221]LogHttp: Warning: 000001E6C40AB600: libcurl info message cache 1 (Re-using existing connection! (#157) with host datarouter.ol.epicgames.com)
[2019.03.07-23.25.16:195][221]LogHttp: Warning: 000001E6C40AB600: libcurl info message cache 2 (Connected to datarouter.ol.epicgames.com (18.235.124.39) port 443 (#157))
[2019.03.07-23.25.16:195][221]LogHttp: Warning: 000001E6C40AB600: libcurl info message cache 3 (upload completely sent off: 5900 out of 5900 bytes)
[2019.03.07-23.25.16:195][221]LogHttp: Warning: 000001E6C40AB600: libcurl info message cache 4 (OpenSSL SSL_read: SSL_ERROR_SYSCALL, errno 10054)
[2019.03.07-23.25.16:195][221]LogHttp: Warning: 000001E6C40AB600: libcurl info message cache 5 (Connection died, retrying a fresh connect)
[2019.03.07-23.25.16:195][221]LogHttp: Warning: 000001E6C40AB600: libcurl info message cache 6 (Closing connection 157)
[2019.03.07-23.25.16:195][221]LogHttp: Warning: 000001E6C40AB600: libcurl info message cache 7 (Issue another request to this URL: 'https://datarouter.ol.epicgames.com/datarouter/api/v1/public/data?SessionID=%7B301AAAB3-4A04-E983-98C3-72942F75F915%7D&AppID=UEEditor.Rocket.Release&AppVersion=4.20.3-4369336%2B%2B%2BUE4%2BRelease-4.20&UserID=7f6585bc4e41fff6095975b9026be799%7C28c043704b13499a93f1a2142a760fcd%7C1f9b3948-77c3-4b01-94f5-59ecb2cb98b6&AppEnvironment=datacollector-binary&UploadType=eteventstream')
[2019.03.07-23.25.16:196][221]LogHttp: Warning: 000001E6C40AB600: libcurl info message cache 8 (Could not resolve host: datarouter.ol.epicgames.com)
[2019.03.07-23.25.16:196][221]LogHttp: Warning: 000001E6C40AB600: libcurl info message cache 9 (Closing connection 158)
[2019.03.07-23.53.23:436][526]LogD3D11RHI: Timed out while waiting for GPU to catch up. (500 ms)
[2019.03.08-02.38.44:730][538]LogHttp: Warning: 000001E6C40AB600: HTTP request timed out after 9925.74 seconds URL=https://datarouter.ol.epicgames.com/datarouter/api/v1/public/data?SessionID=%7B301AAAB3-4A04-E983-98C3-72942F75F915%7D&AppID=UEEditor.Rocket.Release&AppVersion=4.20.3-4369336%2B%2B%2BUE4%2BRelease-4.20&UserID=7f6585bc4e41fff6095975b9026be799%7C28c043704b13499a93f1a2142a760fcd%7C1f9b3948-77c3-4b01-94f5-59ecb2cb98b6&AppEnvironment=datacollector-binary&UploadType=eteventstream
[2019.03.08-02.38.44:740][538]LogHttp: Warning: 000001E6C40AB600: request failed, libcurl error: 0 (No error)
[2019.03.08-02.38.44:740][538]LogHttp: Warning: 000001E6C40AB600: libcurl info message cache 0 (Found bundle for host datarouter.ol.epicgames.com: 0x1e6f3fbffa0 [can pipeline])
[2019.03.08-02.38.44:740][538]LogHttp: Warning: 000001E6C40AB600: libcurl info message cache 1 (Re-using existing connection! (#165) with host datarouter.ol.epicgames.com)
[2019.03.08-02.38.44:740][538]LogHttp: Warning: 000001E6C40AB600: libcurl info message cache 2 (Connected to datarouter.ol.epicgames.com (107.21.51.40) port 443 (#165))
[2019.03.08-02.38.44:740][538]LogHttp: Warning: 000001E6C40AB600: libcurl info message cache 3 (upload completely sent off: 5900 out of 5900 bytes)
[2019.03.08-02.38.44:740][538]LogHttp: Warning: 000001E6C40AB600: libcurl info message cache 4 (Closing connection 165)
[2019.03.08-02.38.44:758][538]LogHttp: Warning: 000001E6C40AB600: libcurl info message cache 5 (TLSv1.2 (OUT), TLS alert, Client hello (1):)
[2019.03.08-02.38.46:766][539]LogD3D11RHI: Timed out while waiting for GPU to catch up. (500 ms)
[2019.03.08-02.38.57:531][566]LogD3D11RHI: Timed out while waiting for GPU to catch up. (500 ms)
[2019.03.08-02.40.27:156][592]LogD3D11RHI: Timed out while waiting for GPU to catch up. (500 ms)
[2019.03.08-13.50.14:827][454]LogD3D11RHI: Timed out while waiting for GPU to catch up. (500 ms)
[2019.03.08-13.50.17:764][457]LogHttp: Warning: 000001E6C40AB600: request failed, libcurl error: 6 (Couldn't resolve host name)
[2019.03.08-13.50.17:764][457]LogHttp: Warning: 000001E6C40AB600: libcurl info message cache 0 (Connection 220 seems to be dead!)
[2019.03.08-13.50.17:764][457]LogHttp: Warning: 000001E6C40AB600: libcurl info message cache 1 (Closing connection 220)
[2019.03.08-13.50.17:764][457]LogHttp: Warning: 000001E6C40AB600: libcurl info message cache 2 (Could not resolve host: datarouter.ol.epicgames.com)
[2019.03.08-13.50.17:764][457]LogHttp: Warning: 000001E6C40AB600: libcurl info message cache 3 (Closing connection 221)
[2019.03.08-16.33.05:199][572]LogD3D11RHI: Timed out while waiting for GPU to catch up. (500 ms)
[2019.03.08-20.44.15:970][431]LogWindowsTextInputMethodSystem: Display: IME system now deactivated.
[2019.03.08-20.44.15:970][431]LogWindowsTextInputMethodSystem: Display: IME system now deactivated.
[2019.03.08-22.53.33:933][616]LogActorComponent: UnregisterComponent: (/Engine/Transient.EditorFloorComp) Not registered. Aborting.
[2019.03.08-22.53.34:125][616]LogActorComponent: UnregisterComponent: (/Engine/Transient.EditorFloorComp) Not registered. Aborting.
[2019.03.08-22.53.34:687][616]LogSlate: Window 'VehicleMovement - Unreal Editor' being destroyed
[2019.03.08-22.53.34:692][616]LogWindowsTextInputMethodSystem: Display: IME system now deactivated.
[2019.03.08-22.53.35:066][617]Cmd: QUIT_EDITOR
[2019.03.08-22.53.35:159][617]LogExit: Preparing to exit.
