Log file open, 02/28/19 02:12:27
LogWindows: Failed to load 'aqProf.dll' (GetLastError=126)
LogWindows: File 'aqProf.dll' does not exist
LogWindows: Failed to load 'VSPerf140.dll' (GetLastError=126)
LogWindows: File 'VSPerf140.dll' does not exist
LogWindows: Failed to load 'VtuneApi.dll' (GetLastError=126)
LogWindows: File 'VtuneApi.dll' does not exist
LogWindows: Failed to load 'VtuneApi32e.dll' (GetLastError=126)
LogWindows: File 'VtuneApi32e.dll' does not exist
LogInit: Display: Running engine for game: VehicleMovement
LogPlatformFile: Not using cached read wrapper
LogTaskGraph: Started task graph with 5 named threads and 20 total threads with 3 sets of task threads.
LogStats: Stats thread started at 0.257785
LogD3D11RHI: Loaded GFSDK_Aftermath_Lib.x64.dll
LogICUInternationalization: Display: ICU TimeZone Detection - Raw Offset: -5:00, Platform Override: ''
LogPluginManager: Mounting plugin Paper2D
LogPluginManager: Mounting plugin AISupport
LogPluginManager: Mounting plugin LightPropagationVolume
LogPluginManager: Mounting plugin CLionSourceCodeAccess
LogPluginManager: Mounting plugin CodeLiteSourceCodeAccess
LogPluginManager: Mounting plugin GitSourceControl
LogPluginManager: Mounting plugin KDevelopSourceCodeAccess
LogPluginManager: Mounting plugin NullSourceCodeAccess
LogPluginManager: Mounting plugin PerforceSourceControl
LogPluginManager: Mounting plugin SubversionSourceControl
LogPluginManager: Mounting plugin UObjectPlugin
LogPluginManager: Mounting plugin VisualStudioCodeSourceCodeAccess
LogPluginManager: Mounting plugin VisualStudioSourceCodeAccess
LogPluginManager: Mounting plugin XCodeSourceCodeAccess
LogPluginManager: Mounting plugin AssetManagerEditor
LogPluginManager: Mounting plugin CryptoKeys
LogPluginManager: Mounting plugin DataValidation
LogPluginManager: Mounting plugin FacialAnimation
LogPluginManager: Mounting plugin GameplayTagsEditor
LogPluginManager: Mounting plugin MacGraphicsSwitching
LogPluginManager: Mounting plugin MeshEditor
LogPluginManager: Mounting plugin MobileLauncherProfileWizard
LogPluginManager: Mounting plugin PluginBrowser
LogPluginManager: Mounting plugin SpeedTreeImporter
LogPluginManager: Mounting plugin DatasmithContent
LogPluginManager: Mounting plugin AlembicImporter
LogPluginManager: Mounting plugin AppleImageUtils
LogPluginManager: Mounting plugin AppleVision
LogPluginManager: Mounting plugin BackChannel
LogPluginManager: Mounting plugin CharacterAI
LogPluginManager: Mounting plugin GeometryCache
LogPluginManager: Mounting plugin HTML5Networking
LogPluginManager: Mounting plugin ProxyLODPlugin
LogPluginManager: Mounting plugin RawInput
LogPluginManager: Mounting plugin MagicLeap
LogPluginManager: Mounting plugin MagicLeapEmulator
LogPluginManager: Mounting plugin MagicLeapMedia
LogPluginManager: Mounting plugin AndroidMedia
LogPluginManager: Mounting plugin AvfMedia
LogPluginManager: Mounting plugin ImgMedia
LogPluginManager: Mounting plugin LinearTimecode
LogPluginManager: Mounting plugin MediaCompositing
LogPluginManager: Mounting plugin MediaPlayerEditor
LogPluginManager: Mounting plugin WmfMedia
LogPluginManager: Mounting plugin TcpMessaging
LogPluginManager: Mounting plugin UdpMessaging
LogPluginManager: Mounting plugin ActorSequence
LogPluginManager: Mounting plugin LevelSequenceEditor
LogPluginManager: Mounting plugin MatineeToLevelSequence
LogPluginManager: Mounting plugin NetcodeUnitTest
LogPluginManager: Mounting plugin NUTUnrealEngine4
LogPluginManager: Mounting plugin OnlineSubsystemGooglePlay
LogPluginManager: Mounting plugin OnlineSubsystemIOS
LogPluginManager: Mounting plugin OnlineSubsystem
LogPluginManager: Mounting plugin OnlineSubsystemNull
LogPluginManager: Mounting plugin OnlineSubsystemUtils
LogPluginManager: Mounting plugin LauncherChunkInstaller
LogPluginManager: Mounting plugin AndroidDeviceProfileSelector
LogPluginManager: Mounting plugin AndroidMoviePlayer
LogPluginManager: Mounting plugin AndroidPermission
LogPluginManager: Mounting plugin AppleMoviePlayer
LogPluginManager: Mounting plugin ArchVisCharacter
LogPluginManager: Mounting plugin AudioCapture
LogPluginManager: Mounting plugin CableComponent
LogPluginManager: Mounting plugin CustomMeshComponent
LogPluginManager: Mounting plugin EditableMesh
LogPluginManager: Mounting plugin ExampleDeviceProfileSelector
LogPluginManager: Mounting plugin GoogleCloudMessaging
LogPluginManager: Mounting plugin ImmediatePhysics
LogPluginManager: Mounting plugin IOSDeviceProfileSelector
LogPluginManager: Mounting plugin LinuxDeviceProfileSelector
LogPluginManager: Mounting plugin LocationServicesBPLibrary
LogPluginManager: Mounting plugin MobilePatchingUtils
LogPluginManager: Mounting plugin OculusVR
LogPluginManager: Plugin shader directory ../../../Engine/Plugins/Runtime/Oculus/OculusVR/Shaders found
LogPluginManager: Mapping shader source directory ../../../Engine/Plugins/Runtime/Oculus/OculusVR/Shaders to virtual directory /Plugin/OculusVR
LogPluginManager: Mounting plugin PhysXVehicles
LogPluginManager: Mounting plugin ProceduralMeshComponent
LogPluginManager: Mounting plugin RuntimePhysXCooking
LogPluginManager: Mounting plugin SteamVR
LogPluginManager: Mounting plugin WindowsMoviePlayer
LogStreaming: Display: Took  0.407s to configure plugins.
LogInit: Using libcurl 7.55.1-DEV
LogInit:  - built for x86_64-pc-win32
LogInit:  - supports SSL with OpenSSL/1.0.2h
LogInit:  - supports HTTP deflate (compression) using libz 1.2.8
LogInit:  - other features:
LogInit:      CURL_VERSION_SSL
LogInit:      CURL_VERSION_LIBZ
LogInit:      CURL_VERSION_IPV6
LogInit:      CURL_VERSION_ASYNCHDNS
LogInit:      CURL_VERSION_LARGEFILE
LogInit:      CURL_VERSION_IDN
LogInit:  CurlRequestOptions (configurable via config and command line):
LogInit:  - bVerifyPeer = false  - Libcurl will NOT verify peer certificate
LogInit:  - bUseHttpProxy = false  - Libcurl will NOT use HTTP proxy
LogInit:  - bDontReuseConnections = false  - Libcurl will reuse connections
LogInit:  - CertBundlePath = nullptr  - Libcurl will use whatever was configured at build time.
LogInit:  - MaxHostConnections = 16  - Libcurl will limit the number of connections to a host
LogInit:  - LocalHostAddr = Default
LogInit:  - BufferSize = 65536
LogInit: WinSock: version 1.1 (2.2), MaxSocks=32767, MaxUdp=65467
LogInit: Build: ++UE4+Release-4.20-CL-4369336
LogInit: Engine Version: 4.20.3-4369336+++UE4+Release-4.20
LogInit: Compatible Engine Version: 4.20.0-4212847+++UE4+Release-4.20
LogInit: Net CL: 4212847
LogInit: OS: Windows 10 (), CPU: Intel(R) Core(TM) i5-8400 CPU @ 2.80GHz, GPU: NVIDIA GeForce GTX 1050 Ti
LogInit: Compiled (64-bit): Sep 17 2018 12:26:19
LogInit: Compiled with Visual C++: 19.13.26129.00
LogInit: Build Configuration: Development
LogInit: Branch Name: ++UE4+Release-4.20
LogInit: Command Line:  
LogInit: Base Directory: D:/UE_4.20/Engine/Binaries/Win64/
LogInit: Installed Engine Build: 1
LogDevObjectVersion: Number of dev versions registered: 20
LogDevObjectVersion:   Dev-Blueprints (B0D832E4-1F89-4F0D-ACCF-7EB736FD4AA2): 10
LogDevObjectVersion:   Dev-Build (E1C64328-A22C-4D53-A36C-8E866417BD8C): 0
LogDevObjectVersion:   Dev-Core (375EC13C-06E4-48FB-B500-84F0262A717E): 2
LogDevObjectVersion:   Dev-Editor (E4B068ED-F494-42E9-A231-DA0B2E46BB41): 24
LogDevObjectVersion:   Dev-Framework (CFFC743F-43B0-4480-9391-14DF171D2073): 34
LogDevObjectVersion:   Dev-Mobile (B02B49B5-BB20-44E9-A304-32B752E40360): 2
LogDevObjectVersion:   Dev-Networking (A4E4105C-59A1-49B5-A7C5-40C4547EDFEE): 0
LogDevObjectVersion:   Dev-Online (39C831C9-5AE6-47DC-9A44-9C173E1C8E7C): 0
LogDevObjectVersion:   Dev-Physics (78F01B33-EBEA-4F98-B9B4-84EACCB95AA2): 0
LogDevObjectVersion:   Dev-Platform (6631380F-2D4D-43E0-8009-CF276956A95A): 0
LogDevObjectVersion:   Dev-Rendering (12F88B9F-8875-4AFC-A67C-D90C383ABD29): 26
LogDevObjectVersion:   Dev-Sequencer (7B5AE74C-D270-4C10-A958-57980B212A5A): 9
LogDevObjectVersion:   Dev-VR (D7296918-1DD6-4BDD-9DE2-64A83CC13884): 2
LogDevObjectVersion:   Dev-LoadTimes (C2A15278-BFE7-4AFE-6C17-90FF531DF755): 1
LogDevObjectVersion:   Private-Geometry (6EACA3D4-40EC-4CC1-B786-8BED09428FC5): 3
LogDevObjectVersion:   Dev-AnimPhys (29E575DD-E0A3-4627-9D10-D276232CDCEA): 17
LogDevObjectVersion:   Dev-ReflectionCapture (6B266CEC-1EC7-4B8F-A30B-E4D90942FC07): 1
LogDevObjectVersion:   Dev-Automation (0DF73D61-A23F-47EA-B727-89E90C41499A): 1
LogDevObjectVersion:   FortniteMain (601D1886-AC64-4F84-AA16-D3DE0DEAC7D6): 12
LogDevObjectVersion:   Dev-Enterprise (9DFFBCD6-494F-0158-E221-12823C92A888): 1
LogStreaming: Display: Took  0.017s to delete old logs.
LogInit: Presizing for max 8388607 objects, including 0 objects not considered by GC, pre-allocating 0 bytes for permanent pool.
LogInit: Object subsystem initialized
[2019.02.28-07.12.27:924][  0]LogInit: Selected Device Profile: [Windows]
[2019.02.28-07.12.27:924][  0]LogInit: Applying CVar settings loaded from the selected device profile: [Windows]
[2019.02.28-07.12.27:947][  0]LogHAL: Display: Platform has ~ 8 GB [8523337728 / 8589934592 / 8], which maps to Default [LargestMinGB=32, LargerMinGB=12, DefaultMinGB=8, SmallerMinGB=6, SmallestMinGB=0)
[2019.02.28-07.12.27:947][  0]LogInit: Setting Device Profile CVar: [[r.Vulkan.UseRealUBs:1]]
[2019.02.28-07.12.27:947][  0]LogInit: Going up to parent DeviceProfile []
[2019.02.28-07.12.27:958][  0]LogInit: Computer: DESKTOP-IF8BQD3
[2019.02.28-07.12.27:958][  0]LogInit: User: ChiyokoYumi
[2019.02.28-07.12.27:958][  0]LogInit: CPU Page size=4096, Cores=6
[2019.02.28-07.12.27:958][  0]LogInit: High frequency timer resolution =10.000000 MHz
[2019.02.28-07.12.27:958][  0]LogMemory: Memory total: Physical=7.9GB (8GB approx)
[2019.02.28-07.12.27:958][  0]LogMemory: Platform Memory Stats for Windows
[2019.02.28-07.12.27:958][  0]LogMemory: Process Physical Memory: 101.20 MB used, 101.21 MB peak
[2019.02.28-07.12.27:958][  0]LogMemory: Process Virtual Memory: 92.70 MB used, 92.70 MB peak
[2019.02.28-07.12.27:958][  0]LogMemory: Physical Memory: 6768.64 MB used,  1359.84 MB free, 8128.49 MB total
[2019.02.28-07.12.27:958][  0]LogMemory: Virtual Memory: 4626.13 MB used,  1359.84 MB free, 134217728.00 MB total
[2019.02.28-07.12.28:031][  0]LogInit: Using OS detected language (en-US).
[2019.02.28-07.12.28:031][  0]LogInit: Using OS detected locale (en-CA).
[2019.02.28-07.12.28:038][  0]LogTextLocalizationManager: No specific localization for 'en-US' exists, so the 'en' localization will be used.
[2019.02.28-07.12.28:756][  0]LogStreaming: Display: Took  0.725s to InitEngineTextLocalization.
[2019.02.28-07.12.28:756][  0]LogInit: Setting process to per monitor DPI aware
[2019.02.28-07.12.28:876][  0]LogSlate: New Slate User Created.  User Index 0, Is Virtual User: 0
[2019.02.28-07.12.28:876][  0]LogSlate: Slate User Registered.  User Index 0, Is Virtual User: 0
[2019.02.28-07.12.29:621][  0]LogHMD: Failed to initialize OpenVR with code 110
[2019.02.28-07.12.29:621][  0]LogD3D11RHI: D3D11 adapters:
[2019.02.28-07.12.29:750][  0]LogD3D11RHI:    0. 'NVIDIA GeForce GTX 1050 Ti' (Feature Level 11_0)
[2019.02.28-07.12.29:750][  0]LogD3D11RHI:       4018/0/4064 MB DedicatedVideo/DedicatedSystem/SharedSystem, Outputs:2, VendorId:0x10de
[2019.02.28-07.12.29:757][  0]LogD3D11RHI:    1. 'Microsoft Basic Render Driver' (Feature Level 11_0)
[2019.02.28-07.12.29:757][  0]LogD3D11RHI:       0/0/4064 MB DedicatedVideo/DedicatedSystem/SharedSystem, Outputs:0, VendorId:0x1414
[2019.02.28-07.12.29:757][  0]LogD3D11RHI: Chosen D3D11 Adapter: 0
[2019.02.28-07.12.29:770][  0]LogD3D11RHI: Creating new Direct3DDevice
[2019.02.28-07.12.29:770][  0]LogD3D11RHI:     GPU DeviceId: 0x1c82 (for the marketing name, search the web for "GPU Device Id")
[2019.02.28-07.12.29:770][  0]LogWindows: EnumDisplayDevices:
[2019.02.28-07.12.29:770][  0]LogWindows:    0. 'NVIDIA GeForce GTX 1050 Ti' (P:1 D:1)
[2019.02.28-07.12.29:771][  0]LogWindows:    1. 'NVIDIA GeForce GTX 1050 Ti' (P:0 D:1)
[2019.02.28-07.12.29:771][  0]LogWindows:    2. 'NVIDIA GeForce GTX 1050 Ti' (P:0 D:0)
[2019.02.28-07.12.29:772][  0]LogWindows:    3. 'NVIDIA GeForce GTX 1050 Ti' (P:0 D:0)
[2019.02.28-07.12.29:772][  0]LogWindows: DebugString: FoundDriverCount:4 
[2019.02.28-07.12.29:772][  0]LogD3D11RHI:     Adapter Name: NVIDIA GeForce GTX 1050 Ti
[2019.02.28-07.12.29:772][  0]LogD3D11RHI:   Driver Version: 418.81 (internal:25.21.14.1881, unified:418.81)
[2019.02.28-07.12.29:772][  0]LogD3D11RHI:      Driver Date: 1-30-2019
[2019.02.28-07.12.29:772][  0]LogRHI: Texture pool is 2812 MB (70% of 4018 MB)
[2019.02.28-07.12.29:829][  0]LogD3D11RHI: Async texture creation enabled
[2019.02.28-07.12.29:859][  0]LogD3D11RHI: GPU Timing Frequency: 1000.000000 (Debug: 2 2)
[2019.02.28-07.12.29:911][  0]LogShaderCompilers: Guid format shader working directory is -54 characters bigger than the processId version (../../../../GitHub/Math-Assignment_1/Math_Assignment_1/Game260Development/Resources/VehicleMovement/Intermediate/Shaders/WorkingDirectory/14996/).
[2019.02.28-07.12.29:911][  0]LogShaderCompilers: Cleaned the shader compiler working directory 'C:/Users/nicom/AppData/Local/Temp/UnrealShaderWorkingDir/72D28F254DA77FA5106A7E9DF4E72A9B/'.
[2019.02.28-07.12.30:821][  0]LogTemp: Display: Loaded TP AllDesktopTargetPlatform
[2019.02.28-07.12.30:846][  0]LogTemp: Display: Loaded TP MacClientTargetPlatform
[2019.02.28-07.12.30:873][  0]LogTemp: Display: Loaded TP MacNoEditorTargetPlatform
[2019.02.28-07.12.30:896][  0]LogTemp: Display: Loaded TP MacServerTargetPlatform
[2019.02.28-07.12.30:931][  0]LogTemp: Display: Loaded TP MacTargetPlatform
[2019.02.28-07.12.30:953][  0]LogTemp: Display: Loaded TP WindowsClientTargetPlatform
[2019.02.28-07.12.30:971][  0]LogTemp: Display: Loaded TP WindowsNoEditorTargetPlatform
[2019.02.28-07.12.30:991][  0]LogTemp: Display: Loaded TP WindowsServerTargetPlatform
[2019.02.28-07.12.31:002][  0]LogTemp: Display: Loaded TP WindowsTargetPlatform
[2019.02.28-07.12.31:102][  0]LogTemp: Display: Loaded TP AndroidTargetPlatform
[2019.02.28-07.12.31:102][  0]LogTemp: Display: Loaded TP AndroidTargetPlatform
[2019.02.28-07.12.31:102][  0]LogTemp: Display: Loaded TP AndroidTargetPlatform
[2019.02.28-07.12.31:102][  0]LogTemp: Display: Loaded TP AndroidTargetPlatform
[2019.02.28-07.12.31:102][  0]LogTemp: Display: Loaded TP AndroidTargetPlatform
[2019.02.28-07.12.31:102][  0]LogTemp: Display: Loaded TP AndroidTargetPlatform
[2019.02.28-07.12.31:102][  0]LogTemp: Display: Loaded TP AndroidTargetPlatform
[2019.02.28-07.12.31:102][  0]LogTemp: Display: Loaded TP AndroidTargetPlatform
[2019.02.28-07.12.31:102][  0]LogTemp: Display: Loaded TP AndroidTargetPlatform
[2019.02.28-07.12.31:102][  0]LogTemp: Display: Loaded TP AndroidTargetPlatform
[2019.02.28-07.12.31:102][  0]LogTemp: Display: Loaded TP AndroidTargetPlatform
[2019.02.28-07.12.31:102][  0]LogTemp: Display: Loaded TP AndroidTargetPlatform
[2019.02.28-07.12.31:102][  0]LogTemp: Display: Loaded TP AndroidTargetPlatform
[2019.02.28-07.12.31:102][  0]LogTemp: Display: Loaded TP AndroidTargetPlatform
[2019.02.28-07.12.31:103][  0]LogTemp: Display: Loaded TP AndroidTargetPlatform
[2019.02.28-07.12.31:103][  0]LogTemp: Display: Loaded TP AndroidTargetPlatform
[2019.02.28-07.12.31:103][  0]LogTemp: Display: Loaded TP AndroidTargetPlatform
[2019.02.28-07.12.31:103][  0]LogTemp: Display: Loaded TP AndroidTargetPlatform
[2019.02.28-07.12.31:106][  0]LogTemp: Display: Loaded TP HTML5TargetPlatform
[2019.02.28-07.12.31:184][  0]LogTemp: Display: Loaded TP IOSTargetPlatform
[2019.02.28-07.12.31:184][  0]LogTemp: Display: Loaded TP IOSTargetPlatform
[2019.02.28-07.12.31:211][  0]LogTemp: Display: Loaded TP TVOSTargetPlatform
[2019.02.28-07.12.31:211][  0]LogTemp: Display: Loaded TP TVOSTargetPlatform
[2019.02.28-07.12.31:225][  0]LogTemp: Display: Loaded TP LinuxClientTargetPlatform
[2019.02.28-07.12.31:246][  0]LogTemp: Display: Loaded TP LinuxNoEditorTargetPlatform
[2019.02.28-07.12.31:263][  0]LogTemp: Display: Loaded TP LinuxServerTargetPlatform
[2019.02.28-07.12.31:287][  0]LogTemp: Display: Loaded TP LinuxTargetPlatform
[2019.02.28-07.12.31:307][  0]LogTemp: Display: Loaded TP LuminTargetPlatform
[2019.02.28-07.12.31:307][  0]LogTargetPlatformManager: Display: Building Assets For Windows
[2019.02.28-07.12.31:520][  0]LogXGEController: Cannot use XGE Controller as Incredibuild is not installed on this machine.
[2019.02.28-07.12.31:520][  0]LogShaderCompilers: Cannot use XGE Shader Compiler as Incredibuild is not installed on this machine.
[2019.02.28-07.12.31:520][  0]LogShaderCompilers: Display: Using Local Shader Compiler.
[2019.02.28-07.12.32:875][  0]LogDerivedDataCache: Display: Max Cache Size: 512 MB
[2019.02.28-07.12.33:258][  0]LogDerivedDataCache: Loaded boot cache 0.38s 75MB C:/Users/nicom/AppData/Local/UnrealEngine/4.20/DerivedDataCache/Boot.ddc.
[2019.02.28-07.12.33:258][  0]LogDerivedDataCache: Display: Loaded Boot cache: C:/Users/nicom/AppData/Local/UnrealEngine/4.20/DerivedDataCache/Boot.ddc
[2019.02.28-07.12.33:259][  0]LogDerivedDataCache: FDerivedDataBackendGraph:  Pak pak cache file ../../../../GitHub/Math-Assignment_1/Math_Assignment_1/Game260Development/Resources/VehicleMovement/DerivedDataCache/DDC.ddp not found, will not use a pak cache.
[2019.02.28-07.12.33:259][  0]LogDerivedDataCache: Unable to find inner node Pak for hierarchical cache Hierarchy.
[2019.02.28-07.12.33:259][  0]LogDerivedDataCache: FDerivedDataBackendGraph:  CompressedPak pak cache file ../../../../GitHub/Math-Assignment_1/Math_Assignment_1/Game260Development/Resources/VehicleMovement/DerivedDataCache/Compressed.ddp not found, will not use a pak cache.
[2019.02.28-07.12.33:259][  0]LogDerivedDataCache: Unable to find inner node CompressedPak for hierarchical cache Hierarchy.
[2019.02.28-07.12.33:301][  0]LogDerivedDataCache: Display: Pak cache opened for reading ../../../Engine/DerivedDataCache/Compressed.ddp.
[2019.02.28-07.12.33:321][  0]LogDerivedDataCache: Using Local data cache path C:/Users/nicom/AppData/Local/UnrealEngine/Common/DerivedDataCache: Writable
[2019.02.28-07.12.33:321][  0]LogDerivedDataCache: Shared data cache path not found in *engine.ini, will not use an Shared cache.
[2019.02.28-07.12.33:321][  0]LogDerivedDataCache: Unable to find inner node Shared for hierarchical cache Hierarchy.
[2019.02.28-07.12.33:349][  0]LogMaterial: Verifying Global Shaders for PCD3D_SM5
[2019.02.28-07.12.33:351][  0]LogSlate: Using FreeType 2.6.0
[2019.02.28-07.12.33:374][  0]LogSlate: SlateFontServices - WITH_FREETYPE: 1, WITH_HARFBUZZ: 1
[2019.02.28-07.12.33:783][  0]LogAssetRegistry: FAssetRegistry took 0.0314 seconds to start up
[2019.02.28-07.12.34:574][  0]LogInit: Selected Device Profile: [Windows]
[2019.02.28-07.12.35:376][  0]LogSimplygon: Simplygon DLL not present - disabling.
[2019.02.28-07.12.35:463][  0]LogMeshReduction: Using SimplygonSwarm for distributed automatic mesh merging
[2019.02.28-07.12.35:463][  0]LogMeshReduction: Using ProxyLODMeshReduction for automatic mesh merging
[2019.02.28-07.12.35:463][  0]LogMeshReduction: Using QuadricMeshReduction for automatic static mesh reduction
[2019.02.28-07.12.35:463][  0]LogMeshReduction: No automatic skeletal mesh reduction module available
[2019.02.28-07.12.35:521][  0]LogNetVersion: VehicleMovement 1.0.0, NetCL: 4212847, EngineNetVer: 5, GameNetVer: 0 (Checksum: 2966596176)
[2019.02.28-07.12.36:820][  0]LogPackageLocalizationCache: Processed 11 localized package path(s) for 2 prioritized culture(s) in 0.316035 seconds
[2019.02.28-07.12.36:836][  0]LogUObjectArray: 38425 objects as part of root set at end of initial load.
[2019.02.28-07.12.36:836][  0]LogUObjectAllocator: 6690872 out of 0 bytes used by permanent object pool.
[2019.02.28-07.12.36:836][  0]LogUObjectArray: CloseDisregardForGC: 0/0 objects in disregard for GC pool
[2019.02.28-07.12.42:002][  0]LogTcpMessaging: Initializing TcpMessaging bridge
[2019.02.28-07.12.42:042][  0]LogUdpMessaging: Initializing bridge on interface 0.0.0.0:0 to multicast group 230.0.0.1:6666.
[2019.02.28-07.12.43:268][  0]SourceControl: Source control is disabled
[2019.02.28-07.12.43:268][  0]SourceControl: Source control is disabled
[2019.02.28-07.12.43:309][  0]SourceControl: Source control is disabled
[2019.02.28-07.12.43:321][  0]SourceControl: Source control is disabled
[2019.02.28-07.12.44:247][  0]LogAndroidPermission: UAndroidPermissionCallbackProxy::GetInstance
[2019.02.28-07.12.44:666][  0]LogOcInput: OculusInput pre-init called
[2019.02.28-07.12.44:878][  0]LogEngine: Initializing Engine...
[2019.02.28-07.12.44:880][  0]LogHMD: Failed to initialize OpenVR with code 110
[2019.02.28-07.12.44:882][  0]LogStats: UGameplayTagsManager::ConstructGameplayTagTree: ImportINI prefixes -  0.000 s
[2019.02.28-07.12.44:882][  0]LogStats: UGameplayTagsManager::ConstructGameplayTagTree: Construct from data asset -  0.000 s
[2019.02.28-07.12.44:882][  0]LogStats: UGameplayTagsManager::ConstructGameplayTagTree: ImportINI -  0.000 s
[2019.02.28-07.12.44:882][  0]LogStats: UGameplayTagsManager::ConstructGameplayTagTree: GameplayTagTreeChangedEvent.Broadcast -  0.000 s
[2019.02.28-07.12.45:277][  0]LogInit: Initializing FReadOnlyCVARCache
[2019.02.28-07.12.45:469][  0]LogAIModule: Creating AISystem for world Untitled
[2019.02.28-07.12.45:556][  0]LogInit: XAudio2 using 'Speakers (Realtek(R) Audio)' : 2 channels at 48 kHz using 32 bits per sample (channel mask 0x3)
[2019.02.28-07.12.45:653][  0]LogInit: FAudioDevice initialized.
[2019.02.28-07.12.45:653][  0]LogNetVersion: Set ProjectVersion to 1.0.0.0. Version Checksum will be recalculated on next use.
[2019.02.28-07.12.45:844][  0]LogDerivedDataCache: Saved boot cache 0.19s 75MB C:/Users/nicom/AppData/Local/UnrealEngine/4.20/DerivedDataCache/Boot.ddc.
[2019.02.28-07.12.45:857][  0]LogInit: Texture streaming: Enabled
[2019.02.28-07.12.45:948][  0]LogEngineSessionManager: EngineSessionManager initialized
[2019.02.28-07.12.46:030][  0]LogInit: Transaction tracking system initialized
[2019.02.28-07.12.46:313][  0]BlueprintLog: New page: Editor Load
[2019.02.28-07.12.47:048][  0]LocalizationService: Localization service is disabled
[2019.02.28-07.12.48:409][  0]LogCook: Display: Max memory allowance for cook 16384mb min free memory 0mb
[2019.02.28-07.12.48:409][  0]LogCook: Display: Mobile HDR setting 1
[2019.02.28-07.12.48:409][  0]LogGameplayTags: Display: UGameplayTagsManager::DoneAddingNativeTags. DelegateIsBound: 0
[2019.02.28-07.12.48:409][  0]LogStats: UGameplayTagsManager::ConstructGameplayTagTree: ImportINI prefixes -  0.000 s
[2019.02.28-07.12.48:409][  0]LogStats: UGameplayTagsManager::ConstructGameplayTagTree: Construct from data asset -  0.000 s
[2019.02.28-07.12.48:409][  0]LogStats: UGameplayTagsManager::ConstructGameplayTagTree: ImportINI -  0.000 s
[2019.02.28-07.12.48:409][  0]LogStats: UGameplayTagsManager::ConstructGameplayTagTree: GameplayTagTreeChangedEvent.Broadcast -  0.000 s
[2019.02.28-07.12.49:485][  0]LogFileCache: Scanning file cache for directory 'D:/GitHub/Math-Assignment_1/Math_Assignment_1/Game260Development/Resources/VehicleMovement/Content/' took 0.02s
[2019.02.28-07.12.50:545][  0]SourceControl: Source control is disabled
[2019.02.28-07.12.50:546][  0]LightingResults: New page: Lighting Build
[2019.02.28-07.12.50:605][  0]MapCheck: New page: Map Check
[2019.02.28-07.12.50:605][  0]LightingResults: New page: Lighting Build
[2019.02.28-07.12.51:555][  0]LogAIModule: Creating AISystem for world VehicleExampleMap
[2019.02.28-07.12.51:594][  0]LogEditorServer: Finished looking for orphan Actors (0.000 secs)
[2019.02.28-07.12.51:614][  0]Cmd: MAP CHECKDEP NOCLEARLOG
[2019.02.28-07.12.51:685][  0]MapCheck: Map check complete: 0 Error(s), 0 Warning(s), took 70.468ms to complete.
[2019.02.28-07.12.51:685][  0]LogFileHelpers: Loading map 'VehicleExampleMap' took 1.141
[2019.02.28-07.12.52:835][  0]LogSlate: Updating window title bar state: overlay mode, drag disabled, window buttons hidden, title bar hidden
[2019.02.28-07.12.52:844][  0]LogSlate: Updating window title bar state: overlay mode, drag disabled, window buttons hidden, title bar hidden
[2019.02.28-07.12.52:854][  0]LogSlate: Updating window title bar state: overlay mode, drag disabled, window buttons hidden, title bar hidden
[2019.02.28-07.12.52:863][  0]LogSlate: Updating window title bar state: overlay mode, drag disabled, window buttons hidden, title bar hidden
[2019.02.28-07.12.52:925][  0]LogCollectionManager: Loaded 0 collections in 0.013279 seconds
[2019.02.28-07.12.53:069][  0]LogFileCache: Scanning file cache for directory 'D:/GitHub/Math-Assignment_1/Math_Assignment_1/Game260Development/Resources/VehicleMovement/Saved/Collections/' took 0.01s
[2019.02.28-07.12.53:069][  0]LogFileCache: Scanning file cache for directory 'D:/GitHub/Math-Assignment_1/Math_Assignment_1/Game260Development/Resources/VehicleMovement/Content/Developers/ChiyokoYumi/Collections/' took 0.02s
[2019.02.28-07.12.53:069][  0]LogFileCache: Scanning file cache for directory 'D:/GitHub/Math-Assignment_1/Math_Assignment_1/Game260Development/Resources/VehicleMovement/Content/Collections/' took 0.01s
[2019.02.28-07.12.53:070][  0]LogCollectionManager: Rebuilt the GUID cache for 0 collections in 0.000000 seconds
[2019.02.28-07.12.53:082][  0]LogContentBrowser: Native class hierarchy populated in 0.0127 seconds. Added 2585 classes and 608 folders.
[2019.02.28-07.12.53:127][  0]LogContentBrowser: Native class hierarchy updated for 'WidgetCarousel' in 0.0016 seconds. Added 0 classes and 0 folders.
[2019.02.28-07.12.54:566][  0]LogContentBrowser: Native class hierarchy updated for 'AddContentDialog' in 0.0008 seconds. Added 0 classes and 0 folders.
[2019.02.28-07.12.54:588][  0]LogContentBrowser: Native class hierarchy updated for 'SceneOutliner' in 0.0007 seconds. Added 1 classes and 2 folders.
[2019.02.28-07.12.54:698][  0]LogSlate: Took 0.011296 seconds to synchronously load lazily loaded font '../../../Engine/Content/Slate/Fonts/Roboto-Regular.ttf' (155K)
[2019.02.28-07.12.54:708][  0]LogSlate: Took 0.006790 seconds to synchronously load lazily loaded font '../../../Engine/Content/Slate/Fonts/Roboto-Bold.ttf' (160K)
[2019.02.28-07.12.54:715][  0]LogSlate: Took 0.004027 seconds to synchronously load lazily loaded font '../../../Engine/Content/Editor/Slate/Fonts/FontAwesome.ttf' (139K)
[2019.02.28-07.12.54:817][  0]LogRenderer: Reallocating scene render targets to support 1144x572 Format 10 NumSamples 1 (Frame:1).
[2019.02.28-07.12.54:864][  0]LogSlate: Took 0.000328 seconds to synchronously load lazily loaded font '../../../Engine/Content/Slate/Fonts/Roboto-Light.ttf' (167K)
[2019.02.28-07.12.55:594][  0]LogContentBrowser: Native class hierarchy updated for 'HierarchicalLODOutliner' in 0.0011 seconds. Added 0 classes and 0 folders.
[2019.02.28-07.12.55:594][  0]LogLoad: (Engine Initialization) Total time: 41.86 seconds
[2019.02.28-07.12.55:594][  0]LogLoad: (Engine Initialization) Total Blueprint compile time: 0.00 seconds
[2019.02.28-07.12.55:671][  0]LogRawInputWindows: Warning: Found device 0 devices
[2019.02.28-07.12.55:671][  0]LogRawInputWindows: Warning: Found device 0 devices
[2019.02.28-07.12.55:671][  0]LogRawInputWindows: Warning: Device was registered succesfully but not connected (Usage:4 UsagePage:1)
[2019.02.28-07.12.55:671][  0]LogRawInputWindows: Warning: Found device 1 devices
[2019.02.28-07.12.55:671][  0]LogRawInputWindows: Warning: Device was registered succesfully but not connected (Usage:5 UsagePage:1)
[2019.02.28-07.12.55:707][  0]LogContentStreaming: Texture pool size now 1000 MB
[2019.02.28-07.12.55:854][  1]LogAssetRegistry: Asset discovery search completed in 22.0974 seconds
[2019.02.28-07.12.55:856][  1]LogCollectionManager: Rebuilt the object cache for 0 collections in 0.000001 seconds (found 0 objects)
[2019.02.28-07.12.55:856][  1]LogCollectionManager: Fixed up redirectors for 0 collections in 0.000094 seconds (updated 0 objects)
[2019.02.28-07.13.12:523][639]LogSlate: FSceneViewport::OnFocusLost() reason 0
[2019.02.28-07.13.13:030][700]LogTemp: Repeating last play command: Selected Viewport
[2019.02.28-07.13.13:044][700]LogBlueprintUserMessages: Early PlayInEditor Detection: Level '/Game/VehicleCPP/Maps/VehicleExampleMap.VehicleExampleMap:PersistentLevel' has LevelScriptBlueprint '/Game/VehicleCPP/Maps/VehicleExampleMap.VehicleExampleMap:PersistentLevel.VehicleExampleMap' with GeneratedClass '/Game/VehicleCPP/Maps/VehicleExampleMap.VehicleExampleMap_C' with ClassGeneratedBy '/Game/VehicleCPP/Maps/VehicleExampleMap.VehicleExampleMap:PersistentLevel.VehicleExampleMap'
[2019.02.28-07.13.13:044][700]LogPlayLevel: PlayLevel: No blueprints needed recompiling
[2019.02.28-07.13.13:057][700]PIE: New page: PIE session: VehicleExampleMap (Feb 27, 2019, 9:13:13 PM)
[2019.02.28-07.13.13:057][700]LogPlayLevel: Creating play world package: /Game/VehicleCPP/Maps/UEDPIE_0_VehicleExampleMap
[2019.02.28-07.13.13:087][700]LogPlayLevel: PIE: StaticDuplicateObject took: (0.029817s)
[2019.02.28-07.13.13:088][700]LogAIModule: Creating AISystem for world VehicleExampleMap
[2019.02.28-07.13.13:089][700]LogPlayLevel: PIE: World Init took: (0.001384s)
[2019.02.28-07.13.13:089][700]LogPlayLevel: PIE: Created PIE world by copying editor world from /Game/VehicleCPP/Maps/VehicleExampleMap.VehicleExampleMap to /Game/VehicleCPP/Maps/UEDPIE_0_VehicleExampleMap.VehicleExampleMap (0.031402s)
[2019.02.28-07.13.13:172][700]LogInit: XAudio2 using 'Speakers (Realtek(R) Audio)' : 2 channels at 48 kHz using 32 bits per sample (channel mask 0x3)
[2019.02.28-07.13.13:206][700]LogInit: FAudioDevice initialized.
[2019.02.28-07.13.13:252][700]LogLoad: Game class is 'VehicleMovementGameMode'
[2019.02.28-07.13.13:257][700]LogWorld: Bringing World /Game/VehicleCPP/Maps/UEDPIE_0_VehicleExampleMap.VehicleExampleMap up for play (max tick rate 0) at 2019.02.28-02.13.13
[2019.02.28-07.13.13:257][700]LogWorld: Bringing up level for play took: 0.002217
[2019.02.28-07.13.13:277][700]LogContentBrowser: Native class hierarchy updated for 'MovieSceneCapture' in 0.0007 seconds. Added 10 classes and 0 folders.
[2019.02.28-07.13.13:277][700]PIE: Play in editor start time for /Game/VehicleCPP/Maps/UEDPIE_0_VehicleExampleMap 0.828
[2019.02.28-07.13.13:278][700]LogBlueprintUserMessages: Late PlayInEditor Detection: Level '/Game/VehicleCPP/Maps/VehicleExampleMap.VehicleExampleMap:PersistentLevel' has LevelScriptBlueprint '/Game/VehicleCPP/Maps/VehicleExampleMap.VehicleExampleMap:PersistentLevel.VehicleExampleMap' with GeneratedClass '/Game/VehicleCPP/Maps/VehicleExampleMap.VehicleExampleMap_C' with ClassGeneratedBy '/Game/VehicleCPP/Maps/VehicleExampleMap.VehicleExampleMap:PersistentLevel.VehicleExampleMap'
[2019.02.28-07.13.18:251][286]LogBlueprintUserMessages: Early EndPlayMap Detection: Level '/Game/VehicleCPP/Maps/VehicleExampleMap.VehicleExampleMap:PersistentLevel' has LevelScriptBlueprint '/Game/VehicleCPP/Maps/VehicleExampleMap.VehicleExampleMap:PersistentLevel.VehicleExampleMap' with GeneratedClass '/Game/VehicleCPP/Maps/VehicleExampleMap.VehicleExampleMap_C' with ClassGeneratedBy '/Game/VehicleCPP/Maps/VehicleExampleMap.VehicleExampleMap:PersistentLevel.VehicleExampleMap'
[2019.02.28-07.13.18:252][286]LogSlate: Updating window title bar state: overlay mode, drag disabled, window buttons hidden, title bar hidden
[2019.02.28-07.13.18:290][286]LogPlayLevel: Display: Shutting down PIE online subsystems
[2019.02.28-07.13.18:291][286]LogBlueprintUserMessages: Late EndPlayMap Detection: Level '/Game/VehicleCPP/Maps/VehicleExampleMap.VehicleExampleMap:PersistentLevel' has LevelScriptBlueprint '/Game/VehicleCPP/Maps/VehicleExampleMap.VehicleExampleMap:PersistentLevel.VehicleExampleMap' with GeneratedClass '/Game/VehicleCPP/Maps/VehicleExampleMap.VehicleExampleMap_C' with ClassGeneratedBy '/Game/VehicleCPP/Maps/VehicleExampleMap.VehicleExampleMap:PersistentLevel.VehicleExampleMap'
[2019.02.28-07.13.18:314][286]LogSlate: Updating window title bar state: overlay mode, drag disabled, window buttons hidden, title bar hidden
[2019.02.28-07.13.18:357][288]LogPlayLevel: Display: Destroying online subsystem :Context_3
[2019.02.28-07.13.19:819][462]LogSlate: FSceneViewport::OnFocusLost() reason 0
[2019.02.28-07.13.22:522][774]LogSlate: Took 0.000374 seconds to synchronously load lazily loaded font '../../../Engine/Content/Slate/Fonts/Roboto-Light.ttf' (167K)
[2019.02.28-07.13.48:734][822]LogSlate: Prevented a slow task dialog from being summoned while a context menu was open
[2019.02.28-07.13.49:839][937]LogSlate: Prevented a slow task dialog from being summoned while a context menu was open
[2019.02.28-07.14.00:983][203]LogTemp: Repeating last play command: Selected Viewport
[2019.02.28-07.14.00:996][203]LogBlueprintUserMessages: Early PlayInEditor Detection: Level '/Game/VehicleCPP/Maps/VehicleExampleMap.VehicleExampleMap:PersistentLevel' has LevelScriptBlueprint '/Game/VehicleCPP/Maps/VehicleExampleMap.VehicleExampleMap:PersistentLevel.VehicleExampleMap' with GeneratedClass '/Game/VehicleCPP/Maps/VehicleExampleMap.VehicleExampleMap_C' with ClassGeneratedBy '/Game/VehicleCPP/Maps/VehicleExampleMap.VehicleExampleMap:PersistentLevel.VehicleExampleMap'
[2019.02.28-07.14.00:996][203]LogPlayLevel: PlayLevel: No blueprints needed recompiling
[2019.02.28-07.14.00:997][203]PIE: New page: PIE session: VehicleExampleMap (Feb 27, 2019, 9:14:00 PM)
[2019.02.28-07.14.00:997][203]LogPlayLevel: Creating play world package: /Game/VehicleCPP/Maps/UEDPIE_0_VehicleExampleMap
[2019.02.28-07.14.01:016][203]LogPlayLevel: PIE: StaticDuplicateObject took: (0.019251s)
[2019.02.28-07.14.01:017][203]LogAIModule: Creating AISystem for world VehicleExampleMap
[2019.02.28-07.14.01:017][203]LogPlayLevel: PIE: World Init took: (0.000949s)
[2019.02.28-07.14.01:017][203]LogPlayLevel: PIE: Created PIE world by copying editor world from /Game/VehicleCPP/Maps/VehicleExampleMap.VehicleExampleMap to /Game/VehicleCPP/Maps/UEDPIE_0_VehicleExampleMap.VehicleExampleMap (0.020408s)
[2019.02.28-07.14.01:105][203]LogInit: XAudio2 using 'Speakers (Realtek(R) Audio)' : 2 channels at 48 kHz using 32 bits per sample (channel mask 0x3)
[2019.02.28-07.14.01:138][203]LogInit: FAudioDevice initialized.
[2019.02.28-07.14.01:172][203]LogLoad: Game class is 'MyVehicleMovementGameMode_C'
[2019.02.28-07.14.01:176][203]LogWorld: Bringing World /Game/VehicleCPP/Maps/UEDPIE_0_VehicleExampleMap.VehicleExampleMap up for play (max tick rate 0) at 2019.02.28-02.14.01
[2019.02.28-07.14.01:176][203]LogGameState: Error: Mixing AGameState with AGameModeBase is not compatible. Change AGameModeBase subclass (MyVehicleMovementGameMode_C) to derive from AGameMode, or make both derive from Base
[2019.02.28-07.14.01:176][203]LogWorld: Bringing up level for play took: 0.002391
[2019.02.28-07.14.01:188][203]PIE: Play in editor start time for /Game/VehicleCPP/Maps/UEDPIE_0_VehicleExampleMap 0.74
[2019.02.28-07.14.01:189][203]LogBlueprintUserMessages: Late PlayInEditor Detection: Level '/Game/VehicleCPP/Maps/VehicleExampleMap.VehicleExampleMap:PersistentLevel' has LevelScriptBlueprint '/Game/VehicleCPP/Maps/VehicleExampleMap.VehicleExampleMap:PersistentLevel.VehicleExampleMap' with GeneratedClass '/Game/VehicleCPP/Maps/VehicleExampleMap.VehicleExampleMap_C' with ClassGeneratedBy '/Game/VehicleCPP/Maps/VehicleExampleMap.VehicleExampleMap:PersistentLevel.VehicleExampleMap'
[2019.02.28-07.14.09:201][203]LogWindows: Error: === Critical error: ===
[2019.02.28-07.14.09:201][203]LogWindows: Error: 
[2019.02.28-07.14.09:201][203]LogWindows: Error: Fatal error!
[2019.02.28-07.14.09:201][203]LogWindows: Error: 
[2019.02.28-07.14.09:201][203]LogWindows: Error: Unhandled Exception: EXCEPTION_ACCESS_VIOLATION reading address 0x00000048
[2019.02.28-07.14.09:201][203]LogWindows: Error: 
[2019.02.28-07.14.09:201][203]LogWindows: Error: [Callstack] 0x00007ffc014c68a0 UE4Editor-VehicleMovement.dll!UCarStat::GetHandleFactor() [d:\github\math-assignment_1\math_assignment_1\game260development\resources\vehiclemovement\source\vehiclemovement\carstat.cpp:26]
[2019.02.28-07.14.09:201][203]LogWindows: Error: [Callstack] 0x00007ffc014c55cd UE4Editor-VehicleMovement.dll!AAVehiclePawn::MoveY() [d:\github\math-assignment_1\math_assignment_1\game260development\resources\vehiclemovement\source\vehiclemovement\avehiclepawn.cpp:211]
[2019.02.28-07.14.09:201][203]LogWindows: Error: [Callstack] 0x00007ffc13544377 UE4Editor-Engine.dll!UnknownFunction []
[2019.02.28-07.14.09:201][203]LogWindows: Error: [Callstack] 0x00007ffc1301017c UE4Editor-Engine.dll!UnknownFunction []
[2019.02.28-07.14.09:201][203]LogWindows: Error: [Callstack] 0x00007ffc13024608 UE4Editor-Engine.dll!UnknownFunction []
[2019.02.28-07.14.09:201][203]LogWindows: Error: [Callstack] 0x00007ffc1300dbcb UE4Editor-Engine.dll!UnknownFunction []
[2019.02.28-07.14.09:201][203]LogWindows: Error: [Callstack] 0x00007ffc130234c3 UE4Editor-Engine.dll!UnknownFunction []
[2019.02.28-07.14.09:201][203]LogWindows: Error: [Callstack] 0x00007ffc12245630 UE4Editor-Engine.dll!UnknownFunction []
[2019.02.28-07.14.09:201][203]LogWindows: Error: [Callstack] 0x00007ffc134416bd UE4Editor-Engine.dll!UnknownFunction []
[2019.02.28-07.14.09:201][203]LogWindows: Error: [Callstack] 0x00007ffc1ffc1f92 UE4Editor-Core.dll!UnknownFunction []
[2019.02.28-07.14.09:201][203]LogWindows: Error: [Callstack] 0x00007ffc1ffc2456 UE4Editor-Core.dll!UnknownFunction []
[2019.02.28-07.14.09:201][203]LogWindows: Error: [Callstack] 0x00007ffc1ffd6d25 UE4Editor-Core.dll!UnknownFunction []
[2019.02.28-07.14.09:201][203]LogWindows: Error: [Callstack] 0x00007ffc13495b04 UE4Editor-Engine.dll!UnknownFunction []
[2019.02.28-07.14.09:201][203]LogWindows: Error: [Callstack] 0x00007ffc134a4d92 UE4Editor-Engine.dll!UnknownFunction []
[2019.02.28-07.14.09:201][203]LogWindows: Error: [Callstack] 0x00007ffc12ba87e4 UE4Editor-Engine.dll!UnknownFunction []
[2019.02.28-07.14.09:201][203]LogWindows: Error: [Callstack] 0x00007ffc12bb4003 UE4Editor-Engine.dll!UnknownFunction []
[2019.02.28-07.14.09:201][203]LogWindows: Error: [Callstack] 0x00007ffc10d87335 UE4Editor-UnrealEd.dll!UnknownFunction []
[2019.02.28-07.14.09:201][203]LogWindows: Error: [Callstack] 0x00007ffc1167f666 UE4Editor-UnrealEd.dll!UnknownFunction []
[2019.02.28-07.14.09:201][203]LogWindows: Error: [Callstack] 0x00007ff6431f5cbd UE4Editor.exe!UnknownFunction []
[2019.02.28-07.14.09:201][203]LogWindows: Error: [Callstack] 0x00007ff643205b3c UE4Editor.exe!UnknownFunction []
[2019.02.28-07.14.09:201][203]LogWindows: Error: [Callstack] 0x00007ff643205bba UE4Editor.exe!UnknownFunction []
[2019.02.28-07.14.09:201][203]LogWindows: Error: [Callstack] 0x00007ff643213dac UE4Editor.exe!UnknownFunction []
[2019.02.28-07.14.09:201][203]LogWindows: Error: [Callstack] 0x00007ff643215aaa UE4Editor.exe!UnknownFunction []
[2019.02.28-07.14.09:201][203]LogWindows: Error: [Callstack] 0x00007ffc9e4781f4 KERNEL32.DLL!UnknownFunction []
[2019.02.28-07.14.09:201][203]LogWindows: Error: [Callstack] 0x00007ffc9ff9a251 ntdll.dll!UnknownFunction []
[2019.02.28-07.14.09:201][203]LogWindows: Error: 
[2019.02.28-07.14.09:213][203]LogExit: Executing StaticShutdownAfterError
[2019.02.28-07.14.09:218][203]LogWindows: FPlatformMisc::RequestExit(1)
[2019.02.28-07.14.09:261][203]Log file closed, 02/28/19 02:14:09
