Log file open, 02/28/19 11:34:20
LogWindows: Failed to load 'aqProf.dll' (GetLastError=126)
LogWindows: File 'aqProf.dll' does not exist
LogWindows: Failed to load 'VSPerf140.dll' (GetLastError=126)
LogWindows: File 'VSPerf140.dll' does not exist
LogWindows: Failed to load 'VtuneApi.dll' (GetLastError=126)
LogWindows: File 'VtuneApi.dll' does not exist
LogWindows: Failed to load 'VtuneApi32e.dll' (GetLastError=126)
LogWindows: File 'VtuneApi32e.dll' does not exist
LogInit: Display: Running engine for game: VehicleMovement
LogPlatformFile: Not using cached read wrapper
LogTaskGraph: Started task graph with 5 named threads and 23 total threads with 3 sets of task threads.
LogStats: Stats thread started at 1.123470
LogD3D11RHI: Loaded GFSDK_Aftermath_Lib.x64.dll
LogICUInternationalization: Display: ICU TimeZone Detection - Raw Offset: -5:00, Platform Override: ''
LogPluginManager: Mounting plugin Paper2D
LogPluginManager: Mounting plugin AISupport
LogPluginManager: Mounting plugin LightPropagationVolume
LogPluginManager: Mounting plugin CLionSourceCodeAccess
LogPluginManager: Mounting plugin CodeLiteSourceCodeAccess
LogPluginManager: Mounting plugin GitSourceControl
LogPluginManager: Mounting plugin KDevelopSourceCodeAccess
LogPluginManager: Mounting plugin NullSourceCodeAccess
LogPluginManager: Mounting plugin PerforceSourceControl
LogPluginManager: Mounting plugin SubversionSourceControl
LogPluginManager: Mounting plugin UObjectPlugin
LogPluginManager: Mounting plugin VisualStudioCodeSourceCodeAccess
LogPluginManager: Mounting plugin VisualStudioSourceCodeAccess
LogPluginManager: Mounting plugin XCodeSourceCodeAccess
LogPluginManager: Mounting plugin AssetManagerEditor
LogPluginManager: Mounting plugin CryptoKeys
LogPluginManager: Mounting plugin DataValidation
LogPluginManager: Mounting plugin FacialAnimation
LogPluginManager: Mounting plugin GameplayTagsEditor
LogPluginManager: Mounting plugin MacGraphicsSwitching
LogPluginManager: Mounting plugin MeshEditor
LogPluginManager: Mounting plugin MobileLauncherProfileWizard
LogPluginManager: Mounting plugin PluginBrowser
LogPluginManager: Mounting plugin SpeedTreeImporter
LogPluginManager: Mounting plugin DatasmithContent
LogPluginManager: Mounting plugin AlembicImporter
LogPluginManager: Mounting plugin AppleImageUtils
LogPluginManager: Mounting plugin AppleVision
LogPluginManager: Mounting plugin BackChannel
LogPluginManager: Mounting plugin CharacterAI
LogPluginManager: Mounting plugin GeometryCache
LogPluginManager: Mounting plugin HTML5Networking
LogPluginManager: Mounting plugin ProxyLODPlugin
LogPluginManager: Mounting plugin RawInput
LogPluginManager: Mounting plugin MagicLeap
LogPluginManager: Mounting plugin MagicLeapEmulator
LogPluginManager: Mounting plugin MagicLeapMedia
LogPluginManager: Mounting plugin AndroidMedia
LogPluginManager: Mounting plugin AvfMedia
LogPluginManager: Mounting plugin ImgMedia
LogPluginManager: Mounting plugin LinearTimecode
LogPluginManager: Mounting plugin MediaCompositing
LogPluginManager: Mounting plugin MediaPlayerEditor
LogPluginManager: Mounting plugin WmfMedia
LogPluginManager: Mounting plugin TcpMessaging
LogPluginManager: Mounting plugin UdpMessaging
LogPluginManager: Mounting plugin ActorSequence
LogPluginManager: Mounting plugin LevelSequenceEditor
LogPluginManager: Mounting plugin MatineeToLevelSequence
LogPluginManager: Mounting plugin NetcodeUnitTest
LogPluginManager: Mounting plugin NUTUnrealEngine4
LogPluginManager: Mounting plugin OnlineSubsystemGooglePlay
LogPluginManager: Mounting plugin OnlineSubsystemIOS
LogPluginManager: Mounting plugin OnlineSubsystem
LogPluginManager: Mounting plugin OnlineSubsystemNull
LogPluginManager: Mounting plugin OnlineSubsystemUtils
LogPluginManager: Mounting plugin LauncherChunkInstaller
LogPluginManager: Mounting plugin AndroidDeviceProfileSelector
LogPluginManager: Mounting plugin AndroidMoviePlayer
LogPluginManager: Mounting plugin AndroidPermission
LogPluginManager: Mounting plugin AppleMoviePlayer
LogPluginManager: Mounting plugin ArchVisCharacter
LogPluginManager: Mounting plugin AudioCapture
LogPluginManager: Mounting plugin CableComponent
LogPluginManager: Mounting plugin CustomMeshComponent
LogPluginManager: Mounting plugin EditableMesh
LogPluginManager: Mounting plugin ExampleDeviceProfileSelector
LogPluginManager: Mounting plugin GoogleCloudMessaging
LogPluginManager: Mounting plugin ImmediatePhysics
LogPluginManager: Mounting plugin IOSDeviceProfileSelector
LogPluginManager: Mounting plugin LinuxDeviceProfileSelector
LogPluginManager: Mounting plugin LocationServicesBPLibrary
LogPluginManager: Mounting plugin MobilePatchingUtils
LogPluginManager: Mounting plugin OculusVR
LogPluginManager: Plugin shader directory ../../../Engine/Plugins/Runtime/Oculus/OculusVR/Shaders found
LogPluginManager: Mapping shader source directory ../../../Engine/Plugins/Runtime/Oculus/OculusVR/Shaders to virtual directory /Plugin/OculusVR
LogPluginManager: Mounting plugin PhysXVehicles
LogPluginManager: Mounting plugin ProceduralMeshComponent
LogPluginManager: Mounting plugin RuntimePhysXCooking
LogPluginManager: Mounting plugin SteamVR
LogPluginManager: Mounting plugin WindowsMoviePlayer
LogStreaming: Display: Took  0.328s to configure plugins.
LogInit: Using libcurl 7.55.1-DEV
LogInit:  - built for x86_64-pc-win32
LogInit:  - supports SSL with OpenSSL/1.0.2h
LogInit:  - supports HTTP deflate (compression) using libz 1.2.8
LogInit:  - other features:
LogInit:      CURL_VERSION_SSL
LogInit:      CURL_VERSION_LIBZ
LogInit:      CURL_VERSION_IPV6
LogInit:      CURL_VERSION_ASYNCHDNS
LogInit:      CURL_VERSION_LARGEFILE
LogInit:      CURL_VERSION_IDN
LogInit:  CurlRequestOptions (configurable via config and command line):
LogInit:  - bVerifyPeer = false  - Libcurl will NOT verify peer certificate
LogInit:  - bUseHttpProxy = false  - Libcurl will NOT use HTTP proxy
LogInit:  - bDontReuseConnections = false  - Libcurl will reuse connections
LogInit:  - CertBundlePath = nullptr  - Libcurl will use whatever was configured at build time.
LogInit:  - MaxHostConnections = 16  - Libcurl will limit the number of connections to a host
LogInit:  - LocalHostAddr = Default
LogInit:  - BufferSize = 65536
LogInit: WinSock: version 1.1 (2.2), MaxSocks=32767, MaxUdp=65467
LogInit: Build: ++UE4+Release-4.20-CL-4369336
LogInit: Engine Version: 4.20.3-4369336+++UE4+Release-4.20
LogInit: Compatible Engine Version: 4.20.0-4212847+++UE4+Release-4.20
LogInit: Net CL: 4212847
LogInit: OS: Windows 10 (), CPU: Intel(R) Core(TM) i7-7700HQ CPU @ 2.80GHz, GPU: NVIDIA GeForce GTX 1060
LogInit: Compiled (64-bit): Sep 17 2018 12:26:19
LogInit: Compiled with Visual C++: 19.13.26129.00
LogInit: Build Configuration: Development
LogInit: Branch Name: ++UE4+Release-4.20
LogInit: Command Line:  -skipcompile
LogInit: Base Directory: C:/Program Files/Epic Games/UE_4.20/Engine/Binaries/Win64/
LogInit: Installed Engine Build: 1
LogDevObjectVersion: Number of dev versions registered: 20
LogDevObjectVersion:   Dev-Blueprints (B0D832E4-1F89-4F0D-ACCF-7EB736FD4AA2): 10
LogDevObjectVersion:   Dev-Build (E1C64328-A22C-4D53-A36C-8E866417BD8C): 0
LogDevObjectVersion:   Dev-Core (375EC13C-06E4-48FB-B500-84F0262A717E): 2
LogDevObjectVersion:   Dev-Editor (E4B068ED-F494-42E9-A231-DA0B2E46BB41): 24
LogDevObjectVersion:   Dev-Framework (CFFC743F-43B0-4480-9391-14DF171D2073): 34
LogDevObjectVersion:   Dev-Mobile (B02B49B5-BB20-44E9-A304-32B752E40360): 2
LogDevObjectVersion:   Dev-Networking (A4E4105C-59A1-49B5-A7C5-40C4547EDFEE): 0
LogDevObjectVersion:   Dev-Online (39C831C9-5AE6-47DC-9A44-9C173E1C8E7C): 0
LogDevObjectVersion:   Dev-Physics (78F01B33-EBEA-4F98-B9B4-84EACCB95AA2): 0
LogDevObjectVersion:   Dev-Platform (6631380F-2D4D-43E0-8009-CF276956A95A): 0
LogDevObjectVersion:   Dev-Rendering (12F88B9F-8875-4AFC-A67C-D90C383ABD29): 26
LogDevObjectVersion:   Dev-Sequencer (7B5AE74C-D270-4C10-A958-57980B212A5A): 9
LogDevObjectVersion:   Dev-VR (D7296918-1DD6-4BDD-9DE2-64A83CC13884): 2
LogDevObjectVersion:   Dev-LoadTimes (C2A15278-BFE7-4AFE-6C17-90FF531DF755): 1
LogDevObjectVersion:   Private-Geometry (6EACA3D4-40EC-4CC1-B786-8BED09428FC5): 3
LogDevObjectVersion:   Dev-AnimPhys (29E575DD-E0A3-4627-9D10-D276232CDCEA): 17
LogDevObjectVersion:   Dev-ReflectionCapture (6B266CEC-1EC7-4B8F-A30B-E4D90942FC07): 1
LogDevObjectVersion:   Dev-Automation (0DF73D61-A23F-47EA-B727-89E90C41499A): 1
LogDevObjectVersion:   FortniteMain (601D1886-AC64-4F84-AA16-D3DE0DEAC7D6): 12
LogDevObjectVersion:   Dev-Enterprise (9DFFBCD6-494F-0158-E221-12823C92A888): 1
LogStreaming: Display: Took  0.004s to delete old logs.
LogInit: Presizing for max 8388607 objects, including 0 objects not considered by GC, pre-allocating 0 bytes for permanent pool.
LogInit: Object subsystem initialized
[2019.02.28-16.34.21:506][  0]LogInit: Selected Device Profile: [Windows]
[2019.02.28-16.34.21:507][  0]LogInit: Applying CVar settings loaded from the selected device profile: [Windows]
[2019.02.28-16.34.21:533][  0]LogHAL: Display: Platform has ~ 8 GB [8540868608 / 8589934592 / 8], which maps to Default [LargestMinGB=32, LargerMinGB=12, DefaultMinGB=8, SmallerMinGB=6, SmallestMinGB=0)
[2019.02.28-16.34.21:534][  0]LogInit: Setting Device Profile CVar: [[r.Vulkan.UseRealUBs:1]]
[2019.02.28-16.34.21:535][  0]LogInit: Going up to parent DeviceProfile []
[2019.02.28-16.34.21:539][  0]LogInit: Computer: DESKTOP-0RT9JLV
[2019.02.28-16.34.21:539][  0]LogInit: User: sufus
[2019.02.28-16.34.21:539][  0]LogInit: CPU Page size=4096, Cores=4
[2019.02.28-16.34.21:539][  0]LogInit: High frequency timer resolution =10.000000 MHz
[2019.02.28-16.34.21:539][  0]LogMemory: Memory total: Physical=8.0GB (8GB approx)
[2019.02.28-16.34.21:539][  0]LogMemory: Platform Memory Stats for Windows
[2019.02.28-16.34.21:539][  0]LogMemory: Process Physical Memory: 101.91 MB used, 101.91 MB peak
[2019.02.28-16.34.21:539][  0]LogMemory: Process Virtual Memory: 89.25 MB used, 89.25 MB peak
[2019.02.28-16.34.21:539][  0]LogMemory: Physical Memory: 7165.16 MB used,  980.05 MB free, 8145.21 MB total
[2019.02.28-16.34.21:539][  0]LogMemory: Virtual Memory: 4641.06 MB used,  980.05 MB free, 134217728.00 MB total
[2019.02.28-16.34.22:078][  0]LogInit: Using OS detected language (en-US).
[2019.02.28-16.34.22:078][  0]LogInit: Using OS detected locale (en-CA).
[2019.02.28-16.34.22:082][  0]LogTextLocalizationManager: No specific localization for 'en-US' exists, so the 'en' localization will be used.
[2019.02.28-16.34.22:652][  0]LogStreaming: Display: Took  0.574s to InitEngineTextLocalization.
[2019.02.28-16.34.22:653][  0]LogInit: Setting process to per monitor DPI aware
[2019.02.28-16.34.22:861][  0]LogSlate: New Slate User Created.  User Index 0, Is Virtual User: 0
[2019.02.28-16.34.22:861][  0]LogSlate: Slate User Registered.  User Index 0, Is Virtual User: 0
[2019.02.28-16.34.25:711][  0]LogHMD: Failed to initialize OpenVR with code 110
[2019.02.28-16.34.25:712][  0]LogD3D11RHI: D3D11 adapters:
[2019.02.28-16.34.26:603][  0]LogD3D11RHI:    0. 'NVIDIA GeForce GTX 1060' (Feature Level 11_0)
[2019.02.28-16.34.26:604][  0]LogD3D11RHI:       6100/0/4072 MB DedicatedVideo/DedicatedSystem/SharedSystem, Outputs:1, VendorId:0x10de
[2019.02.28-16.34.26:616][  0]LogD3D11RHI:    1. 'Microsoft Basic Render Driver' (Feature Level 11_0)
[2019.02.28-16.34.26:616][  0]LogD3D11RHI:       0/0/4072 MB DedicatedVideo/DedicatedSystem/SharedSystem, Outputs:0, VendorId:0x1414
[2019.02.28-16.34.26:616][  0]LogD3D11RHI: Chosen D3D11 Adapter: 0
[2019.02.28-16.34.26:628][  0]LogD3D11RHI: Creating new Direct3DDevice
[2019.02.28-16.34.26:628][  0]LogD3D11RHI:     GPU DeviceId: 0x1c20 (for the marketing name, search the web for "GPU Device Id")
[2019.02.28-16.34.26:629][  0]LogWindows: EnumDisplayDevices:
[2019.02.28-16.34.26:630][  0]LogWindows:    0. 'NVIDIA GeForce GTX 1060' (P:1 D:1)
[2019.02.28-16.34.26:631][  0]LogWindows:    1. 'NVIDIA GeForce GTX 1060' (P:0 D:0)
[2019.02.28-16.34.26:632][  0]LogWindows:    2. 'NVIDIA GeForce GTX 1060' (P:0 D:0)
[2019.02.28-16.34.26:633][  0]LogWindows:    3. 'NVIDIA GeForce GTX 1060' (P:0 D:0)
[2019.02.28-16.34.26:633][  0]LogWindows: DebugString: FoundDriverCount:4 
[2019.02.28-16.34.26:633][  0]LogD3D11RHI:     Adapter Name: NVIDIA GeForce GTX 1060
[2019.02.28-16.34.26:634][  0]LogD3D11RHI:   Driver Version: 376.06 (internal:21.21.13.7606, unified:376.06)
[2019.02.28-16.34.26:634][  0]LogD3D11RHI:      Driver Date: 11-23-2016
[2019.02.28-16.34.26:634][  0]LogRHI: Texture pool is 4270 MB (70% of 6100 MB)
[2019.02.28-16.34.27:485][  0]LogD3D11RHI: Async texture creation enabled
[2019.02.28-16.34.27:641][  0]LogD3D11RHI: GPU Timing Frequency: 1000.000000 (Debug: 2 1)
[2019.02.28-16.34.27:696][  0]LogShaderCompilers: Guid format shader working directory is -55 characters bigger than the processId version (D:/Humber/Semester 4/Game 260_Game Production/RacingGame/Game260Development/Resources/VehicleMovement/Intermediate/Shaders/WorkingDirectory/4840/).
[2019.02.28-16.34.27:697][  0]LogShaderCompilers: Cleaned the shader compiler working directory 'C:/Users/sufus/AppData/Local/Temp/UnrealShaderWorkingDir/084B75524B39955C7352ECADBA265CDB/'.
[2019.02.28-16.34.28:370][  0]LogTemp: Display: Loaded TP AllDesktopTargetPlatform
[2019.02.28-16.34.28:392][  0]LogTemp: Display: Loaded TP MacClientTargetPlatform
[2019.02.28-16.34.28:423][  0]LogTemp: Display: Loaded TP MacNoEditorTargetPlatform
[2019.02.28-16.34.28:447][  0]LogTemp: Display: Loaded TP MacServerTargetPlatform
[2019.02.28-16.34.28:476][  0]LogTemp: Display: Loaded TP MacTargetPlatform
[2019.02.28-16.34.28:500][  0]LogTemp: Display: Loaded TP WindowsClientTargetPlatform
[2019.02.28-16.34.28:524][  0]LogTemp: Display: Loaded TP WindowsNoEditorTargetPlatform
[2019.02.28-16.34.28:549][  0]LogTemp: Display: Loaded TP WindowsServerTargetPlatform
[2019.02.28-16.34.28:565][  0]LogTemp: Display: Loaded TP WindowsTargetPlatform
[2019.02.28-16.34.28:699][  0]LogTemp: Display: Loaded TP AndroidTargetPlatform
[2019.02.28-16.34.28:699][  0]LogTemp: Display: Loaded TP AndroidTargetPlatform
[2019.02.28-16.34.28:699][  0]LogTemp: Display: Loaded TP AndroidTargetPlatform
[2019.02.28-16.34.28:699][  0]LogTemp: Display: Loaded TP AndroidTargetPlatform
[2019.02.28-16.34.28:699][  0]LogTemp: Display: Loaded TP AndroidTargetPlatform
[2019.02.28-16.34.28:699][  0]LogTemp: Display: Loaded TP AndroidTargetPlatform
[2019.02.28-16.34.28:699][  0]LogTemp: Display: Loaded TP AndroidTargetPlatform
[2019.02.28-16.34.28:699][  0]LogTemp: Display: Loaded TP AndroidTargetPlatform
[2019.02.28-16.34.28:699][  0]LogTemp: Display: Loaded TP AndroidTargetPlatform
[2019.02.28-16.34.28:699][  0]LogTemp: Display: Loaded TP AndroidTargetPlatform
[2019.02.28-16.34.28:699][  0]LogTemp: Display: Loaded TP AndroidTargetPlatform
[2019.02.28-16.34.28:699][  0]LogTemp: Display: Loaded TP AndroidTargetPlatform
[2019.02.28-16.34.28:699][  0]LogTemp: Display: Loaded TP AndroidTargetPlatform
[2019.02.28-16.34.28:700][  0]LogTemp: Display: Loaded TP AndroidTargetPlatform
[2019.02.28-16.34.28:700][  0]LogTemp: Display: Loaded TP AndroidTargetPlatform
[2019.02.28-16.34.28:700][  0]LogTemp: Display: Loaded TP AndroidTargetPlatform
[2019.02.28-16.34.28:700][  0]LogTemp: Display: Loaded TP AndroidTargetPlatform
[2019.02.28-16.34.28:700][  0]LogTemp: Display: Loaded TP AndroidTargetPlatform
[2019.02.28-16.34.28:710][  0]LogTemp: Display: Loaded TP HTML5TargetPlatform
[2019.02.28-16.34.28:825][  0]LogTemp: Display: Loaded TP IOSTargetPlatform
[2019.02.28-16.34.28:825][  0]LogTemp: Display: Loaded TP IOSTargetPlatform
[2019.02.28-16.34.28:864][  0]LogTemp: Display: Loaded TP TVOSTargetPlatform
[2019.02.28-16.34.28:865][  0]LogTemp: Display: Loaded TP TVOSTargetPlatform
[2019.02.28-16.34.28:895][  0]LogTemp: Display: Loaded TP LinuxClientTargetPlatform
[2019.02.28-16.34.28:916][  0]LogTemp: Display: Loaded TP LinuxNoEditorTargetPlatform
[2019.02.28-16.34.28:939][  0]LogTemp: Display: Loaded TP LinuxServerTargetPlatform
[2019.02.28-16.34.28:973][  0]LogTemp: Display: Loaded TP LinuxTargetPlatform
[2019.02.28-16.34.29:007][  0]LogTemp: Display: Loaded TP LuminTargetPlatform
[2019.02.28-16.34.29:008][  0]LogTargetPlatformManager: Display: Building Assets For Windows
[2019.02.28-16.34.29:391][  0]LogXGEController: Cleaning working directory: C:/Users/sufus/AppData/Local/Temp/UnrealXGEWorkingDir/
[2019.02.28-16.34.29:392][  0]LogXGEController: Cannot use XGE Controller as Incredibuild is not installed on this machine.
[2019.02.28-16.34.29:392][  0]LogShaderCompilers: Cannot use XGE Shader Compiler as Incredibuild is not installed on this machine.
[2019.02.28-16.34.29:392][  0]LogShaderCompilers: Display: Using Local Shader Compiler.
[2019.02.28-16.34.31:963][  0]LogDerivedDataCache: Display: Max Cache Size: 512 MB
[2019.02.28-16.34.32:284][  0]LogDerivedDataCache: Loaded boot cache 0.32s 73MB C:/Users/sufus/AppData/Local/UnrealEngine/4.20/DerivedDataCache/Boot.ddc.
[2019.02.28-16.34.32:284][  0]LogDerivedDataCache: Display: Loaded Boot cache: C:/Users/sufus/AppData/Local/UnrealEngine/4.20/DerivedDataCache/Boot.ddc
[2019.02.28-16.34.32:285][  0]LogDerivedDataCache: FDerivedDataBackendGraph:  Pak pak cache file D:/Humber/Semester 4/Game 260_Game Production/RacingGame/Game260Development/Resources/VehicleMovement/DerivedDataCache/DDC.ddp not found, will not use a pak cache.
[2019.02.28-16.34.32:285][  0]LogDerivedDataCache: Unable to find inner node Pak for hierarchical cache Hierarchy.
[2019.02.28-16.34.32:285][  0]LogDerivedDataCache: FDerivedDataBackendGraph:  CompressedPak pak cache file D:/Humber/Semester 4/Game 260_Game Production/RacingGame/Game260Development/Resources/VehicleMovement/DerivedDataCache/Compressed.ddp not found, will not use a pak cache.
[2019.02.28-16.34.32:285][  0]LogDerivedDataCache: Unable to find inner node CompressedPak for hierarchical cache Hierarchy.
[2019.02.28-16.34.32:308][  0]LogDerivedDataCache: Display: Pak cache opened for reading ../../../Engine/DerivedDataCache/Compressed.ddp.
[2019.02.28-16.34.32:323][  0]LogDerivedDataCache: Using Local data cache path C:/Users/sufus/AppData/Local/UnrealEngine/Common/DerivedDataCache: Writable
[2019.02.28-16.34.32:323][  0]LogDerivedDataCache: Shared data cache path not found in *engine.ini, will not use an Shared cache.
[2019.02.28-16.34.32:323][  0]LogDerivedDataCache: Unable to find inner node Shared for hierarchical cache Hierarchy.
[2019.02.28-16.34.32:350][  0]LogMaterial: Verifying Global Shaders for PCD3D_SM5
[2019.02.28-16.34.32:358][  0]LogSlate: Using FreeType 2.6.0
[2019.02.28-16.34.32:376][  0]LogSlate: SlateFontServices - WITH_FREETYPE: 1, WITH_HARFBUZZ: 1
[2019.02.28-16.34.32:740][  0]LogAssetRegistry: FAssetRegistry took 0.0351 seconds to start up
[2019.02.28-16.34.33:354][  0]LogInit: Selected Device Profile: [Windows]
[2019.02.28-16.34.33:817][  0]LogSimplygon: Simplygon DLL not present - disabling.
[2019.02.28-16.34.33:863][  0]LogMeshReduction: Using SimplygonSwarm for distributed automatic mesh merging
[2019.02.28-16.34.33:864][  0]LogMeshReduction: Using ProxyLODMeshReduction for automatic mesh merging
[2019.02.28-16.34.33:865][  0]LogMeshReduction: Using QuadricMeshReduction for automatic static mesh reduction
[2019.02.28-16.34.33:865][  0]LogMeshReduction: No automatic skeletal mesh reduction module available
[2019.02.28-16.34.33:933][  0]LogNetVersion: VehicleMovement 1.0.0, NetCL: 4212847, EngineNetVer: 5, GameNetVer: 0 (Checksum: 2966596176)
[2019.02.28-16.34.35:650][  0]LogPackageLocalizationCache: Processed 11 localized package path(s) for 2 prioritized culture(s) in 0.217189 seconds
[2019.02.28-16.34.35:659][  0]LogUObjectArray: 38425 objects as part of root set at end of initial load.
[2019.02.28-16.34.35:659][  0]LogUObjectAllocator: 6690864 out of 0 bytes used by permanent object pool.
[2019.02.28-16.34.35:659][  0]LogUObjectArray: CloseDisregardForGC: 0/0 objects in disregard for GC pool
[2019.02.28-16.34.40:825][  0]LogTcpMessaging: Initializing TcpMessaging bridge
[2019.02.28-16.34.40:852][  0]LogUdpMessaging: Initializing bridge on interface 0.0.0.0:0 to multicast group 230.0.0.1:6666.
[2019.02.28-16.34.41:799][  0]SourceControl: Source control is disabled
[2019.02.28-16.34.41:799][  0]SourceControl: Source control is disabled
[2019.02.28-16.34.41:814][  0]SourceControl: Source control is disabled
[2019.02.28-16.34.41:825][  0]SourceControl: Source control is disabled
[2019.02.28-16.34.42:496][  0]LogAndroidPermission: UAndroidPermissionCallbackProxy::GetInstance
[2019.02.28-16.34.42:719][  0]LogOcInput: OculusInput pre-init called
[2019.02.28-16.34.42:924][  0]LogEngine: Initializing Engine...
[2019.02.28-16.34.42:930][  0]LogHMD: Failed to initialize OpenVR with code 110
[2019.02.28-16.34.42:935][  0]LogStats: UGameplayTagsManager::ConstructGameplayTagTree: ImportINI prefixes -  0.001 s
[2019.02.28-16.34.42:936][  0]LogStats: UGameplayTagsManager::ConstructGameplayTagTree: Construct from data asset -  0.000 s
[2019.02.28-16.34.42:936][  0]LogStats: UGameplayTagsManager::ConstructGameplayTagTree: ImportINI -  0.000 s
[2019.02.28-16.34.42:937][  0]LogStats: UGameplayTagsManager::ConstructGameplayTagTree: GameplayTagTreeChangedEvent.Broadcast -  0.000 s
[2019.02.28-16.34.43:462][  0]LogInit: Initializing FReadOnlyCVARCache
[2019.02.28-16.34.43:537][  0]LogAIModule: Creating AISystem for world Untitled
[2019.02.28-16.34.43:585][  0]LogInit: XAudio2 using 'Speakers (Realtek High Definition Audio)' : 2 channels at 48 kHz using 32 bits per sample (channel mask 0x3)
[2019.02.28-16.34.43:763][  0]LogInit: FAudioDevice initialized.
[2019.02.28-16.34.43:764][  0]LogNetVersion: Set ProjectVersion to 1.0.0.0. Version Checksum will be recalculated on next use.
[2019.02.28-16.34.43:852][  0]LogDerivedDataCache: Saved boot cache 0.09s 73MB C:/Users/sufus/AppData/Local/UnrealEngine/4.20/DerivedDataCache/Boot.ddc.
[2019.02.28-16.34.43:868][  0]LogInit: Texture streaming: Enabled
[2019.02.28-16.34.43:931][  0]LogEngineSessionManager: EngineSessionManager initialized
[2019.02.28-16.34.43:961][  0]LogInit: Transaction tracking system initialized
[2019.02.28-16.34.44:080][  0]BlueprintLog: New page: Editor Load
[2019.02.28-16.34.44:494][  0]LocalizationService: Localization service is disabled
[2019.02.28-16.34.45:415][  0]LogCook: Display: Max memory allowance for cook 16384mb min free memory 0mb
[2019.02.28-16.34.45:415][  0]LogCook: Display: Mobile HDR setting 1
[2019.02.28-16.34.45:416][  0]LogGameplayTags: Display: UGameplayTagsManager::DoneAddingNativeTags. DelegateIsBound: 0
[2019.02.28-16.34.45:417][  0]LogStats: UGameplayTagsManager::ConstructGameplayTagTree: ImportINI prefixes -  0.000 s
[2019.02.28-16.34.45:417][  0]LogStats: UGameplayTagsManager::ConstructGameplayTagTree: Construct from data asset -  0.000 s
[2019.02.28-16.34.45:417][  0]LogStats: UGameplayTagsManager::ConstructGameplayTagTree: ImportINI -  0.000 s
[2019.02.28-16.34.45:418][  0]LogStats: UGameplayTagsManager::ConstructGameplayTagTree: GameplayTagTreeChangedEvent.Broadcast -  0.000 s
[2019.02.28-16.34.46:050][  0]LogFileCache: Scanning file cache for directory 'D:/Humber/Semester 4/Game 260_Game Production/RacingGame/Game260Development/Resources/VehicleMovement/Content/' took 0.02s
[2019.02.28-16.34.46:050][  0]SourceControl: Source control is disabled
[2019.02.28-16.34.46:106][  0]LightingResults: New page: Lighting Build
[2019.02.28-16.34.46:121][  0]MapCheck: New page: Map Check
[2019.02.28-16.34.46:122][  0]LightingResults: New page: Lighting Build
[2019.02.28-16.34.46:831][  0]LogAIModule: Creating AISystem for world VehicleExampleMap
[2019.02.28-16.34.46:881][  0]LogEditorServer: Finished looking for orphan Actors (0.000 secs)
[2019.02.28-16.34.46:911][  0]Cmd: MAP CHECKDEP NOCLEARLOG
[2019.02.28-16.34.47:035][  0]MapCheck: Map check complete: 0 Error(s), 0 Warning(s), took 123.918ms to complete.
[2019.02.28-16.34.47:035][  0]LogFileHelpers: Loading map 'VehicleExampleMap' took 0.984
[2019.02.28-16.34.47:234][  0]LogSlate: Updating window title bar state: overlay mode, drag disabled, window buttons hidden, title bar hidden
[2019.02.28-16.34.47:245][  0]LogSlate: Updating window title bar state: overlay mode, drag disabled, window buttons hidden, title bar hidden
[2019.02.28-16.34.47:253][  0]LogSlate: Updating window title bar state: overlay mode, drag disabled, window buttons hidden, title bar hidden
[2019.02.28-16.34.47:261][  0]LogSlate: Updating window title bar state: overlay mode, drag disabled, window buttons hidden, title bar hidden
[2019.02.28-16.34.47:289][  0]LogCollectionManager: Loaded 0 collections in 0.003724 seconds
[2019.02.28-16.34.47:371][  0]LogFileCache: Scanning file cache for directory 'D:/Humber/Semester 4/Game 260_Game Production/RacingGame/Game260Development/Resources/VehicleMovement/Saved/Collections/' took 0.02s
[2019.02.28-16.34.47:372][  0]LogFileCache: Scanning file cache for directory 'D:/Humber/Semester 4/Game 260_Game Production/RacingGame/Game260Development/Resources/VehicleMovement/Content/Developers/sufus/Collections/' took 0.01s
[2019.02.28-16.34.47:372][  0]LogFileCache: Scanning file cache for directory 'D:/Humber/Semester 4/Game 260_Game Production/RacingGame/Game260Development/Resources/VehicleMovement/Content/Collections/' took 0.01s
[2019.02.28-16.34.47:372][  0]LogCollectionManager: Rebuilt the GUID cache for 0 collections in 0.000001 seconds
[2019.02.28-16.34.47:394][  0]LogContentBrowser: Native class hierarchy populated in 0.0202 seconds. Added 2586 classes and 609 folders.
[2019.02.28-16.34.47:416][  0]LogContentBrowser: Native class hierarchy updated for 'WidgetCarousel' in 0.0011 seconds. Added 0 classes and 0 folders.
[2019.02.28-16.34.47:957][  0]LogContentBrowser: Native class hierarchy updated for 'AddContentDialog' in 0.0007 seconds. Added 0 classes and 0 folders.
[2019.02.28-16.34.47:986][  0]LogContentBrowser: Native class hierarchy updated for 'SceneOutliner' in 0.0011 seconds. Added 1 classes and 2 folders.
[2019.02.28-16.34.48:111][  0]LogSlate: Took 0.008592 seconds to synchronously load lazily loaded font '../../../Engine/Content/Slate/Fonts/Roboto-Regular.ttf' (155K)
[2019.02.28-16.34.48:127][  0]LogSlate: Took 0.007939 seconds to synchronously load lazily loaded font '../../../Engine/Content/Slate/Fonts/Roboto-Bold.ttf' (160K)
[2019.02.28-16.34.48:140][  0]LogSlate: Took 0.007650 seconds to synchronously load lazily loaded font '../../../Engine/Content/Editor/Slate/Fonts/FontAwesome.ttf' (139K)
[2019.02.28-16.34.48:150][  0]LogSlate: Took 0.008629 seconds to synchronously load lazily loaded font '../../../Engine/Content/Slate/Fonts/DroidSansMono.ttf' (77K)
[2019.02.28-16.34.48:323][  0]LogRenderer: Reallocating scene render targets to support 1284x412 Format 10 NumSamples 1 (Frame:1).
[2019.02.28-16.34.48:698][  0]LogContentBrowser: Native class hierarchy updated for 'HierarchicalLODOutliner' in 0.0010 seconds. Added 0 classes and 0 folders.
[2019.02.28-16.34.48:701][  0]LogLoad: (Engine Initialization) Total time: 34.99 seconds
[2019.02.28-16.34.48:701][  0]LogLoad: (Engine Initialization) Total Blueprint compile time: 0.00 seconds
[2019.02.28-16.34.48:731][  0]LogRawInputWindows: Warning: Found device 0 devices
[2019.02.28-16.34.48:732][  0]LogRawInputWindows: Warning: Found device 0 devices
[2019.02.28-16.34.48:733][  0]LogRawInputWindows: Warning: Device was registered succesfully but not connected (Usage:4 UsagePage:1)
[2019.02.28-16.34.48:733][  0]LogRawInputWindows: Warning: Found device 1 devices
[2019.02.28-16.34.48:733][  0]LogRawInputWindows: Warning: Device was registered succesfully but not connected (Usage:5 UsagePage:1)
[2019.02.28-16.34.48:785][  0]LogContentStreaming: Texture pool size now 1000 MB
[2019.02.28-16.34.48:969][  2]LogAssetRegistry: Asset discovery search completed in 16.2555 seconds
[2019.02.28-16.34.48:973][  2]LogCollectionManager: Rebuilt the object cache for 0 collections in 0.000001 seconds (found 0 objects)
[2019.02.28-16.34.48:973][  2]LogCollectionManager: Fixed up redirectors for 0 collections in 0.000441 seconds (updated 0 objects)
[2019.02.28-16.34.58:816][ 54]LogSlate: FSceneViewport::OnFocusLost() reason 0
[2019.02.28-16.34.58:884][ 62]LogTemp: Repeating last play command: Selected Viewport
[2019.02.28-16.34.58:915][ 62]LogBlueprintUserMessages: Early PlayInEditor Detection: Level '/Game/VehicleCPP/Maps/VehicleExampleMap.VehicleExampleMap:PersistentLevel' has LevelScriptBlueprint '/Game/VehicleCPP/Maps/VehicleExampleMap.VehicleExampleMap:PersistentLevel.VehicleExampleMap' with GeneratedClass '/Game/VehicleCPP/Maps/VehicleExampleMap.VehicleExampleMap_C' with ClassGeneratedBy '/Game/VehicleCPP/Maps/VehicleExampleMap.VehicleExampleMap:PersistentLevel.VehicleExampleMap'
[2019.02.28-16.34.58:918][ 62]LogPlayLevel: PlayLevel: No blueprints needed recompiling
[2019.02.28-16.34.59:064][ 62]PIE: New page: PIE session: VehicleExampleMap (Feb 28, 2019, 6:34:59 AM)
[2019.02.28-16.34.59:065][ 62]LogPlayLevel: Creating play world package: /Game/VehicleCPP/Maps/UEDPIE_0_VehicleExampleMap
[2019.02.28-16.34.59:162][ 62]LogPlayLevel: PIE: StaticDuplicateObject took: (0.096567s)
[2019.02.28-16.34.59:206][ 62]LogAIModule: Creating AISystem for world VehicleExampleMap
[2019.02.28-16.34.59:218][ 62]LogPlayLevel: PIE: World Init took: (0.054591s)
[2019.02.28-16.34.59:220][ 62]LogPlayLevel: PIE: Created PIE world by copying editor world from /Game/VehicleCPP/Maps/VehicleExampleMap.VehicleExampleMap to /Game/VehicleCPP/Maps/UEDPIE_0_VehicleExampleMap.VehicleExampleMap (0.154628s)
[2019.02.28-16.34.59:268][ 62]LogInit: XAudio2 using 'Speakers (Realtek High Definition Audio)' : 2 channels at 48 kHz using 32 bits per sample (channel mask 0x3)
[2019.02.28-16.34.59:319][ 62]LogInit: FAudioDevice initialized.
[2019.02.28-16.34.59:406][ 62]LogLoad: Game class is 'VehicleMovementGameMode'
[2019.02.28-16.34.59:424][ 62]LogWorld: Bringing World /Game/VehicleCPP/Maps/UEDPIE_0_VehicleExampleMap.VehicleExampleMap up for play (max tick rate 0) at 2019.02.28-11.34.59
[2019.02.28-16.34.59:429][ 62]LogWorld: Bringing up level for play took: 0.013488
[2019.02.28-16.34.59:536][ 62]LogContentBrowser: Native class hierarchy updated for 'MovieSceneCapture' in 0.0035 seconds. Added 10 classes and 0 folders.
[2019.02.28-16.34.59:543][ 62]PIE: Play in editor start time for /Game/VehicleCPP/Maps/UEDPIE_0_VehicleExampleMap 0.871
[2019.02.28-16.34.59:565][ 62]LogBlueprintUserMessages: Late PlayInEditor Detection: Level '/Game/VehicleCPP/Maps/VehicleExampleMap.VehicleExampleMap:PersistentLevel' has LevelScriptBlueprint '/Game/VehicleCPP/Maps/VehicleExampleMap.VehicleExampleMap:PersistentLevel.VehicleExampleMap' with GeneratedClass '/Game/VehicleCPP/Maps/VehicleExampleMap.VehicleExampleMap_C' with ClassGeneratedBy '/Game/VehicleCPP/Maps/VehicleExampleMap.VehicleExampleMap:PersistentLevel.VehicleExampleMap'
[2019.02.28-16.35.01:731][291]LogBlueprintUserMessages: Early EndPlayMap Detection: Level '/Game/VehicleCPP/Maps/VehicleExampleMap.VehicleExampleMap:PersistentLevel' has LevelScriptBlueprint '/Game/VehicleCPP/Maps/VehicleExampleMap.VehicleExampleMap:PersistentLevel.VehicleExampleMap' with GeneratedClass '/Game/VehicleCPP/Maps/VehicleExampleMap.VehicleExampleMap_C' with ClassGeneratedBy '/Game/VehicleCPP/Maps/VehicleExampleMap.VehicleExampleMap:PersistentLevel.VehicleExampleMap'
[2019.02.28-16.35.01:734][291]LogSlate: Updating window title bar state: overlay mode, drag disabled, window buttons hidden, title bar hidden
[2019.02.28-16.35.01:785][291]LogPlayLevel: Display: Shutting down PIE online subsystems
[2019.02.28-16.35.01:786][291]LogBlueprintUserMessages: Late EndPlayMap Detection: Level '/Game/VehicleCPP/Maps/VehicleExampleMap.VehicleExampleMap:PersistentLevel' has LevelScriptBlueprint '/Game/VehicleCPP/Maps/VehicleExampleMap.VehicleExampleMap:PersistentLevel.VehicleExampleMap' with GeneratedClass '/Game/VehicleCPP/Maps/VehicleExampleMap.VehicleExampleMap_C' with ClassGeneratedBy '/Game/VehicleCPP/Maps/VehicleExampleMap.VehicleExampleMap:PersistentLevel.VehicleExampleMap'
[2019.02.28-16.35.01:817][291]LogSlate: Updating window title bar state: overlay mode, drag disabled, window buttons hidden, title bar hidden
[2019.02.28-16.35.01:855][292]LogPlayLevel: Display: Destroying online subsystem :Context_1
[2019.02.28-16.35.03:109][433]LogSlate: FSceneViewport::OnFocusLost() reason 0
[2019.02.28-16.35.03:212][441]LogRenderer: Reallocating scene render targets to support 1284x416 Format 10 NumSamples 1 (Frame:1209).
[2019.02.28-16.35.03:266][442]LogRenderer: Reallocating scene render targets to support 1284x452 Format 10 NumSamples 1 (Frame:1211).
[2019.02.28-16.35.03:315][443]LogRenderer: Reallocating scene render targets to support 1284x580 Format 10 NumSamples 1 (Frame:1213).
[2019.02.28-16.35.03:390][444]LogRenderer: Reallocating scene render targets to support 1284x640 Format 10 NumSamples 1 (Frame:1215).
[2019.02.28-16.35.05:824][675]LogTemp: Repeating last play command: Selected Viewport
[2019.02.28-16.35.05:851][675]LogBlueprintUserMessages: Early PlayInEditor Detection: Level '/Game/VehicleCPP/Maps/VehicleExampleMap.VehicleExampleMap:PersistentLevel' has LevelScriptBlueprint '/Game/VehicleCPP/Maps/VehicleExampleMap.VehicleExampleMap:PersistentLevel.VehicleExampleMap' with GeneratedClass '/Game/VehicleCPP/Maps/VehicleExampleMap.VehicleExampleMap_C' with ClassGeneratedBy '/Game/VehicleCPP/Maps/VehicleExampleMap.VehicleExampleMap:PersistentLevel.VehicleExampleMap'
[2019.02.28-16.35.05:853][675]LogPlayLevel: PlayLevel: No blueprints needed recompiling
[2019.02.28-16.35.05:853][675]PIE: New page: PIE session: VehicleExampleMap (Feb 28, 2019, 6:35:05 AM)
[2019.02.28-16.35.05:854][675]LogPlayLevel: Creating play world package: /Game/VehicleCPP/Maps/UEDPIE_0_VehicleExampleMap
[2019.02.28-16.35.05:878][675]LogPlayLevel: PIE: StaticDuplicateObject took: (0.024218s)
[2019.02.28-16.35.05:880][675]LogAIModule: Creating AISystem for world VehicleExampleMap
[2019.02.28-16.35.05:880][675]LogPlayLevel: PIE: World Init took: (0.001783s)
[2019.02.28-16.35.05:882][675]LogPlayLevel: PIE: Created PIE world by copying editor world from /Game/VehicleCPP/Maps/VehicleExampleMap.VehicleExampleMap to /Game/VehicleCPP/Maps/UEDPIE_0_VehicleExampleMap.VehicleExampleMap (0.028162s)
[2019.02.28-16.35.05:935][675]LogInit: XAudio2 using 'Speakers (Realtek High Definition Audio)' : 2 channels at 48 kHz using 32 bits per sample (channel mask 0x3)
[2019.02.28-16.35.06:010][675]LogInit: FAudioDevice initialized.
[2019.02.28-16.35.06:074][675]LogLoad: Game class is 'VehicleMovementGameMode'
[2019.02.28-16.35.06:081][675]LogWorld: Bringing World /Game/VehicleCPP/Maps/UEDPIE_0_VehicleExampleMap.VehicleExampleMap up for play (max tick rate 0) at 2019.02.28-11.35.06
[2019.02.28-16.35.06:083][675]LogWorld: Bringing up level for play took: 0.005301
[2019.02.28-16.35.06:102][675]PIE: Play in editor start time for /Game/VehicleCPP/Maps/UEDPIE_0_VehicleExampleMap -0.571
[2019.02.28-16.35.06:103][675]LogBlueprintUserMessages: Late PlayInEditor Detection: Level '/Game/VehicleCPP/Maps/VehicleExampleMap.VehicleExampleMap:PersistentLevel' has LevelScriptBlueprint '/Game/VehicleCPP/Maps/VehicleExampleMap.VehicleExampleMap:PersistentLevel.VehicleExampleMap' with GeneratedClass '/Game/VehicleCPP/Maps/VehicleExampleMap.VehicleExampleMap_C' with ClassGeneratedBy '/Game/VehicleCPP/Maps/VehicleExampleMap.VehicleExampleMap:PersistentLevel.VehicleExampleMap'
[2019.02.28-16.35.42:115][913]LogBlueprintUserMessages: Early EndPlayMap Detection: Level '/Game/VehicleCPP/Maps/VehicleExampleMap.VehicleExampleMap:PersistentLevel' has LevelScriptBlueprint '/Game/VehicleCPP/Maps/VehicleExampleMap.VehicleExampleMap:PersistentLevel.VehicleExampleMap' with GeneratedClass '/Game/VehicleCPP/Maps/VehicleExampleMap.VehicleExampleMap_C' with ClassGeneratedBy '/Game/VehicleCPP/Maps/VehicleExampleMap.VehicleExampleMap:PersistentLevel.VehicleExampleMap'
[2019.02.28-16.35.42:116][913]LogSlate: Updating window title bar state: overlay mode, drag disabled, window buttons hidden, title bar hidden
[2019.02.28-16.35.42:153][913]LogPlayLevel: Display: Shutting down PIE online subsystems
[2019.02.28-16.35.42:153][913]LogBlueprintUserMessages: Late EndPlayMap Detection: Level '/Game/VehicleCPP/Maps/VehicleExampleMap.VehicleExampleMap:PersistentLevel' has LevelScriptBlueprint '/Game/VehicleCPP/Maps/VehicleExampleMap.VehicleExampleMap:PersistentLevel.VehicleExampleMap' with GeneratedClass '/Game/VehicleCPP/Maps/VehicleExampleMap.VehicleExampleMap_C' with ClassGeneratedBy '/Game/VehicleCPP/Maps/VehicleExampleMap.VehicleExampleMap:PersistentLevel.VehicleExampleMap'
[2019.02.28-16.35.42:179][913]LogSlate: Updating window title bar state: overlay mode, drag disabled, window buttons hidden, title bar hidden
[2019.02.28-16.35.42:232][915]LogPlayLevel: Display: Destroying online subsystem :Context_2
[2019.02.28-16.37.41:921][656]LogSlate: FSceneViewport::OnFocusLost() reason 0
[2019.02.28-16.38.19:839][271]LogSlate: Window 'VehicleMovement - Unreal Editor' being destroyed
[2019.02.28-16.38.19:841][271]LogWindowsTextInputMethodSystem: Display: IME system now deactivated.
[2019.02.28-16.38.20:348][272]Cmd: QUIT_EDITOR
