Log file open, 02/14/19 16:20:30
LogWindows: Failed to load 'aqProf.dll' (GetLastError=126)
LogWindows: File 'aqProf.dll' does not exist
LogWindows: Failed to load 'VSPerf140.dll' (GetLastError=126)
LogWindows: File 'VSPerf140.dll' does not exist
LogWindows: Failed to load 'VtuneApi.dll' (GetLastError=126)
LogWindows: File 'VtuneApi.dll' does not exist
LogWindows: Failed to load 'VtuneApi32e.dll' (GetLastError=126)
LogWindows: File 'VtuneApi32e.dll' does not exist
LogInit: Display: Running engine for game: VehicleMovement
LogPlatformFile: Not using cached read wrapper
LogTaskGraph: Started task graph with 5 named threads and 14 total threads with 3 sets of task threads.
LogStats: Stats thread started at 0.330702
LogD3D11RHI: Loaded GFSDK_Aftermath_Lib.x64.dll
LogICUInternationalization: Display: ICU TimeZone Detection - Raw Offset: -5:00, Platform Override: ''
LogPluginManager: Mounting plugin Paper2D
LogPluginManager: Mounting plugin AISupport
LogPluginManager: Mounting plugin LightPropagationVolume
LogPluginManager: Mounting plugin CLionSourceCodeAccess
LogPluginManager: Mounting plugin CodeLiteSourceCodeAccess
LogPluginManager: Mounting plugin GitSourceControl
LogPluginManager: Mounting plugin KDevelopSourceCodeAccess
LogPluginManager: Mounting plugin NullSourceCodeAccess
LogPluginManager: Mounting plugin PerforceSourceControl
LogPluginManager: Mounting plugin SubversionSourceControl
LogPluginManager: Mounting plugin UObjectPlugin
LogPluginManager: Mounting plugin VisualStudioCodeSourceCodeAccess
LogPluginManager: Mounting plugin VisualStudioSourceCodeAccess
LogPluginManager: Mounting plugin XCodeSourceCodeAccess
LogPluginManager: Mounting plugin AssetManagerEditor
LogPluginManager: Mounting plugin CryptoKeys
LogPluginManager: Mounting plugin DataValidation
LogPluginManager: Mounting plugin FacialAnimation
LogPluginManager: Mounting plugin GameplayTagsEditor
LogPluginManager: Mounting plugin MacGraphicsSwitching
LogPluginManager: Mounting plugin MeshEditor
LogPluginManager: Mounting plugin MobileLauncherProfileWizard
LogPluginManager: Mounting plugin PluginBrowser
LogPluginManager: Mounting plugin SpeedTreeImporter
LogPluginManager: Mounting plugin DatasmithContent
LogPluginManager: Mounting plugin AlembicImporter
LogPluginManager: Mounting plugin AppleImageUtils
LogPluginManager: Mounting plugin AppleVision
LogPluginManager: Mounting plugin BackChannel
LogPluginManager: Mounting plugin CharacterAI
LogPluginManager: Mounting plugin GeometryCache
LogPluginManager: Mounting plugin HTML5Networking
LogPluginManager: Mounting plugin ProxyLODPlugin
LogPluginManager: Mounting plugin RawInput
LogPluginManager: Mounting plugin MagicLeap
LogPluginManager: Mounting plugin MagicLeapEmulator
LogPluginManager: Mounting plugin MagicLeapMedia
LogPluginManager: Mounting plugin AndroidMedia
LogPluginManager: Mounting plugin AvfMedia
LogPluginManager: Mounting plugin ImgMedia
LogPluginManager: Mounting plugin LinearTimecode
LogPluginManager: Mounting plugin MediaCompositing
LogPluginManager: Mounting plugin MediaPlayerEditor
LogPluginManager: Mounting plugin WmfMedia
LogPluginManager: Mounting plugin TcpMessaging
LogPluginManager: Mounting plugin UdpMessaging
LogPluginManager: Mounting plugin ActorSequence
LogPluginManager: Mounting plugin LevelSequenceEditor
LogPluginManager: Mounting plugin MatineeToLevelSequence
LogPluginManager: Mounting plugin NetcodeUnitTest
LogPluginManager: Mounting plugin NUTUnrealEngine4
LogPluginManager: Mounting plugin OnlineSubsystemGooglePlay
LogPluginManager: Mounting plugin OnlineSubsystemIOS
LogPluginManager: Mounting plugin OnlineSubsystem
LogPluginManager: Mounting plugin OnlineSubsystemNull
LogPluginManager: Mounting plugin OnlineSubsystemUtils
LogPluginManager: Mounting plugin LauncherChunkInstaller
LogPluginManager: Mounting plugin AndroidDeviceProfileSelector
LogPluginManager: Mounting plugin AndroidMoviePlayer
LogPluginManager: Mounting plugin AndroidPermission
LogPluginManager: Mounting plugin AppleMoviePlayer
LogPluginManager: Mounting plugin ArchVisCharacter
LogPluginManager: Mounting plugin AudioCapture
LogPluginManager: Mounting plugin CableComponent
LogPluginManager: Mounting plugin CustomMeshComponent
LogPluginManager: Mounting plugin EditableMesh
LogPluginManager: Mounting plugin ExampleDeviceProfileSelector
LogPluginManager: Mounting plugin GoogleCloudMessaging
LogPluginManager: Mounting plugin ImmediatePhysics
LogPluginManager: Mounting plugin IOSDeviceProfileSelector
LogPluginManager: Mounting plugin LinuxDeviceProfileSelector
LogPluginManager: Mounting plugin LocationServicesBPLibrary
LogPluginManager: Mounting plugin MobilePatchingUtils
LogPluginManager: Mounting plugin OculusVR
LogPluginManager: Plugin shader directory ../../../Engine/Plugins/Runtime/Oculus/OculusVR/Shaders found
LogPluginManager: Mapping shader source directory ../../../Engine/Plugins/Runtime/Oculus/OculusVR/Shaders to virtual directory /Plugin/OculusVR
LogPluginManager: Mounting plugin PhysXVehicles
LogPluginManager: Mounting plugin ProceduralMeshComponent
LogPluginManager: Mounting plugin RuntimePhysXCooking
LogPluginManager: Mounting plugin SteamVR
LogPluginManager: Mounting plugin WindowsMoviePlayer
LogStreaming: Display: Took  0.441s to configure plugins.
LogInit: Using libcurl 7.55.1-DEV
LogInit:  - built for x86_64-pc-win32
LogInit:  - supports SSL with OpenSSL/1.0.2h
LogInit:  - supports HTTP deflate (compression) using libz 1.2.8
LogInit:  - other features:
LogInit:      CURL_VERSION_SSL
LogInit:      CURL_VERSION_LIBZ
LogInit:      CURL_VERSION_IPV6
LogInit:      CURL_VERSION_ASYNCHDNS
LogInit:      CURL_VERSION_LARGEFILE
LogInit:      CURL_VERSION_IDN
LogInit:  CurlRequestOptions (configurable via config and command line):
LogInit:  - bVerifyPeer = false  - Libcurl will NOT verify peer certificate
LogInit:  - bUseHttpProxy = false  - Libcurl will NOT use HTTP proxy
LogInit:  - bDontReuseConnections = false  - Libcurl will reuse connections
LogInit:  - CertBundlePath = nullptr  - Libcurl will use whatever was configured at build time.
LogInit:  - MaxHostConnections = 16  - Libcurl will limit the number of connections to a host
LogInit:  - LocalHostAddr = Default
LogInit:  - BufferSize = 65536
LogInit: WinSock: version 1.1 (2.2), MaxSocks=32767, MaxUdp=65467
LogInit: Build: ++UE4+Release-4.20-CL-4369336
LogInit: Engine Version: 4.20.3-4369336+++UE4+Release-4.20
LogInit: Compatible Engine Version: 4.20.0-4212847+++UE4+Release-4.20
LogInit: Net CL: 4212847
LogInit: OS: Windows 10 (), CPU: Intel(R) Core(TM) i5-4460  CPU @ 3.20GHz, GPU: NVIDIA GeForce GTX 750 Ti
LogInit: Compiled (64-bit): Sep 17 2018 12:26:19
LogInit: Compiled with Visual C++: 19.13.26129.00
LogInit: Build Configuration: Development
LogInit: Branch Name: ++UE4+Release-4.20
LogInit: Command Line:  -skipcompile
LogInit: Base Directory: C:/Program Files/Epic Games/UE_4.20/Engine/Binaries/Win64/
LogInit: Installed Engine Build: 1
LogDevObjectVersion: Number of dev versions registered: 20
LogDevObjectVersion:   Dev-Blueprints (B0D832E4-1F89-4F0D-ACCF-7EB736FD4AA2): 10
LogDevObjectVersion:   Dev-Build (E1C64328-A22C-4D53-A36C-8E866417BD8C): 0
LogDevObjectVersion:   Dev-Core (375EC13C-06E4-48FB-B500-84F0262A717E): 2
LogDevObjectVersion:   Dev-Editor (E4B068ED-F494-42E9-A231-DA0B2E46BB41): 24
LogDevObjectVersion:   Dev-Framework (CFFC743F-43B0-4480-9391-14DF171D2073): 34
LogDevObjectVersion:   Dev-Mobile (B02B49B5-BB20-44E9-A304-32B752E40360): 2
LogDevObjectVersion:   Dev-Networking (A4E4105C-59A1-49B5-A7C5-40C4547EDFEE): 0
LogDevObjectVersion:   Dev-Online (39C831C9-5AE6-47DC-9A44-9C173E1C8E7C): 0
LogDevObjectVersion:   Dev-Physics (78F01B33-EBEA-4F98-B9B4-84EACCB95AA2): 0
LogDevObjectVersion:   Dev-Platform (6631380F-2D4D-43E0-8009-CF276956A95A): 0
LogDevObjectVersion:   Dev-Rendering (12F88B9F-8875-4AFC-A67C-D90C383ABD29): 26
LogDevObjectVersion:   Dev-Sequencer (7B5AE74C-D270-4C10-A958-57980B212A5A): 9
LogDevObjectVersion:   Dev-VR (D7296918-1DD6-4BDD-9DE2-64A83CC13884): 2
LogDevObjectVersion:   Dev-LoadTimes (C2A15278-BFE7-4AFE-6C17-90FF531DF755): 1
LogDevObjectVersion:   Private-Geometry (6EACA3D4-40EC-4CC1-B786-8BED09428FC5): 3
LogDevObjectVersion:   Dev-AnimPhys (29E575DD-E0A3-4627-9D10-D276232CDCEA): 17
LogDevObjectVersion:   Dev-ReflectionCapture (6B266CEC-1EC7-4B8F-A30B-E4D90942FC07): 1
LogDevObjectVersion:   Dev-Automation (0DF73D61-A23F-47EA-B727-89E90C41499A): 1
LogDevObjectVersion:   FortniteMain (601D1886-AC64-4F84-AA16-D3DE0DEAC7D6): 12
LogDevObjectVersion:   Dev-Enterprise (9DFFBCD6-494F-0158-E221-12823C92A888): 1
LogStreaming: Display: Took  0.006s to delete old logs.
LogInit: Presizing for max 8388607 objects, including 0 objects not considered by GC, pre-allocating 0 bytes for permanent pool.
LogInit: Object subsystem initialized
[2019.02.14-21.20.31:411][  0]LogInit: Selected Device Profile: [Windows]
[2019.02.14-21.20.31:411][  0]LogInit: Applying CVar settings loaded from the selected device profile: [Windows]
[2019.02.14-21.20.31:427][  0]LogHAL: Display: Platform has ~ 8 GB [8536301568 / 8589934592 / 8], which maps to Default [LargestMinGB=32, LargerMinGB=12, DefaultMinGB=8, SmallerMinGB=6, SmallestMinGB=0)
[2019.02.14-21.20.31:427][  0]LogInit: Setting Device Profile CVar: [[r.Vulkan.UseRealUBs:1]]
[2019.02.14-21.20.31:427][  0]LogInit: Going up to parent DeviceProfile []
[2019.02.14-21.20.31:428][  0]LogInit: Computer: DESKTOP-IAKBS29
[2019.02.14-21.20.31:428][  0]LogInit: User: Sarfaraz
[2019.02.14-21.20.31:428][  0]LogInit: CPU Page size=4096, Cores=4
[2019.02.14-21.20.31:428][  0]LogInit: High frequency timer resolution =10.000000 MHz
[2019.02.14-21.20.31:429][  0]LogMemory: Memory total: Physical=8.0GB (8GB approx)
[2019.02.14-21.20.31:429][  0]LogMemory: Platform Memory Stats for Windows
[2019.02.14-21.20.31:429][  0]LogMemory: Process Physical Memory: 101.34 MB used, 101.34 MB peak
[2019.02.14-21.20.31:429][  0]LogMemory: Process Virtual Memory: 84.29 MB used, 84.29 MB peak
[2019.02.14-21.20.31:430][  0]LogMemory: Physical Memory: 6754.94 MB used,  1385.91 MB free, 8140.85 MB total
[2019.02.14-21.20.31:430][  0]LogMemory: Virtual Memory: 4608.51 MB used,  1385.91 MB free, 134217728.00 MB total
[2019.02.14-21.20.31:575][  0]LogInit: Using OS detected language (en-US).
[2019.02.14-21.20.31:575][  0]LogInit: Using OS detected locale (en-CA).
[2019.02.14-21.20.31:578][  0]LogTextLocalizationManager: No specific localization for 'en-US' exists, so the 'en' localization will be used.
[2019.02.14-21.20.32:003][  0]LogStreaming: Display: Took  0.428s to InitEngineTextLocalization.
[2019.02.14-21.20.32:004][  0]LogInit: Setting process to per monitor DPI aware
[2019.02.14-21.20.32:086][  0]LogSlate: New Slate User Created.  User Index 0, Is Virtual User: 0
[2019.02.14-21.20.32:086][  0]LogSlate: Slate User Registered.  User Index 0, Is Virtual User: 0
[2019.02.14-21.20.32:428][  0]LogHMD: Failed to initialize OpenVR with code 110
[2019.02.14-21.20.32:428][  0]LogD3D11RHI: D3D11 adapters:
[2019.02.14-21.20.32:547][  0]LogD3D11RHI:    0. 'NVIDIA GeForce GTX 750 Ti' (Feature Level 11_0)
[2019.02.14-21.20.32:547][  0]LogD3D11RHI:       2007/0/4070 MB DedicatedVideo/DedicatedSystem/SharedSystem, Outputs:2, VendorId:0x10de
[2019.02.14-21.20.32:557][  0]LogD3D11RHI:    1. 'Microsoft Basic Render Driver' (Feature Level 11_0)
[2019.02.14-21.20.32:557][  0]LogD3D11RHI:       0/0/4070 MB DedicatedVideo/DedicatedSystem/SharedSystem, Outputs:0, VendorId:0x1414
[2019.02.14-21.20.32:557][  0]LogD3D11RHI: Chosen D3D11 Adapter: 0
[2019.02.14-21.20.32:567][  0]LogD3D11RHI: Creating new Direct3DDevice
[2019.02.14-21.20.32:567][  0]LogD3D11RHI:     GPU DeviceId: 0x1380 (for the marketing name, search the web for "GPU Device Id")
[2019.02.14-21.20.32:567][  0]LogWindows: EnumDisplayDevices:
[2019.02.14-21.20.32:567][  0]LogWindows:    0. 'NVIDIA GeForce GTX 750 Ti' (P:1 D:1)
[2019.02.14-21.20.32:568][  0]LogWindows:    1. 'NVIDIA GeForce GTX 750 Ti' (P:0 D:1)
[2019.02.14-21.20.32:569][  0]LogWindows:    2. 'NVIDIA GeForce GTX 750 Ti' (P:0 D:0)
[2019.02.14-21.20.32:570][  0]LogWindows:    3. 'NVIDIA GeForce GTX 750 Ti' (P:0 D:0)
[2019.02.14-21.20.32:570][  0]LogWindows: DebugString: FoundDriverCount:4 
[2019.02.14-21.20.32:570][  0]LogD3D11RHI:     Adapter Name: NVIDIA GeForce GTX 750 Ti
[2019.02.14-21.20.32:571][  0]LogD3D11RHI:   Driver Version: 418.91 (internal:25.21.14.1891, unified:418.91)
[2019.02.14-21.20.32:571][  0]LogD3D11RHI:      Driver Date: 2-6-2019
[2019.02.14-21.20.32:571][  0]LogRHI: Texture pool is 1405 MB (70% of 2007 MB)
[2019.02.14-21.20.32:637][  0]LogD3D11RHI: Async texture creation enabled
[2019.02.14-21.20.32:659][  0]LogD3D11RHI: GPU Timing Frequency: 1000.000000 (Debug: 2 1)
[2019.02.14-21.20.32:712][  0]LogShaderCompilers: Guid format shader working directory is -24 characters bigger than the processId version (D:/Humber/Semester 4/Game 260_Game Production/Assignments/VehicleMovement/Intermediate/Shaders/WorkingDirectory/7064/).
[2019.02.14-21.20.32:713][  0]LogShaderCompilers: Cleaned the shader compiler working directory 'C:/Users/Sarfaraz/AppData/Local/Temp/UnrealShaderWorkingDir/4727DD1744A0EFCEA370B2AC351C3582/'.
[2019.02.14-21.20.33:171][  0]LogTemp: Display: Loaded TP AllDesktopTargetPlatform
[2019.02.14-21.20.33:197][  0]LogTemp: Display: Loaded TP MacClientTargetPlatform
[2019.02.14-21.20.33:224][  0]LogTemp: Display: Loaded TP MacNoEditorTargetPlatform
[2019.02.14-21.20.33:248][  0]LogTemp: Display: Loaded TP MacServerTargetPlatform
[2019.02.14-21.20.33:273][  0]LogTemp: Display: Loaded TP MacTargetPlatform
[2019.02.14-21.20.33:298][  0]LogTemp: Display: Loaded TP WindowsClientTargetPlatform
[2019.02.14-21.20.33:323][  0]LogTemp: Display: Loaded TP WindowsNoEditorTargetPlatform
[2019.02.14-21.20.33:347][  0]LogTemp: Display: Loaded TP WindowsServerTargetPlatform
[2019.02.14-21.20.33:362][  0]LogTemp: Display: Loaded TP WindowsTargetPlatform
[2019.02.14-21.20.33:491][  0]LogTemp: Display: Loaded TP AndroidTargetPlatform
[2019.02.14-21.20.33:491][  0]LogTemp: Display: Loaded TP AndroidTargetPlatform
[2019.02.14-21.20.33:491][  0]LogTemp: Display: Loaded TP AndroidTargetPlatform
[2019.02.14-21.20.33:491][  0]LogTemp: Display: Loaded TP AndroidTargetPlatform
[2019.02.14-21.20.33:491][  0]LogTemp: Display: Loaded TP AndroidTargetPlatform
[2019.02.14-21.20.33:491][  0]LogTemp: Display: Loaded TP AndroidTargetPlatform
[2019.02.14-21.20.33:491][  0]LogTemp: Display: Loaded TP AndroidTargetPlatform
[2019.02.14-21.20.33:491][  0]LogTemp: Display: Loaded TP AndroidTargetPlatform
[2019.02.14-21.20.33:491][  0]LogTemp: Display: Loaded TP AndroidTargetPlatform
[2019.02.14-21.20.33:492][  0]LogTemp: Display: Loaded TP AndroidTargetPlatform
[2019.02.14-21.20.33:492][  0]LogTemp: Display: Loaded TP AndroidTargetPlatform
[2019.02.14-21.20.33:492][  0]LogTemp: Display: Loaded TP AndroidTargetPlatform
[2019.02.14-21.20.33:492][  0]LogTemp: Display: Loaded TP AndroidTargetPlatform
[2019.02.14-21.20.33:492][  0]LogTemp: Display: Loaded TP AndroidTargetPlatform
[2019.02.14-21.20.33:492][  0]LogTemp: Display: Loaded TP AndroidTargetPlatform
[2019.02.14-21.20.33:492][  0]LogTemp: Display: Loaded TP AndroidTargetPlatform
[2019.02.14-21.20.33:492][  0]LogTemp: Display: Loaded TP AndroidTargetPlatform
[2019.02.14-21.20.33:492][  0]LogTemp: Display: Loaded TP AndroidTargetPlatform
[2019.02.14-21.20.33:501][  0]LogTemp: Display: Loaded TP HTML5TargetPlatform
[2019.02.14-21.20.33:589][  0]LogTemp: Display: Loaded TP IOSTargetPlatform
[2019.02.14-21.20.33:589][  0]LogTemp: Display: Loaded TP IOSTargetPlatform
[2019.02.14-21.20.33:629][  0]LogTemp: Display: Loaded TP TVOSTargetPlatform
[2019.02.14-21.20.33:630][  0]LogTemp: Display: Loaded TP TVOSTargetPlatform
[2019.02.14-21.20.33:651][  0]LogTemp: Display: Loaded TP LinuxClientTargetPlatform
[2019.02.14-21.20.33:673][  0]LogTemp: Display: Loaded TP LinuxNoEditorTargetPlatform
[2019.02.14-21.20.33:695][  0]LogTemp: Display: Loaded TP LinuxServerTargetPlatform
[2019.02.14-21.20.33:720][  0]LogTemp: Display: Loaded TP LinuxTargetPlatform
[2019.02.14-21.20.33:738][  0]LogTemp: Display: Loaded TP LuminTargetPlatform
[2019.02.14-21.20.33:738][  0]LogTargetPlatformManager: Display: Building Assets For Windows
[2019.02.14-21.20.33:982][  0]LogXGEController: Cleaning working directory: C:/Users/Sarfaraz/AppData/Local/Temp/UnrealXGEWorkingDir/
[2019.02.14-21.20.33:983][  0]LogXGEController: Cannot use XGE Controller as Incredibuild is not installed on this machine.
[2019.02.14-21.20.33:983][  0]LogShaderCompilers: Cannot use XGE Shader Compiler as Incredibuild is not installed on this machine.
[2019.02.14-21.20.33:983][  0]LogShaderCompilers: Display: Using Local Shader Compiler.
[2019.02.14-21.20.35:826][  0]LogDerivedDataCache: Display: Max Cache Size: 512 MB
[2019.02.14-21.20.35:968][  0]LogDerivedDataCache: Loaded boot cache 0.14s 73MB C:/Users/Sarfaraz/AppData/Local/UnrealEngine/4.20/DerivedDataCache/Boot.ddc.
[2019.02.14-21.20.35:969][  0]LogDerivedDataCache: Display: Loaded Boot cache: C:/Users/Sarfaraz/AppData/Local/UnrealEngine/4.20/DerivedDataCache/Boot.ddc
[2019.02.14-21.20.35:969][  0]LogDerivedDataCache: FDerivedDataBackendGraph:  Pak pak cache file D:/Humber/Semester 4/Game 260_Game Production/Assignments/VehicleMovement/DerivedDataCache/DDC.ddp not found, will not use a pak cache.
[2019.02.14-21.20.35:969][  0]LogDerivedDataCache: Unable to find inner node Pak for hierarchical cache Hierarchy.
[2019.02.14-21.20.35:969][  0]LogDerivedDataCache: FDerivedDataBackendGraph:  CompressedPak pak cache file D:/Humber/Semester 4/Game 260_Game Production/Assignments/VehicleMovement/DerivedDataCache/Compressed.ddp not found, will not use a pak cache.
[2019.02.14-21.20.35:970][  0]LogDerivedDataCache: Unable to find inner node CompressedPak for hierarchical cache Hierarchy.
[2019.02.14-21.20.35:985][  0]LogDerivedDataCache: Display: Pak cache opened for reading ../../../Engine/DerivedDataCache/Compressed.ddp.
[2019.02.14-21.20.36:000][  0]LogDerivedDataCache: Using Local data cache path C:/Users/Sarfaraz/AppData/Local/UnrealEngine/Common/DerivedDataCache: Writable
[2019.02.14-21.20.36:000][  0]LogDerivedDataCache: Shared data cache path not found in *engine.ini, will not use an Shared cache.
[2019.02.14-21.20.36:000][  0]LogDerivedDataCache: Unable to find inner node Shared for hierarchical cache Hierarchy.
[2019.02.14-21.20.36:021][  0]LogMaterial: Verifying Global Shaders for PCD3D_SM5
[2019.02.14-21.20.36:022][  0]LogSlate: Using FreeType 2.6.0
[2019.02.14-21.20.36:024][  0]LogSlate: SlateFontServices - WITH_FREETYPE: 1, WITH_HARFBUZZ: 1
[2019.02.14-21.20.36:181][  0]LogAssetRegistry: FAssetRegistry took 0.0308 seconds to start up
[2019.02.14-21.20.36:695][  0]LogInit: Selected Device Profile: [Windows]
[2019.02.14-21.20.37:021][  0]LogSimplygon: Simplygon DLL not present - disabling.
[2019.02.14-21.20.37:050][  0]LogMeshReduction: Using SimplygonSwarm for distributed automatic mesh merging
[2019.02.14-21.20.37:050][  0]LogMeshReduction: Using ProxyLODMeshReduction for automatic mesh merging
[2019.02.14-21.20.37:051][  0]LogMeshReduction: Using QuadricMeshReduction for automatic static mesh reduction
[2019.02.14-21.20.37:051][  0]LogMeshReduction: No automatic skeletal mesh reduction module available
[2019.02.14-21.20.37:113][  0]LogNetVersion: VehicleMovement 1.0.0, NetCL: 4212847, EngineNetVer: 5, GameNetVer: 0 (Checksum: 2966596176)
[2019.02.14-21.20.38:103][  0]LogPackageLocalizationCache: Processed 11 localized package path(s) for 2 prioritized culture(s) in 0.147595 seconds
[2019.02.14-21.20.38:111][  0]LogUObjectArray: 38425 objects as part of root set at end of initial load.
[2019.02.14-21.20.38:111][  0]LogUObjectAllocator: 6690864 out of 0 bytes used by permanent object pool.
[2019.02.14-21.20.38:111][  0]LogUObjectArray: CloseDisregardForGC: 0/0 objects in disregard for GC pool
[2019.02.14-21.20.40:476][  0]LogTcpMessaging: Initializing TcpMessaging bridge
[2019.02.14-21.20.40:501][  0]LogUdpMessaging: Initializing bridge on interface 0.0.0.0:0 to multicast group 230.0.0.1:6666.
[2019.02.14-21.20.41:137][  0]SourceControl: Source control is disabled
[2019.02.14-21.20.41:137][  0]SourceControl: Source control is disabled
[2019.02.14-21.20.41:151][  0]SourceControl: Source control is disabled
[2019.02.14-21.20.41:159][  0]SourceControl: Source control is disabled
[2019.02.14-21.20.41:681][  0]LogAndroidPermission: UAndroidPermissionCallbackProxy::GetInstance
[2019.02.14-21.20.41:859][  0]LogOcInput: OculusInput pre-init called
[2019.02.14-21.20.41:983][  0]LogEngine: Initializing Engine...
[2019.02.14-21.20.41:986][  0]LogHMD: Failed to initialize OpenVR with code 110
[2019.02.14-21.20.41:990][  0]LogStats: UGameplayTagsManager::ConstructGameplayTagTree: ImportINI prefixes -  0.000 s
[2019.02.14-21.20.41:990][  0]LogStats: UGameplayTagsManager::ConstructGameplayTagTree: Construct from data asset -  0.000 s
[2019.02.14-21.20.41:990][  0]LogStats: UGameplayTagsManager::ConstructGameplayTagTree: ImportINI -  0.000 s
[2019.02.14-21.20.41:991][  0]LogStats: UGameplayTagsManager::ConstructGameplayTagTree: GameplayTagTreeChangedEvent.Broadcast -  0.000 s
[2019.02.14-21.20.42:288][  0]LogInit: Initializing FReadOnlyCVARCache
[2019.02.14-21.20.42:329][  0]LogAIModule: Creating AISystem for world Untitled
[2019.02.14-21.20.42:372][  0]LogInit: XAudio2 using 'Headset Earphone (Razer ManO'War 7.1)' : 2 channels at 44.1 kHz using 16 bits per sample (channel mask 0x3)
[2019.02.14-21.20.42:489][  0]LogInit: FAudioDevice initialized.
[2019.02.14-21.20.42:490][  0]LogNetVersion: Set ProjectVersion to 1.0.0.0. Version Checksum will be recalculated on next use.
[2019.02.14-21.20.42:571][  0]LogDerivedDataCache: Saved boot cache 0.08s 73MB C:/Users/Sarfaraz/AppData/Local/UnrealEngine/4.20/DerivedDataCache/Boot.ddc.
[2019.02.14-21.20.42:579][  0]LogInit: Texture streaming: Enabled
[2019.02.14-21.20.42:673][  0]LogEngineSessionManager: EngineSessionManager initialized
[2019.02.14-21.20.42:673][  0]LogEngineSessionManager: EngineSessionManager sent abnormal shutdown report. Type=Debugger, SessionId={B146288A-4C1E-515A-6EE9-DBBB376BB667}
[2019.02.14-21.20.42:707][  0]LogInit: Transaction tracking system initialized
[2019.02.14-21.20.42:800][  0]BlueprintLog: New page: Editor Load
[2019.02.14-21.20.43:147][  0]LocalizationService: Localization service is disabled
[2019.02.14-21.20.43:785][  0]LogCook: Display: Max memory allowance for cook 16384mb min free memory 0mb
[2019.02.14-21.20.43:786][  0]LogCook: Display: Mobile HDR setting 1
[2019.02.14-21.20.43:787][  0]LogGameplayTags: Display: UGameplayTagsManager::DoneAddingNativeTags. DelegateIsBound: 0
[2019.02.14-21.20.43:787][  0]LogFileCache: Scanning file cache for directory 'D:/Humber/Semester 4/Game 260_Game Production/Assignments/VehicleMovement/Content/' took 0.02s
[2019.02.14-21.20.43:787][  0]LogStats: UGameplayTagsManager::ConstructGameplayTagTree: ImportINI prefixes -  0.000 s
[2019.02.14-21.20.43:787][  0]LogStats: UGameplayTagsManager::ConstructGameplayTagTree: Construct from data asset -  0.000 s
[2019.02.14-21.20.43:787][  0]LogStats: UGameplayTagsManager::ConstructGameplayTagTree: ImportINI -  0.000 s
[2019.02.14-21.20.43:788][  0]LogStats: UGameplayTagsManager::ConstructGameplayTagTree: GameplayTagTreeChangedEvent.Broadcast -  0.000 s
[2019.02.14-21.20.44:283][  0]SourceControl: Source control is disabled
[2019.02.14-21.20.44:284][  0]Cmd: MAP LOAD FILE="D:/Humber/Semester 4/Game 260_Game Production/Assignments/VehicleMovement/Content/VehicleCPP/Maps/VehicleExampleMap.umap" TEMPLATE=0 SHOWPROGRESS=1 FEATURELEVEL=3
[2019.02.14-21.20.44:384][  0]LightingResults: New page: Lighting Build
[2019.02.14-21.20.44:394][  0]MapCheck: New page: Map Check
[2019.02.14-21.20.44:394][  0]LightingResults: New page: Lighting Build
[2019.02.14-21.20.45:000][  0]LogAIModule: Creating AISystem for world VehicleExampleMap
[2019.02.14-21.20.45:025][  0]LogEditorServer: Finished looking for orphan Actors (0.000 secs)
[2019.02.14-21.20.45:053][  0]Cmd: MAP CHECKDEP NOCLEARLOG
[2019.02.14-21.20.45:525][  0]MapCheck: Map check complete: 0 Error(s), 0 Warning(s), took 472.24ms to complete.
[2019.02.14-21.20.45:525][  0]LogFileHelpers: Loading map 'VehicleExampleMap' took 1.242
[2019.02.14-21.20.45:766][  0]LogSlate: Updating window title bar state: overlay mode, drag disabled, window buttons hidden, title bar hidden
[2019.02.14-21.20.45:775][  0]LogSlate: Updating window title bar state: overlay mode, drag disabled, window buttons hidden, title bar hidden
[2019.02.14-21.20.45:783][  0]LogSlate: Updating window title bar state: overlay mode, drag disabled, window buttons hidden, title bar hidden
[2019.02.14-21.20.45:793][  0]LogSlate: Updating window title bar state: overlay mode, drag disabled, window buttons hidden, title bar hidden
[2019.02.14-21.20.45:822][  0]LogCollectionManager: Loaded 0 collections in 0.004699 seconds
[2019.02.14-21.20.45:904][  0]LogFileCache: Scanning file cache for directory 'D:/Humber/Semester 4/Game 260_Game Production/Assignments/VehicleMovement/Saved/Collections/' took 0.02s
[2019.02.14-21.20.45:904][  0]LogFileCache: Scanning file cache for directory 'D:/Humber/Semester 4/Game 260_Game Production/Assignments/VehicleMovement/Content/Developers/Sarfaraz/Collections/' took 0.01s
[2019.02.14-21.20.45:904][  0]LogFileCache: Scanning file cache for directory 'D:/Humber/Semester 4/Game 260_Game Production/Assignments/VehicleMovement/Content/Collections/' took 0.02s
[2019.02.14-21.20.45:904][  0]LogCollectionManager: Rebuilt the GUID cache for 0 collections in 0.000000 seconds
[2019.02.14-21.20.45:919][  0]LogContentBrowser: Native class hierarchy populated in 0.0131 seconds. Added 2580 classes and 608 folders.
[2019.02.14-21.20.45:951][  0]LogContentBrowser: Native class hierarchy updated for 'WidgetCarousel' in 0.0006 seconds. Added 0 classes and 0 folders.
[2019.02.14-21.20.46:149][  0]LogContentBrowser: Native class hierarchy updated for 'AddContentDialog' in 0.0006 seconds. Added 0 classes and 0 folders.
[2019.02.14-21.20.46:171][  0]LogContentBrowser: Native class hierarchy updated for 'SceneOutliner' in 0.0006 seconds. Added 1 classes and 2 folders.
[2019.02.14-21.20.46:263][  0]LogContentBrowser: Native class hierarchy updated for 'HierarchicalLODOutliner' in 0.0006 seconds. Added 0 classes and 0 folders.
[2019.02.14-21.20.46:263][  0]LogLoad: (Engine Initialization) Total time: 18.89 seconds
[2019.02.14-21.20.46:263][  0]LogLoad: (Engine Initialization) Total Blueprint compile time: 0.00 seconds
[2019.02.14-21.20.46:280][  0]LogRawInputWindows: Warning: Found device 0 devices
[2019.02.14-21.20.46:280][  0]LogRawInputWindows: Warning: Found device 0 devices
[2019.02.14-21.20.46:281][  0]LogRawInputWindows: Warning: Device was registered succesfully but not connected (Usage:4 UsagePage:1)
[2019.02.14-21.20.46:281][  0]LogRawInputWindows: Warning: Found device 1 devices
[2019.02.14-21.20.46:281][  0]LogRawInputWindows: Warning: Device was registered succesfully but not connected (Usage:5 UsagePage:1)
[2019.02.14-21.20.46:307][  0]LogContentStreaming: Texture pool size now 1000 MB
[2019.02.14-21.20.46:314][  0]LogSlate: Took 0.001351 seconds to synchronously load lazily loaded font '../../../Engine/Content/Slate/Fonts/Roboto-Regular.ttf' (155K)
[2019.02.14-21.20.46:319][  0]LogSlate: Took 0.001348 seconds to synchronously load lazily loaded font '../../../Engine/Content/Slate/Fonts/Roboto-Bold.ttf' (160K)
[2019.02.14-21.20.46:325][  0]LogSlate: Took 0.001331 seconds to synchronously load lazily loaded font '../../../Engine/Content/Editor/Slate/Fonts/FontAwesome.ttf' (139K)
[2019.02.14-21.20.46:438][  0]LogSlate: Took 0.001460 seconds to synchronously load lazily loaded font '../../../Engine/Content/Slate/Fonts/Roboto-Light.ttf' (167K)
[2019.02.14-21.20.46:460][  1]LogRenderer: Reallocating scene render targets to support 1172x592 Format 10 NumSamples 1 (Frame:1).
[2019.02.14-21.20.46:561][  1]LogAssetRegistry: Asset discovery search completed in 10.4039 seconds
[2019.02.14-21.20.46:568][  1]LogCollectionManager: Rebuilt the object cache for 0 collections in 0.000000 seconds (found 0 objects)
[2019.02.14-21.20.46:577][  1]LogCollectionManager: Fixed up redirectors for 0 collections in 0.008586 seconds (updated 0 objects)
[2019.02.14-21.22.17:427][860]LogSlate: FSceneViewport::OnFocusLost() reason 0
[2019.02.14-21.22.17:465][865]LogTemp: Repeating last play command: Selected Viewport
[2019.02.14-21.22.17:481][865]LogBlueprintUserMessages: Early PlayInEditor Detection: Level '/Game/VehicleCPP/Maps/VehicleExampleMap.VehicleExampleMap:PersistentLevel' has LevelScriptBlueprint '/Game/VehicleCPP/Maps/VehicleExampleMap.VehicleExampleMap:PersistentLevel.VehicleExampleMap' with GeneratedClass '/Game/VehicleCPP/Maps/VehicleExampleMap.VehicleExampleMap_C' with ClassGeneratedBy '/Game/VehicleCPP/Maps/VehicleExampleMap.VehicleExampleMap:PersistentLevel.VehicleExampleMap'
[2019.02.14-21.22.17:483][865]LogPlayLevel: PlayLevel: No blueprints needed recompiling
[2019.02.14-21.22.17:502][865]PIE: New page: PIE session: VehicleExampleMap (Feb 14, 2019, 11:22:17 AM)
[2019.02.14-21.22.17:503][865]LogPlayLevel: Creating play world package: /Game/VehicleCPP/Maps/UEDPIE_0_VehicleExampleMap
[2019.02.14-21.22.17:537][865]LogPlayLevel: PIE: StaticDuplicateObject took: (0.034018s)
[2019.02.14-21.22.17:539][865]LogAIModule: Creating AISystem for world VehicleExampleMap
[2019.02.14-21.22.17:539][865]LogPlayLevel: PIE: World Init took: (0.001205s)
[2019.02.14-21.22.17:540][865]LogPlayLevel: PIE: Created PIE world by copying editor world from /Game/VehicleCPP/Maps/VehicleExampleMap.VehicleExampleMap to /Game/VehicleCPP/Maps/UEDPIE_0_VehicleExampleMap.VehicleExampleMap (0.036460s)
[2019.02.14-21.22.17:587][865]LogInit: XAudio2 using 'Headset Earphone (Razer ManO'War 7.1)' : 2 channels at 44.1 kHz using 16 bits per sample (channel mask 0x3)
[2019.02.14-21.22.17:662][865]LogInit: FAudioDevice initialized.
[2019.02.14-21.22.17:714][865]LogLoad: Game class is 'VehicleMovementGameMode'
[2019.02.14-21.22.17:723][865]LogWorld: Bringing World /Game/VehicleCPP/Maps/UEDPIE_0_VehicleExampleMap.VehicleExampleMap up for play (max tick rate 0) at 2019.02.14-16.22.17
[2019.02.14-21.22.17:726][865]LogWorld: Bringing up level for play took: 0.004814
[2019.02.14-21.22.17:759][865]LogContentBrowser: Native class hierarchy updated for 'MovieSceneCapture' in 0.0012 seconds. Added 10 classes and 0 folders.
[2019.02.14-21.22.17:762][865]PIE: Play in editor start time for /Game/VehicleCPP/Maps/UEDPIE_0_VehicleExampleMap -0.363
[2019.02.14-21.22.17:762][865]LogBlueprintUserMessages: Late PlayInEditor Detection: Level '/Game/VehicleCPP/Maps/VehicleExampleMap.VehicleExampleMap:PersistentLevel' has LevelScriptBlueprint '/Game/VehicleCPP/Maps/VehicleExampleMap.VehicleExampleMap:PersistentLevel.VehicleExampleMap' with GeneratedClass '/Game/VehicleCPP/Maps/VehicleExampleMap.VehicleExampleMap_C' with ClassGeneratedBy '/Game/VehicleCPP/Maps/VehicleExampleMap.VehicleExampleMap:PersistentLevel.VehicleExampleMap'
[2019.02.14-21.22.18:210][914]LogTemp: Current Speed: 0.000000
[2019.02.14-21.22.18:218][915]LogTemp: Current Speed: 0.000000
[2019.02.14-21.22.18:226][916]LogTemp: Current Speed: 0.000000
[2019.02.14-21.22.18:235][917]LogTemp: Current Speed: 0.000000
[2019.02.14-21.22.18:242][918]LogTemp: Current Speed: 0.000000
[2019.02.14-21.22.18:250][919]LogTemp: Current Speed: 0.000000
[2019.02.14-21.22.18:259][920]LogTemp: Current Speed: 0.000000
[2019.02.14-21.22.18:267][921]LogTemp: Current Speed: 1.000000
[2019.02.14-21.22.18:275][922]LogTemp: Current Speed: 0.000000
[2019.02.14-21.22.18:284][923]LogTemp: Current Speed: 0.000000
[2019.02.14-21.22.18:292][924]LogTemp: Current Speed: 0.000000
[2019.02.14-21.22.18:301][925]LogTemp: Current Speed: 0.000000
[2019.02.14-21.22.18:309][926]LogTemp: Current Speed: 0.000000
[2019.02.14-21.22.18:317][927]LogTemp: Current Speed: 0.000000
[2019.02.14-21.22.18:326][928]LogTemp: Current Speed: 1.000000
[2019.02.14-21.22.18:334][929]LogTemp: Current Speed: 0.000000
[2019.02.14-21.22.18:342][930]LogTemp: Current Speed: 0.000000
[2019.02.14-21.22.18:351][931]LogTemp: Current Speed: 0.000000
[2019.02.14-21.22.18:359][932]LogTemp: Current Speed: 0.000000
[2019.02.14-21.22.18:367][933]LogTemp: Current Speed: 0.000000
[2019.02.14-21.22.18:376][934]LogTemp: Current Speed: 0.000000
[2019.02.14-21.22.18:384][935]LogTemp: Current Speed: 1.000000
[2019.02.14-21.22.18:392][936]LogTemp: Current Speed: 0.000000
[2019.02.14-21.22.18:401][937]LogTemp: Current Speed: 0.000000
[2019.02.14-21.22.18:409][938]LogTemp: Current Speed: 0.000000
[2019.02.14-21.22.18:417][939]LogTemp: Current Speed: 0.000000
[2019.02.14-21.22.18:426][940]LogTemp: Current Speed: 0.000000
[2019.02.14-21.22.18:434][941]LogTemp: Current Speed: 1.000000
[2019.02.14-21.22.18:442][942]LogTemp: Current Speed: 0.000000
[2019.02.14-21.22.18:451][943]LogTemp: Current Speed: 0.000000
[2019.02.14-21.22.18:459][944]LogTemp: Current Speed: 0.000000
[2019.02.14-21.22.18:467][945]LogTemp: Current Speed: 0.000000
[2019.02.14-21.22.18:476][946]LogTemp: Current Speed: 0.000000
[2019.02.14-21.22.18:484][947]LogTemp: Current Speed: 0.000000
[2019.02.14-21.22.18:492][948]LogTemp: Current Speed: 1.000000
[2019.02.14-21.22.18:501][949]LogTemp: Current Speed: 0.000000
[2019.02.14-21.22.18:509][950]LogTemp: Current Speed: 0.000000
[2019.02.14-21.22.18:517][951]LogTemp: Current Speed: 0.000000
[2019.02.14-21.22.18:526][952]LogTemp: Current Speed: 0.000000
[2019.02.14-21.22.18:534][953]LogTemp: Current Speed: 0.000000
[2019.02.14-21.22.18:542][954]LogTemp: Current Speed: 0.000000
[2019.02.14-21.22.18:551][955]LogTemp: Current Speed: 1.000000
[2019.02.14-21.22.18:559][956]LogTemp: Current Speed: 0.000000
[2019.02.14-21.22.18:567][957]LogTemp: Current Speed: 0.000000
[2019.02.14-21.22.18:575][958]LogTemp: Current Speed: 0.000000
[2019.02.14-21.22.18:584][959]LogTemp: Current Speed: 0.000000
[2019.02.14-21.22.18:592][960]LogTemp: Current Speed: 0.000000
[2019.02.14-21.22.18:601][961]LogTemp: Current Speed: 1.000000
[2019.02.14-21.22.18:609][962]LogTemp: Current Speed: 0.000000
[2019.02.14-21.22.18:617][963]LogTemp: Current Speed: 0.000000
[2019.02.14-21.22.18:626][964]LogTemp: Current Speed: 0.000000
[2019.02.14-21.22.18:634][965]LogTemp: Current Speed: 0.000000
[2019.02.14-21.22.18:643][966]LogTemp: Current Speed: 0.000000
[2019.02.14-21.22.18:651][967]LogTemp: Current Speed: 0.000000
[2019.02.14-21.22.18:890][995]LogBlueprintUserMessages: Early EndPlayMap Detection: Level '/Game/VehicleCPP/Maps/VehicleExampleMap.VehicleExampleMap:PersistentLevel' has LevelScriptBlueprint '/Game/VehicleCPP/Maps/VehicleExampleMap.VehicleExampleMap:PersistentLevel.VehicleExampleMap' with GeneratedClass '/Game/VehicleCPP/Maps/VehicleExampleMap.VehicleExampleMap_C' with ClassGeneratedBy '/Game/VehicleCPP/Maps/VehicleExampleMap.VehicleExampleMap:PersistentLevel.VehicleExampleMap'
[2019.02.14-21.22.18:892][995]LogSlate: Updating window title bar state: overlay mode, drag disabled, window buttons hidden, title bar hidden
[2019.02.14-21.22.18:932][995]LogPlayLevel: Display: Shutting down PIE online subsystems
[2019.02.14-21.22.18:932][995]LogBlueprintUserMessages: Late EndPlayMap Detection: Level '/Game/VehicleCPP/Maps/VehicleExampleMap.VehicleExampleMap:PersistentLevel' has LevelScriptBlueprint '/Game/VehicleCPP/Maps/VehicleExampleMap.VehicleExampleMap:PersistentLevel.VehicleExampleMap' with GeneratedClass '/Game/VehicleCPP/Maps/VehicleExampleMap.VehicleExampleMap_C' with ClassGeneratedBy '/Game/VehicleCPP/Maps/VehicleExampleMap.VehicleExampleMap:PersistentLevel.VehicleExampleMap'
[2019.02.14-21.22.18:960][995]LogSlate: Updating window title bar state: overlay mode, drag disabled, window buttons hidden, title bar hidden
[2019.02.14-21.22.18:989][996]LogPlayLevel: Display: Destroying online subsystem :Context_3
[2019.02.14-21.22.19:768][ 79]LogSlate: FSceneViewport::OnFocusLost() reason 0
[2019.02.14-21.22.19:778][ 79]LogSlate: Took 0.005441 seconds to synchronously load lazily loaded font '../../../Engine/Content/Slate/Fonts/DroidSansMono.ttf' (77K)
[2019.02.14-21.22.20:690][183]LogTemp: Repeating last play command: Selected Viewport
[2019.02.14-21.22.20:704][183]LogBlueprintUserMessages: Early PlayInEditor Detection: Level '/Game/VehicleCPP/Maps/VehicleExampleMap.VehicleExampleMap:PersistentLevel' has LevelScriptBlueprint '/Game/VehicleCPP/Maps/VehicleExampleMap.VehicleExampleMap:PersistentLevel.VehicleExampleMap' with GeneratedClass '/Game/VehicleCPP/Maps/VehicleExampleMap.VehicleExampleMap_C' with ClassGeneratedBy '/Game/VehicleCPP/Maps/VehicleExampleMap.VehicleExampleMap:PersistentLevel.VehicleExampleMap'
[2019.02.14-21.22.20:705][183]LogPlayLevel: PlayLevel: No blueprints needed recompiling
[2019.02.14-21.22.20:705][183]PIE: New page: PIE session: VehicleExampleMap (Feb 14, 2019, 11:22:20 AM)
[2019.02.14-21.22.20:706][183]LogPlayLevel: Creating play world package: /Game/VehicleCPP/Maps/UEDPIE_0_VehicleExampleMap
[2019.02.14-21.22.20:726][183]LogPlayLevel: PIE: StaticDuplicateObject took: (0.020112s)
[2019.02.14-21.22.20:727][183]LogAIModule: Creating AISystem for world VehicleExampleMap
[2019.02.14-21.22.20:728][183]LogPlayLevel: PIE: World Init took: (0.001345s)
[2019.02.14-21.22.20:728][183]LogPlayLevel: PIE: Created PIE world by copying editor world from /Game/VehicleCPP/Maps/VehicleExampleMap.VehicleExampleMap to /Game/VehicleCPP/Maps/UEDPIE_0_VehicleExampleMap.VehicleExampleMap (0.022298s)
[2019.02.14-21.22.20:767][183]LogInit: XAudio2 using 'Headset Earphone (Razer ManO'War 7.1)' : 2 channels at 44.1 kHz using 16 bits per sample (channel mask 0x3)
[2019.02.14-21.22.20:841][183]LogInit: FAudioDevice initialized.
[2019.02.14-21.22.20:884][183]LogLoad: Game class is 'VehicleMovementGameMode'
[2019.02.14-21.22.20:889][183]LogWorld: Bringing World /Game/VehicleCPP/Maps/UEDPIE_0_VehicleExampleMap.VehicleExampleMap up for play (max tick rate 0) at 2019.02.14-16.22.20
[2019.02.14-21.22.20:890][183]LogWorld: Bringing up level for play took: 0.003042
[2019.02.14-21.22.20:905][183]PIE: Play in editor start time for /Game/VehicleCPP/Maps/UEDPIE_0_VehicleExampleMap 0.78
[2019.02.14-21.22.20:906][183]LogBlueprintUserMessages: Late PlayInEditor Detection: Level '/Game/VehicleCPP/Maps/VehicleExampleMap.VehicleExampleMap:PersistentLevel' has LevelScriptBlueprint '/Game/VehicleCPP/Maps/VehicleExampleMap.VehicleExampleMap:PersistentLevel.VehicleExampleMap' with GeneratedClass '/Game/VehicleCPP/Maps/VehicleExampleMap.VehicleExampleMap_C' with ClassGeneratedBy '/Game/VehicleCPP/Maps/VehicleExampleMap.VehicleExampleMap:PersistentLevel.VehicleExampleMap'
[2019.02.14-21.22.21:196][214]LogTemp: Current Speed: 0.000000
[2019.02.14-21.22.21:205][215]LogTemp: Current Speed: 0.000000
[2019.02.14-21.22.21:213][216]LogTemp: Current Speed: 0.000000
[2019.02.14-21.22.21:221][217]LogTemp: Current Speed: 0.000000
[2019.02.14-21.22.21:230][218]LogTemp: Current Speed: 0.000000
[2019.02.14-21.22.21:239][219]LogTemp: Current Speed: 0.000000
[2019.02.14-21.22.21:246][220]LogTemp: Current Speed: 1.000000
[2019.02.14-21.22.21:256][221]LogTemp: Current Speed: 0.000000
[2019.02.14-21.22.21:264][222]LogTemp: Current Speed: 0.000000
[2019.02.14-21.22.21:272][223]LogTemp: Current Speed: 0.000000
[2019.02.14-21.22.21:281][224]LogTemp: Current Speed: 0.000000
[2019.02.14-21.22.21:289][225]LogTemp: Current Speed: 0.000000
[2019.02.14-21.22.21:297][226]LogTemp: Current Speed: 1.000000
[2019.02.14-21.22.21:306][227]LogTemp: Current Speed: 0.000000
[2019.02.14-21.22.21:314][228]LogTemp: Current Speed: 0.000000
[2019.02.14-21.22.21:322][229]LogTemp: Current Speed: 0.000000
[2019.02.14-21.22.21:331][230]LogTemp: Current Speed: 0.000000
[2019.02.14-21.22.21:339][231]LogTemp: Current Speed: 0.000000
[2019.02.14-21.22.21:347][232]LogTemp: Current Speed: 0.000000
[2019.02.14-21.22.21:356][233]LogTemp: Current Speed: 1.000000
[2019.02.14-21.22.21:365][234]LogTemp: Current Speed: 0.000000
[2019.02.14-21.22.21:373][235]LogTemp: Current Speed: 0.000000
[2019.02.14-21.22.21:381][236]LogTemp: Current Speed: 0.000000
[2019.02.14-21.22.21:389][237]LogTemp: Current Speed: 0.000000
[2019.02.14-21.22.21:397][238]LogTemp: Current Speed: 0.000000
[2019.02.14-21.22.21:406][239]LogTemp: Current Speed: 0.000000
[2019.02.14-21.22.21:414][240]LogTemp: Current Speed: 1.000000
[2019.02.14-21.22.21:422][241]LogTemp: Current Speed: 0.000000
[2019.02.14-21.22.21:431][242]LogTemp: Current Speed: 0.000000
[2019.02.14-21.22.21:438][243]LogTemp: Current Speed: 0.000000
[2019.02.14-21.22.21:446][244]LogTemp: Current Speed: 0.000000
[2019.02.14-21.22.21:455][245]LogTemp: Current Speed: 0.000000
[2019.02.14-21.22.21:463][246]LogTemp: Current Speed: 1.000000
[2019.02.14-21.22.21:471][247]LogTemp: Current Speed: 0.000000
[2019.02.14-21.22.21:480][248]LogTemp: Current Speed: 0.000000
[2019.02.14-21.22.21:488][249]LogTemp: Current Speed: 0.000000
[2019.02.14-21.22.21:496][250]LogTemp: Current Speed: 0.000000
[2019.02.14-21.22.21:505][251]LogTemp: Current Speed: 0.000000
[2019.02.14-21.22.21:513][252]LogTemp: Current Speed: 0.000000
[2019.02.14-21.22.21:521][253]LogTemp: Current Speed: 1.000000
[2019.02.14-21.22.21:530][254]LogTemp: Current Speed: 0.000000
[2019.02.14-21.22.21:538][255]LogTemp: Current Speed: 0.000000
[2019.02.14-21.22.21:546][256]LogTemp: Current Speed: 0.000000
[2019.02.14-21.22.21:555][257]LogTemp: Current Speed: 0.000000
[2019.02.14-21.22.21:563][258]LogTemp: Current Speed: 0.000000
[2019.02.14-21.22.21:571][259]LogTemp: Current Speed: 0.000000
[2019.02.14-21.22.21:580][260]LogTemp: Current Speed: 1.000000
[2019.02.14-21.22.21:588][261]LogTemp: Current Speed: 0.000000
[2019.02.14-21.22.21:596][262]LogTemp: Current Speed: 0.000000
[2019.02.14-21.22.21:605][263]LogTemp: Current Speed: 0.000000
[2019.02.14-21.22.21:613][264]LogTemp: Current Speed: 0.000000
[2019.02.14-21.22.21:621][265]LogTemp: Current Speed: 0.000000
[2019.02.14-21.22.21:630][266]LogTemp: Current Speed: 1.000000
[2019.02.14-21.22.21:638][267]LogTemp: Current Speed: 0.000000
[2019.02.14-21.22.21:646][268]LogTemp: Current Speed: 0.000000
[2019.02.14-21.22.21:655][269]LogTemp: Current Speed: 0.000000
[2019.02.14-21.22.21:663][270]LogTemp: Current Speed: 0.000000
[2019.02.14-21.22.21:672][271]LogTemp: Current Speed: 0.000000
[2019.02.14-21.22.21:680][272]LogTemp: Current Speed: 0.000000
[2019.02.14-21.22.21:689][273]LogTemp: Current Speed: 1.000000
[2019.02.14-21.22.21:697][274]LogTemp: Current Speed: 0.000000
[2019.02.14-21.22.21:705][275]LogTemp: Current Speed: 0.000000
[2019.02.14-21.22.21:714][276]LogTemp: Current Speed: 0.000000
[2019.02.14-21.22.21:722][277]LogTemp: Current Speed: 0.000000
[2019.02.14-21.22.21:730][278]LogTemp: Current Speed: 0.000000
[2019.02.14-21.22.21:738][279]LogTemp: Current Speed: 0.000000
[2019.02.14-21.22.21:747][280]LogTemp: Current Speed: 1.000000
[2019.02.14-21.22.21:755][281]LogTemp: Current Speed: 0.000000
[2019.02.14-21.22.21:763][282]LogTemp: Current Speed: 0.000000
[2019.02.14-21.22.21:771][283]LogTemp: Current Speed: 0.000000
[2019.02.14-21.22.21:780][284]LogTemp: Current Speed: 0.000000
[2019.02.14-21.22.21:788][285]LogTemp: Current Speed: 0.000000
[2019.02.14-21.22.21:796][286]LogTemp: Current Speed: 1.000000
[2019.02.14-21.22.21:805][287]LogTemp: Current Speed: 0.000000
[2019.02.14-21.22.21:813][288]LogTemp: Current Speed: 0.000000
[2019.02.14-21.22.21:822][289]LogTemp: Current Speed: 0.000000
[2019.02.14-21.22.21:830][290]LogTemp: Current Speed: 0.000000
[2019.02.14-21.22.21:838][291]LogTemp: Current Speed: 0.000000
[2019.02.14-21.22.21:846][292]LogTemp: Current Speed: 0.000000
[2019.02.14-21.22.21:855][293]LogTemp: Current Speed: 1.000000
[2019.02.14-21.22.21:863][294]LogTemp: Current Speed: 0.000000
[2019.02.14-21.22.21:872][295]LogTemp: Current Speed: 0.000000
[2019.02.14-21.22.21:880][296]LogTemp: Current Speed: 0.000000
[2019.02.14-21.22.21:888][297]LogTemp: Current Speed: 0.000000
[2019.02.14-21.22.21:897][298]LogTemp: Current Speed: 0.000000
[2019.02.14-21.22.21:905][299]LogTemp: Current Speed: 0.000000
[2019.02.14-21.22.21:913][300]LogTemp: Current Speed: 1.000000
[2019.02.14-21.22.21:922][301]LogTemp: Current Speed: 0.000000
[2019.02.14-21.22.21:930][302]LogTemp: Current Speed: 0.000000
[2019.02.14-21.22.21:938][303]LogTemp: Current Speed: 0.000000
[2019.02.14-21.22.21:947][304]LogTemp: Current Speed: 0.000000
[2019.02.14-21.22.21:955][305]LogTemp: Current Speed: 0.000000
[2019.02.14-21.22.21:963][306]LogTemp: Current Speed: 0.000000
[2019.02.14-21.22.21:972][307]LogTemp: Current Speed: 1.000000
[2019.02.14-21.22.21:980][308]LogTemp: Current Speed: 0.000000
[2019.02.14-21.22.21:988][309]LogTemp: Current Speed: 0.000000
[2019.02.14-21.22.21:997][310]LogTemp: Current Speed: 0.000000
[2019.02.14-21.22.22:005][311]LogTemp: Current Speed: 0.000000
[2019.02.14-21.22.22:013][312]LogTemp: Current Speed: 0.000000
[2019.02.14-21.22.22:022][313]LogTemp: Current Speed: 1.000000
[2019.02.14-21.22.22:030][314]LogTemp: Current Speed: 0.000000
[2019.02.14-21.22.22:038][315]LogTemp: Current Speed: 0.000000
[2019.02.14-21.22.22:047][316]LogTemp: Current Speed: 0.000000
[2019.02.14-21.22.22:055][317]LogTemp: Current Speed: 0.000000
[2019.02.14-21.22.22:063][318]LogTemp: Current Speed: 0.000000
[2019.02.14-21.22.22:072][319]LogTemp: Current Speed: 0.000000
[2019.02.14-21.22.22:080][320]LogTemp: Current Speed: 1.000000
[2019.02.14-21.22.22:088][321]LogTemp: Current Speed: 0.000000
[2019.02.14-21.22.22:097][322]LogTemp: Current Speed: 0.000000
[2019.02.14-21.22.22:105][323]LogTemp: Current Speed: 0.000000
[2019.02.14-21.22.22:113][324]LogTemp: Current Speed: 0.000000
[2019.02.14-21.22.22:122][325]LogTemp: Current Speed: 0.000000
[2019.02.14-21.22.22:130][326]LogTemp: Current Speed: 0.000000
[2019.02.14-21.22.22:138][327]LogTemp: Current Speed: 1.000000
[2019.02.14-21.22.22:147][328]LogTemp: Current Speed: 0.000000
[2019.02.14-21.22.22:155][329]LogTemp: Current Speed: 0.000000
[2019.02.14-21.22.22:164][330]LogTemp: Current Speed: 0.000000
[2019.02.14-21.22.22:172][331]LogTemp: Current Speed: 0.000000
[2019.02.14-21.22.22:180][332]LogTemp: Current Speed: 0.000000
[2019.02.14-21.22.22:189][333]LogTemp: Current Speed: 1.000000
[2019.02.14-21.22.22:197][334]LogTemp: Current Speed: 0.000000
[2019.02.14-21.22.22:205][335]LogTemp: Current Speed: 0.000000
[2019.02.14-21.22.22:213][336]LogTemp: Current Speed: 0.000000
[2019.02.14-21.22.22:222][337]LogTemp: Current Speed: 0.000000
[2019.02.14-21.22.22:230][338]LogTemp: Current Speed: 0.000000
[2019.02.14-21.22.22:238][339]LogTemp: Current Speed: 0.000000
[2019.02.14-21.22.22:247][340]LogTemp: Current Speed: 1.000000
[2019.02.14-21.22.22:255][341]LogTemp: Current Speed: 0.000000
[2019.02.14-21.22.22:263][342]LogTemp: Current Speed: 0.000000
[2019.02.14-21.22.22:272][343]LogTemp: Current Speed: 0.000000
[2019.02.14-21.22.22:280][344]LogTemp: Current Speed: 0.000000
[2019.02.14-21.22.22:288][345]LogTemp: Current Speed: 0.000000
[2019.02.14-21.22.22:297][346]LogTemp: Current Speed: 0.000000
[2019.02.14-21.22.22:305][347]LogTemp: Current Speed: 1.000000
[2019.02.14-21.22.22:314][348]LogTemp: Current Speed: 0.000000
[2019.02.14-21.22.22:322][349]LogTemp: Current Speed: 0.000000
[2019.02.14-21.22.22:330][350]LogTemp: Current Speed: 0.000000
[2019.02.14-21.22.22:338][351]LogTemp: Current Speed: 0.000000
[2019.02.14-21.22.22:347][352]LogTemp: Current Speed: 0.000000
[2019.02.14-21.22.22:355][353]LogTemp: Current Speed: 1.000000
[2019.02.14-21.22.22:363][354]LogTemp: Current Speed: 0.000000
[2019.02.14-21.22.22:372][355]LogTemp: Current Speed: 0.000000
[2019.02.14-21.22.22:380][356]LogTemp: Current Speed: 0.000000
[2019.02.14-21.22.22:389][357]LogTemp: Current Speed: 0.000000
[2019.02.14-21.22.22:397][358]LogTemp: Current Speed: 0.000000
[2019.02.14-21.22.22:405][359]LogTemp: Current Speed: 0.000000
[2019.02.14-21.22.22:413][360]LogTemp: Current Speed: 1.000000
[2019.02.14-21.22.22:422][361]LogTemp: Current Speed: 0.000000
[2019.02.14-21.22.22:430][362]LogTemp: Current Speed: 0.000000
[2019.02.14-21.22.22:439][363]LogTemp: Current Speed: 0.000000
[2019.02.14-21.22.22:447][364]LogTemp: Current Speed: 0.000000
[2019.02.14-21.22.22:455][365]LogTemp: Current Speed: 0.000000
[2019.02.14-21.22.22:464][366]LogTemp: Current Speed: 0.000000
[2019.02.14-21.22.22:472][367]LogTemp: Current Speed: 1.000000
[2019.02.14-21.22.22:480][368]LogTemp: Current Speed: 0.000000
[2019.02.14-21.22.22:489][369]LogTemp: Current Speed: 0.000000
[2019.02.14-21.22.22:497][370]LogTemp: Current Speed: 0.000000
[2019.02.14-21.22.22:505][371]LogTemp: Current Speed: 0.000000
[2019.02.14-21.22.22:514][372]LogTemp: Current Speed: 0.000000
[2019.02.14-21.22.22:522][373]LogTemp: Current Speed: 1.000000
[2019.02.14-21.22.22:530][374]LogTemp: Current Speed: 0.000000
[2019.02.14-21.22.22:539][375]LogTemp: Current Speed: 0.000000
[2019.02.14-21.22.22:547][376]LogTemp: Current Speed: 0.000000
[2019.02.14-21.22.22:555][377]LogTemp: Current Speed: 0.000000
[2019.02.14-21.22.22:564][378]LogTemp: Current Speed: 0.000000
[2019.02.14-21.22.22:572][379]LogTemp: Current Speed: 0.000000
[2019.02.14-21.22.22:580][380]LogTemp: Current Speed: 1.000000
[2019.02.14-21.22.22:589][381]LogTemp: Current Speed: 0.000000
[2019.02.14-21.22.22:597][382]LogTemp: Current Speed: 0.000000
[2019.02.14-21.22.22:605][383]LogTemp: Current Speed: 0.000000
[2019.02.14-21.22.22:614][384]LogTemp: Current Speed: 0.000000
[2019.02.14-21.22.22:622][385]LogTemp: Current Speed: 0.000000
[2019.02.14-21.22.22:630][386]LogTemp: Current Speed: 0.000000
[2019.02.14-21.22.22:639][387]LogTemp: Current Speed: 1.000000
[2019.02.14-21.22.22:647][388]LogTemp: Current Speed: 0.000000
[2019.02.14-21.22.22:655][389]LogTemp: Current Speed: 0.000000
[2019.02.14-21.22.22:664][390]LogTemp: Current Speed: 0.000000
[2019.02.14-21.22.22:672][391]LogTemp: Current Speed: 0.000000
[2019.02.14-21.22.22:680][392]LogTemp: Current Speed: 0.000000
[2019.02.14-21.22.22:689][393]LogTemp: Current Speed: 1.000000
[2019.02.14-21.22.22:697][394]LogTemp: Current Speed: 0.000000
[2019.02.14-21.22.22:705][395]LogTemp: Current Speed: 0.000000
[2019.02.14-21.22.22:714][396]LogTemp: Current Speed: 0.000000
[2019.02.14-21.22.22:722][397]LogTemp: Current Speed: 0.000000
[2019.02.14-21.22.22:730][398]LogTemp: Current Speed: 0.000000
[2019.02.14-21.22.22:739][399]LogTemp: Current Speed: 0.000000
[2019.02.14-21.22.22:747][400]LogTemp: Current Speed: 1.000000
[2019.02.14-21.22.22:755][401]LogTemp: Current Speed: 0.000000
[2019.02.14-21.22.22:764][402]LogTemp: Current Speed: 0.000000
[2019.02.14-21.22.22:772][403]LogTemp: Current Speed: 0.000000
[2019.02.14-21.22.22:780][404]LogTemp: Current Speed: 0.000000
[2019.02.14-21.22.22:789][405]LogTemp: Current Speed: 0.000000
[2019.02.14-21.22.22:797][406]LogTemp: Current Speed: 0.000000
[2019.02.14-21.22.22:805][407]LogTemp: Current Speed: 1.000000
[2019.02.14-21.22.22:814][408]LogTemp: Current Speed: 0.000000
[2019.02.14-21.22.22:822][409]LogTemp: Current Speed: 0.000000
[2019.02.14-21.22.22:830][410]LogTemp: Current Speed: 0.000000
[2019.02.14-21.22.22:839][411]LogTemp: Current Speed: 0.000000
[2019.02.14-21.22.22:847][412]LogTemp: Current Speed: 0.000000
[2019.02.14-21.22.22:855][413]LogTemp: Current Speed: 0.000000
[2019.02.14-21.22.22:864][414]LogTemp: Current Speed: 1.000000
[2019.02.14-21.22.22:872][415]LogTemp: Current Speed: 0.000000
[2019.02.14-21.22.22:880][416]LogTemp: Current Speed: 0.000000
[2019.02.14-21.22.22:889][417]LogTemp: Current Speed: 0.000000
[2019.02.14-21.22.22:897][418]LogTemp: Current Speed: 0.000000
[2019.02.14-21.22.22:905][419]LogTemp: Current Speed: 0.000000
[2019.02.14-21.22.22:914][420]LogTemp: Current Speed: 1.000000
[2019.02.14-21.22.22:922][421]LogTemp: Current Speed: 0.000000
[2019.02.14-21.22.22:930][422]LogTemp: Current Speed: 0.000000
[2019.02.14-21.22.22:939][423]LogTemp: Current Speed: 0.000000
[2019.02.14-21.22.22:947][424]LogTemp: Current Speed: 0.000000
[2019.02.14-21.22.22:956][425]LogTemp: Current Speed: 0.000000
[2019.02.14-21.22.22:964][426]LogTemp: Current Speed: 0.000000
[2019.02.14-21.22.22:973][427]LogTemp: Current Speed: 1.000000
[2019.02.14-21.22.22:981][428]LogTemp: Current Speed: 0.000000
[2019.02.14-21.22.22:990][429]LogTemp: Current Speed: 0.000000
[2019.02.14-21.22.22:998][430]LogTemp: Current Speed: 0.000000
[2019.02.14-21.22.23:006][431]LogTemp: Current Speed: 0.000000
[2019.02.14-21.22.23:014][432]LogTemp: Current Speed: 0.000000
[2019.02.14-21.22.23:023][433]LogTemp: Current Speed: 0.000000
[2019.02.14-21.22.23:031][434]LogTemp: Current Speed: 1.000000
[2019.02.14-21.22.23:040][435]LogTemp: Current Speed: 0.000000
[2019.02.14-21.22.23:048][436]LogTemp: Current Speed: 0.000000
[2019.02.14-21.22.23:056][437]LogTemp: Current Speed: 0.000000
[2019.02.14-21.22.23:065][438]LogTemp: Current Speed: 0.000000
[2019.02.14-21.22.23:073][439]LogTemp: Current Speed: 0.000000
[2019.02.14-21.22.23:081][440]LogTemp: Current Speed: 0.000000
[2019.02.14-21.22.23:090][441]LogTemp: Current Speed: 1.000000
[2019.02.14-21.22.23:098][442]LogTemp: Current Speed: 0.000000
[2019.02.14-21.22.23:106][443]LogTemp: Current Speed: 0.000000
[2019.02.14-21.22.23:115][444]LogTemp: Current Speed: 0.000000
[2019.02.14-21.22.23:123][445]LogTemp: Current Speed: 0.000000
[2019.02.14-21.22.23:131][446]LogTemp: Current Speed: 0.000000
[2019.02.14-21.22.23:140][447]LogTemp: Current Speed: 0.000000
[2019.02.14-21.22.23:148][448]LogTemp: Current Speed: 1.000000
[2019.02.14-21.22.23:156][449]LogTemp: Current Speed: 0.000000
[2019.02.14-21.22.23:164][450]LogTemp: Current Speed: 0.000000
[2019.02.14-21.22.23:172][451]LogTemp: Current Speed: 0.000000
[2019.02.14-21.22.23:181][452]LogTemp: Current Speed: 0.000000
[2019.02.14-21.22.23:189][453]LogTemp: Current Speed: 0.000000
[2019.02.14-21.22.23:197][454]LogTemp: Current Speed: 1.000000
[2019.02.14-21.22.23:206][455]LogTemp: Current Speed: 0.000000
[2019.02.14-21.22.23:214][456]LogTemp: Current Speed: 0.000000
[2019.02.14-21.22.23:222][457]LogTemp: Current Speed: 0.000000
[2019.02.14-21.22.23:231][458]LogTemp: Current Speed: 0.000000
[2019.02.14-21.22.23:239][459]LogTemp: Current Speed: 0.000000
[2019.02.14-21.22.23:247][460]LogTemp: Current Speed: 0.000000
[2019.02.14-21.22.23:256][461]LogTemp: Current Speed: 1.000000
[2019.02.14-21.22.23:264][462]LogTemp: Current Speed: 0.000000
[2019.02.14-21.22.23:272][463]LogTemp: Current Speed: 0.000000
[2019.02.14-21.22.23:281][464]LogTemp: Current Speed: 0.000000
[2019.02.14-21.22.23:289][465]LogTemp: Current Speed: 0.000000
[2019.02.14-21.22.23:298][466]LogTemp: Current Speed: 0.000000
[2019.02.14-21.22.23:306][467]LogTemp: Current Speed: 0.000000
[2019.02.14-21.22.23:314][468]LogTemp: Current Speed: 1.000000
[2019.02.14-21.22.23:323][469]LogTemp: Current Speed: 0.000000
[2019.02.14-21.22.23:331][470]LogTemp: Current Speed: 0.000000
[2019.02.14-21.22.23:339][471]LogTemp: Current Speed: 0.000000
[2019.02.14-21.22.23:348][472]LogTemp: Current Speed: 0.000000
[2019.02.14-21.22.23:356][473]LogTemp: Current Speed: 0.000000
[2019.02.14-21.22.23:364][474]LogTemp: Current Speed: 1.000000
[2019.02.14-21.22.23:373][475]LogTemp: Current Speed: 0.000000
[2019.02.14-21.22.23:381][476]LogTemp: Current Speed: 0.000000
[2019.02.14-21.22.23:389][477]LogTemp: Current Speed: 0.000000
[2019.02.14-21.22.23:398][478]LogTemp: Current Speed: 0.000000
[2019.02.14-21.22.23:406][479]LogTemp: Current Speed: 0.000000
[2019.02.14-21.22.23:414][480]LogTemp: Current Speed: 0.000000
[2019.02.14-21.22.23:423][481]LogTemp: Current Speed: 1.000000
[2019.02.14-21.22.23:431][482]LogTemp: Current Speed: 0.000000
[2019.02.14-21.22.23:439][483]LogTemp: Current Speed: 0.000000
[2019.02.14-21.22.23:448][484]LogTemp: Current Speed: 0.000000
[2019.02.14-21.22.23:456][485]LogTemp: Current Speed: 0.000000
[2019.02.14-21.22.23:464][486]LogTemp: Current Speed: 0.000000
[2019.02.14-21.22.23:473][487]LogTemp: Current Speed: 0.000000
[2019.02.14-21.22.23:481][488]LogTemp: Current Speed: 1.000000
[2019.02.14-21.22.23:489][489]LogTemp: Current Speed: 0.000000
[2019.02.14-21.22.23:498][490]LogTemp: Current Speed: 0.000000
[2019.02.14-21.22.23:506][491]LogTemp: Current Speed: 0.000000
[2019.02.14-21.22.23:514][492]LogTemp: Current Speed: 0.000000
[2019.02.14-21.22.23:523][493]LogTemp: Current Speed: 0.000000
[2019.02.14-21.22.23:531][494]LogTemp: Current Speed: 1.000000
[2019.02.14-21.22.23:539][495]LogTemp: Current Speed: 0.000000
[2019.02.14-21.22.23:548][496]LogTemp: Current Speed: 0.000000
[2019.02.14-21.22.23:556][497]LogTemp: Current Speed: 0.000000
[2019.02.14-21.22.23:564][498]LogTemp: Current Speed: 0.000000
[2019.02.14-21.22.23:573][499]LogTemp: Current Speed: 0.000000
[2019.02.14-21.22.23:581][500]LogTemp: Current Speed: 0.000000
[2019.02.14-21.22.23:589][501]LogTemp: Current Speed: 1.000000
[2019.02.14-21.22.23:598][502]LogTemp: Current Speed: 0.000000
[2019.02.14-21.22.23:606][503]LogTemp: Current Speed: 0.000000
[2019.02.14-21.22.23:614][504]LogTemp: Current Speed: 0.000000
[2019.02.14-21.22.23:623][505]LogTemp: Current Speed: 0.000000
[2019.02.14-21.22.23:631][506]LogTemp: Current Speed: 0.000000
[2019.02.14-21.22.23:639][507]LogTemp: Current Speed: 0.000000
[2019.02.14-21.22.23:648][508]LogTemp: Current Speed: 1.000000
[2019.02.14-21.22.23:656][509]LogTemp: Current Speed: 0.000000
[2019.02.14-21.22.23:664][510]LogTemp: Current Speed: 0.000000
[2019.02.14-21.22.23:673][511]LogTemp: Current Speed: 0.000000
[2019.02.14-21.22.23:681][512]LogTemp: Current Speed: 0.000000
[2019.02.14-21.22.23:689][513]LogTemp: Current Speed: 0.000000
[2019.02.14-21.22.23:698][514]LogTemp: Current Speed: 1.000000
[2019.02.14-21.22.23:706][515]LogTemp: Current Speed: 0.000000
[2019.02.14-21.22.23:714][516]LogTemp: Current Speed: 0.000000
[2019.02.14-21.22.23:723][517]LogTemp: Current Speed: 0.000000
[2019.02.14-21.22.23:731][518]LogTemp: Current Speed: 0.000000
[2019.02.14-21.22.23:740][519]LogTemp: Current Speed: 0.000000
[2019.02.14-21.22.23:748][520]LogTemp: Current Speed: 0.000000
[2019.02.14-21.22.23:756][521]LogTemp: Current Speed: 1.000000
[2019.02.14-21.22.23:764][522]LogTemp: Current Speed: 0.000000
[2019.02.14-21.22.23:773][523]LogTemp: Current Speed: 0.000000
[2019.02.14-21.22.23:781][524]LogTemp: Current Speed: 0.000000
[2019.02.14-21.22.23:789][525]LogTemp: Current Speed: 0.000000
[2019.02.14-21.22.23:798][526]LogTemp: Current Speed: 0.000000
[2019.02.14-21.22.23:806][527]LogTemp: Current Speed: 0.000000
[2019.02.14-21.22.23:814][528]LogTemp: Current Speed: 1.000000
[2019.02.14-21.22.23:823][529]LogTemp: Current Speed: 0.000000
[2019.02.14-21.22.23:831][530]LogTemp: Current Speed: 0.000000
[2019.02.14-21.22.23:839][531]LogTemp: Current Speed: 0.000000
[2019.02.14-21.22.23:848][532]LogTemp: Current Speed: 0.000000
[2019.02.14-21.22.23:856][533]LogTemp: Current Speed: 0.000000
[2019.02.14-21.22.23:864][534]LogTemp: Current Speed: 1.000000
[2019.02.14-21.22.23:873][535]LogTemp: Current Speed: 0.000000
[2019.02.14-21.22.23:881][536]LogTemp: Current Speed: 0.000000
[2019.02.14-21.22.23:889][537]LogTemp: Current Speed: 0.000000
[2019.02.14-21.22.23:898][538]LogTemp: Current Speed: 0.000000
[2019.02.14-21.22.23:906][539]LogTemp: Current Speed: 0.000000
[2019.02.14-21.22.23:914][540]LogTemp: Current Speed: 0.000000
[2019.02.14-21.22.23:923][541]LogTemp: Current Speed: 1.000000
[2019.02.14-21.22.23:931][542]LogTemp: Current Speed: 0.000000
[2019.02.14-21.22.23:939][543]LogTemp: Current Speed: 0.000000
[2019.02.14-21.22.23:948][544]LogTemp: Current Speed: 0.000000
[2019.02.14-21.22.23:956][545]LogTemp: Current Speed: 0.000000
[2019.02.14-21.22.23:965][546]LogTemp: Current Speed: 0.000000
[2019.02.14-21.22.23:973][547]LogTemp: Current Speed: 0.000000
[2019.02.14-21.22.23:981][548]LogTemp: Current Speed: 1.000000
[2019.02.14-21.22.23:990][549]LogTemp: Current Speed: 0.000000
[2019.02.14-21.22.23:998][550]LogTemp: Current Speed: 0.000000
[2019.02.14-21.22.24:006][551]LogTemp: Current Speed: 0.000000
[2019.02.14-21.22.24:015][552]LogTemp: Current Speed: 0.000000
[2019.02.14-21.22.24:023][553]LogTemp: Current Speed: 0.000000
[2019.02.14-21.22.24:031][554]LogTemp: Current Speed: 0.000000
[2019.02.14-21.22.24:040][555]LogTemp: Current Speed: 1.000000
[2019.02.14-21.22.24:048][556]LogTemp: Current Speed: 0.000000
[2019.02.14-21.22.24:056][557]LogTemp: Current Speed: 0.000000
[2019.02.14-21.22.24:065][558]LogTemp: Current Speed: 0.000000
[2019.02.14-21.22.24:073][559]LogTemp: Current Speed: 0.000000
[2019.02.14-21.22.24:081][560]LogTemp: Current Speed: 0.000000
[2019.02.14-21.22.24:090][561]LogTemp: Current Speed: 1.000000
[2019.02.14-21.22.24:098][562]LogTemp: Current Speed: 0.000000
[2019.02.14-21.22.24:106][563]LogTemp: Current Speed: 0.000000
[2019.02.14-21.22.24:115][564]LogTemp: Current Speed: 0.000000
[2019.02.14-21.22.24:123][565]LogTemp: Current Speed: 0.000000
[2019.02.14-21.22.24:131][566]LogTemp: Current Speed: 0.000000
[2019.02.14-21.22.24:140][567]LogTemp: Current Speed: 0.000000
[2019.02.14-21.22.24:148][568]LogTemp: Current Speed: 1.000000
[2019.02.14-21.22.24:156][569]LogTemp: Current Speed: 0.000000
[2019.02.14-21.22.24:165][570]LogTemp: Current Speed: 0.000000
[2019.02.14-21.22.24:173][571]LogTemp: Current Speed: 0.000000
[2019.02.14-21.22.24:181][572]LogTemp: Current Speed: 0.000000
[2019.02.14-21.22.24:190][573]LogTemp: Current Speed: 0.000000
[2019.02.14-21.22.24:198][574]LogTemp: Current Speed: 0.000000
[2019.02.14-21.22.24:206][575]LogTemp: Current Speed: 1.000000
[2019.02.14-21.22.24:215][576]LogTemp: Current Speed: 0.000000
[2019.02.14-21.22.24:223][577]LogTemp: Current Speed: 0.000000
[2019.02.14-21.22.24:231][578]LogTemp: Current Speed: 0.000000
[2019.02.14-21.22.24:240][579]LogTemp: Current Speed: 0.000000
[2019.02.14-21.22.24:248][580]LogTemp: Current Speed: 0.000000
[2019.02.14-21.22.24:256][581]LogTemp: Current Speed: 1.000000
[2019.02.14-21.22.24:265][582]LogTemp: Current Speed: 0.000000
[2019.02.14-21.22.24:273][583]LogTemp: Current Speed: 0.000000
[2019.02.14-21.22.24:281][584]LogTemp: Current Speed: 0.000000
[2019.02.14-21.22.24:290][585]LogTemp: Current Speed: 0.000000
[2019.02.14-21.22.24:298][586]LogTemp: Current Speed: 0.000000
[2019.02.14-21.22.24:306][587]LogTemp: Current Speed: 0.000000
[2019.02.14-21.22.24:315][588]LogTemp: Current Speed: 1.000000
[2019.02.14-21.22.24:323][589]LogTemp: Current Speed: 0.000000
[2019.02.14-21.22.25:241][699]LogTemp: Current Speed: 0.000000
[2019.02.14-21.22.25:250][700]LogTemp: Current Speed: 0.000000
[2019.02.14-21.22.25:258][701]LogTemp: Current Speed: 0.000000
[2019.02.14-21.22.25:266][702]LogTemp: Current Speed: 0.000000
[2019.02.14-21.22.25:275][703]LogTemp: Current Speed: 1.000000
[2019.02.14-21.22.25:283][704]LogTemp: Current Speed: 0.000000
[2019.02.14-21.22.25:291][705]LogTemp: Current Speed: 0.000000
[2019.02.14-21.22.25:300][706]LogTemp: Current Speed: 0.000000
[2019.02.14-21.22.25:308][707]LogTemp: Current Speed: 0.000000
[2019.02.14-21.22.25:667][750]LogTemp: Current Speed: 0.000000
[2019.02.14-21.22.25:675][751]LogTemp: Current Speed: 0.000000
[2019.02.14-21.22.25:683][752]LogTemp: Current Speed: 0.000000
[2019.02.14-21.22.25:692][753]LogTemp: Current Speed: 0.000000
[2019.02.14-21.22.25:700][754]LogTemp: Current Speed: 0.000000
[2019.02.14-21.22.25:708][755]LogTemp: Current Speed: 0.000000
[2019.02.14-21.22.25:717][756]LogTemp: Current Speed: 1.000000
[2019.02.14-21.22.25:725][757]LogTemp: Current Speed: 0.000000
[2019.02.14-21.22.25:733][758]LogTemp: Current Speed: 0.000000
[2019.02.14-21.22.26:326][829]LogTemp: Current Speed: 0.000000
[2019.02.14-21.22.26:333][830]LogTemp: Current Speed: 1.000000
[2019.02.14-21.22.26:342][831]LogTemp: Current Speed: 0.000000
[2019.02.14-21.22.26:350][832]LogTemp: Current Speed: 0.000000
[2019.02.14-21.22.26:359][833]LogTemp: Current Speed: 0.000000
[2019.02.14-21.22.26:367][834]LogTemp: Current Speed: 0.000000
[2019.02.14-21.22.26:375][835]LogTemp: Current Speed: 0.000000
[2019.02.14-21.22.26:384][836]LogTemp: Current Speed: 0.000000
[2019.02.14-21.22.26:392][837]LogTemp: Current Speed: 1.000000
[2019.02.14-21.22.26:400][838]LogTemp: Current Speed: 0.000000
[2019.02.14-21.22.26:409][839]LogTemp: Current Speed: 0.000000
[2019.02.14-21.22.26:417][840]LogTemp: Current Speed: 0.000000
[2019.02.14-21.22.26:425][841]LogTemp: Current Speed: 0.000000
[2019.02.14-21.22.26:434][842]LogTemp: Current Speed: 0.000000
[2019.02.14-21.22.26:809][887]LogTemp: Current Speed: 0.000000
[2019.02.14-21.22.26:817][888]LogTemp: Current Speed: 0.000000
[2019.02.14-21.22.26:826][889]LogTemp: Current Speed: 0.000000
[2019.02.14-21.22.26:834][890]LogTemp: Current Speed: 1.000000
[2019.02.14-21.22.26:842][891]LogTemp: Current Speed: 0.000000
[2019.02.14-21.22.26:850][892]LogTemp: Current Speed: 0.000000
[2019.02.14-21.22.26:859][893]LogTemp: Current Speed: 0.000000
[2019.02.14-21.22.26:867][894]LogTemp: Current Speed: 0.000000
[2019.02.14-21.22.26:875][895]LogTemp: Current Speed: 0.000000
[2019.02.14-21.22.26:884][896]LogTemp: Current Speed: 0.000000
[2019.02.14-21.22.26:892][897]LogTemp: Current Speed: 1.000000
[2019.02.14-21.22.26:900][898]LogTemp: Current Speed: 0.000000
[2019.02.14-21.22.26:909][899]LogTemp: Current Speed: 0.000000
[2019.02.14-21.22.27:309][947]LogTemp: Current Speed: 0.000000
[2019.02.14-21.22.27:317][948]LogTemp: Current Speed: 0.000000
[2019.02.14-21.22.27:325][949]LogTemp: Current Speed: 0.000000
[2019.02.14-21.22.27:334][950]LogTemp: Current Speed: 1.000000
[2019.02.14-21.22.27:342][951]LogTemp: Current Speed: 0.000000
[2019.02.14-21.22.27:350][952]LogTemp: Current Speed: 0.000000
[2019.02.14-21.22.27:359][953]LogTemp: Current Speed: 0.000000
[2019.02.14-21.22.27:367][954]LogTemp: Current Speed: 0.000000
[2019.02.14-21.22.27:375][955]LogTemp: Current Speed: 0.000000
[2019.02.14-21.22.27:384][956]LogTemp: Current Speed: 0.000000
[2019.02.14-21.22.27:392][957]LogTemp: Current Speed: 1.000000
[2019.02.14-21.22.27:400][958]LogTemp: Current Speed: 0.000000
[2019.02.14-21.22.28:626][105]LogBlueprintUserMessages: Early EndPlayMap Detection: Level '/Game/VehicleCPP/Maps/VehicleExampleMap.VehicleExampleMap:PersistentLevel' has LevelScriptBlueprint '/Game/VehicleCPP/Maps/VehicleExampleMap.VehicleExampleMap:PersistentLevel.VehicleExampleMap' with GeneratedClass '/Game/VehicleCPP/Maps/VehicleExampleMap.VehicleExampleMap_C' with ClassGeneratedBy '/Game/VehicleCPP/Maps/VehicleExampleMap.VehicleExampleMap:PersistentLevel.VehicleExampleMap'
[2019.02.14-21.22.28:627][105]LogSlate: Updating window title bar state: overlay mode, drag disabled, window buttons hidden, title bar hidden
[2019.02.14-21.22.28:668][105]LogPlayLevel: Display: Shutting down PIE online subsystems
[2019.02.14-21.22.28:668][105]LogBlueprintUserMessages: Late EndPlayMap Detection: Level '/Game/VehicleCPP/Maps/VehicleExampleMap.VehicleExampleMap:PersistentLevel' has LevelScriptBlueprint '/Game/VehicleCPP/Maps/VehicleExampleMap.VehicleExampleMap:PersistentLevel.VehicleExampleMap' with GeneratedClass '/Game/VehicleCPP/Maps/VehicleExampleMap.VehicleExampleMap_C' with ClassGeneratedBy '/Game/VehicleCPP/Maps/VehicleExampleMap.VehicleExampleMap:PersistentLevel.VehicleExampleMap'
[2019.02.14-21.22.28:694][105]LogSlate: Updating window title bar state: overlay mode, drag disabled, window buttons hidden, title bar hidden
[2019.02.14-21.22.28:748][107]LogPlayLevel: Display: Destroying online subsystem :Context_4
[2019.02.14-21.22.29:853][188]LogRenderer: Reallocating scene render targets to support 1172x596 Format 10 NumSamples 1 (Frame:11144).
[2019.02.14-21.22.31:658][310]LogRenderer: Reallocating scene render targets to support 1528x696 Format 10 NumSamples 1 (Frame:11270).
[2019.02.14-21.22.49:758][903]LogSlate: FSceneViewport::OnFocusLost() reason 0
[2019.02.14-21.22.52:349][111]LogSlate: FSceneViewport::OnFocusLost() reason 0
[2019.02.14-21.22.52:437][120]LogTemp: Repeating last play command: Selected Viewport
[2019.02.14-21.22.52:451][120]LogBlueprintUserMessages: Early PlayInEditor Detection: Level '/Game/VehicleCPP/Maps/VehicleExampleMap.VehicleExampleMap:PersistentLevel' has LevelScriptBlueprint '/Game/VehicleCPP/Maps/VehicleExampleMap.VehicleExampleMap:PersistentLevel.VehicleExampleMap' with GeneratedClass '/Game/VehicleCPP/Maps/VehicleExampleMap.VehicleExampleMap_C' with ClassGeneratedBy '/Game/VehicleCPP/Maps/VehicleExampleMap.VehicleExampleMap:PersistentLevel.VehicleExampleMap'
[2019.02.14-21.22.52:453][120]LogPlayLevel: PlayLevel: No blueprints needed recompiling
[2019.02.14-21.22.52:453][120]PIE: New page: PIE session: VehicleExampleMap (Feb 14, 2019, 11:22:52 AM)
[2019.02.14-21.22.52:454][120]LogPlayLevel: Creating play world package: /Game/VehicleCPP/Maps/UEDPIE_0_VehicleExampleMap
[2019.02.14-21.22.52:478][120]LogPlayLevel: PIE: StaticDuplicateObject took: (0.023955s)
[2019.02.14-21.22.52:479][120]LogAIModule: Creating AISystem for world VehicleExampleMap
[2019.02.14-21.22.52:480][120]LogPlayLevel: PIE: World Init took: (0.001537s)
[2019.02.14-21.22.52:480][120]LogPlayLevel: PIE: Created PIE world by copying editor world from /Game/VehicleCPP/Maps/VehicleExampleMap.VehicleExampleMap to /Game/VehicleCPP/Maps/UEDPIE_0_VehicleExampleMap.VehicleExampleMap (0.026378s)
[2019.02.14-21.22.52:528][120]LogInit: XAudio2 using 'Headset Earphone (Razer ManO'War 7.1)' : 2 channels at 44.1 kHz using 16 bits per sample (channel mask 0x3)
[2019.02.14-21.22.53:368][120]LogInit: FAudioDevice initialized.
[2019.02.14-21.22.53:404][120]LogLoad: Game class is 'VehicleMovementGameMode'
[2019.02.14-21.22.53:408][120]LogWorld: Bringing World /Game/VehicleCPP/Maps/UEDPIE_0_VehicleExampleMap.VehicleExampleMap up for play (max tick rate 0) at 2019.02.14-16.22.53
[2019.02.14-21.22.53:409][120]LogWorld: Bringing up level for play took: 0.002850
[2019.02.14-21.22.53:424][120]PIE: Play in editor start time for /Game/VehicleCPP/Maps/UEDPIE_0_VehicleExampleMap 1.3
[2019.02.14-21.22.53:433][120]LogBlueprintUserMessages: Late PlayInEditor Detection: Level '/Game/VehicleCPP/Maps/VehicleExampleMap.VehicleExampleMap:PersistentLevel' has LevelScriptBlueprint '/Game/VehicleCPP/Maps/VehicleExampleMap.VehicleExampleMap:PersistentLevel.VehicleExampleMap' with GeneratedClass '/Game/VehicleCPP/Maps/VehicleExampleMap.VehicleExampleMap_C' with ClassGeneratedBy '/Game/VehicleCPP/Maps/VehicleExampleMap.VehicleExampleMap:PersistentLevel.VehicleExampleMap'
[2019.02.14-21.22.54:299][196]LogTemp: Current Speed: 0.000000
[2019.02.14-21.22.54:307][197]LogTemp: Current Speed: 0.000000
[2019.02.14-21.22.54:316][198]LogTemp: Current Speed: 0.000000
[2019.02.14-21.22.54:324][199]LogTemp: Current Speed: 1.000000
[2019.02.14-21.22.54:332][200]LogTemp: Current Speed: 0.000000
[2019.02.14-21.22.54:341][201]LogTemp: Current Speed: 0.000000
[2019.02.14-21.22.54:349][202]LogTemp: Current Speed: 0.000000
[2019.02.14-21.22.54:357][203]LogTemp: Current Speed: 0.000000
[2019.02.14-21.22.54:366][204]LogTemp: Current Speed: 0.000000
[2019.02.14-21.22.54:858][263]LogTemp: Current Speed: 0.000000
[2019.02.14-21.22.54:866][264]LogTemp: Current Speed: 0.000000
[2019.02.14-21.22.54:874][265]LogTemp: Current Speed: 0.000000
[2019.02.14-21.22.54:882][266]LogTemp: Current Speed: 1.000000
[2019.02.14-21.22.54:890][267]LogTemp: Current Speed: 0.000000
[2019.02.14-21.22.54:898][268]LogTemp: Current Speed: 0.000000
[2019.02.14-21.22.54:907][269]LogTemp: Current Speed: 0.000000
[2019.02.14-21.22.55:266][312]LogTemp: Current Speed: 0.000000
[2019.02.14-21.22.55:274][313]LogTemp: Current Speed: 1.000000
[2019.02.14-21.22.55:282][314]LogTemp: Current Speed: 0.000000
[2019.02.14-21.22.55:290][315]LogTemp: Current Speed: 0.000000
[2019.02.14-21.22.55:299][316]LogTemp: Current Speed: 0.000000
[2019.02.14-21.22.55:307][317]LogTemp: Current Speed: 0.000000
[2019.02.14-21.22.55:608][353]LogTemp: Current Speed: 0.000000
[2019.02.14-21.22.55:616][354]LogTemp: Current Speed: 0.000000
[2019.02.14-21.22.55:625][355]LogTemp: Current Speed: 0.000000
[2019.02.14-21.22.55:633][356]LogTemp: Current Speed: 0.000000
[2019.02.14-21.22.55:641][357]LogTemp: Current Speed: 0.000000
[2019.02.14-21.22.55:650][358]LogTemp: Current Speed: 0.000000
[2019.02.14-21.22.55:658][359]LogTemp: Current Speed: 0.000000
[2019.02.14-21.22.55:667][360]LogTemp: Current Speed: 1.000000
[2019.02.14-21.22.55:675][361]LogTemp: Current Speed: 0.000000
[2019.02.14-21.22.56:359][443]LogTemp: Current Speed: 0.000000
[2019.02.14-21.22.56:368][444]LogTemp: Current Speed: 0.000000
[2019.02.14-21.22.56:376][445]LogTemp: Current Speed: 0.000000
[2019.02.14-21.22.56:384][446]LogTemp: Current Speed: 0.000000
[2019.02.14-21.22.56:393][447]LogTemp: Current Speed: 0.000000
[2019.02.14-21.22.56:838][500]LogTemp: Current Speed: 0.000000
[2019.02.14-21.22.56:846][501]LogTemp: Current Speed: 0.000000
[2019.02.14-21.22.56:855][502]LogTemp: Current Speed: 0.000000
[2019.02.14-21.22.56:863][503]LogTemp: Current Speed: 0.000000
[2019.02.14-21.22.56:872][504]LogTemp: Current Speed: 1.000000
[2019.02.14-21.22.56:880][505]LogTemp: Current Speed: 0.000000
[2019.02.14-21.22.56:888][506]LogTemp: Current Speed: 0.000000
[2019.02.14-21.22.56:897][507]LogTemp: Current Speed: 0.000000
[2019.02.14-21.22.56:905][508]LogTemp: Current Speed: 0.000000
[2019.02.14-21.23.08:809][934]LogBlueprintUserMessages: Early EndPlayMap Detection: Level '/Game/VehicleCPP/Maps/VehicleExampleMap.VehicleExampleMap:PersistentLevel' has LevelScriptBlueprint '/Game/VehicleCPP/Maps/VehicleExampleMap.VehicleExampleMap:PersistentLevel.VehicleExampleMap' with GeneratedClass '/Game/VehicleCPP/Maps/VehicleExampleMap.VehicleExampleMap_C' with ClassGeneratedBy '/Game/VehicleCPP/Maps/VehicleExampleMap.VehicleExampleMap:PersistentLevel.VehicleExampleMap'
[2019.02.14-21.23.08:812][934]LogSlate: Updating window title bar state: overlay mode, drag disabled, window buttons hidden, title bar hidden
[2019.02.14-21.23.08:853][934]LogPlayLevel: Display: Shutting down PIE online subsystems
[2019.02.14-21.23.08:854][934]LogBlueprintUserMessages: Late EndPlayMap Detection: Level '/Game/VehicleCPP/Maps/VehicleExampleMap.VehicleExampleMap:PersistentLevel' has LevelScriptBlueprint '/Game/VehicleCPP/Maps/VehicleExampleMap.VehicleExampleMap:PersistentLevel.VehicleExampleMap' with GeneratedClass '/Game/VehicleCPP/Maps/VehicleExampleMap.VehicleExampleMap_C' with ClassGeneratedBy '/Game/VehicleCPP/Maps/VehicleExampleMap.VehicleExampleMap:PersistentLevel.VehicleExampleMap'
[2019.02.14-21.23.08:880][934]LogSlate: Updating window title bar state: overlay mode, drag disabled, window buttons hidden, title bar hidden
[2019.02.14-21.23.08:937][936]LogPlayLevel: Display: Destroying online subsystem :Context_6
