Log file open, 03/03/19 15:25:20
LogWindows: Failed to load 'aqProf.dll' (GetLastError=126)
LogWindows: File 'aqProf.dll' does not exist
LogWindows: Failed to load 'VSPerf140.dll' (GetLastError=126)
LogWindows: File 'VSPerf140.dll' does not exist
LogWindows: Failed to load 'VtuneApi.dll' (GetLastError=126)
LogWindows: File 'VtuneApi.dll' does not exist
LogWindows: Failed to load 'VtuneApi32e.dll' (GetLastError=126)
LogWindows: File 'VtuneApi32e.dll' does not exist
LogInit: Display: Running engine for game: VehicleMovement
LogPlatformFile: Not using cached read wrapper
LogTaskGraph: Started task graph with 5 named threads and 20 total threads with 3 sets of task threads.
LogStats: Stats thread started at 0.261763
LogD3D11RHI: Loaded GFSDK_Aftermath_Lib.x64.dll
LogICUInternationalization: Display: ICU TimeZone Detection - Raw Offset: -5:00, Platform Override: ''
LogPluginManager: Mounting plugin Paper2D
LogPluginManager: Mounting plugin AISupport
LogPluginManager: Mounting plugin LightPropagationVolume
LogPluginManager: Mounting plugin CLionSourceCodeAccess
LogPluginManager: Mounting plugin CodeLiteSourceCodeAccess
LogPluginManager: Mounting plugin GitSourceControl
LogPluginManager: Mounting plugin KDevelopSourceCodeAccess
LogPluginManager: Mounting plugin NullSourceCodeAccess
LogPluginManager: Mounting plugin PerforceSourceControl
LogPluginManager: Mounting plugin SubversionSourceControl
LogPluginManager: Mounting plugin UObjectPlugin
LogPluginManager: Mounting plugin VisualStudioCodeSourceCodeAccess
LogPluginManager: Mounting plugin VisualStudioSourceCodeAccess
LogPluginManager: Mounting plugin XCodeSourceCodeAccess
LogPluginManager: Mounting plugin AssetManagerEditor
LogPluginManager: Mounting plugin CryptoKeys
LogPluginManager: Mounting plugin DataValidation
LogPluginManager: Mounting plugin FacialAnimation
LogPluginManager: Mounting plugin GameplayTagsEditor
LogPluginManager: Mounting plugin MacGraphicsSwitching
LogPluginManager: Mounting plugin MeshEditor
LogPluginManager: Mounting plugin MobileLauncherProfileWizard
LogPluginManager: Mounting plugin PluginBrowser
LogPluginManager: Mounting plugin SpeedTreeImporter
LogPluginManager: Mounting plugin DatasmithContent
LogPluginManager: Mounting plugin AlembicImporter
LogPluginManager: Mounting plugin AppleImageUtils
LogPluginManager: Mounting plugin AppleVision
LogPluginManager: Mounting plugin BackChannel
LogPluginManager: Mounting plugin CharacterAI
LogPluginManager: Mounting plugin GeometryCache
LogPluginManager: Mounting plugin HTML5Networking
LogPluginManager: Mounting plugin ProxyLODPlugin
LogPluginManager: Mounting plugin RawInput
LogPluginManager: Mounting plugin MagicLeap
LogPluginManager: Mounting plugin MagicLeapEmulator
LogPluginManager: Mounting plugin MagicLeapMedia
LogPluginManager: Mounting plugin AndroidMedia
LogPluginManager: Mounting plugin AvfMedia
LogPluginManager: Mounting plugin ImgMedia
LogPluginManager: Mounting plugin LinearTimecode
LogPluginManager: Mounting plugin MediaCompositing
LogPluginManager: Mounting plugin MediaPlayerEditor
LogPluginManager: Mounting plugin WmfMedia
LogPluginManager: Mounting plugin TcpMessaging
LogPluginManager: Mounting plugin UdpMessaging
LogPluginManager: Mounting plugin ActorSequence
LogPluginManager: Mounting plugin LevelSequenceEditor
LogPluginManager: Mounting plugin MatineeToLevelSequence
LogPluginManager: Mounting plugin NetcodeUnitTest
LogPluginManager: Mounting plugin NUTUnrealEngine4
LogPluginManager: Mounting plugin OnlineSubsystemGooglePlay
LogPluginManager: Mounting plugin OnlineSubsystemIOS
LogPluginManager: Mounting plugin OnlineSubsystem
LogPluginManager: Mounting plugin OnlineSubsystemNull
LogPluginManager: Mounting plugin OnlineSubsystemUtils
LogPluginManager: Mounting plugin LauncherChunkInstaller
LogPluginManager: Mounting plugin AndroidDeviceProfileSelector
LogPluginManager: Mounting plugin AndroidMoviePlayer
LogPluginManager: Mounting plugin AndroidPermission
LogPluginManager: Mounting plugin AppleMoviePlayer
LogPluginManager: Mounting plugin ArchVisCharacter
LogPluginManager: Mounting plugin AudioCapture
LogPluginManager: Mounting plugin CableComponent
LogPluginManager: Mounting plugin CustomMeshComponent
LogPluginManager: Mounting plugin EditableMesh
LogPluginManager: Mounting plugin ExampleDeviceProfileSelector
LogPluginManager: Mounting plugin GoogleCloudMessaging
LogPluginManager: Mounting plugin ImmediatePhysics
LogPluginManager: Mounting plugin IOSDeviceProfileSelector
LogPluginManager: Mounting plugin LinuxDeviceProfileSelector
LogPluginManager: Mounting plugin LocationServicesBPLibrary
LogPluginManager: Mounting plugin MobilePatchingUtils
LogPluginManager: Mounting plugin OculusVR
LogPluginManager: Plugin shader directory ../../../Engine/Plugins/Runtime/Oculus/OculusVR/Shaders found
LogPluginManager: Mapping shader source directory ../../../Engine/Plugins/Runtime/Oculus/OculusVR/Shaders to virtual directory /Plugin/OculusVR
LogPluginManager: Mounting plugin PhysXVehicles
LogPluginManager: Mounting plugin ProceduralMeshComponent
LogPluginManager: Mounting plugin RuntimePhysXCooking
LogPluginManager: Mounting plugin SteamVR
LogPluginManager: Mounting plugin WindowsMoviePlayer
LogStreaming: Display: Took  0.258s to configure plugins.
LogInit: Using libcurl 7.55.1-DEV
LogInit:  - built for x86_64-pc-win32
LogInit:  - supports SSL with OpenSSL/1.0.2h
LogInit:  - supports HTTP deflate (compression) using libz 1.2.8
LogInit:  - other features:
LogInit:      CURL_VERSION_SSL
LogInit:      CURL_VERSION_LIBZ
LogInit:      CURL_VERSION_IPV6
LogInit:      CURL_VERSION_ASYNCHDNS
LogInit:      CURL_VERSION_LARGEFILE
LogInit:      CURL_VERSION_IDN
LogInit:  CurlRequestOptions (configurable via config and command line):
LogInit:  - bVerifyPeer = false  - Libcurl will NOT verify peer certificate
LogInit:  - bUseHttpProxy = false  - Libcurl will NOT use HTTP proxy
LogInit:  - bDontReuseConnections = false  - Libcurl will reuse connections
LogInit:  - CertBundlePath = nullptr  - Libcurl will use whatever was configured at build time.
LogInit:  - MaxHostConnections = 16  - Libcurl will limit the number of connections to a host
LogInit:  - LocalHostAddr = Default
LogInit:  - BufferSize = 65536
LogInit: WinSock: version 1.1 (2.2), MaxSocks=32767, MaxUdp=65467
LogInit: Build: ++UE4+Release-4.20-CL-4369336
LogInit: Engine Version: 4.20.3-4369336+++UE4+Release-4.20
LogInit: Compatible Engine Version: 4.20.0-4212847+++UE4+Release-4.20
LogInit: Net CL: 4212847
LogInit: OS: Windows 10 (), CPU: Intel(R) Core(TM) i5-8400 CPU @ 2.80GHz, GPU: NVIDIA GeForce GTX 1050 Ti
LogInit: Compiled (64-bit): Sep 17 2018 12:26:19
LogInit: Compiled with Visual C++: 19.13.26129.00
LogInit: Build Configuration: Development
LogInit: Branch Name: ++UE4+Release-4.20
LogInit: Command Line:  
LogInit: Base Directory: D:/UE_4.20/Engine/Binaries/Win64/
LogInit: Installed Engine Build: 1
LogDevObjectVersion: Number of dev versions registered: 20
LogDevObjectVersion:   Dev-Blueprints (B0D832E4-1F89-4F0D-ACCF-7EB736FD4AA2): 10
LogDevObjectVersion:   Dev-Build (E1C64328-A22C-4D53-A36C-8E866417BD8C): 0
LogDevObjectVersion:   Dev-Core (375EC13C-06E4-48FB-B500-84F0262A717E): 2
LogDevObjectVersion:   Dev-Editor (E4B068ED-F494-42E9-A231-DA0B2E46BB41): 24
LogDevObjectVersion:   Dev-Framework (CFFC743F-43B0-4480-9391-14DF171D2073): 34
LogDevObjectVersion:   Dev-Mobile (B02B49B5-BB20-44E9-A304-32B752E40360): 2
LogDevObjectVersion:   Dev-Networking (A4E4105C-59A1-49B5-A7C5-40C4547EDFEE): 0
LogDevObjectVersion:   Dev-Online (39C831C9-5AE6-47DC-9A44-9C173E1C8E7C): 0
LogDevObjectVersion:   Dev-Physics (78F01B33-EBEA-4F98-B9B4-84EACCB95AA2): 0
LogDevObjectVersion:   Dev-Platform (6631380F-2D4D-43E0-8009-CF276956A95A): 0
LogDevObjectVersion:   Dev-Rendering (12F88B9F-8875-4AFC-A67C-D90C383ABD29): 26
LogDevObjectVersion:   Dev-Sequencer (7B5AE74C-D270-4C10-A958-57980B212A5A): 9
LogDevObjectVersion:   Dev-VR (D7296918-1DD6-4BDD-9DE2-64A83CC13884): 2
LogDevObjectVersion:   Dev-LoadTimes (C2A15278-BFE7-4AFE-6C17-90FF531DF755): 1
LogDevObjectVersion:   Private-Geometry (6EACA3D4-40EC-4CC1-B786-8BED09428FC5): 3
LogDevObjectVersion:   Dev-AnimPhys (29E575DD-E0A3-4627-9D10-D276232CDCEA): 17
LogDevObjectVersion:   Dev-ReflectionCapture (6B266CEC-1EC7-4B8F-A30B-E4D90942FC07): 1
LogDevObjectVersion:   Dev-Automation (0DF73D61-A23F-47EA-B727-89E90C41499A): 1
LogDevObjectVersion:   FortniteMain (601D1886-AC64-4F84-AA16-D3DE0DEAC7D6): 12
LogDevObjectVersion:   Dev-Enterprise (9DFFBCD6-494F-0158-E221-12823C92A888): 1
LogStreaming: Display: Took  0.002s to delete old logs.
LogInit: Presizing for max 8388607 objects, including 0 objects not considered by GC, pre-allocating 0 bytes for permanent pool.
LogInit: Object subsystem initialized
[2019.03.03-20.25.20:896][  0]LogInit: Selected Device Profile: [Windows]
[2019.03.03-20.25.20:896][  0]LogInit: Applying CVar settings loaded from the selected device profile: [Windows]
[2019.03.03-20.25.20:905][  0]LogHAL: Display: Platform has ~ 8 GB [8523337728 / 8589934592 / 8], which maps to Default [LargestMinGB=32, LargerMinGB=12, DefaultMinGB=8, SmallerMinGB=6, SmallestMinGB=0)
[2019.03.03-20.25.20:905][  0]LogInit: Setting Device Profile CVar: [[r.Vulkan.UseRealUBs:1]]
[2019.03.03-20.25.20:905][  0]LogInit: Going up to parent DeviceProfile []
[2019.03.03-20.25.20:905][  0]LogInit: Computer: DESKTOP-IF8BQD3
[2019.03.03-20.25.20:905][  0]LogInit: User: ChiyokoYumi
[2019.03.03-20.25.20:905][  0]LogInit: CPU Page size=4096, Cores=6
[2019.03.03-20.25.20:905][  0]LogInit: High frequency timer resolution =10.000000 MHz
[2019.03.03-20.25.20:906][  0]LogMemory: Memory total: Physical=7.9GB (8GB approx)
[2019.03.03-20.25.20:906][  0]LogMemory: Platform Memory Stats for Windows
[2019.03.03-20.25.20:906][  0]LogMemory: Process Physical Memory: 100.96 MB used, 100.96 MB peak
[2019.03.03-20.25.20:906][  0]LogMemory: Process Virtual Memory: 84.74 MB used, 84.74 MB peak
[2019.03.03-20.25.20:906][  0]LogMemory: Physical Memory: 5352.16 MB used,  2776.33 MB free, 8128.49 MB total
[2019.03.03-20.25.20:906][  0]LogMemory: Virtual Memory: 4618.13 MB used,  2776.33 MB free, 134217728.00 MB total
[2019.03.03-20.25.20:945][  0]LogInit: Using OS detected language (en-US).
[2019.03.03-20.25.20:945][  0]LogInit: Using OS detected locale (en-CA).
[2019.03.03-20.25.20:948][  0]LogTextLocalizationManager: No specific localization for 'en-US' exists, so the 'en' localization will be used.
[2019.03.03-20.25.21:300][  0]LogStreaming: Display: Took  0.355s to InitEngineTextLocalization.
[2019.03.03-20.25.21:300][  0]LogInit: Setting process to per monitor DPI aware
[2019.03.03-20.25.21:368][  0]LogSlate: New Slate User Created.  User Index 0, Is Virtual User: 0
[2019.03.03-20.25.21:369][  0]LogSlate: Slate User Registered.  User Index 0, Is Virtual User: 0
[2019.03.03-20.25.21:601][  0]LogHMD: Failed to initialize OpenVR with code 110
[2019.03.03-20.25.21:601][  0]LogD3D11RHI: D3D11 adapters:
[2019.03.03-20.25.21:670][  0]LogD3D11RHI:    0. 'NVIDIA GeForce GTX 1050 Ti' (Feature Level 11_0)
[2019.03.03-20.25.21:670][  0]LogD3D11RHI:       4018/0/4064 MB DedicatedVideo/DedicatedSystem/SharedSystem, Outputs:2, VendorId:0x10de
[2019.03.03-20.25.21:674][  0]LogD3D11RHI:    1. 'Microsoft Basic Render Driver' (Feature Level 11_0)
[2019.03.03-20.25.21:674][  0]LogD3D11RHI:       0/0/4064 MB DedicatedVideo/DedicatedSystem/SharedSystem, Outputs:0, VendorId:0x1414
[2019.03.03-20.25.21:674][  0]LogD3D11RHI: Chosen D3D11 Adapter: 0
[2019.03.03-20.25.21:681][  0]LogD3D11RHI: Creating new Direct3DDevice
[2019.03.03-20.25.21:681][  0]LogD3D11RHI:     GPU DeviceId: 0x1c82 (for the marketing name, search the web for "GPU Device Id")
[2019.03.03-20.25.21:681][  0]LogWindows: EnumDisplayDevices:
[2019.03.03-20.25.21:681][  0]LogWindows:    0. 'NVIDIA GeForce GTX 1050 Ti' (P:1 D:1)
[2019.03.03-20.25.21:682][  0]LogWindows:    1. 'NVIDIA GeForce GTX 1050 Ti' (P:0 D:1)
[2019.03.03-20.25.21:682][  0]LogWindows:    2. 'NVIDIA GeForce GTX 1050 Ti' (P:0 D:0)
[2019.03.03-20.25.21:683][  0]LogWindows:    3. 'NVIDIA GeForce GTX 1050 Ti' (P:0 D:0)
[2019.03.03-20.25.21:683][  0]LogWindows: DebugString: FoundDriverCount:4 
[2019.03.03-20.25.21:683][  0]LogD3D11RHI:     Adapter Name: NVIDIA GeForce GTX 1050 Ti
[2019.03.03-20.25.21:683][  0]LogD3D11RHI:   Driver Version: 419.17 (internal:25.21.14.1917, unified:419.17)
[2019.03.03-20.25.21:683][  0]LogD3D11RHI:      Driver Date: 2-20-2019
[2019.03.03-20.25.21:683][  0]LogRHI: Texture pool is 2812 MB (70% of 4018 MB)
[2019.03.03-20.25.21:726][  0]LogD3D11RHI: Async texture creation enabled
[2019.03.03-20.25.21:746][  0]LogD3D11RHI: GPU Timing Frequency: 1000.000000 (Debug: 2 1)
[2019.03.03-20.25.21:798][  0]LogShaderCompilers: Guid format shader working directory is -52 characters bigger than the processId version (../../../../GitHub/Math-Assignment_1/Math_Assignment_1/Game260Development/Resources/VehicleMovement/Intermediate/Shaders/WorkingDirectory/656/).
[2019.03.03-20.25.21:798][  0]LogShaderCompilers: Cleaned the shader compiler working directory 'C:/Users/nicom/AppData/Local/Temp/UnrealShaderWorkingDir/A84DECA24E9DBD4F7FB97CB5CA23A380/'.
[2019.03.03-20.25.22:200][  0]LogTemp: Display: Loaded TP AllDesktopTargetPlatform
[2019.03.03-20.25.22:216][  0]LogTemp: Display: Loaded TP MacClientTargetPlatform
[2019.03.03-20.25.22:231][  0]LogTemp: Display: Loaded TP MacNoEditorTargetPlatform
[2019.03.03-20.25.22:246][  0]LogTemp: Display: Loaded TP MacServerTargetPlatform
[2019.03.03-20.25.22:261][  0]LogTemp: Display: Loaded TP MacTargetPlatform
[2019.03.03-20.25.22:276][  0]LogTemp: Display: Loaded TP WindowsClientTargetPlatform
[2019.03.03-20.25.22:291][  0]LogTemp: Display: Loaded TP WindowsNoEditorTargetPlatform
[2019.03.03-20.25.22:306][  0]LogTemp: Display: Loaded TP WindowsServerTargetPlatform
[2019.03.03-20.25.22:322][  0]LogTemp: Display: Loaded TP WindowsTargetPlatform
[2019.03.03-20.25.22:405][  0]LogTemp: Display: Loaded TP AndroidTargetPlatform
[2019.03.03-20.25.22:405][  0]LogTemp: Display: Loaded TP AndroidTargetPlatform
[2019.03.03-20.25.22:405][  0]LogTemp: Display: Loaded TP AndroidTargetPlatform
[2019.03.03-20.25.22:405][  0]LogTemp: Display: Loaded TP AndroidTargetPlatform
[2019.03.03-20.25.22:405][  0]LogTemp: Display: Loaded TP AndroidTargetPlatform
[2019.03.03-20.25.22:405][  0]LogTemp: Display: Loaded TP AndroidTargetPlatform
[2019.03.03-20.25.22:405][  0]LogTemp: Display: Loaded TP AndroidTargetPlatform
[2019.03.03-20.25.22:405][  0]LogTemp: Display: Loaded TP AndroidTargetPlatform
[2019.03.03-20.25.22:405][  0]LogTemp: Display: Loaded TP AndroidTargetPlatform
[2019.03.03-20.25.22:405][  0]LogTemp: Display: Loaded TP AndroidTargetPlatform
[2019.03.03-20.25.22:405][  0]LogTemp: Display: Loaded TP AndroidTargetPlatform
[2019.03.03-20.25.22:405][  0]LogTemp: Display: Loaded TP AndroidTargetPlatform
[2019.03.03-20.25.22:405][  0]LogTemp: Display: Loaded TP AndroidTargetPlatform
[2019.03.03-20.25.22:405][  0]LogTemp: Display: Loaded TP AndroidTargetPlatform
[2019.03.03-20.25.22:405][  0]LogTemp: Display: Loaded TP AndroidTargetPlatform
[2019.03.03-20.25.22:405][  0]LogTemp: Display: Loaded TP AndroidTargetPlatform
[2019.03.03-20.25.22:405][  0]LogTemp: Display: Loaded TP AndroidTargetPlatform
[2019.03.03-20.25.22:405][  0]LogTemp: Display: Loaded TP AndroidTargetPlatform
[2019.03.03-20.25.22:409][  0]LogTemp: Display: Loaded TP HTML5TargetPlatform
[2019.03.03-20.25.22:479][  0]LogTemp: Display: Loaded TP IOSTargetPlatform
[2019.03.03-20.25.22:479][  0]LogTemp: Display: Loaded TP IOSTargetPlatform
[2019.03.03-20.25.22:504][  0]LogTemp: Display: Loaded TP TVOSTargetPlatform
[2019.03.03-20.25.22:504][  0]LogTemp: Display: Loaded TP TVOSTargetPlatform
[2019.03.03-20.25.22:519][  0]LogTemp: Display: Loaded TP LinuxClientTargetPlatform
[2019.03.03-20.25.22:533][  0]LogTemp: Display: Loaded TP LinuxNoEditorTargetPlatform
[2019.03.03-20.25.22:545][  0]LogTemp: Display: Loaded TP LinuxServerTargetPlatform
[2019.03.03-20.25.22:560][  0]LogTemp: Display: Loaded TP LinuxTargetPlatform
[2019.03.03-20.25.22:570][  0]LogTemp: Display: Loaded TP LuminTargetPlatform
[2019.03.03-20.25.22:570][  0]LogTargetPlatformManager: Display: Building Assets For Windows
[2019.03.03-20.25.22:682][  0]LogXGEController: Cannot use XGE Controller as Incredibuild is not installed on this machine.
[2019.03.03-20.25.22:682][  0]LogShaderCompilers: Cannot use XGE Shader Compiler as Incredibuild is not installed on this machine.
[2019.03.03-20.25.22:682][  0]LogShaderCompilers: Display: Using Local Shader Compiler.
[2019.03.03-20.25.23:419][  0]LogDerivedDataCache: Display: Max Cache Size: 512 MB
[2019.03.03-20.25.23:485][  0]LogDerivedDataCache: Loaded boot cache 0.07s 73MB C:/Users/nicom/AppData/Local/UnrealEngine/4.20/DerivedDataCache/Boot.ddc.
[2019.03.03-20.25.23:485][  0]LogDerivedDataCache: Display: Loaded Boot cache: C:/Users/nicom/AppData/Local/UnrealEngine/4.20/DerivedDataCache/Boot.ddc
[2019.03.03-20.25.23:485][  0]LogDerivedDataCache: FDerivedDataBackendGraph:  Pak pak cache file ../../../../GitHub/Math-Assignment_1/Math_Assignment_1/Game260Development/Resources/VehicleMovement/DerivedDataCache/DDC.ddp not found, will not use a pak cache.
[2019.03.03-20.25.23:485][  0]LogDerivedDataCache: Unable to find inner node Pak for hierarchical cache Hierarchy.
[2019.03.03-20.25.23:485][  0]LogDerivedDataCache: FDerivedDataBackendGraph:  CompressedPak pak cache file ../../../../GitHub/Math-Assignment_1/Math_Assignment_1/Game260Development/Resources/VehicleMovement/DerivedDataCache/Compressed.ddp not found, will not use a pak cache.
[2019.03.03-20.25.23:485][  0]LogDerivedDataCache: Unable to find inner node CompressedPak for hierarchical cache Hierarchy.
[2019.03.03-20.25.23:497][  0]LogDerivedDataCache: Display: Pak cache opened for reading ../../../Engine/DerivedDataCache/Compressed.ddp.
[2019.03.03-20.25.23:511][  0]LogDerivedDataCache: Using Local data cache path C:/Users/nicom/AppData/Local/UnrealEngine/Common/DerivedDataCache: Writable
[2019.03.03-20.25.23:511][  0]LogDerivedDataCache: Shared data cache path not found in *engine.ini, will not use an Shared cache.
[2019.03.03-20.25.23:511][  0]LogDerivedDataCache: Unable to find inner node Shared for hierarchical cache Hierarchy.
[2019.03.03-20.25.23:536][  0]LogMaterial: Verifying Global Shaders for PCD3D_SM5
[2019.03.03-20.25.23:537][  0]LogSlate: Using FreeType 2.6.0
[2019.03.03-20.25.23:538][  0]LogSlate: SlateFontServices - WITH_FREETYPE: 1, WITH_HARFBUZZ: 1
[2019.03.03-20.25.23:785][  0]LogAssetRegistry: FAssetRegistry took 0.1548 seconds to start up
[2019.03.03-20.25.24:096][  0]LogInit: Selected Device Profile: [Windows]
[2019.03.03-20.25.24:243][  0]LogSimplygon: Simplygon DLL not present - disabling.
[2019.03.03-20.25.24:251][  0]LogMeshReduction: Using SimplygonSwarm for distributed automatic mesh merging
[2019.03.03-20.25.24:251][  0]LogMeshReduction: Using ProxyLODMeshReduction for automatic mesh merging
[2019.03.03-20.25.24:251][  0]LogMeshReduction: Using QuadricMeshReduction for automatic static mesh reduction
[2019.03.03-20.25.24:251][  0]LogMeshReduction: No automatic skeletal mesh reduction module available
[2019.03.03-20.25.24:271][  0]LogNetVersion: VehicleMovement 1.0.0, NetCL: 4212847, EngineNetVer: 5, GameNetVer: 0 (Checksum: 2966596176)
[2019.03.03-20.25.25:059][  0]LogPackageLocalizationCache: Processed 11 localized package path(s) for 2 prioritized culture(s) in 0.262526 seconds
[2019.03.03-20.25.25:065][  0]LogUObjectArray: 38425 objects as part of root set at end of initial load.
[2019.03.03-20.25.25:065][  0]LogUObjectAllocator: 6690864 out of 0 bytes used by permanent object pool.
[2019.03.03-20.25.25:065][  0]LogUObjectArray: CloseDisregardForGC: 0/0 objects in disregard for GC pool
[2019.03.03-20.25.29:145][  0]LogTcpMessaging: Initializing TcpMessaging bridge
[2019.03.03-20.25.29:168][  0]LogUdpMessaging: Initializing bridge on interface 0.0.0.0:0 to multicast group 230.0.0.1:6666.
[2019.03.03-20.25.30:185][  0]LogConfig: Warning: Failed to saved backup for config[SourceControlSettings]
[2019.03.03-20.25.30:188][  0]SourceControl: Source control is disabled
[2019.03.03-20.25.30:188][  0]SourceControl: Source control is disabled
[2019.03.03-20.25.30:212][  0]SourceControl: Source control is disabled
[2019.03.03-20.25.30:233][  0]SourceControl: Source control is disabled
[2019.03.03-20.25.30:310][  0]LogConfig: Warning: Failed to saved backup for config[Encryption]
[2019.03.03-20.25.31:179][  0]LogAndroidPermission: UAndroidPermissionCallbackProxy::GetInstance
[2019.03.03-20.25.31:548][  0]LogOcInput: OculusInput pre-init called
[2019.03.03-20.25.31:739][  0]LogEngine: Initializing Engine...
[2019.03.03-20.25.31:744][  0]LogHMD: Failed to initialize OpenVR with code 110
[2019.03.03-20.25.31:764][  0]LogStats: UGameplayTagsManager::ConstructGameplayTagTree: ImportINI prefixes -  0.000 s
[2019.03.03-20.25.31:764][  0]LogStats: UGameplayTagsManager::ConstructGameplayTagTree: Construct from data asset -  0.000 s
[2019.03.03-20.25.31:764][  0]LogStats: UGameplayTagsManager::ConstructGameplayTagTree: ImportINI -  0.000 s
[2019.03.03-20.25.31:764][  0]LogStats: UGameplayTagsManager::ConstructGameplayTagTree: GameplayTagTreeChangedEvent.Broadcast -  0.000 s
[2019.03.03-20.25.32:073][  0]LogInit: Initializing FReadOnlyCVARCache
[2019.03.03-20.25.32:169][  0]LogAIModule: Creating AISystem for world Untitled
[2019.03.03-20.25.32:284][  0]LogInit: XAudio2 using 'Speakers (Realtek(R) Audio)' : 2 channels at 48 kHz using 32 bits per sample (channel mask 0x3)
[2019.03.03-20.25.32:354][  0]LogInit: FAudioDevice initialized.
[2019.03.03-20.25.32:354][  0]LogNetVersion: Set ProjectVersion to 1.0.0.0. Version Checksum will be recalculated on next use.
[2019.03.03-20.25.32:365][  0]LogDerivedDataCache: Error: Could not save memory cache C:/Users/nicom/AppData/Local/UnrealEngine/4.20/DerivedDataCache/Boot.ddc.
[2019.03.03-20.25.32:372][  0]LogInit: Texture streaming: Enabled
[2019.03.03-20.25.32:494][  0]LogEngineSessionManager: EngineSessionManager initialized
[2019.03.03-20.25.32:548][  0]LogEngineSessionManager: EngineSessionManager sent abnormal shutdown report. Type=Crashed, SessionId={2DA65114-4ACF-A942-F311-5F9C606508B0}
[2019.03.03-20.25.32:720][  0]LogInit: Transaction tracking system initialized
[2019.03.03-20.25.32:939][  0]BlueprintLog: New page: Editor Load
[2019.03.03-20.25.33:631][  0]LogConfig: Warning: Failed to saved backup for config[LocalizationServiceSettings]
[2019.03.03-20.25.33:649][  0]LocalizationService: Localization service is disabled
[2019.03.03-20.25.34:886][  0]LogCook: Display: Max memory allowance for cook 16384mb min free memory 0mb
[2019.03.03-20.25.34:886][  0]LogCook: Display: Mobile HDR setting 1
[2019.03.03-20.25.34:905][  0]LogFileCache: Scanning file cache for directory 'D:/GitHub/Math-Assignment_1/Math_Assignment_1/Game260Development/Resources/VehicleMovement/Content/' took 0.02s
[2019.03.03-20.25.34:905][  0]LogGameplayTags: Display: UGameplayTagsManager::DoneAddingNativeTags. DelegateIsBound: 0
[2019.03.03-20.25.34:905][  0]LogStats: UGameplayTagsManager::ConstructGameplayTagTree: ImportINI prefixes -  0.000 s
[2019.03.03-20.25.34:905][  0]LogStats: UGameplayTagsManager::ConstructGameplayTagTree: Construct from data asset -  0.000 s
[2019.03.03-20.25.34:905][  0]LogStats: UGameplayTagsManager::ConstructGameplayTagTree: ImportINI -  0.000 s
[2019.03.03-20.25.34:905][  0]LogStats: UGameplayTagsManager::ConstructGameplayTagTree: GameplayTagTreeChangedEvent.Broadcast -  0.000 s
[2019.03.03-20.25.37:084][  0]SourceControl: Source control is disabled
[2019.03.03-20.25.37:209][  0]LogSlate: Took 0.000327 seconds to synchronously load lazily loaded font '../../../Engine/Content/Slate/Fonts/Roboto-Regular.ttf' (155K)
[2019.03.03-20.26.02:672][  0]LogSlate: Window 'Restore Packages' being destroyed
[2019.03.03-20.26.02:672][  0]LogWindowsTextInputMethodSystem: Display: IME system now deactivated.
[2019.03.03-20.26.02:675][  0]LogWindowsTextInputMethodSystem: Display: IME system now deactivated.
[2019.03.03-20.26.04:035][  0]LogSlate: Window 'Unable to Check Out From Source Control!' being destroyed
[2019.03.03-20.26.04:035][  0]LogWindowsTextInputMethodSystem: Display: IME system now deactivated.
[2019.03.03-20.26.04:039][  0]LogWindowsTextInputMethodSystem: Display: IME system now deactivated.
[2019.03.03-20.26.04:080][  0]LightingResults: New page: Lighting Build
[2019.03.03-20.26.04:103][  0]MapCheck: New page: Map Check
[2019.03.03-20.26.04:103][  0]LightingResults: New page: Lighting Build
[2019.03.03-20.26.04:642][  0]LogAIModule: Creating AISystem for world VehicleExampleMap
[2019.03.03-20.26.04:703][  0]LogEditorServer: Finished looking for orphan Actors (0.000 secs)
[2019.03.03-20.26.04:732][  0]Cmd: MAP CHECKDEP NOCLEARLOG
[2019.03.03-20.26.04:817][  0]MapCheck: Map check complete: 0 Error(s), 0 Warning(s), took 84.705ms to complete.
[2019.03.03-20.26.04:817][  0]LogFileHelpers: Loading map 'VehicleExampleMap' took 0.736
[2019.03.03-20.26.05:041][  0]LogSlate: Updating window title bar state: overlay mode, drag disabled, window buttons hidden, title bar hidden
[2019.03.03-20.26.05:056][  0]LogSlate: Updating window title bar state: overlay mode, drag disabled, window buttons hidden, title bar hidden
[2019.03.03-20.26.05:071][  0]LogSlate: Updating window title bar state: overlay mode, drag disabled, window buttons hidden, title bar hidden
[2019.03.03-20.26.05:086][  0]LogSlate: Updating window title bar state: overlay mode, drag disabled, window buttons hidden, title bar hidden
[2019.03.03-20.26.05:138][  0]LogCollectionManager: Loaded 0 collections in 0.005308 seconds
[2019.03.03-20.26.05:194][  0]LogFileCache: Scanning file cache for directory 'D:/GitHub/Math-Assignment_1/Math_Assignment_1/Game260Development/Resources/VehicleMovement/Saved/Collections/' took 0.01s
[2019.03.03-20.26.05:194][  0]LogFileCache: Scanning file cache for directory 'D:/GitHub/Math-Assignment_1/Math_Assignment_1/Game260Development/Resources/VehicleMovement/Content/Developers/ChiyokoYumi/Collections/' took 0.01s
[2019.03.03-20.26.05:194][  0]LogFileCache: Scanning file cache for directory 'D:/GitHub/Math-Assignment_1/Math_Assignment_1/Game260Development/Resources/VehicleMovement/Content/Collections/' took 0.01s
[2019.03.03-20.26.05:194][  0]LogCollectionManager: Rebuilt the GUID cache for 0 collections in 0.000000 seconds
[2019.03.03-20.26.05:204][  0]LogContentBrowser: Native class hierarchy populated in 0.0096 seconds. Added 2585 classes and 608 folders.
[2019.03.03-20.26.05:284][  0]LogContentBrowser: Native class hierarchy updated for 'WidgetCarousel' in 0.0007 seconds. Added 0 classes and 0 folders.
[2019.03.03-20.26.06:323][  0]LogContentBrowser: Native class hierarchy updated for 'AddContentDialog' in 0.0007 seconds. Added 0 classes and 0 folders.
[2019.03.03-20.26.06:342][  0]LogContentBrowser: Native class hierarchy updated for 'SceneOutliner' in 0.0012 seconds. Added 1 classes and 2 folders.
[2019.03.03-20.26.06:433][  0]LogSlate: Took 0.000315 seconds to synchronously load lazily loaded font '../../../Engine/Content/Slate/Fonts/Roboto-Bold.ttf' (160K)
[2019.03.03-20.26.06:448][  0]LogSlate: Took 0.011860 seconds to synchronously load lazily loaded font '../../../Engine/Content/Editor/Slate/Fonts/FontAwesome.ttf' (139K)
[2019.03.03-20.26.06:529][  0]LogRenderer: Reallocating scene render targets to support 1144x572 Format 10 NumSamples 1 (Frame:1).
[2019.03.03-20.26.06:785][  0]LogContentBrowser: Native class hierarchy updated for 'HierarchicalLODOutliner' in 0.0006 seconds. Added 0 classes and 0 folders.
[2019.03.03-20.26.06:786][  0]LogLoad: (Engine Initialization) Total time: 49.77 seconds
[2019.03.03-20.26.06:786][  0]LogLoad: (Engine Initialization) Total Blueprint compile time: 0.00 seconds
[2019.03.03-20.26.06:804][  0]LogRawInputWindows: Warning: Found device 0 devices
[2019.03.03-20.26.06:804][  0]LogRawInputWindows: Warning: Found device 0 devices
[2019.03.03-20.26.06:804][  0]LogRawInputWindows: Warning: Device was registered succesfully but not connected (Usage:4 UsagePage:1)
[2019.03.03-20.26.06:804][  0]LogRawInputWindows: Warning: Found device 1 devices
[2019.03.03-20.26.06:804][  0]LogRawInputWindows: Warning: Device was registered succesfully but not connected (Usage:5 UsagePage:1)
[2019.03.03-20.26.06:829][  0]LogContentStreaming: Texture pool size now 1000 MB
[2019.03.03-20.26.06:886][  1]LogAssetRegistry: Asset discovery search completed in 43.2532 seconds
[2019.03.03-20.26.06:888][  1]LogCollectionManager: Rebuilt the object cache for 0 collections in 0.000000 seconds (found 0 objects)
[2019.03.03-20.26.06:888][  1]LogCollectionManager: Fixed up redirectors for 0 collections in 0.000052 seconds (updated 0 objects)
[2019.03.03-20.26.08:229][  5]LogSlate: Took 0.015811 seconds to synchronously load lazily loaded font '../../../Engine/Content/Slate/Fonts/Roboto-Light.ttf' (167K)
[2019.03.03-20.26.10:897][ 13]LogSlate: Took 0.000185 seconds to synchronously load lazily loaded font '../../../Engine/Content/Slate/Fonts/Roboto-Light.ttf' (167K)
[2019.03.03-20.27.05:975][178]LogSlate: FSceneViewport::OnFocusLost() reason 0
[2019.03.03-20.27.06:224][178]LogAssetEditorManager: Opening Asset editor for Blueprint /Game/BluePrint/RankSystem.RankSystem
[2019.03.03-20.27.06:715][178]LogContentBrowser: Native class hierarchy updated for 'BlueprintGraph' in 0.0023 seconds. Added 116 classes and 0 folders.
[2019.03.03-20.27.07:630][178]LogAssetEditorManager: Opening Asset editor for Blueprint /Game/BluePrint/MyVehicleMovementGameMode.MyVehicleMovementGameMode
[2019.03.03-20.27.07:932][178]LogAssetEditorManager: Opening Asset editor for Blueprint /Game/BluePrint/VehicleRank.VehicleRank
[2019.03.03-20.27.08:225][178]LogAssetEditorManager: Opening Asset editor for Blueprint /Game/BluePrint/PlayerControllerMacro.PlayerControllerMacro
[2019.03.03-20.27.08:499][178]LogLinker: Warning: Can't resolve asset name
[2019.03.03-20.27.08:521][178]LogSlate: Took 0.012306 seconds to synchronously load lazily loaded font '../../../Engine/Content/Slate/Fonts/Roboto-BoldCondensed.ttf' (158K)
[2019.03.03-20.27.08:767][179]LogSlate: Took 0.000307 seconds to synchronously load lazily loaded font '../../../Engine/Content/Slate/Fonts/Roboto-Italic.ttf' (157K)
[2019.03.03-20.27.12:171][227]LogSlate: Window 'RankSystem' being destroyed
[2019.03.03-20.29.56:377][ 37]BlueprintLog: New page: Compile RankSystem
[2019.03.03-20.29.57:052][ 75]LogSavePackage: Moving '../../../../GitHub/Math-Assignment_1/Math_Assignment_1/Game260Development/Resources/VehicleMovement/Saved/RankSystem722AC83443FAD149CB5650AFF029146B.tmp' to '../../../../GitHub/Math-Assignment_1/Math_Assignment_1/Game260Development/Resources/VehicleMovement/Content/BluePrint/RankSystem.uasset'
[2019.03.03-20.32.46:581][350]LogSavePackage: Moving '../../../../GitHub/Math-Assignment_1/Math_Assignment_1/Game260Development/Resources/VehicleMovement/Saved/RankSystem328C6F20435469D833BF39ACB1BCED33.tmp' to '../../../../GitHub/Math-Assignment_1/Math_Assignment_1/Game260Development/Resources/VehicleMovement/Content/BluePrint/RankSystem.uasset'
[2019.03.03-20.33.14:809][678]BlueprintLog: New page: Compile RankSystem
[2019.03.03-20.33.40:205][537]BlueprintLog: New page: Compile RankSystem
[2019.03.03-20.33.40:836][579]LogSavePackage: Moving '../../../../GitHub/Math-Assignment_1/Math_Assignment_1/Game260Development/Resources/VehicleMovement/Saved/RankSystemA5F62FB34D81415FB5744CB7F87B65D2.tmp' to '../../../../GitHub/Math-Assignment_1/Math_Assignment_1/Game260Development/Resources/VehicleMovement/Content/BluePrint/RankSystem.uasset'
[2019.03.03-20.33.45:836][111]LogSavePackage: Moving '../../../../GitHub/Math-Assignment_1/Math_Assignment_1/Game260Development/Resources/VehicleMovement/Saved/VehicleExampleMapB7F3B2084D7F6B64D80F09AEF6D855C0.tmp' to '../../../../GitHub/Math-Assignment_1/Math_Assignment_1/Game260Development/Resources/VehicleMovement/Content/VehicleCPP/Maps/VehicleExampleMap.umap'
[2019.03.03-20.33.46:819][220]LogTemp: Repeating last play command: New Editor Window (PIE)
[2019.03.03-20.33.46:842][220]LogBlueprintUserMessages: Early PlayInEditor Detection: Level '/Game/VehicleCPP/Maps/VehicleExampleMap.VehicleExampleMap:PersistentLevel' has LevelScriptBlueprint '/Game/VehicleCPP/Maps/VehicleExampleMap.VehicleExampleMap:PersistentLevel.VehicleExampleMap' with GeneratedClass '/Game/VehicleCPP/Maps/VehicleExampleMap.VehicleExampleMap_C' with ClassGeneratedBy '/Game/VehicleCPP/Maps/VehicleExampleMap.VehicleExampleMap:PersistentLevel.VehicleExampleMap'
[2019.03.03-20.33.46:843][220]LogPlayLevel: PlayLevel: No blueprints needed recompiling
[2019.03.03-20.33.46:860][220]PIE: New page: PIE session: VehicleExampleMap (Mar 3, 2019, 10:33:46 AM)
[2019.03.03-20.33.46:860][220]LogPlayLevel: Creating play world package: /Game/VehicleCPP/Maps/UEDPIE_1_VehicleExampleMap
[2019.03.03-20.33.46:882][220]LogPlayLevel: PIE: StaticDuplicateObject took: (0.021423s)
[2019.03.03-20.33.46:883][220]LogAIModule: Creating AISystem for world VehicleExampleMap
[2019.03.03-20.33.46:884][220]LogPlayLevel: PIE: World Init took: (0.001465s)
[2019.03.03-20.33.46:884][220]LogPlayLevel: PIE: Created PIE world by copying editor world from /Game/VehicleCPP/Maps/VehicleExampleMap.VehicleExampleMap to /Game/VehicleCPP/Maps/UEDPIE_1_VehicleExampleMap.VehicleExampleMap (0.023222s)
[2019.03.03-20.33.46:976][220]LogInit: XAudio2 using 'Speakers (Realtek(R) Audio)' : 2 channels at 48 kHz using 32 bits per sample (channel mask 0x3)
[2019.03.03-20.33.47:011][220]LogInit: FAudioDevice initialized.
[2019.03.03-20.33.47:024][220]LogSlate: Updating window title bar state: overlay mode, drag disabled, window buttons hidden, title bar hidden
[2019.03.03-20.33.47:088][220]LogLoad: Game class is 'MyVehicleMovementGameMode_C'
[2019.03.03-20.33.47:101][220]LogWorld: Bringing World /Game/VehicleCPP/Maps/UEDPIE_1_VehicleExampleMap.VehicleExampleMap up for play (max tick rate 0) at 2019.03.03-15.33.47
[2019.03.03-20.33.47:102][220]LogWorld: Bringing up level for play took: 0.004885
[2019.03.03-20.33.47:147][220]LogContentBrowser: Native class hierarchy updated for 'MovieSceneCapture' in 0.0015 seconds. Added 10 classes and 0 folders.
[2019.03.03-20.33.47:148][220]LogTemp: Display: ParseSettings for GameNetDriver
[2019.03.03-20.33.47:148][220]LogTemp: Display: ParseSettings for IpNetDriver_0
[2019.03.03-20.33.47:148][220]LogTemp: Display: ParseSettings for GameNetDriver
[2019.03.03-20.33.47:148][220]LogNet: ReplicationDriverClass is null! Not using ReplicationDriver.
[2019.03.03-20.33.47:148][220]LogInit: WinSock: Socket queue 131072 / 131072
[2019.03.03-20.33.47:148][220]LogInit: WinSock: I am DESKTOP-IF8BQD3 (192.168.2.11:0)
[2019.03.03-20.33.47:148][220]PacketHandlerLog: Loaded PacketHandler component: Engine.EngineHandlerComponentFactory (StatelessConnectHandlerComponent)
[2019.03.03-20.33.47:148][220]LogNet: GameNetDriver IpNetDriver_0 IpNetDriver listening on port 17777
[2019.03.03-20.33.47:152][220]PIE: Play in editor start time for /Game/VehicleCPP/Maps/UEDPIE_1_VehicleExampleMap 0.629
[2019.03.03-20.33.47:157][220]PIE: New page: PIE session: VehicleExampleMap (Mar 3, 2019, 10:33:47 AM)
[2019.03.03-20.33.47:169][220]LogSlate: FSceneViewport::OnFocusLost() reason 2
[2019.03.03-20.33.47:175][220]LogSlate: Updating window title bar state: overlay mode, drag disabled, window buttons hidden, title bar hidden
[2019.03.03-20.33.47:221][220]LogNet: Browse: 127.0.0.1:17777//Game/VehicleCPP/Maps/VehicleExampleMap
[2019.03.03-20.33.47:222][220]LogTemp: Display: ParseSettings for GameNetDriver
[2019.03.03-20.33.47:222][220]LogTemp: Display: ParseSettings for IpNetDriver_1
[2019.03.03-20.33.47:222][220]LogTemp: Display: ParseSettings for PendingNetDriver
[2019.03.03-20.33.47:222][220]LogInit: WinSock: Socket queue 32768 / 32768
[2019.03.03-20.33.47:222][220]PacketHandlerLog: Loaded PacketHandler component: Engine.EngineHandlerComponentFactory (StatelessConnectHandlerComponent)
[2019.03.03-20.33.47:222][220]LogNet: Game client on port 17777, rate 10000
[2019.03.03-20.33.47:225][220]PIE: Play in editor start time for /Game/VehicleCPP/Maps/VehicleExampleMap 0.702
[2019.03.03-20.33.47:237][220]LogBlueprintUserMessages: Late PlayInEditor Detection: Level '/Game/VehicleCPP/Maps/VehicleExampleMap.VehicleExampleMap:PersistentLevel' has LevelScriptBlueprint '/Game/VehicleCPP/Maps/VehicleExampleMap.VehicleExampleMap:PersistentLevel.VehicleExampleMap' with GeneratedClass '/Game/VehicleCPP/Maps/VehicleExampleMap.VehicleExampleMap_C' with ClassGeneratedBy '/Game/VehicleCPP/Maps/VehicleExampleMap.VehicleExampleMap:PersistentLevel.VehicleExampleMap'
[2019.03.03-20.33.47:237][220]LogNet: NotifyAcceptingConnection accepted from: 127.0.0.1:58536
[2019.03.03-20.33.47:237][220]LogHandshake: SendConnectChallenge. Timestamp: 0.008334, Cookie: 212166117118006210238217249126189014105101099138038147254197
[2019.03.03-20.33.47:237][220]LogBlueprintUserMessages: [VehicleRank_C_0] Server: 00:00.00
[2019.03.03-20.33.47:245][220]LogHandshake: SendChallengeResponse. Timestamp: 0.008334, Cookie: 212166117118006210238217249126189014105101099138038147254197
[2019.03.03-20.33.47:272][220]LogRenderer: Reallocating scene render targets to support 1292x756 Format 10 NumSamples 1 (Frame:1).
[2019.03.03-20.33.47:381][221]LogNet: NotifyAcceptingConnection accepted from: 127.0.0.1:58536
[2019.03.03-20.33.47:381][221]LogHandshake: SendChallengeAck. InCookie: 212166117118006210238217249126189014105101099138038147254197
[2019.03.03-20.33.47:381][221]LogNet: Server accepting post-challenge connection from: 127.0.0.1:58536
[2019.03.03-20.33.47:382][221]PacketHandlerLog: Loaded PacketHandler component: Engine.EngineHandlerComponentFactory (StatelessConnectHandlerComponent)
[2019.03.03-20.33.47:382][221]LogNet: NotifyAcceptedConnection: Name: VehicleExampleMap, TimeStamp: 03/03/19 15:33:47, [UNetConnection] RemoteAddr: 127.0.0.1:58536, Name: IpConnection_1, Driver: GameNetDriver IpNetDriver_0, IsServer: YES, PC: NULL, Owner: NULL, UniqueId: INVALID
[2019.03.03-20.33.47:382][221]LogNet: AddClientConnection: Added client connection: [UNetConnection] RemoteAddr: 127.0.0.1:58536, Name: IpConnection_1, Driver: GameNetDriver IpNetDriver_0, IsServer: YES, PC: NULL, Owner: NULL, UniqueId: INVALID
[2019.03.03-20.33.47:382][221]LogBlueprintUserMessages: [VehicleRank_C_0] Server: 00:00.40
[2019.03.03-20.33.47:384][221]LogNetVersion: VehicleMovement 1.0.0.0, NetCL: 4212847, EngineNetVer: 5, GameNetVer: 0 (Checksum: 1433232907)
[2019.03.03-20.33.47:385][221]LogNet: UPendingNetGame::SendInitialJoin: Sending hello. [UNetConnection] RemoteAddr: 127.0.0.1:17777, Name: IpConnection_0, Driver: PendingNetDriver IpNetDriver_1, IsServer: NO, PC: NULL, Owner: NULL, UniqueId: INVALID
[2019.03.03-20.33.47:405][222]LogNet: NotifyAcceptingChannel Control 0 server World /Game/VehicleCPP/Maps/UEDPIE_1_VehicleExampleMap.VehicleExampleMap: Accepted
[2019.03.03-20.33.47:405][222]LogNet: Remote platform little endian=1
[2019.03.03-20.33.47:405][222]LogNet: This platform little endian=1
[2019.03.03-20.33.47:406][222]LogBlueprintUserMessages: [VehicleRank_C_0] Server: 00:00.43
[2019.03.03-20.33.47:432][223]LogNet: Login request: /Game/VehicleCPP/Maps/VehicleExampleMap?Name=DESKTOP-IF8BQD3-F30CE14F4398B422F80847818BA314A9 userId: DESKTOP-IF8BQD3-F30CE14F4398B422F80847818BA314A9
[2019.03.03-20.33.47:433][223]LogBlueprintUserMessages: [VehicleRank_C_0] Server: 00:00.46
[2019.03.03-20.33.47:434][223]LogNet: Welcomed by server (Level: /Game/VehicleCPP/Maps/UEDPIE_1_VehicleExampleMap, Game: /Game/BluePrint/MyVehicleMovementGameMode.MyVehicleMovementGameMode_C)
[2019.03.03-20.33.47:434][223]LogLoad: LoadMap: 127.0.0.1:17777//Game/VehicleCPP/Maps/UEDPIE_1_VehicleExampleMap?game=/Game/BluePrint/MyVehicleMovementGameMode.MyVehicleMovementGameMode_C
[2019.03.03-20.33.47:487][223]LogAIModule: Creating AISystem for world VehicleExampleMap
[2019.03.03-20.33.47:487][223]LogTemp: Display: ParseSettings for GameNetDriver
[2019.03.03-20.33.47:491][223]LogWorld: Bringing World /Game/VehicleCPP/Maps/UEDPIE_2_VehicleExampleMap.VehicleExampleMap up for play (max tick rate 0) at 2019.03.03-15.33.47
[2019.03.03-20.33.47:491][223]LogWorld: Bringing up level for play took: 0.001937
[2019.03.03-20.33.47:491][223]LogLoad: Took 0.056900 seconds to LoadMap(/Game/VehicleCPP/Maps/UEDPIE_1_VehicleExampleMap)
[2019.03.03-20.33.47:511][224]LogNet: Client netspeed is 10000
[2019.03.03-20.33.47:511][224]LogNet: Join request: /Game/VehicleCPP/Maps/VehicleExampleMap?Name=DESKTOP-IF8BQD3-F30CE14F4398B422F80847818BA314A9?SplitscreenCount=1
[2019.03.03-20.33.47:512][224]LogOnline: Warning: OSS: No game present to join for session (GameSession)
[2019.03.03-20.33.47:515][224]LogNet: Join succeeded: DESKTOP-IF8BQD3-F30C
[2019.03.03-20.33.47:515][224]LogBlueprintUserMessages: [VehicleRank_C_0] Server: 00:00.53
[2019.03.03-20.33.47:515][224]LogBlueprintUserMessages: [VehicleRank_C_1] Server: 00:00.07
[2019.03.03-20.33.47:532][225]LogBlueprintUserMessages: [VehicleRank_C_0] Server: 00:00.55
[2019.03.03-20.33.47:533][225]LogBlueprintUserMessages: [VehicleRank_C_1] Server: 00:00.09
[2019.03.03-20.33.47:537][225]LogBlueprintUserMessages: [VehicleRank_C_0] Client 1: 00:00.02
[2019.03.03-20.33.47:553][226]LogBlueprintUserMessages: [VehicleRank_C_0] Server: 00:00.58
[2019.03.03-20.33.47:553][226]LogBlueprintUserMessages: [VehicleRank_C_1] Server: 00:00.12
[2019.03.03-20.33.47:555][226]LogOnline: Warning: OSS: No game present to join for session (GameSession)
[2019.03.03-20.33.47:556][226]LogBlueprintUserMessages: [VehicleRank_C_0] Client 1: 00:00.04
[2019.03.03-20.33.47:583][227]LogBlueprintUserMessages: [VehicleRank_C_0] Server: 00:00.61
[2019.03.03-20.33.47:583][227]LogBlueprintUserMessages: [VehicleRank_C_1] Server: 00:00.15
[2019.03.03-20.33.47:585][227]LogOnline: Warning: OSS: No game present to join for session (GameSession)
[2019.03.03-20.33.47:585][227]LogBlueprintUserMessages: [VehicleRank_C_0] Client 1: 00:00.07
[2019.03.03-20.33.47:600][228]LogBlueprintUserMessages: [VehicleRank_C_0] Server: 00:00.62
[2019.03.03-20.33.47:600][228]LogBlueprintUserMessages: [VehicleRank_C_1] Server: 00:00.16
[2019.03.03-20.33.47:601][228]LogBlueprintUserMessages: [VehicleRank_C_0] Client 1: 00:00.08
[2019.03.03-20.33.47:617][229]LogBlueprintUserMessages: [VehicleRank_C_0] Server: 00:00.64
[2019.03.03-20.33.47:617][229]LogBlueprintUserMessages: [VehicleRank_C_1] Server: 00:00.18
[2019.03.03-20.33.47:619][229]LogBlueprintUserMessages: [VehicleRank_C_0] Client 1: 00:00.10
[2019.03.03-20.33.47:632][230]LogBlueprintUserMessages: [VehicleRank_C_0] Server: 00:00.65
[2019.03.03-20.33.47:632][230]LogBlueprintUserMessages: [VehicleRank_C_1] Server: 00:00.19
[2019.03.03-20.33.47:633][230]LogBlueprintUserMessages: [VehicleRank_C_0] Client 1: 00:00.12
[2019.03.03-20.33.47:647][231]LogBlueprintUserMessages: [VehicleRank_C_0] Server: 00:00.67
[2019.03.03-20.33.47:648][231]LogBlueprintUserMessages: [VehicleRank_C_1] Server: 00:00.21
[2019.03.03-20.33.47:649][231]LogBlueprintUserMessages: [VehicleRank_C_0] Client 1: 00:00.13
[2019.03.03-20.33.47:661][232]LogBlueprintUserMessages: [VehicleRank_C_0] Server: 00:00.68
[2019.03.03-20.33.47:661][232]LogBlueprintUserMessages: [VehicleRank_C_1] Server: 00:00.22
[2019.03.03-20.33.47:662][232]LogBlueprintUserMessages: [VehicleRank_C_0] Client 1: 00:00.14
[2019.03.03-20.33.47:675][233]LogBlueprintUserMessages: [VehicleRank_C_0] Server: 00:00.70
[2019.03.03-20.33.47:675][233]LogBlueprintUserMessages: [VehicleRank_C_1] Server: 00:00.24
[2019.03.03-20.33.47:676][233]LogBlueprintUserMessages: [VehicleRank_C_0] Client 1: 00:00.16
[2019.03.03-20.33.47:689][234]LogBlueprintUserMessages: [VehicleRank_C_0] Server: 00:00.71
[2019.03.03-20.33.47:689][234]LogBlueprintUserMessages: [VehicleRank_C_1] Server: 00:00.25
[2019.03.03-20.33.47:690][234]LogBlueprintUserMessages: [VehicleRank_C_0] Client 1: 00:00.17
[2019.03.03-20.33.47:702][235]LogBlueprintUserMessages: [VehicleRank_C_0] Server: 00:00.73
[2019.03.03-20.33.47:702][235]LogBlueprintUserMessages: [VehicleRank_C_1] Server: 00:00.27
[2019.03.03-20.33.47:703][235]LogBlueprintUserMessages: [VehicleRank_C_0] Client 1: 00:00.19
[2019.03.03-20.33.47:715][236]LogBlueprintUserMessages: [VehicleRank_C_0] Server: 00:00.74
[2019.03.03-20.33.47:715][236]LogBlueprintUserMessages: [VehicleRank_C_1] Server: 00:00.28
[2019.03.03-20.33.47:716][236]LogBlueprintUserMessages: [VehicleRank_C_0] Client 1: 00:00.20
[2019.03.03-20.33.47:725][237]LogBlueprintUserMessages: [VehicleRank_C_0] Server: 00:00.75
[2019.03.03-20.33.47:725][237]LogBlueprintUserMessages: [VehicleRank_C_1] Server: 00:00.29
[2019.03.03-20.33.47:726][237]LogBlueprintUserMessages: [VehicleRank_C_0] Client 1: 00:00.21
[2019.03.03-20.33.47:739][238]LogBlueprintUserMessages: [VehicleRank_C_0] Server: 00:00.76
[2019.03.03-20.33.47:739][238]LogBlueprintUserMessages: [VehicleRank_C_1] Server: 00:00.30
[2019.03.03-20.33.47:740][238]LogBlueprintUserMessages: [VehicleRank_C_0] Client 1: 00:00.22
[2019.03.03-20.33.47:751][239]LogBlueprintUserMessages: [VehicleRank_C_0] Server: 00:00.77
[2019.03.03-20.33.47:751][239]LogBlueprintUserMessages: [VehicleRank_C_1] Server: 00:00.31
[2019.03.03-20.33.47:752][239]LogBlueprintUserMessages: [VehicleRank_C_0] Client 1: 00:00.23
[2019.03.03-20.33.47:763][240]LogBlueprintUserMessages: [VehicleRank_C_0] Server: 00:00.79
[2019.03.03-20.33.47:764][240]LogBlueprintUserMessages: [VehicleRank_C_1] Server: 00:00.33
[2019.03.03-20.33.47:765][240]LogBlueprintUserMessages: [VehicleRank_C_0] Client 1: 00:00.25
[2019.03.03-20.33.47:776][241]LogBlueprintUserMessages: [VehicleRank_C_0] Server: 00:00.80
[2019.03.03-20.33.47:777][241]LogBlueprintUserMessages: [VehicleRank_C_1] Server: 00:00.34
[2019.03.03-20.33.47:778][241]LogBlueprintUserMessages: [VehicleRank_C_0] Client 1: 00:00.26
[2019.03.03-20.33.47:789][242]LogBlueprintUserMessages: [VehicleRank_C_0] Server: 00:00.81
[2019.03.03-20.33.47:789][242]LogBlueprintUserMessages: [VehicleRank_C_1] Server: 00:00.35
[2019.03.03-20.33.47:790][242]LogBlueprintUserMessages: [VehicleRank_C_0] Client 1: 00:00.27
[2019.03.03-20.33.47:803][243]LogBlueprintUserMessages: [VehicleRank_C_0] Server: 00:00.83
[2019.03.03-20.33.47:803][243]LogBlueprintUserMessages: [VehicleRank_C_1] Server: 00:00.37
[2019.03.03-20.33.47:804][243]LogBlueprintUserMessages: [VehicleRank_C_0] Client 1: 00:00.29
[2019.03.03-20.33.47:815][244]LogBlueprintUserMessages: [VehicleRank_C_0] Server: 00:00.84
[2019.03.03-20.33.47:815][244]LogBlueprintUserMessages: [VehicleRank_C_1] Server: 00:00.38
[2019.03.03-20.33.47:816][244]LogBlueprintUserMessages: [VehicleRank_C_0] Client 1: 00:00.30
[2019.03.03-20.33.47:824][245]LogBlueprintUserMessages: [VehicleRank_C_0] Server: 00:00.85
[2019.03.03-20.33.47:824][245]LogBlueprintUserMessages: [VehicleRank_C_1] Server: 00:00.39
[2019.03.03-20.33.47:825][245]LogBlueprintUserMessages: [VehicleRank_C_0] Client 1: 00:00.31
[2019.03.03-20.33.47:837][246]LogBlueprintUserMessages: [VehicleRank_C_0] Server: 00:00.86
[2019.03.03-20.33.47:837][246]LogBlueprintUserMessages: [VehicleRank_C_1] Server: 00:00.40
[2019.03.03-20.33.47:838][246]LogBlueprintUserMessages: [VehicleRank_C_0] Client 1: 00:00.32
[2019.03.03-20.33.47:848][247]LogBlueprintUserMessages: [VehicleRank_C_0] Server: 00:00.87
[2019.03.03-20.33.47:848][247]LogBlueprintUserMessages: [VehicleRank_C_1] Server: 00:00.41
[2019.03.03-20.33.47:849][247]LogBlueprintUserMessages: [VehicleRank_C_0] Client 1: 00:00.33
[2019.03.03-20.33.47:857][248]LogBlueprintUserMessages: [VehicleRank_C_0] Server: 00:00.88
[2019.03.03-20.33.47:857][248]LogBlueprintUserMessages: [VehicleRank_C_1] Server: 00:00.42
[2019.03.03-20.33.47:857][248]LogBlueprintUserMessages: [VehicleRank_C_0] Client 1: 00:00.34
[2019.03.03-20.33.47:868][249]LogBlueprintUserMessages: [VehicleRank_C_0] Server: 00:00.89
[2019.03.03-20.33.47:868][249]LogBlueprintUserMessages: [VehicleRank_C_1] Server: 00:00.43
[2019.03.03-20.33.47:868][249]LogBlueprintUserMessages: [VehicleRank_C_0] Client 1: 00:00.35
[2019.03.03-20.33.47:876][250]LogBlueprintUserMessages: [VehicleRank_C_0] Server: 00:00.90
[2019.03.03-20.33.47:876][250]LogBlueprintUserMessages: [VehicleRank_C_1] Server: 00:00.44
[2019.03.03-20.33.47:877][250]LogBlueprintUserMessages: [VehicleRank_C_0] Client 1: 00:00.36
[2019.03.03-20.33.47:888][251]LogBlueprintUserMessages: [VehicleRank_C_0] Server: 00:00.91
[2019.03.03-20.33.47:889][251]LogBlueprintUserMessages: [VehicleRank_C_1] Server: 00:00.45
[2019.03.03-20.33.47:889][251]LogBlueprintUserMessages: [VehicleRank_C_0] Client 1: 00:00.37
[2019.03.03-20.33.47:899][252]LogBlueprintUserMessages: [VehicleRank_C_0] Server: 00:00.92
[2019.03.03-20.33.47:900][252]LogBlueprintUserMessages: [VehicleRank_C_1] Server: 00:00.46
[2019.03.03-20.33.47:900][252]LogBlueprintUserMessages: [VehicleRank_C_0] Client 1: 00:00.38
[2019.03.03-20.33.47:910][253]LogBlueprintUserMessages: [VehicleRank_C_0] Server: 00:00.93
[2019.03.03-20.33.47:910][253]LogBlueprintUserMessages: [VehicleRank_C_1] Server: 00:00.47
[2019.03.03-20.33.47:911][253]LogBlueprintUserMessages: [VehicleRank_C_0] Client 1: 00:00.39
[2019.03.03-20.33.47:921][254]LogBlueprintUserMessages: [VehicleRank_C_0] Server: 00:00.95
[2019.03.03-20.33.47:921][254]LogBlueprintUserMessages: [VehicleRank_C_1] Server: 00:00.48
[2019.03.03-20.33.47:922][254]LogBlueprintUserMessages: [VehicleRank_C_0] Client 1: 00:00.41
[2019.03.03-20.33.47:933][255]LogBlueprintUserMessages: [VehicleRank_C_0] Server: 00:00.96
[2019.03.03-20.33.47:933][255]LogBlueprintUserMessages: [VehicleRank_C_1] Server: 00:00.50
[2019.03.03-20.33.47:934][255]LogBlueprintUserMessages: [VehicleRank_C_0] Client 1: 00:00.42
[2019.03.03-20.33.47:943][256]LogBlueprintUserMessages: [VehicleRank_C_0] Server: 00:00.97
[2019.03.03-20.33.47:943][256]LogBlueprintUserMessages: [VehicleRank_C_1] Server: 00:00.51
[2019.03.03-20.33.47:944][256]LogBlueprintUserMessages: [VehicleRank_C_0] Client 1: 00:00.43
[2019.03.03-20.33.47:955][257]LogBlueprintUserMessages: [VehicleRank_C_0] Server: 00:00.98
[2019.03.03-20.33.47:955][257]LogBlueprintUserMessages: [VehicleRank_C_1] Server: 00:00.52
[2019.03.03-20.33.47:956][257]LogBlueprintUserMessages: [VehicleRank_C_0] Client 1: 00:00.44
[2019.03.03-20.33.47:967][258]LogBlueprintUserMessages: [VehicleRank_C_0] Server: 00:00.99
[2019.03.03-20.33.47:967][258]LogBlueprintUserMessages: [VehicleRank_C_1] Server: 00:00.53
[2019.03.03-20.33.47:969][258]LogBlueprintUserMessages: [VehicleRank_C_0] Client 1: 00:00.45
[2019.03.03-20.33.47:978][259]LogBlueprintUserMessages: [VehicleRank_C_0] Server: 00:01.00
[2019.03.03-20.33.47:978][259]LogBlueprintUserMessages: [VehicleRank_C_1] Server: 00:00.54
[2019.03.03-20.33.47:979][259]LogBlueprintUserMessages: [VehicleRank_C_0] Client 1: 00:00.46
[2019.03.03-20.33.47:989][260]LogBlueprintUserMessages: [VehicleRank_C_0] Server: 00:01.01
[2019.03.03-20.33.47:989][260]LogBlueprintUserMessages: [VehicleRank_C_1] Server: 00:00.55
[2019.03.03-20.33.47:990][260]LogBlueprintUserMessages: [VehicleRank_C_0] Client 1: 00:00.47
[2019.03.03-20.33.48:000][261]LogBlueprintUserMessages: [VehicleRank_C_0] Server: 00:01.02
[2019.03.03-20.33.48:001][261]LogBlueprintUserMessages: [VehicleRank_C_1] Server: 00:00.56
[2019.03.03-20.33.48:001][261]LogBlueprintUserMessages: [VehicleRank_C_0] Client 1: 00:00.49
[2019.03.03-20.33.48:009][262]LogBlueprintUserMessages: [VehicleRank_C_0] Server: 00:01.03
[2019.03.03-20.33.48:010][262]LogBlueprintUserMessages: [VehicleRank_C_1] Server: 00:00.57
[2019.03.03-20.33.48:010][262]LogBlueprintUserMessages: [VehicleRank_C_0] Client 1: 00:00.49
[2019.03.03-20.33.48:022][263]LogBlueprintUserMessages: [VehicleRank_C_0] Server: 00:01.05
[2019.03.03-20.33.48:022][263]LogBlueprintUserMessages: [VehicleRank_C_1] Server: 00:00.59
[2019.03.03-20.33.48:023][263]LogBlueprintUserMessages: [VehicleRank_C_0] Client 1: 00:00.51
[2019.03.03-20.33.48:034][264]LogBlueprintUserMessages: [VehicleRank_C_0] Server: 00:01.06
[2019.03.03-20.33.48:034][264]LogBlueprintUserMessages: [VehicleRank_C_1] Server: 00:00.60
[2019.03.03-20.33.48:034][264]LogBlueprintUserMessages: [VehicleRank_C_0] Client 1: 00:00.52
[2019.03.03-20.33.48:043][265]LogBlueprintUserMessages: [VehicleRank_C_0] Server: 00:01.07
[2019.03.03-20.33.48:043][265]LogBlueprintUserMessages: [VehicleRank_C_1] Server: 00:00.61
[2019.03.03-20.33.48:044][265]LogBlueprintUserMessages: [VehicleRank_C_0] Client 1: 00:00.53
[2019.03.03-20.33.48:055][266]LogBlueprintUserMessages: [VehicleRank_C_0] Server: 00:01.08
[2019.03.03-20.33.48:055][266]LogBlueprintUserMessages: [VehicleRank_C_1] Server: 00:00.62
[2019.03.03-20.33.48:056][266]LogBlueprintUserMessages: [VehicleRank_C_0] Client 1: 00:00.54
[2019.03.03-20.33.48:068][267]LogBlueprintUserMessages: [VehicleRank_C_0] Server: 00:01.09
[2019.03.03-20.33.48:068][267]LogBlueprintUserMessages: [VehicleRank_C_1] Server: 00:00.63
[2019.03.03-20.33.48:068][267]LogBlueprintUserMessages: [VehicleRank_C_0] Client 1: 00:00.55
[2019.03.03-20.33.48:077][268]LogBlueprintUserMessages: [VehicleRank_C_0] Server: 00:01.10
[2019.03.03-20.33.48:077][268]LogBlueprintUserMessages: [VehicleRank_C_1] Server: 00:00.64
[2019.03.03-20.33.48:078][268]LogBlueprintUserMessages: [VehicleRank_C_0] Client 1: 00:00.56
[2019.03.03-20.33.48:089][269]LogBlueprintUserMessages: [VehicleRank_C_0] Server: 00:01.11
[2019.03.03-20.33.48:089][269]LogBlueprintUserMessages: [VehicleRank_C_1] Server: 00:00.65
[2019.03.03-20.33.48:090][269]LogBlueprintUserMessages: [VehicleRank_C_0] Client 1: 00:00.57
[2019.03.03-20.33.48:101][270]LogBlueprintUserMessages: [VehicleRank_C_0] Server: 00:01.12
[2019.03.03-20.33.48:101][270]LogBlueprintUserMessages: [VehicleRank_C_1] Server: 00:00.66
[2019.03.03-20.33.48:102][270]LogBlueprintUserMessages: [VehicleRank_C_0] Client 1: 00:00.59
[2019.03.03-20.33.48:111][271]LogBlueprintUserMessages: [VehicleRank_C_0] Server: 00:01.13
[2019.03.03-20.33.48:111][271]LogBlueprintUserMessages: [VehicleRank_C_1] Server: 00:00.67
[2019.03.03-20.33.48:113][271]LogBlueprintUserMessages: [VehicleRank_C_0] Client 1: 00:00.59
[2019.03.03-20.33.48:124][272]LogBlueprintUserMessages: [VehicleRank_C_0] Server: 00:01.15
[2019.03.03-20.33.48:124][272]LogBlueprintUserMessages: [VehicleRank_C_1] Server: 00:00.69
[2019.03.03-20.33.48:124][272]LogBlueprintUserMessages: [VehicleRank_C_0] Client 1: 00:00.61
[2019.03.03-20.33.48:137][273]LogBlueprintUserMessages: [VehicleRank_C_0] Server: 00:01.16
[2019.03.03-20.33.48:137][273]LogBlueprintUserMessages: [VehicleRank_C_1] Server: 00:00.70
[2019.03.03-20.33.48:137][273]LogBlueprintUserMessages: [VehicleRank_C_0] Client 1: 00:00.62
[2019.03.03-20.33.48:147][274]LogBlueprintUserMessages: [VehicleRank_C_0] Server: 00:01.17
[2019.03.03-20.33.48:148][274]LogBlueprintUserMessages: [VehicleRank_C_1] Server: 00:00.71
[2019.03.03-20.33.48:149][274]LogBlueprintUserMessages: [VehicleRank_C_0] Client 1: 00:00.63
[2019.03.03-20.33.48:160][275]LogBlueprintUserMessages: [VehicleRank_C_0] Server: 00:01.18
[2019.03.03-20.33.48:160][275]LogBlueprintUserMessages: [VehicleRank_C_1] Server: 00:00.72
[2019.03.03-20.33.48:160][275]LogBlueprintUserMessages: [VehicleRank_C_0] Client 1: 00:00.64
[2019.03.03-20.33.48:172][276]LogBlueprintUserMessages: [VehicleRank_C_0] Server: 00:01.20
[2019.03.03-20.33.48:172][276]LogBlueprintUserMessages: [VehicleRank_C_1] Server: 00:00.73
[2019.03.03-20.33.48:172][276]LogBlueprintUserMessages: [VehicleRank_C_0] Client 1: 00:00.66
[2019.03.03-20.33.48:183][277]LogBlueprintUserMessages: [VehicleRank_C_0] Server: 00:01.21
[2019.03.03-20.33.48:183][277]LogBlueprintUserMessages: [VehicleRank_C_1] Server: 00:00.75
[2019.03.03-20.33.48:184][277]LogBlueprintUserMessages: [VehicleRank_C_0] Client 1: 00:00.67
[2019.03.03-20.33.48:197][278]LogBlueprintUserMessages: [VehicleRank_C_0] Server: 00:01.22
[2019.03.03-20.33.48:197][278]LogBlueprintUserMessages: [VehicleRank_C_1] Server: 00:00.76
[2019.03.03-20.33.49:973][278]LogWindows: Error: === Critical error: ===
[2019.03.03-20.33.49:973][278]LogWindows: Error: 
[2019.03.03-20.33.49:973][278]LogWindows: Error: Fatal error!
[2019.03.03-20.33.49:973][278]LogWindows: Error: 
[2019.03.03-20.33.49:973][278]LogWindows: Error: Unhandled Exception: EXCEPTION_ACCESS_VIOLATION reading address 0x00000048
[2019.03.03-20.33.49:973][278]LogWindows: Error: 
[2019.03.03-20.33.49:973][278]LogWindows: Error: [Callstack] 0x00007ffc09b068a0 UE4Editor-VehicleMovement-4664.dll!UCarStat::GetHandleFactor() [d:\github\math-assignment_1\math_assignment_1\game260development\resources\vehiclemovement\source\vehiclemovement\carstat.cpp:26]
[2019.03.03-20.33.49:973][278]LogWindows: Error: [Callstack] 0x00007ffc09b055cd UE4Editor-VehicleMovement-4664.dll!AAVehiclePawn::MoveY() [d:\github\math-assignment_1\math_assignment_1\game260development\resources\vehiclemovement\source\vehiclemovement\avehiclepawn.cpp:211]
[2019.03.03-20.33.49:973][278]LogWindows: Error: [Callstack] 0x00007ffc1b5b4377 UE4Editor-Engine.dll!UnknownFunction []
[2019.03.03-20.33.49:973][278]LogWindows: Error: [Callstack] 0x00007ffc1b08017c UE4Editor-Engine.dll!UnknownFunction []
[2019.03.03-20.33.49:973][278]LogWindows: Error: [Callstack] 0x00007ffc1b094608 UE4Editor-Engine.dll!UnknownFunction []
[2019.03.03-20.33.49:973][278]LogWindows: Error: [Callstack] 0x00007ffc1b07dbcb UE4Editor-Engine.dll!UnknownFunction []
[2019.03.03-20.33.49:973][278]LogWindows: Error: [Callstack] 0x00007ffc1b0934c3 UE4Editor-Engine.dll!UnknownFunction []
[2019.03.03-20.33.49:973][278]LogWindows: Error: [Callstack] 0x00007ffc1a2b5630 UE4Editor-Engine.dll!UnknownFunction []
[2019.03.03-20.33.49:973][278]LogWindows: Error: [Callstack] 0x00007ffc1b4b16bd UE4Editor-Engine.dll!UnknownFunction []
[2019.03.03-20.33.49:973][278]LogWindows: Error: [Callstack] 0x00007ffc36971f92 UE4Editor-Core.dll!UnknownFunction []
[2019.03.03-20.33.49:973][278]LogWindows: Error: [Callstack] 0x00007ffc36972456 UE4Editor-Core.dll!UnknownFunction []
[2019.03.03-20.33.49:973][278]LogWindows: Error: [Callstack] 0x00007ffc36986d25 UE4Editor-Core.dll!UnknownFunction []
[2019.03.03-20.33.49:973][278]LogWindows: Error: [Callstack] 0x00007ffc1b505b04 UE4Editor-Engine.dll!UnknownFunction []
[2019.03.03-20.33.49:973][278]LogWindows: Error: [Callstack] 0x00007ffc1b514d92 UE4Editor-Engine.dll!UnknownFunction []
[2019.03.03-20.33.49:973][278]LogWindows: Error: [Callstack] 0x00007ffc1ac187e4 UE4Editor-Engine.dll!UnknownFunction []
[2019.03.03-20.33.49:973][278]LogWindows: Error: [Callstack] 0x00007ffc1ac24003 UE4Editor-Engine.dll!UnknownFunction []
[2019.03.03-20.33.49:973][278]LogWindows: Error: [Callstack] 0x00007ffc18df7335 UE4Editor-UnrealEd.dll!UnknownFunction []
[2019.03.03-20.33.49:973][278]LogWindows: Error: [Callstack] 0x00007ffc196ef666 UE4Editor-UnrealEd.dll!UnknownFunction []
[2019.03.03-20.33.49:973][278]LogWindows: Error: [Callstack] 0x00007ff7716f5cbd UE4Editor.exe!UnknownFunction []
[2019.03.03-20.33.49:973][278]LogWindows: Error: [Callstack] 0x00007ff771705b3c UE4Editor.exe!UnknownFunction []
[2019.03.03-20.33.49:973][278]LogWindows: Error: [Callstack] 0x00007ff771705bba UE4Editor.exe!UnknownFunction []
[2019.03.03-20.33.49:973][278]LogWindows: Error: [Callstack] 0x00007ff771713dac UE4Editor.exe!UnknownFunction []
[2019.03.03-20.33.49:973][278]LogWindows: Error: [Callstack] 0x00007ff771715aaa UE4Editor.exe!UnknownFunction []
[2019.03.03-20.33.49:973][278]LogWindows: Error: [Callstack] 0x00007ffc9e4781f4 KERNEL32.DLL!UnknownFunction []
[2019.03.03-20.33.49:973][278]LogWindows: Error: [Callstack] 0x00007ffc9ff9a251 ntdll.dll!UnknownFunction []
[2019.03.03-20.33.49:973][278]LogWindows: Error: 
[2019.03.03-20.33.49:986][278]LogExit: Executing StaticShutdownAfterError
[2019.03.03-20.33.49:990][278]LogWindows: FPlatformMisc::RequestExit(1)
[2019.03.03-20.33.50:001][278]Log file closed, 03/03/19 15:33:50
