Log file open, 02/14/19 16:35:29
LogWindows: Failed to load 'aqProf.dll' (GetLastError=126)
LogWindows: File 'aqProf.dll' does not exist
LogWindows: Failed to load 'VSPerf140.dll' (GetLastError=126)
LogWindows: File 'VSPerf140.dll' does not exist
LogWindows: Failed to load 'VtuneApi.dll' (GetLastError=126)
LogWindows: File 'VtuneApi.dll' does not exist
LogWindows: Failed to load 'VtuneApi32e.dll' (GetLastError=126)
LogWindows: File 'VtuneApi32e.dll' does not exist
LogInit: Display: Running engine for game: VehicleMovement
LogPlatformFile: Not using cached read wrapper
LogTaskGraph: Started task graph with 5 named threads and 14 total threads with 3 sets of task threads.
LogStats: Stats thread started at 0.340236
LogD3D11RHI: Loaded GFSDK_Aftermath_Lib.x64.dll
LogICUInternationalization: Display: ICU TimeZone Detection - Raw Offset: -5:00, Platform Override: ''
LogPluginManager: Mounting plugin Paper2D
LogPluginManager: Mounting plugin AISupport
LogPluginManager: Mounting plugin LightPropagationVolume
LogPluginManager: Mounting plugin CLionSourceCodeAccess
LogPluginManager: Mounting plugin CodeLiteSourceCodeAccess
LogPluginManager: Mounting plugin GitSourceControl
LogPluginManager: Mounting plugin KDevelopSourceCodeAccess
LogPluginManager: Mounting plugin NullSourceCodeAccess
LogPluginManager: Mounting plugin PerforceSourceControl
LogPluginManager: Mounting plugin SubversionSourceControl
LogPluginManager: Mounting plugin UObjectPlugin
LogPluginManager: Mounting plugin VisualStudioCodeSourceCodeAccess
LogPluginManager: Mounting plugin VisualStudioSourceCodeAccess
LogPluginManager: Mounting plugin XCodeSourceCodeAccess
LogPluginManager: Mounting plugin AssetManagerEditor
LogPluginManager: Mounting plugin CryptoKeys
LogPluginManager: Mounting plugin DataValidation
LogPluginManager: Mounting plugin FacialAnimation
LogPluginManager: Mounting plugin GameplayTagsEditor
LogPluginManager: Mounting plugin MacGraphicsSwitching
LogPluginManager: Mounting plugin MeshEditor
LogPluginManager: Mounting plugin MobileLauncherProfileWizard
LogPluginManager: Mounting plugin PluginBrowser
LogPluginManager: Mounting plugin SpeedTreeImporter
LogPluginManager: Mounting plugin DatasmithContent
LogPluginManager: Mounting plugin AlembicImporter
LogPluginManager: Mounting plugin AppleImageUtils
LogPluginManager: Mounting plugin AppleVision
LogPluginManager: Mounting plugin BackChannel
LogPluginManager: Mounting plugin CharacterAI
LogPluginManager: Mounting plugin GeometryCache
LogPluginManager: Mounting plugin HTML5Networking
LogPluginManager: Mounting plugin ProxyLODPlugin
LogPluginManager: Mounting plugin RawInput
LogPluginManager: Mounting plugin MagicLeap
LogPluginManager: Mounting plugin MagicLeapEmulator
LogPluginManager: Mounting plugin MagicLeapMedia
LogPluginManager: Mounting plugin AndroidMedia
LogPluginManager: Mounting plugin AvfMedia
LogPluginManager: Mounting plugin ImgMedia
LogPluginManager: Mounting plugin LinearTimecode
LogPluginManager: Mounting plugin MediaCompositing
LogPluginManager: Mounting plugin MediaPlayerEditor
LogPluginManager: Mounting plugin WmfMedia
LogPluginManager: Mounting plugin TcpMessaging
LogPluginManager: Mounting plugin UdpMessaging
LogPluginManager: Mounting plugin ActorSequence
LogPluginManager: Mounting plugin LevelSequenceEditor
LogPluginManager: Mounting plugin MatineeToLevelSequence
LogPluginManager: Mounting plugin NetcodeUnitTest
LogPluginManager: Mounting plugin NUTUnrealEngine4
LogPluginManager: Mounting plugin OnlineSubsystemGooglePlay
LogPluginManager: Mounting plugin OnlineSubsystemIOS
LogPluginManager: Mounting plugin OnlineSubsystem
LogPluginManager: Mounting plugin OnlineSubsystemNull
LogPluginManager: Mounting plugin OnlineSubsystemUtils
LogPluginManager: Mounting plugin LauncherChunkInstaller
LogPluginManager: Mounting plugin AndroidDeviceProfileSelector
LogPluginManager: Mounting plugin AndroidMoviePlayer
LogPluginManager: Mounting plugin AndroidPermission
LogPluginManager: Mounting plugin AppleMoviePlayer
LogPluginManager: Mounting plugin ArchVisCharacter
LogPluginManager: Mounting plugin AudioCapture
LogPluginManager: Mounting plugin CableComponent
LogPluginManager: Mounting plugin CustomMeshComponent
LogPluginManager: Mounting plugin EditableMesh
LogPluginManager: Mounting plugin ExampleDeviceProfileSelector
LogPluginManager: Mounting plugin GoogleCloudMessaging
LogPluginManager: Mounting plugin ImmediatePhysics
LogPluginManager: Mounting plugin IOSDeviceProfileSelector
LogPluginManager: Mounting plugin LinuxDeviceProfileSelector
LogPluginManager: Mounting plugin LocationServicesBPLibrary
LogPluginManager: Mounting plugin MobilePatchingUtils
LogPluginManager: Mounting plugin OculusVR
LogPluginManager: Plugin shader directory ../../../Engine/Plugins/Runtime/Oculus/OculusVR/Shaders found
LogPluginManager: Mapping shader source directory ../../../Engine/Plugins/Runtime/Oculus/OculusVR/Shaders to virtual directory /Plugin/OculusVR
LogPluginManager: Mounting plugin PhysXVehicles
LogPluginManager: Mounting plugin ProceduralMeshComponent
LogPluginManager: Mounting plugin RuntimePhysXCooking
LogPluginManager: Mounting plugin SteamVR
LogPluginManager: Mounting plugin WindowsMoviePlayer
LogStreaming: Display: Took  0.425s to configure plugins.
LogInit: Using libcurl 7.55.1-DEV
LogInit:  - built for x86_64-pc-win32
LogInit:  - supports SSL with OpenSSL/1.0.2h
LogInit:  - supports HTTP deflate (compression) using libz 1.2.8
LogInit:  - other features:
LogInit:      CURL_VERSION_SSL
LogInit:      CURL_VERSION_LIBZ
LogInit:      CURL_VERSION_IPV6
LogInit:      CURL_VERSION_ASYNCHDNS
LogInit:      CURL_VERSION_LARGEFILE
LogInit:      CURL_VERSION_IDN
LogInit:  CurlRequestOptions (configurable via config and command line):
LogInit:  - bVerifyPeer = false  - Libcurl will NOT verify peer certificate
LogInit:  - bUseHttpProxy = false  - Libcurl will NOT use HTTP proxy
LogInit:  - bDontReuseConnections = false  - Libcurl will reuse connections
LogInit:  - CertBundlePath = nullptr  - Libcurl will use whatever was configured at build time.
LogInit:  - MaxHostConnections = 16  - Libcurl will limit the number of connections to a host
LogInit:  - LocalHostAddr = Default
LogInit:  - BufferSize = 65536
LogInit: WinSock: version 1.1 (2.2), MaxSocks=32767, MaxUdp=65467
LogInit: Build: ++UE4+Release-4.20-CL-4369336
LogInit: Engine Version: 4.20.3-4369336+++UE4+Release-4.20
LogInit: Compatible Engine Version: 4.20.0-4212847+++UE4+Release-4.20
LogInit: Net CL: 4212847
LogInit: OS: Windows 10 (), CPU: Intel(R) Core(TM) i5-4460  CPU @ 3.20GHz, GPU: NVIDIA GeForce GTX 750 Ti
LogInit: Compiled (64-bit): Sep 17 2018 12:26:19
LogInit: Compiled with Visual C++: 19.13.26129.00
LogInit: Build Configuration: Development
LogInit: Branch Name: ++UE4+Release-4.20
LogInit: Command Line:  -skipcompile
LogInit: Base Directory: C:/Program Files/Epic Games/UE_4.20/Engine/Binaries/Win64/
LogInit: Installed Engine Build: 1
LogDevObjectVersion: Number of dev versions registered: 20
LogDevObjectVersion:   Dev-Blueprints (B0D832E4-1F89-4F0D-ACCF-7EB736FD4AA2): 10
LogDevObjectVersion:   Dev-Build (E1C64328-A22C-4D53-A36C-8E866417BD8C): 0
LogDevObjectVersion:   Dev-Core (375EC13C-06E4-48FB-B500-84F0262A717E): 2
LogDevObjectVersion:   Dev-Editor (E4B068ED-F494-42E9-A231-DA0B2E46BB41): 24
LogDevObjectVersion:   Dev-Framework (CFFC743F-43B0-4480-9391-14DF171D2073): 34
LogDevObjectVersion:   Dev-Mobile (B02B49B5-BB20-44E9-A304-32B752E40360): 2
LogDevObjectVersion:   Dev-Networking (A4E4105C-59A1-49B5-A7C5-40C4547EDFEE): 0
LogDevObjectVersion:   Dev-Online (39C831C9-5AE6-47DC-9A44-9C173E1C8E7C): 0
LogDevObjectVersion:   Dev-Physics (78F01B33-EBEA-4F98-B9B4-84EACCB95AA2): 0
LogDevObjectVersion:   Dev-Platform (6631380F-2D4D-43E0-8009-CF276956A95A): 0
LogDevObjectVersion:   Dev-Rendering (12F88B9F-8875-4AFC-A67C-D90C383ABD29): 26
LogDevObjectVersion:   Dev-Sequencer (7B5AE74C-D270-4C10-A958-57980B212A5A): 9
LogDevObjectVersion:   Dev-VR (D7296918-1DD6-4BDD-9DE2-64A83CC13884): 2
LogDevObjectVersion:   Dev-LoadTimes (C2A15278-BFE7-4AFE-6C17-90FF531DF755): 1
LogDevObjectVersion:   Private-Geometry (6EACA3D4-40EC-4CC1-B786-8BED09428FC5): 3
LogDevObjectVersion:   Dev-AnimPhys (29E575DD-E0A3-4627-9D10-D276232CDCEA): 17
LogDevObjectVersion:   Dev-ReflectionCapture (6B266CEC-1EC7-4B8F-A30B-E4D90942FC07): 1
LogDevObjectVersion:   Dev-Automation (0DF73D61-A23F-47EA-B727-89E90C41499A): 1
LogDevObjectVersion:   FortniteMain (601D1886-AC64-4F84-AA16-D3DE0DEAC7D6): 12
LogDevObjectVersion:   Dev-Enterprise (9DFFBCD6-494F-0158-E221-12823C92A888): 1
LogStreaming: Display: Took  0.007s to delete old logs.
LogInit: Presizing for max 8388607 objects, including 0 objects not considered by GC, pre-allocating 0 bytes for permanent pool.
LogInit: Object subsystem initialized
[2019.02.14-21.35.29:949][  0]LogInit: Selected Device Profile: [Windows]
[2019.02.14-21.35.29:949][  0]LogInit: Applying CVar settings loaded from the selected device profile: [Windows]
[2019.02.14-21.35.29:964][  0]LogHAL: Display: Platform has ~ 8 GB [8536301568 / 8589934592 / 8], which maps to Default [LargestMinGB=32, LargerMinGB=12, DefaultMinGB=8, SmallerMinGB=6, SmallestMinGB=0)
[2019.02.14-21.35.29:964][  0]LogInit: Setting Device Profile CVar: [[r.Vulkan.UseRealUBs:1]]
[2019.02.14-21.35.29:964][  0]LogInit: Going up to parent DeviceProfile []
[2019.02.14-21.35.29:965][  0]LogInit: Computer: DESKTOP-IAKBS29
[2019.02.14-21.35.29:965][  0]LogInit: User: Sarfaraz
[2019.02.14-21.35.29:965][  0]LogInit: CPU Page size=4096, Cores=4
[2019.02.14-21.35.29:965][  0]LogInit: High frequency timer resolution =10.000000 MHz
[2019.02.14-21.35.29:966][  0]LogMemory: Memory total: Physical=8.0GB (8GB approx)
[2019.02.14-21.35.29:966][  0]LogMemory: Platform Memory Stats for Windows
[2019.02.14-21.35.29:966][  0]LogMemory: Process Physical Memory: 101.33 MB used, 101.33 MB peak
[2019.02.14-21.35.29:966][  0]LogMemory: Process Virtual Memory: 84.27 MB used, 84.27 MB peak
[2019.02.14-21.35.29:966][  0]LogMemory: Physical Memory: 5947.60 MB used,  2193.25 MB free, 8140.85 MB total
[2019.02.14-21.35.29:966][  0]LogMemory: Virtual Memory: 4608.51 MB used,  2193.25 MB free, 134217728.00 MB total
[2019.02.14-21.35.30:102][  0]LogInit: Using OS detected language (en-US).
[2019.02.14-21.35.30:102][  0]LogInit: Using OS detected locale (en-CA).
[2019.02.14-21.35.30:104][  0]LogTextLocalizationManager: No specific localization for 'en-US' exists, so the 'en' localization will be used.
[2019.02.14-21.35.30:516][  0]LogStreaming: Display: Took  0.414s to InitEngineTextLocalization.
[2019.02.14-21.35.30:516][  0]LogInit: Setting process to per monitor DPI aware
[2019.02.14-21.35.30:591][  0]LogSlate: New Slate User Created.  User Index 0, Is Virtual User: 0
[2019.02.14-21.35.30:591][  0]LogSlate: Slate User Registered.  User Index 0, Is Virtual User: 0
[2019.02.14-21.35.30:927][  0]LogHMD: Failed to initialize OpenVR with code 110
[2019.02.14-21.35.30:928][  0]LogD3D11RHI: D3D11 adapters:
[2019.02.14-21.35.31:045][  0]LogD3D11RHI:    0. 'NVIDIA GeForce GTX 750 Ti' (Feature Level 11_0)
[2019.02.14-21.35.31:045][  0]LogD3D11RHI:       2007/0/4070 MB DedicatedVideo/DedicatedSystem/SharedSystem, Outputs:2, VendorId:0x10de
[2019.02.14-21.35.31:056][  0]LogD3D11RHI:    1. 'Microsoft Basic Render Driver' (Feature Level 11_0)
[2019.02.14-21.35.31:056][  0]LogD3D11RHI:       0/0/4070 MB DedicatedVideo/DedicatedSystem/SharedSystem, Outputs:0, VendorId:0x1414
[2019.02.14-21.35.31:056][  0]LogD3D11RHI: Chosen D3D11 Adapter: 0
[2019.02.14-21.35.31:066][  0]LogD3D11RHI: Creating new Direct3DDevice
[2019.02.14-21.35.31:066][  0]LogD3D11RHI:     GPU DeviceId: 0x1380 (for the marketing name, search the web for "GPU Device Id")
[2019.02.14-21.35.31:066][  0]LogWindows: EnumDisplayDevices:
[2019.02.14-21.35.31:066][  0]LogWindows:    0. 'NVIDIA GeForce GTX 750 Ti' (P:1 D:1)
[2019.02.14-21.35.31:067][  0]LogWindows:    1. 'NVIDIA GeForce GTX 750 Ti' (P:0 D:1)
[2019.02.14-21.35.31:068][  0]LogWindows:    2. 'NVIDIA GeForce GTX 750 Ti' (P:0 D:0)
[2019.02.14-21.35.31:068][  0]LogWindows:    3. 'NVIDIA GeForce GTX 750 Ti' (P:0 D:0)
[2019.02.14-21.35.31:069][  0]LogWindows: DebugString: FoundDriverCount:4 
[2019.02.14-21.35.31:069][  0]LogD3D11RHI:     Adapter Name: NVIDIA GeForce GTX 750 Ti
[2019.02.14-21.35.31:069][  0]LogD3D11RHI:   Driver Version: 418.91 (internal:25.21.14.1891, unified:418.91)
[2019.02.14-21.35.31:069][  0]LogD3D11RHI:      Driver Date: 2-6-2019
[2019.02.14-21.35.31:069][  0]LogRHI: Texture pool is 1405 MB (70% of 2007 MB)
[2019.02.14-21.35.31:132][  0]LogD3D11RHI: Async texture creation enabled
[2019.02.14-21.35.31:154][  0]LogD3D11RHI: GPU Timing Frequency: 1000.000000 (Debug: 2 1)
[2019.02.14-21.35.31:207][  0]LogShaderCompilers: Guid format shader working directory is -25 characters bigger than the processId version (D:/Humber/Semester 4/Game 260_Game Production/Assignments/VehicleMovement/Intermediate/Shaders/WorkingDirectory/11508/).
[2019.02.14-21.35.31:208][  0]LogShaderCompilers: Cleaned the shader compiler working directory 'C:/Users/Sarfaraz/AppData/Local/Temp/UnrealShaderWorkingDir/3B306CA046659271A649E999E4C140A1/'.
[2019.02.14-21.35.31:649][  0]LogTemp: Display: Loaded TP AllDesktopTargetPlatform
[2019.02.14-21.35.31:673][  0]LogTemp: Display: Loaded TP MacClientTargetPlatform
[2019.02.14-21.35.31:697][  0]LogTemp: Display: Loaded TP MacNoEditorTargetPlatform
[2019.02.14-21.35.31:721][  0]LogTemp: Display: Loaded TP MacServerTargetPlatform
[2019.02.14-21.35.31:745][  0]LogTemp: Display: Loaded TP MacTargetPlatform
[2019.02.14-21.35.31:769][  0]LogTemp: Display: Loaded TP WindowsClientTargetPlatform
[2019.02.14-21.35.31:793][  0]LogTemp: Display: Loaded TP WindowsNoEditorTargetPlatform
[2019.02.14-21.35.31:818][  0]LogTemp: Display: Loaded TP WindowsServerTargetPlatform
[2019.02.14-21.35.31:832][  0]LogTemp: Display: Loaded TP WindowsTargetPlatform
[2019.02.14-21.35.31:960][  0]LogTemp: Display: Loaded TP AndroidTargetPlatform
[2019.02.14-21.35.31:960][  0]LogTemp: Display: Loaded TP AndroidTargetPlatform
[2019.02.14-21.35.31:960][  0]LogTemp: Display: Loaded TP AndroidTargetPlatform
[2019.02.14-21.35.31:960][  0]LogTemp: Display: Loaded TP AndroidTargetPlatform
[2019.02.14-21.35.31:960][  0]LogTemp: Display: Loaded TP AndroidTargetPlatform
[2019.02.14-21.35.31:960][  0]LogTemp: Display: Loaded TP AndroidTargetPlatform
[2019.02.14-21.35.31:960][  0]LogTemp: Display: Loaded TP AndroidTargetPlatform
[2019.02.14-21.35.31:960][  0]LogTemp: Display: Loaded TP AndroidTargetPlatform
[2019.02.14-21.35.31:960][  0]LogTemp: Display: Loaded TP AndroidTargetPlatform
[2019.02.14-21.35.31:960][  0]LogTemp: Display: Loaded TP AndroidTargetPlatform
[2019.02.14-21.35.31:960][  0]LogTemp: Display: Loaded TP AndroidTargetPlatform
[2019.02.14-21.35.31:960][  0]LogTemp: Display: Loaded TP AndroidTargetPlatform
[2019.02.14-21.35.31:960][  0]LogTemp: Display: Loaded TP AndroidTargetPlatform
[2019.02.14-21.35.31:960][  0]LogTemp: Display: Loaded TP AndroidTargetPlatform
[2019.02.14-21.35.31:960][  0]LogTemp: Display: Loaded TP AndroidTargetPlatform
[2019.02.14-21.35.31:960][  0]LogTemp: Display: Loaded TP AndroidTargetPlatform
[2019.02.14-21.35.31:960][  0]LogTemp: Display: Loaded TP AndroidTargetPlatform
[2019.02.14-21.35.31:960][  0]LogTemp: Display: Loaded TP AndroidTargetPlatform
[2019.02.14-21.35.31:968][  0]LogTemp: Display: Loaded TP HTML5TargetPlatform
[2019.02.14-21.35.32:056][  0]LogTemp: Display: Loaded TP IOSTargetPlatform
[2019.02.14-21.35.32:056][  0]LogTemp: Display: Loaded TP IOSTargetPlatform
[2019.02.14-21.35.32:094][  0]LogTemp: Display: Loaded TP TVOSTargetPlatform
[2019.02.14-21.35.32:095][  0]LogTemp: Display: Loaded TP TVOSTargetPlatform
[2019.02.14-21.35.32:116][  0]LogTemp: Display: Loaded TP LinuxClientTargetPlatform
[2019.02.14-21.35.32:137][  0]LogTemp: Display: Loaded TP LinuxNoEditorTargetPlatform
[2019.02.14-21.35.32:158][  0]LogTemp: Display: Loaded TP LinuxServerTargetPlatform
[2019.02.14-21.35.32:181][  0]LogTemp: Display: Loaded TP LinuxTargetPlatform
[2019.02.14-21.35.32:198][  0]LogTemp: Display: Loaded TP LuminTargetPlatform
[2019.02.14-21.35.32:199][  0]LogTargetPlatformManager: Display: Building Assets For Windows
[2019.02.14-21.35.32:430][  0]LogXGEController: Cleaning working directory: C:/Users/Sarfaraz/AppData/Local/Temp/UnrealXGEWorkingDir/
[2019.02.14-21.35.32:431][  0]LogXGEController: Cannot use XGE Controller as Incredibuild is not installed on this machine.
[2019.02.14-21.35.32:431][  0]LogShaderCompilers: Cannot use XGE Shader Compiler as Incredibuild is not installed on this machine.
[2019.02.14-21.35.32:431][  0]LogShaderCompilers: Display: Using Local Shader Compiler.
[2019.02.14-21.35.34:232][  0]LogDerivedDataCache: Display: Max Cache Size: 512 MB
[2019.02.14-21.35.34:305][  0]LogDerivedDataCache: Loaded boot cache 0.07s 73MB C:/Users/Sarfaraz/AppData/Local/UnrealEngine/4.20/DerivedDataCache/Boot.ddc.
[2019.02.14-21.35.34:305][  0]LogDerivedDataCache: Display: Loaded Boot cache: C:/Users/Sarfaraz/AppData/Local/UnrealEngine/4.20/DerivedDataCache/Boot.ddc
[2019.02.14-21.35.34:306][  0]LogDerivedDataCache: FDerivedDataBackendGraph:  Pak pak cache file D:/Humber/Semester 4/Game 260_Game Production/Assignments/VehicleMovement/DerivedDataCache/DDC.ddp not found, will not use a pak cache.
[2019.02.14-21.35.34:306][  0]LogDerivedDataCache: Unable to find inner node Pak for hierarchical cache Hierarchy.
[2019.02.14-21.35.34:307][  0]LogDerivedDataCache: FDerivedDataBackendGraph:  CompressedPak pak cache file D:/Humber/Semester 4/Game 260_Game Production/Assignments/VehicleMovement/DerivedDataCache/Compressed.ddp not found, will not use a pak cache.
[2019.02.14-21.35.34:307][  0]LogDerivedDataCache: Unable to find inner node CompressedPak for hierarchical cache Hierarchy.
[2019.02.14-21.35.34:321][  0]LogDerivedDataCache: Display: Pak cache opened for reading ../../../Engine/DerivedDataCache/Compressed.ddp.
[2019.02.14-21.35.34:337][  0]LogDerivedDataCache: Using Local data cache path C:/Users/Sarfaraz/AppData/Local/UnrealEngine/Common/DerivedDataCache: Writable
[2019.02.14-21.35.34:337][  0]LogDerivedDataCache: Shared data cache path not found in *engine.ini, will not use an Shared cache.
[2019.02.14-21.35.34:337][  0]LogDerivedDataCache: Unable to find inner node Shared for hierarchical cache Hierarchy.
[2019.02.14-21.35.34:358][  0]LogMaterial: Verifying Global Shaders for PCD3D_SM5
[2019.02.14-21.35.34:360][  0]LogSlate: Using FreeType 2.6.0
[2019.02.14-21.35.34:361][  0]LogSlate: SlateFontServices - WITH_FREETYPE: 1, WITH_HARFBUZZ: 1
[2019.02.14-21.35.34:466][  0]LogAssetRegistry: FAssetRegistry took 0.0311 seconds to start up
[2019.02.14-21.35.34:968][  0]LogInit: Selected Device Profile: [Windows]
[2019.02.14-21.35.35:194][  0]LogSimplygon: Simplygon DLL not present - disabling.
[2019.02.14-21.35.35:206][  0]LogMeshReduction: Using SimplygonSwarm for distributed automatic mesh merging
[2019.02.14-21.35.35:207][  0]LogMeshReduction: Using ProxyLODMeshReduction for automatic mesh merging
[2019.02.14-21.35.35:207][  0]LogMeshReduction: Using QuadricMeshReduction for automatic static mesh reduction
[2019.02.14-21.35.35:207][  0]LogMeshReduction: No automatic skeletal mesh reduction module available
[2019.02.14-21.35.35:233][  0]LogNetVersion: VehicleMovement 1.0.0, NetCL: 4212847, EngineNetVer: 5, GameNetVer: 0 (Checksum: 2966596176)
[2019.02.14-21.35.36:009][  0]LogPackageLocalizationCache: Processed 11 localized package path(s) for 2 prioritized culture(s) in 0.145026 seconds
[2019.02.14-21.35.36:016][  0]LogUObjectArray: 38425 objects as part of root set at end of initial load.
[2019.02.14-21.35.36:016][  0]LogUObjectAllocator: 6690864 out of 0 bytes used by permanent object pool.
[2019.02.14-21.35.36:016][  0]LogUObjectArray: CloseDisregardForGC: 0/0 objects in disregard for GC pool
[2019.02.14-21.35.37:719][  0]LogTcpMessaging: Initializing TcpMessaging bridge
[2019.02.14-21.35.37:743][  0]LogUdpMessaging: Initializing bridge on interface 0.0.0.0:0 to multicast group 230.0.0.1:6666.
[2019.02.14-21.35.38:233][  0]SourceControl: Source control is disabled
[2019.02.14-21.35.38:234][  0]SourceControl: Source control is disabled
[2019.02.14-21.35.38:241][  0]SourceControl: Source control is disabled
[2019.02.14-21.35.38:246][  0]SourceControl: Source control is disabled
[2019.02.14-21.35.38:805][  0]LogAndroidPermission: UAndroidPermissionCallbackProxy::GetInstance
[2019.02.14-21.35.39:050][  0]LogOcInput: OculusInput pre-init called
[2019.02.14-21.35.39:155][  0]LogEngine: Initializing Engine...
[2019.02.14-21.35.39:158][  0]LogHMD: Failed to initialize OpenVR with code 110
[2019.02.14-21.35.39:159][  0]LogStats: UGameplayTagsManager::ConstructGameplayTagTree: ImportINI prefixes -  0.000 s
[2019.02.14-21.35.39:159][  0]LogStats: UGameplayTagsManager::ConstructGameplayTagTree: Construct from data asset -  0.000 s
[2019.02.14-21.35.39:160][  0]LogStats: UGameplayTagsManager::ConstructGameplayTagTree: ImportINI -  0.000 s
[2019.02.14-21.35.39:160][  0]LogStats: UGameplayTagsManager::ConstructGameplayTagTree: GameplayTagTreeChangedEvent.Broadcast -  0.000 s
[2019.02.14-21.35.39:421][  0]LogInit: Initializing FReadOnlyCVARCache
[2019.02.14-21.35.39:449][  0]LogAIModule: Creating AISystem for world Untitled
[2019.02.14-21.35.39:475][  0]LogInit: XAudio2 using 'Headset Earphone (Razer ManO'War 7.1)' : 2 channels at 44.1 kHz using 16 bits per sample (channel mask 0x3)
[2019.02.14-21.35.39:593][  0]LogInit: FAudioDevice initialized.
[2019.02.14-21.35.39:593][  0]LogNetVersion: Set ProjectVersion to 1.0.0.0. Version Checksum will be recalculated on next use.
[2019.02.14-21.35.39:680][  0]LogDerivedDataCache: Saved boot cache 0.09s 73MB C:/Users/Sarfaraz/AppData/Local/UnrealEngine/4.20/DerivedDataCache/Boot.ddc.
[2019.02.14-21.35.39:687][  0]LogInit: Texture streaming: Enabled
[2019.02.14-21.35.39:742][  0]LogEngineSessionManager: EngineSessionManager initialized
[2019.02.14-21.35.39:742][  0]LogEngineSessionManager: EngineSessionManager sent abnormal shutdown report. Type=Debugger, SessionId={1104D9BE-4FB6-4D1A-4705-8FBAA4D2AFF9}
[2019.02.14-21.35.39:766][  0]LogInit: Transaction tracking system initialized
[2019.02.14-21.35.39:840][  0]BlueprintLog: New page: Editor Load
[2019.02.14-21.35.40:076][  0]LocalizationService: Localization service is disabled
[2019.02.14-21.35.40:605][  0]LogCook: Display: Max memory allowance for cook 16384mb min free memory 0mb
[2019.02.14-21.35.40:605][  0]LogCook: Display: Mobile HDR setting 1
[2019.02.14-21.35.40:605][  0]LogGameplayTags: Display: UGameplayTagsManager::DoneAddingNativeTags. DelegateIsBound: 0
[2019.02.14-21.35.40:605][  0]LogStats: UGameplayTagsManager::ConstructGameplayTagTree: ImportINI prefixes -  0.000 s
[2019.02.14-21.35.40:605][  0]LogStats: UGameplayTagsManager::ConstructGameplayTagTree: Construct from data asset -  0.000 s
[2019.02.14-21.35.40:606][  0]LogStats: UGameplayTagsManager::ConstructGameplayTagTree: ImportINI -  0.000 s
[2019.02.14-21.35.40:606][  0]LogStats: UGameplayTagsManager::ConstructGameplayTagTree: GameplayTagTreeChangedEvent.Broadcast -  0.000 s
[2019.02.14-21.35.40:896][  0]LogFileCache: Scanning file cache for directory 'D:/Humber/Semester 4/Game 260_Game Production/Assignments/VehicleMovement/Content/' took 0.02s
[2019.02.14-21.35.40:897][  0]SourceControl: Source control is disabled
[2019.02.14-21.35.40:897][  0]Cmd: MAP LOAD FILE="D:/Humber/Semester 4/Game 260_Game Production/Assignments/VehicleMovement/Content/VehicleCPP/Maps/VehicleExampleMap.umap" TEMPLATE=0 SHOWPROGRESS=1 FEATURELEVEL=3
[2019.02.14-21.35.40:898][  0]LightingResults: New page: Lighting Build
[2019.02.14-21.35.40:904][  0]MapCheck: New page: Map Check
[2019.02.14-21.35.40:904][  0]LightingResults: New page: Lighting Build
[2019.02.14-21.35.41:322][  0]LogAIModule: Creating AISystem for world VehicleExampleMap
[2019.02.14-21.35.41:332][  0]LogEditorServer: Finished looking for orphan Actors (0.000 secs)
[2019.02.14-21.35.41:357][  0]Cmd: MAP CHECKDEP NOCLEARLOG
[2019.02.14-21.35.41:852][  0]MapCheck: Map check complete: 0 Error(s), 0 Warning(s), took 494.021ms to complete.
[2019.02.14-21.35.41:852][  0]LogFileHelpers: Loading map 'VehicleExampleMap' took 0.955
[2019.02.14-21.35.42:036][  0]LogSlate: Updating window title bar state: overlay mode, drag disabled, window buttons hidden, title bar hidden
[2019.02.14-21.35.42:045][  0]LogSlate: Updating window title bar state: overlay mode, drag disabled, window buttons hidden, title bar hidden
[2019.02.14-21.35.42:057][  0]LogSlate: Updating window title bar state: overlay mode, drag disabled, window buttons hidden, title bar hidden
[2019.02.14-21.35.42:069][  0]LogSlate: Updating window title bar state: overlay mode, drag disabled, window buttons hidden, title bar hidden
[2019.02.14-21.35.42:087][  0]LogCollectionManager: Loaded 0 collections in 0.004336 seconds
[2019.02.14-21.35.42:155][  0]LogFileCache: Scanning file cache for directory 'D:/Humber/Semester 4/Game 260_Game Production/Assignments/VehicleMovement/Saved/Collections/' took 0.02s
[2019.02.14-21.35.42:155][  0]LogFileCache: Scanning file cache for directory 'D:/Humber/Semester 4/Game 260_Game Production/Assignments/VehicleMovement/Content/Developers/Sarfaraz/Collections/' took 0.02s
[2019.02.14-21.35.42:155][  0]LogFileCache: Scanning file cache for directory 'D:/Humber/Semester 4/Game 260_Game Production/Assignments/VehicleMovement/Content/Collections/' took 0.01s
[2019.02.14-21.35.42:155][  0]LogCollectionManager: Rebuilt the GUID cache for 0 collections in 0.000000 seconds
[2019.02.14-21.35.42:168][  0]LogContentBrowser: Native class hierarchy populated in 0.0124 seconds. Added 2580 classes and 608 folders.
[2019.02.14-21.35.42:183][  0]LogContentBrowser: Native class hierarchy updated for 'WidgetCarousel' in 0.0006 seconds. Added 0 classes and 0 folders.
[2019.02.14-21.35.42:302][  0]LogContentBrowser: Native class hierarchy updated for 'AddContentDialog' in 0.0006 seconds. Added 0 classes and 0 folders.
[2019.02.14-21.35.42:315][  0]LogContentBrowser: Native class hierarchy updated for 'SceneOutliner' in 0.0006 seconds. Added 1 classes and 2 folders.
[2019.02.14-21.35.42:376][  0]LogContentBrowser: Native class hierarchy updated for 'HierarchicalLODOutliner' in 0.0006 seconds. Added 0 classes and 0 folders.
[2019.02.14-21.35.42:377][  0]LogLoad: (Engine Initialization) Total time: 16.41 seconds
[2019.02.14-21.35.42:377][  0]LogLoad: (Engine Initialization) Total Blueprint compile time: 0.00 seconds
[2019.02.14-21.35.42:392][  0]LogRawInputWindows: Warning: Found device 0 devices
[2019.02.14-21.35.42:392][  0]LogRawInputWindows: Warning: Found device 0 devices
[2019.02.14-21.35.42:392][  0]LogRawInputWindows: Warning: Device was registered succesfully but not connected (Usage:4 UsagePage:1)
[2019.02.14-21.35.42:393][  0]LogRawInputWindows: Warning: Found device 1 devices
[2019.02.14-21.35.42:393][  0]LogRawInputWindows: Warning: Device was registered succesfully but not connected (Usage:5 UsagePage:1)
[2019.02.14-21.35.42:413][  0]LogContentStreaming: Texture pool size now 1000 MB
[2019.02.14-21.35.42:415][  0]LogSlate: Took 0.000336 seconds to synchronously load lazily loaded font '../../../Engine/Content/Slate/Fonts/Roboto-Regular.ttf' (155K)
[2019.02.14-21.35.42:418][  0]LogSlate: Took 0.000282 seconds to synchronously load lazily loaded font '../../../Engine/Content/Slate/Fonts/Roboto-Bold.ttf' (160K)
[2019.02.14-21.35.42:421][  0]LogSlate: Took 0.000323 seconds to synchronously load lazily loaded font '../../../Engine/Content/Editor/Slate/Fonts/FontAwesome.ttf' (139K)
[2019.02.14-21.35.42:523][  0]LogSlate: Took 0.000348 seconds to synchronously load lazily loaded font '../../../Engine/Content/Slate/Fonts/Roboto-Light.ttf' (167K)
[2019.02.14-21.35.42:542][  1]LogRenderer: Reallocating scene render targets to support 1172x592 Format 10 NumSamples 1 (Frame:1).
[2019.02.14-21.35.42:636][  1]LogAssetRegistry: Asset discovery search completed in 8.1945 seconds
[2019.02.14-21.35.42:639][  1]LogCollectionManager: Rebuilt the object cache for 0 collections in 0.000000 seconds (found 0 objects)
[2019.02.14-21.35.42:639][  1]LogCollectionManager: Fixed up redirectors for 0 collections in 0.000220 seconds (updated 0 objects)
[2019.02.14-21.35.44:168][162]LogSlate: FSceneViewport::OnFocusLost() reason 0
[2019.02.14-21.35.44:242][171]LogTemp: Repeating last play command: Selected Viewport
[2019.02.14-21.35.44:255][171]LogBlueprintUserMessages: Early PlayInEditor Detection: Level '/Game/VehicleCPP/Maps/VehicleExampleMap.VehicleExampleMap:PersistentLevel' has LevelScriptBlueprint '/Game/VehicleCPP/Maps/VehicleExampleMap.VehicleExampleMap:PersistentLevel.VehicleExampleMap' with GeneratedClass '/Game/VehicleCPP/Maps/VehicleExampleMap.VehicleExampleMap_C' with ClassGeneratedBy '/Game/VehicleCPP/Maps/VehicleExampleMap.VehicleExampleMap:PersistentLevel.VehicleExampleMap'
[2019.02.14-21.35.44:255][171]LogPlayLevel: PlayLevel: No blueprints needed recompiling
[2019.02.14-21.35.44:270][171]PIE: New page: PIE session: VehicleExampleMap (Feb 14, 2019, 11:35:44 AM)
[2019.02.14-21.35.44:270][171]LogPlayLevel: Creating play world package: /Game/VehicleCPP/Maps/UEDPIE_0_VehicleExampleMap
[2019.02.14-21.35.44:302][171]LogPlayLevel: PIE: StaticDuplicateObject took: (0.032571s)
[2019.02.14-21.35.44:304][171]LogAIModule: Creating AISystem for world VehicleExampleMap
[2019.02.14-21.35.44:304][171]LogPlayLevel: PIE: World Init took: (0.001258s)
[2019.02.14-21.35.44:304][171]LogPlayLevel: PIE: Created PIE world by copying editor world from /Game/VehicleCPP/Maps/VehicleExampleMap.VehicleExampleMap to /Game/VehicleCPP/Maps/UEDPIE_0_VehicleExampleMap.VehicleExampleMap (0.034405s)
[2019.02.14-21.35.44:344][171]LogInit: XAudio2 using 'Headset Earphone (Razer ManO'War 7.1)' : 2 channels at 44.1 kHz using 16 bits per sample (channel mask 0x3)
[2019.02.14-21.35.44:416][171]LogInit: FAudioDevice initialized.
[2019.02.14-21.35.44:462][171]LogLoad: Game class is 'VehicleMovementGameMode'
[2019.02.14-21.35.44:468][171]LogWorld: Bringing World /Game/VehicleCPP/Maps/UEDPIE_0_VehicleExampleMap.VehicleExampleMap up for play (max tick rate 0) at 2019.02.14-16.35.44
[2019.02.14-21.35.44:468][171]LogWorld: Bringing up level for play took: 0.002556
[2019.02.14-21.35.44:493][171]LogContentBrowser: Native class hierarchy updated for 'MovieSceneCapture' in 0.0006 seconds. Added 10 classes and 0 folders.
[2019.02.14-21.35.44:494][171]PIE: Play in editor start time for /Game/VehicleCPP/Maps/UEDPIE_0_VehicleExampleMap 0.37
[2019.02.14-21.35.44:494][171]LogBlueprintUserMessages: Late PlayInEditor Detection: Level '/Game/VehicleCPP/Maps/VehicleExampleMap.VehicleExampleMap:PersistentLevel' has LevelScriptBlueprint '/Game/VehicleCPP/Maps/VehicleExampleMap.VehicleExampleMap:PersistentLevel.VehicleExampleMap' with GeneratedClass '/Game/VehicleCPP/Maps/VehicleExampleMap.VehicleExampleMap_C' with ClassGeneratedBy '/Game/VehicleCPP/Maps/VehicleExampleMap.VehicleExampleMap:PersistentLevel.VehicleExampleMap'
[2019.02.14-21.35.44:911][215]LogSlate: Took 0.000355 seconds to synchronously load lazily loaded font '../../../Engine/Content/Slate/Fonts/DroidSansMono.ttf' (77K)
[2019.02.14-21.35.45:888][329]LogTemp: Current Speed: 1.000000
[2019.02.14-21.35.45:896][330]LogTemp: Current Speed: 2.000000
[2019.02.14-21.35.45:904][331]LogTemp: Current Speed: 3.000000
[2019.02.14-21.35.45:912][332]LogTemp: Current Speed: 4.000000
[2019.02.14-21.35.45:921][333]LogTemp: Current Speed: 5.000000
[2019.02.14-21.35.45:929][334]LogTemp: Current Speed: 6.000000
[2019.02.14-21.35.45:937][335]LogTemp: Current Speed: 7.000000
[2019.02.14-21.35.45:946][336]LogTemp: Current Speed: 8.000000
[2019.02.14-21.35.45:954][337]LogTemp: Current Speed: 9.000000
[2019.02.14-21.35.45:964][338]LogTemp: Current Speed: 10.000000
[2019.02.14-21.35.45:972][339]LogTemp: Current Speed: 11.000000
[2019.02.14-21.35.45:981][340]LogTemp: Current Speed: 12.000000
[2019.02.14-21.35.45:989][341]LogTemp: Current Speed: 13.000000
[2019.02.14-21.35.45:997][342]LogTemp: Current Speed: 14.000000
[2019.02.14-21.35.46:006][343]LogTemp: Current Speed: 15.000000
[2019.02.14-21.35.46:015][344]LogTemp: Current Speed: 16.000000
[2019.02.14-21.35.46:024][345]LogTemp: Current Speed: 17.000000
[2019.02.14-21.35.46:033][346]LogTemp: Current Speed: 18.000000
[2019.02.14-21.35.46:041][347]LogTemp: Current Speed: 19.000000
[2019.02.14-21.35.46:050][348]LogTemp: Current Speed: 20.000000
[2019.02.14-21.35.46:058][349]LogTemp: Current Speed: 21.000000
[2019.02.14-21.35.46:066][350]LogTemp: Current Speed: 22.000000
[2019.02.14-21.35.46:075][351]LogTemp: Current Speed: 23.000000
[2019.02.14-21.35.46:083][352]LogTemp: Current Speed: 24.000000
[2019.02.14-21.35.46:091][353]LogTemp: Current Speed: 25.000000
[2019.02.14-21.35.46:100][354]LogTemp: Current Speed: 26.000000
[2019.02.14-21.35.46:108][355]LogTemp: Current Speed: 27.000000
[2019.02.14-21.35.46:116][356]LogTemp: Current Speed: 28.000000
[2019.02.14-21.35.46:125][357]LogTemp: Current Speed: 29.000000
[2019.02.14-21.35.46:133][358]LogTemp: Current Speed: 30.000000
[2019.02.14-21.35.46:141][359]LogTemp: Current Speed: 31.000000
[2019.02.14-21.35.46:150][360]LogTemp: Current Speed: 32.000000
[2019.02.14-21.35.46:158][361]LogTemp: Current Speed: 33.000000
[2019.02.14-21.35.46:166][362]LogTemp: Current Speed: 34.000000
[2019.02.14-21.35.46:175][363]LogTemp: Current Speed: 35.000000
[2019.02.14-21.35.46:183][364]LogTemp: Current Speed: 36.000000
[2019.02.14-21.35.46:191][365]LogTemp: Current Speed: 37.000000
[2019.02.14-21.35.46:200][366]LogTemp: Current Speed: 38.000000
[2019.02.14-21.35.46:208][367]LogTemp: Current Speed: 39.000000
[2019.02.14-21.35.46:216][368]LogTemp: Current Speed: 40.000000
[2019.02.14-21.35.46:225][369]LogTemp: Current Speed: 41.000000
[2019.02.14-21.35.46:233][370]LogTemp: Current Speed: 42.000000
[2019.02.14-21.35.46:241][371]LogTemp: Current Speed: 43.000000
[2019.02.14-21.35.46:250][372]LogTemp: Current Speed: 44.000000
[2019.02.14-21.35.46:258][373]LogTemp: Current Speed: 45.000000
[2019.02.14-21.35.46:266][374]LogTemp: Current Speed: 46.000000
[2019.02.14-21.35.46:275][375]LogTemp: Current Speed: 47.000000
[2019.02.14-21.35.46:283][376]LogTemp: Current Speed: 48.000000
[2019.02.14-21.35.46:291][377]LogTemp: Current Speed: 49.000000
[2019.02.14-21.35.46:300][378]LogTemp: Current Speed: 50.000000
[2019.02.14-21.35.46:308][379]LogTemp: Current Speed: 51.000000
[2019.02.14-21.35.46:316][380]LogTemp: Current Speed: 52.000000
[2019.02.14-21.35.46:325][381]LogTemp: Current Speed: 53.000000
[2019.02.14-21.35.46:333][382]LogTemp: Current Speed: 54.000000
[2019.02.14-21.35.46:341][383]LogTemp: Current Speed: 55.000000
[2019.02.14-21.35.46:350][384]LogTemp: Current Speed: 56.000000
[2019.02.14-21.35.46:358][385]LogTemp: Current Speed: 57.000000
[2019.02.14-21.35.46:366][386]LogTemp: Current Speed: 58.000000
[2019.02.14-21.35.46:375][387]LogTemp: Current Speed: 59.000000
[2019.02.14-21.35.46:383][388]LogTemp: Current Speed: 60.000000
[2019.02.14-21.35.46:392][389]LogTemp: Current Speed: 61.000000
[2019.02.14-21.35.46:400][390]LogTemp: Current Speed: 62.000000
[2019.02.14-21.35.46:408][391]LogTemp: Current Speed: 63.000000
[2019.02.14-21.35.46:416][392]LogTemp: Current Speed: 64.000000
[2019.02.14-21.35.46:425][393]LogTemp: Current Speed: 65.000000
[2019.02.14-21.35.46:433][394]LogTemp: Current Speed: 66.000000
[2019.02.14-21.35.46:441][395]LogTemp: Current Speed: 67.000000
[2019.02.14-21.35.46:450][396]LogTemp: Current Speed: 68.000000
[2019.02.14-21.35.46:458][397]LogTemp: Current Speed: 69.000000
[2019.02.14-21.35.46:466][398]LogTemp: Current Speed: 70.000000
[2019.02.14-21.35.46:475][399]LogTemp: Current Speed: 71.000000
[2019.02.14-21.35.46:483][400]LogTemp: Current Speed: 72.000000
[2019.02.14-21.35.46:492][401]LogTemp: Current Speed: 73.000000
[2019.02.14-21.35.46:501][402]LogTemp: Current Speed: 74.000000
[2019.02.14-21.35.46:509][403]LogTemp: Current Speed: 75.000000
[2019.02.14-21.35.46:517][404]LogTemp: Current Speed: 76.000000
[2019.02.14-21.35.46:526][405]LogTemp: Current Speed: 77.000000
[2019.02.14-21.35.46:534][406]LogTemp: Current Speed: 78.000000
[2019.02.14-21.35.46:543][407]LogTemp: Current Speed: 79.000000
[2019.02.14-21.35.46:551][408]LogTemp: Current Speed: 80.000000
[2019.02.14-21.35.46:559][409]LogTemp: Current Speed: 81.000000
[2019.02.14-21.35.46:567][410]LogTemp: Current Speed: 82.000000
[2019.02.14-21.35.46:576][411]LogTemp: Current Speed: 83.000000
[2019.02.14-21.35.46:584][412]LogTemp: Current Speed: 84.000000
[2019.02.14-21.35.46:593][413]LogTemp: Current Speed: 85.000000
[2019.02.14-21.35.46:601][414]LogTemp: Current Speed: 86.000000
[2019.02.14-21.35.46:609][415]LogTemp: Current Speed: 87.000000
[2019.02.14-21.35.46:618][416]LogTemp: Current Speed: 88.000000
[2019.02.14-21.35.46:626][417]LogTemp: Current Speed: 89.000000
[2019.02.14-21.35.46:634][418]LogTemp: Current Speed: 90.000000
[2019.02.14-21.35.46:643][419]LogTemp: Current Speed: 91.000000
[2019.02.14-21.35.46:651][420]LogTemp: Current Speed: 92.000000
[2019.02.14-21.35.46:659][421]LogTemp: Current Speed: 93.000000
[2019.02.14-21.35.46:668][422]LogTemp: Current Speed: 94.000000
[2019.02.14-21.35.46:676][423]LogTemp: Current Speed: 95.000000
[2019.02.14-21.35.46:684][424]LogTemp: Current Speed: 96.000000
[2019.02.14-21.35.46:693][425]LogTemp: Current Speed: 97.000000
[2019.02.14-21.35.46:701][426]LogTemp: Current Speed: 98.000000
[2019.02.14-21.35.46:709][427]LogTemp: Current Speed: 99.000000
[2019.02.14-21.35.46:718][428]LogTemp: Current Speed: 100.000000
[2019.02.14-21.35.46:726][429]LogTemp: Current Speed: 101.000000
[2019.02.14-21.35.46:734][430]LogTemp: Current Speed: 102.000000
[2019.02.14-21.35.46:743][431]LogTemp: Current Speed: 103.000000
[2019.02.14-21.35.46:751][432]LogTemp: Current Speed: 104.000000
[2019.02.14-21.35.46:759][433]LogTemp: Current Speed: 105.000000
[2019.02.14-21.35.46:768][434]LogTemp: Current Speed: 106.000000
[2019.02.14-21.35.46:776][435]LogTemp: Current Speed: 107.000000
[2019.02.14-21.35.46:784][436]LogTemp: Current Speed: 108.000000
[2019.02.14-21.35.46:793][437]LogTemp: Current Speed: 109.000000
[2019.02.14-21.35.46:801][438]LogTemp: Current Speed: 110.000000
[2019.02.14-21.35.46:809][439]LogTemp: Current Speed: 111.000000
[2019.02.14-21.35.46:818][440]LogTemp: Current Speed: 112.000000
[2019.02.14-21.35.46:826][441]LogTemp: Current Speed: 113.000000
[2019.02.14-21.35.46:835][442]LogTemp: Current Speed: 114.000000
[2019.02.14-21.35.46:843][443]LogTemp: Current Speed: 115.000000
[2019.02.14-21.35.46:851][444]LogTemp: Current Speed: 116.000000
[2019.02.14-21.35.46:860][445]LogTemp: Current Speed: 117.000000
[2019.02.14-21.35.46:868][446]LogTemp: Current Speed: 118.000000
[2019.02.14-21.35.46:876][447]LogTemp: Current Speed: 119.000000
[2019.02.14-21.35.46:885][448]LogTemp: Current Speed: 120.000000
[2019.02.14-21.35.46:893][449]LogTemp: Current Speed: 121.000000
[2019.02.14-21.35.46:901][450]LogTemp: Current Speed: 122.000000
[2019.02.14-21.35.46:910][451]LogTemp: Current Speed: 123.000000
[2019.02.14-21.35.46:918][452]LogTemp: Current Speed: 124.000000
[2019.02.14-21.35.46:926][453]LogTemp: Current Speed: 125.000000
[2019.02.14-21.35.46:935][454]LogTemp: Current Speed: 126.000000
[2019.02.14-21.35.46:943][455]LogTemp: Current Speed: 127.000000
[2019.02.14-21.35.46:951][456]LogTemp: Current Speed: 128.000000
[2019.02.14-21.35.46:960][457]LogTemp: Current Speed: 129.000000
[2019.02.14-21.35.46:968][458]LogTemp: Current Speed: 130.000000
[2019.02.14-21.35.46:976][459]LogTemp: Current Speed: 131.000000
[2019.02.14-21.35.46:985][460]LogTemp: Current Speed: 132.000000
[2019.02.14-21.35.46:993][461]LogTemp: Current Speed: 133.000000
[2019.02.14-21.35.47:001][462]LogTemp: Current Speed: 134.000000
[2019.02.14-21.35.47:010][463]LogTemp: Current Speed: 135.000000
[2019.02.14-21.35.47:018][464]LogTemp: Current Speed: 136.000000
[2019.02.14-21.35.47:026][465]LogTemp: Current Speed: 137.000000
[2019.02.14-21.35.47:035][466]LogTemp: Current Speed: 138.000000
[2019.02.14-21.35.47:043][467]LogTemp: Current Speed: 139.000000
[2019.02.14-21.35.47:052][468]LogTemp: Current Speed: 140.000000
[2019.02.14-21.35.47:060][469]LogTemp: Current Speed: 141.000000
[2019.02.14-21.35.47:068][470]LogTemp: Current Speed: 142.000000
[2019.02.14-21.35.47:077][471]LogTemp: Current Speed: 143.000000
[2019.02.14-21.35.47:085][472]LogTemp: Current Speed: 144.000000
[2019.02.14-21.35.47:093][473]LogTemp: Current Speed: 145.000000
[2019.02.14-21.35.47:101][474]LogTemp: Current Speed: 146.000000
[2019.02.14-21.35.47:110][475]LogTemp: Current Speed: 147.000000
[2019.02.14-21.35.47:118][476]LogTemp: Current Speed: 148.000000
[2019.02.14-21.35.47:126][477]LogTemp: Current Speed: 149.000000
[2019.02.14-21.35.47:134][478]LogTemp: Current Speed: 150.000000
[2019.02.14-21.35.47:143][479]LogTemp: Current Speed: 151.000000
[2019.02.14-21.35.47:151][480]LogTemp: Current Speed: 152.000000
[2019.02.14-21.35.47:160][481]LogTemp: Current Speed: 153.000000
[2019.02.14-21.35.47:168][482]LogTemp: Current Speed: 154.000000
[2019.02.14-21.35.47:176][483]LogTemp: Current Speed: 155.000000
[2019.02.14-21.35.47:185][484]LogTemp: Current Speed: 156.000000
[2019.02.14-21.35.47:193][485]LogTemp: Current Speed: 157.000000
[2019.02.14-21.35.47:201][486]LogTemp: Current Speed: 158.000000
[2019.02.14-21.35.47:209][487]LogTemp: Current Speed: 159.000000
[2019.02.14-21.35.47:218][488]LogTemp: Current Speed: 160.000000
[2019.02.14-21.35.47:226][489]LogTemp: Current Speed: 161.000000
[2019.02.14-21.35.47:235][490]LogTemp: Current Speed: 162.000000
[2019.02.14-21.35.47:243][491]LogTemp: Current Speed: 163.000000
[2019.02.14-21.35.47:251][492]LogTemp: Current Speed: 164.000000
[2019.02.14-21.35.47:260][493]LogTemp: Current Speed: 165.000000
[2019.02.14-21.35.47:268][494]LogTemp: Current Speed: 166.000000
[2019.02.14-21.35.47:276][495]LogTemp: Current Speed: 167.000000
[2019.02.14-21.35.47:285][496]LogTemp: Current Speed: 168.000000
[2019.02.14-21.35.47:293][497]LogTemp: Current Speed: 169.000000
[2019.02.14-21.35.47:301][498]LogTemp: Current Speed: 170.000000
[2019.02.14-21.35.47:310][499]LogTemp: Current Speed: 171.000000
[2019.02.14-21.35.47:318][500]LogTemp: Current Speed: 172.000000
[2019.02.14-21.35.47:326][501]LogTemp: Current Speed: 173.000000
[2019.02.14-21.35.47:337][502]LogTemp: Current Speed: 174.000000
[2019.02.14-21.35.47:344][503]LogTemp: Current Speed: 175.000000
[2019.02.14-21.35.47:362][504]LogTemp: Current Speed: 176.000000
[2019.02.14-21.35.47:373][505]LogTemp: Current Speed: 177.000000
[2019.02.14-21.35.47:386][506]LogTemp: Current Speed: 178.000000
[2019.02.14-21.35.47:397][507]LogTemp: Current Speed: 179.000000
[2019.02.14-21.35.47:403][508]LogTemp: Current Speed: 180.000000
[2019.02.14-21.35.47:421][509]LogTemp: Current Speed: 181.000000
[2019.02.14-21.35.47:433][510]LogTemp: Current Speed: 182.000000
[2019.02.14-21.35.47:439][511]LogTemp: Current Speed: 183.000000
[2019.02.14-21.35.47:457][512]LogTemp: Current Speed: 184.000000
[2019.02.14-21.35.47:462][513]LogTemp: Current Speed: 185.000000
[2019.02.14-21.35.47:489][514]LogTemp: Current Speed: 186.000000
[2019.02.14-21.35.47:501][515]LogTemp: Current Speed: 187.000000
[2019.02.14-21.35.47:521][516]LogTemp: Current Speed: 188.000000
[2019.02.14-21.35.47:525][517]LogTemp: Current Speed: 189.000000
[2019.02.14-21.35.47:533][518]LogTemp: Current Speed: 190.000000
[2019.02.14-21.35.47:541][519]LogTemp: Current Speed: 191.000000
[2019.02.14-21.35.47:550][520]LogTemp: Current Speed: 192.000000
[2019.02.14-21.35.47:558][521]LogTemp: Current Speed: 193.000000
[2019.02.14-21.35.47:566][522]LogTemp: Current Speed: 194.000000
[2019.02.14-21.35.47:575][523]LogTemp: Current Speed: 195.000000
[2019.02.14-21.35.47:583][524]LogTemp: Current Speed: 196.000000
[2019.02.14-21.35.47:591][525]LogTemp: Current Speed: 197.000000
[2019.02.14-21.35.47:600][526]LogTemp: Current Speed: 198.000000
[2019.02.14-21.35.47:608][527]LogTemp: Current Speed: 199.000000
[2019.02.14-21.35.47:616][528]LogTemp: Current Speed: 200.000000
[2019.02.14-21.35.47:625][529]LogTemp: Current Speed: 201.000000
[2019.02.14-21.35.54:794][389]LogTemp: Current Speed: 202.000000
[2019.02.14-21.35.54:802][390]LogTemp: Current Speed: 203.000000
[2019.02.14-21.35.54:811][391]LogTemp: Current Speed: 204.000000
[2019.02.14-21.35.54:819][392]LogTemp: Current Speed: 205.000000
[2019.02.14-21.35.54:827][393]LogTemp: Current Speed: 206.000000
[2019.02.14-21.35.54:836][394]LogTemp: Current Speed: 207.000000
[2019.02.14-21.35.54:844][395]LogTemp: Current Speed: 208.000000
[2019.02.14-21.35.54:852][396]LogTemp: Current Speed: 209.000000
[2019.02.14-21.35.54:861][397]LogTemp: Current Speed: 210.000000
[2019.02.14-21.35.54:869][398]LogTemp: Current Speed: 211.000000
[2019.02.14-21.35.54:877][399]LogTemp: Current Speed: 212.000000
[2019.02.14-21.35.54:886][400]LogTemp: Current Speed: 213.000000
[2019.02.14-21.35.54:894][401]LogTemp: Current Speed: 214.000000
[2019.02.14-21.35.54:902][402]LogTemp: Current Speed: 215.000000
[2019.02.14-21.35.54:911][403]LogTemp: Current Speed: 216.000000
[2019.02.14-21.35.54:919][404]LogTemp: Current Speed: 217.000000
[2019.02.14-21.35.54:927][405]LogTemp: Current Speed: 218.000000
[2019.02.14-21.35.54:936][406]LogTemp: Current Speed: 219.000000
[2019.02.14-21.35.54:944][407]LogTemp: Current Speed: 220.000000
[2019.02.14-21.35.54:952][408]LogTemp: Current Speed: 221.000000
[2019.02.14-21.35.54:961][409]LogTemp: Current Speed: 222.000000
[2019.02.14-21.35.54:969][410]LogTemp: Current Speed: 223.000000
[2019.02.14-21.35.54:977][411]LogTemp: Current Speed: 224.000000
[2019.02.14-21.35.54:986][412]LogTemp: Current Speed: 225.000000
[2019.02.14-21.35.54:994][413]LogTemp: Current Speed: 226.000000
[2019.02.14-21.35.55:002][414]LogTemp: Current Speed: 227.000000
[2019.02.14-21.35.55:011][415]LogTemp: Current Speed: 228.000000
[2019.02.14-21.35.55:019][416]LogTemp: Current Speed: 229.000000
[2019.02.14-21.35.55:027][417]LogTemp: Current Speed: 230.000000
[2019.02.14-21.35.55:036][418]LogTemp: Current Speed: 231.000000
[2019.02.14-21.35.55:044][419]LogTemp: Current Speed: 232.000000
[2019.02.14-21.35.55:052][420]LogTemp: Current Speed: 233.000000
[2019.02.14-21.35.55:061][421]LogTemp: Current Speed: 234.000000
[2019.02.14-21.35.55:069][422]LogTemp: Current Speed: 235.000000
[2019.02.14-21.35.55:077][423]LogTemp: Current Speed: 236.000000
[2019.02.14-21.35.55:086][424]LogTemp: Current Speed: 237.000000
[2019.02.14-21.35.55:094][425]LogTemp: Current Speed: 238.000000
[2019.02.14-21.35.55:102][426]LogTemp: Current Speed: 239.000000
[2019.02.14-21.35.55:111][427]LogTemp: Current Speed: 240.000000
[2019.02.14-21.35.55:119][428]LogTemp: Current Speed: 241.000000
[2019.02.14-21.35.55:127][429]LogTemp: Current Speed: 242.000000
[2019.02.14-21.35.55:136][430]LogTemp: Current Speed: 243.000000
[2019.02.14-21.35.55:144][431]LogTemp: Current Speed: 244.000000
[2019.02.14-21.35.55:152][432]LogTemp: Current Speed: 245.000000
[2019.02.14-21.35.55:161][433]LogTemp: Current Speed: 246.000000
[2019.02.14-21.35.55:169][434]LogTemp: Current Speed: 247.000000
[2019.02.14-21.35.55:177][435]LogTemp: Current Speed: 248.000000
[2019.02.14-21.35.55:186][436]LogTemp: Current Speed: 249.000000
[2019.02.14-21.35.55:194][437]LogTemp: Current Speed: 250.000000
[2019.02.14-21.35.55:202][438]LogTemp: Current Speed: 251.000000
[2019.02.14-21.35.55:211][439]LogTemp: Current Speed: 252.000000
[2019.02.14-21.35.55:219][440]LogTemp: Current Speed: 253.000000
[2019.02.14-21.35.55:227][441]LogTemp: Current Speed: 254.000000
[2019.02.14-21.35.55:236][442]LogTemp: Current Speed: 255.000000
[2019.02.14-21.35.55:244][443]LogTemp: Current Speed: 256.000000
[2019.02.14-21.35.55:252][444]LogTemp: Current Speed: 257.000000
[2019.02.14-21.35.55:261][445]LogTemp: Current Speed: 258.000000
[2019.02.14-21.35.55:269][446]LogTemp: Current Speed: 259.000000
[2019.02.14-21.35.55:277][447]LogTemp: Current Speed: 260.000000
[2019.02.14-21.35.55:286][448]LogTemp: Current Speed: 261.000000
[2019.02.14-21.35.55:294][449]LogTemp: Current Speed: 262.000000
[2019.02.14-21.35.55:302][450]LogTemp: Current Speed: 263.000000
[2019.02.14-21.35.55:311][451]LogTemp: Current Speed: 264.000000
[2019.02.14-21.35.55:319][452]LogTemp: Current Speed: 265.000000
[2019.02.14-21.35.55:327][453]LogTemp: Current Speed: 266.000000
[2019.02.14-21.35.55:336][454]LogTemp: Current Speed: 267.000000
[2019.02.14-21.35.55:344][455]LogTemp: Current Speed: 268.000000
[2019.02.14-21.35.55:352][456]LogTemp: Current Speed: 269.000000
[2019.02.14-21.35.55:361][457]LogTemp: Current Speed: 270.000000
[2019.02.14-21.35.55:369][458]LogTemp: Current Speed: 271.000000
[2019.02.14-21.35.55:377][459]LogTemp: Current Speed: 272.000000
[2019.02.14-21.35.55:386][460]LogTemp: Current Speed: 273.000000
[2019.02.14-21.35.55:394][461]LogTemp: Current Speed: 274.000000
[2019.02.14-21.35.55:402][462]LogTemp: Current Speed: 275.000000
[2019.02.14-21.35.55:411][463]LogTemp: Current Speed: 276.000000
[2019.02.14-21.35.55:419][464]LogTemp: Current Speed: 277.000000
[2019.02.14-21.35.55:427][465]LogTemp: Current Speed: 278.000000
[2019.02.14-21.35.55:436][466]LogTemp: Current Speed: 279.000000
[2019.02.14-21.35.55:444][467]LogTemp: Current Speed: 280.000000
[2019.02.14-21.35.55:452][468]LogTemp: Current Speed: 281.000000
[2019.02.14-21.35.55:461][469]LogTemp: Current Speed: 282.000000
[2019.02.14-21.35.55:469][470]LogTemp: Current Speed: 283.000000
[2019.02.14-21.35.55:477][471]LogTemp: Current Speed: 284.000000
[2019.02.14-21.35.55:486][472]LogTemp: Current Speed: 285.000000
[2019.02.14-21.35.55:494][473]LogTemp: Current Speed: 286.000000
[2019.02.14-21.35.55:502][474]LogTemp: Current Speed: 287.000000
[2019.02.14-21.35.55:511][475]LogTemp: Current Speed: 288.000000
[2019.02.14-21.35.55:519][476]LogTemp: Current Speed: 289.000000
[2019.02.14-21.35.55:527][477]LogTemp: Current Speed: 290.000000
[2019.02.14-21.35.55:536][478]LogTemp: Current Speed: 291.000000
[2019.02.14-21.35.55:544][479]LogTemp: Current Speed: 292.000000
[2019.02.14-21.35.55:552][480]LogTemp: Current Speed: 293.000000
[2019.02.14-21.35.55:561][481]LogTemp: Current Speed: 294.000000
[2019.02.14-21.35.55:569][482]LogTemp: Current Speed: 295.000000
[2019.02.14-21.35.55:577][483]LogTemp: Current Speed: 296.000000
[2019.02.14-21.35.55:586][484]LogTemp: Current Speed: 297.000000
[2019.02.14-21.35.55:594][485]LogTemp: Current Speed: 298.000000
[2019.02.14-21.35.55:602][486]LogTemp: Current Speed: 299.000000
[2019.02.14-21.35.55:611][487]LogTemp: Current Speed: 300.000000
[2019.02.14-21.35.55:619][488]LogTemp: Current Speed: 301.000000
[2019.02.14-21.35.55:627][489]LogTemp: Current Speed: 302.000000
[2019.02.14-21.35.55:636][490]LogTemp: Current Speed: 303.000000
[2019.02.14-21.35.55:644][491]LogTemp: Current Speed: 304.000000
[2019.02.14-21.35.55:652][492]LogTemp: Current Speed: 305.000000
[2019.02.14-21.35.55:661][493]LogTemp: Current Speed: 306.000000
[2019.02.14-21.35.55:669][494]LogTemp: Current Speed: 307.000000
[2019.02.14-21.35.55:677][495]LogTemp: Current Speed: 308.000000
[2019.02.14-21.35.55:686][496]LogTemp: Current Speed: 309.000000
[2019.02.14-21.35.55:694][497]LogTemp: Current Speed: 310.000000
[2019.02.14-21.35.55:702][498]LogTemp: Current Speed: 311.000000
[2019.02.14-21.35.55:711][499]LogTemp: Current Speed: 312.000000
[2019.02.14-21.35.55:719][500]LogTemp: Current Speed: 313.000000
[2019.02.14-21.35.55:727][501]LogTemp: Current Speed: 314.000000
[2019.02.14-21.35.55:736][502]LogTemp: Current Speed: 315.000000
[2019.02.14-21.35.55:744][503]LogTemp: Current Speed: 316.000000
[2019.02.14-21.35.55:752][504]LogTemp: Current Speed: 317.000000
[2019.02.14-21.35.55:761][505]LogTemp: Current Speed: 318.000000
[2019.02.14-21.35.55:769][506]LogTemp: Current Speed: 319.000000
[2019.02.14-21.35.55:777][507]LogTemp: Current Speed: 320.000000
[2019.02.14-21.35.55:786][508]LogTemp: Current Speed: 321.000000
[2019.02.14-21.35.55:794][509]LogTemp: Current Speed: 322.000000
[2019.02.14-21.35.55:802][510]LogTemp: Current Speed: 323.000000
[2019.02.14-21.35.55:811][511]LogTemp: Current Speed: 324.000000
[2019.02.14-21.35.55:819][512]LogTemp: Current Speed: 325.000000
[2019.02.14-21.35.55:828][513]LogTemp: Current Speed: 326.000000
[2019.02.14-21.35.55:836][514]LogTemp: Current Speed: 327.000000
[2019.02.14-21.35.55:844][515]LogTemp: Current Speed: 328.000000
[2019.02.14-21.35.55:852][516]LogTemp: Current Speed: 329.000000
[2019.02.14-21.35.55:861][517]LogTemp: Current Speed: 330.000000
[2019.02.14-21.35.55:869][518]LogTemp: Current Speed: 331.000000
[2019.02.14-21.35.55:877][519]LogTemp: Current Speed: 332.000000
[2019.02.14-21.35.55:886][520]LogTemp: Current Speed: 333.000000
[2019.02.14-21.35.55:894][521]LogTemp: Current Speed: 334.000000
[2019.02.14-21.35.55:902][522]LogTemp: Current Speed: 335.000000
[2019.02.14-21.35.55:911][523]LogTemp: Current Speed: 336.000000
[2019.02.14-21.35.55:919][524]LogTemp: Current Speed: 337.000000
[2019.02.14-21.35.55:928][525]LogTemp: Current Speed: 338.000000
[2019.02.14-21.35.55:936][526]LogTemp: Current Speed: 339.000000
[2019.02.14-21.35.55:944][527]LogTemp: Current Speed: 340.000000
[2019.02.14-21.35.55:953][528]LogTemp: Current Speed: 341.000000
[2019.02.14-21.35.55:961][529]LogTemp: Current Speed: 342.000000
[2019.02.14-21.35.55:970][530]LogTemp: Current Speed: 343.000000
[2019.02.14-21.35.55:978][531]LogTemp: Current Speed: 344.000000
[2019.02.14-21.35.55:987][532]LogTemp: Current Speed: 345.000000
[2019.02.14-21.35.55:995][533]LogTemp: Current Speed: 346.000000
[2019.02.14-21.35.56:003][534]LogTemp: Current Speed: 347.000000
[2019.02.14-21.35.56:012][535]LogTemp: Current Speed: 348.000000
[2019.02.14-21.35.56:021][536]LogTemp: Current Speed: 349.000000
[2019.02.14-21.35.56:029][537]LogTemp: Current Speed: 350.000000
[2019.02.14-21.35.56:037][538]LogTemp: Current Speed: 351.000000
[2019.02.14-21.35.56:046][539]LogTemp: Current Speed: 352.000000
[2019.02.14-21.35.56:054][540]LogTemp: Current Speed: 353.000000
[2019.02.14-21.35.56:062][541]LogTemp: Current Speed: 354.000000
[2019.02.14-21.35.56:071][542]LogTemp: Current Speed: 355.000000
[2019.02.14-21.35.56:079][543]LogTemp: Current Speed: 356.000000
[2019.02.14-21.35.56:088][544]LogTemp: Current Speed: 357.000000
[2019.02.14-21.35.56:096][545]LogTemp: Current Speed: 358.000000
[2019.02.14-21.35.56:105][546]LogTemp: Current Speed: 359.000000
[2019.02.14-21.35.56:113][547]LogTemp: Current Speed: 360.000000
[2019.02.14-21.35.56:129][548]LogTemp: Current Speed: 361.000000
[2019.02.14-21.35.56:137][549]LogTemp: Current Speed: 362.000000
[2019.02.14-21.35.56:146][550]LogTemp: Current Speed: 363.000000
[2019.02.14-21.35.56:154][551]LogTemp: Current Speed: 364.000000
[2019.02.14-21.35.56:162][552]LogTemp: Current Speed: 365.000000
[2019.02.14-21.35.56:171][553]LogTemp: Current Speed: 366.000000
[2019.02.14-21.35.56:179][554]LogTemp: Current Speed: 367.000000
[2019.02.14-21.35.56:187][555]LogTemp: Current Speed: 368.000000
[2019.02.14-21.35.56:196][556]LogTemp: Current Speed: 369.000000
[2019.02.14-21.35.56:205][557]LogTemp: Current Speed: 370.000000
[2019.02.14-21.35.56:213][558]LogTemp: Current Speed: 371.000000
[2019.02.14-21.35.56:221][559]LogTemp: Current Speed: 372.000000
[2019.02.14-21.35.56:230][560]LogTemp: Current Speed: 373.000000
[2019.02.14-21.35.56:238][561]LogTemp: Current Speed: 374.000000
[2019.02.14-21.35.56:247][562]LogTemp: Current Speed: 375.000000
[2019.02.14-21.35.56:255][563]LogTemp: Current Speed: 376.000000
[2019.02.14-21.35.56:263][564]LogTemp: Current Speed: 377.000000
[2019.02.14-21.35.56:272][565]LogTemp: Current Speed: 378.000000
[2019.02.14-21.35.56:280][566]LogTemp: Current Speed: 379.000000
[2019.02.14-21.35.56:289][567]LogTemp: Current Speed: 380.000000
[2019.02.14-21.35.56:297][568]LogTemp: Current Speed: 381.000000
[2019.02.14-21.35.56:306][569]LogTemp: Current Speed: 382.000000
[2019.02.14-21.35.56:314][570]LogTemp: Current Speed: 383.000000
[2019.02.14-21.35.56:323][571]LogTemp: Current Speed: 384.000000
[2019.02.14-21.35.56:333][572]LogTemp: Current Speed: 385.000000
[2019.02.14-21.35.56:342][573]LogTemp: Current Speed: 386.000000
[2019.02.14-21.35.56:350][574]LogTemp: Current Speed: 387.000000
[2019.02.14-21.35.56:359][575]LogTemp: Current Speed: 388.000000
[2019.02.14-21.35.56:367][576]LogTemp: Current Speed: 389.000000
[2019.02.14-21.35.56:375][577]LogTemp: Current Speed: 390.000000
[2019.02.14-21.35.56:384][578]LogTemp: Current Speed: 391.000000
[2019.02.14-21.35.56:392][579]LogTemp: Current Speed: 392.000000
[2019.02.14-21.35.56:400][580]LogTemp: Current Speed: 393.000000
[2019.02.14-21.35.56:409][581]LogTemp: Current Speed: 394.000000
[2019.02.14-21.35.56:416][582]LogTemp: Current Speed: 395.000000
[2019.02.14-21.35.56:424][583]LogTemp: Current Speed: 396.000000
[2019.02.14-21.35.56:433][584]LogTemp: Current Speed: 397.000000
[2019.02.14-21.35.56:441][585]LogTemp: Current Speed: 398.000000
[2019.02.14-21.35.56:449][586]LogTemp: Current Speed: 399.000000
[2019.02.14-21.35.56:458][587]LogTemp: Current Speed: 400.000000
[2019.02.14-21.35.56:470][588]LogTemp: Current Speed: 401.000000
[2019.02.14-21.35.56:478][589]LogTemp: Current Speed: 402.000000
[2019.02.14-21.35.56:487][590]LogTemp: Current Speed: 403.000000
[2019.02.14-21.35.56:495][591]LogTemp: Current Speed: 404.000000
[2019.02.14-21.35.56:503][592]LogTemp: Current Speed: 405.000000
[2019.02.14-21.35.56:512][593]LogTemp: Current Speed: 406.000000
[2019.02.14-21.35.56:520][594]LogTemp: Current Speed: 407.000000
[2019.02.14-21.35.56:528][595]LogTemp: Current Speed: 408.000000
[2019.02.14-21.35.56:537][596]LogTemp: Current Speed: 409.000000
[2019.02.14-21.35.56:545][597]LogTemp: Current Speed: 410.000000
[2019.02.14-21.35.56:553][598]LogTemp: Current Speed: 411.000000
[2019.02.14-21.35.56:562][599]LogTemp: Current Speed: 412.000000
[2019.02.14-21.35.56:570][600]LogTemp: Current Speed: 413.000000
[2019.02.14-21.35.56:578][601]LogTemp: Current Speed: 414.000000
[2019.02.14-21.35.56:587][602]LogTemp: Current Speed: 415.000000
[2019.02.14-21.35.56:595][603]LogTemp: Current Speed: 416.000000
[2019.02.14-21.35.56:603][604]LogTemp: Current Speed: 417.000000
[2019.02.14-21.35.56:612][605]LogTemp: Current Speed: 418.000000
[2019.02.14-21.35.56:620][606]LogTemp: Current Speed: 419.000000
[2019.02.14-21.35.56:628][607]LogTemp: Current Speed: 420.000000
[2019.02.14-21.35.56:637][608]LogTemp: Current Speed: 421.000000
[2019.02.14-21.35.56:645][609]LogTemp: Current Speed: 422.000000
[2019.02.14-21.35.56:653][610]LogTemp: Current Speed: 423.000000
[2019.02.14-21.35.56:662][611]LogTemp: Current Speed: 424.000000
[2019.02.14-21.35.56:670][612]LogTemp: Current Speed: 425.000000
[2019.02.14-21.35.56:679][613]LogTemp: Current Speed: 426.000000
[2019.02.14-21.35.56:687][614]LogTemp: Current Speed: 427.000000
[2019.02.14-21.35.56:695][615]LogTemp: Current Speed: 428.000000
[2019.02.14-21.35.56:703][616]LogTemp: Current Speed: 429.000000
[2019.02.14-21.35.56:712][617]LogTemp: Current Speed: 430.000000
[2019.02.14-21.35.56:720][618]LogTemp: Current Speed: 431.000000
[2019.02.14-21.35.56:728][619]LogTemp: Current Speed: 432.000000
[2019.02.14-21.35.56:737][620]LogTemp: Current Speed: 433.000000
[2019.02.14-21.35.56:745][621]LogTemp: Current Speed: 434.000000
[2019.02.14-21.35.56:756][622]LogTemp: Current Speed: 435.000000
[2019.02.14-21.35.56:764][623]LogTemp: Current Speed: 436.000000
[2019.02.14-21.35.56:772][624]LogTemp: Current Speed: 437.000000
[2019.02.14-21.35.56:781][625]LogTemp: Current Speed: 438.000000
[2019.02.14-21.35.56:789][626]LogTemp: Current Speed: 439.000000
[2019.02.14-21.35.56:797][627]LogTemp: Current Speed: 440.000000
[2019.02.14-21.35.56:806][628]LogTemp: Current Speed: 441.000000
[2019.02.14-21.35.56:814][629]LogTemp: Current Speed: 442.000000
[2019.02.14-21.35.56:823][630]LogTemp: Current Speed: 443.000000
[2019.02.14-21.35.56:831][631]LogTemp: Current Speed: 444.000000
[2019.02.14-21.35.56:839][632]LogTemp: Current Speed: 445.000000
[2019.02.14-21.35.56:847][633]LogTemp: Current Speed: 446.000000
[2019.02.14-21.35.56:856][634]LogTemp: Current Speed: 447.000000
[2019.02.14-21.35.56:864][635]LogTemp: Current Speed: 448.000000
[2019.02.14-21.35.56:872][636]LogTemp: Current Speed: 449.000000
[2019.02.14-21.35.56:881][637]LogTemp: Current Speed: 450.000000
[2019.02.14-21.35.56:889][638]LogTemp: Current Speed: 451.000000
[2019.02.14-21.35.56:897][639]LogTemp: Current Speed: 452.000000
[2019.02.14-21.35.56:906][640]LogTemp: Current Speed: 453.000000
[2019.02.14-21.35.56:914][641]LogTemp: Current Speed: 454.000000
[2019.02.14-21.35.56:923][642]LogTemp: Current Speed: 455.000000
[2019.02.14-21.35.56:931][643]LogTemp: Current Speed: 456.000000
[2019.02.14-21.35.56:939][644]LogTemp: Current Speed: 457.000000
[2019.02.14-21.35.56:947][645]LogTemp: Current Speed: 458.000000
[2019.02.14-21.35.56:956][646]LogTemp: Current Speed: 459.000000
[2019.02.14-21.35.56:964][647]LogTemp: Current Speed: 460.000000
[2019.02.14-21.35.56:972][648]LogTemp: Current Speed: 461.000000
[2019.02.14-21.35.56:981][649]LogTemp: Current Speed: 462.000000
[2019.02.14-21.35.56:989][650]LogTemp: Current Speed: 463.000000
[2019.02.14-21.35.56:998][651]LogTemp: Current Speed: 464.000000
[2019.02.14-21.35.57:006][652]LogTemp: Current Speed: 465.000000
[2019.02.14-21.35.57:014][653]LogTemp: Current Speed: 466.000000
[2019.02.14-21.35.57:023][654]LogTemp: Current Speed: 467.000000
[2019.02.14-21.35.57:031][655]LogTemp: Current Speed: 468.000000
[2019.02.14-21.35.57:039][656]LogTemp: Current Speed: 469.000000
[2019.02.14-21.35.57:048][657]LogTemp: Current Speed: 470.000000
[2019.02.14-21.35.57:056][658]LogTemp: Current Speed: 471.000000
[2019.02.14-21.35.57:064][659]LogTemp: Current Speed: 472.000000
[2019.02.14-21.35.57:073][660]LogTemp: Current Speed: 473.000000
[2019.02.14-21.35.57:081][661]LogTemp: Current Speed: 474.000000
[2019.02.14-21.35.57:089][662]LogTemp: Current Speed: 475.000000
[2019.02.14-21.35.57:098][663]LogTemp: Current Speed: 476.000000
[2019.02.14-21.35.57:106][664]LogTemp: Current Speed: 477.000000
[2019.02.14-21.35.57:114][665]LogTemp: Current Speed: 478.000000
[2019.02.14-21.35.57:123][666]LogTemp: Current Speed: 479.000000
[2019.02.14-21.35.57:131][667]LogTemp: Current Speed: 480.000000
[2019.02.14-21.35.57:139][668]LogTemp: Current Speed: 481.000000
[2019.02.14-21.35.57:148][669]LogTemp: Current Speed: 482.000000
[2019.02.14-21.35.57:156][670]LogTemp: Current Speed: 483.000000
[2019.02.14-21.35.57:164][671]LogTemp: Current Speed: 484.000000
[2019.02.14-21.35.57:173][672]LogTemp: Current Speed: 485.000000
[2019.02.14-21.35.57:181][673]LogTemp: Current Speed: 486.000000
[2019.02.14-21.35.57:189][674]LogTemp: Current Speed: 487.000000
[2019.02.14-21.35.57:198][675]LogTemp: Current Speed: 488.000000
[2019.02.14-21.35.57:206][676]LogTemp: Current Speed: 489.000000
[2019.02.14-21.35.57:214][677]LogTemp: Current Speed: 490.000000
[2019.02.14-21.35.57:223][678]LogTemp: Current Speed: 491.000000
[2019.02.14-21.35.57:231][679]LogTemp: Current Speed: 492.000000
[2019.02.14-21.35.57:239][680]LogTemp: Current Speed: 493.000000
[2019.02.14-21.35.57:248][681]LogTemp: Current Speed: 494.000000
[2019.02.14-21.35.57:256][682]LogTemp: Current Speed: 495.000000
[2019.02.14-21.35.57:264][683]LogTemp: Current Speed: 496.000000
[2019.02.14-21.35.57:273][684]LogTemp: Current Speed: 497.000000
[2019.02.14-21.35.57:281][685]LogTemp: Current Speed: 498.000000
[2019.02.14-21.35.57:289][686]LogTemp: Current Speed: 499.000000
[2019.02.14-21.35.57:298][687]LogTemp: Current Speed: 500.000000
[2019.02.14-21.35.57:306][688]LogTemp: Current Speed: 501.000000
[2019.02.14-21.35.57:314][689]LogTemp: Current Speed: 502.000000
[2019.02.14-21.35.57:323][690]LogTemp: Current Speed: 503.000000
[2019.02.14-21.35.57:331][691]LogTemp: Current Speed: 504.000000
[2019.02.14-21.35.57:339][692]LogTemp: Current Speed: 505.000000
[2019.02.14-21.35.57:348][693]LogTemp: Current Speed: 506.000000
[2019.02.14-21.35.57:356][694]LogTemp: Current Speed: 507.000000
[2019.02.14-21.35.57:364][695]LogTemp: Current Speed: 508.000000
[2019.02.14-21.35.57:373][696]LogTemp: Current Speed: 509.000000
[2019.02.14-21.35.57:381][697]LogTemp: Current Speed: 510.000000
[2019.02.14-21.35.57:389][698]LogTemp: Current Speed: 511.000000
[2019.02.14-21.35.57:398][699]LogTemp: Current Speed: 512.000000
[2019.02.14-21.35.57:406][700]LogTemp: Current Speed: 513.000000
[2019.02.14-21.35.57:414][701]LogTemp: Current Speed: 514.000000
[2019.02.14-21.35.57:423][702]LogTemp: Current Speed: 515.000000
[2019.02.14-21.35.57:431][703]LogTemp: Current Speed: 516.000000
[2019.02.14-21.35.57:439][704]LogTemp: Current Speed: 517.000000
[2019.02.14-21.35.57:448][705]LogTemp: Current Speed: 518.000000
[2019.02.14-21.35.57:456][706]LogTemp: Current Speed: 519.000000
[2019.02.14-21.35.57:464][707]LogTemp: Current Speed: 520.000000
[2019.02.14-21.35.57:473][708]LogTemp: Current Speed: 521.000000
[2019.02.14-21.35.57:481][709]LogTemp: Current Speed: 522.000000
[2019.02.14-21.35.57:489][710]LogTemp: Current Speed: 523.000000
[2019.02.14-21.35.57:498][711]LogTemp: Current Speed: 524.000000
[2019.02.14-21.35.57:506][712]LogTemp: Current Speed: 525.000000
[2019.02.14-21.35.57:514][713]LogTemp: Current Speed: 526.000000
[2019.02.14-21.35.57:523][714]LogTemp: Current Speed: 527.000000
[2019.02.14-21.35.57:531][715]LogTemp: Current Speed: 528.000000
[2019.02.14-21.35.57:539][716]LogTemp: Current Speed: 529.000000
[2019.02.14-21.35.57:548][717]LogTemp: Current Speed: 530.000000
[2019.02.14-21.35.57:556][718]LogTemp: Current Speed: 531.000000
[2019.02.14-21.35.57:564][719]LogTemp: Current Speed: 532.000000
[2019.02.14-21.35.57:573][720]LogTemp: Current Speed: 533.000000
[2019.02.14-21.35.57:581][721]LogTemp: Current Speed: 534.000000
[2019.02.14-21.35.57:589][722]LogTemp: Current Speed: 535.000000
[2019.02.14-21.35.57:598][723]LogTemp: Current Speed: 536.000000
[2019.02.14-21.35.57:606][724]LogTemp: Current Speed: 537.000000
[2019.02.14-21.35.57:614][725]LogTemp: Current Speed: 538.000000
[2019.02.14-21.35.57:623][726]LogTemp: Current Speed: 539.000000
[2019.02.14-21.35.57:631][727]LogTemp: Current Speed: 540.000000
[2019.02.14-21.35.57:639][728]LogTemp: Current Speed: 541.000000
[2019.02.14-21.35.57:648][729]LogTemp: Current Speed: 542.000000
[2019.02.14-21.35.57:656][730]LogTemp: Current Speed: 543.000000
[2019.02.14-21.35.57:664][731]LogTemp: Current Speed: 544.000000
[2019.02.14-21.35.57:673][732]LogTemp: Current Speed: 545.000000
[2019.02.14-21.35.57:681][733]LogTemp: Current Speed: 546.000000
[2019.02.14-21.35.57:690][734]LogTemp: Current Speed: 547.000000
[2019.02.14-21.35.57:698][735]LogTemp: Current Speed: 548.000000
[2019.02.14-21.35.57:706][736]LogTemp: Current Speed: 549.000000
[2019.02.14-21.35.57:715][737]LogTemp: Current Speed: 550.000000
[2019.02.14-21.35.57:723][738]LogTemp: Current Speed: 551.000000
[2019.02.14-21.35.57:731][739]LogTemp: Current Speed: 552.000000
[2019.02.14-21.35.57:740][740]LogTemp: Current Speed: 553.000000
[2019.02.14-21.35.57:748][741]LogTemp: Current Speed: 554.000000
[2019.02.14-21.35.57:756][742]LogTemp: Current Speed: 555.000000
[2019.02.14-21.35.57:765][743]LogTemp: Current Speed: 556.000000
[2019.02.14-21.35.57:773][744]LogTemp: Current Speed: 557.000000
[2019.02.14-21.35.57:781][745]LogTemp: Current Speed: 558.000000
[2019.02.14-21.35.57:790][746]LogTemp: Current Speed: 559.000000
[2019.02.14-21.35.57:798][747]LogTemp: Current Speed: 560.000000
[2019.02.14-21.35.57:806][748]LogTemp: Current Speed: 561.000000
[2019.02.14-21.35.57:815][749]LogTemp: Current Speed: 562.000000
[2019.02.14-21.35.57:823][750]LogTemp: Current Speed: 563.000000
[2019.02.14-21.35.57:831][751]LogTemp: Current Speed: 564.000000
[2019.02.14-21.35.57:840][752]LogTemp: Current Speed: 565.000000
[2019.02.14-21.35.57:848][753]LogTemp: Current Speed: 566.000000
[2019.02.14-21.35.57:856][754]LogTemp: Current Speed: 567.000000
[2019.02.14-21.35.57:865][755]LogTemp: Current Speed: 568.000000
[2019.02.14-21.35.57:873][756]LogTemp: Current Speed: 569.000000
[2019.02.14-21.35.57:881][757]LogTemp: Current Speed: 570.000000
[2019.02.14-21.35.57:890][758]LogTemp: Current Speed: 571.000000
[2019.02.14-21.35.57:898][759]LogTemp: Current Speed: 572.000000
[2019.02.14-21.35.57:906][760]LogTemp: Current Speed: 573.000000
[2019.02.14-21.35.57:915][761]LogTemp: Current Speed: 574.000000
[2019.02.14-21.35.57:923][762]LogTemp: Current Speed: 575.000000
[2019.02.14-21.35.57:932][763]LogTemp: Current Speed: 576.000000
[2019.02.14-21.35.57:940][764]LogTemp: Current Speed: 577.000000
[2019.02.14-21.35.57:948][765]LogTemp: Current Speed: 578.000000
[2019.02.14-21.35.57:956][766]LogTemp: Current Speed: 579.000000
[2019.02.14-21.35.57:965][767]LogTemp: Current Speed: 580.000000
[2019.02.14-21.35.57:973][768]LogTemp: Current Speed: 581.000000
[2019.02.14-21.35.57:981][769]LogTemp: Current Speed: 582.000000
[2019.02.14-21.35.57:990][770]LogTemp: Current Speed: 583.000000
[2019.02.14-21.35.57:998][771]LogTemp: Current Speed: 584.000000
[2019.02.14-21.35.58:006][772]LogTemp: Current Speed: 585.000000
[2019.02.14-21.35.58:014][773]LogTemp: Current Speed: 586.000000
[2019.02.14-21.35.58:023][774]LogTemp: Current Speed: 587.000000
[2019.02.14-21.35.58:031][775]LogTemp: Current Speed: 588.000000
[2019.02.14-21.35.58:039][776]LogTemp: Current Speed: 589.000000
[2019.02.14-21.35.58:048][777]LogTemp: Current Speed: 590.000000
[2019.02.14-21.35.58:056][778]LogTemp: Current Speed: 591.000000
[2019.02.14-21.35.58:064][779]LogTemp: Current Speed: 592.000000
[2019.02.14-21.35.58:073][780]LogTemp: Current Speed: 593.000000
[2019.02.14-21.35.58:081][781]LogTemp: Current Speed: 594.000000
[2019.02.14-21.35.58:089][782]LogTemp: Current Speed: 595.000000
[2019.02.14-21.35.58:098][783]LogTemp: Current Speed: 596.000000
[2019.02.14-21.35.58:106][784]LogTemp: Current Speed: 597.000000
[2019.02.14-21.35.58:114][785]LogTemp: Current Speed: 598.000000
[2019.02.14-21.35.58:123][786]LogTemp: Current Speed: 599.000000
[2019.02.14-21.35.58:131][787]LogTemp: Current Speed: 600.000000
[2019.02.14-21.35.58:139][788]LogTemp: Current Speed: 601.000000
[2019.02.14-21.35.58:148][789]LogTemp: Current Speed: 602.000000
[2019.02.14-21.35.58:156][790]LogTemp: Current Speed: 603.000000
[2019.02.14-21.35.58:164][791]LogTemp: Current Speed: 604.000000
[2019.02.14-21.35.58:173][792]LogTemp: Current Speed: 605.000000
[2019.02.14-21.35.58:181][793]LogTemp: Current Speed: 606.000000
[2019.02.14-21.35.58:189][794]LogTemp: Current Speed: 607.000000
[2019.02.14-21.35.58:198][795]LogTemp: Current Speed: 608.000000
[2019.02.14-21.35.58:206][796]LogTemp: Current Speed: 609.000000
[2019.02.14-21.35.58:214][797]LogTemp: Current Speed: 610.000000
[2019.02.14-21.35.58:223][798]LogTemp: Current Speed: 611.000000
[2019.02.14-21.35.58:231][799]LogTemp: Current Speed: 612.000000
[2019.02.14-21.35.58:239][800]LogTemp: Current Speed: 613.000000
[2019.02.14-21.35.58:248][801]LogTemp: Current Speed: 614.000000
[2019.02.14-21.35.58:256][802]LogTemp: Current Speed: 615.000000
[2019.02.14-21.35.58:264][803]LogTemp: Current Speed: 616.000000
[2019.02.14-21.35.58:273][804]LogTemp: Current Speed: 617.000000
[2019.02.14-21.35.58:281][805]LogTemp: Current Speed: 618.000000
[2019.02.14-21.35.58:289][806]LogTemp: Current Speed: 619.000000
[2019.02.14-21.35.58:298][807]LogTemp: Current Speed: 620.000000
[2019.02.14-21.35.58:306][808]LogTemp: Current Speed: 621.000000
[2019.02.14-21.35.58:314][809]LogTemp: Current Speed: 622.000000
[2019.02.14-21.35.58:323][810]LogTemp: Current Speed: 623.000000
[2019.02.14-21.35.58:331][811]LogTemp: Current Speed: 624.000000
[2019.02.14-21.35.58:339][812]LogTemp: Current Speed: 625.000000
[2019.02.14-21.35.58:348][813]LogTemp: Current Speed: 626.000000
[2019.02.14-21.35.58:356][814]LogTemp: Current Speed: 627.000000
[2019.02.14-21.35.58:365][815]LogTemp: Current Speed: 628.000000
[2019.02.14-21.35.58:373][816]LogTemp: Current Speed: 629.000000
[2019.02.14-21.35.58:381][817]LogTemp: Current Speed: 630.000000
[2019.02.14-21.35.58:389][818]LogTemp: Current Speed: 631.000000
[2019.02.14-21.35.58:398][819]LogTemp: Current Speed: 632.000000
[2019.02.14-21.35.58:406][820]LogTemp: Current Speed: 633.000000
[2019.02.14-21.35.58:414][821]LogTemp: Current Speed: 634.000000
[2019.02.14-21.35.58:423][822]LogTemp: Current Speed: 635.000000
[2019.02.14-21.35.58:431][823]LogTemp: Current Speed: 636.000000
[2019.02.14-21.35.58:439][824]LogTemp: Current Speed: 637.000000
[2019.02.14-21.35.58:448][825]LogTemp: Current Speed: 638.000000
[2019.02.14-21.35.58:456][826]LogTemp: Current Speed: 639.000000
[2019.02.14-21.35.58:464][827]LogTemp: Current Speed: 640.000000
[2019.02.14-21.35.58:473][828]LogTemp: Current Speed: 641.000000
[2019.02.14-21.35.58:481][829]LogTemp: Current Speed: 642.000000
[2019.02.14-21.35.58:489][830]LogTemp: Current Speed: 643.000000
[2019.02.14-21.35.58:498][831]LogTemp: Current Speed: 644.000000
[2019.02.14-21.35.58:506][832]LogTemp: Current Speed: 645.000000
[2019.02.14-21.35.58:514][833]LogTemp: Current Speed: 646.000000
[2019.02.14-21.35.58:523][834]LogTemp: Current Speed: 647.000000
[2019.02.14-21.35.59:075][900]LogBlueprintUserMessages: Early EndPlayMap Detection: Level '/Game/VehicleCPP/Maps/VehicleExampleMap.VehicleExampleMap:PersistentLevel' has LevelScriptBlueprint '/Game/VehicleCPP/Maps/VehicleExampleMap.VehicleExampleMap:PersistentLevel.VehicleExampleMap' with GeneratedClass '/Game/VehicleCPP/Maps/VehicleExampleMap.VehicleExampleMap_C' with ClassGeneratedBy '/Game/VehicleCPP/Maps/VehicleExampleMap.VehicleExampleMap:PersistentLevel.VehicleExampleMap'
[2019.02.14-21.35.59:076][900]LogSlate: Updating window title bar state: overlay mode, drag disabled, window buttons hidden, title bar hidden
[2019.02.14-21.35.59:116][900]LogPlayLevel: Display: Shutting down PIE online subsystems
[2019.02.14-21.35.59:116][900]LogBlueprintUserMessages: Late EndPlayMap Detection: Level '/Game/VehicleCPP/Maps/VehicleExampleMap.VehicleExampleMap:PersistentLevel' has LevelScriptBlueprint '/Game/VehicleCPP/Maps/VehicleExampleMap.VehicleExampleMap:PersistentLevel.VehicleExampleMap' with GeneratedClass '/Game/VehicleCPP/Maps/VehicleExampleMap.VehicleExampleMap_C' with ClassGeneratedBy '/Game/VehicleCPP/Maps/VehicleExampleMap.VehicleExampleMap:PersistentLevel.VehicleExampleMap'
[2019.02.14-21.35.59:142][900]LogSlate: Updating window title bar state: overlay mode, drag disabled, window buttons hidden, title bar hidden
[2019.02.14-21.35.59:181][904]LogPlayLevel: Display: Destroying online subsystem :Context_3
