Log file open, 02/28/19 12:44:13
LogWindows: Failed to load 'aqProf.dll' (GetLastError=126)
LogWindows: File 'aqProf.dll' does not exist
LogWindows: Failed to load 'VSPerf140.dll' (GetLastError=126)
LogWindows: File 'VSPerf140.dll' does not exist
LogWindows: Failed to load 'VtuneApi.dll' (GetLastError=126)
LogWindows: File 'VtuneApi.dll' does not exist
LogWindows: Failed to load 'VtuneApi32e.dll' (GetLastError=126)
LogWindows: File 'VtuneApi32e.dll' does not exist
LogInit: Display: Running engine for game: VehicleMovement
LogPlatformFile: Not using cached read wrapper
LogTaskGraph: Started task graph with 5 named threads and 23 total threads with 3 sets of task threads.
LogStats: Stats thread started at 0.339461
LogD3D11RHI: Loaded GFSDK_Aftermath_Lib.x64.dll
LogICUInternationalization: Display: ICU TimeZone Detection - Raw Offset: -5:00, Platform Override: ''
LogPluginManager: Mounting plugin Paper2D
LogPluginManager: Mounting plugin AISupport
LogPluginManager: Mounting plugin LightPropagationVolume
LogPluginManager: Mounting plugin CLionSourceCodeAccess
LogPluginManager: Mounting plugin CodeLiteSourceCodeAccess
LogPluginManager: Mounting plugin GitSourceControl
LogPluginManager: Mounting plugin KDevelopSourceCodeAccess
LogPluginManager: Mounting plugin NullSourceCodeAccess
LogPluginManager: Mounting plugin PerforceSourceControl
LogPluginManager: Mounting plugin SubversionSourceControl
LogPluginManager: Mounting plugin UObjectPlugin
LogPluginManager: Mounting plugin VisualStudioCodeSourceCodeAccess
LogPluginManager: Mounting plugin VisualStudioSourceCodeAccess
LogPluginManager: Mounting plugin XCodeSourceCodeAccess
LogPluginManager: Mounting plugin AssetManagerEditor
LogPluginManager: Mounting plugin CryptoKeys
LogPluginManager: Mounting plugin DataValidation
LogPluginManager: Mounting plugin FacialAnimation
LogPluginManager: Mounting plugin GameplayTagsEditor
LogPluginManager: Mounting plugin MacGraphicsSwitching
LogPluginManager: Mounting plugin MeshEditor
LogPluginManager: Mounting plugin MobileLauncherProfileWizard
LogPluginManager: Mounting plugin PluginBrowser
LogPluginManager: Mounting plugin SpeedTreeImporter
LogPluginManager: Mounting plugin DatasmithContent
LogPluginManager: Mounting plugin AlembicImporter
LogPluginManager: Mounting plugin AppleImageUtils
LogPluginManager: Mounting plugin AppleVision
LogPluginManager: Mounting plugin BackChannel
LogPluginManager: Mounting plugin CharacterAI
LogPluginManager: Mounting plugin GeometryCache
LogPluginManager: Mounting plugin HTML5Networking
LogPluginManager: Mounting plugin ProxyLODPlugin
LogPluginManager: Mounting plugin RawInput
LogPluginManager: Mounting plugin MagicLeap
LogPluginManager: Mounting plugin MagicLeapEmulator
LogPluginManager: Mounting plugin MagicLeapMedia
LogPluginManager: Mounting plugin AndroidMedia
LogPluginManager: Mounting plugin AvfMedia
LogPluginManager: Mounting plugin ImgMedia
LogPluginManager: Mounting plugin LinearTimecode
LogPluginManager: Mounting plugin MediaCompositing
LogPluginManager: Mounting plugin MediaPlayerEditor
LogPluginManager: Mounting plugin WmfMedia
LogPluginManager: Mounting plugin TcpMessaging
LogPluginManager: Mounting plugin UdpMessaging
LogPluginManager: Mounting plugin ActorSequence
LogPluginManager: Mounting plugin LevelSequenceEditor
LogPluginManager: Mounting plugin MatineeToLevelSequence
LogPluginManager: Mounting plugin NetcodeUnitTest
LogPluginManager: Mounting plugin NUTUnrealEngine4
LogPluginManager: Mounting plugin OnlineSubsystemGooglePlay
LogPluginManager: Mounting plugin OnlineSubsystemIOS
LogPluginManager: Mounting plugin OnlineSubsystem
LogPluginManager: Mounting plugin OnlineSubsystemNull
LogPluginManager: Mounting plugin OnlineSubsystemUtils
LogPluginManager: Mounting plugin LauncherChunkInstaller
LogPluginManager: Mounting plugin AndroidDeviceProfileSelector
LogPluginManager: Mounting plugin AndroidMoviePlayer
LogPluginManager: Mounting plugin AndroidPermission
LogPluginManager: Mounting plugin AppleMoviePlayer
LogPluginManager: Mounting plugin ArchVisCharacter
LogPluginManager: Mounting plugin AudioCapture
LogPluginManager: Mounting plugin CableComponent
LogPluginManager: Mounting plugin CustomMeshComponent
LogPluginManager: Mounting plugin EditableMesh
LogPluginManager: Mounting plugin ExampleDeviceProfileSelector
LogPluginManager: Mounting plugin GoogleCloudMessaging
LogPluginManager: Mounting plugin ImmediatePhysics
LogPluginManager: Mounting plugin IOSDeviceProfileSelector
LogPluginManager: Mounting plugin LinuxDeviceProfileSelector
LogPluginManager: Mounting plugin LocationServicesBPLibrary
LogPluginManager: Mounting plugin MobilePatchingUtils
LogPluginManager: Mounting plugin OculusVR
LogPluginManager: Plugin shader directory ../../../Engine/Plugins/Runtime/Oculus/OculusVR/Shaders found
LogPluginManager: Mapping shader source directory ../../../Engine/Plugins/Runtime/Oculus/OculusVR/Shaders to virtual directory /Plugin/OculusVR
LogPluginManager: Mounting plugin PhysXVehicles
LogPluginManager: Mounting plugin ProceduralMeshComponent
LogPluginManager: Mounting plugin RuntimePhysXCooking
LogPluginManager: Mounting plugin SteamVR
LogPluginManager: Mounting plugin WindowsMoviePlayer
LogStreaming: Display: Took  0.187s to configure plugins.
LogInit: Using libcurl 7.55.1-DEV
LogInit:  - built for x86_64-pc-win32
LogInit:  - supports SSL with OpenSSL/1.0.2h
LogInit:  - supports HTTP deflate (compression) using libz 1.2.8
LogInit:  - other features:
LogInit:      CURL_VERSION_SSL
LogInit:      CURL_VERSION_LIBZ
LogInit:      CURL_VERSION_IPV6
LogInit:      CURL_VERSION_ASYNCHDNS
LogInit:      CURL_VERSION_LARGEFILE
LogInit:      CURL_VERSION_IDN
LogInit:  CurlRequestOptions (configurable via config and command line):
LogInit:  - bVerifyPeer = false  - Libcurl will NOT verify peer certificate
LogInit:  - bUseHttpProxy = false  - Libcurl will NOT use HTTP proxy
LogInit:  - bDontReuseConnections = false  - Libcurl will reuse connections
LogInit:  - CertBundlePath = nullptr  - Libcurl will use whatever was configured at build time.
LogInit:  - MaxHostConnections = 16  - Libcurl will limit the number of connections to a host
LogInit:  - LocalHostAddr = Default
LogInit:  - BufferSize = 65536
LogInit: WinSock: version 1.1 (2.2), MaxSocks=32767, MaxUdp=65467
LogInit: Build: ++UE4+Release-4.20-CL-4369336
LogInit: Engine Version: 4.20.3-4369336+++UE4+Release-4.20
LogInit: Compatible Engine Version: 4.20.0-4212847+++UE4+Release-4.20
LogInit: Net CL: 4212847
LogInit: OS: Windows 10 (), CPU: Intel(R) Core(TM) i7-7700HQ CPU @ 2.80GHz, GPU: NVIDIA GeForce GTX 1060
LogInit: Compiled (64-bit): Sep 17 2018 12:26:19
LogInit: Compiled with Visual C++: 19.13.26129.00
LogInit: Build Configuration: Development
LogInit: Branch Name: ++UE4+Release-4.20
LogInit: Command Line: -EpicPortal  -epicusername="SunHorizon" -epicuserid=8ae81fff8fc647328846e802f56b3813 -epiclocale=en-US
LogInit: Base Directory: C:/Program Files/Epic Games/UE_4.20/Engine/Binaries/Win64/
LogInit: Installed Engine Build: 1
LogDevObjectVersion: Number of dev versions registered: 20
LogDevObjectVersion:   Dev-Blueprints (B0D832E4-1F89-4F0D-ACCF-7EB736FD4AA2): 10
LogDevObjectVersion:   Dev-Build (E1C64328-A22C-4D53-A36C-8E866417BD8C): 0
LogDevObjectVersion:   Dev-Core (375EC13C-06E4-48FB-B500-84F0262A717E): 2
LogDevObjectVersion:   Dev-Editor (E4B068ED-F494-42E9-A231-DA0B2E46BB41): 24
LogDevObjectVersion:   Dev-Framework (CFFC743F-43B0-4480-9391-14DF171D2073): 34
LogDevObjectVersion:   Dev-Mobile (B02B49B5-BB20-44E9-A304-32B752E40360): 2
LogDevObjectVersion:   Dev-Networking (A4E4105C-59A1-49B5-A7C5-40C4547EDFEE): 0
LogDevObjectVersion:   Dev-Online (39C831C9-5AE6-47DC-9A44-9C173E1C8E7C): 0
LogDevObjectVersion:   Dev-Physics (78F01B33-EBEA-4F98-B9B4-84EACCB95AA2): 0
LogDevObjectVersion:   Dev-Platform (6631380F-2D4D-43E0-8009-CF276956A95A): 0
LogDevObjectVersion:   Dev-Rendering (12F88B9F-8875-4AFC-A67C-D90C383ABD29): 26
LogDevObjectVersion:   Dev-Sequencer (7B5AE74C-D270-4C10-A958-57980B212A5A): 9
LogDevObjectVersion:   Dev-VR (D7296918-1DD6-4BDD-9DE2-64A83CC13884): 2
LogDevObjectVersion:   Dev-LoadTimes (C2A15278-BFE7-4AFE-6C17-90FF531DF755): 1
LogDevObjectVersion:   Private-Geometry (6EACA3D4-40EC-4CC1-B786-8BED09428FC5): 3
LogDevObjectVersion:   Dev-AnimPhys (29E575DD-E0A3-4627-9D10-D276232CDCEA): 17
LogDevObjectVersion:   Dev-ReflectionCapture (6B266CEC-1EC7-4B8F-A30B-E4D90942FC07): 1
LogDevObjectVersion:   Dev-Automation (0DF73D61-A23F-47EA-B727-89E90C41499A): 1
LogDevObjectVersion:   FortniteMain (601D1886-AC64-4F84-AA16-D3DE0DEAC7D6): 12
LogDevObjectVersion:   Dev-Enterprise (9DFFBCD6-494F-0158-E221-12823C92A888): 1
LogStreaming: Display: Took  0.003s to delete old logs.
LogInit: Presizing for max 8388607 objects, including 0 objects not considered by GC, pre-allocating 0 bytes for permanent pool.
LogInit: Object subsystem initialized
[2019.02.28-17.44.14:695][  0]LogInit: Selected Device Profile: [Windows]
[2019.02.28-17.44.14:695][  0]LogInit: Applying CVar settings loaded from the selected device profile: [Windows]
[2019.02.28-17.44.14:709][  0]LogHAL: Display: Platform has ~ 8 GB [8540868608 / 8589934592 / 8], which maps to Default [LargestMinGB=32, LargerMinGB=12, DefaultMinGB=8, SmallerMinGB=6, SmallestMinGB=0)
[2019.02.28-17.44.14:710][  0]LogInit: Setting Device Profile CVar: [[r.Vulkan.UseRealUBs:1]]
[2019.02.28-17.44.14:710][  0]LogInit: Going up to parent DeviceProfile []
[2019.02.28-17.44.14:710][  0]LogInit: Computer: DESKTOP-0RT9JLV
[2019.02.28-17.44.14:710][  0]LogInit: User: sufus
[2019.02.28-17.44.14:710][  0]LogInit: CPU Page size=4096, Cores=4
[2019.02.28-17.44.14:710][  0]LogInit: High frequency timer resolution =10.000000 MHz
[2019.02.28-17.44.14:710][  0]LogMemory: Memory total: Physical=8.0GB (8GB approx)
[2019.02.28-17.44.14:710][  0]LogMemory: Platform Memory Stats for Windows
[2019.02.28-17.44.14:710][  0]LogMemory: Process Physical Memory: 101.24 MB used, 101.25 MB peak
[2019.02.28-17.44.14:710][  0]LogMemory: Process Virtual Memory: 89.27 MB used, 89.27 MB peak
[2019.02.28-17.44.14:710][  0]LogMemory: Physical Memory: 4373.80 MB used,  3771.41 MB free, 8145.21 MB total
[2019.02.28-17.44.14:710][  0]LogMemory: Virtual Memory: 4641.06 MB used,  3771.41 MB free, 134217728.00 MB total
[2019.02.28-17.44.14:954][  0]LogInit: Using OS detected language (en-US).
[2019.02.28-17.44.14:954][  0]LogInit: Using OS detected locale (en-CA).
[2019.02.28-17.44.14:956][  0]LogTextLocalizationManager: No specific localization for 'en-US' exists, so the 'en' localization will be used.
[2019.02.28-17.44.15:310][  0]LogStreaming: Display: Took  0.356s to InitEngineTextLocalization.
[2019.02.28-17.44.15:310][  0]LogInit: Setting process to per monitor DPI aware
[2019.02.28-17.44.15:392][  0]LogSlate: New Slate User Created.  User Index 0, Is Virtual User: 0
[2019.02.28-17.44.15:392][  0]LogSlate: Slate User Registered.  User Index 0, Is Virtual User: 0
[2019.02.28-17.44.15:640][  0]LogHMD: Failed to initialize OpenVR with code 110
[2019.02.28-17.44.15:640][  0]LogD3D11RHI: D3D11 adapters:
[2019.02.28-17.44.16:373][  0]LogD3D11RHI:    0. 'NVIDIA GeForce GTX 1060' (Feature Level 11_0)
[2019.02.28-17.44.16:373][  0]LogD3D11RHI:       6100/0/4072 MB DedicatedVideo/DedicatedSystem/SharedSystem, Outputs:1, VendorId:0x10de
[2019.02.28-17.44.16:378][  0]LogD3D11RHI:    1. 'Microsoft Basic Render Driver' (Feature Level 11_0)
[2019.02.28-17.44.16:378][  0]LogD3D11RHI:       0/0/4072 MB DedicatedVideo/DedicatedSystem/SharedSystem, Outputs:0, VendorId:0x1414
[2019.02.28-17.44.16:378][  0]LogD3D11RHI: Chosen D3D11 Adapter: 0
[2019.02.28-17.44.16:385][  0]LogD3D11RHI: Creating new Direct3DDevice
[2019.02.28-17.44.16:385][  0]LogD3D11RHI:     GPU DeviceId: 0x1c20 (for the marketing name, search the web for "GPU Device Id")
[2019.02.28-17.44.16:385][  0]LogWindows: EnumDisplayDevices:
[2019.02.28-17.44.16:386][  0]LogWindows:    0. 'NVIDIA GeForce GTX 1060' (P:1 D:1)
[2019.02.28-17.44.16:386][  0]LogWindows:    1. 'NVIDIA GeForce GTX 1060' (P:0 D:0)
[2019.02.28-17.44.16:387][  0]LogWindows:    2. 'NVIDIA GeForce GTX 1060' (P:0 D:0)
[2019.02.28-17.44.16:387][  0]LogWindows:    3. 'NVIDIA GeForce GTX 1060' (P:0 D:0)
[2019.02.28-17.44.16:387][  0]LogWindows: DebugString: FoundDriverCount:4 
[2019.02.28-17.44.16:387][  0]LogD3D11RHI:     Adapter Name: NVIDIA GeForce GTX 1060
[2019.02.28-17.44.16:387][  0]LogD3D11RHI:   Driver Version: 376.06 (internal:21.21.13.7606, unified:376.06)
[2019.02.28-17.44.16:387][  0]LogD3D11RHI:      Driver Date: 11-23-2016
[2019.02.28-17.44.16:387][  0]LogRHI: Texture pool is 4270 MB (70% of 6100 MB)
[2019.02.28-17.44.16:962][  0]LogD3D11RHI: Async texture creation enabled
[2019.02.28-17.44.17:033][  0]LogD3D11RHI: GPU Timing Frequency: 1000.000000 (Debug: 2 1)
[2019.02.28-17.44.17:080][  0]LogShaderCompilers: Guid format shader working directory is -56 characters bigger than the processId version (D:/Humber/Semester 4/Game 260_Game Production/RacingGame/Game260Development/Resources/VehicleMovement/Intermediate/Shaders/WorkingDirectory/21104/).
[2019.02.28-17.44.17:080][  0]LogShaderCompilers: Cleaned the shader compiler working directory 'C:/Users/sufus/AppData/Local/Temp/UnrealShaderWorkingDir/292079F74CA1CE77A86E83A48B1FA0FD/'.
[2019.02.28-17.44.17:553][  0]LogTemp: Display: Loaded TP AllDesktopTargetPlatform
[2019.02.28-17.44.17:585][  0]LogTemp: Display: Loaded TP MacClientTargetPlatform
[2019.02.28-17.44.17:615][  0]LogTemp: Display: Loaded TP MacNoEditorTargetPlatform
[2019.02.28-17.44.17:646][  0]LogTemp: Display: Loaded TP MacServerTargetPlatform
[2019.02.28-17.44.17:678][  0]LogTemp: Display: Loaded TP MacTargetPlatform
[2019.02.28-17.44.17:710][  0]LogTemp: Display: Loaded TP WindowsClientTargetPlatform
[2019.02.28-17.44.17:741][  0]LogTemp: Display: Loaded TP WindowsNoEditorTargetPlatform
[2019.02.28-17.44.17:773][  0]LogTemp: Display: Loaded TP WindowsServerTargetPlatform
[2019.02.28-17.44.17:796][  0]LogTemp: Display: Loaded TP WindowsTargetPlatform
[2019.02.28-17.44.17:893][  0]LogTemp: Display: Loaded TP AndroidTargetPlatform
[2019.02.28-17.44.17:893][  0]LogTemp: Display: Loaded TP AndroidTargetPlatform
[2019.02.28-17.44.17:893][  0]LogTemp: Display: Loaded TP AndroidTargetPlatform
[2019.02.28-17.44.17:893][  0]LogTemp: Display: Loaded TP AndroidTargetPlatform
[2019.02.28-17.44.17:893][  0]LogTemp: Display: Loaded TP AndroidTargetPlatform
[2019.02.28-17.44.17:893][  0]LogTemp: Display: Loaded TP AndroidTargetPlatform
[2019.02.28-17.44.17:893][  0]LogTemp: Display: Loaded TP AndroidTargetPlatform
[2019.02.28-17.44.17:893][  0]LogTemp: Display: Loaded TP AndroidTargetPlatform
[2019.02.28-17.44.17:893][  0]LogTemp: Display: Loaded TP AndroidTargetPlatform
[2019.02.28-17.44.17:893][  0]LogTemp: Display: Loaded TP AndroidTargetPlatform
[2019.02.28-17.44.17:893][  0]LogTemp: Display: Loaded TP AndroidTargetPlatform
[2019.02.28-17.44.17:893][  0]LogTemp: Display: Loaded TP AndroidTargetPlatform
[2019.02.28-17.44.17:893][  0]LogTemp: Display: Loaded TP AndroidTargetPlatform
[2019.02.28-17.44.17:893][  0]LogTemp: Display: Loaded TP AndroidTargetPlatform
[2019.02.28-17.44.17:893][  0]LogTemp: Display: Loaded TP AndroidTargetPlatform
[2019.02.28-17.44.17:893][  0]LogTemp: Display: Loaded TP AndroidTargetPlatform
[2019.02.28-17.44.17:893][  0]LogTemp: Display: Loaded TP AndroidTargetPlatform
[2019.02.28-17.44.17:893][  0]LogTemp: Display: Loaded TP AndroidTargetPlatform
[2019.02.28-17.44.17:911][  0]LogTemp: Display: Loaded TP HTML5TargetPlatform
[2019.02.28-17.44.18:022][  0]LogTemp: Display: Loaded TP IOSTargetPlatform
[2019.02.28-17.44.18:022][  0]LogTemp: Display: Loaded TP IOSTargetPlatform
[2019.02.28-17.44.18:062][  0]LogTemp: Display: Loaded TP TVOSTargetPlatform
[2019.02.28-17.44.18:062][  0]LogTemp: Display: Loaded TP TVOSTargetPlatform
[2019.02.28-17.44.18:091][  0]LogTemp: Display: Loaded TP LinuxClientTargetPlatform
[2019.02.28-17.44.18:120][  0]LogTemp: Display: Loaded TP LinuxNoEditorTargetPlatform
[2019.02.28-17.44.18:149][  0]LogTemp: Display: Loaded TP LinuxServerTargetPlatform
[2019.02.28-17.44.18:180][  0]LogTemp: Display: Loaded TP LinuxTargetPlatform
[2019.02.28-17.44.18:205][  0]LogTemp: Display: Loaded TP LuminTargetPlatform
[2019.02.28-17.44.18:205][  0]LogTargetPlatformManager: Display: Building Assets For Windows
[2019.02.28-17.44.18:730][  0]LogXGEController: Cannot use XGE Controller as Incredibuild is not installed on this machine.
[2019.02.28-17.44.18:730][  0]LogShaderCompilers: Cannot use XGE Shader Compiler as Incredibuild is not installed on this machine.
[2019.02.28-17.44.18:730][  0]LogShaderCompilers: Display: Using Local Shader Compiler.
[2019.02.28-17.44.19:532][  0]LogDerivedDataCache: Display: Max Cache Size: 512 MB
[2019.02.28-17.44.19:590][  0]LogDerivedDataCache: Loaded boot cache 0.06s 73MB C:/Users/sufus/AppData/Local/UnrealEngine/4.20/DerivedDataCache/Boot.ddc.
[2019.02.28-17.44.19:590][  0]LogDerivedDataCache: Display: Loaded Boot cache: C:/Users/sufus/AppData/Local/UnrealEngine/4.20/DerivedDataCache/Boot.ddc
[2019.02.28-17.44.19:590][  0]LogDerivedDataCache: FDerivedDataBackendGraph:  Pak pak cache file D:/Humber/Semester 4/Game 260_Game Production/RacingGame/Game260Development/Resources/VehicleMovement/DerivedDataCache/DDC.ddp not found, will not use a pak cache.
[2019.02.28-17.44.19:590][  0]LogDerivedDataCache: Unable to find inner node Pak for hierarchical cache Hierarchy.
[2019.02.28-17.44.19:590][  0]LogDerivedDataCache: FDerivedDataBackendGraph:  CompressedPak pak cache file D:/Humber/Semester 4/Game 260_Game Production/RacingGame/Game260Development/Resources/VehicleMovement/DerivedDataCache/Compressed.ddp not found, will not use a pak cache.
[2019.02.28-17.44.19:590][  0]LogDerivedDataCache: Unable to find inner node CompressedPak for hierarchical cache Hierarchy.
[2019.02.28-17.44.19:603][  0]LogDerivedDataCache: Display: Pak cache opened for reading ../../../Engine/DerivedDataCache/Compressed.ddp.
[2019.02.28-17.44.19:618][  0]LogDerivedDataCache: Using Local data cache path C:/Users/sufus/AppData/Local/UnrealEngine/Common/DerivedDataCache: Writable
[2019.02.28-17.44.19:618][  0]LogDerivedDataCache: Shared data cache path not found in *engine.ini, will not use an Shared cache.
[2019.02.28-17.44.19:618][  0]LogDerivedDataCache: Unable to find inner node Shared for hierarchical cache Hierarchy.
[2019.02.28-17.44.19:636][  0]LogMaterial: Verifying Global Shaders for PCD3D_SM5
[2019.02.28-17.44.19:637][  0]LogSlate: Using FreeType 2.6.0
[2019.02.28-17.44.19:638][  0]LogSlate: SlateFontServices - WITH_FREETYPE: 1, WITH_HARFBUZZ: 1
[2019.02.28-17.44.19:722][  0]LogAssetRegistry: FAssetRegistry took 0.0269 seconds to start up
[2019.02.28-17.44.20:060][  0]LogInit: Selected Device Profile: [Windows]
[2019.02.28-17.44.20:433][  0]LogSimplygon: Simplygon DLL not present - disabling.
[2019.02.28-17.44.20:493][  0]LogMeshReduction: Using SimplygonSwarm for distributed automatic mesh merging
[2019.02.28-17.44.20:493][  0]LogMeshReduction: Using ProxyLODMeshReduction for automatic mesh merging
[2019.02.28-17.44.20:493][  0]LogMeshReduction: Using QuadricMeshReduction for automatic static mesh reduction
[2019.02.28-17.44.20:493][  0]LogMeshReduction: No automatic skeletal mesh reduction module available
[2019.02.28-17.44.20:513][  0]LogNetVersion: VehicleMovement 1.0.0, NetCL: 4212847, EngineNetVer: 5, GameNetVer: 0 (Checksum: 2966596176)
[2019.02.28-17.44.21:229][  0]LogPackageLocalizationCache: Processed 11 localized package path(s) for 2 prioritized culture(s) in 0.181038 seconds
[2019.02.28-17.44.21:236][  0]LogUObjectArray: 38425 objects as part of root set at end of initial load.
[2019.02.28-17.44.21:236][  0]LogUObjectAllocator: 6690864 out of 0 bytes used by permanent object pool.
[2019.02.28-17.44.21:236][  0]LogUObjectArray: CloseDisregardForGC: 0/0 objects in disregard for GC pool
[2019.02.28-17.44.23:122][  0]LogTcpMessaging: Initializing TcpMessaging bridge
[2019.02.28-17.44.23:155][  0]LogUdpMessaging: Initializing bridge on interface 0.0.0.0:0 to multicast group 230.0.0.1:6666.
[2019.02.28-17.44.23:713][  0]SourceControl: Source control is disabled
[2019.02.28-17.44.23:713][  0]SourceControl: Source control is disabled
[2019.02.28-17.44.23:754][  0]SourceControl: Source control is disabled
[2019.02.28-17.44.23:775][  0]SourceControl: Source control is disabled
[2019.02.28-17.44.24:641][  0]LogAndroidPermission: UAndroidPermissionCallbackProxy::GetInstance
[2019.02.28-17.44.24:835][  0]LogOcInput: OculusInput pre-init called
[2019.02.28-17.44.25:006][  0]LogEngine: Initializing Engine...
[2019.02.28-17.44.25:008][  0]LogHMD: Failed to initialize OpenVR with code 110
[2019.02.28-17.44.25:009][  0]LogStats: UGameplayTagsManager::ConstructGameplayTagTree: ImportINI prefixes -  0.000 s
[2019.02.28-17.44.25:009][  0]LogStats: UGameplayTagsManager::ConstructGameplayTagTree: Construct from data asset -  0.000 s
[2019.02.28-17.44.25:009][  0]LogStats: UGameplayTagsManager::ConstructGameplayTagTree: ImportINI -  0.000 s
[2019.02.28-17.44.25:009][  0]LogStats: UGameplayTagsManager::ConstructGameplayTagTree: GameplayTagTreeChangedEvent.Broadcast -  0.000 s
[2019.02.28-17.44.25:327][  0]LogInit: Initializing FReadOnlyCVARCache
[2019.02.28-17.44.25:363][  0]LogAIModule: Creating AISystem for world Untitled
[2019.02.28-17.44.25:393][  0]LogInit: XAudio2 using 'Speakers (Realtek High Definition Audio)' : 2 channels at 48 kHz using 32 bits per sample (channel mask 0x3)
[2019.02.28-17.44.25:516][  0]LogInit: FAudioDevice initialized.
[2019.02.28-17.44.25:516][  0]LogNetVersion: Set ProjectVersion to 1.0.0.0. Version Checksum will be recalculated on next use.
[2019.02.28-17.44.25:602][  0]LogDerivedDataCache: Saved boot cache 0.09s 73MB C:/Users/sufus/AppData/Local/UnrealEngine/4.20/DerivedDataCache/Boot.ddc.
[2019.02.28-17.44.25:613][  0]LogInit: Texture streaming: Enabled
[2019.02.28-17.44.25:699][  0]LogEngineSessionManager: EngineSessionManager initialized
[2019.02.28-17.44.25:735][  0]LogInit: Transaction tracking system initialized
[2019.02.28-17.44.25:857][  0]BlueprintLog: New page: Editor Load
[2019.02.28-17.44.26:411][  0]LocalizationService: Localization service is disabled
[2019.02.28-17.44.27:041][  0]LogCook: Display: Max memory allowance for cook 16384mb min free memory 0mb
[2019.02.28-17.44.27:041][  0]LogCook: Display: Mobile HDR setting 1
[2019.02.28-17.44.27:041][  0]LogGameplayTags: Display: UGameplayTagsManager::DoneAddingNativeTags. DelegateIsBound: 0
[2019.02.28-17.44.27:041][  0]LogStats: UGameplayTagsManager::ConstructGameplayTagTree: ImportINI prefixes -  0.000 s
[2019.02.28-17.44.27:041][  0]LogStats: UGameplayTagsManager::ConstructGameplayTagTree: Construct from data asset -  0.000 s
[2019.02.28-17.44.27:041][  0]LogStats: UGameplayTagsManager::ConstructGameplayTagTree: ImportINI -  0.000 s
[2019.02.28-17.44.27:041][  0]LogStats: UGameplayTagsManager::ConstructGameplayTagTree: GameplayTagTreeChangedEvent.Broadcast -  0.000 s
[2019.02.28-17.44.27:545][  0]LogFileCache: Scanning file cache for directory 'D:/Humber/Semester 4/Game 260_Game Production/RacingGame/Game260Development/Resources/VehicleMovement/Content/' took 0.02s
[2019.02.28-17.44.27:739][  0]SourceControl: Source control is disabled
[2019.02.28-17.44.27:739][  0]LightingResults: New page: Lighting Build
[2019.02.28-17.44.27:743][  0]MapCheck: New page: Map Check
[2019.02.28-17.44.27:743][  0]LightingResults: New page: Lighting Build
[2019.02.28-17.44.28:039][  0]LogAIModule: Creating AISystem for world VehicleExampleMap
[2019.02.28-17.44.28:049][  0]LogEditorServer: Finished looking for orphan Actors (0.000 secs)
[2019.02.28-17.44.28:073][  0]Cmd: MAP CHECKDEP NOCLEARLOG
[2019.02.28-17.44.28:179][  0]MapCheck: Map check complete: 0 Error(s), 0 Warning(s), took 106.384ms to complete.
[2019.02.28-17.44.28:179][  0]LogFileHelpers: Loading map 'VehicleExampleMap' took 0.440
[2019.02.28-17.44.28:299][  0]LogSlate: Updating window title bar state: overlay mode, drag disabled, window buttons hidden, title bar hidden
[2019.02.28-17.44.28:306][  0]LogSlate: Updating window title bar state: overlay mode, drag disabled, window buttons hidden, title bar hidden
[2019.02.28-17.44.28:313][  0]LogSlate: Updating window title bar state: overlay mode, drag disabled, window buttons hidden, title bar hidden
[2019.02.28-17.44.28:321][  0]LogSlate: Updating window title bar state: overlay mode, drag disabled, window buttons hidden, title bar hidden
[2019.02.28-17.44.28:350][  0]LogCollectionManager: Loaded 0 collections in 0.003839 seconds
[2019.02.28-17.44.28:414][  0]LogFileCache: Scanning file cache for directory 'D:/Humber/Semester 4/Game 260_Game Production/RacingGame/Game260Development/Resources/VehicleMovement/Saved/Collections/' took 0.01s
[2019.02.28-17.44.28:414][  0]LogFileCache: Scanning file cache for directory 'D:/Humber/Semester 4/Game 260_Game Production/RacingGame/Game260Development/Resources/VehicleMovement/Content/Developers/sufus/Collections/' took 0.01s
[2019.02.28-17.44.28:414][  0]LogFileCache: Scanning file cache for directory 'D:/Humber/Semester 4/Game 260_Game Production/RacingGame/Game260Development/Resources/VehicleMovement/Content/Collections/' took 0.01s
[2019.02.28-17.44.28:414][  0]LogCollectionManager: Rebuilt the GUID cache for 0 collections in 0.000000 seconds
[2019.02.28-17.44.28:429][  0]LogContentBrowser: Native class hierarchy populated in 0.0150 seconds. Added 2586 classes and 609 folders.
[2019.02.28-17.44.28:438][  0]LogContentBrowser: Native class hierarchy updated for 'WidgetCarousel' in 0.0007 seconds. Added 0 classes and 0 folders.
[2019.02.28-17.44.28:517][  0]LogContentBrowser: Native class hierarchy updated for 'AddContentDialog' in 0.0008 seconds. Added 0 classes and 0 folders.
[2019.02.28-17.44.28:552][  0]LogContentBrowser: Native class hierarchy updated for 'SceneOutliner' in 0.0008 seconds. Added 1 classes and 2 folders.
[2019.02.28-17.44.28:620][  0]LogContentBrowser: Native class hierarchy updated for 'HierarchicalLODOutliner' in 0.0010 seconds. Added 0 classes and 0 folders.
[2019.02.28-17.44.28:620][  0]LogLoad: (Engine Initialization) Total time: 17.77 seconds
[2019.02.28-17.44.28:620][  0]LogLoad: (Engine Initialization) Total Blueprint compile time: 0.00 seconds
[2019.02.28-17.44.28:645][  0]LogRawInputWindows: Warning: Found device 0 devices
[2019.02.28-17.44.28:645][  0]LogRawInputWindows: Warning: Found device 0 devices
[2019.02.28-17.44.28:645][  0]LogRawInputWindows: Warning: Device was registered succesfully but not connected (Usage:4 UsagePage:1)
[2019.02.28-17.44.28:646][  0]LogRawInputWindows: Warning: Found device 1 devices
[2019.02.28-17.44.28:646][  0]LogRawInputWindows: Warning: Device was registered succesfully but not connected (Usage:5 UsagePage:1)
[2019.02.28-17.44.28:665][  0]LogContentStreaming: Texture pool size now 1000 MB
[2019.02.28-17.44.28:666][  0]LogSlate: Took 0.000271 seconds to synchronously load lazily loaded font '../../../Engine/Content/Slate/Fonts/Roboto-Regular.ttf' (155K)
[2019.02.28-17.44.28:669][  0]LogSlate: Took 0.000238 seconds to synchronously load lazily loaded font '../../../Engine/Content/Slate/Fonts/Roboto-Bold.ttf' (160K)
[2019.02.28-17.44.28:671][  0]LogSlate: Took 0.000226 seconds to synchronously load lazily loaded font '../../../Engine/Content/Editor/Slate/Fonts/FontAwesome.ttf' (139K)
[2019.02.28-17.44.28:672][  0]LogSlate: Took 0.000159 seconds to synchronously load lazily loaded font '../../../Engine/Content/Slate/Fonts/DroidSansMono.ttf' (77K)
[2019.02.28-17.44.28:810][  1]LogRenderer: Reallocating scene render targets to support 1168x464 Format 10 NumSamples 1 (Frame:1).
[2019.02.28-17.44.28:810][  1]LogAssetRegistry: Asset discovery search completed in 9.1104 seconds
[2019.02.28-17.44.28:813][  1]LogCollectionManager: Rebuilt the object cache for 0 collections in 0.000000 seconds (found 0 objects)
[2019.02.28-17.44.28:814][  1]LogCollectionManager: Fixed up redirectors for 0 collections in 0.000449 seconds (updated 0 objects)
[2019.02.28-17.45.18:567][974]LogRenderer: Reallocating scene render targets to support 1168x468 Format 10 NumSamples 1 (Frame:2976).
[2019.02.28-17.45.18:613][974]LogRenderer: Reallocating scene render targets to support 1168x488 Format 10 NumSamples 1 (Frame:2977).
[2019.02.28-17.45.19:138][974]LogRenderer: Reallocating scene render targets to support 1168x544 Format 10 NumSamples 1 (Frame:2979).
[2019.02.28-17.45.21:062][ 69]LogRenderer: Reallocating scene render targets to support 1284x560 Format 10 NumSamples 1 (Frame:3077).
[2019.02.28-17.45.22:667][165]LogSlate: FSceneViewport::OnFocusLost() reason 0
[2019.02.28-17.45.22:734][169]LogTemp: Repeating last play command: New Editor Window (PIE)
[2019.02.28-17.45.22:754][169]LogBlueprintUserMessages: Early PlayInEditor Detection: Level '/Game/VehicleCPP/Maps/VehicleExampleMap.VehicleExampleMap:PersistentLevel' has LevelScriptBlueprint '/Game/VehicleCPP/Maps/VehicleExampleMap.VehicleExampleMap:PersistentLevel.VehicleExampleMap' with GeneratedClass '/Game/VehicleCPP/Maps/VehicleExampleMap.VehicleExampleMap_C' with ClassGeneratedBy '/Game/VehicleCPP/Maps/VehicleExampleMap.VehicleExampleMap:PersistentLevel.VehicleExampleMap'
[2019.02.28-17.45.22:755][169]LogPlayLevel: PlayLevel: No blueprints needed recompiling
[2019.02.28-17.45.22:769][169]PIE: New page: PIE session: VehicleExampleMap (Feb 28, 2019, 7:45:22 AM)
[2019.02.28-17.45.22:769][169]LogPlayLevel: Creating play world package: /Game/VehicleCPP/Maps/UEDPIE_0_VehicleExampleMap
[2019.02.28-17.45.22:810][169]LogPlayLevel: PIE: StaticDuplicateObject took: (0.040055s)
[2019.02.28-17.45.22:811][169]LogAIModule: Creating AISystem for world VehicleExampleMap
[2019.02.28-17.45.22:812][169]LogPlayLevel: PIE: World Init took: (0.001352s)
[2019.02.28-17.45.22:812][169]LogPlayLevel: PIE: Created PIE world by copying editor world from /Game/VehicleCPP/Maps/VehicleExampleMap.VehicleExampleMap to /Game/VehicleCPP/Maps/UEDPIE_0_VehicleExampleMap.VehicleExampleMap (0.042404s)
[2019.02.28-17.45.22:850][169]LogInit: XAudio2 using 'Speakers (Realtek High Definition Audio)' : 2 channels at 48 kHz using 32 bits per sample (channel mask 0x3)
[2019.02.28-17.45.22:896][169]LogInit: FAudioDevice initialized.
[2019.02.28-17.45.22:908][169]LogSlate: Updating window title bar state: overlay mode, drag disabled, window buttons hidden, title bar hidden
[2019.02.28-17.45.23:008][169]LogLoad: Game class is 'VehicleMovementGameMode'
[2019.02.28-17.45.23:015][169]PIE: Warning: Invalid Simulate Options: Body (MyAVehiclePawn_2.Box) is set to simulate physics but Collision Enabled is incompatible
[2019.02.28-17.45.23:015][169]PIE: Warning: Invalid Simulate Options: Body (MyAVehiclePawn_2.Box) is set to simulate physics but Collision Enabled is incompatible
[2019.02.28-17.45.23:015][169]LogWorld: Bringing World /Game/VehicleCPP/Maps/UEDPIE_0_VehicleExampleMap.VehicleExampleMap up for play (max tick rate 60) at 2019.02.28-12.45.23
[2019.02.28-17.45.23:016][169]LogWorld: Bringing up level for play took: 0.003028
[2019.02.28-17.45.23:048][169]LogContentBrowser: Native class hierarchy updated for 'MovieSceneCapture' in 0.0015 seconds. Added 10 classes and 0 folders.
[2019.02.28-17.45.23:057][169]PIE: Play in editor start time for /Game/VehicleCPP/Maps/UEDPIE_0_VehicleExampleMap 0.385
[2019.02.28-17.45.23:057][169]LogBlueprintUserMessages: Late PlayInEditor Detection: Level '/Game/VehicleCPP/Maps/VehicleExampleMap.VehicleExampleMap:PersistentLevel' has LevelScriptBlueprint '/Game/VehicleCPP/Maps/VehicleExampleMap.VehicleExampleMap:PersistentLevel.VehicleExampleMap' with GeneratedClass '/Game/VehicleCPP/Maps/VehicleExampleMap.VehicleExampleMap_C' with ClassGeneratedBy '/Game/VehicleCPP/Maps/VehicleExampleMap.VehicleExampleMap:PersistentLevel.VehicleExampleMap'
[2019.02.28-17.45.23:084][169]LogRenderer: Reallocating scene render targets to support 1284x576 Format 10 NumSamples 1 (Frame:1).
[2019.02.28-17.45.30:096][588]LogBlueprintUserMessages: Early EndPlayMap Detection: Level '/Game/VehicleCPP/Maps/VehicleExampleMap.VehicleExampleMap:PersistentLevel' has LevelScriptBlueprint '/Game/VehicleCPP/Maps/VehicleExampleMap.VehicleExampleMap:PersistentLevel.VehicleExampleMap' with GeneratedClass '/Game/VehicleCPP/Maps/VehicleExampleMap.VehicleExampleMap_C' with ClassGeneratedBy '/Game/VehicleCPP/Maps/VehicleExampleMap.VehicleExampleMap:PersistentLevel.VehicleExampleMap'
[2019.02.28-17.45.30:097][588]LogSlate: Updating window title bar state: overlay mode, drag disabled, window buttons hidden, title bar hidden
[2019.02.28-17.45.30:116][588]LogSlate: Window 'VehicleMovement Game Preview Standalone (64-bit/PCD3D_SM5)' being destroyed
[2019.02.28-17.45.30:152][588]LogPlayLevel: Display: Shutting down PIE online subsystems
[2019.02.28-17.45.30:152][588]LogBlueprintUserMessages: Late EndPlayMap Detection: Level '/Game/VehicleCPP/Maps/VehicleExampleMap.VehicleExampleMap:PersistentLevel' has LevelScriptBlueprint '/Game/VehicleCPP/Maps/VehicleExampleMap.VehicleExampleMap:PersistentLevel.VehicleExampleMap' with GeneratedClass '/Game/VehicleCPP/Maps/VehicleExampleMap.VehicleExampleMap_C' with ClassGeneratedBy '/Game/VehicleCPP/Maps/VehicleExampleMap.VehicleExampleMap:PersistentLevel.VehicleExampleMap'
[2019.02.28-17.45.30:226][589]LogPlayLevel: Display: Destroying online subsystem :Context_1
[2019.02.28-17.45.33:182][763]LogSlate: Took 0.000242 seconds to synchronously load lazily loaded font '../../../Engine/Content/Slate/Fonts/Roboto-Light.ttf' (167K)
[2019.02.28-17.45.38:337][ 60]LogSlate: Took 0.000262 seconds to synchronously load lazily loaded font '../../../Engine/Content/Slate/Fonts/Roboto-Light.ttf' (167K)
[2019.02.28-17.45.38:353][ 60]LogAssetEditorManager: Opening Asset editor for Class /Script/VehicleMovement.AVehiclePawn
[2019.02.28-17.48.28:890][758]Candidate modules for hot reload:
[2019.02.28-17.48.28:890][758]  VehicleMovement
[2019.02.28-17.48.28:891][758]Launching UnrealBuildTool... [C:/Program Files/Epic Games/UE_4.20/Engine/Binaries/DotNET/UnrealBuildTool.exe  -ModuleWithSuffix=VehicleMovement,1554 Win64 Development -TargetType=Editor -Project="D:/Humber/Semester 4/Game 260_Game Production/RacingGame/Game260Development/Resources/VehicleMovement/VehicleMovement.uproject" -canskiplink "D:/Humber/Semester 4/Game 260_Game Production/RacingGame/Game260Development/Resources/VehicleMovement/VehicleMovement.uproject" ]
[2019.02.28-17.48.28:911][758]Warning: Starting HotReload took  0.1s.
[2019.02.28-17.49.20:741][318]LogSlate: FSceneViewport::OnFocusLost() reason 0
[2019.02.28-17.49.56:305][915]LogSlate: FSceneViewport::OnFocusLost() reason 0
[2019.02.28-17.49.56:392][921]CompilerResultsLog: New page: Compilation - Feb 28, 2019, 7:49:56 AM
[2019.02.28-17.49.56:392][921]CompilerResultsLog: Performing full C++ include scan (hot reloading a new target)
[2019.02.28-17.49.56:392][921]CompilerResultsLog: Creating makefile for hot reloading VehicleMovementEditor (game project files are newer)
[2019.02.28-17.49.56:393][921]CompilerResultsLog: Compiling game modules for hot reload
[2019.02.28-17.49.56:393][921]CompilerResultsLog: Using Visual Studio 2017 14.16.27023 toolchain (C:\Program Files (x86)\Microsoft Visual Studio\2017\Community\VC\Tools\MSVC\14.16.27023) and Windows 10.0.17763.0 SDK (C:\Program Files (x86)\Windows Kits\10).
[2019.02.28-17.49.56:393][921]CompilerResultsLog: Parsing headers for VehicleMovementEditor
[2019.02.28-17.49.56:393][921]CompilerResultsLog:   Running UnrealHeaderTool "D:\Humber\Semester 4\Game 260_Game Production\RacingGame\Game260Development\Resources\VehicleMovement\VehicleMovement.uproject" "D:\Humber\Semester 4\Game 260_Game Production\RacingGame\Game260Development\Resources\VehicleMovement\Intermediate\Build\Win64\VehicleMovementEditor\Development\VehicleMovementEditor.uhtmanifest" -LogCmds="loginit warning, logexit warning, logdatabase error" -Unattended -WarningsAsErrors -installed
[2019.02.28-17.49.56:394][921]CompilerResultsLog: Reflection code generated for VehicleMovementEditor in 14.2833596 seconds
[2019.02.28-17.49.56:394][921]CompilerResultsLog: Building 6 actions with 8 processes...
[2019.02.28-17.49.56:395][921]LogMainFrame: MainFrame: Module compiling took 87.513 seconds
[2019.02.28-17.49.56:395][921]Warning: HotReload failed, recompile failed
[2019.02.28-17.49.58:550][ 39]LogSlate: Window 'VehicleMovement - Unreal Editor' being destroyed
[2019.02.28-17.49.58:551][ 39]LogWindowsTextInputMethodSystem: Display: IME system now deactivated.
[2019.02.28-17.49.58:783][ 40]Cmd: QUIT_EDITOR
[2019.02.28-17.49.59:756][ 40]LogExit: Preparing to exit.
[2019.02.28-17.50.00:410][ 40]LogExit: Editor shut down
[2019.02.28-17.50.00:411][ 40]LogExit: Transaction tracking system shut down
[2019.02.28-17.50.00:989][ 40]LogExit: Object subsystem successfully closed.
[2019.02.28-17.50.01:013][ 40]LogShaderCompilers: Display: Shaders left to compile 0
[2019.02.28-17.50.01:017][ 40]LogD3D11RHI: Shutdown
[2019.02.28-17.50.01:017][ 40]LogD3D11RHI: CleanupD3DDevice
[2019.02.28-17.50.01:022][ 40]LogD3D11RHI: ~FD3D11DynamicRHI
[2019.02.28-17.50.01:096][ 40]LogModuleManager: Shutting down and abandoning module MovieSceneCapture (618)
[2019.02.28-17.50.01:096][ 40]LogModuleManager: Shutting down and abandoning module Voice (616)
[2019.02.28-17.50.01:097][ 40]LogModuleManager: Shutting down and abandoning module HierarchicalLODOutliner (614)
[2019.02.28-17.50.01:097][ 40]LogModuleManager: Shutting down and abandoning module SceneOutliner (612)
[2019.02.28-17.50.01:097][ 40]LogModuleManager: Shutting down and abandoning module AddContentDialog (610)
[2019.02.28-17.50.01:098][ 40]LogModuleManager: Shutting down and abandoning module WidgetCarousel (609)
[2019.02.28-17.50.01:098][ 40]LogModuleManager: Shutting down and abandoning module EditorWidgets (606)
[2019.02.28-17.50.01:098][ 40]LogModuleManager: Shutting down and abandoning module CollectionManager (604)
[2019.02.28-17.50.01:100][ 40]LogModuleManager: Shutting down and abandoning module StatsViewer (602)
[2019.02.28-17.50.01:100][ 40]LogModuleManager: Shutting down and abandoning module FoliageEdit (600)
[2019.02.28-17.50.01:100][ 40]LogModuleManager: Shutting down and abandoning module LandscapeEditor (598)
[2019.02.28-17.50.01:102][ 40]LogModuleManager: Shutting down and abandoning module MeshPaintMode (596)
[2019.02.28-17.50.01:103][ 40]LogModuleManager: Shutting down and abandoning module SceneDepthPickerMode (594)
[2019.02.28-17.50.01:103][ 40]LogModuleManager: Shutting down and abandoning module ActorPickerMode (592)
[2019.02.28-17.50.01:103][ 40]LogModuleManager: Shutting down and abandoning module GeometryMode (590)
[2019.02.28-17.50.01:103][ 40]LogModuleManager: Shutting down and abandoning module TextureAlignMode (588)
[2019.02.28-17.50.01:103][ 40]LogModuleManager: Shutting down and abandoning module BspMode (586)
[2019.02.28-17.50.01:103][ 40]LogModuleManager: Shutting down and abandoning module PIEPreviewDeviceProfileSelector (584)
[2019.02.28-17.50.01:103][ 40]LogModuleManager: Shutting down and abandoning module SequenceRecorderSections (582)
[2019.02.28-17.50.01:104][ 40]LogModuleManager: Shutting down and abandoning module AutomationWorker (580)
[2019.02.28-17.50.01:104][ 40]LogModuleManager: Shutting down and abandoning module AudioCaptureEditor (578)
[2019.02.28-17.50.01:104][ 40]LogModuleManager: Shutting down and abandoning module SequenceRecorder (577)
[2019.02.28-17.50.01:104][ 40]LogModuleManager: Shutting down and abandoning module MatineeToLevelSequence (574)
[2019.02.28-17.50.01:105][ 40]LogModuleManager: Shutting down and abandoning module LevelSequenceEditor (572)
[2019.02.28-17.50.01:107][ 40]LogModuleManager: Shutting down and abandoning module PlacementMode (571)
[2019.02.28-17.50.01:107][ 40]LogModuleManager: Shutting down and abandoning module MaterialEditor (570)
[2019.02.28-17.50.01:109][ 40]LogModuleManager: Shutting down and abandoning module WmfMediaFactory (566)
[2019.02.28-17.50.01:109][ 40]LogModuleManager: Shutting down and abandoning module WmfMediaEditor (564)
[2019.02.28-17.50.01:109][ 40]LogModuleManager: Shutting down and abandoning module MediaPlayerEditor (562)
[2019.02.28-17.50.01:110][ 40]LogModuleManager: Shutting down and abandoning module OpenExrWrapper (560)
[2019.02.28-17.50.01:110][ 40]LogModuleManager: Shutting down and abandoning module ImgMediaFactory (558)
[2019.02.28-17.50.01:110][ 40]LogModuleManager: Shutting down and abandoning module ImgMediaEditor (556)
[2019.02.28-17.50.01:110][ 40]LogModuleManager: Shutting down and abandoning module AvfMediaFactory (554)
[2019.02.28-17.50.01:111][ 40]LogModuleManager: Shutting down and abandoning module AvfMediaEditor (552)
[2019.02.28-17.50.01:111][ 40]LogModuleManager: Shutting down and abandoning module AndroidMediaFactory (550)
[2019.02.28-17.50.01:111][ 40]LogModuleManager: Shutting down and abandoning module AndroidMediaEditor (548)
[2019.02.28-17.50.01:111][ 40]LogModuleManager: Shutting down and abandoning module MagicLeapCameraPreviewFactory (546)
[2019.02.28-17.50.01:111][ 40]LogModuleManager: Shutting down and abandoning module MagicLeapMediaFactory (544)
[2019.02.28-17.50.01:111][ 40]LogModuleManager: Shutting down and abandoning module MagicLeapMediaEditor (542)
[2019.02.28-17.50.01:111][ 40]LogModuleManager: Shutting down and abandoning module CharacterAI (540)
[2019.02.28-17.50.01:111][ 40]LogModuleManager: Shutting down and abandoning module SmartSnapping (538)
[2019.02.28-17.50.01:111][ 40]LogModuleManager: Shutting down and abandoning module SessionServices (536)
[2019.02.28-17.50.01:111][ 40]LogModuleManager: Shutting down and abandoning module ViewportSnapping (534)
[2019.02.28-17.50.01:111][ 40]LogModuleManager: Shutting down and abandoning module ViewportInteraction (532)
[2019.02.28-17.50.01:111][ 40]LogModuleManager: Shutting down and abandoning module ClothPainter (530)
[2019.02.28-17.50.01:112][ 40]LogModuleManager: Shutting down and abandoning module SkeletalMeshEditor (529)
[2019.02.28-17.50.01:114][ 40]LogModuleManager: Shutting down and abandoning module LogVisualizer (526)
[2019.02.28-17.50.01:115][ 40]LogModuleManager: Shutting down and abandoning module IntroTutorials (524)
[2019.02.28-17.50.01:116][ 40]LogModuleManager: Shutting down and abandoning module GameProjectGeneration (523)
[2019.02.28-17.50.01:116][ 40]LogModuleManager: Shutting down and abandoning module LuminPlatformEditor (520)
[2019.02.28-17.50.01:116][ 40]LogModuleManager: Shutting down and abandoning module IOSPlatformEditor (518)
[2019.02.28-17.50.01:117][ 40]LogModuleManager: Shutting down and abandoning module HTML5PlatformEditor (516)
[2019.02.28-17.50.01:117][ 40]LogModuleManager: Shutting down and abandoning module AndroidPlatformEditor (514)
[2019.02.28-17.50.01:117][ 40]LogModuleManager: Shutting down and abandoning module AndroidDeviceDetection (513)
[2019.02.28-17.50.01:854][ 40]LogModuleManager: Shutting down and abandoning module WindowsPlatformEditor (510)
[2019.02.28-17.50.01:854][ 40]LogModuleManager: Shutting down and abandoning module LuminRuntimeSettings (508)
[2019.02.28-17.50.01:854][ 40]LogModuleManager: Shutting down and abandoning module IOSRuntimeSettings (506)
[2019.02.28-17.50.01:854][ 40]LogModuleManager: Shutting down and abandoning module AndroidRuntimeSettings (504)
[2019.02.28-17.50.01:854][ 40]LogModuleManager: Shutting down and abandoning module InputBindingEditor (502)
[2019.02.28-17.50.01:855][ 40]LogModuleManager: Shutting down and abandoning module MergeActors (500)
[2019.02.28-17.50.01:856][ 40]LogModuleManager: Shutting down and abandoning module LocalizationDashboard (498)
[2019.02.28-17.50.01:856][ 40]LogModuleManager: Shutting down and abandoning module LocalizationService (497)
[2019.02.28-17.50.01:857][ 40]LogModuleManager: Shutting down and abandoning module HardwareTargeting (494)
[2019.02.28-17.50.01:857][ 40]LogModuleManager: Shutting down and abandoning module DeviceProfileEditor (492)
[2019.02.28-17.50.01:857][ 40]LogModuleManager: Shutting down and abandoning module UndoHistory (490)
[2019.02.28-17.50.01:857][ 40]LogModuleManager: Shutting down and abandoning module XmlParser (488)
[2019.02.28-17.50.01:858][ 40]LogModuleManager: Shutting down and abandoning module Blutility (486)
[2019.02.28-17.50.01:858][ 40]LogModuleManager: Shutting down and abandoning module ProjectSettingsViewer (484)
[2019.02.28-17.50.01:858][ 40]LogModuleManager: Shutting down and abandoning module ProjectTargetPlatformEditor (483)
[2019.02.28-17.50.01:858][ 40]LogModuleManager: Shutting down and abandoning module EditorSettingsViewer (480)
[2019.02.28-17.50.01:858][ 40]LogModuleManager: Shutting down and abandoning module SettingsEditor (478)
[2019.02.28-17.50.01:860][ 40]LogModuleManager: Shutting down and abandoning module ProjectLauncher (476)
[2019.02.28-17.50.01:860][ 40]LogModuleManager: Shutting down and abandoning module SessionFrontend (474)
[2019.02.28-17.50.01:861][ 40]LogModuleManager: Shutting down and abandoning module ProfilerClient (472)
[2019.02.28-17.50.01:861][ 40]LogModuleManager: Shutting down and abandoning module DeviceManager (470)
[2019.02.28-17.50.01:861][ 40]LogModuleManager: Shutting down and abandoning module TargetDeviceServices (469)
[2019.02.28-17.50.01:917][ 40]LogModuleManager: Shutting down and abandoning module AutomationController (466)
[2019.02.28-17.50.01:917][ 40]LogModuleManager: Shutting down and abandoning module AutomationWindow (464)
[2019.02.28-17.50.01:918][ 40]LogModuleManager: Shutting down and abandoning module Layers (462)
[2019.02.28-17.50.01:919][ 40]LogModuleManager: Shutting down and abandoning module ComponentVisualizers (460)
[2019.02.28-17.50.01:920][ 40]LogModuleManager: Shutting down and abandoning module DetailCustomizations (458)
[2019.02.28-17.50.01:921][ 40]LogModuleManager: Shutting down and abandoning module PackagesDialog (456)
[2019.02.28-17.50.01:921][ 40]LogModuleManager: Shutting down and abandoning module Persona (454)
[2019.02.28-17.50.01:922][ 40]LogModuleManager: Shutting down and abandoning module AdvancedPreviewScene (453)
[2019.02.28-17.50.01:922][ 40]LogModuleManager: Shutting down and abandoning module AnimGraph (451)
[2019.02.28-17.50.01:923][ 40]LogModuleManager: Shutting down and abandoning module Kismet (448)
[2019.02.28-17.50.01:924][ 40]LogModuleManager: Shutting down and abandoning module GraphEditor (446)
[2019.02.28-17.50.01:926][ 40]LogModuleManager: Shutting down and abandoning module ClassViewer (444)
[2019.02.28-17.50.01:926][ 40]LogModuleManager: Shutting down and abandoning module Toolbox (442)
[2019.02.28-17.50.01:926][ 40]LogModuleManager: Shutting down and abandoning module DesktopPlatform (441)
[2019.02.28-17.50.01:927][ 40]LogModuleManager: Shutting down and abandoning module ModuleUI (438)
[2019.02.28-17.50.01:927][ 40]LogModuleManager: Shutting down and abandoning module MovieSceneTools (436)
[2019.02.28-17.50.01:928][ 40]LogModuleManager: Shutting down and abandoning module OutputLog (434)
[2019.02.28-17.50.01:928][ 40]LogModuleManager: Shutting down and abandoning module GammaUI (432)
[2019.02.28-17.50.01:928][ 40]LogModuleManager: Shutting down and abandoning module Documentation (430)
[2019.02.28-17.50.01:928][ 40]LogModuleManager: Shutting down and abandoning module MovieSceneTracks (428)
[2019.02.28-17.50.01:928][ 40]LogModuleManager: Shutting down and abandoning module MovieScene (426)
[2019.02.28-17.50.01:929][ 40]LogModuleManager: Shutting down and abandoning module StreamingPauseRendering (424)
[2019.02.28-17.50.01:929][ 40]LogModuleManager: Shutting down and abandoning module LauncherPlatform (422)
[2019.02.28-17.50.01:929][ 40]LogModuleManager: Shutting down and abandoning module AnalyticsET (420)
[2019.02.28-17.50.01:929][ 40]LogModuleManager: Shutting down and abandoning module PortalServices (418)
[2019.02.28-17.50.01:929][ 40]LogModuleManager: Shutting down and abandoning module PortalRpc (416)
[2019.02.28-17.50.01:929][ 40]LogModuleManager: Shutting down and abandoning module MessagingRpc (414)
[2019.02.28-17.50.01:929][ 40]LogModuleManager: Shutting down and abandoning module AIModule (412)
[2019.02.28-17.50.01:930][ 40]LogModuleManager: Shutting down and abandoning module GameplayDebugger (411)
[2019.02.28-17.50.01:930][ 40]LogModuleManager: Shutting down and abandoning module AITestSuite (409)
[2019.02.28-17.50.01:930][ 40]LogModuleManager: Shutting down and abandoning module NavigationSystem (407)
[2019.02.28-17.50.01:930][ 40]LogModuleManager: Shutting down and abandoning module ProfilerService (404)
[2019.02.28-17.50.02:130][ 40]LogModuleManager: Shutting down and abandoning module TaskGraph (402)
[2019.02.28-17.50.02:131][ 40]LogModuleManager: Shutting down and abandoning module SteamVRController (400)
[2019.02.28-17.50.02:131][ 40]LogModuleManager: Shutting down and abandoning module ProceduralMeshComponentEditor (398)
[2019.02.28-17.50.02:131][ 40]LogModuleManager: Shutting down and abandoning module ProceduralMeshComponent (396)
[2019.02.28-17.50.02:132][ 40]LogModuleManager: Shutting down and abandoning module OculusInput (394)
[2019.02.28-17.50.02:132][ 40]LogModuleManager: Shutting down and abandoning module MobilePatchingUtils (392)
[2019.02.28-17.50.02:132][ 40]LogModuleManager: Shutting down and abandoning module EditableMesh (390)
[2019.02.28-17.50.02:132][ 40]LogModuleManager: Shutting down and abandoning module CustomMeshComponent (388)
[2019.02.28-17.50.02:132][ 40]LogModuleManager: Shutting down and abandoning module CableComponent (386)
[2019.02.28-17.50.02:132][ 40]LogModuleManager: Shutting down and abandoning module AudioCapture (384)
[2019.02.28-17.50.02:132][ 40]LogModuleManager: Shutting down and abandoning module ArchVisCharacter (382)
[2019.02.28-17.50.02:132][ 40]LogModuleManager: Shutting down and abandoning module AndroidPermission (380)
[2019.02.28-17.50.02:132][ 40]LogModuleManager: Shutting down and abandoning module NUTUnrealEngine4 (378)
[2019.02.28-17.50.02:132][ 40]LogModuleManager: Shutting down and abandoning module NetcodeUnitTest (376)
[2019.02.28-17.50.02:134][ 40]LogModuleManager: Shutting down and abandoning module MediaCompositingEditor (374)
[2019.02.28-17.50.02:134][ 40]LogModuleManager: Shutting down and abandoning module MediaCompositing (372)
[2019.02.28-17.50.02:134][ 40]LogModuleManager: Shutting down and abandoning module LinearTimecode (370)
[2019.02.28-17.50.02:134][ 40]LogModuleManager: Shutting down and abandoning module ImgMedia (368)
[2019.02.28-17.50.02:139][ 40]LogModuleManager: Shutting down and abandoning module RawInput (366)
[2019.02.28-17.50.02:139][ 40]LogModuleManager: Shutting down and abandoning module HTML5Networking (364)
[2019.02.28-17.50.02:139][ 40]LogModuleManager: Shutting down and abandoning module GeometryCacheTracks (362)
[2019.02.28-17.50.02:139][ 40]LogModuleManager: Shutting down and abandoning module GeometryCacheSequencer (360)
[2019.02.28-17.50.02:139][ 40]LogModuleManager: Shutting down and abandoning module BackChannel (358)
[2019.02.28-17.50.02:140][ 40]LogModuleManager: Shutting down and abandoning module AppleVision (356)
[2019.02.28-17.50.02:140][ 40]LogModuleManager: Shutting down and abandoning module AppleImageUtils (354)
[2019.02.28-17.50.02:140][ 40]LogModuleManager: Shutting down and abandoning module AlembicImporter (352)
[2019.02.28-17.50.02:140][ 40]LogModuleManager: Shutting down and abandoning module AlembicLibrary (351)
[2019.02.28-17.50.02:140][ 40]LogModuleManager: Shutting down and abandoning module GeometryCache (350)
[2019.02.28-17.50.02:140][ 40]LogModuleManager: Shutting down and abandoning module GeometryCacheEd (349)
[2019.02.28-17.50.02:140][ 40]LogModuleManager: Shutting down and abandoning module DatasmithContentEditor (344)
[2019.02.28-17.50.02:141][ 40]LogModuleManager: Shutting down and abandoning module DatasmithContent (342)
[2019.02.28-17.50.02:142][ 40]LogModuleManager: Shutting down and abandoning module SpeedTreeImporter (340)
[2019.02.28-17.50.02:142][ 40]LogModuleManager: Shutting down and abandoning module PluginBrowser (338)
[2019.02.28-17.50.02:144][ 40]LogModuleManager: Shutting down and abandoning module MobileLauncherProfileWizard (336)
[2019.02.28-17.50.02:144][ 40]LogModuleManager: Shutting down and abandoning module PolygonModeling (334)
[2019.02.28-17.50.02:144][ 40]LogModuleManager: Shutting down and abandoning module MeshEditor (332)
[2019.02.28-17.50.02:145][ 40]LogModuleManager: Shutting down and abandoning module CryptoKeysOpenSSL (330)
[2019.02.28-17.50.02:145][ 40]LogModuleManager: Shutting down and abandoning module CryptoKeys (328)
[2019.02.28-17.50.02:145][ 40]LogModuleManager: Shutting down and abandoning module VisualStudioSourceCodeAccess (326)
[2019.02.28-17.50.02:145][ 40]LogModuleManager: Shutting down and abandoning module VisualStudioCodeSourceCodeAccess (324)
[2019.02.28-17.50.02:145][ 40]LogModuleManager: Shutting down and abandoning module UObjectPlugin (322)
[2019.02.28-17.50.02:145][ 40]LogModuleManager: Shutting down and abandoning module SubversionSourceControl (320)
[2019.02.28-17.50.02:146][ 40]LogModuleManager: Shutting down and abandoning module PerforceSourceControl (318)
[2019.02.28-17.50.02:147][ 40]LogModuleManager: Shutting down and abandoning module GitSourceControl (316)
[2019.02.28-17.50.02:148][ 40]LogModuleManager: Shutting down and abandoning module SourceControl (315)
[2019.02.28-17.50.02:149][ 40]LogModuleManager: Shutting down and abandoning module CLionSourceCodeAccess (312)
[2019.02.28-17.50.02:149][ 40]LogModuleManager: Shutting down and abandoning module LightPropagationVolumeEditor (310)
[2019.02.28-17.50.02:149][ 40]LogModuleManager: Shutting down and abandoning module PaperTiledImporter (308)
[2019.02.28-17.50.02:149][ 40]LogModuleManager: Shutting down and abandoning module PaperSpriteSheetImporter (306)
[2019.02.28-17.50.02:149][ 40]LogModuleManager: Shutting down and abandoning module Paper2DEditor (304)
[2019.02.28-17.50.02:150][ 40]LogModuleManager: Shutting down and abandoning module MeshPaint (303)
[2019.02.28-17.50.02:150][ 40]LogModuleManager: Shutting down and abandoning module VehicleMovement (300)
[2019.02.28-17.50.02:150][ 40]LogModuleManager: Shutting down and abandoning module RuntimePhysXCooking (298)
[2019.02.28-17.50.02:150][ 40]LogModuleManager: Shutting down and abandoning module PhysXVehiclesEditor (296)
[2019.02.28-17.50.02:150][ 40]LogModuleManager: Shutting down and abandoning module PhysXVehicles (294)
[2019.02.28-17.50.02:150][ 40]LogModuleManager: Shutting down and abandoning module OculusEditor (292)
[2019.02.28-17.50.02:151][ 40]LogModuleManager: Shutting down and abandoning module LocationServicesBPLibrary (290)
[2019.02.28-17.50.02:151][ 40]LogModuleManager: Shutting down and abandoning module ImmediatePhysicsEditor (288)
[2019.02.28-17.50.02:151][ 40]LogModuleManager: Shutting down and abandoning module ImmediatePhysics (286)
[2019.02.28-17.50.02:151][ 40]LogModuleManager: Shutting down and abandoning module ActorSequence (284)
[2019.02.28-17.50.02:151][ 40]LogModuleManager: Shutting down and abandoning module UdpMessaging (282)
[2019.02.28-17.50.02:252][ 40]LogModuleManager: Shutting down and abandoning module TcpMessaging (280)
[2019.02.28-17.50.02:353][ 40]LogModuleManager: Shutting down and abandoning module MagicLeapAudio (278)
[2019.02.28-17.50.02:353][ 40]LogModuleManager: Shutting down and abandoning module GameplayTagsEditor (276)
[2019.02.28-17.50.02:353][ 40]LogModuleManager: Shutting down and abandoning module FacialAnimationEditor (274)
[2019.02.28-17.50.02:353][ 40]LogModuleManager: Shutting down and abandoning module FacialAnimation (272)
[2019.02.28-17.50.02:353][ 40]LogModuleManager: Shutting down and abandoning module DataValidation (270)
[2019.02.28-17.50.02:353][ 40]LogModuleManager: Shutting down and abandoning module AssetManagerEditor (268)
[2019.02.28-17.50.02:354][ 40]LogModuleManager: Shutting down and abandoning module LevelEditor (267)
[2019.02.28-17.50.02:355][ 40]LogModuleManager: Shutting down and abandoning module PixelInspectorModule (266)
[2019.02.28-17.50.02:356][ 40]LogModuleManager: Shutting down and abandoning module CommonMenuExtensions (264)
[2019.02.28-17.50.02:356][ 40]LogModuleManager: Shutting down and abandoning module MainFrame (262)
[2019.02.28-17.50.02:356][ 40]LogModuleManager: Shutting down and abandoning module HotReload (261)
[2019.02.28-17.50.02:358][ 40]LogModuleManager: Shutting down and abandoning module ContentBrowser (257)
[2019.02.28-17.50.02:359][ 40]LogModuleManager: Shutting down and abandoning module TreeMap (255)
[2019.02.28-17.50.02:360][ 40]LogModuleManager: Shutting down and abandoning module LightPropagationVolumeRuntime (252)
[2019.02.28-17.50.02:360][ 40]LogModuleManager: Shutting down and abandoning module AISupportModule (250)
[2019.02.28-17.50.02:360][ 40]LogModuleManager: Shutting down and abandoning module Paper2D (248)
[2019.02.28-17.50.02:360][ 40]LogModuleManager: Shutting down and abandoning module WindowsMoviePlayer (246)
[2019.02.28-17.50.02:361][ 40]LogModuleManager: Shutting down and abandoning module WmfMedia (244)
[2019.02.28-17.50.02:364][ 40]LogModuleManager: Shutting down and abandoning module Media (243)
[2019.02.28-17.50.02:370][ 40]LogModuleManager: Shutting down and abandoning module PacketHandler (240)
[2019.02.28-17.50.02:370][ 40]LogModuleManager: Shutting down and abandoning module ClothingSystemEditor (238)
[2019.02.28-17.50.02:370][ 40]LogModuleManager: Shutting down and abandoning module ClothingSystemRuntime (236)
[2019.02.28-17.50.02:371][ 40]LogModuleManager: Shutting down and abandoning module MediaAssets (234)
[2019.02.28-17.50.02:371][ 40]LogModuleManager: Shutting down and abandoning module Overlay (232)
[2019.02.28-17.50.02:371][ 40]LogModuleManager: Shutting down and abandoning module OverlayEditor (231)
[2019.02.28-17.50.02:371][ 40]LogModuleManager: Shutting down and abandoning module VREditor (228)
[2019.02.28-17.50.02:372][ 40]LogModuleManager: Shutting down and abandoning module StringTableEditor (226)
[2019.02.28-17.50.02:372][ 40]LogModuleManager: Shutting down and abandoning module GameplayTasksEditor (224)
[2019.02.28-17.50.02:372][ 40]LogModuleManager: Shutting down and abandoning module BehaviorTreeEditor (222)
[2019.02.28-17.50.02:374][ 40]LogModuleManager: Shutting down and abandoning module FunctionalTesting (220)
[2019.02.28-17.50.02:375][ 40]LogModuleManager: Shutting down and abandoning module CollisionAnalyzer (218)
[2019.02.28-17.50.02:376][ 40]LogModuleManager: Shutting down and abandoning module WorkspaceMenuStructure (217)
[2019.02.28-17.50.02:377][ 40]LogModuleManager: Shutting down and abandoning module UMG (214)
[2019.02.28-17.50.02:377][ 40]LogModuleManager: Shutting down and abandoning module UMGEditor (213)
[2019.02.28-17.50.02:379][ 40]LogModuleManager: Shutting down and abandoning module Sequencer (212)
[2019.02.28-17.50.02:381][ 40]LogModuleManager: Shutting down and abandoning module MessageLog (209)
[2019.02.28-17.50.02:381][ 40]LogModuleManager: Shutting down and abandoning module SlateReflector (204)
[2019.02.28-17.50.02:383][ 40]LogModuleManager: Shutting down and abandoning module Slate (202)
[2019.02.28-17.50.02:384][ 40]LogModuleManager: Shutting down and abandoning module EditorStyle (200)
[2019.02.28-17.50.02:386][ 40]LogModuleManager: Shutting down and abandoning module MRMesh (198)
[2019.02.28-17.50.02:387][ 40]LogModuleManager: Shutting down and abandoning module SourceCodeAccess (196)
[2019.02.28-17.50.02:387][ 40]LogModuleManager: Shutting down and abandoning module HeadMountedDisplay (194)
[2019.02.28-17.50.02:387][ 40]LogModuleManager: Shutting down and abandoning module XAudio2 (192)
[2019.02.28-17.50.02:387][ 40]LogModuleManager: Shutting down and abandoning module Networking (190)
[2019.02.28-17.50.02:387][ 40]LogModuleManager: Shutting down and abandoning module Core (188)
[2019.02.28-17.50.02:387][ 40]LogModuleManager: Shutting down and abandoning module LevelSequence (186)
[2019.02.28-17.50.02:387][ 40]LogModuleManager: Shutting down and abandoning module KismetCompiler (184)
[2019.02.28-17.50.02:387][ 40]LogModuleManager: Shutting down and abandoning module MeshUtilities (182)
[2019.02.28-17.50.02:388][ 40]LogModuleManager: Shutting down and abandoning module MeshMergeUtilities (181)
[2019.02.28-17.50.02:389][ 40]LogModuleManager: Shutting down and abandoning module MeshReductionInterface (180)
[2019.02.28-17.50.02:389][ 40]LogModuleManager: Shutting down and abandoning module SimplygonSwarm (179)
[2019.02.28-17.50.02:389][ 40]LogModuleManager: Shutting down and abandoning module ProxyLODMeshReduction (177)
[2019.02.28-17.50.02:390][ 40]LogModuleManager: Shutting down and abandoning module SimplygonMeshReduction (175)
[2019.02.28-17.50.02:390][ 40]LogModuleManager: Shutting down and abandoning module QuadricMeshReduction (173)
[2019.02.28-17.50.02:391][ 40]LogModuleManager: Shutting down and abandoning module MaterialBaking (169)
[2019.02.28-17.50.02:391][ 40]LogModuleManager: Shutting down and abandoning module DirectoryWatcher (165)
[2019.02.28-17.50.02:391][ 40]LogModuleManager: Shutting down and abandoning module DerivedDataCache (162)
[2019.02.28-17.50.02:410][ 40]LogDerivedDataCache: Shutdown
[2019.02.28-17.50.02:411][ 40]LogModuleManager: Shutting down and abandoning module XGEController (160)
[2019.02.28-17.50.02:411][ 40]LogModuleManager: Shutting down and abandoning module TargetPlatform (158)
[2019.02.28-17.50.02:411][ 40]LogModuleManager: Shutting down and abandoning module VulkanShaderFormat (157)
[2019.02.28-17.50.02:411][ 40]LogModuleManager: Shutting down and abandoning module ShaderFormatVectorVM (155)
[2019.02.28-17.50.02:412][ 40]LogModuleManager: Shutting down and abandoning module ShaderFormatOpenGL (153)
[2019.02.28-17.50.02:412][ 40]LogModuleManager: Shutting down and abandoning module ShaderFormatD3D (151)
[2019.02.28-17.50.02:412][ 40]LogModuleManager: Shutting down and abandoning module MetalShaderFormat (149)
[2019.02.28-17.50.02:413][ 40]LogModuleManager: Shutting down and abandoning module TextureFormatUncompressed (147)
[2019.02.28-17.50.02:413][ 40]LogModuleManager: Shutting down and abandoning module TextureFormatPVR (145)
[2019.02.28-17.50.02:413][ 40]LogModuleManager: Shutting down and abandoning module TextureFormatDXT (143)
[2019.02.28-17.50.02:413][ 40]LogModuleManager: Shutting down and abandoning module TextureFormatIntelISPCTexComp (141)
[2019.02.28-17.50.02:414][ 40]LogModuleManager: Shutting down and abandoning module TextureFormatASTC (139)
[2019.02.28-17.50.02:414][ 40]LogModuleManager: Shutting down and abandoning module ImageWrapper (138)
[2019.02.28-17.50.02:414][ 40]LogModuleManager: Shutting down and abandoning module TextureFormatAndroid (135)
[2019.02.28-17.50.02:414][ 40]LogModuleManager: Shutting down and abandoning module AudioFormatOpus (133)
[2019.02.28-17.50.02:414][ 40]LogModuleManager: Shutting down and abandoning module AudioFormatOgg (131)
[2019.02.28-17.50.02:414][ 40]LogModuleManager: Shutting down and abandoning module AudioFormatADPCM (129)
[2019.02.28-17.50.02:414][ 40]LogModuleManager: Shutting down and abandoning module LuminTargetPlatform (127)
[2019.02.28-17.50.02:414][ 40]LogModuleManager: Shutting down and abandoning module LinuxTargetPlatform (125)
[2019.02.28-17.50.02:414][ 40]LogModuleManager: Shutting down and abandoning module LinuxServerTargetPlatform (123)
[2019.02.28-17.50.02:414][ 40]LogModuleManager: Shutting down and abandoning module LinuxNoEditorTargetPlatform (121)
[2019.02.28-17.50.02:414][ 40]LogModuleManager: Shutting down and abandoning module LinuxClientTargetPlatform (119)
[2019.02.28-17.50.02:414][ 40]LogModuleManager: Shutting down and abandoning module TVOSTargetPlatform (117)
[2019.02.28-17.50.02:415][ 40]LogModuleManager: Shutting down and abandoning module Messaging (115)
[2019.02.28-17.50.02:415][ 40]LogModuleManager: Shutting down and abandoning module IOSTargetPlatform (113)
[2019.02.28-17.50.02:416][ 40]LogModuleManager: Shutting down and abandoning module HTML5TargetPlatform (111)
[2019.02.28-17.50.02:416][ 40]LogModuleManager: Shutting down and abandoning module AndroidTargetPlatform (109)
[2019.02.28-17.50.02:425][ 40]LogModuleManager: Shutting down and abandoning module WindowsTargetPlatform (107)
[2019.02.28-17.50.02:425][ 40]LogModuleManager: Shutting down and abandoning module WindowsServerTargetPlatform (105)
[2019.02.28-17.50.02:425][ 40]LogModuleManager: Shutting down and abandoning module WindowsNoEditorTargetPlatform (103)
[2019.02.28-17.50.02:425][ 40]LogModuleManager: Shutting down and abandoning module WindowsClientTargetPlatform (101)
[2019.02.28-17.50.02:425][ 40]LogModuleManager: Shutting down and abandoning module MacTargetPlatform (99)
[2019.02.28-17.50.02:425][ 40]LogModuleManager: Shutting down and abandoning module MacServerTargetPlatform (97)
[2019.02.28-17.50.02:425][ 40]LogModuleManager: Shutting down and abandoning module MacNoEditorTargetPlatform (95)
[2019.02.28-17.50.02:425][ 40]LogModuleManager: Shutting down and abandoning module MacClientTargetPlatform (93)
[2019.02.28-17.50.02:425][ 40]LogModuleManager: Shutting down and abandoning module AllDesktopTargetPlatform (91)
[2019.02.28-17.50.02:425][ 40]LogModuleManager: Shutting down and abandoning module InputCore (88)
[2019.02.28-17.50.02:425][ 40]LogModuleManager: Shutting down and abandoning module Settings (86)
[2019.02.28-17.50.02:426][ 40]LogModuleManager: Shutting down and abandoning module PhysXCooking (84)
[2019.02.28-17.50.02:426][ 40]LogModuleManager: Shutting down and abandoning module SteamVR (82)
[2019.02.28-17.50.02:426][ 40]LogModuleManager: Shutting down and abandoning module OculusHMD (80)
[2019.02.28-17.50.02:426][ 40]LogModuleManager: Shutting down and abandoning module ExampleDeviceProfileSelector (78)
[2019.02.28-17.50.02:426][ 40]LogModuleManager: Shutting down and abandoning module LauncherChunkInstaller (76)
[2019.02.28-17.50.02:426][ 40]LogModuleManager: Shutting down and abandoning module OnlineBlueprintSupport (74)
[2019.02.28-17.50.02:426][ 40]LogModuleManager: Shutting down and abandoning module OnlineSubsystem (70)
[2019.02.28-17.50.02:428][ 40]LogModuleManager: Shutting down and abandoning module XMPP (65)
[2019.02.28-17.50.02:429][ 40]LogModuleManager: Shutting down and abandoning module WebSockets (64)
[2019.02.28-17.50.02:460][ 40]LogModuleManager: Shutting down and abandoning module HTTP (61)
[2019.02.28-17.50.02:461][ 40]LogHttp: Display: Http module shutting down, but needs to wait on 1 outstanding Http requests:
[2019.02.28-17.50.02:461][ 40]LogHttp: Display: 	verb=[POST] url=[https://datarouter.ol.epicgames.com/datarouter/api/v1/public/data?SessionID=%7BE04A3501-4040-DA8C-945C-F6A56248DF60%7D&AppID=UEEditor.Rocket.Release&AppVersion=4.20.3-4369336%2B%2B%2BUE4%2BRelease-4.20&UserID=f28b38224048ae6d71b99d94a0b0c68e%7C8ae81fff8fc647328846e802f56b3813%7C69671319-ccc5-41ad-8e29-56f0e3d8c4e1&AppEnvironment=datacollector-binary&UploadType=eteventstream] status=Processing
[2019.02.28-17.50.02:491][ 40]LogModuleManager: Shutting down and abandoning module SSL (60)
[2019.02.28-17.50.02:492][ 40]LogModuleManager: Shutting down and abandoning module MagicLeapEmulator (56)
[2019.02.28-17.50.02:492][ 40]LogModuleManager: Shutting down and abandoning module MagicLeapPrivileges (54)
[2019.02.28-17.50.02:492][ 40]LogModuleManager: Shutting down and abandoning module MagicLeapIdentity (52)
[2019.02.28-17.50.02:492][ 40]LogModuleManager: Shutting down and abandoning module MagicLeapHelperVulkan (50)
[2019.02.28-17.50.02:492][ 40]LogModuleManager: Shutting down and abandoning module MagicLeapHelperOpenGL (48)
[2019.02.28-17.50.02:493][ 40]LogModuleManager: Shutting down and abandoning module MagicLeapSecureStorage (46)
[2019.02.28-17.50.02:493][ 40]LogModuleManager: Shutting down and abandoning module MagicLeapGestures (44)
[2019.02.28-17.50.02:493][ 40]LogModuleManager: Shutting down and abandoning module MagicLeapEyeTracker (42)
[2019.02.28-17.50.02:493][ 40]LogModuleManager: Shutting down and abandoning module MagicLeapController (40)
[2019.02.28-17.50.02:493][ 40]LogSlate: Slate User Destroyed.  User Index 0, Is Virtual User: 0
[2019.02.28-17.50.02:493][ 40]LogModuleManager: Shutting down and abandoning module MagicLeap (38)
[2019.02.28-17.50.02:493][ 40]LogModuleManager: Shutting down and abandoning module AnimationModifiers (36)
[2019.02.28-17.50.02:494][ 40]LogModuleManager: Shutting down and abandoning module PropertyEditor (35)
[2019.02.28-17.50.02:494][ 40]LogModuleManager: Shutting down and abandoning module AudioEditor (32)
[2019.02.28-17.50.02:495][ 40]LogModuleManager: Shutting down and abandoning module TextureCompressor (30)
[2019.02.28-17.50.02:497][ 40]LogModuleManager: Shutting down and abandoning module ShaderCore (28)
[2019.02.28-17.50.02:497][ 40]LogModuleManager: Shutting down and abandoning module Landscape (26)
[2019.02.28-17.50.02:497][ 40]LogModuleManager: Shutting down and abandoning module SlateRHIRenderer (24)
[2019.02.28-17.50.02:498][ 40]LogModuleManager: Shutting down and abandoning module OpenGLDrv (22)
[2019.02.28-17.50.02:498][ 40]LogModuleManager: Shutting down and abandoning module D3D11RHI (20)
[2019.02.28-17.50.02:498][ 40]LogModuleManager: Shutting down and abandoning module AnimGraphRuntime (18)
[2019.02.28-17.50.02:498][ 40]LogModuleManager: Shutting down and abandoning module Renderer (16)
[2019.02.28-17.50.02:498][ 40]LogModuleManager: Shutting down and abandoning module Engine (14)
[2019.02.28-17.50.02:498][ 40]LogModuleManager: Shutting down and abandoning module CoreUObject (12)
[2019.02.28-17.50.02:498][ 40]LogModuleManager: Shutting down and abandoning module NetworkFile (10)
[2019.02.28-17.50.02:499][ 40]LogModuleManager: Shutting down and abandoning module CookedIterativeFile (8)
[2019.02.28-17.50.02:499][ 40]LogModuleManager: Shutting down and abandoning module StreamingFile (6)
[2019.02.28-17.50.02:499][ 40]LogModuleManager: Shutting down and abandoning module SandboxFile (4)
[2019.02.28-17.50.02:499][ 40]LogModuleManager: Shutting down and abandoning module PakFile (2)
[2019.02.28-17.50.02:510][ 40]LogExit: Exiting.
[2019.02.28-17.50.02:515][ 40]Log file closed, 02/28/19 12:50:02
