Log file open, 02/28/19 12:38:34
LogWindows: Failed to load 'aqProf.dll' (GetLastError=126)
LogWindows: File 'aqProf.dll' does not exist
LogWindows: Failed to load 'VSPerf140.dll' (GetLastError=126)
LogWindows: File 'VSPerf140.dll' does not exist
LogWindows: Failed to load 'VtuneApi.dll' (GetLastError=126)
LogWindows: File 'VtuneApi.dll' does not exist
LogWindows: Failed to load 'VtuneApi32e.dll' (GetLastError=126)
LogWindows: File 'VtuneApi32e.dll' does not exist
LogInit: Display: Running engine for game: VehicleMovement
LogPlatformFile: Not using cached read wrapper
LogTaskGraph: Started task graph with 5 named threads and 23 total threads with 3 sets of task threads.
LogStats: Stats thread started at 0.629092
LogD3D11RHI: Loaded GFSDK_Aftermath_Lib.x64.dll
LogICUInternationalization: Display: ICU TimeZone Detection - Raw Offset: -5:00, Platform Override: ''
LogPluginManager: Mounting plugin Paper2D
LogPluginManager: Mounting plugin AISupport
LogPluginManager: Mounting plugin LightPropagationVolume
LogPluginManager: Mounting plugin CLionSourceCodeAccess
LogPluginManager: Mounting plugin CodeLiteSourceCodeAccess
LogPluginManager: Mounting plugin GitSourceControl
LogPluginManager: Mounting plugin KDevelopSourceCodeAccess
LogPluginManager: Mounting plugin NullSourceCodeAccess
LogPluginManager: Mounting plugin PerforceSourceControl
LogPluginManager: Mounting plugin SubversionSourceControl
LogPluginManager: Mounting plugin UObjectPlugin
LogPluginManager: Mounting plugin VisualStudioCodeSourceCodeAccess
LogPluginManager: Mounting plugin VisualStudioSourceCodeAccess
LogPluginManager: Mounting plugin XCodeSourceCodeAccess
LogPluginManager: Mounting plugin AssetManagerEditor
LogPluginManager: Mounting plugin CryptoKeys
LogPluginManager: Mounting plugin DataValidation
LogPluginManager: Mounting plugin FacialAnimation
LogPluginManager: Mounting plugin GameplayTagsEditor
LogPluginManager: Mounting plugin MacGraphicsSwitching
LogPluginManager: Mounting plugin MeshEditor
LogPluginManager: Mounting plugin MobileLauncherProfileWizard
LogPluginManager: Mounting plugin PluginBrowser
LogPluginManager: Mounting plugin SpeedTreeImporter
LogPluginManager: Mounting plugin DatasmithContent
LogPluginManager: Mounting plugin AlembicImporter
LogPluginManager: Mounting plugin AppleImageUtils
LogPluginManager: Mounting plugin AppleVision
LogPluginManager: Mounting plugin BackChannel
LogPluginManager: Mounting plugin CharacterAI
LogPluginManager: Mounting plugin GeometryCache
LogPluginManager: Mounting plugin HTML5Networking
LogPluginManager: Mounting plugin ProxyLODPlugin
LogPluginManager: Mounting plugin RawInput
LogPluginManager: Mounting plugin MagicLeap
LogPluginManager: Mounting plugin MagicLeapEmulator
LogPluginManager: Mounting plugin MagicLeapMedia
LogPluginManager: Mounting plugin AndroidMedia
LogPluginManager: Mounting plugin AvfMedia
LogPluginManager: Mounting plugin ImgMedia
LogPluginManager: Mounting plugin LinearTimecode
LogPluginManager: Mounting plugin MediaCompositing
LogPluginManager: Mounting plugin MediaPlayerEditor
LogPluginManager: Mounting plugin WmfMedia
LogPluginManager: Mounting plugin TcpMessaging
LogPluginManager: Mounting plugin UdpMessaging
LogPluginManager: Mounting plugin ActorSequence
LogPluginManager: Mounting plugin LevelSequenceEditor
LogPluginManager: Mounting plugin MatineeToLevelSequence
LogPluginManager: Mounting plugin NetcodeUnitTest
LogPluginManager: Mounting plugin NUTUnrealEngine4
LogPluginManager: Mounting plugin OnlineSubsystemGooglePlay
LogPluginManager: Mounting plugin OnlineSubsystemIOS
LogPluginManager: Mounting plugin OnlineSubsystem
LogPluginManager: Mounting plugin OnlineSubsystemNull
LogPluginManager: Mounting plugin OnlineSubsystemUtils
LogPluginManager: Mounting plugin LauncherChunkInstaller
LogPluginManager: Mounting plugin AndroidDeviceProfileSelector
LogPluginManager: Mounting plugin AndroidMoviePlayer
LogPluginManager: Mounting plugin AndroidPermission
LogPluginManager: Mounting plugin AppleMoviePlayer
LogPluginManager: Mounting plugin ArchVisCharacter
LogPluginManager: Mounting plugin AudioCapture
LogPluginManager: Mounting plugin CableComponent
LogPluginManager: Mounting plugin CustomMeshComponent
LogPluginManager: Mounting plugin EditableMesh
LogPluginManager: Mounting plugin ExampleDeviceProfileSelector
LogPluginManager: Mounting plugin GoogleCloudMessaging
LogPluginManager: Mounting plugin ImmediatePhysics
LogPluginManager: Mounting plugin IOSDeviceProfileSelector
LogPluginManager: Mounting plugin LinuxDeviceProfileSelector
LogPluginManager: Mounting plugin LocationServicesBPLibrary
LogPluginManager: Mounting plugin MobilePatchingUtils
LogPluginManager: Mounting plugin OculusVR
LogPluginManager: Plugin shader directory ../../../Engine/Plugins/Runtime/Oculus/OculusVR/Shaders found
LogPluginManager: Mapping shader source directory ../../../Engine/Plugins/Runtime/Oculus/OculusVR/Shaders to virtual directory /Plugin/OculusVR
LogPluginManager: Mounting plugin PhysXVehicles
LogPluginManager: Mounting plugin ProceduralMeshComponent
LogPluginManager: Mounting plugin RuntimePhysXCooking
LogPluginManager: Mounting plugin SteamVR
LogPluginManager: Mounting plugin WindowsMoviePlayer
LogStreaming: Display: Took  0.323s to configure plugins.
LogInit: Using libcurl 7.55.1-DEV
LogInit:  - built for x86_64-pc-win32
LogInit:  - supports SSL with OpenSSL/1.0.2h
LogInit:  - supports HTTP deflate (compression) using libz 1.2.8
LogInit:  - other features:
LogInit:      CURL_VERSION_SSL
LogInit:      CURL_VERSION_LIBZ
LogInit:      CURL_VERSION_IPV6
LogInit:      CURL_VERSION_ASYNCHDNS
LogInit:      CURL_VERSION_LARGEFILE
LogInit:      CURL_VERSION_IDN
LogInit:  CurlRequestOptions (configurable via config and command line):
LogInit:  - bVerifyPeer = false  - Libcurl will NOT verify peer certificate
LogInit:  - bUseHttpProxy = false  - Libcurl will NOT use HTTP proxy
LogInit:  - bDontReuseConnections = false  - Libcurl will reuse connections
LogInit:  - CertBundlePath = nullptr  - Libcurl will use whatever was configured at build time.
LogInit:  - MaxHostConnections = 16  - Libcurl will limit the number of connections to a host
LogInit:  - LocalHostAddr = Default
LogInit:  - BufferSize = 65536
LogInit: WinSock: version 1.1 (2.2), MaxSocks=32767, MaxUdp=65467
LogInit: Build: ++UE4+Release-4.20-CL-4369336
LogInit: Engine Version: 4.20.3-4369336+++UE4+Release-4.20
LogInit: Compatible Engine Version: 4.20.0-4212847+++UE4+Release-4.20
LogInit: Net CL: 4212847
LogInit: OS: Windows 10 (), CPU: Intel(R) Core(TM) i7-7700HQ CPU @ 2.80GHz, GPU: NVIDIA GeForce GTX 1060
LogInit: Compiled (64-bit): Sep 17 2018 12:26:19
LogInit: Compiled with Visual C++: 19.13.26129.00
LogInit: Build Configuration: Development
LogInit: Branch Name: ++UE4+Release-4.20
LogInit: Command Line:  -skipcompile
LogInit: Base Directory: C:/Program Files/Epic Games/UE_4.20/Engine/Binaries/Win64/
LogInit: Installed Engine Build: 1
LogDevObjectVersion: Number of dev versions registered: 20
LogDevObjectVersion:   Dev-Blueprints (B0D832E4-1F89-4F0D-ACCF-7EB736FD4AA2): 10
LogDevObjectVersion:   Dev-Build (E1C64328-A22C-4D53-A36C-8E866417BD8C): 0
LogDevObjectVersion:   Dev-Core (375EC13C-06E4-48FB-B500-84F0262A717E): 2
LogDevObjectVersion:   Dev-Editor (E4B068ED-F494-42E9-A231-DA0B2E46BB41): 24
LogDevObjectVersion:   Dev-Framework (CFFC743F-43B0-4480-9391-14DF171D2073): 34
LogDevObjectVersion:   Dev-Mobile (B02B49B5-BB20-44E9-A304-32B752E40360): 2
LogDevObjectVersion:   Dev-Networking (A4E4105C-59A1-49B5-A7C5-40C4547EDFEE): 0
LogDevObjectVersion:   Dev-Online (39C831C9-5AE6-47DC-9A44-9C173E1C8E7C): 0
LogDevObjectVersion:   Dev-Physics (78F01B33-EBEA-4F98-B9B4-84EACCB95AA2): 0
LogDevObjectVersion:   Dev-Platform (6631380F-2D4D-43E0-8009-CF276956A95A): 0
LogDevObjectVersion:   Dev-Rendering (12F88B9F-8875-4AFC-A67C-D90C383ABD29): 26
LogDevObjectVersion:   Dev-Sequencer (7B5AE74C-D270-4C10-A958-57980B212A5A): 9
LogDevObjectVersion:   Dev-VR (D7296918-1DD6-4BDD-9DE2-64A83CC13884): 2
LogDevObjectVersion:   Dev-LoadTimes (C2A15278-BFE7-4AFE-6C17-90FF531DF755): 1
LogDevObjectVersion:   Private-Geometry (6EACA3D4-40EC-4CC1-B786-8BED09428FC5): 3
LogDevObjectVersion:   Dev-AnimPhys (29E575DD-E0A3-4627-9D10-D276232CDCEA): 17
LogDevObjectVersion:   Dev-ReflectionCapture (6B266CEC-1EC7-4B8F-A30B-E4D90942FC07): 1
LogDevObjectVersion:   Dev-Automation (0DF73D61-A23F-47EA-B727-89E90C41499A): 1
LogDevObjectVersion:   FortniteMain (601D1886-AC64-4F84-AA16-D3DE0DEAC7D6): 12
LogDevObjectVersion:   Dev-Enterprise (9DFFBCD6-494F-0158-E221-12823C92A888): 1
LogStreaming: Display: Took  0.003s to delete old logs.
LogInit: Presizing for max 8388607 objects, including 0 objects not considered by GC, pre-allocating 0 bytes for permanent pool.
LogInit: Object subsystem initialized
[2019.02.28-17.38.34:980][  0]LogInit: Selected Device Profile: [Windows]
[2019.02.28-17.38.34:981][  0]LogInit: Applying CVar settings loaded from the selected device profile: [Windows]
[2019.02.28-17.38.35:019][  0]LogHAL: Display: Platform has ~ 8 GB [8540868608 / 8589934592 / 8], which maps to Default [LargestMinGB=32, LargerMinGB=12, DefaultMinGB=8, SmallerMinGB=6, SmallestMinGB=0)
[2019.02.28-17.38.35:021][  0]LogInit: Setting Device Profile CVar: [[r.Vulkan.UseRealUBs:1]]
[2019.02.28-17.38.35:022][  0]LogInit: Going up to parent DeviceProfile []
[2019.02.28-17.38.35:022][  0]LogInit: Computer: DESKTOP-0RT9JLV
[2019.02.28-17.38.35:023][  0]LogInit: User: sufus
[2019.02.28-17.38.35:023][  0]LogInit: CPU Page size=4096, Cores=4
[2019.02.28-17.38.35:023][  0]LogInit: High frequency timer resolution =10.000000 MHz
[2019.02.28-17.38.35:024][  0]LogMemory: Memory total: Physical=8.0GB (8GB approx)
[2019.02.28-17.38.35:024][  0]LogMemory: Platform Memory Stats for Windows
[2019.02.28-17.38.35:024][  0]LogMemory: Process Physical Memory: 101.95 MB used, 101.95 MB peak
[2019.02.28-17.38.35:024][  0]LogMemory: Process Virtual Memory: 89.32 MB used, 89.32 MB peak
[2019.02.28-17.38.35:024][  0]LogMemory: Physical Memory: 6624.05 MB used,  1521.16 MB free, 8145.21 MB total
[2019.02.28-17.38.35:024][  0]LogMemory: Virtual Memory: 4641.06 MB used,  1521.16 MB free, 134217728.00 MB total
[2019.02.28-17.38.35:509][  0]LogInit: Using OS detected language (en-US).
[2019.02.28-17.38.35:509][  0]LogInit: Using OS detected locale (en-CA).
[2019.02.28-17.38.35:513][  0]LogTextLocalizationManager: No specific localization for 'en-US' exists, so the 'en' localization will be used.
[2019.02.28-17.38.36:013][  0]LogStreaming: Display: Took  0.504s to InitEngineTextLocalization.
[2019.02.28-17.38.36:014][  0]LogInit: Setting process to per monitor DPI aware
[2019.02.28-17.38.36:189][  0]LogSlate: New Slate User Created.  User Index 0, Is Virtual User: 0
[2019.02.28-17.38.36:189][  0]LogSlate: Slate User Registered.  User Index 0, Is Virtual User: 0
[2019.02.28-17.38.39:277][  0]LogHMD: Failed to initialize OpenVR with code 110
[2019.02.28-17.38.39:278][  0]LogD3D11RHI: D3D11 adapters:
[2019.02.28-17.38.40:045][  0]LogD3D11RHI:    0. 'NVIDIA GeForce GTX 1060' (Feature Level 11_0)
[2019.02.28-17.38.40:045][  0]LogD3D11RHI:       6100/0/4072 MB DedicatedVideo/DedicatedSystem/SharedSystem, Outputs:1, VendorId:0x10de
[2019.02.28-17.38.40:058][  0]LogD3D11RHI:    1. 'Microsoft Basic Render Driver' (Feature Level 11_0)
[2019.02.28-17.38.40:058][  0]LogD3D11RHI:       0/0/4072 MB DedicatedVideo/DedicatedSystem/SharedSystem, Outputs:0, VendorId:0x1414
[2019.02.28-17.38.40:058][  0]LogD3D11RHI: Chosen D3D11 Adapter: 0
[2019.02.28-17.38.40:070][  0]LogD3D11RHI: Creating new Direct3DDevice
[2019.02.28-17.38.40:071][  0]LogD3D11RHI:     GPU DeviceId: 0x1c20 (for the marketing name, search the web for "GPU Device Id")
[2019.02.28-17.38.40:071][  0]LogWindows: EnumDisplayDevices:
[2019.02.28-17.38.40:071][  0]LogWindows:    0. 'NVIDIA GeForce GTX 1060' (P:1 D:1)
[2019.02.28-17.38.40:072][  0]LogWindows:    1. 'NVIDIA GeForce GTX 1060' (P:0 D:0)
[2019.02.28-17.38.40:073][  0]LogWindows:    2. 'NVIDIA GeForce GTX 1060' (P:0 D:0)
[2019.02.28-17.38.40:074][  0]LogWindows:    3. 'NVIDIA GeForce GTX 1060' (P:0 D:0)
[2019.02.28-17.38.40:074][  0]LogWindows: DebugString: FoundDriverCount:4 
[2019.02.28-17.38.40:075][  0]LogD3D11RHI:     Adapter Name: NVIDIA GeForce GTX 1060
[2019.02.28-17.38.40:075][  0]LogD3D11RHI:   Driver Version: 376.06 (internal:21.21.13.7606, unified:376.06)
[2019.02.28-17.38.40:075][  0]LogD3D11RHI:      Driver Date: 11-23-2016
[2019.02.28-17.38.40:075][  0]LogRHI: Texture pool is 4270 MB (70% of 6100 MB)
[2019.02.28-17.38.40:767][  0]LogD3D11RHI: Async texture creation enabled
[2019.02.28-17.38.40:899][  0]LogD3D11RHI: GPU Timing Frequency: 1000.000000 (Debug: 2 1)
[2019.02.28-17.38.40:950][  0]LogShaderCompilers: Guid format shader working directory is -56 characters bigger than the processId version (D:/Humber/Semester 4/Game 260_Game Production/RacingGame/Game260Development/Resources/VehicleMovement/Intermediate/Shaders/WorkingDirectory/12704/).
[2019.02.28-17.38.40:951][  0]LogShaderCompilers: Cleaned the shader compiler working directory 'C:/Users/sufus/AppData/Local/Temp/UnrealShaderWorkingDir/25578BD543AAE862C1C707B51092A183/'.
[2019.02.28-17.38.41:416][  0]LogTemp: Display: Loaded TP AllDesktopTargetPlatform
[2019.02.28-17.38.41:437][  0]LogTemp: Display: Loaded TP MacClientTargetPlatform
[2019.02.28-17.38.41:462][  0]LogTemp: Display: Loaded TP MacNoEditorTargetPlatform
[2019.02.28-17.38.41:484][  0]LogTemp: Display: Loaded TP MacServerTargetPlatform
[2019.02.28-17.38.41:514][  0]LogTemp: Display: Loaded TP MacTargetPlatform
[2019.02.28-17.38.41:536][  0]LogTemp: Display: Loaded TP WindowsClientTargetPlatform
[2019.02.28-17.38.41:560][  0]LogTemp: Display: Loaded TP WindowsNoEditorTargetPlatform
[2019.02.28-17.38.41:582][  0]LogTemp: Display: Loaded TP WindowsServerTargetPlatform
[2019.02.28-17.38.41:598][  0]LogTemp: Display: Loaded TP WindowsTargetPlatform
[2019.02.28-17.38.41:708][  0]LogTemp: Display: Loaded TP AndroidTargetPlatform
[2019.02.28-17.38.41:708][  0]LogTemp: Display: Loaded TP AndroidTargetPlatform
[2019.02.28-17.38.41:709][  0]LogTemp: Display: Loaded TP AndroidTargetPlatform
[2019.02.28-17.38.41:709][  0]LogTemp: Display: Loaded TP AndroidTargetPlatform
[2019.02.28-17.38.41:709][  0]LogTemp: Display: Loaded TP AndroidTargetPlatform
[2019.02.28-17.38.41:709][  0]LogTemp: Display: Loaded TP AndroidTargetPlatform
[2019.02.28-17.38.41:709][  0]LogTemp: Display: Loaded TP AndroidTargetPlatform
[2019.02.28-17.38.41:709][  0]LogTemp: Display: Loaded TP AndroidTargetPlatform
[2019.02.28-17.38.41:709][  0]LogTemp: Display: Loaded TP AndroidTargetPlatform
[2019.02.28-17.38.41:709][  0]LogTemp: Display: Loaded TP AndroidTargetPlatform
[2019.02.28-17.38.41:709][  0]LogTemp: Display: Loaded TP AndroidTargetPlatform
[2019.02.28-17.38.41:709][  0]LogTemp: Display: Loaded TP AndroidTargetPlatform
[2019.02.28-17.38.41:709][  0]LogTemp: Display: Loaded TP AndroidTargetPlatform
[2019.02.28-17.38.41:710][  0]LogTemp: Display: Loaded TP AndroidTargetPlatform
[2019.02.28-17.38.41:710][  0]LogTemp: Display: Loaded TP AndroidTargetPlatform
[2019.02.28-17.38.41:710][  0]LogTemp: Display: Loaded TP AndroidTargetPlatform
[2019.02.28-17.38.41:710][  0]LogTemp: Display: Loaded TP AndroidTargetPlatform
[2019.02.28-17.38.41:710][  0]LogTemp: Display: Loaded TP AndroidTargetPlatform
[2019.02.28-17.38.41:719][  0]LogTemp: Display: Loaded TP HTML5TargetPlatform
[2019.02.28-17.38.41:824][  0]LogTemp: Display: Loaded TP IOSTargetPlatform
[2019.02.28-17.38.41:824][  0]LogTemp: Display: Loaded TP IOSTargetPlatform
[2019.02.28-17.38.41:859][  0]LogTemp: Display: Loaded TP TVOSTargetPlatform
[2019.02.28-17.38.41:859][  0]LogTemp: Display: Loaded TP TVOSTargetPlatform
[2019.02.28-17.38.41:881][  0]LogTemp: Display: Loaded TP LinuxClientTargetPlatform
[2019.02.28-17.38.41:901][  0]LogTemp: Display: Loaded TP LinuxNoEditorTargetPlatform
[2019.02.28-17.38.41:924][  0]LogTemp: Display: Loaded TP LinuxServerTargetPlatform
[2019.02.28-17.38.41:955][  0]LogTemp: Display: Loaded TP LinuxTargetPlatform
[2019.02.28-17.38.41:971][  0]LogTemp: Display: Loaded TP LuminTargetPlatform
[2019.02.28-17.38.41:972][  0]LogTargetPlatformManager: Display: Building Assets For Windows
[2019.02.28-17.38.42:263][  0]LogXGEController: Cleaning working directory: C:/Users/sufus/AppData/Local/Temp/UnrealXGEWorkingDir/
[2019.02.28-17.38.42:264][  0]LogXGEController: Cannot use XGE Controller as Incredibuild is not installed on this machine.
[2019.02.28-17.38.42:264][  0]LogShaderCompilers: Cannot use XGE Shader Compiler as Incredibuild is not installed on this machine.
[2019.02.28-17.38.42:264][  0]LogShaderCompilers: Display: Using Local Shader Compiler.
[2019.02.28-17.38.44:592][  0]LogDerivedDataCache: Display: Max Cache Size: 512 MB
[2019.02.28-17.38.44:890][  0]LogDerivedDataCache: Loaded boot cache 0.30s 73MB C:/Users/sufus/AppData/Local/UnrealEngine/4.20/DerivedDataCache/Boot.ddc.
[2019.02.28-17.38.44:891][  0]LogDerivedDataCache: Display: Loaded Boot cache: C:/Users/sufus/AppData/Local/UnrealEngine/4.20/DerivedDataCache/Boot.ddc
[2019.02.28-17.38.44:891][  0]LogDerivedDataCache: FDerivedDataBackendGraph:  Pak pak cache file D:/Humber/Semester 4/Game 260_Game Production/RacingGame/Game260Development/Resources/VehicleMovement/DerivedDataCache/DDC.ddp not found, will not use a pak cache.
[2019.02.28-17.38.44:891][  0]LogDerivedDataCache: Unable to find inner node Pak for hierarchical cache Hierarchy.
[2019.02.28-17.38.44:892][  0]LogDerivedDataCache: FDerivedDataBackendGraph:  CompressedPak pak cache file D:/Humber/Semester 4/Game 260_Game Production/RacingGame/Game260Development/Resources/VehicleMovement/DerivedDataCache/Compressed.ddp not found, will not use a pak cache.
[2019.02.28-17.38.44:892][  0]LogDerivedDataCache: Unable to find inner node CompressedPak for hierarchical cache Hierarchy.
[2019.02.28-17.38.44:921][  0]LogDerivedDataCache: Display: Pak cache opened for reading ../../../Engine/DerivedDataCache/Compressed.ddp.
[2019.02.28-17.38.44:938][  0]LogDerivedDataCache: Using Local data cache path C:/Users/sufus/AppData/Local/UnrealEngine/Common/DerivedDataCache: Writable
[2019.02.28-17.38.44:939][  0]LogDerivedDataCache: Shared data cache path not found in *engine.ini, will not use an Shared cache.
[2019.02.28-17.38.44:939][  0]LogDerivedDataCache: Unable to find inner node Shared for hierarchical cache Hierarchy.
[2019.02.28-17.38.44:964][  0]LogMaterial: Verifying Global Shaders for PCD3D_SM5
[2019.02.28-17.38.44:966][  0]LogSlate: Using FreeType 2.6.0
[2019.02.28-17.38.44:988][  0]LogSlate: SlateFontServices - WITH_FREETYPE: 1, WITH_HARFBUZZ: 1
[2019.02.28-17.38.45:321][  0]LogAssetRegistry: FAssetRegistry took 0.0326 seconds to start up
[2019.02.28-17.38.45:859][  0]LogInit: Selected Device Profile: [Windows]
[2019.02.28-17.38.46:280][  0]LogSimplygon: Simplygon DLL not present - disabling.
[2019.02.28-17.38.46:310][  0]LogMeshReduction: Using SimplygonSwarm for distributed automatic mesh merging
[2019.02.28-17.38.46:310][  0]LogMeshReduction: Using ProxyLODMeshReduction for automatic mesh merging
[2019.02.28-17.38.46:311][  0]LogMeshReduction: Using QuadricMeshReduction for automatic static mesh reduction
[2019.02.28-17.38.46:311][  0]LogMeshReduction: No automatic skeletal mesh reduction module available
[2019.02.28-17.38.46:388][  0]LogNetVersion: VehicleMovement 1.0.0, NetCL: 4212847, EngineNetVer: 5, GameNetVer: 0 (Checksum: 2966596176)
[2019.02.28-17.38.47:957][  0]LogPackageLocalizationCache: Processed 11 localized package path(s) for 2 prioritized culture(s) in 0.198325 seconds
[2019.02.28-17.38.47:965][  0]LogUObjectArray: 38425 objects as part of root set at end of initial load.
[2019.02.28-17.38.47:965][  0]LogUObjectAllocator: 6690864 out of 0 bytes used by permanent object pool.
[2019.02.28-17.38.47:965][  0]LogUObjectArray: CloseDisregardForGC: 0/0 objects in disregard for GC pool
[2019.02.28-17.38.53:900][  0]LogTcpMessaging: Initializing TcpMessaging bridge
[2019.02.28-17.38.53:925][  0]LogUdpMessaging: Initializing bridge on interface 0.0.0.0:0 to multicast group 230.0.0.1:6666.
[2019.02.28-17.38.54:792][  0]SourceControl: Source control is disabled
[2019.02.28-17.38.54:793][  0]SourceControl: Source control is disabled
[2019.02.28-17.38.54:813][  0]SourceControl: Source control is disabled
[2019.02.28-17.38.54:826][  0]SourceControl: Source control is disabled
[2019.02.28-17.38.55:396][  0]LogAndroidPermission: UAndroidPermissionCallbackProxy::GetInstance
[2019.02.28-17.38.55:588][  0]LogOcInput: OculusInput pre-init called
[2019.02.28-17.38.55:739][  0]LogEngine: Initializing Engine...
[2019.02.28-17.38.55:744][  0]LogHMD: Failed to initialize OpenVR with code 110
[2019.02.28-17.38.55:746][  0]LogStats: UGameplayTagsManager::ConstructGameplayTagTree: ImportINI prefixes -  0.000 s
[2019.02.28-17.38.55:746][  0]LogStats: UGameplayTagsManager::ConstructGameplayTagTree: Construct from data asset -  0.000 s
[2019.02.28-17.38.55:746][  0]LogStats: UGameplayTagsManager::ConstructGameplayTagTree: ImportINI -  0.000 s
[2019.02.28-17.38.55:746][  0]LogStats: UGameplayTagsManager::ConstructGameplayTagTree: GameplayTagTreeChangedEvent.Broadcast -  0.000 s
[2019.02.28-17.38.56:253][  0]LogInit: Initializing FReadOnlyCVARCache
[2019.02.28-17.38.56:323][  0]LogAIModule: Creating AISystem for world Untitled
[2019.02.28-17.38.56:371][  0]LogInit: XAudio2 using 'Speakers (Realtek High Definition Audio)' : 2 channels at 48 kHz using 32 bits per sample (channel mask 0x3)
[2019.02.28-17.38.56:716][  0]LogInit: FAudioDevice initialized.
[2019.02.28-17.38.56:718][  0]LogNetVersion: Set ProjectVersion to 1.0.0.0. Version Checksum will be recalculated on next use.
[2019.02.28-17.38.56:803][  0]LogDerivedDataCache: Saved boot cache 0.08s 73MB C:/Users/sufus/AppData/Local/UnrealEngine/4.20/DerivedDataCache/Boot.ddc.
[2019.02.28-17.38.56:814][  0]LogInit: Texture streaming: Enabled
[2019.02.28-17.38.56:880][  0]LogEngineSessionManager: EngineSessionManager initialized
[2019.02.28-17.38.56:880][  0]LogEngineSessionManager: EngineSessionManager sent abnormal shutdown report. Type=Debugger, SessionId={99E89913-4C9A-49E6-FE3B-A3A59F5B3543}
[2019.02.28-17.38.56:909][  0]LogInit: Transaction tracking system initialized
[2019.02.28-17.38.57:010][  0]BlueprintLog: New page: Editor Load
[2019.02.28-17.38.57:349][  0]LocalizationService: Localization service is disabled
[2019.02.28-17.38.58:149][  0]LogCook: Display: Max memory allowance for cook 16384mb min free memory 0mb
[2019.02.28-17.38.58:149][  0]LogCook: Display: Mobile HDR setting 1
[2019.02.28-17.38.58:149][  0]LogGameplayTags: Display: UGameplayTagsManager::DoneAddingNativeTags. DelegateIsBound: 0
[2019.02.28-17.38.58:149][  0]LogStats: UGameplayTagsManager::ConstructGameplayTagTree: ImportINI prefixes -  0.000 s
[2019.02.28-17.38.58:149][  0]LogStats: UGameplayTagsManager::ConstructGameplayTagTree: Construct from data asset -  0.000 s
[2019.02.28-17.38.58:150][  0]LogStats: UGameplayTagsManager::ConstructGameplayTagTree: ImportINI -  0.000 s
[2019.02.28-17.38.58:150][  0]LogStats: UGameplayTagsManager::ConstructGameplayTagTree: GameplayTagTreeChangedEvent.Broadcast -  0.000 s
[2019.02.28-17.38.58:159][  0]LogFileCache: Scanning file cache for directory 'D:/Humber/Semester 4/Game 260_Game Production/RacingGame/Game260Development/Resources/VehicleMovement/Content/' took 0.02s
[2019.02.28-17.38.58:634][  0]SourceControl: Source control is disabled
[2019.02.28-17.38.58:696][  0]LightingResults: New page: Lighting Build
[2019.02.28-17.38.58:710][  0]MapCheck: New page: Map Check
[2019.02.28-17.38.58:710][  0]LightingResults: New page: Lighting Build
[2019.02.28-17.38.59:450][  0]LogAIModule: Creating AISystem for world VehicleExampleMap
[2019.02.28-17.38.59:533][  0]LogEditorServer: Finished looking for orphan Actors (0.000 secs)
[2019.02.28-17.38.59:563][  0]Cmd: MAP CHECKDEP NOCLEARLOG
[2019.02.28-17.38.59:680][  0]MapCheck: Map check complete: 0 Error(s), 0 Warning(s), took 116.235ms to complete.
[2019.02.28-17.38.59:680][  0]LogFileHelpers: Loading map 'VehicleExampleMap' took 1.046
[2019.02.28-17.38.59:906][  0]LogSlate: Updating window title bar state: overlay mode, drag disabled, window buttons hidden, title bar hidden
[2019.02.28-17.38.59:917][  0]LogSlate: Updating window title bar state: overlay mode, drag disabled, window buttons hidden, title bar hidden
[2019.02.28-17.38.59:927][  0]LogSlate: Updating window title bar state: overlay mode, drag disabled, window buttons hidden, title bar hidden
[2019.02.28-17.38.59:937][  0]LogSlate: Updating window title bar state: overlay mode, drag disabled, window buttons hidden, title bar hidden
[2019.02.28-17.38.59:970][  0]LogCollectionManager: Loaded 0 collections in 0.003941 seconds
[2019.02.28-17.39.00:059][  0]LogFileCache: Scanning file cache for directory 'D:/Humber/Semester 4/Game 260_Game Production/RacingGame/Game260Development/Resources/VehicleMovement/Saved/Collections/' took 0.01s
[2019.02.28-17.39.00:059][  0]LogFileCache: Scanning file cache for directory 'D:/Humber/Semester 4/Game 260_Game Production/RacingGame/Game260Development/Resources/VehicleMovement/Content/Developers/sufus/Collections/' took 0.01s
[2019.02.28-17.39.00:059][  0]LogFileCache: Scanning file cache for directory 'D:/Humber/Semester 4/Game 260_Game Production/RacingGame/Game260Development/Resources/VehicleMovement/Content/Collections/' took 0.02s
[2019.02.28-17.39.00:059][  0]LogCollectionManager: Rebuilt the GUID cache for 0 collections in 0.000000 seconds
[2019.02.28-17.39.00:076][  0]LogContentBrowser: Native class hierarchy populated in 0.0141 seconds. Added 2586 classes and 609 folders.
[2019.02.28-17.39.00:098][  0]LogContentBrowser: Native class hierarchy updated for 'WidgetCarousel' in 0.0009 seconds. Added 0 classes and 0 folders.
[2019.02.28-17.39.00:625][  0]LogContentBrowser: Native class hierarchy updated for 'AddContentDialog' in 0.0009 seconds. Added 0 classes and 0 folders.
[2019.02.28-17.39.00:651][  0]LogContentBrowser: Native class hierarchy updated for 'SceneOutliner' in 0.0010 seconds. Added 1 classes and 2 folders.
[2019.02.28-17.39.00:741][  0]LogContentBrowser: Native class hierarchy updated for 'HierarchicalLODOutliner' in 0.0010 seconds. Added 0 classes and 0 folders.
[2019.02.28-17.39.00:741][  0]LogLoad: (Engine Initialization) Total time: 30.17 seconds
[2019.02.28-17.39.00:741][  0]LogLoad: (Engine Initialization) Total Blueprint compile time: 0.00 seconds
[2019.02.28-17.39.00:770][  0]LogRawInputWindows: Warning: Found device 0 devices
[2019.02.28-17.39.00:771][  0]LogRawInputWindows: Warning: Found device 0 devices
[2019.02.28-17.39.00:771][  0]LogRawInputWindows: Warning: Device was registered succesfully but not connected (Usage:4 UsagePage:1)
[2019.02.28-17.39.00:772][  0]LogRawInputWindows: Warning: Found device 1 devices
[2019.02.28-17.39.00:772][  0]LogRawInputWindows: Warning: Device was registered succesfully but not connected (Usage:5 UsagePage:1)
[2019.02.28-17.39.00:805][  0]LogContentStreaming: Texture pool size now 1000 MB
[2019.02.28-17.39.00:821][  0]LogSlate: Took 0.007292 seconds to synchronously load lazily loaded font '../../../Engine/Content/Slate/Fonts/Roboto-Regular.ttf' (155K)
[2019.02.28-17.39.00:831][  0]LogSlate: Took 0.006485 seconds to synchronously load lazily loaded font '../../../Engine/Content/Slate/Fonts/Roboto-Bold.ttf' (160K)
[2019.02.28-17.39.00:840][  0]LogSlate: Took 0.006377 seconds to synchronously load lazily loaded font '../../../Engine/Content/Editor/Slate/Fonts/FontAwesome.ttf' (139K)
[2019.02.28-17.39.00:848][  0]LogSlate: Took 0.006613 seconds to synchronously load lazily loaded font '../../../Engine/Content/Slate/Fonts/DroidSansMono.ttf' (77K)
[2019.02.28-17.39.01:055][  1]LogRenderer: Reallocating scene render targets to support 1168x464 Format 10 NumSamples 1 (Frame:1).
[2019.02.28-17.39.01:065][  1]LogAssetRegistry: Asset discovery search completed in 15.7715 seconds
[2019.02.28-17.39.01:069][  1]LogCollectionManager: Rebuilt the object cache for 0 collections in 0.000000 seconds (found 0 objects)
[2019.02.28-17.39.01:069][  1]LogCollectionManager: Fixed up redirectors for 0 collections in 0.000487 seconds (updated 0 objects)
[2019.02.28-17.39.03:369][117]LogRenderer: Reallocating scene render targets to support 1284x560 Format 10 NumSamples 1 (Frame:119).
[2019.02.28-17.39.04:539][185]LogSlate: FSceneViewport::OnFocusLost() reason 0
[2019.02.28-17.39.04:559][185]LogSlate: Took 0.006605 seconds to synchronously load lazily loaded font '../../../Engine/Content/Slate/Fonts/Roboto-Light.ttf' (167K)
[2019.02.28-17.39.13:259][688]LogSlate: Took 0.000280 seconds to synchronously load lazily loaded font '../../../Engine/Content/Slate/Fonts/Roboto-Light.ttf' (167K)
[2019.02.28-17.39.13:273][688]LogAssetEditorManager: Opening Asset editor for Blueprint /Game/BluePrint/MyAVehiclePawn.MyAVehiclePawn
[2019.02.28-17.39.13:925][688]LogContentBrowser: Native class hierarchy updated for 'BlueprintGraph' in 0.0013 seconds. Added 116 classes and 0 folders.
[2019.02.28-17.39.14:831][688]LogSlate: Took 0.006336 seconds to synchronously load lazily loaded font '../../../Engine/Content/Slate/Fonts/Roboto-BoldCondensed.ttf' (158K)
[2019.02.28-17.39.16:954][789]LogSlate: Took 0.007945 seconds to synchronously load lazily loaded font '../../../Engine/Content/Slate/Fonts/Roboto-Italic.ttf' (157K)
[2019.02.28-17.39.27:931][414]LogRenderer: Reallocating scene render targets to support 1284x728 Format 10 NumSamples 1 (Frame:1).
[2019.02.28-17.40.04:482][567]LogSlate: FSceneViewport::OnFocusLost() reason 0
[2019.02.28-17.40.14:367][150]BlueprintLog: New page: Compile MyAVehiclePawn
[2019.02.28-17.40.15:080][172]LogSavePackage: Moving 'D:/Humber/Semester 4/Game 260_Game Production/RacingGame/Game260Development/Resources/VehicleMovement/Saved/MyAVehiclePawn9D7ACE724D73BB317F63D19B9CD092C4.tmp' to 'D:/Humber/Semester 4/Game 260_Game Production/RacingGame/Game260Development/Resources/VehicleMovement/Content/BluePrint/MyAVehiclePawn.uasset'
[2019.02.28-17.40.22:008][376]LogSlate: Window 'MyAVehiclePawn' being destroyed
[2019.02.28-17.40.23:392][448]LogSlate: Window 'MyAVehiclePawn' being destroyed
[2019.02.28-17.40.25:691][586]LogTemp: Repeating last play command: Selected Viewport
[2019.02.28-17.40.25:715][586]LogBlueprintUserMessages: Early PlayInEditor Detection: Level '/Game/VehicleCPP/Maps/VehicleExampleMap.VehicleExampleMap:PersistentLevel' has LevelScriptBlueprint '/Game/VehicleCPP/Maps/VehicleExampleMap.VehicleExampleMap:PersistentLevel.VehicleExampleMap' with GeneratedClass '/Game/VehicleCPP/Maps/VehicleExampleMap.VehicleExampleMap_C' with ClassGeneratedBy '/Game/VehicleCPP/Maps/VehicleExampleMap.VehicleExampleMap:PersistentLevel.VehicleExampleMap'
[2019.02.28-17.40.25:721][586]LogPlayLevel: PlayLevel: No blueprints needed recompiling
[2019.02.28-17.40.25:746][586]PIE: New page: PIE session: VehicleExampleMap (Feb 28, 2019, 7:40:25 AM)
[2019.02.28-17.40.25:747][586]LogPlayLevel: Creating play world package: /Game/VehicleCPP/Maps/UEDPIE_0_VehicleExampleMap
[2019.02.28-17.40.25:791][586]LogPlayLevel: PIE: StaticDuplicateObject took: (0.043437s)
[2019.02.28-17.40.25:793][586]LogAIModule: Creating AISystem for world VehicleExampleMap
[2019.02.28-17.40.25:794][586]LogPlayLevel: PIE: World Init took: (0.001903s)
[2019.02.28-17.40.25:794][586]LogPlayLevel: PIE: Created PIE world by copying editor world from /Game/VehicleCPP/Maps/VehicleExampleMap.VehicleExampleMap to /Game/VehicleCPP/Maps/UEDPIE_0_VehicleExampleMap.VehicleExampleMap (0.046591s)
[2019.02.28-17.40.25:879][586]LogInit: XAudio2 using 'Speakers (Realtek High Definition Audio)' : 2 channels at 48 kHz using 32 bits per sample (channel mask 0x3)
[2019.02.28-17.40.25:919][586]LogInit: FAudioDevice initialized.
[2019.02.28-17.40.25:977][586]LogLoad: Game class is 'VehicleMovementGameMode'
[2019.02.28-17.40.25:991][586]PIE: Warning: Invalid Simulate Options: Body (MyAVehiclePawn_2.Box) is set to simulate physics but Collision Enabled is incompatible
[2019.02.28-17.40.25:991][586]PIE: Warning: Invalid Simulate Options: Body (MyAVehiclePawn_2.Box) is set to simulate physics but Collision Enabled is incompatible
[2019.02.28-17.40.25:991][586]LogWorld: Bringing World /Game/VehicleCPP/Maps/UEDPIE_0_VehicleExampleMap.VehicleExampleMap up for play (max tick rate 60) at 2019.02.28-12.40.25
[2019.02.28-17.40.25:995][586]LogWorld: Bringing up level for play took: 0.006225
[2019.02.28-17.40.26:049][586]LogContentBrowser: Native class hierarchy updated for 'MovieSceneCapture' in 0.0028 seconds. Added 10 classes and 0 folders.
[2019.02.28-17.40.26:055][586]PIE: Play in editor start time for /Game/VehicleCPP/Maps/UEDPIE_0_VehicleExampleMap -0.617
[2019.02.28-17.40.26:056][586]LogBlueprintUserMessages: Late PlayInEditor Detection: Level '/Game/VehicleCPP/Maps/VehicleExampleMap.VehicleExampleMap:PersistentLevel' has LevelScriptBlueprint '/Game/VehicleCPP/Maps/VehicleExampleMap.VehicleExampleMap:PersistentLevel.VehicleExampleMap' with GeneratedClass '/Game/VehicleCPP/Maps/VehicleExampleMap.VehicleExampleMap_C' with ClassGeneratedBy '/Game/VehicleCPP/Maps/VehicleExampleMap.VehicleExampleMap:PersistentLevel.VehicleExampleMap'
[2019.02.28-17.40.33:163][  9]LogBlueprintUserMessages: Early EndPlayMap Detection: Level '/Game/VehicleCPP/Maps/VehicleExampleMap.VehicleExampleMap:PersistentLevel' has LevelScriptBlueprint '/Game/VehicleCPP/Maps/VehicleExampleMap.VehicleExampleMap:PersistentLevel.VehicleExampleMap' with GeneratedClass '/Game/VehicleCPP/Maps/VehicleExampleMap.VehicleExampleMap_C' with ClassGeneratedBy '/Game/VehicleCPP/Maps/VehicleExampleMap.VehicleExampleMap:PersistentLevel.VehicleExampleMap'
[2019.02.28-17.40.33:169][  9]LogSlate: Updating window title bar state: overlay mode, drag disabled, window buttons hidden, title bar hidden
[2019.02.28-17.40.33:218][  9]LogPlayLevel: Display: Shutting down PIE online subsystems
[2019.02.28-17.40.33:219][  9]LogBlueprintUserMessages: Late EndPlayMap Detection: Level '/Game/VehicleCPP/Maps/VehicleExampleMap.VehicleExampleMap:PersistentLevel' has LevelScriptBlueprint '/Game/VehicleCPP/Maps/VehicleExampleMap.VehicleExampleMap:PersistentLevel.VehicleExampleMap' with GeneratedClass '/Game/VehicleCPP/Maps/VehicleExampleMap.VehicleExampleMap_C' with ClassGeneratedBy '/Game/VehicleCPP/Maps/VehicleExampleMap.VehicleExampleMap:PersistentLevel.VehicleExampleMap'
[2019.02.28-17.40.33:273][  9]LogSlate: Updating window title bar state: overlay mode, drag disabled, window buttons hidden, title bar hidden
[2019.02.28-17.40.33:320][ 10]LogPlayLevel: Display: Destroying online subsystem :Context_5
[2019.02.28-17.40.36:080][175]LogSlate: FSceneViewport::OnFocusLost() reason 0
[2019.02.28-17.40.40:402][404]LogBlueprintUserMessages: Early PlayInEditor Detection: Level '/Game/VehicleCPP/Maps/VehicleExampleMap.VehicleExampleMap:PersistentLevel' has LevelScriptBlueprint '/Game/VehicleCPP/Maps/VehicleExampleMap.VehicleExampleMap:PersistentLevel.VehicleExampleMap' with GeneratedClass '/Game/VehicleCPP/Maps/VehicleExampleMap.VehicleExampleMap_C' with ClassGeneratedBy '/Game/VehicleCPP/Maps/VehicleExampleMap.VehicleExampleMap:PersistentLevel.VehicleExampleMap'
[2019.02.28-17.40.40:403][404]LogPlayLevel: PlayLevel: No blueprints needed recompiling
[2019.02.28-17.40.40:404][404]PIE: New page: PIE session: VehicleExampleMap (Feb 28, 2019, 7:40:40 AM)
[2019.02.28-17.40.40:404][404]LogPlayLevel: Creating play world package: /Game/VehicleCPP/Maps/UEDPIE_0_VehicleExampleMap
[2019.02.28-17.40.40:428][404]LogPlayLevel: PIE: StaticDuplicateObject took: (0.023447s)
[2019.02.28-17.40.40:429][404]LogAIModule: Creating AISystem for world VehicleExampleMap
[2019.02.28-17.40.40:430][404]LogPlayLevel: PIE: World Init took: (0.001716s)
[2019.02.28-17.40.40:431][404]LogPlayLevel: PIE: Created PIE world by copying editor world from /Game/VehicleCPP/Maps/VehicleExampleMap.VehicleExampleMap to /Game/VehicleCPP/Maps/UEDPIE_0_VehicleExampleMap.VehicleExampleMap (0.026487s)
[2019.02.28-17.40.40:484][404]LogInit: XAudio2 using 'Speakers (Realtek High Definition Audio)' : 2 channels at 48 kHz using 32 bits per sample (channel mask 0x3)
[2019.02.28-17.40.40:536][404]LogInit: FAudioDevice initialized.
[2019.02.28-17.40.40:544][404]LogSlate: Updating window title bar state: overlay mode, drag disabled, window buttons hidden, title bar hidden
[2019.02.28-17.40.40:635][404]LogLoad: Game class is 'VehicleMovementGameMode'
[2019.02.28-17.40.40:642][404]PIE: Warning: Invalid Simulate Options: Body (MyAVehiclePawn_2.Box) is set to simulate physics but Collision Enabled is incompatible
[2019.02.28-17.40.40:642][404]PIE: Warning: Invalid Simulate Options: Body (MyAVehiclePawn_2.Box) is set to simulate physics but Collision Enabled is incompatible
[2019.02.28-17.40.40:643][404]LogWorld: Bringing World /Game/VehicleCPP/Maps/UEDPIE_0_VehicleExampleMap.VehicleExampleMap up for play (max tick rate 60) at 2019.02.28-12.40.40
[2019.02.28-17.40.40:644][404]LogWorld: Bringing up level for play took: 0.005894
[2019.02.28-17.40.40:663][404]PIE: Play in editor start time for /Game/VehicleCPP/Maps/UEDPIE_0_VehicleExampleMap -0.009
[2019.02.28-17.40.40:664][404]LogBlueprintUserMessages: Late PlayInEditor Detection: Level '/Game/VehicleCPP/Maps/VehicleExampleMap.VehicleExampleMap:PersistentLevel' has LevelScriptBlueprint '/Game/VehicleCPP/Maps/VehicleExampleMap.VehicleExampleMap:PersistentLevel.VehicleExampleMap' with GeneratedClass '/Game/VehicleCPP/Maps/VehicleExampleMap.VehicleExampleMap_C' with ClassGeneratedBy '/Game/VehicleCPP/Maps/VehicleExampleMap.VehicleExampleMap:PersistentLevel.VehicleExampleMap'
[2019.02.28-17.40.56:108][324]LogBlueprintUserMessages: Early EndPlayMap Detection: Level '/Game/VehicleCPP/Maps/VehicleExampleMap.VehicleExampleMap:PersistentLevel' has LevelScriptBlueprint '/Game/VehicleCPP/Maps/VehicleExampleMap.VehicleExampleMap:PersistentLevel.VehicleExampleMap' with GeneratedClass '/Game/VehicleCPP/Maps/VehicleExampleMap.VehicleExampleMap_C' with ClassGeneratedBy '/Game/VehicleCPP/Maps/VehicleExampleMap.VehicleExampleMap:PersistentLevel.VehicleExampleMap'
[2019.02.28-17.40.56:109][324]LogSlate: Updating window title bar state: overlay mode, drag disabled, window buttons hidden, title bar hidden
[2019.02.28-17.40.56:133][324]LogSlate: Window 'VehicleMovement Game Preview Standalone (64-bit/PCD3D_SM5)' being destroyed
[2019.02.28-17.40.56:190][324]LogPlayLevel: Display: Shutting down PIE online subsystems
[2019.02.28-17.40.56:191][324]LogBlueprintUserMessages: Late EndPlayMap Detection: Level '/Game/VehicleCPP/Maps/VehicleExampleMap.VehicleExampleMap:PersistentLevel' has LevelScriptBlueprint '/Game/VehicleCPP/Maps/VehicleExampleMap.VehicleExampleMap:PersistentLevel.VehicleExampleMap' with GeneratedClass '/Game/VehicleCPP/Maps/VehicleExampleMap.VehicleExampleMap_C' with ClassGeneratedBy '/Game/VehicleCPP/Maps/VehicleExampleMap.VehicleExampleMap:PersistentLevel.VehicleExampleMap'
[2019.02.28-17.40.56:269][325]LogPlayLevel: Display: Destroying online subsystem :Context_6
[2019.02.28-17.41.03:827][760]LogRenderer: Reallocating scene render targets to support 1608x728 Format 10 NumSamples 1 (Frame:4524).
