Log file open, 03/02/19 20:40:25
LogWindows: Failed to load 'aqProf.dll' (GetLastError=126)
LogWindows: File 'aqProf.dll' does not exist
LogWindows: Failed to load 'VSPerf140.dll' (GetLastError=126)
LogWindows: File 'VSPerf140.dll' does not exist
LogWindows: Failed to load 'VtuneApi.dll' (GetLastError=126)
LogWindows: File 'VtuneApi.dll' does not exist
LogWindows: Failed to load 'VtuneApi32e.dll' (GetLastError=126)
LogWindows: File 'VtuneApi32e.dll' does not exist
LogInit: Display: Running engine for game: VehicleMovement
LogPlatformFile: Not using cached read wrapper
LogTaskGraph: Started task graph with 5 named threads and 20 total threads with 3 sets of task threads.
LogStats: Stats thread started at 1.176587
LogD3D11RHI: Loaded GFSDK_Aftermath_Lib.x64.dll
LogICUInternationalization: Display: ICU TimeZone Detection - Raw Offset: -5:00, Platform Override: ''
LogPluginManager: Mounting plugin Paper2D
LogPluginManager: Mounting plugin AISupport
LogPluginManager: Mounting plugin LightPropagationVolume
LogPluginManager: Mounting plugin CLionSourceCodeAccess
LogPluginManager: Mounting plugin CodeLiteSourceCodeAccess
LogPluginManager: Mounting plugin GitSourceControl
LogPluginManager: Mounting plugin KDevelopSourceCodeAccess
LogPluginManager: Mounting plugin NullSourceCodeAccess
LogPluginManager: Mounting plugin PerforceSourceControl
LogPluginManager: Mounting plugin SubversionSourceControl
LogPluginManager: Mounting plugin UObjectPlugin
LogPluginManager: Mounting plugin VisualStudioCodeSourceCodeAccess
LogPluginManager: Mounting plugin VisualStudioSourceCodeAccess
LogPluginManager: Mounting plugin XCodeSourceCodeAccess
LogPluginManager: Mounting plugin AssetManagerEditor
LogPluginManager: Mounting plugin CryptoKeys
LogPluginManager: Mounting plugin DataValidation
LogPluginManager: Mounting plugin FacialAnimation
LogPluginManager: Mounting plugin GameplayTagsEditor
LogPluginManager: Mounting plugin MacGraphicsSwitching
LogPluginManager: Mounting plugin MeshEditor
LogPluginManager: Mounting plugin MobileLauncherProfileWizard
LogPluginManager: Mounting plugin PluginBrowser
LogPluginManager: Mounting plugin SpeedTreeImporter
LogPluginManager: Mounting plugin DatasmithContent
LogPluginManager: Mounting plugin AlembicImporter
LogPluginManager: Mounting plugin AppleImageUtils
LogPluginManager: Mounting plugin AppleVision
LogPluginManager: Mounting plugin BackChannel
LogPluginManager: Mounting plugin CharacterAI
LogPluginManager: Mounting plugin GeometryCache
LogPluginManager: Mounting plugin HTML5Networking
LogPluginManager: Mounting plugin ProxyLODPlugin
LogPluginManager: Mounting plugin RawInput
LogPluginManager: Mounting plugin MagicLeap
LogPluginManager: Mounting plugin MagicLeapEmulator
LogPluginManager: Mounting plugin MagicLeapMedia
LogPluginManager: Mounting plugin AndroidMedia
LogPluginManager: Mounting plugin AvfMedia
LogPluginManager: Mounting plugin ImgMedia
LogPluginManager: Mounting plugin LinearTimecode
LogPluginManager: Mounting plugin MediaCompositing
LogPluginManager: Mounting plugin MediaPlayerEditor
LogPluginManager: Mounting plugin WmfMedia
LogPluginManager: Mounting plugin TcpMessaging
LogPluginManager: Mounting plugin UdpMessaging
LogPluginManager: Mounting plugin ActorSequence
LogPluginManager: Mounting plugin LevelSequenceEditor
LogPluginManager: Mounting plugin MatineeToLevelSequence
LogPluginManager: Mounting plugin NetcodeUnitTest
LogPluginManager: Mounting plugin NUTUnrealEngine4
LogPluginManager: Mounting plugin OnlineSubsystemGooglePlay
LogPluginManager: Mounting plugin OnlineSubsystemIOS
LogPluginManager: Mounting plugin OnlineSubsystem
LogPluginManager: Mounting plugin OnlineSubsystemNull
LogPluginManager: Mounting plugin OnlineSubsystemUtils
LogPluginManager: Mounting plugin LauncherChunkInstaller
LogPluginManager: Mounting plugin AndroidDeviceProfileSelector
LogPluginManager: Mounting plugin AndroidMoviePlayer
LogPluginManager: Mounting plugin AndroidPermission
LogPluginManager: Mounting plugin AppleMoviePlayer
LogPluginManager: Mounting plugin ArchVisCharacter
LogPluginManager: Mounting plugin AudioCapture
LogPluginManager: Mounting plugin CableComponent
LogPluginManager: Mounting plugin CustomMeshComponent
LogPluginManager: Mounting plugin EditableMesh
LogPluginManager: Mounting plugin ExampleDeviceProfileSelector
LogPluginManager: Mounting plugin GoogleCloudMessaging
LogPluginManager: Mounting plugin ImmediatePhysics
LogPluginManager: Mounting plugin IOSDeviceProfileSelector
LogPluginManager: Mounting plugin LinuxDeviceProfileSelector
LogPluginManager: Mounting plugin LocationServicesBPLibrary
LogPluginManager: Mounting plugin MobilePatchingUtils
LogPluginManager: Mounting plugin OculusVR
LogPluginManager: Plugin shader directory ../../../Engine/Plugins/Runtime/Oculus/OculusVR/Shaders found
LogPluginManager: Mapping shader source directory ../../../Engine/Plugins/Runtime/Oculus/OculusVR/Shaders to virtual directory /Plugin/OculusVR
LogPluginManager: Mounting plugin PhysXVehicles
LogPluginManager: Mounting plugin ProceduralMeshComponent
LogPluginManager: Mounting plugin RuntimePhysXCooking
LogPluginManager: Mounting plugin SteamVR
LogPluginManager: Mounting plugin WindowsMoviePlayer
LogStreaming: Display: Took  0.264s to configure plugins.
LogInit: Using libcurl 7.55.1-DEV
LogInit:  - built for x86_64-pc-win32
LogInit:  - supports SSL with OpenSSL/1.0.2h
LogInit:  - supports HTTP deflate (compression) using libz 1.2.8
LogInit:  - other features:
LogInit:      CURL_VERSION_SSL
LogInit:      CURL_VERSION_LIBZ
LogInit:      CURL_VERSION_IPV6
LogInit:      CURL_VERSION_ASYNCHDNS
LogInit:      CURL_VERSION_LARGEFILE
LogInit:      CURL_VERSION_IDN
LogInit:  CurlRequestOptions (configurable via config and command line):
LogInit:  - bVerifyPeer = false  - Libcurl will NOT verify peer certificate
LogInit:  - bUseHttpProxy = false  - Libcurl will NOT use HTTP proxy
LogInit:  - bDontReuseConnections = false  - Libcurl will reuse connections
LogInit:  - CertBundlePath = nullptr  - Libcurl will use whatever was configured at build time.
LogInit:  - MaxHostConnections = 16  - Libcurl will limit the number of connections to a host
LogInit:  - LocalHostAddr = Default
LogInit:  - BufferSize = 65536
LogInit: WinSock: version 1.1 (2.2), MaxSocks=32767, MaxUdp=65467
LogInit: Build: ++UE4+Release-4.20-CL-4369336
LogInit: Engine Version: 4.20.3-4369336+++UE4+Release-4.20
LogInit: Compatible Engine Version: 4.20.0-4212847+++UE4+Release-4.20
LogInit: Net CL: 4212847
LogInit: OS: Windows 10 (), CPU: Intel(R) Core(TM) i5-8400 CPU @ 2.80GHz, GPU: NVIDIA GeForce GTX 1050 Ti
LogInit: Compiled (64-bit): Sep 17 2018 12:26:19
LogInit: Compiled with Visual C++: 19.13.26129.00
LogInit: Build Configuration: Development
LogInit: Branch Name: ++UE4+Release-4.20
LogInit: Command Line:  -skipcompile
LogInit: Base Directory: D:/UE_4.20/Engine/Binaries/Win64/
LogInit: Installed Engine Build: 1
LogDevObjectVersion: Number of dev versions registered: 20
LogDevObjectVersion:   Dev-Blueprints (B0D832E4-1F89-4F0D-ACCF-7EB736FD4AA2): 10
LogDevObjectVersion:   Dev-Build (E1C64328-A22C-4D53-A36C-8E866417BD8C): 0
LogDevObjectVersion:   Dev-Core (375EC13C-06E4-48FB-B500-84F0262A717E): 2
LogDevObjectVersion:   Dev-Editor (E4B068ED-F494-42E9-A231-DA0B2E46BB41): 24
LogDevObjectVersion:   Dev-Framework (CFFC743F-43B0-4480-9391-14DF171D2073): 34
LogDevObjectVersion:   Dev-Mobile (B02B49B5-BB20-44E9-A304-32B752E40360): 2
LogDevObjectVersion:   Dev-Networking (A4E4105C-59A1-49B5-A7C5-40C4547EDFEE): 0
LogDevObjectVersion:   Dev-Online (39C831C9-5AE6-47DC-9A44-9C173E1C8E7C): 0
LogDevObjectVersion:   Dev-Physics (78F01B33-EBEA-4F98-B9B4-84EACCB95AA2): 0
LogDevObjectVersion:   Dev-Platform (6631380F-2D4D-43E0-8009-CF276956A95A): 0
LogDevObjectVersion:   Dev-Rendering (12F88B9F-8875-4AFC-A67C-D90C383ABD29): 26
LogDevObjectVersion:   Dev-Sequencer (7B5AE74C-D270-4C10-A958-57980B212A5A): 9
LogDevObjectVersion:   Dev-VR (D7296918-1DD6-4BDD-9DE2-64A83CC13884): 2
LogDevObjectVersion:   Dev-LoadTimes (C2A15278-BFE7-4AFE-6C17-90FF531DF755): 1
LogDevObjectVersion:   Private-Geometry (6EACA3D4-40EC-4CC1-B786-8BED09428FC5): 3
LogDevObjectVersion:   Dev-AnimPhys (29E575DD-E0A3-4627-9D10-D276232CDCEA): 17
LogDevObjectVersion:   Dev-ReflectionCapture (6B266CEC-1EC7-4B8F-A30B-E4D90942FC07): 1
LogDevObjectVersion:   Dev-Automation (0DF73D61-A23F-47EA-B727-89E90C41499A): 1
LogDevObjectVersion:   FortniteMain (601D1886-AC64-4F84-AA16-D3DE0DEAC7D6): 12
LogDevObjectVersion:   Dev-Enterprise (9DFFBCD6-494F-0158-E221-12823C92A888): 1
LogStreaming: Display: Took  0.019s to delete old logs.
LogInit: Presizing for max 8388607 objects, including 0 objects not considered by GC, pre-allocating 0 bytes for permanent pool.
LogInit: Object subsystem initialized
[2019.03.03-01.40.26:750][  0]LogInit: Selected Device Profile: [Windows]
[2019.03.03-01.40.26:750][  0]LogInit: Applying CVar settings loaded from the selected device profile: [Windows]
[2019.03.03-01.40.26:775][  0]LogHAL: Display: Platform has ~ 8 GB [8523337728 / 8589934592 / 8], which maps to Default [LargestMinGB=32, LargerMinGB=12, DefaultMinGB=8, SmallerMinGB=6, SmallestMinGB=0)
[2019.03.03-01.40.26:775][  0]LogInit: Setting Device Profile CVar: [[r.Vulkan.UseRealUBs:1]]
[2019.03.03-01.40.26:775][  0]LogInit: Going up to parent DeviceProfile []
[2019.03.03-01.40.26:776][  0]LogInit: Computer: DESKTOP-IF8BQD3
[2019.03.03-01.40.26:776][  0]LogInit: User: ChiyokoYumi
[2019.03.03-01.40.26:776][  0]LogInit: CPU Page size=4096, Cores=6
[2019.03.03-01.40.26:776][  0]LogInit: High frequency timer resolution =10.000000 MHz
[2019.03.03-01.40.26:776][  0]LogMemory: Memory total: Physical=7.9GB (8GB approx)
[2019.03.03-01.40.26:776][  0]LogMemory: Platform Memory Stats for Windows
[2019.03.03-01.40.26:776][  0]LogMemory: Process Physical Memory: 102.07 MB used, 102.08 MB peak
[2019.03.03-01.40.26:776][  0]LogMemory: Process Virtual Memory: 92.89 MB used, 92.89 MB peak
[2019.03.03-01.40.26:777][  0]LogMemory: Physical Memory: 5859.89 MB used,  2268.60 MB free, 8128.49 MB total
[2019.03.03-01.40.26:777][  0]LogMemory: Virtual Memory: 4626.13 MB used,  2268.60 MB free, 134217728.00 MB total
[2019.03.03-01.40.27:394][  0]LogInit: Using OS detected language (en-US).
[2019.03.03-01.40.27:394][  0]LogInit: Using OS detected locale (en-CA).
[2019.03.03-01.40.27:398][  0]LogTextLocalizationManager: No specific localization for 'en-US' exists, so the 'en' localization will be used.
[2019.03.03-01.40.28:068][  0]LogStreaming: Display: Took  0.674s to InitEngineTextLocalization.
[2019.03.03-01.40.28:068][  0]LogInit: Setting process to per monitor DPI aware
[2019.03.03-01.40.28:352][  0]LogSlate: New Slate User Created.  User Index 0, Is Virtual User: 0
[2019.03.03-01.40.28:353][  0]LogSlate: Slate User Registered.  User Index 0, Is Virtual User: 0
[2019.03.03-01.40.28:934][  0]LogHMD: Failed to initialize OpenVR with code 110
[2019.03.03-01.40.28:934][  0]LogD3D11RHI: D3D11 adapters:
[2019.03.03-01.40.29:062][  0]LogD3D11RHI:    0. 'NVIDIA GeForce GTX 1050 Ti' (Feature Level 11_0)
[2019.03.03-01.40.29:062][  0]LogD3D11RHI:       4018/0/4064 MB DedicatedVideo/DedicatedSystem/SharedSystem, Outputs:2, VendorId:0x10de
[2019.03.03-01.40.29:074][  0]LogD3D11RHI:    1. 'Microsoft Basic Render Driver' (Feature Level 11_0)
[2019.03.03-01.40.29:074][  0]LogD3D11RHI:       0/0/4064 MB DedicatedVideo/DedicatedSystem/SharedSystem, Outputs:0, VendorId:0x1414
[2019.03.03-01.40.29:075][  0]LogD3D11RHI: Chosen D3D11 Adapter: 0
[2019.03.03-01.40.29:085][  0]LogD3D11RHI: Creating new Direct3DDevice
[2019.03.03-01.40.29:085][  0]LogD3D11RHI:     GPU DeviceId: 0x1c82 (for the marketing name, search the web for "GPU Device Id")
[2019.03.03-01.40.29:085][  0]LogWindows: EnumDisplayDevices:
[2019.03.03-01.40.29:085][  0]LogWindows:    0. 'NVIDIA GeForce GTX 1050 Ti' (P:1 D:1)
[2019.03.03-01.40.29:086][  0]LogWindows:    1. 'NVIDIA GeForce GTX 1050 Ti' (P:0 D:1)
[2019.03.03-01.40.29:087][  0]LogWindows:    2. 'NVIDIA GeForce GTX 1050 Ti' (P:0 D:0)
[2019.03.03-01.40.29:087][  0]LogWindows:    3. 'NVIDIA GeForce GTX 1050 Ti' (P:0 D:0)
[2019.03.03-01.40.29:088][  0]LogWindows: DebugString: FoundDriverCount:4 
[2019.03.03-01.40.29:088][  0]LogD3D11RHI:     Adapter Name: NVIDIA GeForce GTX 1050 Ti
[2019.03.03-01.40.29:088][  0]LogD3D11RHI:   Driver Version: 419.17 (internal:25.21.14.1917, unified:419.17)
[2019.03.03-01.40.29:088][  0]LogD3D11RHI:      Driver Date: 2-20-2019
[2019.03.03-01.40.29:088][  0]LogRHI: Texture pool is 2812 MB (70% of 4018 MB)
[2019.03.03-01.40.29:136][  0]LogD3D11RHI: Async texture creation enabled
[2019.03.03-01.40.29:157][  0]LogD3D11RHI: GPU Timing Frequency: 1000.000000 (Debug: 2 1)
[2019.03.03-01.40.29:221][  0]LogShaderCompilers: Guid format shader working directory is -53 characters bigger than the processId version (../../../../GitHub/Math-Assignment_1/Math_Assignment_1/Game260Development/Resources/VehicleMovement/Intermediate/Shaders/WorkingDirectory/7304/).
[2019.03.03-01.40.29:221][  0]LogShaderCompilers: Cleaned the shader compiler working directory 'C:/Users/nicom/AppData/Local/Temp/UnrealShaderWorkingDir/60001BD64D4934F101D685A0474A214E/'.
[2019.03.03-01.40.29:629][  0]LogTemp: Display: Loaded TP AllDesktopTargetPlatform
[2019.03.03-01.40.29:666][  0]LogTemp: Display: Loaded TP MacClientTargetPlatform
[2019.03.03-01.40.29:688][  0]LogTemp: Display: Loaded TP MacNoEditorTargetPlatform
[2019.03.03-01.40.29:706][  0]LogTemp: Display: Loaded TP MacServerTargetPlatform
[2019.03.03-01.40.29:760][  0]LogTemp: Display: Loaded TP MacTargetPlatform
[2019.03.03-01.40.29:779][  0]LogTemp: Display: Loaded TP WindowsClientTargetPlatform
[2019.03.03-01.40.29:802][  0]LogTemp: Display: Loaded TP WindowsNoEditorTargetPlatform
[2019.03.03-01.40.29:822][  0]LogTemp: Display: Loaded TP WindowsServerTargetPlatform
[2019.03.03-01.40.29:836][  0]LogTemp: Display: Loaded TP WindowsTargetPlatform
[2019.03.03-01.40.29:952][  0]LogTemp: Display: Loaded TP AndroidTargetPlatform
[2019.03.03-01.40.29:952][  0]LogTemp: Display: Loaded TP AndroidTargetPlatform
[2019.03.03-01.40.29:952][  0]LogTemp: Display: Loaded TP AndroidTargetPlatform
[2019.03.03-01.40.29:952][  0]LogTemp: Display: Loaded TP AndroidTargetPlatform
[2019.03.03-01.40.29:952][  0]LogTemp: Display: Loaded TP AndroidTargetPlatform
[2019.03.03-01.40.29:952][  0]LogTemp: Display: Loaded TP AndroidTargetPlatform
[2019.03.03-01.40.29:952][  0]LogTemp: Display: Loaded TP AndroidTargetPlatform
[2019.03.03-01.40.29:952][  0]LogTemp: Display: Loaded TP AndroidTargetPlatform
[2019.03.03-01.40.29:953][  0]LogTemp: Display: Loaded TP AndroidTargetPlatform
[2019.03.03-01.40.29:953][  0]LogTemp: Display: Loaded TP AndroidTargetPlatform
[2019.03.03-01.40.29:953][  0]LogTemp: Display: Loaded TP AndroidTargetPlatform
[2019.03.03-01.40.29:953][  0]LogTemp: Display: Loaded TP AndroidTargetPlatform
[2019.03.03-01.40.29:953][  0]LogTemp: Display: Loaded TP AndroidTargetPlatform
[2019.03.03-01.40.29:953][  0]LogTemp: Display: Loaded TP AndroidTargetPlatform
[2019.03.03-01.40.29:953][  0]LogTemp: Display: Loaded TP AndroidTargetPlatform
[2019.03.03-01.40.29:953][  0]LogTemp: Display: Loaded TP AndroidTargetPlatform
[2019.03.03-01.40.29:953][  0]LogTemp: Display: Loaded TP AndroidTargetPlatform
[2019.03.03-01.40.29:953][  0]LogTemp: Display: Loaded TP AndroidTargetPlatform
[2019.03.03-01.40.29:962][  0]LogTemp: Display: Loaded TP HTML5TargetPlatform
[2019.03.03-01.40.30:072][  0]LogTemp: Display: Loaded TP IOSTargetPlatform
[2019.03.03-01.40.30:072][  0]LogTemp: Display: Loaded TP IOSTargetPlatform
[2019.03.03-01.40.30:104][  0]LogTemp: Display: Loaded TP TVOSTargetPlatform
[2019.03.03-01.40.30:104][  0]LogTemp: Display: Loaded TP TVOSTargetPlatform
[2019.03.03-01.40.30:130][  0]LogTemp: Display: Loaded TP LinuxClientTargetPlatform
[2019.03.03-01.40.30:147][  0]LogTemp: Display: Loaded TP LinuxNoEditorTargetPlatform
[2019.03.03-01.40.30:163][  0]LogTemp: Display: Loaded TP LinuxServerTargetPlatform
[2019.03.03-01.40.30:178][  0]LogTemp: Display: Loaded TP LinuxTargetPlatform
[2019.03.03-01.40.30:199][  0]LogTemp: Display: Loaded TP LuminTargetPlatform
[2019.03.03-01.40.30:199][  0]LogTargetPlatformManager: Display: Building Assets For Windows
[2019.03.03-01.40.30:589][  0]LogXGEController: Cannot use XGE Controller as Incredibuild is not installed on this machine.
[2019.03.03-01.40.30:589][  0]LogShaderCompilers: Cannot use XGE Shader Compiler as Incredibuild is not installed on this machine.
[2019.03.03-01.40.30:589][  0]LogShaderCompilers: Display: Using Local Shader Compiler.
[2019.03.03-01.40.31:542][  0]LogDerivedDataCache: Display: Max Cache Size: 512 MB
[2019.03.03-01.40.31:841][  0]LogDerivedDataCache: Loaded boot cache 0.30s 73MB C:/Users/nicom/AppData/Local/UnrealEngine/4.20/DerivedDataCache/Boot.ddc.
[2019.03.03-01.40.31:842][  0]LogDerivedDataCache: Display: Loaded Boot cache: C:/Users/nicom/AppData/Local/UnrealEngine/4.20/DerivedDataCache/Boot.ddc
[2019.03.03-01.40.31:842][  0]LogDerivedDataCache: FDerivedDataBackendGraph:  Pak pak cache file ../../../../GitHub/Math-Assignment_1/Math_Assignment_1/Game260Development/Resources/VehicleMovement/DerivedDataCache/DDC.ddp not found, will not use a pak cache.
[2019.03.03-01.40.31:842][  0]LogDerivedDataCache: Unable to find inner node Pak for hierarchical cache Hierarchy.
[2019.03.03-01.40.31:842][  0]LogDerivedDataCache: FDerivedDataBackendGraph:  CompressedPak pak cache file ../../../../GitHub/Math-Assignment_1/Math_Assignment_1/Game260Development/Resources/VehicleMovement/DerivedDataCache/Compressed.ddp not found, will not use a pak cache.
[2019.03.03-01.40.31:843][  0]LogDerivedDataCache: Unable to find inner node CompressedPak for hierarchical cache Hierarchy.
[2019.03.03-01.40.31:890][  0]LogDerivedDataCache: Display: Pak cache opened for reading ../../../Engine/DerivedDataCache/Compressed.ddp.
[2019.03.03-01.40.31:905][  0]LogDerivedDataCache: Using Local data cache path C:/Users/nicom/AppData/Local/UnrealEngine/Common/DerivedDataCache: Writable
[2019.03.03-01.40.31:905][  0]LogDerivedDataCache: Shared data cache path not found in *engine.ini, will not use an Shared cache.
[2019.03.03-01.40.31:905][  0]LogDerivedDataCache: Unable to find inner node Shared for hierarchical cache Hierarchy.
[2019.03.03-01.40.31:923][  0]LogMaterial: Verifying Global Shaders for PCD3D_SM5
[2019.03.03-01.40.31:924][  0]LogSlate: Using FreeType 2.6.0
[2019.03.03-01.40.31:962][  0]LogSlate: SlateFontServices - WITH_FREETYPE: 1, WITH_HARFBUZZ: 1
[2019.03.03-01.40.32:235][  0]LogAssetRegistry: FAssetRegistry took 0.0374 seconds to start up
[2019.03.03-01.40.32:758][  0]LogInit: Selected Device Profile: [Windows]
[2019.03.03-01.40.33:211][  0]LogSimplygon: Simplygon DLL not present - disabling.
[2019.03.03-01.40.33:314][  0]LogMeshReduction: Using SimplygonSwarm for distributed automatic mesh merging
[2019.03.03-01.40.33:314][  0]LogMeshReduction: Using ProxyLODMeshReduction for automatic mesh merging
[2019.03.03-01.40.33:314][  0]LogMeshReduction: Using QuadricMeshReduction for automatic static mesh reduction
[2019.03.03-01.40.33:314][  0]LogMeshReduction: No automatic skeletal mesh reduction module available
[2019.03.03-01.40.33:338][  0]LogNetVersion: VehicleMovement 1.0.0, NetCL: 4212847, EngineNetVer: 5, GameNetVer: 0 (Checksum: 2966596176)
[2019.03.03-01.40.34:099][  0]LogPackageLocalizationCache: Processed 11 localized package path(s) for 2 prioritized culture(s) in 0.140370 seconds
[2019.03.03-01.40.34:108][  0]LogUObjectArray: 38425 objects as part of root set at end of initial load.
[2019.03.03-01.40.34:108][  0]LogUObjectAllocator: 6690872 out of 0 bytes used by permanent object pool.
[2019.03.03-01.40.34:108][  0]LogUObjectArray: CloseDisregardForGC: 0/0 objects in disregard for GC pool
[2019.03.03-01.40.37:843][  0]LogTcpMessaging: Initializing TcpMessaging bridge
[2019.03.03-01.40.37:873][  0]LogUdpMessaging: Initializing bridge on interface 0.0.0.0:0 to multicast group 230.0.0.1:6666.
[2019.03.03-01.40.38:630][  0]SourceControl: Source control is disabled
[2019.03.03-01.40.38:630][  0]SourceControl: Source control is disabled
[2019.03.03-01.40.38:663][  0]SourceControl: Source control is disabled
[2019.03.03-01.40.38:675][  0]SourceControl: Source control is disabled
[2019.03.03-01.40.39:520][  0]LogAndroidPermission: UAndroidPermissionCallbackProxy::GetInstance
[2019.03.03-01.40.39:909][  0]LogOcInput: OculusInput pre-init called
[2019.03.03-01.40.40:107][  0]LogEngine: Initializing Engine...
[2019.03.03-01.40.40:109][  0]LogHMD: Failed to initialize OpenVR with code 110
[2019.03.03-01.40.40:110][  0]LogStats: UGameplayTagsManager::ConstructGameplayTagTree: ImportINI prefixes -  0.000 s
[2019.03.03-01.40.40:110][  0]LogStats: UGameplayTagsManager::ConstructGameplayTagTree: Construct from data asset -  0.000 s
[2019.03.03-01.40.40:110][  0]LogStats: UGameplayTagsManager::ConstructGameplayTagTree: ImportINI -  0.000 s
[2019.03.03-01.40.40:110][  0]LogStats: UGameplayTagsManager::ConstructGameplayTagTree: GameplayTagTreeChangedEvent.Broadcast -  0.000 s
[2019.03.03-01.40.40:354][  0]LogInit: Initializing FReadOnlyCVARCache
[2019.03.03-01.40.40:431][  0]LogAIModule: Creating AISystem for world Untitled
[2019.03.03-01.40.40:508][  0]LogInit: XAudio2 using 'Speakers (Realtek(R) Audio)' : 2 channels at 48 kHz using 32 bits per sample (channel mask 0x3)
[2019.03.03-01.40.40:576][  0]LogInit: FAudioDevice initialized.
[2019.03.03-01.40.40:576][  0]LogNetVersion: Set ProjectVersion to 1.0.0.0. Version Checksum will be recalculated on next use.
[2019.03.03-01.40.40:660][  0]LogDerivedDataCache: Saved boot cache 0.08s 73MB C:/Users/nicom/AppData/Local/UnrealEngine/4.20/DerivedDataCache/Boot.ddc.
[2019.03.03-01.40.40:670][  0]LogInit: Texture streaming: Enabled
[2019.03.03-01.40.40:793][  0]LogEngineSessionManager: EngineSessionManager initialized
[2019.03.03-01.40.40:854][  0]LogInit: Transaction tracking system initialized
[2019.03.03-01.40.41:026][  0]BlueprintLog: New page: Editor Load
[2019.03.03-01.40.41:619][  0]LocalizationService: Localization service is disabled
[2019.03.03-01.40.42:307][  0]LogCook: Display: Max memory allowance for cook 16384mb min free memory 0mb
[2019.03.03-01.40.42:307][  0]LogCook: Display: Mobile HDR setting 1
[2019.03.03-01.40.42:307][  0]LogGameplayTags: Display: UGameplayTagsManager::DoneAddingNativeTags. DelegateIsBound: 0
[2019.03.03-01.40.42:307][  0]LogStats: UGameplayTagsManager::ConstructGameplayTagTree: ImportINI prefixes -  0.000 s
[2019.03.03-01.40.42:308][  0]LogStats: UGameplayTagsManager::ConstructGameplayTagTree: Construct from data asset -  0.000 s
[2019.03.03-01.40.42:308][  0]LogStats: UGameplayTagsManager::ConstructGameplayTagTree: ImportINI -  0.000 s
[2019.03.03-01.40.42:308][  0]LogStats: UGameplayTagsManager::ConstructGameplayTagTree: GameplayTagTreeChangedEvent.Broadcast -  0.000 s
[2019.03.03-01.40.43:060][  0]LogFileCache: Scanning file cache for directory 'D:/GitHub/Math-Assignment_1/Math_Assignment_1/Game260Development/Resources/VehicleMovement/Content/' took 0.02s
[2019.03.03-01.40.43:060][  0]SourceControl: Source control is disabled
[2019.03.03-01.40.43:060][  0]LightingResults: New page: Lighting Build
[2019.03.03-01.40.43:064][  0]MapCheck: New page: Map Check
[2019.03.03-01.40.43:064][  0]LightingResults: New page: Lighting Build
[2019.03.03-01.40.43:332][  0]LogAIModule: Creating AISystem for world VehicleExampleMap
[2019.03.03-01.40.43:346][  0]LogEditorServer: Finished looking for orphan Actors (0.000 secs)
[2019.03.03-01.40.43:368][  0]Cmd: MAP CHECKDEP NOCLEARLOG
[2019.03.03-01.40.43:436][  0]MapCheck: Map check complete: 0 Error(s), 0 Warning(s), took 67.024ms to complete.
[2019.03.03-01.40.43:436][  0]LogFileHelpers: Loading map 'VehicleExampleMap' took 0.376
[2019.03.03-01.40.43:570][  0]LogSlate: Updating window title bar state: overlay mode, drag disabled, window buttons hidden, title bar hidden
[2019.03.03-01.40.43:577][  0]LogSlate: Updating window title bar state: overlay mode, drag disabled, window buttons hidden, title bar hidden
[2019.03.03-01.40.43:584][  0]LogSlate: Updating window title bar state: overlay mode, drag disabled, window buttons hidden, title bar hidden
[2019.03.03-01.40.43:592][  0]LogSlate: Updating window title bar state: overlay mode, drag disabled, window buttons hidden, title bar hidden
[2019.03.03-01.40.43:609][  0]LogCollectionManager: Loaded 0 collections in 0.005609 seconds
[2019.03.03-01.40.43:663][  0]LogFileCache: Scanning file cache for directory 'D:/GitHub/Math-Assignment_1/Math_Assignment_1/Game260Development/Resources/VehicleMovement/Saved/Collections/' took 0.01s
[2019.03.03-01.40.43:663][  0]LogFileCache: Scanning file cache for directory 'D:/GitHub/Math-Assignment_1/Math_Assignment_1/Game260Development/Resources/VehicleMovement/Content/Developers/ChiyokoYumi/Collections/' took 0.01s
[2019.03.03-01.40.43:663][  0]LogFileCache: Scanning file cache for directory 'D:/GitHub/Math-Assignment_1/Math_Assignment_1/Game260Development/Resources/VehicleMovement/Content/Collections/' took 0.01s
[2019.03.03-01.40.43:663][  0]LogCollectionManager: Rebuilt the GUID cache for 0 collections in 0.000000 seconds
[2019.03.03-01.40.43:674][  0]LogContentBrowser: Native class hierarchy populated in 0.0106 seconds. Added 2585 classes and 608 folders.
[2019.03.03-01.40.43:684][  0]LogContentBrowser: Native class hierarchy updated for 'WidgetCarousel' in 0.0006 seconds. Added 0 classes and 0 folders.
[2019.03.03-01.40.43:806][  0]LogContentBrowser: Native class hierarchy updated for 'AddContentDialog' in 0.0007 seconds. Added 0 classes and 0 folders.
[2019.03.03-01.40.43:816][  0]LogContentBrowser: Native class hierarchy updated for 'SceneOutliner' in 0.0008 seconds. Added 1 classes and 2 folders.
[2019.03.03-01.40.43:885][  0]LogSlate: Took 0.012393 seconds to synchronously load lazily loaded font '../../../Engine/Content/Slate/Fonts/Roboto-Regular.ttf' (155K)
[2019.03.03-01.40.43:889][  0]LogSlate: Took 0.000252 seconds to synchronously load lazily loaded font '../../../Engine/Content/Slate/Fonts/Roboto-Bold.ttf' (160K)
[2019.03.03-01.40.43:892][  0]LogSlate: Took 0.000314 seconds to synchronously load lazily loaded font '../../../Engine/Content/Editor/Slate/Fonts/FontAwesome.ttf' (139K)
[2019.03.03-01.40.43:961][  0]LogRenderer: Reallocating scene render targets to support 1144x572 Format 10 NumSamples 1 (Frame:1).
[2019.03.03-01.40.44:017][  0]LogSlate: Took 0.000238 seconds to synchronously load lazily loaded font '../../../Engine/Content/Slate/Fonts/Roboto-Light.ttf' (167K)
[2019.03.03-01.40.44:191][  0]LogContentBrowser: Native class hierarchy updated for 'HierarchicalLODOutliner' in 0.0044 seconds. Added 0 classes and 0 folders.
[2019.03.03-01.40.44:192][  0]LogLoad: (Engine Initialization) Total time: 28.46 seconds
[2019.03.03-01.40.44:192][  0]LogLoad: (Engine Initialization) Total Blueprint compile time: 0.00 seconds
[2019.03.03-01.40.44:219][  0]LogRawInputWindows: Warning: Found device 0 devices
[2019.03.03-01.40.44:221][  0]LogRawInputWindows: Warning: Found device 0 devices
[2019.03.03-01.40.44:221][  0]LogRawInputWindows: Warning: Device was registered succesfully but not connected (Usage:4 UsagePage:1)
[2019.03.03-01.40.44:221][  0]LogRawInputWindows: Warning: Found device 1 devices
[2019.03.03-01.40.44:221][  0]LogRawInputWindows: Warning: Device was registered succesfully but not connected (Usage:5 UsagePage:1)
[2019.03.03-01.40.44:262][  0]LogContentStreaming: Texture pool size now 1000 MB
[2019.03.03-01.40.44:303][  1]LogAssetRegistry: Asset discovery search completed in 12.0915 seconds
[2019.03.03-01.40.44:305][  1]LogCollectionManager: Rebuilt the object cache for 0 collections in 0.000000 seconds (found 0 objects)
[2019.03.03-01.40.44:305][  1]LogCollectionManager: Fixed up redirectors for 0 collections in 0.000128 seconds (updated 0 objects)
[2019.03.03-01.42.21:213][566]LogSlate: FSceneViewport::OnFocusLost() reason 0
[2019.03.03-01.42.29:289][511]LogSlate: Took 0.000243 seconds to synchronously load lazily loaded font '../../../Engine/Content/Slate/Fonts/Roboto-Light.ttf' (167K)
[2019.03.03-01.42.39:472][694]LogTemp: Repeating last play command: Selected Viewport
[2019.03.03-01.42.39:493][694]LogBlueprintUserMessages: Early PlayInEditor Detection: Level '/Game/VehicleCPP/Maps/VehicleExampleMap.VehicleExampleMap:PersistentLevel' has LevelScriptBlueprint '/Game/VehicleCPP/Maps/VehicleExampleMap.VehicleExampleMap:PersistentLevel.VehicleExampleMap' with GeneratedClass '/Game/VehicleCPP/Maps/VehicleExampleMap.VehicleExampleMap_C' with ClassGeneratedBy '/Game/VehicleCPP/Maps/VehicleExampleMap.VehicleExampleMap:PersistentLevel.VehicleExampleMap'
[2019.03.03-01.42.39:493][694]LogPlayLevel: PlayLevel: No blueprints needed recompiling
[2019.03.03-01.42.39:508][694]PIE: New page: PIE session: VehicleExampleMap (Mar 2, 2019, 3:42:39 PM)
[2019.03.03-01.42.39:508][694]LogPlayLevel: Creating play world package: /Game/VehicleCPP/Maps/UEDPIE_0_VehicleExampleMap
[2019.03.03-01.42.39:533][694]LogPlayLevel: PIE: StaticDuplicateObject took: (0.026456s)
[2019.03.03-01.42.39:534][694]LogAIModule: Creating AISystem for world VehicleExampleMap
[2019.03.03-01.42.39:535][694]LogPlayLevel: PIE: World Init took: (0.001139s)
[2019.03.03-01.42.39:535][694]LogPlayLevel: PIE: Created PIE world by copying editor world from /Game/VehicleCPP/Maps/VehicleExampleMap.VehicleExampleMap to /Game/VehicleCPP/Maps/UEDPIE_0_VehicleExampleMap.VehicleExampleMap (0.028056s)
[2019.03.03-01.42.39:632][694]LogInit: XAudio2 using 'Speakers (Realtek(R) Audio)' : 2 channels at 48 kHz using 32 bits per sample (channel mask 0x3)
[2019.03.03-01.42.39:670][694]LogInit: FAudioDevice initialized.
[2019.03.03-01.42.39:722][694]LogLoad: Game class is 'MyVehicleMovementGameMode_C'
[2019.03.03-01.42.39:727][694]LogWorld: Bringing World /Game/VehicleCPP/Maps/UEDPIE_0_VehicleExampleMap.VehicleExampleMap up for play (max tick rate 0) at 2019.03.02-20.42.39
[2019.03.03-01.42.39:727][694]LogWorld: Bringing up level for play took: 0.002185
[2019.03.03-01.42.39:749][694]LogContentBrowser: Native class hierarchy updated for 'MovieSceneCapture' in 0.0007 seconds. Added 10 classes and 0 folders.
[2019.03.03-01.42.39:750][694]PIE: Play in editor start time for /Game/VehicleCPP/Maps/UEDPIE_0_VehicleExampleMap -0.728
[2019.03.03-01.42.39:750][694]LogBlueprintUserMessages: Late PlayInEditor Detection: Level '/Game/VehicleCPP/Maps/VehicleExampleMap.VehicleExampleMap:PersistentLevel' has LevelScriptBlueprint '/Game/VehicleCPP/Maps/VehicleExampleMap.VehicleExampleMap:PersistentLevel.VehicleExampleMap' with GeneratedClass '/Game/VehicleCPP/Maps/VehicleExampleMap.VehicleExampleMap_C' with ClassGeneratedBy '/Game/VehicleCPP/Maps/VehicleExampleMap.VehicleExampleMap:PersistentLevel.VehicleExampleMap'
[2019.03.03-01.42.50:938][ 11]LogBlueprintUserMessages: [CheckPoint_2] Cleared CheckPoint. Number of Checkpoint: 1
[2019.03.03-01.42.50:957][ 12]LogBlueprintUserMessages: [CheckPoint_2] Cleared CheckPoint. Number of Checkpoint: 2
[2019.03.03-01.42.50:957][ 12]LogBlueprintUserMessages: [CheckPoint_2] Cleared CheckPoint. Number of Checkpoint: 3
[2019.03.03-01.42.50:957][ 12]LogBlueprintUserMessages: [CheckPoint_2] Cleared CheckPoint. Number of Checkpoint: 4
[2019.03.03-01.42.50:958][ 12]LogBlueprintUserMessages: [CheckPoint_2] Cleared CheckPoint. Number of Checkpoint: 5
[2019.03.03-01.42.51:584][ 85]LogBlueprintUserMessages: [CheckPoint2] Cleared CheckPoint. Number of Checkpoint: 6
[2019.03.03-01.42.51:584][ 85]LogBlueprintUserMessages: [CheckPoint2] Cleared CheckPoint. Number of Checkpoint: 7
[2019.03.03-01.42.51:610][ 88]LogBlueprintUserMessages: [CheckPoint2] Cleared CheckPoint. Number of Checkpoint: 8
[2019.03.03-01.42.51:619][ 89]LogBlueprintUserMessages: [CheckPoint2] Cleared CheckPoint. Number of Checkpoint: 9
[2019.03.03-01.42.51:619][ 89]LogBlueprintUserMessages: [CheckPoint2] Cleared CheckPoint. Number of Checkpoint: 10
[2019.03.03-01.42.52:398][182]LogBlueprintUserMessages: [CheckPoint3] Cleared CheckPoint. Number of Checkpoint: 11
[2019.03.03-01.42.52:406][183]LogBlueprintUserMessages: [CheckPoint3] Cleared CheckPoint. Number of Checkpoint: 12
[2019.03.03-01.42.52:431][186]LogBlueprintUserMessages: [CheckPoint3] Cleared CheckPoint. Number of Checkpoint: 13
[2019.03.03-01.42.52:432][186]LogBlueprintUserMessages: [CheckPoint3] Cleared CheckPoint. Number of Checkpoint: 14
[2019.03.03-01.42.52:432][186]LogBlueprintUserMessages: [CheckPoint3] Cleared CheckPoint. Number of Checkpoint: 15
[2019.03.03-01.43.01:147][229]LogBlueprintUserMessages: Early EndPlayMap Detection: Level '/Game/VehicleCPP/Maps/VehicleExampleMap.VehicleExampleMap:PersistentLevel' has LevelScriptBlueprint '/Game/VehicleCPP/Maps/VehicleExampleMap.VehicleExampleMap:PersistentLevel.VehicleExampleMap' with GeneratedClass '/Game/VehicleCPP/Maps/VehicleExampleMap.VehicleExampleMap_C' with ClassGeneratedBy '/Game/VehicleCPP/Maps/VehicleExampleMap.VehicleExampleMap:PersistentLevel.VehicleExampleMap'
[2019.03.03-01.43.01:147][229]LogSlate: Updating window title bar state: overlay mode, drag disabled, window buttons hidden, title bar hidden
[2019.03.03-01.43.01:187][229]LogPlayLevel: Display: Shutting down PIE online subsystems
[2019.03.03-01.43.01:187][229]LogBlueprintUserMessages: Late EndPlayMap Detection: Level '/Game/VehicleCPP/Maps/VehicleExampleMap.VehicleExampleMap:PersistentLevel' has LevelScriptBlueprint '/Game/VehicleCPP/Maps/VehicleExampleMap.VehicleExampleMap:PersistentLevel.VehicleExampleMap' with GeneratedClass '/Game/VehicleCPP/Maps/VehicleExampleMap.VehicleExampleMap_C' with ClassGeneratedBy '/Game/VehicleCPP/Maps/VehicleExampleMap.VehicleExampleMap:PersistentLevel.VehicleExampleMap'
[2019.03.03-01.43.01:212][229]LogSlate: Updating window title bar state: overlay mode, drag disabled, window buttons hidden, title bar hidden
[2019.03.03-01.43.01:252][231]LogPlayLevel: Display: Destroying online subsystem :Context_4
[2019.03.03-01.43.02:463][371]LogSlate: FSceneViewport::OnFocusLost() reason 0
[2019.03.03-01.43.07:217][794]LogSlate: Window 'New Level' being destroyed
[2019.03.03-01.43.07:223][794]Cmd: MAP LOAD FILE="../../../Engine/Content/Maps/Templates/Template_Default.umap" TEMPLATE=1 SHOWPROGRESS=1 FEATURELEVEL=3
[2019.03.03-01.43.07:252][794]LightingResults: New page: Lighting Build
[2019.03.03-01.43.07:253][794]LoadErrors: New page: Loading map: Template_Default.umap
[2019.03.03-01.43.07:256][794]MapCheck: New page: Map Check
[2019.03.03-01.43.07:256][794]LightingResults: New page: Lighting Build
[2019.03.03-01.43.07:307][794]LogAIModule: Creating AISystem for world Untitled_1
[2019.03.03-01.43.07:363][794]LogEditorServer: Finished looking for orphan Actors (0.000 secs)
[2019.03.03-01.43.07:390][794]Cmd: MAP CHECKDEP NOCLEARLOG
[2019.03.03-01.43.07:461][794]MapCheck: Map check complete: 0 Error(s), 0 Warning(s), took 71.372ms to complete.
[2019.03.03-01.43.07:461][794]LogFileHelpers: Loading map 'Template_Default' took 0.240
[2019.03.03-01.43.09:498][ 31]LogEditorViewport: Clicking on Actor (LMB): StaticMeshActor (Floor)
[2019.03.03-01.43.14:521][626]Cmd: DELETE
[2019.03.03-01.43.14:521][626]Cmd: ACTOR DELETE
[2019.03.03-01.43.14:536][626]LogEditorActor: Deleted Actor: StaticMeshActor
[2019.03.03-01.43.14:557][626]LogEditorActor: Deleted 1 Actors (0.022 secs)
[2019.03.03-01.43.15:703][763]LogSlate: FSceneViewport::OnFocusLost() reason 0
[2019.03.03-01.43.36:444][970]LogSlate: Window 'New Level' being destroyed
[2019.03.03-01.44.43:610][455]LogTexture: Display: Building textures: Texture2D_2 (G8, 128X128)
[2019.03.03-01.45.16:971][376]LogSlate: FSceneViewport::OnFocusLost() reason 0
[2019.03.03-01.45.17:115][391]LogTexture: Display: Building textures: Texture2D_0 (BGRA8, 128X128)
[2019.03.03-01.47.21:171][108]LogSlate: FSceneViewport::OnFocusLost() reason 2
[2019.03.03-01.48.28:105][958]LogSlate: FSceneViewport::OnFocusLost() reason 0
[2019.03.03-01.48.35:569][971]LogSlate: Window 'Save Level As' being destroyed
[2019.03.03-01.48.35:580][971]LogSlate: FSceneViewport::OnFocusLost() reason 3
[2019.03.03-01.48.35:834][971]LogTexture: Display: Building textures: Texture2D_4 (BGRA8, 128X128)
[2019.03.03-01.48.35:917][971]LogSavePackage: Moving '../../../../GitHub/Math-Assignment_1/Math_Assignment_1/Game260Development/Resources/VehicleMovement/Saved/TestTrack2485EBF748F281B606F45BB3A13516BC.tmp' to '../../../../GitHub/Math-Assignment_1/Math_Assignment_1/Game260Development/Resources/VehicleMovement/Content/Maps/TestTrack.umap'
[2019.03.03-01.48.36:000][971]LogSavePackage: Moving '../../../../GitHub/Math-Assignment_1/Math_Assignment_1/Game260Development/Resources/VehicleMovement/Saved/TestTrack_BuiltData4ECF68A04DEFE6CE103B3FA21F74F224.tmp' to '../../../../GitHub/Math-Assignment_1/Math_Assignment_1/Game260Development/Resources/VehicleMovement/Content/Maps/TestTrack_BuiltData.uasset'
[2019.03.03-01.48.36:012][971]LogFileHelpers: Saving map 'TestTrack' took 0.409
[2019.03.03-01.48.38:544][264]LogSlate: FSceneViewport::OnFocusLost() reason 0
[2019.03.03-01.48.49:425][532]LogSavePackage: Moving '../../../../GitHub/Math-Assignment_1/Math_Assignment_1/Game260Development/Resources/VehicleMovement/Saved/TestTrack_BuiltDataCF933EAC43F788D230AA71B09C75081D.tmp' to '../../../../GitHub/Math-Assignment_1/Math_Assignment_1/Game260Development/Resources/VehicleMovement/Content/VehicleCPP/Maps/TestTrack_BuiltData.uasset'
[2019.03.03-01.48.54:202][532]LogSlate: Window 'Message' being destroyed
[2019.03.03-01.48.54:267][532]EditorErrors: New page: Save Output
[2019.03.03-01.48.54:268][532]EditorErrors: Warning: Can't save ../../../../GitHub/Math-Assignment_1/Math_Assignment_1/Game260Development/Resources/VehicleMovement/Content/VehicleCPP/Maps/TestTrack.umap: Graph is linked to external private object Unknown
[2019.03.03-01.48.54:319][532]LogFileHelpers: Saving map 'TestTrack' took 4.887
[2019.03.03-01.48.57:050][532]LogSlate: Window 'Message' being destroyed
[2019.03.03-01.49.01:148][979]LogSlate: Window 'Message Log' being destroyed
[2019.03.03-01.49.01:152][979]LogSlate: Window 'Message Log' being destroyed
[2019.03.03-01.49.11:883][  5]LogSlate: Window 'Message' being destroyed
[2019.03.03-01.49.11:888][  5]LogSavePackage: Warning: 
Referencers of LandscapeMaterialInstanceConstant /Game/Maps/TestTrack.LandscapeMaterialInstanceConstant_2:
[2019.03.03-01.49.11:918][  5]LogSavePackage: Warning: 	LandscapeComponent /Game/VehicleCPP/Maps/TestTrack.TestTrack:PersistentLevel.Landscape_0.LandscapeComponent_0 (1 refs)
[2019.03.03-01.49.11:918][  5]LogSavePackage: Warning: 		0) ObjectProperty /Script/Landscape.LandscapeComponent:MobileCombinationMaterialInstance
[2019.03.03-01.49.11:918][  5]LogSavePackage: Warning: 	LandscapeComponent /Game/VehicleCPP/Maps/TestTrack.TestTrack:PersistentLevel.Landscape_0.LandscapeComponent_2 (1 refs)
[2019.03.03-01.49.11:918][  5]LogSavePackage: Warning: 		0) ObjectProperty /Script/Landscape.LandscapeComponent:MobileCombinationMaterialInstance
[2019.03.03-01.49.11:918][  5]LogSavePackage: Warning: 	Landscape /Game/VehicleCPP/Maps/TestTrack.TestTrack:PersistentLevel.Landscape_0 (1 refs)
[2019.03.03-01.49.11:919][  5]LogSavePackage: Warning: 	LandscapeComponent /Game/VehicleCPP/Maps/TestTrack.TestTrack:PersistentLevel.Landscape_0.LandscapeComponent_1 (1 refs)
[2019.03.03-01.49.11:919][  5]LogSavePackage: Warning: 		0) ObjectProperty /Script/Landscape.LandscapeComponent:MobileCombinationMaterialInstance
[2019.03.03-01.49.11:919][  5]LogSavePackage: Warning: 	LandscapeComponent /Game/VehicleCPP/Maps/TestTrack.TestTrack:PersistentLevel.Landscape_0.LandscapeComponent_3 (1 refs)
[2019.03.03-01.49.11:919][  5]LogSavePackage: Warning: 		0) ObjectProperty /Script/Landscape.LandscapeComponent:MobileCombinationMaterialInstance
[2019.03.03-01.49.11:932][  5]EditorErrors: New page: Save Output
[2019.03.03-01.49.11:932][  5]EditorErrors: Warning: Can't save ../../../../GitHub/Math-Assignment_1/Math_Assignment_1/Game260Development/Resources/VehicleMovement/Content/VehicleCPP/Maps/TestTrack.umap: Graph is linked to external private object LandscapeMaterialInstanceConstant /Game/Maps/TestTrack.LandscapeMaterialInstanceConstant_2 (MobileCombinationMaterialInstance)
[2019.03.03-01.49.18:079][713]LogSlate: Window 'Message Log' being destroyed
[2019.03.03-01.49.18:085][713]LogSlate: Window 'Message Log' being destroyed
[2019.03.03-01.49.22:711][247]LogSavePackage: Moving '../../../../GitHub/Math-Assignment_1/Math_Assignment_1/Game260Development/Resources/VehicleMovement/Saved/TestTrack_BuiltData6516E2BC4C38D5FCE3F7729B0574ED8D.tmp' to '../../../../GitHub/Math-Assignment_1/Math_Assignment_1/Game260Development/Resources/VehicleMovement/Content/Maps/TestTrack_BuiltData.uasset'
[2019.03.03-01.49.22:914][247]LogSavePackage: Moving '../../../../GitHub/Math-Assignment_1/Math_Assignment_1/Game260Development/Resources/VehicleMovement/Saved/TestTrackD577CC9C4BFAACED2FEEEA919126A844.tmp' to '../../../../GitHub/Math-Assignment_1/Math_Assignment_1/Game260Development/Resources/VehicleMovement/Content/Maps/TestTrack.umap'
[2019.03.03-01.49.22:959][247]LogFileHelpers: Saving map 'TestTrack' took 0.239
[2019.03.03-01.49.24:795][417]LogSavePackage: Moving '../../../../GitHub/Math-Assignment_1/Math_Assignment_1/Game260Development/Resources/VehicleMovement/Saved/TestTrack4829A3E641E72D277F2F2486169D768E.tmp' to '../../../../GitHub/Math-Assignment_1/Math_Assignment_1/Game260Development/Resources/VehicleMovement/Content/Maps/TestTrack.umap'
[2019.03.03-01.49.24:843][417]LogSavePackage: Moving '../../../../GitHub/Math-Assignment_1/Math_Assignment_1/Game260Development/Resources/VehicleMovement/Saved/TestTrack_BuiltData64DECA944F33D89E53095CA7B016C892.tmp' to '../../../../GitHub/Math-Assignment_1/Math_Assignment_1/Game260Development/Resources/VehicleMovement/Content/Maps/TestTrack_BuiltData.uasset'
[2019.03.03-01.50.01:321][731]LogSlate: FSceneViewport::OnFocusLost() reason 0
[2019.03.03-01.50.07:170][423]LogEditorViewport: Clicking on Actor (LMB): PlayerStart (Player Start)
[2019.03.03-01.50.11:108][884]LogNavigationPoint: PostEditMove Clear paths rebuilt
[2019.03.03-01.50.18:484][749]LogNavigationPoint: PostEditMove Clear paths rebuilt
[2019.03.03-01.50.18:609][762]LogSlate: FSceneViewport::OnFocusLost() reason 0
[2019.03.03-01.50.28:697][959]LogNavigationPoint: PostEditMove Clear paths rebuilt
[2019.03.03-01.50.30:446][166]LogNavigationPoint: PostEditMove Clear paths rebuilt
[2019.03.03-01.50.35:841][798]LogSlate: FSceneViewport::OnFocusLost() reason 0
[2019.03.03-01.50.37:740][ 14]LogAIModule: Creating AISystem for world VehicleExampleMap
[2019.03.03-01.50.37:811][ 14]LogAssetEditorManager: Opening Asset editor for World /Game/VehicleCPP/Maps/VehicleExampleMap.VehicleExampleMap
[2019.03.03-01.50.42:462][ 14]LogSlate: Window 'Save Content' being destroyed
[2019.03.03-01.50.42:644][ 14]LogSavePackage: Moving '../../../../GitHub/Math-Assignment_1/Math_Assignment_1/Game260Development/Resources/VehicleMovement/Saved/TestTrack0A809D9F403168D84B0BB6B30AF3CB3E.tmp' to '../../../../GitHub/Math-Assignment_1/Math_Assignment_1/Game260Development/Resources/VehicleMovement/Content/Maps/TestTrack.umap'
[2019.03.03-01.50.42:674][ 14]LogFileHelpers: Saving map 'TestTrack' took 0.203
[2019.03.03-01.50.42:675][ 14]LightingResults: New page: Lighting Build
[2019.03.03-01.50.42:676][ 14]LoadErrors: New page: Loading map: VehicleExampleMap.umap
[2019.03.03-01.50.42:677][ 14]MapCheck: New page: Map Check
[2019.03.03-01.50.42:677][ 14]LightingResults: New page: Lighting Build
[2019.03.03-01.50.42:773][ 14]LogEditorServer: Finished looking for orphan Actors (0.000 secs)
[2019.03.03-01.50.42:815][ 14]Cmd: MAP CHECKDEP NOCLEARLOG
[2019.03.03-01.50.42:894][ 14]MapCheck: Map check complete: 0 Error(s), 0 Warning(s), took 78.558ms to complete.
[2019.03.03-01.50.42:910][ 14]LogFileHelpers: Loading map 'VehicleExampleMap' took 0.236
[2019.03.03-01.51.10:294][137]LogAIModule: Creating AISystem for world TestTrack
[2019.03.03-01.51.10:303][137]LogAssetEditorManager: Opening Asset editor for World /Game/Maps/TestTrack.TestTrack
[2019.03.03-01.51.10:324][137]Cmd: MAP LOAD FILE="../../../../GitHub/Math-Assignment_1/Math_Assignment_1/Game260Development/Resources/VehicleMovement/Content/Maps/TestTrack.umap" TEMPLATE=0 SHOWPROGRESS=1 FEATURELEVEL=3
[2019.03.03-01.51.10:324][137]LightingResults: New page: Lighting Build
[2019.03.03-01.51.10:324][137]LoadErrors: New page: Loading map: TestTrack.umap
[2019.03.03-01.51.10:387][137]MapCheck: New page: Map Check
[2019.03.03-01.51.10:387][137]LightingResults: New page: Lighting Build
[2019.03.03-01.51.10:513][137]LogEditorServer: Finished looking for orphan Actors (0.000 secs)
[2019.03.03-01.51.10:557][137]Cmd: MAP CHECKDEP NOCLEARLOG
[2019.03.03-01.51.10:632][137]MapCheck: Map check complete: 0 Error(s), 0 Warning(s), took 74.994ms to complete.
[2019.03.03-01.51.10:632][137]LogFileHelpers: Loading map 'TestTrack' took 0.309
[2019.03.03-01.52.08:327][936]LogSlate: FSceneViewport::OnFocusLost() reason 2
[2019.03.03-01.52.08:336][936]LogSlate: Prevented a slow task dialog from being summoned while a context menu was open
[2019.03.03-01.52.11:805][308]LogSlate: FSceneViewport::OnFocusLost() reason 0
[2019.03.03-01.52.12:419][381]LogTemp: Repeating last play command: Selected Viewport
[2019.03.03-01.52.12:432][381]LogPlayLevel: PlayLevel: No blueprints needed recompiling
[2019.03.03-01.52.12:433][381]PIE: New page: PIE session: TestTrack (Mar 2, 2019, 3:52:12 PM)
[2019.03.03-01.52.12:433][381]LogPlayLevel: Creating play world package: /Game/Maps/UEDPIE_0_TestTrack
[2019.03.03-01.52.12:439][381]LogPlayLevel: PIE: StaticDuplicateObject took: (0.005649s)
[2019.03.03-01.52.12:440][381]LogAIModule: Creating AISystem for world TestTrack
[2019.03.03-01.52.12:440][381]LogPlayLevel: PIE: World Init took: (0.001416s)
[2019.03.03-01.52.12:440][381]LogPlayLevel: PIE: Created PIE world by copying editor world from /Game/Maps/TestTrack.TestTrack to /Game/Maps/UEDPIE_0_TestTrack.TestTrack (0.007556s)
[2019.03.03-01.52.12:576][381]LogInit: XAudio2 using 'Speakers (Realtek(R) Audio)' : 2 channels at 48 kHz using 32 bits per sample (channel mask 0x3)
