Log file open, 02/14/19 15:28:15
LogWindows: Failed to load 'aqProf.dll' (GetLastError=126)
LogWindows: File 'aqProf.dll' does not exist
LogWindows: Failed to load 'VSPerf140.dll' (GetLastError=126)
LogWindows: File 'VSPerf140.dll' does not exist
LogWindows: Failed to load 'VtuneApi.dll' (GetLastError=126)
LogWindows: File 'VtuneApi.dll' does not exist
LogWindows: Failed to load 'VtuneApi32e.dll' (GetLastError=126)
LogWindows: File 'VtuneApi32e.dll' does not exist
LogInit: Display: Running engine for game: VehicleMovement
LogPlatformFile: Not using cached read wrapper
LogTaskGraph: Started task graph with 5 named threads and 14 total threads with 3 sets of task threads.
LogStats: Stats thread started at 0.802983
LogD3D11RHI: Loaded GFSDK_Aftermath_Lib.x64.dll
LogICUInternationalization: Display: ICU TimeZone Detection - Raw Offset: -5:00, Platform Override: ''
LogPluginManager: Mounting plugin Paper2D
LogPluginManager: Mounting plugin AISupport
LogPluginManager: Mounting plugin LightPropagationVolume
LogPluginManager: Mounting plugin CLionSourceCodeAccess
LogPluginManager: Mounting plugin CodeLiteSourceCodeAccess
LogPluginManager: Mounting plugin GitSourceControl
LogPluginManager: Mounting plugin KDevelopSourceCodeAccess
LogPluginManager: Mounting plugin NullSourceCodeAccess
LogPluginManager: Mounting plugin PerforceSourceControl
LogPluginManager: Mounting plugin SubversionSourceControl
LogPluginManager: Mounting plugin UObjectPlugin
LogPluginManager: Mounting plugin VisualStudioCodeSourceCodeAccess
LogPluginManager: Mounting plugin VisualStudioSourceCodeAccess
LogPluginManager: Mounting plugin XCodeSourceCodeAccess
LogPluginManager: Mounting plugin AssetManagerEditor
LogPluginManager: Mounting plugin CryptoKeys
LogPluginManager: Mounting plugin DataValidation
LogPluginManager: Mounting plugin FacialAnimation
LogPluginManager: Mounting plugin GameplayTagsEditor
LogPluginManager: Mounting plugin MacGraphicsSwitching
LogPluginManager: Mounting plugin MeshEditor
LogPluginManager: Mounting plugin MobileLauncherProfileWizard
LogPluginManager: Mounting plugin PluginBrowser
LogPluginManager: Mounting plugin SpeedTreeImporter
LogPluginManager: Mounting plugin DatasmithContent
LogPluginManager: Mounting plugin AlembicImporter
LogPluginManager: Mounting plugin AppleImageUtils
LogPluginManager: Mounting plugin AppleVision
LogPluginManager: Mounting plugin BackChannel
LogPluginManager: Mounting plugin CharacterAI
LogPluginManager: Mounting plugin GeometryCache
LogPluginManager: Mounting plugin HTML5Networking
LogPluginManager: Mounting plugin ProxyLODPlugin
LogPluginManager: Mounting plugin RawInput
LogPluginManager: Mounting plugin MagicLeap
LogPluginManager: Mounting plugin MagicLeapEmulator
LogPluginManager: Mounting plugin MagicLeapMedia
LogPluginManager: Mounting plugin AndroidMedia
LogPluginManager: Mounting plugin AvfMedia
LogPluginManager: Mounting plugin ImgMedia
LogPluginManager: Mounting plugin LinearTimecode
LogPluginManager: Mounting plugin MediaCompositing
LogPluginManager: Mounting plugin MediaPlayerEditor
LogPluginManager: Mounting plugin WmfMedia
LogPluginManager: Mounting plugin TcpMessaging
LogPluginManager: Mounting plugin UdpMessaging
LogPluginManager: Mounting plugin ActorSequence
LogPluginManager: Mounting plugin LevelSequenceEditor
LogPluginManager: Mounting plugin MatineeToLevelSequence
LogPluginManager: Mounting plugin NetcodeUnitTest
LogPluginManager: Mounting plugin NUTUnrealEngine4
LogPluginManager: Mounting plugin OnlineSubsystemGooglePlay
LogPluginManager: Mounting plugin OnlineSubsystemIOS
LogPluginManager: Mounting plugin OnlineSubsystem
LogPluginManager: Mounting plugin OnlineSubsystemNull
LogPluginManager: Mounting plugin OnlineSubsystemUtils
LogPluginManager: Mounting plugin LauncherChunkInstaller
LogPluginManager: Mounting plugin AndroidDeviceProfileSelector
LogPluginManager: Mounting plugin AndroidMoviePlayer
LogPluginManager: Mounting plugin AndroidPermission
LogPluginManager: Mounting plugin AppleMoviePlayer
LogPluginManager: Mounting plugin ArchVisCharacter
LogPluginManager: Mounting plugin AudioCapture
LogPluginManager: Mounting plugin CableComponent
LogPluginManager: Mounting plugin CustomMeshComponent
LogPluginManager: Mounting plugin EditableMesh
LogPluginManager: Mounting plugin ExampleDeviceProfileSelector
LogPluginManager: Mounting plugin GoogleCloudMessaging
LogPluginManager: Mounting plugin ImmediatePhysics
LogPluginManager: Mounting plugin IOSDeviceProfileSelector
LogPluginManager: Mounting plugin LinuxDeviceProfileSelector
LogPluginManager: Mounting plugin LocationServicesBPLibrary
LogPluginManager: Mounting plugin MobilePatchingUtils
LogPluginManager: Mounting plugin OculusVR
LogPluginManager: Plugin shader directory ../../../Engine/Plugins/Runtime/Oculus/OculusVR/Shaders found
LogPluginManager: Mapping shader source directory ../../../Engine/Plugins/Runtime/Oculus/OculusVR/Shaders to virtual directory /Plugin/OculusVR
LogPluginManager: Mounting plugin PhysXVehicles
LogPluginManager: Mounting plugin ProceduralMeshComponent
LogPluginManager: Mounting plugin RuntimePhysXCooking
LogPluginManager: Mounting plugin SteamVR
LogPluginManager: Mounting plugin WindowsMoviePlayer
LogStreaming: Display: Took  0.512s to configure plugins.
LogInit: Using libcurl 7.55.1-DEV
LogInit:  - built for x86_64-pc-win32
LogInit:  - supports SSL with OpenSSL/1.0.2h
LogInit:  - supports HTTP deflate (compression) using libz 1.2.8
LogInit:  - other features:
LogInit:      CURL_VERSION_SSL
LogInit:      CURL_VERSION_LIBZ
LogInit:      CURL_VERSION_IPV6
LogInit:      CURL_VERSION_ASYNCHDNS
LogInit:      CURL_VERSION_LARGEFILE
LogInit:      CURL_VERSION_IDN
LogInit:  CurlRequestOptions (configurable via config and command line):
LogInit:  - bVerifyPeer = false  - Libcurl will NOT verify peer certificate
LogInit:  - bUseHttpProxy = false  - Libcurl will NOT use HTTP proxy
LogInit:  - bDontReuseConnections = false  - Libcurl will reuse connections
LogInit:  - CertBundlePath = nullptr  - Libcurl will use whatever was configured at build time.
LogInit:  - MaxHostConnections = 16  - Libcurl will limit the number of connections to a host
LogInit:  - LocalHostAddr = Default
LogInit:  - BufferSize = 65536
LogInit: WinSock: version 1.1 (2.2), MaxSocks=32767, MaxUdp=65467
LogInit: Build: ++UE4+Release-4.20-CL-4369336
LogInit: Engine Version: 4.20.3-4369336+++UE4+Release-4.20
LogInit: Compatible Engine Version: 4.20.0-4212847+++UE4+Release-4.20
LogInit: Net CL: 4212847
LogInit: OS: Windows 10 (), CPU: Intel(R) Core(TM) i5-4460  CPU @ 3.20GHz, GPU: NVIDIA GeForce GTX 750 Ti
LogInit: Compiled (64-bit): Sep 17 2018 12:26:19
LogInit: Compiled with Visual C++: 19.13.26129.00
LogInit: Build Configuration: Development
LogInit: Branch Name: ++UE4+Release-4.20
LogInit: Command Line:  
LogInit: Base Directory: C:/Program Files/Epic Games/UE_4.20/Engine/Binaries/Win64/
LogInit: Installed Engine Build: 1
LogDevObjectVersion: Number of dev versions registered: 20
LogDevObjectVersion:   Dev-Blueprints (B0D832E4-1F89-4F0D-ACCF-7EB736FD4AA2): 10
LogDevObjectVersion:   Dev-Build (E1C64328-A22C-4D53-A36C-8E866417BD8C): 0
LogDevObjectVersion:   Dev-Core (375EC13C-06E4-48FB-B500-84F0262A717E): 2
LogDevObjectVersion:   Dev-Editor (E4B068ED-F494-42E9-A231-DA0B2E46BB41): 24
LogDevObjectVersion:   Dev-Framework (CFFC743F-43B0-4480-9391-14DF171D2073): 34
LogDevObjectVersion:   Dev-Mobile (B02B49B5-BB20-44E9-A304-32B752E40360): 2
LogDevObjectVersion:   Dev-Networking (A4E4105C-59A1-49B5-A7C5-40C4547EDFEE): 0
LogDevObjectVersion:   Dev-Online (39C831C9-5AE6-47DC-9A44-9C173E1C8E7C): 0
LogDevObjectVersion:   Dev-Physics (78F01B33-EBEA-4F98-B9B4-84EACCB95AA2): 0
LogDevObjectVersion:   Dev-Platform (6631380F-2D4D-43E0-8009-CF276956A95A): 0
LogDevObjectVersion:   Dev-Rendering (12F88B9F-8875-4AFC-A67C-D90C383ABD29): 26
LogDevObjectVersion:   Dev-Sequencer (7B5AE74C-D270-4C10-A958-57980B212A5A): 9
LogDevObjectVersion:   Dev-VR (D7296918-1DD6-4BDD-9DE2-64A83CC13884): 2
LogDevObjectVersion:   Dev-LoadTimes (C2A15278-BFE7-4AFE-6C17-90FF531DF755): 1
LogDevObjectVersion:   Private-Geometry (6EACA3D4-40EC-4CC1-B786-8BED09428FC5): 3
LogDevObjectVersion:   Dev-AnimPhys (29E575DD-E0A3-4627-9D10-D276232CDCEA): 17
LogDevObjectVersion:   Dev-ReflectionCapture (6B266CEC-1EC7-4B8F-A30B-E4D90942FC07): 1
LogDevObjectVersion:   Dev-Automation (0DF73D61-A23F-47EA-B727-89E90C41499A): 1
LogDevObjectVersion:   FortniteMain (601D1886-AC64-4F84-AA16-D3DE0DEAC7D6): 12
LogDevObjectVersion:   Dev-Enterprise (9DFFBCD6-494F-0158-E221-12823C92A888): 1
LogStreaming: Display: Took  0.021s to delete old logs.
LogInit: Presizing for max 8388607 objects, including 0 objects not considered by GC, pre-allocating 0 bytes for permanent pool.
LogInit: Object subsystem initialized
[2019.02.14-20.28.16:456][  0]LogInit: Selected Device Profile: [Windows]
[2019.02.14-20.28.16:457][  0]LogInit: Applying CVar settings loaded from the selected device profile: [Windows]
[2019.02.14-20.28.16:484][  0]LogHAL: Display: Platform has ~ 8 GB [8536301568 / 8589934592 / 8], which maps to Default [LargestMinGB=32, LargerMinGB=12, DefaultMinGB=8, SmallerMinGB=6, SmallestMinGB=0)
[2019.02.14-20.28.16:486][  0]LogInit: Setting Device Profile CVar: [[r.Vulkan.UseRealUBs:1]]
[2019.02.14-20.28.16:486][  0]LogInit: Going up to parent DeviceProfile []
[2019.02.14-20.28.16:488][  0]LogInit: Computer: DESKTOP-IAKBS29
[2019.02.14-20.28.16:488][  0]LogInit: User: Sarfaraz
[2019.02.14-20.28.16:488][  0]LogInit: CPU Page size=4096, Cores=4
[2019.02.14-20.28.16:488][  0]LogInit: High frequency timer resolution =10.000000 MHz
[2019.02.14-20.28.16:488][  0]LogMemory: Memory total: Physical=8.0GB (8GB approx)
[2019.02.14-20.28.16:488][  0]LogMemory: Platform Memory Stats for Windows
[2019.02.14-20.28.16:488][  0]LogMemory: Process Physical Memory: 100.35 MB used, 100.36 MB peak
[2019.02.14-20.28.16:488][  0]LogMemory: Process Virtual Memory: 84.10 MB used, 84.10 MB peak
[2019.02.14-20.28.16:488][  0]LogMemory: Physical Memory: 4975.92 MB used,  3164.93 MB free, 8140.85 MB total
[2019.02.14-20.28.16:488][  0]LogMemory: Virtual Memory: 4608.51 MB used,  3164.93 MB free, 134217728.00 MB total
[2019.02.14-20.28.16:720][  0]LogInit: Using OS detected language (en-US).
[2019.02.14-20.28.16:720][  0]LogInit: Using OS detected locale (en-CA).
[2019.02.14-20.28.16:726][  0]LogTextLocalizationManager: No specific localization for 'en-US' exists, so the 'en' localization will be used.
[2019.02.14-20.28.17:209][  0]LogStreaming: Display: Took  0.490s to InitEngineTextLocalization.
[2019.02.14-20.28.17:210][  0]LogInit: Setting process to per monitor DPI aware
[2019.02.14-20.28.17:323][  0]LogSlate: New Slate User Created.  User Index 0, Is Virtual User: 0
[2019.02.14-20.28.17:323][  0]LogSlate: Slate User Registered.  User Index 0, Is Virtual User: 0
[2019.02.14-20.28.17:849][  0]LogHMD: Failed to initialize OpenVR with code 110
[2019.02.14-20.28.17:849][  0]LogD3D11RHI: D3D11 adapters:
[2019.02.14-20.28.17:950][  0]LogD3D11RHI:    0. 'NVIDIA GeForce GTX 750 Ti' (Feature Level 11_0)
[2019.02.14-20.28.17:950][  0]LogD3D11RHI:       2007/0/4070 MB DedicatedVideo/DedicatedSystem/SharedSystem, Outputs:2, VendorId:0x10de
[2019.02.14-20.28.17:954][  0]LogD3D11RHI:    1. 'Microsoft Basic Render Driver' (Feature Level 11_0)
[2019.02.14-20.28.17:954][  0]LogD3D11RHI:       0/0/4070 MB DedicatedVideo/DedicatedSystem/SharedSystem, Outputs:0, VendorId:0x1414
[2019.02.14-20.28.17:954][  0]LogD3D11RHI: Chosen D3D11 Adapter: 0
[2019.02.14-20.28.17:964][  0]LogD3D11RHI: Creating new Direct3DDevice
[2019.02.14-20.28.17:964][  0]LogD3D11RHI:     GPU DeviceId: 0x1380 (for the marketing name, search the web for "GPU Device Id")
[2019.02.14-20.28.17:965][  0]LogWindows: EnumDisplayDevices:
[2019.02.14-20.28.17:965][  0]LogWindows:    0. 'NVIDIA GeForce GTX 750 Ti' (P:1 D:1)
[2019.02.14-20.28.17:966][  0]LogWindows:    1. 'NVIDIA GeForce GTX 750 Ti' (P:0 D:1)
[2019.02.14-20.28.17:967][  0]LogWindows:    2. 'NVIDIA GeForce GTX 750 Ti' (P:0 D:0)
[2019.02.14-20.28.17:967][  0]LogWindows:    3. 'NVIDIA GeForce GTX 750 Ti' (P:0 D:0)
[2019.02.14-20.28.17:968][  0]LogWindows: DebugString: FoundDriverCount:4 
[2019.02.14-20.28.17:968][  0]LogD3D11RHI:     Adapter Name: NVIDIA GeForce GTX 750 Ti
[2019.02.14-20.28.17:968][  0]LogD3D11RHI:   Driver Version: 418.91 (internal:25.21.14.1891, unified:418.91)
[2019.02.14-20.28.17:968][  0]LogD3D11RHI:      Driver Date: 2-6-2019
[2019.02.14-20.28.17:968][  0]LogRHI: Texture pool is 1405 MB (70% of 2007 MB)
[2019.02.14-20.28.18:032][  0]LogD3D11RHI: Async texture creation enabled
[2019.02.14-20.28.18:080][  0]LogD3D11RHI: GPU Timing Frequency: 1000.000000 (Debug: 2 1)
[2019.02.14-20.28.18:139][  0]LogShaderCompilers: Guid format shader working directory is -24 characters bigger than the processId version (D:/Humber/Semester 4/Game 260_Game Production/Assignments/VehicleMovement/Intermediate/Shaders/WorkingDirectory/7176/).
[2019.02.14-20.28.18:139][  0]LogShaderCompilers: Cleaned the shader compiler working directory 'C:/Users/Sarfaraz/AppData/Local/Temp/UnrealShaderWorkingDir/0C9C2BC14E1CCE32614B6E858EB866EB/'.
[2019.02.14-20.28.18:631][  0]LogTemp: Display: Loaded TP AllDesktopTargetPlatform
[2019.02.14-20.28.18:658][  0]LogTemp: Display: Loaded TP MacClientTargetPlatform
[2019.02.14-20.28.18:683][  0]LogTemp: Display: Loaded TP MacNoEditorTargetPlatform
[2019.02.14-20.28.18:709][  0]LogTemp: Display: Loaded TP MacServerTargetPlatform
[2019.02.14-20.28.18:736][  0]LogTemp: Display: Loaded TP MacTargetPlatform
[2019.02.14-20.28.18:763][  0]LogTemp: Display: Loaded TP WindowsClientTargetPlatform
[2019.02.14-20.28.18:791][  0]LogTemp: Display: Loaded TP WindowsNoEditorTargetPlatform
[2019.02.14-20.28.18:818][  0]LogTemp: Display: Loaded TP WindowsServerTargetPlatform
[2019.02.14-20.28.18:835][  0]LogTemp: Display: Loaded TP WindowsTargetPlatform
[2019.02.14-20.28.18:966][  0]LogTemp: Display: Loaded TP AndroidTargetPlatform
[2019.02.14-20.28.18:966][  0]LogTemp: Display: Loaded TP AndroidTargetPlatform
[2019.02.14-20.28.18:966][  0]LogTemp: Display: Loaded TP AndroidTargetPlatform
[2019.02.14-20.28.18:966][  0]LogTemp: Display: Loaded TP AndroidTargetPlatform
[2019.02.14-20.28.18:966][  0]LogTemp: Display: Loaded TP AndroidTargetPlatform
[2019.02.14-20.28.18:966][  0]LogTemp: Display: Loaded TP AndroidTargetPlatform
[2019.02.14-20.28.18:966][  0]LogTemp: Display: Loaded TP AndroidTargetPlatform
[2019.02.14-20.28.18:966][  0]LogTemp: Display: Loaded TP AndroidTargetPlatform
[2019.02.14-20.28.18:966][  0]LogTemp: Display: Loaded TP AndroidTargetPlatform
[2019.02.14-20.28.18:966][  0]LogTemp: Display: Loaded TP AndroidTargetPlatform
[2019.02.14-20.28.18:966][  0]LogTemp: Display: Loaded TP AndroidTargetPlatform
[2019.02.14-20.28.18:966][  0]LogTemp: Display: Loaded TP AndroidTargetPlatform
[2019.02.14-20.28.18:966][  0]LogTemp: Display: Loaded TP AndroidTargetPlatform
[2019.02.14-20.28.18:966][  0]LogTemp: Display: Loaded TP AndroidTargetPlatform
[2019.02.14-20.28.18:966][  0]LogTemp: Display: Loaded TP AndroidTargetPlatform
[2019.02.14-20.28.18:966][  0]LogTemp: Display: Loaded TP AndroidTargetPlatform
[2019.02.14-20.28.18:966][  0]LogTemp: Display: Loaded TP AndroidTargetPlatform
[2019.02.14-20.28.18:966][  0]LogTemp: Display: Loaded TP AndroidTargetPlatform
[2019.02.14-20.28.18:977][  0]LogTemp: Display: Loaded TP HTML5TargetPlatform
[2019.02.14-20.28.19:072][  0]LogTemp: Display: Loaded TP IOSTargetPlatform
[2019.02.14-20.28.19:072][  0]LogTemp: Display: Loaded TP IOSTargetPlatform
[2019.02.14-20.28.19:114][  0]LogTemp: Display: Loaded TP TVOSTargetPlatform
[2019.02.14-20.28.19:114][  0]LogTemp: Display: Loaded TP TVOSTargetPlatform
[2019.02.14-20.28.19:138][  0]LogTemp: Display: Loaded TP LinuxClientTargetPlatform
[2019.02.14-20.28.19:162][  0]LogTemp: Display: Loaded TP LinuxNoEditorTargetPlatform
[2019.02.14-20.28.19:185][  0]LogTemp: Display: Loaded TP LinuxServerTargetPlatform
[2019.02.14-20.28.19:212][  0]LogTemp: Display: Loaded TP LinuxTargetPlatform
[2019.02.14-20.28.19:231][  0]LogTemp: Display: Loaded TP LuminTargetPlatform
[2019.02.14-20.28.19:231][  0]LogTargetPlatformManager: Display: Building Assets For Windows
[2019.02.14-20.28.19:566][  0]LogXGEController: Cleaning working directory: C:/Users/Sarfaraz/AppData/Local/Temp/UnrealXGEWorkingDir/
[2019.02.14-20.28.19:567][  0]LogXGEController: Cannot use XGE Controller as Incredibuild is not installed on this machine.
[2019.02.14-20.28.19:568][  0]LogShaderCompilers: Cannot use XGE Shader Compiler as Incredibuild is not installed on this machine.
[2019.02.14-20.28.19:568][  0]LogShaderCompilers: Display: Using Local Shader Compiler.
[2019.02.14-20.28.21:597][  0]LogDerivedDataCache: Display: Max Cache Size: 512 MB
[2019.02.14-20.28.21:916][  0]LogDerivedDataCache: Loaded boot cache 0.32s 73MB C:/Users/Sarfaraz/AppData/Local/UnrealEngine/4.20/DerivedDataCache/Boot.ddc.
[2019.02.14-20.28.21:917][  0]LogDerivedDataCache: Display: Loaded Boot cache: C:/Users/Sarfaraz/AppData/Local/UnrealEngine/4.20/DerivedDataCache/Boot.ddc
[2019.02.14-20.28.21:917][  0]LogDerivedDataCache: FDerivedDataBackendGraph:  Pak pak cache file D:/Humber/Semester 4/Game 260_Game Production/Assignments/VehicleMovement/DerivedDataCache/DDC.ddp not found, will not use a pak cache.
[2019.02.14-20.28.21:917][  0]LogDerivedDataCache: Unable to find inner node Pak for hierarchical cache Hierarchy.
[2019.02.14-20.28.21:917][  0]LogDerivedDataCache: FDerivedDataBackendGraph:  CompressedPak pak cache file D:/Humber/Semester 4/Game 260_Game Production/Assignments/VehicleMovement/DerivedDataCache/Compressed.ddp not found, will not use a pak cache.
[2019.02.14-20.28.21:917][  0]LogDerivedDataCache: Unable to find inner node CompressedPak for hierarchical cache Hierarchy.
[2019.02.14-20.28.21:944][  0]LogDerivedDataCache: Display: Pak cache opened for reading ../../../Engine/DerivedDataCache/Compressed.ddp.
[2019.02.14-20.28.21:960][  0]LogDerivedDataCache: Using Local data cache path C:/Users/Sarfaraz/AppData/Local/UnrealEngine/Common/DerivedDataCache: Writable
[2019.02.14-20.28.21:960][  0]LogDerivedDataCache: Shared data cache path not found in *engine.ini, will not use an Shared cache.
[2019.02.14-20.28.21:960][  0]LogDerivedDataCache: Unable to find inner node Shared for hierarchical cache Hierarchy.
[2019.02.14-20.28.21:988][  0]LogMaterial: Verifying Global Shaders for PCD3D_SM5
[2019.02.14-20.28.21:996][  0]LogSlate: Using FreeType 2.6.0
[2019.02.14-20.28.22:000][  0]LogSlate: SlateFontServices - WITH_FREETYPE: 1, WITH_HARFBUZZ: 1
[2019.02.14-20.28.22:193][  0]LogAssetRegistry: FAssetRegistry took 0.0318 seconds to start up
[2019.02.14-20.28.22:902][  0]LogInit: Selected Device Profile: [Windows]
[2019.02.14-20.28.23:295][  0]LogSimplygon: Simplygon DLL not present - disabling.
[2019.02.14-20.28.23:329][  0]LogMeshReduction: Using SimplygonSwarm for distributed automatic mesh merging
[2019.02.14-20.28.23:330][  0]LogMeshReduction: Using ProxyLODMeshReduction for automatic mesh merging
[2019.02.14-20.28.23:330][  0]LogMeshReduction: Using QuadricMeshReduction for automatic static mesh reduction
[2019.02.14-20.28.23:330][  0]LogMeshReduction: No automatic skeletal mesh reduction module available
[2019.02.14-20.28.23:393][  0]LogNetVersion: VehicleMovement 1.0.0, NetCL: 4212847, EngineNetVer: 5, GameNetVer: 0 (Checksum: 2966596176)
[2019.02.14-20.28.24:579][  0]LogPackageLocalizationCache: Processed 11 localized package path(s) for 2 prioritized culture(s) in 0.154218 seconds
[2019.02.14-20.28.24:587][  0]LogUObjectArray: 38425 objects as part of root set at end of initial load.
[2019.02.14-20.28.24:587][  0]LogUObjectAllocator: 6690864 out of 0 bytes used by permanent object pool.
[2019.02.14-20.28.24:587][  0]LogUObjectArray: CloseDisregardForGC: 0/0 objects in disregard for GC pool
[2019.02.14-20.28.27:164][  0]LogTcpMessaging: Initializing TcpMessaging bridge
[2019.02.14-20.28.27:186][  0]LogUdpMessaging: Initializing bridge on interface 0.0.0.0:0 to multicast group 230.0.0.1:6666.
[2019.02.14-20.28.28:135][  0]SourceControl: Source control is disabled
[2019.02.14-20.28.28:135][  0]SourceControl: Source control is disabled
[2019.02.14-20.28.28:153][  0]SourceControl: Source control is disabled
[2019.02.14-20.28.28:166][  0]SourceControl: Source control is disabled
[2019.02.14-20.28.28:803][  0]LogAndroidPermission: UAndroidPermissionCallbackProxy::GetInstance
[2019.02.14-20.28.28:966][  0]LogOcInput: OculusInput pre-init called
[2019.02.14-20.28.29:151][  0]LogEngine: Initializing Engine...
[2019.02.14-20.28.29:158][  0]LogHMD: Failed to initialize OpenVR with code 110
[2019.02.14-20.28.29:161][  0]LogStats: UGameplayTagsManager::ConstructGameplayTagTree: ImportINI prefixes -  0.000 s
[2019.02.14-20.28.29:161][  0]LogStats: UGameplayTagsManager::ConstructGameplayTagTree: Construct from data asset -  0.000 s
[2019.02.14-20.28.29:161][  0]LogStats: UGameplayTagsManager::ConstructGameplayTagTree: ImportINI -  0.000 s
[2019.02.14-20.28.29:161][  0]LogStats: UGameplayTagsManager::ConstructGameplayTagTree: GameplayTagTreeChangedEvent.Broadcast -  0.000 s
[2019.02.14-20.28.29:690][  0]LogInit: Initializing FReadOnlyCVARCache
[2019.02.14-20.28.30:089][  0]LogAIModule: Creating AISystem for world Untitled
[2019.02.14-20.28.30:150][  0]LogInit: XAudio2 using 'Headset Earphone (Razer ManO'War 7.1)' : 2 channels at 44.1 kHz using 16 bits per sample (channel mask 0x3)
[2019.02.14-20.28.30:270][  0]LogInit: FAudioDevice initialized.
[2019.02.14-20.28.30:271][  0]LogNetVersion: Set ProjectVersion to 1.0.0.0. Version Checksum will be recalculated on next use.
[2019.02.14-20.28.30:356][  0]LogDerivedDataCache: Saved boot cache 0.08s 73MB C:/Users/Sarfaraz/AppData/Local/UnrealEngine/4.20/DerivedDataCache/Boot.ddc.
[2019.02.14-20.28.30:367][  0]LogInit: Texture streaming: Enabled
[2019.02.14-20.28.30:434][  0]LogEngineSessionManager: EngineSessionManager initialized
[2019.02.14-20.28.30:477][  0]LogInit: Transaction tracking system initialized
[2019.02.14-20.28.30:587][  0]BlueprintLog: New page: Editor Load
[2019.02.14-20.28.30:981][  0]LocalizationService: Localization service is disabled
[2019.02.14-20.28.31:835][  0]LogCook: Display: Max memory allowance for cook 16384mb min free memory 0mb
[2019.02.14-20.28.31:836][  0]LogFileCache: Scanning file cache for directory 'D:/Humber/Semester 4/Game 260_Game Production/Assignments/VehicleMovement/Content/' took 0.02s
[2019.02.14-20.28.31:836][  0]LogCook: Display: Mobile HDR setting 1
[2019.02.14-20.28.31:837][  0]LogGameplayTags: Display: UGameplayTagsManager::DoneAddingNativeTags. DelegateIsBound: 0
[2019.02.14-20.28.31:837][  0]LogStats: UGameplayTagsManager::ConstructGameplayTagTree: ImportINI prefixes -  0.000 s
[2019.02.14-20.28.31:837][  0]LogStats: UGameplayTagsManager::ConstructGameplayTagTree: Construct from data asset -  0.000 s
[2019.02.14-20.28.31:837][  0]LogStats: UGameplayTagsManager::ConstructGameplayTagTree: ImportINI -  0.000 s
[2019.02.14-20.28.31:837][  0]LogStats: UGameplayTagsManager::ConstructGameplayTagTree: GameplayTagTreeChangedEvent.Broadcast -  0.000 s
[2019.02.14-20.28.32:297][  0]SourceControl: Source control is disabled
[2019.02.14-20.28.32:298][  0]Cmd: MAP LOAD FILE="D:/Humber/Semester 4/Game 260_Game Production/Assignments/VehicleMovement/Content/VehicleCPP/Maps/VehicleExampleMap.umap" TEMPLATE=0 SHOWPROGRESS=1 FEATURELEVEL=3
[2019.02.14-20.28.32:335][  0]LightingResults: New page: Lighting Build
[2019.02.14-20.28.32:359][  0]MapCheck: New page: Map Check
[2019.02.14-20.28.32:359][  0]LightingResults: New page: Lighting Build
[2019.02.14-20.28.33:103][  0]LogAIModule: Creating AISystem for world VehicleExampleMap
[2019.02.14-20.28.33:141][  0]LogEditorServer: Finished looking for orphan Actors (0.000 secs)
[2019.02.14-20.28.33:173][  0]Cmd: MAP CHECKDEP NOCLEARLOG
[2019.02.14-20.28.33:662][  0]MapCheck: Map check complete: 0 Error(s), 0 Warning(s), took 488.826ms to complete.
[2019.02.14-20.28.33:662][  0]LogFileHelpers: Loading map 'VehicleExampleMap' took 1.365
[2019.02.14-20.28.33:869][  0]LogSlate: Updating window title bar state: overlay mode, drag disabled, window buttons hidden, title bar hidden
[2019.02.14-20.28.33:878][  0]LogSlate: Updating window title bar state: overlay mode, drag disabled, window buttons hidden, title bar hidden
[2019.02.14-20.28.33:889][  0]LogSlate: Updating window title bar state: overlay mode, drag disabled, window buttons hidden, title bar hidden
[2019.02.14-20.28.33:898][  0]LogSlate: Updating window title bar state: overlay mode, drag disabled, window buttons hidden, title bar hidden
[2019.02.14-20.28.33:930][  0]LogCollectionManager: Loaded 0 collections in 0.010428 seconds
[2019.02.14-20.28.33:999][  0]LogFileCache: Scanning file cache for directory 'D:/Humber/Semester 4/Game 260_Game Production/Assignments/VehicleMovement/Saved/Collections/' took 0.01s
[2019.02.14-20.28.33:999][  0]LogFileCache: Scanning file cache for directory 'D:/Humber/Semester 4/Game 260_Game Production/Assignments/VehicleMovement/Content/Developers/Sarfaraz/Collections/' took 0.01s
[2019.02.14-20.28.33:999][  0]LogFileCache: Scanning file cache for directory 'D:/Humber/Semester 4/Game 260_Game Production/Assignments/VehicleMovement/Content/Collections/' took 0.01s
[2019.02.14-20.28.33:999][  0]LogCollectionManager: Rebuilt the GUID cache for 0 collections in 0.000000 seconds
[2019.02.14-20.28.34:015][  0]LogContentBrowser: Native class hierarchy populated in 0.0145 seconds. Added 2580 classes and 608 folders.
[2019.02.14-20.28.34:037][  0]LogContentBrowser: Native class hierarchy updated for 'WidgetCarousel' in 0.0006 seconds. Added 0 classes and 0 folders.
[2019.02.14-20.28.34:259][  0]LogContentBrowser: Native class hierarchy updated for 'AddContentDialog' in 0.0007 seconds. Added 0 classes and 0 folders.
[2019.02.14-20.28.34:282][  0]LogContentBrowser: Native class hierarchy updated for 'SceneOutliner' in 0.0007 seconds. Added 1 classes and 2 folders.
[2019.02.14-20.28.34:364][  0]LogSlate: Took 0.002332 seconds to synchronously load lazily loaded font '../../../Engine/Content/Slate/Fonts/Roboto-Regular.ttf' (155K)
[2019.02.14-20.28.34:375][  0]LogSlate: Took 0.001420 seconds to synchronously load lazily loaded font '../../../Engine/Content/Slate/Fonts/Roboto-Bold.ttf' (160K)
[2019.02.14-20.28.34:380][  0]LogSlate: Took 0.001337 seconds to synchronously load lazily loaded font '../../../Engine/Content/Editor/Slate/Fonts/FontAwesome.ttf' (139K)
[2019.02.14-20.28.34:482][  0]LogRenderer: Reallocating scene render targets to support 1528x696 Format 10 NumSamples 1 (Frame:1).
[2019.02.14-20.28.34:901][  0]LogContentBrowser: Native class hierarchy updated for 'HierarchicalLODOutliner' in 0.0006 seconds. Added 0 classes and 0 folders.
[2019.02.14-20.28.34:901][  0]LogLoad: (Engine Initialization) Total time: 25.30 seconds
[2019.02.14-20.28.34:901][  0]LogLoad: (Engine Initialization) Total Blueprint compile time: 0.00 seconds
[2019.02.14-20.28.34:923][  0]LogRawInputWindows: Warning: Found device 0 devices
[2019.02.14-20.28.34:924][  0]LogRawInputWindows: Warning: Found device 0 devices
[2019.02.14-20.28.34:924][  0]LogRawInputWindows: Warning: Device was registered succesfully but not connected (Usage:4 UsagePage:1)
[2019.02.14-20.28.34:924][  0]LogRawInputWindows: Warning: Found device 1 devices
[2019.02.14-20.28.34:924][  0]LogRawInputWindows: Warning: Device was registered succesfully but not connected (Usage:5 UsagePage:1)
[2019.02.14-20.28.34:960][  0]LogContentStreaming: Texture pool size now 1000 MB
[2019.02.14-20.28.35:021][  1]LogAssetRegistry: Asset discovery search completed in 12.8515 seconds
[2019.02.14-20.28.35:023][  1]LogCollectionManager: Rebuilt the object cache for 0 collections in 0.000000 seconds (found 0 objects)
[2019.02.14-20.28.35:023][  1]LogCollectionManager: Fixed up redirectors for 0 collections in 0.000089 seconds (updated 0 objects)
[2019.02.14-20.28.51:761][201]LogSlate: FSceneViewport::OnFocusLost() reason 0
[2019.02.14-20.28.51:826][209]LogTemp: Repeating last play command: Selected Viewport
[2019.02.14-20.28.51:842][209]LogBlueprintUserMessages: Early PlayInEditor Detection: Level '/Game/VehicleCPP/Maps/VehicleExampleMap.VehicleExampleMap:PersistentLevel' has LevelScriptBlueprint '/Game/VehicleCPP/Maps/VehicleExampleMap.VehicleExampleMap:PersistentLevel.VehicleExampleMap' with GeneratedClass '/Game/VehicleCPP/Maps/VehicleExampleMap.VehicleExampleMap_C' with ClassGeneratedBy '/Game/VehicleCPP/Maps/VehicleExampleMap.VehicleExampleMap:PersistentLevel.VehicleExampleMap'
[2019.02.14-20.28.51:843][209]LogPlayLevel: PlayLevel: No blueprints needed recompiling
[2019.02.14-20.28.51:862][209]PIE: New page: PIE session: VehicleExampleMap (Feb 14, 2019, 10:28:51 AM)
[2019.02.14-20.28.51:862][209]LogPlayLevel: Creating play world package: /Game/VehicleCPP/Maps/UEDPIE_0_VehicleExampleMap
[2019.02.14-20.28.51:900][209]LogPlayLevel: PIE: StaticDuplicateObject took: (0.037437s)
[2019.02.14-20.28.51:901][209]LogAIModule: Creating AISystem for world VehicleExampleMap
[2019.02.14-20.28.51:901][209]LogPlayLevel: PIE: World Init took: (0.001142s)
[2019.02.14-20.28.51:901][209]LogPlayLevel: PIE: Created PIE world by copying editor world from /Game/VehicleCPP/Maps/VehicleExampleMap.VehicleExampleMap to /Game/VehicleCPP/Maps/UEDPIE_0_VehicleExampleMap.VehicleExampleMap (0.038875s)
[2019.02.14-20.28.51:944][209]LogInit: XAudio2 using 'Headset Earphone (Razer ManO'War 7.1)' : 2 channels at 44.1 kHz using 16 bits per sample (channel mask 0x3)
[2019.02.14-20.28.52:017][209]LogInit: FAudioDevice initialized.
[2019.02.14-20.28.52:081][209]LogLoad: Game class is 'VehicleMovementGameMode'
[2019.02.14-20.28.52:091][209]LogWorld: Bringing World /Game/VehicleCPP/Maps/UEDPIE_0_VehicleExampleMap.VehicleExampleMap up for play (max tick rate 0) at 2019.02.14-15.28.52
[2019.02.14-20.28.52:094][209]LogWorld: Bringing up level for play took: 0.005374
[2019.02.14-20.28.52:125][209]LogContentBrowser: Native class hierarchy updated for 'MovieSceneCapture' in 0.0007 seconds. Added 10 classes and 0 folders.
[2019.02.14-20.28.52:127][209]PIE: Play in editor start time for /Game/VehicleCPP/Maps/UEDPIE_0_VehicleExampleMap 0.003
[2019.02.14-20.28.52:128][209]LogBlueprintUserMessages: Late PlayInEditor Detection: Level '/Game/VehicleCPP/Maps/VehicleExampleMap.VehicleExampleMap:PersistentLevel' has LevelScriptBlueprint '/Game/VehicleCPP/Maps/VehicleExampleMap.VehicleExampleMap:PersistentLevel.VehicleExampleMap' with GeneratedClass '/Game/VehicleCPP/Maps/VehicleExampleMap.VehicleExampleMap_C' with ClassGeneratedBy '/Game/VehicleCPP/Maps/VehicleExampleMap.VehicleExampleMap:PersistentLevel.VehicleExampleMap'
[2019.02.14-20.28.52:176][210]LogTemp: It WOWORKSSSSSSSSS
[2019.02.14-20.28.52:177][210]LogTemp: It WOWORKSSSSSSSSS
[2019.02.14-20.28.52:177][210]LogTemp: It WOWORKSSSSSSSSS
[2019.02.14-20.28.52:177][210]LogTemp: It WOWORKSSSSSSSSS
[2019.02.14-20.28.52:177][210]LogTemp: It WOWORKSSSSSSSSS
[2019.02.14-20.28.52:177][210]LogTemp: It WOWORKSSSSSSSSS
[2019.02.14-20.28.52:177][210]LogTemp: It WOWORKSSSSSSSSS
[2019.02.14-20.28.52:177][210]LogTemp: It WOWORKSSSSSSSSS
[2019.02.14-20.28.52:177][210]LogTemp: It WOWORKSSSSSSSSS
[2019.02.14-20.28.52:177][210]LogTemp: It WOWORKSSSSSSSSS
[2019.02.14-20.28.52:177][210]LogTemp: It WOWORKSSSSSSSSS
[2019.02.14-20.28.52:177][210]LogTemp: It WOWORKSSSSSSSSS
[2019.02.14-20.28.52:177][210]LogTemp: It WOWORKSSSSSSSSS
[2019.02.14-20.28.52:177][210]LogTemp: It WOWORKSSSSSSSSS
[2019.02.14-20.28.52:177][210]LogTemp: It WOWORKSSSSSSSSS
[2019.02.14-20.28.52:177][210]LogTemp: It WOWORKSSSSSSSSS
[2019.02.14-20.28.52:177][210]LogTemp: It WOWORKSSSSSSSSS
[2019.02.14-20.28.52:177][210]LogTemp: It WOWORKSSSSSSSSS
[2019.02.14-20.28.52:177][210]LogTemp: It WOWORKSSSSSSSSS
[2019.02.14-20.28.52:177][210]LogTemp: It WOWORKSSSSSSSSS
[2019.02.14-20.28.52:177][210]LogTemp: It WOWORKSSSSSSSSS
[2019.02.14-20.28.52:178][210]LogTemp: It WOWORKSSSSSSSSS
[2019.02.14-20.28.52:178][210]LogTemp: It WOWORKSSSSSSSSS
[2019.02.14-20.28.52:178][210]LogTemp: It WOWORKSSSSSSSSS
[2019.02.14-20.28.52:178][210]LogTemp: It WOWORKSSSSSSSSS
[2019.02.14-20.28.52:178][210]LogTemp: It WOWORKSSSSSSSSS
[2019.02.14-20.28.52:178][210]LogTemp: It WOWORKSSSSSSSSS
[2019.02.14-20.28.52:178][210]LogTemp: It WOWORKSSSSSSSSS
[2019.02.14-20.28.52:178][210]LogTemp: It WOWORKSSSSSSSSS
[2019.02.14-20.28.52:178][210]LogTemp: It WOWORKSSSSSSSSS
[2019.02.14-20.28.52:178][210]LogTemp: It WOWORKSSSSSSSSS
[2019.02.14-20.28.52:178][210]LogTemp: It WOWORKSSSSSSSSS
[2019.02.14-20.28.52:178][210]LogTemp: It WOWORKSSSSSSSSS
[2019.02.14-20.28.52:178][210]LogTemp: It WOWORKSSSSSSSSS
[2019.02.14-20.28.52:178][210]LogTemp: It WOWORKSSSSSSSSS
[2019.02.14-20.28.52:191][211]LogTemp: It WOWORKSSSSSSSSS
[2019.02.14-20.28.52:191][211]LogTemp: It WOWORKSSSSSSSSS
[2019.02.14-20.28.52:202][212]LogTemp: It WOWORKSSSSSSSSS
[2019.02.14-20.28.52:222][213]LogTemp: It WOWORKSSSSSSSSS
[2019.02.14-20.28.52:222][213]LogTemp: It WOWORKSSSSSSSSS
[2019.02.14-20.28.52:231][214]LogTemp: It WOWORKSSSSSSSSS
[2019.02.14-20.28.52:240][215]LogTemp: It WOWORKSSSSSSSSS
[2019.02.14-20.28.52:256][217]LogTemp: It WOWORKSSSSSSSSS
[2019.02.14-20.28.52:265][218]LogTemp: It WOWORKSSSSSSSSS
[2019.02.14-20.28.52:274][219]LogTemp: It WOWORKSSSSSSSSS
[2019.02.14-20.28.52:282][220]LogTemp: It WOWORKSSSSSSSSS
[2019.02.14-20.28.52:291][221]LogTemp: It WOWORKSSSSSSSSS
[2019.02.14-20.28.52:300][222]LogTemp: It WOWORKSSSSSSSSS
[2019.02.14-20.28.52:308][223]LogTemp: It WOWORKSSSSSSSSS
[2019.02.14-20.28.52:317][224]LogTemp: It WOWORKSSSSSSSSS
[2019.02.14-20.28.52:326][225]LogTemp: It WOWORKSSSSSSSSS
[2019.02.14-20.28.52:343][227]LogTemp: It WOWORKSSSSSSSSS
[2019.02.14-20.28.52:351][228]LogTemp: It WOWORKSSSSSSSSS
[2019.02.14-20.28.52:359][229]LogTemp: It WOWORKSSSSSSSSS
[2019.02.14-20.28.52:368][230]LogTemp: It WOWORKSSSSSSSSS
[2019.02.14-20.28.52:377][231]LogTemp: It WOWORKSSSSSSSSS
[2019.02.14-20.28.52:393][233]LogTemp: It WOWORKSSSSSSSSS
[2019.02.14-20.28.52:402][234]LogTemp: It WOWORKSSSSSSSSS
[2019.02.14-20.28.52:410][235]LogTemp: It WOWORKSSSSSSSSS
[2019.02.14-20.28.52:418][236]LogTemp: It WOWORKSSSSSSSSS
[2019.02.14-20.28.52:427][237]LogTemp: It WOWORKSSSSSSSSS
[2019.02.14-20.28.52:435][238]LogTemp: It WOWORKSSSSSSSSS
[2019.02.14-20.28.52:452][240]LogTemp: It WOWORKSSSSSSSSS
[2019.02.14-20.28.52:460][241]LogTemp: It WOWORKSSSSSSSSS
[2019.02.14-20.28.52:468][242]LogTemp: It WOWORKSSSSSSSSS
[2019.02.14-20.28.52:477][243]LogTemp: It WOWORKSSSSSSSSS
[2019.02.14-20.28.52:485][244]LogTemp: It WOWORKSSSSSSSSS
[2019.02.14-20.28.52:493][245]LogTemp: It WOWORKSSSSSSSSS
[2019.02.14-20.28.52:510][247]LogTemp: It WOWORKSSSSSSSSS
[2019.02.14-20.28.52:518][248]LogTemp: It WOWORKSSSSSSSSS
[2019.02.14-20.28.52:527][249]LogTemp: It WOWORKSSSSSSSSS
[2019.02.14-20.28.52:535][250]LogTemp: It WOWORKSSSSSSSSS
[2019.02.14-20.28.52:543][251]LogTemp: It WOWORKSSSSSSSSS
[2019.02.14-20.28.52:560][253]LogTemp: It WOWORKSSSSSSSSS
[2019.02.14-20.28.52:568][254]LogTemp: It WOWORKSSSSSSSSS
[2019.02.14-20.28.52:579][255]LogTemp: It WOWORKSSSSSSSSS
[2019.02.14-20.28.52:586][256]LogTemp: It WOWORKSSSSSSSSS
[2019.02.14-20.28.52:594][257]LogTemp: It WOWORKSSSSSSSSS
[2019.02.14-20.28.52:602][258]LogTemp: It WOWORKSSSSSSSSS
[2019.02.14-20.28.52:619][260]LogTemp: It WOWORKSSSSSSSSS
[2019.02.14-20.28.52:627][261]LogTemp: It WOWORKSSSSSSSSS
[2019.02.14-20.28.52:636][262]LogTemp: It WOWORKSSSSSSSSS
[2019.02.14-20.28.52:644][263]LogTemp: It WOWORKSSSSSSSSS
[2019.02.14-20.28.52:652][264]LogTemp: It WOWORKSSSSSSSSS
[2019.02.14-20.28.52:661][265]LogTemp: It WOWORKSSSSSSSSS
[2019.02.14-20.28.52:678][267]LogTemp: It WOWORKSSSSSSSSS
[2019.02.14-20.28.52:686][268]LogTemp: It WOWORKSSSSSSSSS
[2019.02.14-20.28.52:694][269]LogTemp: It WOWORKSSSSSSSSS
[2019.02.14-20.28.52:702][270]LogTemp: It WOWORKSSSSSSSSS
[2019.02.14-20.28.52:711][271]LogTemp: It WOWORKSSSSSSSSS
[2019.02.14-20.28.52:719][272]LogTemp: It WOWORKSSSSSSSSS
[2019.02.14-20.28.52:736][274]LogTemp: It WOWORKSSSSSSSSS
[2019.02.14-20.28.52:744][275]LogTemp: It WOWORKSSSSSSSSS
[2019.02.14-20.28.52:752][276]LogTemp: It WOWORKSSSSSSSSS
[2019.02.14-20.28.52:761][277]LogTemp: It WOWORKSSSSSSSSS
[2019.02.14-20.28.52:769][278]LogTemp: It WOWORKSSSSSSSSS
[2019.02.14-20.28.52:786][280]LogTemp: It WOWORKSSSSSSSSS
[2019.02.14-20.28.52:794][281]LogTemp: It WOWORKSSSSSSSSS
[2019.02.14-20.28.52:802][282]LogTemp: It WOWORKSSSSSSSSS
[2019.02.14-20.28.52:811][283]LogTemp: It WOWORKSSSSSSSSS
[2019.02.14-20.28.52:819][284]LogTemp: It WOWORKSSSSSSSSS
[2019.02.14-20.28.52:828][285]LogTemp: It WOWORKSSSSSSSSS
[2019.02.14-20.28.52:844][287]LogTemp: It WOWORKSSSSSSSSS
[2019.02.14-20.28.52:853][288]LogTemp: It WOWORKSSSSSSSSS
[2019.02.14-20.28.52:861][289]LogTemp: It WOWORKSSSSSSSSS
[2019.02.14-20.28.52:869][290]LogTemp: It WOWORKSSSSSSSSS
[2019.02.14-20.28.52:878][291]LogTemp: It WOWORKSSSSSSSSS
[2019.02.14-20.28.52:886][292]LogTemp: It WOWORKSSSSSSSSS
[2019.02.14-20.28.52:902][294]LogTemp: It WOWORKSSSSSSSSS
[2019.02.14-20.28.52:911][295]LogTemp: It WOWORKSSSSSSSSS
[2019.02.14-20.28.52:919][296]LogTemp: It WOWORKSSSSSSSSS
[2019.02.14-20.28.52:927][297]LogTemp: It WOWORKSSSSSSSSS
[2019.02.14-20.28.52:936][298]LogTemp: It WOWORKSSSSSSSSS
[2019.02.14-20.28.52:944][299]LogTemp: It WOWORKSSSSSSSSS
[2019.02.14-20.28.52:961][301]LogTemp: It WOWORKSSSSSSSSS
[2019.02.14-20.28.52:969][302]LogTemp: It WOWORKSSSSSSSSS
[2019.02.14-20.28.52:978][303]LogTemp: It WOWORKSSSSSSSSS
[2019.02.14-20.28.52:987][304]LogTemp: It WOWORKSSSSSSSSS
[2019.02.14-20.28.52:994][305]LogTemp: It WOWORKSSSSSSSSS
[2019.02.14-20.28.53:011][307]LogTemp: It WOWORKSSSSSSSSS
[2019.02.14-20.28.53:019][308]LogTemp: It WOWORKSSSSSSSSS
[2019.02.14-20.28.53:027][309]LogTemp: It WOWORKSSSSSSSSS
[2019.02.14-20.28.53:036][310]LogTemp: It WOWORKSSSSSSSSS
[2019.02.14-20.28.53:044][311]LogTemp: It WOWORKSSSSSSSSS
[2019.02.14-20.28.53:053][312]LogTemp: It WOWORKSSSSSSSSS
[2019.02.14-20.28.53:069][314]LogTemp: It WOWORKSSSSSSSSS
[2019.02.14-20.28.53:078][315]LogTemp: It WOWORKSSSSSSSSS
[2019.02.14-20.28.53:086][316]LogTemp: It WOWORKSSSSSSSSS
[2019.02.14-20.28.53:094][317]LogTemp: It WOWORKSSSSSSSSS
[2019.02.14-20.28.53:103][318]LogTemp: It WOWORKSSSSSSSSS
[2019.02.14-20.28.53:111][319]LogTemp: It WOWORKSSSSSSSSS
[2019.02.14-20.28.53:128][321]LogTemp: It WOWORKSSSSSSSSS
[2019.02.14-20.28.53:136][322]LogTemp: It WOWORKSSSSSSSSS
[2019.02.14-20.28.53:144][323]LogTemp: It WOWORKSSSSSSSSS
[2019.02.14-20.28.53:153][324]LogTemp: It WOWORKSSSSSSSSS
[2019.02.14-20.28.53:161][325]LogTemp: It WOWORKSSSSSSSSS
[2019.02.14-20.28.53:177][327]LogTemp: It WOWORKSSSSSSSSS
[2019.02.14-20.28.53:186][328]LogTemp: It WOWORKSSSSSSSSS
[2019.02.14-20.28.53:195][329]LogTemp: It WOWORKSSSSSSSSS
[2019.02.14-20.28.53:203][330]LogTemp: It WOWORKSSSSSSSSS
[2019.02.14-20.28.53:211][331]LogTemp: It WOWORKSSSSSSSSS
[2019.02.14-20.28.53:219][332]LogTemp: It WOWORKSSSSSSSSS
[2019.02.14-20.28.53:236][334]LogTemp: It WOWORKSSSSSSSSS
[2019.02.14-20.28.53:244][335]LogTemp: It WOWORKSSSSSSSSS
[2019.02.14-20.28.53:253][336]LogTemp: It WOWORKSSSSSSSSS
[2019.02.14-20.28.53:261][337]LogTemp: It WOWORKSSSSSSSSS
[2019.02.14-20.28.53:269][338]LogTemp: It WOWORKSSSSSSSSS
[2019.02.14-20.28.53:277][339]LogTemp: It WOWORKSSSSSSSSS
[2019.02.14-20.28.53:294][341]LogTemp: It WOWORKSSSSSSSSS
[2019.02.14-20.28.53:302][342]LogTemp: It WOWORKSSSSSSSSS
[2019.02.14-20.28.53:311][343]LogTemp: It WOWORKSSSSSSSSS
[2019.02.14-20.28.53:319][344]LogTemp: It WOWORKSSSSSSSSS
[2019.02.14-20.28.53:327][345]LogTemp: It WOWORKSSSSSSSSS
[2019.02.14-20.28.53:344][347]LogTemp: It WOWORKSSSSSSSSS
[2019.02.14-20.28.53:352][348]LogTemp: It WOWORKSSSSSSSSS
[2019.02.14-20.28.53:361][349]LogTemp: It WOWORKSSSSSSSSS
[2019.02.14-20.28.53:374][350]LogTemp: It WOWORKSSSSSSSSS
[2019.02.14-20.28.53:379][351]LogTemp: It WOWORKSSSSSSSSS
[2019.02.14-20.28.53:387][352]LogTemp: It WOWORKSSSSSSSSS
[2019.02.14-20.28.53:396][353]LogTemp: It WOWORKSSSSSSSSS
[2019.02.14-20.28.53:405][354]LogTemp: It WOWORKSSSSSSSSS
[2019.02.14-20.28.53:422][356]LogTemp: It WOWORKSSSSSSSSS
[2019.02.14-20.28.53:431][357]LogTemp: It WOWORKSSSSSSSSS
[2019.02.14-20.28.53:439][358]LogTemp: It WOWORKSSSSSSSSS
[2019.02.14-20.28.53:447][359]LogTemp: It WOWORKSSSSSSSSS
[2019.02.14-20.28.53:456][360]LogTemp: It WOWORKSSSSSSSSS
[2019.02.14-20.28.53:464][361]LogTemp: It WOWORKSSSSSSSSS
[2019.02.14-20.28.53:481][363]LogTemp: It WOWORKSSSSSSSSS
[2019.02.14-20.28.53:489][364]LogTemp: It WOWORKSSSSSSSSS
[2019.02.14-20.28.53:498][365]LogTemp: It WOWORKSSSSSSSSS
[2019.02.14-20.28.53:506][366]LogTemp: It WOWORKSSSSSSSSS
[2019.02.14-20.28.53:514][367]LogTemp: It WOWORKSSSSSSSSS
[2019.02.14-20.28.53:523][368]LogTemp: It WOWORKSSSSSSSSS
[2019.02.14-20.28.53:539][370]LogTemp: It WOWORKSSSSSSSSS
[2019.02.14-20.28.53:548][371]LogTemp: It WOWORKSSSSSSSSS
[2019.02.14-20.28.53:556][372]LogTemp: It WOWORKSSSSSSSSS
[2019.02.14-20.28.53:564][373]LogTemp: It WOWORKSSSSSSSSS
[2019.02.14-20.28.53:573][374]LogTemp: It WOWORKSSSSSSSSS
[2019.02.14-20.28.53:581][375]LogTemp: It WOWORKSSSSSSSSS
[2019.02.14-20.28.53:598][377]LogTemp: It WOWORKSSSSSSSSS
[2019.02.14-20.28.53:606][378]LogTemp: It WOWORKSSSSSSSSS
[2019.02.14-20.28.53:614][379]LogTemp: It WOWORKSSSSSSSSS
[2019.02.14-20.28.53:623][380]LogTemp: It WOWORKSSSSSSSSS
[2019.02.14-20.28.53:631][381]LogTemp: It WOWORKSSSSSSSSS
[2019.02.14-20.28.53:648][383]LogTemp: It WOWORKSSSSSSSSS
[2019.02.14-20.28.53:656][384]LogTemp: It WOWORKSSSSSSSSS
[2019.02.14-20.28.53:664][385]LogTemp: It WOWORKSSSSSSSSS
[2019.02.14-20.28.53:673][386]LogTemp: It WOWORKSSSSSSSSS
[2019.02.14-20.28.53:681][387]LogTemp: It WOWORKSSSSSSSSS
[2019.02.14-20.28.53:689][388]LogTemp: It WOWORKSSSSSSSSS
[2019.02.14-20.28.53:706][390]LogTemp: It WOWORKSSSSSSSSS
[2019.02.14-20.28.53:714][391]LogTemp: It WOWORKSSSSSSSSS
[2019.02.14-20.28.53:723][392]LogTemp: It WOWORKSSSSSSSSS
[2019.02.14-20.28.53:731][393]LogTemp: It WOWORKSSSSSSSSS
[2019.02.14-20.28.53:739][394]LogTemp: It WOWORKSSSSSSSSS
[2019.02.14-20.28.53:748][395]LogTemp: It WOWORKSSSSSSSSS
[2019.02.14-20.28.53:764][397]LogTemp: It WOWORKSSSSSSSSS
[2019.02.14-20.28.53:773][398]LogTemp: It WOWORKSSSSSSSSS
[2019.02.14-20.28.53:781][399]LogTemp: It WOWORKSSSSSSSSS
[2019.02.14-20.28.53:789][400]LogTemp: It WOWORKSSSSSSSSS
[2019.02.14-20.28.53:798][401]LogTemp: It WOWORKSSSSSSSSS
[2019.02.14-20.28.53:814][403]LogTemp: It WOWORKSSSSSSSSS
[2019.02.14-20.28.53:823][404]LogTemp: It WOWORKSSSSSSSSS
[2019.02.14-20.28.53:831][405]LogTemp: It WOWORKSSSSSSSSS
[2019.02.14-20.28.53:839][406]LogTemp: It WOWORKSSSSSSSSS
[2019.02.14-20.28.53:848][407]LogTemp: It WOWORKSSSSSSSSS
[2019.02.14-20.28.53:856][408]LogTemp: It WOWORKSSSSSSSSS
[2019.02.14-20.28.53:873][410]LogTemp: It WOWORKSSSSSSSSS
[2019.02.14-20.28.53:881][411]LogTemp: It WOWORKSSSSSSSSS
[2019.02.14-20.28.53:889][412]LogTemp: It WOWORKSSSSSSSSS
[2019.02.14-20.28.53:898][413]LogTemp: It WOWORKSSSSSSSSS
[2019.02.14-20.28.53:906][414]LogTemp: It WOWORKSSSSSSSSS
[2019.02.14-20.28.53:914][415]LogTemp: It WOWORKSSSSSSSSS
[2019.02.14-20.28.53:931][417]LogTemp: It WOWORKSSSSSSSSS
[2019.02.14-20.28.53:939][418]LogTemp: It WOWORKSSSSSSSSS
[2019.02.14-20.28.53:948][419]LogTemp: It WOWORKSSSSSSSSS
[2019.02.14-20.28.53:956][420]LogTemp: It WOWORKSSSSSSSSS
[2019.02.14-20.28.53:964][421]LogTemp: It WOWORKSSSSSSSSS
[2019.02.14-20.28.53:981][423]LogTemp: It WOWORKSSSSSSSSS
[2019.02.14-20.28.53:989][424]LogTemp: It WOWORKSSSSSSSSS
[2019.02.14-20.28.53:998][425]LogTemp: It WOWORKSSSSSSSSS
[2019.02.14-20.28.54:006][426]LogTemp: It WOWORKSSSSSSSSS
[2019.02.14-20.28.54:014][427]LogTemp: It WOWORKSSSSSSSSS
[2019.02.14-20.28.54:023][428]LogTemp: It WOWORKSSSSSSSSS
[2019.02.14-20.28.54:040][430]LogTemp: It WOWORKSSSSSSSSS
[2019.02.14-20.28.54:048][431]LogTemp: It WOWORKSSSSSSSSS
[2019.02.14-20.28.54:056][432]LogTemp: It WOWORKSSSSSSSSS
[2019.02.14-20.28.54:064][433]LogTemp: It WOWORKSSSSSSSSS
[2019.02.14-20.29.04:892][732]LogTemp: It WOWORKSSSSSSSSS
[2019.02.14-20.29.04:900][733]LogTemp: It WOWORKSSSSSSSSS
[2019.02.14-20.29.04:917][735]LogTemp: It WOWORKSSSSSSSSS
[2019.02.14-20.29.04:925][736]LogTemp: It WOWORKSSSSSSSSS
[2019.02.14-20.29.04:934][737]LogTemp: It WOWORKSSSSSSSSS
[2019.02.14-20.29.04:942][738]LogTemp: It WOWORKSSSSSSSSS
[2019.02.14-20.29.04:950][739]LogTemp: It WOWORKSSSSSSSSS
[2019.02.14-20.29.04:958][740]LogTemp: It WOWORKSSSSSSSSS
[2019.02.14-20.29.04:975][742]LogTemp: It WOWORKSSSSSSSSS
[2019.02.14-20.29.04:983][743]LogTemp: It WOWORKSSSSSSSSS
[2019.02.14-20.29.04:992][744]LogTemp: It WOWORKSSSSSSSSS
[2019.02.14-20.29.05:000][745]LogTemp: It WOWORKSSSSSSSSS
[2019.02.14-20.29.05:009][746]LogTemp: It WOWORKSSSSSSSSS
[2019.02.14-20.29.05:025][748]LogTemp: It WOWORKSSSSSSSSS
[2019.02.14-20.29.05:033][749]LogTemp: It WOWORKSSSSSSSSS
[2019.02.14-20.29.05:042][750]LogTemp: It WOWORKSSSSSSSSS
[2019.02.14-20.29.05:050][751]LogTemp: It WOWORKSSSSSSSSS
[2019.02.14-20.29.05:059][752]LogTemp: It WOWORKSSSSSSSSS
[2019.02.14-20.29.05:067][753]LogTemp: It WOWORKSSSSSSSSS
[2019.02.14-20.29.05:083][755]LogTemp: It WOWORKSSSSSSSSS
[2019.02.14-20.29.05:092][756]LogTemp: It WOWORKSSSSSSSSS
[2019.02.14-20.29.05:100][757]LogTemp: It WOWORKSSSSSSSSS
[2019.02.14-20.29.05:109][758]LogTemp: It WOWORKSSSSSSSSS
[2019.02.14-20.29.05:117][759]LogTemp: It WOWORKSSSSSSSSS
[2019.02.14-20.29.05:125][760]LogTemp: It WOWORKSSSSSSSSS
[2019.02.14-20.29.05:142][762]LogTemp: It WOWORKSSSSSSSSS
[2019.02.14-20.29.05:150][763]LogTemp: It WOWORKSSSSSSSSS
[2019.02.14-20.29.05:159][764]LogTemp: It WOWORKSSSSSSSSS
[2019.02.14-20.29.05:167][765]LogTemp: It WOWORKSSSSSSSSS
[2019.02.14-20.29.05:175][766]LogTemp: It WOWORKSSSSSSSSS
[2019.02.14-20.29.05:192][768]LogTemp: It WOWORKSSSSSSSSS
[2019.02.14-20.29.05:201][769]LogTemp: It WOWORKSSSSSSSSS
[2019.02.14-20.29.05:208][770]LogTemp: It WOWORKSSSSSSSSS
[2019.02.14-20.29.05:217][771]LogTemp: It WOWORKSSSSSSSSS
[2019.02.14-20.29.05:225][772]LogTemp: It WOWORKSSSSSSSSS
[2019.02.14-20.29.05:233][773]LogTemp: It WOWORKSSSSSSSSS
[2019.02.14-20.29.05:250][775]LogTemp: It WOWORKSSSSSSSSS
[2019.02.14-20.29.05:258][776]LogTemp: It WOWORKSSSSSSSSS
[2019.02.14-20.29.05:267][777]LogTemp: It WOWORKSSSSSSSSS
[2019.02.14-20.29.05:275][778]LogTemp: It WOWORKSSSSSSSSS
[2019.02.14-20.29.05:283][779]LogTemp: It WOWORKSSSSSSSSS
[2019.02.14-20.29.05:292][780]LogTemp: It WOWORKSSSSSSSSS
[2019.02.14-20.29.05:309][782]LogTemp: It WOWORKSSSSSSSSS
[2019.02.14-20.29.05:317][783]LogTemp: It WOWORKSSSSSSSSS
[2019.02.14-20.29.05:325][784]LogTemp: It WOWORKSSSSSSSSS
[2019.02.14-20.29.05:334][785]LogTemp: It WOWORKSSSSSSSSS
[2019.02.14-20.29.05:342][786]LogTemp: It WOWORKSSSSSSSSS
[2019.02.14-20.29.05:350][787]LogTemp: It WOWORKSSSSSSSSS
[2019.02.14-20.29.05:367][789]LogTemp: It WOWORKSSSSSSSSS
[2019.02.14-20.29.05:375][790]LogTemp: It WOWORKSSSSSSSSS
[2019.02.14-20.29.05:384][791]LogTemp: It WOWORKSSSSSSSSS
[2019.02.14-20.29.05:392][792]LogTemp: It WOWORKSSSSSSSSS
[2019.02.14-20.29.05:400][793]LogTemp: It WOWORKSSSSSSSSS
[2019.02.14-20.29.05:417][795]LogTemp: It WOWORKSSSSSSSSS
[2019.02.14-20.29.05:425][796]LogTemp: It WOWORKSSSSSSSSS
[2019.02.14-20.29.05:434][797]LogTemp: It WOWORKSSSSSSSSS
[2019.02.14-20.29.05:442][798]LogTemp: It WOWORKSSSSSSSSS
[2019.02.14-20.29.05:450][799]LogTemp: It WOWORKSSSSSSSSS
[2019.02.14-20.29.05:459][800]LogTemp: It WOWORKSSSSSSSSS
[2019.02.14-20.29.05:475][802]LogTemp: It WOWORKSSSSSSSSS
[2019.02.14-20.29.05:484][803]LogTemp: It WOWORKSSSSSSSSS
[2019.02.14-20.29.05:492][804]LogTemp: It WOWORKSSSSSSSSS
[2019.02.14-20.29.05:500][805]LogTemp: It WOWORKSSSSSSSSS
[2019.02.14-20.29.05:509][806]LogTemp: It WOWORKSSSSSSSSS
[2019.02.14-20.29.05:517][807]LogTemp: It WOWORKSSSSSSSSS
[2019.02.14-20.29.05:534][809]LogTemp: It WOWORKSSSSSSSSS
[2019.02.14-20.29.05:542][810]LogTemp: It WOWORKSSSSSSSSS
[2019.02.14-20.29.05:550][811]LogTemp: It WOWORKSSSSSSSSS
[2019.02.14-20.29.05:559][812]LogTemp: It WOWORKSSSSSSSSS
[2019.02.14-20.29.05:567][813]LogTemp: It WOWORKSSSSSSSSS
[2019.02.14-20.29.05:584][815]LogTemp: It WOWORKSSSSSSSSS
[2019.02.14-20.29.05:592][816]LogTemp: It WOWORKSSSSSSSSS
[2019.02.14-20.29.05:600][817]LogTemp: It WOWORKSSSSSSSSS
[2019.02.14-20.29.05:609][818]LogTemp: It WOWORKSSSSSSSSS
[2019.02.14-20.29.05:617][819]LogTemp: It WOWORKSSSSSSSSS
[2019.02.14-20.29.05:625][820]LogTemp: It WOWORKSSSSSSSSS
[2019.02.14-20.29.05:642][822]LogTemp: It WOWORKSSSSSSSSS
[2019.02.14-20.29.05:650][823]LogTemp: It WOWORKSSSSSSSSS
[2019.02.14-20.29.05:659][824]LogTemp: It WOWORKSSSSSSSSS
[2019.02.14-20.29.05:667][825]LogTemp: It WOWORKSSSSSSSSS
[2019.02.14-20.29.05:675][826]LogTemp: It WOWORKSSSSSSSSS
[2019.02.14-20.29.05:684][827]LogTemp: It WOWORKSSSSSSSSS
[2019.02.14-20.29.05:700][829]LogTemp: It WOWORKSSSSSSSSS
[2019.02.14-20.29.05:709][830]LogTemp: It WOWORKSSSSSSSSS
[2019.02.14-20.29.05:718][831]LogTemp: It WOWORKSSSSSSSSS
[2019.02.14-20.29.05:725][832]LogTemp: It WOWORKSSSSSSSSS
[2019.02.14-20.29.05:734][833]LogTemp: It WOWORKSSSSSSSSS
[2019.02.14-20.29.05:750][835]LogTemp: It WOWORKSSSSSSSSS
[2019.02.14-20.29.05:759][836]LogTemp: It WOWORKSSSSSSSSS
[2019.02.14-20.29.05:767][837]LogTemp: It WOWORKSSSSSSSSS
[2019.02.14-20.29.05:775][838]LogTemp: It WOWORKSSSSSSSSS
[2019.02.14-20.29.05:784][839]LogTemp: It WOWORKSSSSSSSSS
[2019.02.14-20.29.05:792][840]LogTemp: It WOWORKSSSSSSSSS
[2019.02.14-20.29.05:809][842]LogTemp: It WOWORKSSSSSSSSS
[2019.02.14-20.29.05:817][843]LogTemp: It WOWORKSSSSSSSSS
[2019.02.14-20.29.05:825][844]LogTemp: It WOWORKSSSSSSSSS
[2019.02.14-20.29.05:834][845]LogTemp: It WOWORKSSSSSSSSS
[2019.02.14-20.29.05:842][846]LogTemp: It WOWORKSSSSSSSSS
[2019.02.14-20.29.05:850][847]LogTemp: It WOWORKSSSSSSSSS
[2019.02.14-20.29.05:867][849]LogTemp: It WOWORKSSSSSSSSS
[2019.02.14-20.29.05:875][850]LogTemp: It WOWORKSSSSSSSSS
[2019.02.14-20.29.05:884][851]LogTemp: It WOWORKSSSSSSSSS
[2019.02.14-20.29.05:892][852]LogTemp: It WOWORKSSSSSSSSS
[2019.02.14-20.29.05:900][853]LogTemp: It WOWORKSSSSSSSSS
[2019.02.14-20.29.05:917][855]LogTemp: It WOWORKSSSSSSSSS
[2019.02.14-20.29.05:925][856]LogTemp: It WOWORKSSSSSSSSS
[2019.02.14-20.29.05:934][857]LogTemp: It WOWORKSSSSSSSSS
[2019.02.14-20.29.05:942][858]LogTemp: It WOWORKSSSSSSSSS
[2019.02.14-20.29.05:950][859]LogTemp: It WOWORKSSSSSSSSS
[2019.02.14-20.29.05:959][860]LogTemp: It WOWORKSSSSSSSSS
[2019.02.14-20.29.05:976][862]LogTemp: It WOWORKSSSSSSSSS
[2019.02.14-20.29.05:985][863]LogTemp: It WOWORKSSSSSSSSS
[2019.02.14-20.29.05:993][864]LogTemp: It WOWORKSSSSSSSSS
[2019.02.14-20.29.06:001][865]LogTemp: It WOWORKSSSSSSSSS
[2019.02.14-20.29.06:010][866]LogTemp: It WOWORKSSSSSSSSS
[2019.02.14-20.29.06:018][867]LogTemp: It WOWORKSSSSSSSSS
[2019.02.14-20.29.06:035][869]LogTemp: It WOWORKSSSSSSSSS
[2019.02.14-20.29.06:042][870]LogTemp: It WOWORKSSSSSSSSS
[2019.02.14-20.29.06:050][871]LogTemp: It WOWORKSSSSSSSSS
[2019.02.14-20.29.06:059][872]LogTemp: It WOWORKSSSSSSSSS
[2019.02.14-20.29.06:067][873]LogTemp: It WOWORKSSSSSSSSS
[2019.02.14-20.29.06:084][875]LogTemp: It WOWORKSSSSSSSSS
[2019.02.14-20.29.06:092][876]LogTemp: It WOWORKSSSSSSSSS
[2019.02.14-20.29.06:100][877]LogTemp: It WOWORKSSSSSSSSS
[2019.02.14-20.29.06:109][878]LogTemp: It WOWORKSSSSSSSSS
[2019.02.14-20.29.06:117][879]LogTemp: It WOWORKSSSSSSSSS
[2019.02.14-20.29.06:125][880]LogTemp: It WOWORKSSSSSSSSS
[2019.02.14-20.29.06:142][882]LogTemp: It WOWORKSSSSSSSSS
[2019.02.14-20.29.06:150][883]LogTemp: It WOWORKSSSSSSSSS
[2019.02.14-20.29.06:159][884]LogTemp: It WOWORKSSSSSSSSS
[2019.02.14-20.29.06:167][885]LogTemp: It WOWORKSSSSSSSSS
[2019.02.14-20.29.06:175][886]LogTemp: It WOWORKSSSSSSSSS
[2019.02.14-20.29.06:184][887]LogTemp: It WOWORKSSSSSSSSS
[2019.02.14-20.29.06:200][889]LogTemp: It WOWORKSSSSSSSSS
[2019.02.14-20.29.06:209][890]LogTemp: It WOWORKSSSSSSSSS
[2019.02.14-20.29.06:217][891]LogTemp: It WOWORKSSSSSSSSS
[2019.02.14-20.29.06:225][892]LogTemp: It WOWORKSSSSSSSSS
[2019.02.14-20.29.06:234][893]LogTemp: It WOWORKSSSSSSSSS
[2019.02.14-20.29.06:250][895]LogTemp: It WOWORKSSSSSSSSS
[2019.02.14-20.29.06:259][896]LogTemp: It WOWORKSSSSSSSSS
[2019.02.14-20.29.06:267][897]LogTemp: It WOWORKSSSSSSSSS
[2019.02.14-20.29.06:275][898]LogTemp: It WOWORKSSSSSSSSS
[2019.02.14-20.29.06:284][899]LogTemp: It WOWORKSSSSSSSSS
[2019.02.14-20.29.06:292][900]LogTemp: It WOWORKSSSSSSSSS
[2019.02.14-20.29.06:309][902]LogTemp: It WOWORKSSSSSSSSS
[2019.02.14-20.29.06:317][903]LogTemp: It WOWORKSSSSSSSSS
[2019.02.14-20.29.06:325][904]LogTemp: It WOWORKSSSSSSSSS
[2019.02.14-20.29.06:334][905]LogTemp: It WOWORKSSSSSSSSS
[2019.02.14-20.29.06:342][906]LogTemp: It WOWORKSSSSSSSSS
[2019.02.14-20.29.06:350][907]LogTemp: It WOWORKSSSSSSSSS
[2019.02.14-20.29.06:367][909]LogTemp: It WOWORKSSSSSSSSS
[2019.02.14-20.29.06:375][910]LogTemp: It WOWORKSSSSSSSSS
[2019.02.14-20.29.06:384][911]LogTemp: It WOWORKSSSSSSSSS
[2019.02.14-20.29.06:392][912]LogTemp: It WOWORKSSSSSSSSS
[2019.02.14-20.29.06:401][913]LogTemp: It WOWORKSSSSSSSSS
[2019.02.14-20.29.06:409][914]LogTemp: It WOWORKSSSSSSSSS
[2019.02.14-20.29.06:425][916]LogTemp: It WOWORKSSSSSSSSS
[2019.02.14-20.29.06:434][917]LogTemp: It WOWORKSSSSSSSSS
[2019.02.14-20.29.06:442][918]LogTemp: It WOWORKSSSSSSSSS
[2019.02.14-20.29.06:450][919]LogTemp: It WOWORKSSSSSSSSS
[2019.02.14-20.29.06:459][920]LogTemp: It WOWORKSSSSSSSSS
[2019.02.14-20.29.06:476][922]LogTemp: It WOWORKSSSSSSSSS
[2019.02.14-20.29.06:484][923]LogTemp: It WOWORKSSSSSSSSS
[2019.02.14-20.29.06:492][924]LogTemp: It WOWORKSSSSSSSSS
[2019.02.14-20.29.06:501][925]LogTemp: It WOWORKSSSSSSSSS
[2019.02.14-20.29.06:509][926]LogTemp: It WOWORKSSSSSSSSS
[2019.02.14-20.29.06:517][927]LogTemp: It WOWORKSSSSSSSSS
[2019.02.14-20.29.06:534][929]LogTemp: It WOWORKSSSSSSSSS
[2019.02.14-20.29.06:542][930]LogTemp: It WOWORKSSSSSSSSS
[2019.02.14-20.29.06:551][931]LogTemp: It WOWORKSSSSSSSSS
[2019.02.14-20.29.06:559][932]LogTemp: It WOWORKSSSSSSSSS
[2019.02.14-20.29.06:567][933]LogTemp: It WOWORKSSSSSSSSS
[2019.02.14-20.29.06:576][934]LogTemp: It WOWORKSSSSSSSSS
[2019.02.14-20.29.06:592][936]LogTemp: It WOWORKSSSSSSSSS
[2019.02.14-20.29.06:600][937]LogTemp: It WOWORKSSSSSSSSS
[2019.02.14-20.29.06:609][938]LogTemp: It WOWORKSSSSSSSSS
[2019.02.14-20.29.06:617][939]LogTemp: It WOWORKSSSSSSSSS
[2019.02.14-20.29.06:625][940]LogTemp: It WOWORKSSSSSSSSS
[2019.02.14-20.29.06:642][942]LogTemp: It WOWORKSSSSSSSSS
[2019.02.14-20.29.06:650][943]LogTemp: It WOWORKSSSSSSSSS
[2019.02.14-20.29.06:659][944]LogTemp: It WOWORKSSSSSSSSS
[2019.02.14-20.29.06:667][945]LogTemp: It WOWORKSSSSSSSSS
[2019.02.14-20.29.06:675][946]LogTemp: It WOWORKSSSSSSSSS
[2019.02.14-20.29.06:684][947]LogTemp: It WOWORKSSSSSSSSS
[2019.02.14-20.29.06:701][949]LogTemp: It WOWORKSSSSSSSSS
[2019.02.14-20.29.06:709][950]LogTemp: It WOWORKSSSSSSSSS
[2019.02.14-20.29.06:718][951]LogTemp: It WOWORKSSSSSSSSS
[2019.02.14-20.29.06:725][952]LogTemp: It WOWORKSSSSSSSSS
[2019.02.14-20.29.06:734][953]LogTemp: It WOWORKSSSSSSSSS
[2019.02.14-20.29.06:742][954]LogTemp: It WOWORKSSSSSSSSS
[2019.02.14-20.29.06:759][956]LogTemp: It WOWORKSSSSSSSSS
[2019.02.14-20.29.06:767][957]LogTemp: It WOWORKSSSSSSSSS
[2019.02.14-20.29.06:775][958]LogTemp: It WOWORKSSSSSSSSS
[2019.02.14-20.29.06:784][959]LogTemp: It WOWORKSSSSSSSSS
[2019.02.14-20.29.06:792][960]LogTemp: It WOWORKSSSSSSSSS
[2019.02.14-20.29.06:809][962]LogTemp: It WOWORKSSSSSSSSS
[2019.02.14-20.29.06:817][963]LogTemp: It WOWORKSSSSSSSSS
[2019.02.14-20.29.06:825][964]LogTemp: It WOWORKSSSSSSSSS
[2019.02.14-20.29.06:834][965]LogTemp: It WOWORKSSSSSSSSS
[2019.02.14-20.29.06:842][966]LogTemp: It WOWORKSSSSSSSSS
[2019.02.14-20.29.06:850][967]LogTemp: It WOWORKSSSSSSSSS
[2019.02.14-20.29.06:867][969]LogTemp: It WOWORKSSSSSSSSS
[2019.02.14-20.29.06:876][970]LogTemp: It WOWORKSSSSSSSSS
[2019.02.14-20.29.06:884][971]LogTemp: It WOWORKSSSSSSSSS
[2019.02.14-20.29.06:892][972]LogTemp: It WOWORKSSSSSSSSS
[2019.02.14-20.29.06:901][973]LogTemp: It WOWORKSSSSSSSSS
[2019.02.14-20.29.06:909][974]LogTemp: It WOWORKSSSSSSSSS
[2019.02.14-20.29.06:925][976]LogTemp: It WOWORKSSSSSSSSS
[2019.02.14-20.29.06:934][977]LogTemp: It WOWORKSSSSSSSSS
[2019.02.14-20.29.06:942][978]LogTemp: It WOWORKSSSSSSSSS
[2019.02.14-20.29.06:951][979]LogTemp: It WOWORKSSSSSSSSS
[2019.02.14-20.29.06:959][980]LogTemp: It WOWORKSSSSSSSSS
[2019.02.14-20.29.06:976][982]LogTemp: It WOWORKSSSSSSSSS
[2019.02.14-20.29.06:984][983]LogTemp: It WOWORKSSSSSSSSS
[2019.02.14-20.29.06:992][984]LogTemp: It WOWORKSSSSSSSSS
[2019.02.14-20.29.07:001][985]LogTemp: It WOWORKSSSSSSSSS
[2019.02.14-20.29.07:009][986]LogTemp: It WOWORKSSSSSSSSS
[2019.02.14-20.29.07:017][987]LogTemp: It WOWORKSSSSSSSSS
[2019.02.14-20.29.07:034][989]LogTemp: It WOWORKSSSSSSSSS
[2019.02.14-20.29.07:042][990]LogTemp: It WOWORKSSSSSSSSS
[2019.02.14-20.29.07:051][991]LogTemp: It WOWORKSSSSSSSSS
[2019.02.14-20.29.07:059][992]LogTemp: It WOWORKSSSSSSSSS
[2019.02.14-20.29.07:067][993]LogTemp: It WOWORKSSSSSSSSS
[2019.02.14-20.29.07:076][994]LogTemp: It WOWORKSSSSSSSSS
[2019.02.14-20.29.07:093][996]LogTemp: It WOWORKSSSSSSSSS
[2019.02.14-20.29.07:101][997]LogTemp: It WOWORKSSSSSSSSS
[2019.02.14-20.29.07:109][998]LogTemp: It WOWORKSSSSSSSSS
[2019.02.14-20.29.07:117][999]LogTemp: It WOWORKSSSSSSSSS
[2019.02.14-20.29.07:126][  0]LogTemp: It WOWORKSSSSSSSSS
[2019.02.14-20.29.07:142][  2]LogTemp: It WOWORKSSSSSSSSS
[2019.02.14-20.29.07:151][  3]LogTemp: It WOWORKSSSSSSSSS
[2019.02.14-20.29.07:159][  4]LogTemp: It WOWORKSSSSSSSSS
[2019.02.14-20.29.07:167][  5]LogTemp: It WOWORKSSSSSSSSS
[2019.02.14-20.29.07:176][  6]LogTemp: It WOWORKSSSSSSSSS
[2019.02.14-20.29.07:184][  7]LogTemp: It WOWORKSSSSSSSSS
[2019.02.14-20.29.07:201][  9]LogTemp: It WOWORKSSSSSSSSS
[2019.02.14-20.29.07:209][ 10]LogTemp: It WOWORKSSSSSSSSS
[2019.02.14-20.29.07:217][ 11]LogTemp: It WOWORKSSSSSSSSS
[2019.02.14-20.29.07:226][ 12]LogTemp: It WOWORKSSSSSSSSS
[2019.02.14-20.29.07:234][ 13]LogTemp: It WOWORKSSSSSSSSS
[2019.02.14-20.29.07:242][ 14]LogTemp: It WOWORKSSSSSSSSS
[2019.02.14-20.29.07:259][ 16]LogTemp: It WOWORKSSSSSSSSS
[2019.02.14-20.29.07:267][ 17]LogTemp: It WOWORKSSSSSSSSS
[2019.02.14-20.29.07:276][ 18]LogTemp: It WOWORKSSSSSSSSS
[2019.02.14-20.29.07:284][ 19]LogTemp: It WOWORKSSSSSSSSS
[2019.02.14-20.29.07:292][ 20]LogTemp: It WOWORKSSSSSSSSS
[2019.02.14-20.29.07:301][ 21]LogTemp: It WOWORKSSSSSSSSS
[2019.02.14-20.29.07:317][ 23]LogTemp: It WOWORKSSSSSSSSS
[2019.02.14-20.29.07:326][ 24]LogTemp: It WOWORKSSSSSSSSS
[2019.02.14-20.29.07:334][ 25]LogTemp: It WOWORKSSSSSSSSS
[2019.02.14-20.29.07:342][ 26]LogTemp: It WOWORKSSSSSSSSS
[2019.02.14-20.29.07:351][ 27]LogTemp: It WOWORKSSSSSSSSS
[2019.02.14-20.29.08:910][214]LogBlueprintUserMessages: Early EndPlayMap Detection: Level '/Game/VehicleCPP/Maps/VehicleExampleMap.VehicleExampleMap:PersistentLevel' has LevelScriptBlueprint '/Game/VehicleCPP/Maps/VehicleExampleMap.VehicleExampleMap:PersistentLevel.VehicleExampleMap' with GeneratedClass '/Game/VehicleCPP/Maps/VehicleExampleMap.VehicleExampleMap_C' with ClassGeneratedBy '/Game/VehicleCPP/Maps/VehicleExampleMap.VehicleExampleMap:PersistentLevel.VehicleExampleMap'
[2019.02.14-20.29.08:916][214]LogSlate: Updating window title bar state: overlay mode, drag disabled, window buttons hidden, title bar hidden
[2019.02.14-20.29.08:955][214]LogPlayLevel: Display: Shutting down PIE online subsystems
[2019.02.14-20.29.08:955][214]LogBlueprintUserMessages: Late EndPlayMap Detection: Level '/Game/VehicleCPP/Maps/VehicleExampleMap.VehicleExampleMap:PersistentLevel' has LevelScriptBlueprint '/Game/VehicleCPP/Maps/VehicleExampleMap.VehicleExampleMap:PersistentLevel.VehicleExampleMap' with GeneratedClass '/Game/VehicleCPP/Maps/VehicleExampleMap.VehicleExampleMap_C' with ClassGeneratedBy '/Game/VehicleCPP/Maps/VehicleExampleMap.VehicleExampleMap:PersistentLevel.VehicleExampleMap'
[2019.02.14-20.29.08:983][214]LogSlate: Updating window title bar state: overlay mode, drag disabled, window buttons hidden, title bar hidden
[2019.02.14-20.29.09:016][215]LogPlayLevel: Display: Destroying online subsystem :Context_1
[2019.02.14-20.29.22:466][729]LogSlate: FSceneViewport::OnFocusLost() reason 0
[2019.02.14-20.30.24:480][450]LogSlate: Took 0.001611 seconds to synchronously load lazily loaded font '../../../Engine/Content/Slate/Fonts/Roboto-Light.ttf' (167K)
[2019.02.14-20.30.28:329][849]LogSlate: Took 0.000346 seconds to synchronously load lazily loaded font '../../../Engine/Content/Slate/Fonts/Roboto-Light.ttf' (167K)
[2019.02.14-20.30.28:339][849]LogAssetEditorManager: Opening Asset editor for Class /Script/VehicleMovement.AVehiclePawn
[2019.02.14-20.36.57:434][365]LogSlate: Window 'VehicleMovement - Unreal Editor' being destroyed
[2019.02.14-20.36.57:436][365]LogWindowsTextInputMethodSystem: Display: IME system now deactivated.
[2019.02.14-20.36.57:661][366]Cmd: QUIT_EDITOR
[2019.02.14-20.36.57:890][366]LogExit: Preparing to exit.
[2019.02.14-20.36.58:570][366]LogExit: Editor shut down
[2019.02.14-20.36.58:571][366]LogExit: Transaction tracking system shut down
[2019.02.14-20.36.59:070][366]LogExit: Object subsystem successfully closed.
[2019.02.14-20.36.59:092][366]LogShaderCompilers: Display: Shaders left to compile 0
[2019.02.14-20.36.59:096][366]LogD3D11RHI: Shutdown
[2019.02.14-20.36.59:096][366]LogD3D11RHI: CleanupD3DDevice
[2019.02.14-20.36.59:100][366]LogD3D11RHI: ~FD3D11DynamicRHI
[2019.02.14-20.36.59:293][366]LogModuleManager: Shutting down and abandoning module MovieSceneCapture (618)
[2019.02.14-20.36.59:293][366]LogModuleManager: Shutting down and abandoning module Voice (616)
[2019.02.14-20.36.59:293][366]LogModuleManager: Shutting down and abandoning module HierarchicalLODOutliner (614)
[2019.02.14-20.36.59:293][366]LogModuleManager: Shutting down and abandoning module SceneOutliner (612)
[2019.02.14-20.36.59:293][366]LogModuleManager: Shutting down and abandoning module AddContentDialog (610)
[2019.02.14-20.36.59:296][366]LogModuleManager: Shutting down and abandoning module WidgetCarousel (609)
[2019.02.14-20.36.59:296][366]LogModuleManager: Shutting down and abandoning module EditorWidgets (606)
[2019.02.14-20.36.59:296][366]LogModuleManager: Shutting down and abandoning module CollectionManager (604)
[2019.02.14-20.36.59:297][366]LogModuleManager: Shutting down and abandoning module StatsViewer (602)
[2019.02.14-20.36.59:298][366]LogModuleManager: Shutting down and abandoning module FoliageEdit (600)
[2019.02.14-20.36.59:298][366]LogModuleManager: Shutting down and abandoning module LandscapeEditor (598)
[2019.02.14-20.36.59:300][366]LogModuleManager: Shutting down and abandoning module MeshPaintMode (596)
[2019.02.14-20.36.59:300][366]LogModuleManager: Shutting down and abandoning module SceneDepthPickerMode (594)
[2019.02.14-20.36.59:300][366]LogModuleManager: Shutting down and abandoning module ActorPickerMode (592)
[2019.02.14-20.36.59:300][366]LogModuleManager: Shutting down and abandoning module GeometryMode (590)
[2019.02.14-20.36.59:300][366]LogModuleManager: Shutting down and abandoning module TextureAlignMode (588)
[2019.02.14-20.36.59:300][366]LogModuleManager: Shutting down and abandoning module BspMode (586)
[2019.02.14-20.36.59:300][366]LogModuleManager: Shutting down and abandoning module PIEPreviewDeviceProfileSelector (584)
[2019.02.14-20.36.59:300][366]LogModuleManager: Shutting down and abandoning module SequenceRecorderSections (582)
[2019.02.14-20.36.59:301][366]LogModuleManager: Shutting down and abandoning module AutomationWorker (580)
[2019.02.14-20.36.59:301][366]LogModuleManager: Shutting down and abandoning module AudioCaptureEditor (578)
[2019.02.14-20.36.59:301][366]LogModuleManager: Shutting down and abandoning module SequenceRecorder (577)
[2019.02.14-20.36.59:301][366]LogModuleManager: Shutting down and abandoning module MatineeToLevelSequence (574)
[2019.02.14-20.36.59:301][366]LogModuleManager: Shutting down and abandoning module LevelSequenceEditor (572)
[2019.02.14-20.36.59:303][366]LogModuleManager: Shutting down and abandoning module PlacementMode (571)
[2019.02.14-20.36.59:303][366]LogModuleManager: Shutting down and abandoning module MaterialEditor (570)
[2019.02.14-20.36.59:305][366]LogModuleManager: Shutting down and abandoning module WmfMediaFactory (566)
[2019.02.14-20.36.59:305][366]LogModuleManager: Shutting down and abandoning module WmfMediaEditor (564)
[2019.02.14-20.36.59:305][366]LogModuleManager: Shutting down and abandoning module MediaPlayerEditor (562)
[2019.02.14-20.36.59:306][366]LogModuleManager: Shutting down and abandoning module OpenExrWrapper (560)
[2019.02.14-20.36.59:306][366]LogModuleManager: Shutting down and abandoning module ImgMediaFactory (558)
[2019.02.14-20.36.59:306][366]LogModuleManager: Shutting down and abandoning module ImgMediaEditor (556)
[2019.02.14-20.36.59:306][366]LogModuleManager: Shutting down and abandoning module AvfMediaFactory (554)
[2019.02.14-20.36.59:306][366]LogModuleManager: Shutting down and abandoning module AvfMediaEditor (552)
[2019.02.14-20.36.59:306][366]LogModuleManager: Shutting down and abandoning module AndroidMediaFactory (550)
[2019.02.14-20.36.59:306][366]LogModuleManager: Shutting down and abandoning module AndroidMediaEditor (548)
[2019.02.14-20.36.59:306][366]LogModuleManager: Shutting down and abandoning module MagicLeapCameraPreviewFactory (546)
[2019.02.14-20.36.59:306][366]LogModuleManager: Shutting down and abandoning module MagicLeapMediaFactory (544)
[2019.02.14-20.36.59:306][366]LogModuleManager: Shutting down and abandoning module MagicLeapMediaEditor (542)
[2019.02.14-20.36.59:306][366]LogModuleManager: Shutting down and abandoning module CharacterAI (540)
[2019.02.14-20.36.59:306][366]LogModuleManager: Shutting down and abandoning module SmartSnapping (538)
[2019.02.14-20.36.59:306][366]LogModuleManager: Shutting down and abandoning module SessionServices (536)
[2019.02.14-20.36.59:306][366]LogModuleManager: Shutting down and abandoning module ViewportSnapping (534)
[2019.02.14-20.36.59:306][366]LogModuleManager: Shutting down and abandoning module ViewportInteraction (532)
[2019.02.14-20.36.59:306][366]LogModuleManager: Shutting down and abandoning module ClothPainter (530)
[2019.02.14-20.36.59:307][366]LogModuleManager: Shutting down and abandoning module SkeletalMeshEditor (529)
[2019.02.14-20.36.59:309][366]LogModuleManager: Shutting down and abandoning module LogVisualizer (526)
[2019.02.14-20.36.59:310][366]LogModuleManager: Shutting down and abandoning module IntroTutorials (524)
[2019.02.14-20.36.59:311][366]LogModuleManager: Shutting down and abandoning module GameProjectGeneration (523)
[2019.02.14-20.36.59:311][366]LogModuleManager: Shutting down and abandoning module LuminPlatformEditor (520)
[2019.02.14-20.36.59:311][366]LogModuleManager: Shutting down and abandoning module IOSPlatformEditor (518)
[2019.02.14-20.36.59:311][366]LogModuleManager: Shutting down and abandoning module HTML5PlatformEditor (516)
[2019.02.14-20.36.59:311][366]LogModuleManager: Shutting down and abandoning module AndroidPlatformEditor (514)
[2019.02.14-20.36.59:311][366]LogModuleManager: Shutting down and abandoning module AndroidDeviceDetection (513)
[2019.02.14-20.36.59:406][366]LogModuleManager: Shutting down and abandoning module WindowsPlatformEditor (510)
[2019.02.14-20.36.59:406][366]LogModuleManager: Shutting down and abandoning module LuminRuntimeSettings (508)
[2019.02.14-20.36.59:406][366]LogModuleManager: Shutting down and abandoning module IOSRuntimeSettings (506)
[2019.02.14-20.36.59:406][366]LogModuleManager: Shutting down and abandoning module AndroidRuntimeSettings (504)
[2019.02.14-20.36.59:406][366]LogModuleManager: Shutting down and abandoning module InputBindingEditor (502)
[2019.02.14-20.36.59:407][366]LogModuleManager: Shutting down and abandoning module MergeActors (500)
[2019.02.14-20.36.59:408][366]LogModuleManager: Shutting down and abandoning module LocalizationDashboard (498)
[2019.02.14-20.36.59:408][366]LogModuleManager: Shutting down and abandoning module LocalizationService (497)
[2019.02.14-20.36.59:409][366]LogModuleManager: Shutting down and abandoning module HardwareTargeting (494)
[2019.02.14-20.36.59:409][366]LogModuleManager: Shutting down and abandoning module DeviceProfileEditor (492)
[2019.02.14-20.36.59:409][366]LogModuleManager: Shutting down and abandoning module UndoHistory (490)
[2019.02.14-20.36.59:409][366]LogModuleManager: Shutting down and abandoning module XmlParser (488)
[2019.02.14-20.36.59:409][366]LogModuleManager: Shutting down and abandoning module Blutility (486)
[2019.02.14-20.36.59:409][366]LogModuleManager: Shutting down and abandoning module ProjectSettingsViewer (484)
[2019.02.14-20.36.59:409][366]LogModuleManager: Shutting down and abandoning module ProjectTargetPlatformEditor (483)
[2019.02.14-20.36.59:409][366]LogModuleManager: Shutting down and abandoning module EditorSettingsViewer (480)
[2019.02.14-20.36.59:410][366]LogModuleManager: Shutting down and abandoning module SettingsEditor (478)
[2019.02.14-20.36.59:411][366]LogModuleManager: Shutting down and abandoning module ProjectLauncher (476)
[2019.02.14-20.36.59:411][366]LogModuleManager: Shutting down and abandoning module SessionFrontend (474)
[2019.02.14-20.36.59:412][366]LogModuleManager: Shutting down and abandoning module ProfilerClient (472)
[2019.02.14-20.36.59:412][366]LogModuleManager: Shutting down and abandoning module DeviceManager (470)
[2019.02.14-20.36.59:412][366]LogModuleManager: Shutting down and abandoning module TargetDeviceServices (469)
[2019.02.14-20.36.59:477][366]LogModuleManager: Shutting down and abandoning module AutomationController (466)
[2019.02.14-20.36.59:478][366]LogModuleManager: Shutting down and abandoning module AutomationWindow (464)
[2019.02.14-20.36.59:478][366]LogModuleManager: Shutting down and abandoning module Layers (462)
[2019.02.14-20.36.59:480][366]LogModuleManager: Shutting down and abandoning module ComponentVisualizers (460)
[2019.02.14-20.36.59:480][366]LogModuleManager: Shutting down and abandoning module DetailCustomizations (458)
[2019.02.14-20.36.59:482][366]LogModuleManager: Shutting down and abandoning module PackagesDialog (456)
[2019.02.14-20.36.59:483][366]LogModuleManager: Shutting down and abandoning module Persona (454)
[2019.02.14-20.36.59:485][366]LogModuleManager: Shutting down and abandoning module AdvancedPreviewScene (453)
[2019.02.14-20.36.59:485][366]LogModuleManager: Shutting down and abandoning module AnimGraph (451)
[2019.02.14-20.36.59:486][366]LogModuleManager: Shutting down and abandoning module Kismet (448)
[2019.02.14-20.36.59:487][366]LogModuleManager: Shutting down and abandoning module GraphEditor (446)
[2019.02.14-20.36.59:489][366]LogModuleManager: Shutting down and abandoning module ClassViewer (444)
[2019.02.14-20.36.59:489][366]LogModuleManager: Shutting down and abandoning module Toolbox (442)
[2019.02.14-20.36.59:489][366]LogModuleManager: Shutting down and abandoning module DesktopPlatform (441)
[2019.02.14-20.36.59:491][366]LogModuleManager: Shutting down and abandoning module ModuleUI (438)
[2019.02.14-20.36.59:491][366]LogModuleManager: Shutting down and abandoning module MovieSceneTools (436)
[2019.02.14-20.36.59:492][366]LogModuleManager: Shutting down and abandoning module OutputLog (434)
[2019.02.14-20.36.59:492][366]LogModuleManager: Shutting down and abandoning module GammaUI (432)
[2019.02.14-20.36.59:492][366]LogModuleManager: Shutting down and abandoning module Documentation (430)
[2019.02.14-20.36.59:492][366]LogModuleManager: Shutting down and abandoning module MovieSceneTracks (428)
[2019.02.14-20.36.59:492][366]LogModuleManager: Shutting down and abandoning module MovieScene (426)
[2019.02.14-20.36.59:492][366]LogModuleManager: Shutting down and abandoning module StreamingPauseRendering (424)
[2019.02.14-20.36.59:493][366]LogModuleManager: Shutting down and abandoning module LauncherPlatform (422)
[2019.02.14-20.36.59:493][366]LogModuleManager: Shutting down and abandoning module AnalyticsET (420)
[2019.02.14-20.36.59:493][366]LogModuleManager: Shutting down and abandoning module PortalServices (418)
[2019.02.14-20.36.59:493][366]LogModuleManager: Shutting down and abandoning module PortalRpc (416)
[2019.02.14-20.36.59:493][366]LogModuleManager: Shutting down and abandoning module MessagingRpc (414)
[2019.02.14-20.36.59:493][366]LogModuleManager: Shutting down and abandoning module AIModule (412)
[2019.02.14-20.36.59:493][366]LogModuleManager: Shutting down and abandoning module GameplayDebugger (411)
[2019.02.14-20.36.59:494][366]LogModuleManager: Shutting down and abandoning module AITestSuite (409)
[2019.02.14-20.36.59:494][366]LogModuleManager: Shutting down and abandoning module NavigationSystem (407)
[2019.02.14-20.36.59:494][366]LogModuleManager: Shutting down and abandoning module ProfilerService (404)
[2019.02.14-20.36.59:535][366]LogModuleManager: Shutting down and abandoning module TaskGraph (402)
[2019.02.14-20.36.59:536][366]LogModuleManager: Shutting down and abandoning module SteamVRController (400)
[2019.02.14-20.36.59:536][366]LogModuleManager: Shutting down and abandoning module ProceduralMeshComponentEditor (398)
[2019.02.14-20.36.59:536][366]LogModuleManager: Shutting down and abandoning module ProceduralMeshComponent (396)
[2019.02.14-20.36.59:537][366]LogModuleManager: Shutting down and abandoning module OculusInput (394)
[2019.02.14-20.36.59:537][366]LogModuleManager: Shutting down and abandoning module MobilePatchingUtils (392)
[2019.02.14-20.36.59:537][366]LogModuleManager: Shutting down and abandoning module EditableMesh (390)
[2019.02.14-20.36.59:537][366]LogModuleManager: Shutting down and abandoning module CustomMeshComponent (388)
[2019.02.14-20.36.59:537][366]LogModuleManager: Shutting down and abandoning module CableComponent (386)
[2019.02.14-20.36.59:537][366]LogModuleManager: Shutting down and abandoning module AudioCapture (384)
[2019.02.14-20.36.59:537][366]LogModuleManager: Shutting down and abandoning module ArchVisCharacter (382)
[2019.02.14-20.36.59:537][366]LogModuleManager: Shutting down and abandoning module AndroidPermission (380)
[2019.02.14-20.36.59:537][366]LogModuleManager: Shutting down and abandoning module NUTUnrealEngine4 (378)
[2019.02.14-20.36.59:537][366]LogModuleManager: Shutting down and abandoning module NetcodeUnitTest (376)
[2019.02.14-20.36.59:539][366]LogModuleManager: Shutting down and abandoning module MediaCompositingEditor (374)
[2019.02.14-20.36.59:539][366]LogModuleManager: Shutting down and abandoning module MediaCompositing (372)
[2019.02.14-20.36.59:539][366]LogModuleManager: Shutting down and abandoning module LinearTimecode (370)
[2019.02.14-20.36.59:539][366]LogModuleManager: Shutting down and abandoning module ImgMedia (368)
[2019.02.14-20.36.59:545][366]LogModuleManager: Shutting down and abandoning module RawInput (366)
[2019.02.14-20.36.59:545][366]LogModuleManager: Shutting down and abandoning module HTML5Networking (364)
[2019.02.14-20.36.59:545][366]LogModuleManager: Shutting down and abandoning module GeometryCacheTracks (362)
[2019.02.14-20.36.59:545][366]LogModuleManager: Shutting down and abandoning module GeometryCacheSequencer (360)
[2019.02.14-20.36.59:545][366]LogModuleManager: Shutting down and abandoning module BackChannel (358)
[2019.02.14-20.36.59:546][366]LogModuleManager: Shutting down and abandoning module AppleVision (356)
[2019.02.14-20.36.59:546][366]LogModuleManager: Shutting down and abandoning module AppleImageUtils (354)
[2019.02.14-20.36.59:546][366]LogModuleManager: Shutting down and abandoning module AlembicImporter (352)
[2019.02.14-20.36.59:546][366]LogModuleManager: Shutting down and abandoning module AlembicLibrary (351)
[2019.02.14-20.36.59:546][366]LogModuleManager: Shutting down and abandoning module GeometryCache (350)
[2019.02.14-20.36.59:546][366]LogModuleManager: Shutting down and abandoning module GeometryCacheEd (349)
[2019.02.14-20.36.59:546][366]LogModuleManager: Shutting down and abandoning module DatasmithContentEditor (344)
[2019.02.14-20.36.59:546][366]LogModuleManager: Shutting down and abandoning module DatasmithContent (342)
[2019.02.14-20.36.59:548][366]LogModuleManager: Shutting down and abandoning module SpeedTreeImporter (340)
[2019.02.14-20.36.59:548][366]LogModuleManager: Shutting down and abandoning module PluginBrowser (338)
[2019.02.14-20.36.59:551][366]LogModuleManager: Shutting down and abandoning module MobileLauncherProfileWizard (336)
[2019.02.14-20.36.59:551][366]LogModuleManager: Shutting down and abandoning module PolygonModeling (334)
[2019.02.14-20.36.59:551][366]LogModuleManager: Shutting down and abandoning module MeshEditor (332)
[2019.02.14-20.36.59:552][366]LogModuleManager: Shutting down and abandoning module CryptoKeysOpenSSL (330)
[2019.02.14-20.36.59:552][366]LogModuleManager: Shutting down and abandoning module CryptoKeys (328)
[2019.02.14-20.36.59:552][366]LogModuleManager: Shutting down and abandoning module VisualStudioSourceCodeAccess (326)
[2019.02.14-20.36.59:552][366]LogModuleManager: Shutting down and abandoning module VisualStudioCodeSourceCodeAccess (324)
[2019.02.14-20.36.59:552][366]LogModuleManager: Shutting down and abandoning module UObjectPlugin (322)
[2019.02.14-20.36.59:552][366]LogModuleManager: Shutting down and abandoning module SubversionSourceControl (320)
[2019.02.14-20.36.59:553][366]LogModuleManager: Shutting down and abandoning module PerforceSourceControl (318)
[2019.02.14-20.36.59:554][366]LogModuleManager: Shutting down and abandoning module GitSourceControl (316)
[2019.02.14-20.36.59:555][366]LogModuleManager: Shutting down and abandoning module SourceControl (315)
[2019.02.14-20.36.59:556][366]LogModuleManager: Shutting down and abandoning module CLionSourceCodeAccess (312)
[2019.02.14-20.36.59:556][366]LogModuleManager: Shutting down and abandoning module LightPropagationVolumeEditor (310)
[2019.02.14-20.36.59:556][366]LogModuleManager: Shutting down and abandoning module PaperTiledImporter (308)
[2019.02.14-20.36.59:556][366]LogModuleManager: Shutting down and abandoning module PaperSpriteSheetImporter (306)
[2019.02.14-20.36.59:556][366]LogModuleManager: Shutting down and abandoning module Paper2DEditor (304)
[2019.02.14-20.36.59:558][366]LogModuleManager: Shutting down and abandoning module MeshPaint (303)
[2019.02.14-20.36.59:558][366]LogModuleManager: Shutting down and abandoning module VehicleMovement (300)
[2019.02.14-20.36.59:559][366]LogModuleManager: Shutting down and abandoning module RuntimePhysXCooking (298)
[2019.02.14-20.36.59:560][366]LogModuleManager: Shutting down and abandoning module PhysXVehiclesEditor (296)
[2019.02.14-20.36.59:560][366]LogModuleManager: Shutting down and abandoning module PhysXVehicles (294)
[2019.02.14-20.36.59:560][366]LogModuleManager: Shutting down and abandoning module OculusEditor (292)
[2019.02.14-20.36.59:560][366]LogModuleManager: Shutting down and abandoning module LocationServicesBPLibrary (290)
[2019.02.14-20.36.59:560][366]LogModuleManager: Shutting down and abandoning module ImmediatePhysicsEditor (288)
[2019.02.14-20.36.59:560][366]LogModuleManager: Shutting down and abandoning module ImmediatePhysics (286)
[2019.02.14-20.36.59:560][366]LogModuleManager: Shutting down and abandoning module ActorSequence (284)
[2019.02.14-20.36.59:560][366]LogModuleManager: Shutting down and abandoning module UdpMessaging (282)
[2019.02.14-20.36.59:661][366]LogModuleManager: Shutting down and abandoning module TcpMessaging (280)
[2019.02.14-20.36.59:762][366]LogModuleManager: Shutting down and abandoning module MagicLeapAudio (278)
[2019.02.14-20.36.59:762][366]LogModuleManager: Shutting down and abandoning module GameplayTagsEditor (276)
[2019.02.14-20.36.59:762][366]LogModuleManager: Shutting down and abandoning module FacialAnimationEditor (274)
[2019.02.14-20.36.59:762][366]LogModuleManager: Shutting down and abandoning module FacialAnimation (272)
[2019.02.14-20.36.59:762][366]LogModuleManager: Shutting down and abandoning module DataValidation (270)
[2019.02.14-20.36.59:762][366]LogModuleManager: Shutting down and abandoning module AssetManagerEditor (268)
[2019.02.14-20.36.59:764][366]LogModuleManager: Shutting down and abandoning module LevelEditor (267)
[2019.02.14-20.36.59:765][366]LogModuleManager: Shutting down and abandoning module PixelInspectorModule (266)
[2019.02.14-20.36.59:765][366]LogModuleManager: Shutting down and abandoning module CommonMenuExtensions (264)
[2019.02.14-20.36.59:765][366]LogModuleManager: Shutting down and abandoning module MainFrame (262)
[2019.02.14-20.36.59:766][366]LogModuleManager: Shutting down and abandoning module HotReload (261)
[2019.02.14-20.36.59:768][366]LogModuleManager: Shutting down and abandoning module ContentBrowser (257)
[2019.02.14-20.36.59:769][366]LogModuleManager: Shutting down and abandoning module TreeMap (255)
[2019.02.14-20.36.59:769][366]LogModuleManager: Shutting down and abandoning module LightPropagationVolumeRuntime (252)
[2019.02.14-20.36.59:769][366]LogModuleManager: Shutting down and abandoning module AISupportModule (250)
[2019.02.14-20.36.59:769][366]LogModuleManager: Shutting down and abandoning module Paper2D (248)
[2019.02.14-20.36.59:770][366]LogModuleManager: Shutting down and abandoning module WindowsMoviePlayer (246)
[2019.02.14-20.36.59:770][366]LogModuleManager: Shutting down and abandoning module WmfMedia (244)
[2019.02.14-20.36.59:772][366]LogModuleManager: Shutting down and abandoning module Media (243)
[2019.02.14-20.36.59:778][366]LogModuleManager: Shutting down and abandoning module PacketHandler (240)
[2019.02.14-20.36.59:778][366]LogModuleManager: Shutting down and abandoning module ClothingSystemEditor (238)
[2019.02.14-20.36.59:778][366]LogModuleManager: Shutting down and abandoning module ClothingSystemRuntime (236)
[2019.02.14-20.36.59:779][366]LogModuleManager: Shutting down and abandoning module MediaAssets (234)
[2019.02.14-20.36.59:779][366]LogModuleManager: Shutting down and abandoning module Overlay (232)
[2019.02.14-20.36.59:779][366]LogModuleManager: Shutting down and abandoning module OverlayEditor (231)
[2019.02.14-20.36.59:779][366]LogModuleManager: Shutting down and abandoning module VREditor (228)
[2019.02.14-20.36.59:779][366]LogModuleManager: Shutting down and abandoning module StringTableEditor (226)
[2019.02.14-20.36.59:780][366]LogModuleManager: Shutting down and abandoning module GameplayTasksEditor (224)
[2019.02.14-20.36.59:780][366]LogModuleManager: Shutting down and abandoning module BehaviorTreeEditor (222)
[2019.02.14-20.36.59:782][366]LogModuleManager: Shutting down and abandoning module FunctionalTesting (220)
[2019.02.14-20.36.59:782][366]LogModuleManager: Shutting down and abandoning module CollisionAnalyzer (218)
[2019.02.14-20.36.59:783][366]LogModuleManager: Shutting down and abandoning module WorkspaceMenuStructure (217)
[2019.02.14-20.36.59:783][366]LogModuleManager: Shutting down and abandoning module UMG (214)
[2019.02.14-20.36.59:784][366]LogModuleManager: Shutting down and abandoning module UMGEditor (213)
[2019.02.14-20.36.59:785][366]LogModuleManager: Shutting down and abandoning module Sequencer (212)
[2019.02.14-20.36.59:787][366]LogModuleManager: Shutting down and abandoning module MessageLog (209)
[2019.02.14-20.36.59:787][366]LogModuleManager: Shutting down and abandoning module SlateReflector (204)
[2019.02.14-20.36.59:789][366]LogModuleManager: Shutting down and abandoning module Slate (202)
[2019.02.14-20.36.59:789][366]LogModuleManager: Shutting down and abandoning module EditorStyle (200)
[2019.02.14-20.36.59:791][366]LogModuleManager: Shutting down and abandoning module MRMesh (198)
[2019.02.14-20.36.59:792][366]LogModuleManager: Shutting down and abandoning module SourceCodeAccess (196)
[2019.02.14-20.36.59:792][366]LogModuleManager: Shutting down and abandoning module HeadMountedDisplay (194)
[2019.02.14-20.36.59:792][366]LogModuleManager: Shutting down and abandoning module XAudio2 (192)
[2019.02.14-20.36.59:792][366]LogModuleManager: Shutting down and abandoning module Networking (190)
[2019.02.14-20.36.59:792][366]LogModuleManager: Shutting down and abandoning module Core (188)
[2019.02.14-20.36.59:792][366]LogModuleManager: Shutting down and abandoning module LevelSequence (186)
[2019.02.14-20.36.59:792][366]LogModuleManager: Shutting down and abandoning module KismetCompiler (184)
[2019.02.14-20.36.59:792][366]LogModuleManager: Shutting down and abandoning module MeshUtilities (182)
[2019.02.14-20.36.59:793][366]LogModuleManager: Shutting down and abandoning module MeshMergeUtilities (181)
[2019.02.14-20.36.59:793][366]LogModuleManager: Shutting down and abandoning module MeshReductionInterface (180)
[2019.02.14-20.36.59:793][366]LogModuleManager: Shutting down and abandoning module SimplygonSwarm (179)
[2019.02.14-20.36.59:794][366]LogModuleManager: Shutting down and abandoning module ProxyLODMeshReduction (177)
[2019.02.14-20.36.59:794][366]LogModuleManager: Shutting down and abandoning module SimplygonMeshReduction (175)
[2019.02.14-20.36.59:794][366]LogModuleManager: Shutting down and abandoning module QuadricMeshReduction (173)
[2019.02.14-20.36.59:795][366]LogModuleManager: Shutting down and abandoning module MaterialBaking (169)
[2019.02.14-20.36.59:795][366]LogModuleManager: Shutting down and abandoning module DirectoryWatcher (165)
[2019.02.14-20.36.59:795][366]LogModuleManager: Shutting down and abandoning module DerivedDataCache (162)
[2019.02.14-20.36.59:816][366]LogDerivedDataCache: Shutdown
[2019.02.14-20.36.59:816][366]LogModuleManager: Shutting down and abandoning module XGEController (160)
[2019.02.14-20.36.59:816][366]LogXGEController: Cleaning working directory: C:/Users/Sarfaraz/AppData/Local/Temp/UnrealXGEWorkingDir/
[2019.02.14-20.36.59:817][366]LogModuleManager: Shutting down and abandoning module TargetPlatform (158)
[2019.02.14-20.36.59:817][366]LogModuleManager: Shutting down and abandoning module VulkanShaderFormat (157)
[2019.02.14-20.36.59:818][366]LogModuleManager: Shutting down and abandoning module ShaderFormatVectorVM (155)
[2019.02.14-20.36.59:818][366]LogModuleManager: Shutting down and abandoning module ShaderFormatOpenGL (153)
[2019.02.14-20.36.59:818][366]LogModuleManager: Shutting down and abandoning module ShaderFormatD3D (151)
[2019.02.14-20.36.59:818][366]LogModuleManager: Shutting down and abandoning module MetalShaderFormat (149)
[2019.02.14-20.36.59:819][366]LogModuleManager: Shutting down and abandoning module TextureFormatUncompressed (147)
[2019.02.14-20.36.59:819][366]LogModuleManager: Shutting down and abandoning module TextureFormatPVR (145)
[2019.02.14-20.36.59:819][366]LogModuleManager: Shutting down and abandoning module TextureFormatDXT (143)
[2019.02.14-20.36.59:819][366]LogModuleManager: Shutting down and abandoning module TextureFormatIntelISPCTexComp (141)
[2019.02.14-20.36.59:820][366]LogModuleManager: Shutting down and abandoning module TextureFormatASTC (139)
[2019.02.14-20.36.59:820][366]LogModuleManager: Shutting down and abandoning module ImageWrapper (138)
[2019.02.14-20.36.59:820][366]LogModuleManager: Shutting down and abandoning module TextureFormatAndroid (135)
[2019.02.14-20.36.59:820][366]LogModuleManager: Shutting down and abandoning module AudioFormatOpus (133)
[2019.02.14-20.36.59:820][366]LogModuleManager: Shutting down and abandoning module AudioFormatOgg (131)
[2019.02.14-20.36.59:820][366]LogModuleManager: Shutting down and abandoning module AudioFormatADPCM (129)
[2019.02.14-20.36.59:820][366]LogModuleManager: Shutting down and abandoning module LuminTargetPlatform (127)
[2019.02.14-20.36.59:820][366]LogModuleManager: Shutting down and abandoning module LinuxTargetPlatform (125)
[2019.02.14-20.36.59:820][366]LogModuleManager: Shutting down and abandoning module LinuxServerTargetPlatform (123)
[2019.02.14-20.36.59:820][366]LogModuleManager: Shutting down and abandoning module LinuxNoEditorTargetPlatform (121)
[2019.02.14-20.36.59:821][366]LogModuleManager: Shutting down and abandoning module LinuxClientTargetPlatform (119)
[2019.02.14-20.36.59:821][366]LogModuleManager: Shutting down and abandoning module TVOSTargetPlatform (117)
[2019.02.14-20.36.59:822][366]LogModuleManager: Shutting down and abandoning module Messaging (115)
[2019.02.14-20.36.59:822][366]LogModuleManager: Shutting down and abandoning module IOSTargetPlatform (113)
[2019.02.14-20.36.59:823][366]LogModuleManager: Shutting down and abandoning module HTML5TargetPlatform (111)
[2019.02.14-20.36.59:823][366]LogModuleManager: Shutting down and abandoning module AndroidTargetPlatform (109)
[2019.02.14-20.36.59:834][366]LogModuleManager: Shutting down and abandoning module WindowsTargetPlatform (107)
[2019.02.14-20.36.59:834][366]LogModuleManager: Shutting down and abandoning module WindowsServerTargetPlatform (105)
[2019.02.14-20.36.59:834][366]LogModuleManager: Shutting down and abandoning module WindowsNoEditorTargetPlatform (103)
[2019.02.14-20.36.59:834][366]LogModuleManager: Shutting down and abandoning module WindowsClientTargetPlatform (101)
[2019.02.14-20.36.59:834][366]LogModuleManager: Shutting down and abandoning module MacTargetPlatform (99)
[2019.02.14-20.36.59:834][366]LogModuleManager: Shutting down and abandoning module MacServerTargetPlatform (97)
[2019.02.14-20.36.59:834][366]LogModuleManager: Shutting down and abandoning module MacNoEditorTargetPlatform (95)
[2019.02.14-20.36.59:834][366]LogModuleManager: Shutting down and abandoning module MacClientTargetPlatform (93)
[2019.02.14-20.36.59:834][366]LogModuleManager: Shutting down and abandoning module AllDesktopTargetPlatform (91)
[2019.02.14-20.36.59:834][366]LogModuleManager: Shutting down and abandoning module InputCore (88)
[2019.02.14-20.36.59:834][366]LogModuleManager: Shutting down and abandoning module Settings (86)
[2019.02.14-20.36.59:834][366]LogModuleManager: Shutting down and abandoning module PhysXCooking (84)
[2019.02.14-20.36.59:834][366]LogModuleManager: Shutting down and abandoning module SteamVR (82)
[2019.02.14-20.36.59:834][366]LogModuleManager: Shutting down and abandoning module OculusHMD (80)
[2019.02.14-20.36.59:834][366]LogModuleManager: Shutting down and abandoning module ExampleDeviceProfileSelector (78)
[2019.02.14-20.36.59:834][366]LogModuleManager: Shutting down and abandoning module LauncherChunkInstaller (76)
[2019.02.14-20.36.59:834][366]LogModuleManager: Shutting down and abandoning module OnlineBlueprintSupport (74)
[2019.02.14-20.36.59:834][366]LogModuleManager: Shutting down and abandoning module OnlineSubsystem (70)
[2019.02.14-20.36.59:835][366]LogModuleManager: Shutting down and abandoning module XMPP (65)
[2019.02.14-20.36.59:837][366]LogModuleManager: Shutting down and abandoning module WebSockets (64)
[2019.02.14-20.36.59:855][366]LogModuleManager: Shutting down and abandoning module HTTP (61)
[2019.02.14-20.36.59:855][366]LogHttp: Display: Http module shutting down, but needs to wait on 1 outstanding Http requests:
[2019.02.14-20.36.59:855][366]LogHttp: Display: 	verb=[POST] url=[https://datarouter.ol.epicgames.com/datarouter/api/v1/public/data?SessionID=%7B1BE5DE57-431E-3235-6565-4DB57037B4FB%7D&AppID=UEEditor.Rocket.Release&AppVersion=4.20.3-4369336%2B%2B%2BUE4%2BRelease-4.20&UserID=3fb737224a51bc632581bd91c14d1591%7C8ae81fff8fc647328846e802f56b3813%7Cedc5a6d1-e041-41b6-9db5-cad6714b3343&AppEnvironment=datacollector-binary&UploadType=eteventstream] status=Processing
[2019.02.14-20.36.59:873][366]LogModuleManager: Shutting down and abandoning module SSL (60)
[2019.02.14-20.36.59:875][366]LogModuleManager: Shutting down and abandoning module MagicLeapEmulator (56)
[2019.02.14-20.36.59:875][366]LogModuleManager: Shutting down and abandoning module MagicLeapPrivileges (54)
[2019.02.14-20.36.59:875][366]LogModuleManager: Shutting down and abandoning module MagicLeapIdentity (52)
[2019.02.14-20.36.59:875][366]LogModuleManager: Shutting down and abandoning module MagicLeapHelperVulkan (50)
[2019.02.14-20.36.59:875][366]LogModuleManager: Shutting down and abandoning module MagicLeapHelperOpenGL (48)
[2019.02.14-20.36.59:875][366]LogModuleManager: Shutting down and abandoning module MagicLeapSecureStorage (46)
[2019.02.14-20.36.59:875][366]LogModuleManager: Shutting down and abandoning module MagicLeapGestures (44)
[2019.02.14-20.36.59:875][366]LogModuleManager: Shutting down and abandoning module MagicLeapEyeTracker (42)
[2019.02.14-20.36.59:875][366]LogModuleManager: Shutting down and abandoning module MagicLeapController (40)
[2019.02.14-20.36.59:875][366]LogSlate: Slate User Destroyed.  User Index 0, Is Virtual User: 0
[2019.02.14-20.36.59:875][366]LogModuleManager: Shutting down and abandoning module MagicLeap (38)
[2019.02.14-20.36.59:875][366]LogModuleManager: Shutting down and abandoning module AnimationModifiers (36)
[2019.02.14-20.36.59:876][366]LogModuleManager: Shutting down and abandoning module PropertyEditor (35)
[2019.02.14-20.36.59:877][366]LogModuleManager: Shutting down and abandoning module AudioEditor (32)
[2019.02.14-20.36.59:878][366]LogModuleManager: Shutting down and abandoning module TextureCompressor (30)
[2019.02.14-20.36.59:881][366]LogModuleManager: Shutting down and abandoning module ShaderCore (28)
[2019.02.14-20.36.59:881][366]LogModuleManager: Shutting down and abandoning module Landscape (26)
[2019.02.14-20.36.59:881][366]LogModuleManager: Shutting down and abandoning module SlateRHIRenderer (24)
[2019.02.14-20.36.59:881][366]LogModuleManager: Shutting down and abandoning module OpenGLDrv (22)
[2019.02.14-20.36.59:882][366]LogModuleManager: Shutting down and abandoning module D3D11RHI (20)
[2019.02.14-20.36.59:882][366]LogModuleManager: Shutting down and abandoning module AnimGraphRuntime (18)
[2019.02.14-20.36.59:882][366]LogModuleManager: Shutting down and abandoning module Renderer (16)
[2019.02.14-20.36.59:882][366]LogModuleManager: Shutting down and abandoning module Engine (14)
[2019.02.14-20.36.59:882][366]LogModuleManager: Shutting down and abandoning module CoreUObject (12)
[2019.02.14-20.36.59:882][366]LogModuleManager: Shutting down and abandoning module NetworkFile (10)
[2019.02.14-20.36.59:882][366]LogModuleManager: Shutting down and abandoning module CookedIterativeFile (8)
[2019.02.14-20.36.59:882][366]LogModuleManager: Shutting down and abandoning module StreamingFile (6)
[2019.02.14-20.36.59:882][366]LogModuleManager: Shutting down and abandoning module SandboxFile (4)
[2019.02.14-20.36.59:882][366]LogModuleManager: Shutting down and abandoning module PakFile (2)
[2019.02.14-20.36.59:887][366]LogExit: Exiting.
[2019.02.14-20.36.59:897][366]Log file closed, 02/14/19 15:36:59
