Log file open, 03/03/19 15:37:37
LogWindows: Failed to load 'aqProf.dll' (GetLastError=126)
LogWindows: File 'aqProf.dll' does not exist
LogWindows: Failed to load 'VSPerf140.dll' (GetLastError=126)
LogWindows: File 'VSPerf140.dll' does not exist
LogWindows: Failed to load 'VtuneApi.dll' (GetLastError=126)
LogWindows: File 'VtuneApi.dll' does not exist
LogWindows: Failed to load 'VtuneApi32e.dll' (GetLastError=126)
LogWindows: File 'VtuneApi32e.dll' does not exist
LogInit: Display: Running engine for game: VehicleMovement
LogPlatformFile: Not using cached read wrapper
LogTaskGraph: Started task graph with 5 named threads and 20 total threads with 3 sets of task threads.
LogStats: Stats thread started at 0.382480
LogD3D11RHI: Loaded GFSDK_Aftermath_Lib.x64.dll
LogICUInternationalization: Display: ICU TimeZone Detection - Raw Offset: -5:00, Platform Override: ''
LogPluginManager: Mounting plugin Paper2D
LogPluginManager: Mounting plugin AISupport
LogPluginManager: Mounting plugin LightPropagationVolume
LogPluginManager: Mounting plugin CLionSourceCodeAccess
LogPluginManager: Mounting plugin CodeLiteSourceCodeAccess
LogPluginManager: Mounting plugin GitSourceControl
LogPluginManager: Mounting plugin KDevelopSourceCodeAccess
LogPluginManager: Mounting plugin NullSourceCodeAccess
LogPluginManager: Mounting plugin PerforceSourceControl
LogPluginManager: Mounting plugin SubversionSourceControl
LogPluginManager: Mounting plugin UObjectPlugin
LogPluginManager: Mounting plugin VisualStudioCodeSourceCodeAccess
LogPluginManager: Mounting plugin VisualStudioSourceCodeAccess
LogPluginManager: Mounting plugin XCodeSourceCodeAccess
LogPluginManager: Mounting plugin AssetManagerEditor
LogPluginManager: Mounting plugin CryptoKeys
LogPluginManager: Mounting plugin DataValidation
LogPluginManager: Mounting plugin FacialAnimation
LogPluginManager: Mounting plugin GameplayTagsEditor
LogPluginManager: Mounting plugin MacGraphicsSwitching
LogPluginManager: Mounting plugin MeshEditor
LogPluginManager: Mounting plugin MobileLauncherProfileWizard
LogPluginManager: Mounting plugin PluginBrowser
LogPluginManager: Mounting plugin SpeedTreeImporter
LogPluginManager: Mounting plugin DatasmithContent
LogPluginManager: Mounting plugin AlembicImporter
LogPluginManager: Mounting plugin AppleImageUtils
LogPluginManager: Mounting plugin AppleVision
LogPluginManager: Mounting plugin BackChannel
LogPluginManager: Mounting plugin CharacterAI
LogPluginManager: Mounting plugin GeometryCache
LogPluginManager: Mounting plugin HTML5Networking
LogPluginManager: Mounting plugin ProxyLODPlugin
LogPluginManager: Mounting plugin RawInput
LogPluginManager: Mounting plugin MagicLeap
LogPluginManager: Mounting plugin MagicLeapEmulator
LogPluginManager: Mounting plugin MagicLeapMedia
LogPluginManager: Mounting plugin AndroidMedia
LogPluginManager: Mounting plugin AvfMedia
LogPluginManager: Mounting plugin ImgMedia
LogPluginManager: Mounting plugin LinearTimecode
LogPluginManager: Mounting plugin MediaCompositing
LogPluginManager: Mounting plugin MediaPlayerEditor
LogPluginManager: Mounting plugin WmfMedia
LogPluginManager: Mounting plugin TcpMessaging
LogPluginManager: Mounting plugin UdpMessaging
LogPluginManager: Mounting plugin ActorSequence
LogPluginManager: Mounting plugin LevelSequenceEditor
LogPluginManager: Mounting plugin MatineeToLevelSequence
LogPluginManager: Mounting plugin NetcodeUnitTest
LogPluginManager: Mounting plugin NUTUnrealEngine4
LogPluginManager: Mounting plugin OnlineSubsystemGooglePlay
LogPluginManager: Mounting plugin OnlineSubsystemIOS
LogPluginManager: Mounting plugin OnlineSubsystem
LogPluginManager: Mounting plugin OnlineSubsystemNull
LogPluginManager: Mounting plugin OnlineSubsystemUtils
LogPluginManager: Mounting plugin LauncherChunkInstaller
LogPluginManager: Mounting plugin AndroidDeviceProfileSelector
LogPluginManager: Mounting plugin AndroidMoviePlayer
LogPluginManager: Mounting plugin AndroidPermission
LogPluginManager: Mounting plugin AppleMoviePlayer
LogPluginManager: Mounting plugin ArchVisCharacter
LogPluginManager: Mounting plugin AudioCapture
LogPluginManager: Mounting plugin CableComponent
LogPluginManager: Mounting plugin CustomMeshComponent
LogPluginManager: Mounting plugin EditableMesh
LogPluginManager: Mounting plugin ExampleDeviceProfileSelector
LogPluginManager: Mounting plugin GoogleCloudMessaging
LogPluginManager: Mounting plugin ImmediatePhysics
LogPluginManager: Mounting plugin IOSDeviceProfileSelector
LogPluginManager: Mounting plugin LinuxDeviceProfileSelector
LogPluginManager: Mounting plugin LocationServicesBPLibrary
LogPluginManager: Mounting plugin MobilePatchingUtils
LogPluginManager: Mounting plugin OculusVR
LogPluginManager: Plugin shader directory ../../../Engine/Plugins/Runtime/Oculus/OculusVR/Shaders found
LogPluginManager: Mapping shader source directory ../../../Engine/Plugins/Runtime/Oculus/OculusVR/Shaders to virtual directory /Plugin/OculusVR
LogPluginManager: Mounting plugin PhysXVehicles
LogPluginManager: Mounting plugin ProceduralMeshComponent
LogPluginManager: Mounting plugin RuntimePhysXCooking
LogPluginManager: Mounting plugin SteamVR
LogPluginManager: Mounting plugin WindowsMoviePlayer
LogStreaming: Display: Took  0.193s to configure plugins.
LogInit: Using libcurl 7.55.1-DEV
LogInit:  - built for x86_64-pc-win32
LogInit:  - supports SSL with OpenSSL/1.0.2h
LogInit:  - supports HTTP deflate (compression) using libz 1.2.8
LogInit:  - other features:
LogInit:      CURL_VERSION_SSL
LogInit:      CURL_VERSION_LIBZ
LogInit:      CURL_VERSION_IPV6
LogInit:      CURL_VERSION_ASYNCHDNS
LogInit:      CURL_VERSION_LARGEFILE
LogInit:      CURL_VERSION_IDN
LogInit:  CurlRequestOptions (configurable via config and command line):
LogInit:  - bVerifyPeer = false  - Libcurl will NOT verify peer certificate
LogInit:  - bUseHttpProxy = false  - Libcurl will NOT use HTTP proxy
LogInit:  - bDontReuseConnections = false  - Libcurl will reuse connections
LogInit:  - CertBundlePath = nullptr  - Libcurl will use whatever was configured at build time.
LogInit:  - MaxHostConnections = 16  - Libcurl will limit the number of connections to a host
LogInit:  - LocalHostAddr = Default
LogInit:  - BufferSize = 65536
LogInit: WinSock: version 1.1 (2.2), MaxSocks=32767, MaxUdp=65467
LogInit: Build: ++UE4+Release-4.20-CL-4369336
LogInit: Engine Version: 4.20.3-4369336+++UE4+Release-4.20
LogInit: Compatible Engine Version: 4.20.0-4212847+++UE4+Release-4.20
LogInit: Net CL: 4212847
LogInit: OS: Windows 10 (), CPU: Intel(R) Core(TM) i5-8400 CPU @ 2.80GHz, GPU: NVIDIA GeForce GTX 1050 Ti
LogInit: Compiled (64-bit): Sep 17 2018 12:26:19
LogInit: Compiled with Visual C++: 19.13.26129.00
LogInit: Build Configuration: Development
LogInit: Branch Name: ++UE4+Release-4.20
LogInit: Command Line: 
LogInit: Base Directory: D:/UE_4.20/Engine/Binaries/Win64/
LogInit: Installed Engine Build: 1
LogDevObjectVersion: Number of dev versions registered: 20
LogDevObjectVersion:   Dev-Blueprints (B0D832E4-1F89-4F0D-ACCF-7EB736FD4AA2): 10
LogDevObjectVersion:   Dev-Build (E1C64328-A22C-4D53-A36C-8E866417BD8C): 0
LogDevObjectVersion:   Dev-Core (375EC13C-06E4-48FB-B500-84F0262A717E): 2
LogDevObjectVersion:   Dev-Editor (E4B068ED-F494-42E9-A231-DA0B2E46BB41): 24
LogDevObjectVersion:   Dev-Framework (CFFC743F-43B0-4480-9391-14DF171D2073): 34
LogDevObjectVersion:   Dev-Mobile (B02B49B5-BB20-44E9-A304-32B752E40360): 2
LogDevObjectVersion:   Dev-Networking (A4E4105C-59A1-49B5-A7C5-40C4547EDFEE): 0
LogDevObjectVersion:   Dev-Online (39C831C9-5AE6-47DC-9A44-9C173E1C8E7C): 0
LogDevObjectVersion:   Dev-Physics (78F01B33-EBEA-4F98-B9B4-84EACCB95AA2): 0
LogDevObjectVersion:   Dev-Platform (6631380F-2D4D-43E0-8009-CF276956A95A): 0
LogDevObjectVersion:   Dev-Rendering (12F88B9F-8875-4AFC-A67C-D90C383ABD29): 26
LogDevObjectVersion:   Dev-Sequencer (7B5AE74C-D270-4C10-A958-57980B212A5A): 9
LogDevObjectVersion:   Dev-VR (D7296918-1DD6-4BDD-9DE2-64A83CC13884): 2
LogDevObjectVersion:   Dev-LoadTimes (C2A15278-BFE7-4AFE-6C17-90FF531DF755): 1
LogDevObjectVersion:   Private-Geometry (6EACA3D4-40EC-4CC1-B786-8BED09428FC5): 3
LogDevObjectVersion:   Dev-AnimPhys (29E575DD-E0A3-4627-9D10-D276232CDCEA): 17
LogDevObjectVersion:   Dev-ReflectionCapture (6B266CEC-1EC7-4B8F-A30B-E4D90942FC07): 1
LogDevObjectVersion:   Dev-Automation (0DF73D61-A23F-47EA-B727-89E90C41499A): 1
LogDevObjectVersion:   FortniteMain (601D1886-AC64-4F84-AA16-D3DE0DEAC7D6): 12
LogDevObjectVersion:   Dev-Enterprise (9DFFBCD6-494F-0158-E221-12823C92A888): 1
LogStreaming: Display: Took  0.002s to delete old logs.
LogInit: Presizing for max 8388607 objects, including 0 objects not considered by GC, pre-allocating 0 bytes for permanent pool.
LogInit: Object subsystem initialized
[2019.03.03-20.37.37:620][  0]LogInit: Selected Device Profile: [Windows]
[2019.03.03-20.37.37:620][  0]LogInit: Applying CVar settings loaded from the selected device profile: [Windows]
[2019.03.03-20.37.37:631][  0]LogHAL: Display: Platform has ~ 8 GB [8523337728 / 8589934592 / 8], which maps to Default [LargestMinGB=32, LargerMinGB=12, DefaultMinGB=8, SmallerMinGB=6, SmallestMinGB=0)
[2019.03.03-20.37.37:631][  0]LogInit: Setting Device Profile CVar: [[r.Vulkan.UseRealUBs:1]]
[2019.03.03-20.37.37:631][  0]LogInit: Going up to parent DeviceProfile []
[2019.03.03-20.37.37:631][  0]LogInit: Computer: DESKTOP-IF8BQD3
[2019.03.03-20.37.37:631][  0]LogInit: User: ChiyokoYumi
[2019.03.03-20.37.37:631][  0]LogInit: CPU Page size=4096, Cores=6
[2019.03.03-20.37.37:631][  0]LogInit: High frequency timer resolution =10.000000 MHz
[2019.03.03-20.37.37:631][  0]LogMemory: Memory total: Physical=7.9GB (8GB approx)
[2019.03.03-20.37.37:631][  0]LogMemory: Platform Memory Stats for Windows
[2019.03.03-20.37.37:631][  0]LogMemory: Process Physical Memory: 101.02 MB used, 101.02 MB peak
[2019.03.03-20.37.37:631][  0]LogMemory: Process Virtual Memory: 84.83 MB used, 84.83 MB peak
[2019.03.03-20.37.37:631][  0]LogMemory: Physical Memory: 5402.68 MB used,  2725.80 MB free, 8128.49 MB total
[2019.03.03-20.37.37:631][  0]LogMemory: Virtual Memory: 4618.13 MB used,  2725.80 MB free, 134217728.00 MB total
[2019.03.03-20.37.37:672][  0]LogInit: Using OS detected language (en-US).
[2019.03.03-20.37.37:672][  0]LogInit: Using OS detected locale (en-CA).
[2019.03.03-20.37.37:676][  0]LogTextLocalizationManager: No specific localization for 'en-US' exists, so the 'en' localization will be used.
[2019.03.03-20.37.38:016][  0]LogStreaming: Display: Took  0.344s to InitEngineTextLocalization.
[2019.03.03-20.37.38:016][  0]LogInit: Setting process to per monitor DPI aware
[2019.03.03-20.37.38:062][  0]LogSlate: New Slate User Created.  User Index 0, Is Virtual User: 0
[2019.03.03-20.37.38:062][  0]LogSlate: Slate User Registered.  User Index 0, Is Virtual User: 0
[2019.03.03-20.37.38:299][  0]LogHMD: Failed to initialize OpenVR with code 110
[2019.03.03-20.37.38:299][  0]LogD3D11RHI: D3D11 adapters:
[2019.03.03-20.37.38:378][  0]LogD3D11RHI:    0. 'NVIDIA GeForce GTX 1050 Ti' (Feature Level 11_0)
[2019.03.03-20.37.38:378][  0]LogD3D11RHI:       4018/0/4064 MB DedicatedVideo/DedicatedSystem/SharedSystem, Outputs:2, VendorId:0x10de
[2019.03.03-20.37.38:381][  0]LogD3D11RHI:    1. 'Microsoft Basic Render Driver' (Feature Level 11_0)
[2019.03.03-20.37.38:381][  0]LogD3D11RHI:       0/0/4064 MB DedicatedVideo/DedicatedSystem/SharedSystem, Outputs:0, VendorId:0x1414
[2019.03.03-20.37.38:381][  0]LogD3D11RHI: Chosen D3D11 Adapter: 0
[2019.03.03-20.37.38:388][  0]LogD3D11RHI: Creating new Direct3DDevice
[2019.03.03-20.37.38:389][  0]LogD3D11RHI:     GPU DeviceId: 0x1c82 (for the marketing name, search the web for "GPU Device Id")
[2019.03.03-20.37.38:389][  0]LogWindows: EnumDisplayDevices:
[2019.03.03-20.37.38:389][  0]LogWindows:    0. 'NVIDIA GeForce GTX 1050 Ti' (P:1 D:1)
[2019.03.03-20.37.38:390][  0]LogWindows:    1. 'NVIDIA GeForce GTX 1050 Ti' (P:0 D:1)
[2019.03.03-20.37.38:390][  0]LogWindows:    2. 'NVIDIA GeForce GTX 1050 Ti' (P:0 D:0)
[2019.03.03-20.37.38:391][  0]LogWindows:    3. 'NVIDIA GeForce GTX 1050 Ti' (P:0 D:0)
[2019.03.03-20.37.38:391][  0]LogWindows: DebugString: FoundDriverCount:4 
[2019.03.03-20.37.38:391][  0]LogD3D11RHI:     Adapter Name: NVIDIA GeForce GTX 1050 Ti
[2019.03.03-20.37.38:391][  0]LogD3D11RHI:   Driver Version: 419.17 (internal:25.21.14.1917, unified:419.17)
[2019.03.03-20.37.38:391][  0]LogD3D11RHI:      Driver Date: 2-20-2019
[2019.03.03-20.37.38:391][  0]LogRHI: Texture pool is 2812 MB (70% of 4018 MB)
[2019.03.03-20.37.38:435][  0]LogD3D11RHI: Async texture creation enabled
[2019.03.03-20.37.38:457][  0]LogD3D11RHI: GPU Timing Frequency: 1000.000000 (Debug: 2 1)
[2019.03.03-20.37.38:511][  0]LogShaderCompilers: Guid format shader working directory is -54 characters bigger than the processId version (../../../../GitHub/Math-Assignment_1/Math_Assignment_1/Game260Development/Resources/VehicleMovement/Intermediate/Shaders/WorkingDirectory/12792/).
[2019.03.03-20.37.38:512][  0]LogShaderCompilers: Cleaned the shader compiler working directory 'C:/Users/nicom/AppData/Local/Temp/UnrealShaderWorkingDir/9A7C7A0243A7FD1486674F9145180D21/'.
[2019.03.03-20.37.38:933][  0]LogTemp: Display: Loaded TP AllDesktopTargetPlatform
[2019.03.03-20.37.38:947][  0]LogTemp: Display: Loaded TP MacClientTargetPlatform
[2019.03.03-20.37.38:962][  0]LogTemp: Display: Loaded TP MacNoEditorTargetPlatform
[2019.03.03-20.37.38:977][  0]LogTemp: Display: Loaded TP MacServerTargetPlatform
[2019.03.03-20.37.38:993][  0]LogTemp: Display: Loaded TP MacTargetPlatform
[2019.03.03-20.37.39:007][  0]LogTemp: Display: Loaded TP WindowsClientTargetPlatform
[2019.03.03-20.37.39:022][  0]LogTemp: Display: Loaded TP WindowsNoEditorTargetPlatform
[2019.03.03-20.37.39:038][  0]LogTemp: Display: Loaded TP WindowsServerTargetPlatform
[2019.03.03-20.37.39:048][  0]LogTemp: Display: Loaded TP WindowsTargetPlatform
[2019.03.03-20.37.39:122][  0]LogTemp: Display: Loaded TP AndroidTargetPlatform
[2019.03.03-20.37.39:122][  0]LogTemp: Display: Loaded TP AndroidTargetPlatform
[2019.03.03-20.37.39:122][  0]LogTemp: Display: Loaded TP AndroidTargetPlatform
[2019.03.03-20.37.39:122][  0]LogTemp: Display: Loaded TP AndroidTargetPlatform
[2019.03.03-20.37.39:122][  0]LogTemp: Display: Loaded TP AndroidTargetPlatform
[2019.03.03-20.37.39:122][  0]LogTemp: Display: Loaded TP AndroidTargetPlatform
[2019.03.03-20.37.39:122][  0]LogTemp: Display: Loaded TP AndroidTargetPlatform
[2019.03.03-20.37.39:122][  0]LogTemp: Display: Loaded TP AndroidTargetPlatform
[2019.03.03-20.37.39:122][  0]LogTemp: Display: Loaded TP AndroidTargetPlatform
[2019.03.03-20.37.39:122][  0]LogTemp: Display: Loaded TP AndroidTargetPlatform
[2019.03.03-20.37.39:122][  0]LogTemp: Display: Loaded TP AndroidTargetPlatform
[2019.03.03-20.37.39:122][  0]LogTemp: Display: Loaded TP AndroidTargetPlatform
[2019.03.03-20.37.39:122][  0]LogTemp: Display: Loaded TP AndroidTargetPlatform
[2019.03.03-20.37.39:122][  0]LogTemp: Display: Loaded TP AndroidTargetPlatform
[2019.03.03-20.37.39:122][  0]LogTemp: Display: Loaded TP AndroidTargetPlatform
[2019.03.03-20.37.39:122][  0]LogTemp: Display: Loaded TP AndroidTargetPlatform
[2019.03.03-20.37.39:122][  0]LogTemp: Display: Loaded TP AndroidTargetPlatform
[2019.03.03-20.37.39:122][  0]LogTemp: Display: Loaded TP AndroidTargetPlatform
[2019.03.03-20.37.39:126][  0]LogTemp: Display: Loaded TP HTML5TargetPlatform
[2019.03.03-20.37.39:206][  0]LogTemp: Display: Loaded TP IOSTargetPlatform
[2019.03.03-20.37.39:206][  0]LogTemp: Display: Loaded TP IOSTargetPlatform
[2019.03.03-20.37.39:231][  0]LogTemp: Display: Loaded TP TVOSTargetPlatform
[2019.03.03-20.37.39:231][  0]LogTemp: Display: Loaded TP TVOSTargetPlatform
[2019.03.03-20.37.39:246][  0]LogTemp: Display: Loaded TP LinuxClientTargetPlatform
[2019.03.03-20.37.39:260][  0]LogTemp: Display: Loaded TP LinuxNoEditorTargetPlatform
[2019.03.03-20.37.39:272][  0]LogTemp: Display: Loaded TP LinuxServerTargetPlatform
[2019.03.03-20.37.39:287][  0]LogTemp: Display: Loaded TP LinuxTargetPlatform
[2019.03.03-20.37.39:298][  0]LogTemp: Display: Loaded TP LuminTargetPlatform
[2019.03.03-20.37.39:298][  0]LogTargetPlatformManager: Display: Building Assets For Windows
[2019.03.03-20.37.39:417][  0]LogXGEController: Cleaning working directory: C:/Users/nicom/AppData/Local/Temp/UnrealXGEWorkingDir/
[2019.03.03-20.37.39:417][  0]LogXGEController: Cannot use XGE Controller as Incredibuild is not installed on this machine.
[2019.03.03-20.37.39:417][  0]LogShaderCompilers: Cannot use XGE Shader Compiler as Incredibuild is not installed on this machine.
[2019.03.03-20.37.39:417][  0]LogShaderCompilers: Display: Using Local Shader Compiler.
[2019.03.03-20.37.40:085][  0]LogDerivedDataCache: Display: Max Cache Size: 512 MB
[2019.03.03-20.37.40:149][  0]LogDerivedDataCache: Loaded boot cache 0.06s 73MB C:/Users/nicom/AppData/Local/UnrealEngine/4.20/DerivedDataCache/Boot.ddc.
[2019.03.03-20.37.40:150][  0]LogDerivedDataCache: Display: Loaded Boot cache: C:/Users/nicom/AppData/Local/UnrealEngine/4.20/DerivedDataCache/Boot.ddc
[2019.03.03-20.37.40:150][  0]LogDerivedDataCache: FDerivedDataBackendGraph:  Pak pak cache file ../../../../GitHub/Math-Assignment_1/Math_Assignment_1/Game260Development/Resources/VehicleMovement/DerivedDataCache/DDC.ddp not found, will not use a pak cache.
[2019.03.03-20.37.40:150][  0]LogDerivedDataCache: Unable to find inner node Pak for hierarchical cache Hierarchy.
[2019.03.03-20.37.40:150][  0]LogDerivedDataCache: FDerivedDataBackendGraph:  CompressedPak pak cache file ../../../../GitHub/Math-Assignment_1/Math_Assignment_1/Game260Development/Resources/VehicleMovement/DerivedDataCache/Compressed.ddp not found, will not use a pak cache.
[2019.03.03-20.37.40:150][  0]LogDerivedDataCache: Unable to find inner node CompressedPak for hierarchical cache Hierarchy.
[2019.03.03-20.37.40:163][  0]LogDerivedDataCache: Display: Pak cache opened for reading ../../../Engine/DerivedDataCache/Compressed.ddp.
[2019.03.03-20.37.40:176][  0]LogDerivedDataCache: Using Local data cache path C:/Users/nicom/AppData/Local/UnrealEngine/Common/DerivedDataCache: Writable
[2019.03.03-20.37.40:176][  0]LogDerivedDataCache: Shared data cache path not found in *engine.ini, will not use an Shared cache.
[2019.03.03-20.37.40:176][  0]LogDerivedDataCache: Unable to find inner node Shared for hierarchical cache Hierarchy.
[2019.03.03-20.37.40:207][  0]LogMaterial: Verifying Global Shaders for PCD3D_SM5
[2019.03.03-20.37.40:208][  0]LogSlate: Using FreeType 2.6.0
[2019.03.03-20.37.40:210][  0]LogSlate: SlateFontServices - WITH_FREETYPE: 1, WITH_HARFBUZZ: 1
[2019.03.03-20.37.40:329][  0]LogAssetRegistry: FAssetRegistry took 0.0271 seconds to start up
[2019.03.03-20.37.40:636][  0]LogInit: Selected Device Profile: [Windows]
[2019.03.03-20.37.40:787][  0]LogSimplygon: Simplygon DLL not present - disabling.
[2019.03.03-20.37.40:796][  0]LogMeshReduction: Using SimplygonSwarm for distributed automatic mesh merging
[2019.03.03-20.37.40:796][  0]LogMeshReduction: Using ProxyLODMeshReduction for automatic mesh merging
[2019.03.03-20.37.40:796][  0]LogMeshReduction: Using QuadricMeshReduction for automatic static mesh reduction
[2019.03.03-20.37.40:796][  0]LogMeshReduction: No automatic skeletal mesh reduction module available
[2019.03.03-20.37.40:817][  0]LogNetVersion: VehicleMovement 1.0.0, NetCL: 4212847, EngineNetVer: 5, GameNetVer: 0 (Checksum: 2966596176)
[2019.03.03-20.37.41:446][  0]LogPackageLocalizationCache: Processed 11 localized package path(s) for 2 prioritized culture(s) in 0.149219 seconds
[2019.03.03-20.37.41:452][  0]LogUObjectArray: 38425 objects as part of root set at end of initial load.
[2019.03.03-20.37.41:453][  0]LogUObjectAllocator: 6690864 out of 0 bytes used by permanent object pool.
[2019.03.03-20.37.41:453][  0]LogUObjectArray: CloseDisregardForGC: 0/0 objects in disregard for GC pool
[2019.03.03-20.37.43:012][  0]LogTcpMessaging: Initializing TcpMessaging bridge
[2019.03.03-20.37.43:028][  0]LogUdpMessaging: Initializing bridge on interface 0.0.0.0:0 to multicast group 230.0.0.1:6666.
[2019.03.03-20.37.43:316][  0]SourceControl: Source control is disabled
[2019.03.03-20.37.43:316][  0]SourceControl: Source control is disabled
[2019.03.03-20.37.43:318][  0]SourceControl: Source control is disabled
[2019.03.03-20.37.43:320][  0]SourceControl: Source control is disabled
[2019.03.03-20.37.43:562][  0]LogAndroidPermission: UAndroidPermissionCallbackProxy::GetInstance
[2019.03.03-20.37.43:762][  0]LogOcInput: OculusInput pre-init called
[2019.03.03-20.37.43:827][  0]LogEngine: Initializing Engine...
[2019.03.03-20.37.43:829][  0]LogHMD: Failed to initialize OpenVR with code 110
[2019.03.03-20.37.43:830][  0]LogStats: UGameplayTagsManager::ConstructGameplayTagTree: ImportINI prefixes -  0.000 s
[2019.03.03-20.37.43:830][  0]LogStats: UGameplayTagsManager::ConstructGameplayTagTree: Construct from data asset -  0.000 s
[2019.03.03-20.37.43:830][  0]LogStats: UGameplayTagsManager::ConstructGameplayTagTree: ImportINI -  0.000 s
[2019.03.03-20.37.43:830][  0]LogStats: UGameplayTagsManager::ConstructGameplayTagTree: GameplayTagTreeChangedEvent.Broadcast -  0.000 s
[2019.03.03-20.37.44:053][  0]LogInit: Initializing FReadOnlyCVARCache
[2019.03.03-20.37.44:079][  0]LogAIModule: Creating AISystem for world Untitled
[2019.03.03-20.37.44:191][  0]LogInit: XAudio2 using 'Speakers (Realtek(R) Audio)' : 2 channels at 48 kHz using 32 bits per sample (channel mask 0x3)
[2019.03.03-20.37.44:243][  0]LogInit: FAudioDevice initialized.
[2019.03.03-20.37.44:243][  0]LogNetVersion: Set ProjectVersion to 1.0.0.0. Version Checksum will be recalculated on next use.
[2019.03.03-20.37.44:329][  0]LogDerivedDataCache: Saved boot cache 0.08s 73MB C:/Users/nicom/AppData/Local/UnrealEngine/4.20/DerivedDataCache/Boot.ddc.
[2019.03.03-20.37.44:336][  0]LogInit: Texture streaming: Enabled
[2019.03.03-20.37.44:373][  0]LogEngineSessionManager: EngineSessionManager initialized
[2019.03.03-20.37.44:374][  0]LogEngineSessionManager: EngineSessionManager sent abnormal shutdown report. Type=Crashed, SessionId={024F1090-401D-A2FB-6475-D0BF97018B7C}
[2019.03.03-20.37.44:395][  0]LogInit: Transaction tracking system initialized
[2019.03.03-20.37.44:444][  0]BlueprintLog: New page: Editor Load
[2019.03.03-20.37.44:587][  0]LocalizationService: Localization service is disabled
[2019.03.03-20.37.44:887][  0]LogCook: Display: Max memory allowance for cook 16384mb min free memory 0mb
[2019.03.03-20.37.44:887][  0]LogCook: Display: Mobile HDR setting 1
[2019.03.03-20.37.44:887][  0]LogGameplayTags: Display: UGameplayTagsManager::DoneAddingNativeTags. DelegateIsBound: 0
[2019.03.03-20.37.44:887][  0]LogStats: UGameplayTagsManager::ConstructGameplayTagTree: ImportINI prefixes -  0.000 s
[2019.03.03-20.37.44:887][  0]LogStats: UGameplayTagsManager::ConstructGameplayTagTree: Construct from data asset -  0.000 s
[2019.03.03-20.37.44:887][  0]LogStats: UGameplayTagsManager::ConstructGameplayTagTree: ImportINI -  0.000 s
[2019.03.03-20.37.44:887][  0]LogStats: UGameplayTagsManager::ConstructGameplayTagTree: GameplayTagTreeChangedEvent.Broadcast -  0.000 s
[2019.03.03-20.37.45:085][  0]LogFileCache: Scanning file cache for directory 'D:/GitHub/Math-Assignment_1/Math_Assignment_1/Game260Development/Resources/VehicleMovement/Content/' took 0.02s
[2019.03.03-20.37.45:085][  0]SourceControl: Source control is disabled
[2019.03.03-20.37.45:085][  0]LightingResults: New page: Lighting Build
[2019.03.03-20.37.45:090][  0]MapCheck: New page: Map Check
[2019.03.03-20.37.45:090][  0]LightingResults: New page: Lighting Build
[2019.03.03-20.37.45:451][  0]LogAIModule: Creating AISystem for world VehicleExampleMap
[2019.03.03-20.37.45:464][  0]LogEditorServer: Finished looking for orphan Actors (0.000 secs)
[2019.03.03-20.37.45:495][  0]Cmd: MAP CHECKDEP NOCLEARLOG
[2019.03.03-20.37.45:567][  0]MapCheck: Map check complete: 0 Error(s), 0 Warning(s), took 72.018ms to complete.
[2019.03.03-20.37.45:567][  0]LogFileHelpers: Loading map 'VehicleExampleMap' took 0.482
[2019.03.03-20.37.45:671][  0]LogSlate: Updating window title bar state: overlay mode, drag disabled, window buttons hidden, title bar hidden
[2019.03.03-20.37.45:679][  0]LogSlate: Updating window title bar state: overlay mode, drag disabled, window buttons hidden, title bar hidden
[2019.03.03-20.37.45:686][  0]LogSlate: Updating window title bar state: overlay mode, drag disabled, window buttons hidden, title bar hidden
[2019.03.03-20.37.45:695][  0]LogSlate: Updating window title bar state: overlay mode, drag disabled, window buttons hidden, title bar hidden
[2019.03.03-20.37.45:706][  0]LogCollectionManager: Loaded 0 collections in 0.003863 seconds
[2019.03.03-20.37.45:754][  0]LogFileCache: Scanning file cache for directory 'D:/GitHub/Math-Assignment_1/Math_Assignment_1/Game260Development/Resources/VehicleMovement/Saved/Collections/' took 0.01s
[2019.03.03-20.37.45:754][  0]LogFileCache: Scanning file cache for directory 'D:/GitHub/Math-Assignment_1/Math_Assignment_1/Game260Development/Resources/VehicleMovement/Content/Developers/ChiyokoYumi/Collections/' took 0.01s
[2019.03.03-20.37.45:754][  0]LogFileCache: Scanning file cache for directory 'D:/GitHub/Math-Assignment_1/Math_Assignment_1/Game260Development/Resources/VehicleMovement/Content/Collections/' took 0.01s
[2019.03.03-20.37.45:754][  0]LogCollectionManager: Rebuilt the GUID cache for 0 collections in 0.000000 seconds
[2019.03.03-20.37.45:765][  0]LogContentBrowser: Native class hierarchy populated in 0.0105 seconds. Added 2585 classes and 608 folders.
[2019.03.03-20.37.45:775][  0]LogContentBrowser: Native class hierarchy updated for 'WidgetCarousel' in 0.0008 seconds. Added 0 classes and 0 folders.
[2019.03.03-20.37.45:901][  0]LogContentBrowser: Native class hierarchy updated for 'AddContentDialog' in 0.0007 seconds. Added 0 classes and 0 folders.
[2019.03.03-20.37.45:912][  0]LogContentBrowser: Native class hierarchy updated for 'SceneOutliner' in 0.0007 seconds. Added 1 classes and 2 folders.
[2019.03.03-20.37.45:978][  0]LogSlate: Took 0.000438 seconds to synchronously load lazily loaded font '../../../Engine/Content/Slate/Fonts/Roboto-Regular.ttf' (155K)
[2019.03.03-20.37.45:983][  0]LogSlate: Took 0.000534 seconds to synchronously load lazily loaded font '../../../Engine/Content/Slate/Fonts/Roboto-Bold.ttf' (160K)
[2019.03.03-20.37.45:987][  0]LogSlate: Took 0.000351 seconds to synchronously load lazily loaded font '../../../Engine/Content/Editor/Slate/Fonts/FontAwesome.ttf' (139K)
[2019.03.03-20.37.46:061][  0]LogRenderer: Reallocating scene render targets to support 1144x572 Format 10 NumSamples 1 (Frame:1).
[2019.03.03-20.37.46:245][  0]LogContentBrowser: Native class hierarchy updated for 'HierarchicalLODOutliner' in 0.0006 seconds. Added 0 classes and 0 folders.
[2019.03.03-20.37.46:245][  0]LogLoad: (Engine Initialization) Total time: 12.54 seconds
[2019.03.03-20.37.46:245][  0]LogLoad: (Engine Initialization) Total Blueprint compile time: 0.00 seconds
[2019.03.03-20.37.46:268][  0]LogRawInputWindows: Warning: Found device 0 devices
[2019.03.03-20.37.46:269][  0]LogRawInputWindows: Warning: Found device 0 devices
[2019.03.03-20.37.46:269][  0]LogRawInputWindows: Warning: Device was registered succesfully but not connected (Usage:4 UsagePage:1)
[2019.03.03-20.37.46:269][  0]LogRawInputWindows: Warning: Found device 1 devices
[2019.03.03-20.37.46:269][  0]LogRawInputWindows: Warning: Device was registered succesfully but not connected (Usage:5 UsagePage:1)
[2019.03.03-20.37.46:294][  0]LogContentStreaming: Texture pool size now 1000 MB
[2019.03.03-20.37.46:333][  1]LogAssetRegistry: Asset discovery search completed in 6.0270 seconds
[2019.03.03-20.37.46:334][  1]LogCollectionManager: Rebuilt the object cache for 0 collections in 0.000000 seconds (found 0 objects)
[2019.03.03-20.37.46:334][  1]LogCollectionManager: Fixed up redirectors for 0 collections in 0.000041 seconds (updated 0 objects)
[2019.03.03-20.37.47:666][  5]LogSlate: Took 0.000248 seconds to synchronously load lazily loaded font '../../../Engine/Content/Slate/Fonts/Roboto-Light.ttf' (167K)
[2019.03.03-20.37.50:355][ 13]LogSlate: Took 0.000230 seconds to synchronously load lazily loaded font '../../../Engine/Content/Slate/Fonts/Roboto-Light.ttf' (167K)
[2019.03.03-20.37.52:023][ 18]LogSlate: FSceneViewport::OnFocusLost() reason 0
[2019.03.03-20.37.52:052][ 18]LogAssetEditorManager: Opening Asset editor for Blueprint /Game/BluePrint/RankSystem.RankSystem
[2019.03.03-20.37.52:489][ 18]LogContentBrowser: Native class hierarchy updated for 'BlueprintGraph' in 0.0009 seconds. Added 116 classes and 0 folders.
[2019.03.03-20.37.53:233][ 18]LogAssetEditorManager: Opening Asset editor for Blueprint /Game/BluePrint/MyVehicleMovementGameMode.MyVehicleMovementGameMode
[2019.03.03-20.37.53:519][ 18]LogAssetEditorManager: Opening Asset editor for Blueprint /Game/BluePrint/VehicleRank.VehicleRank
[2019.03.03-20.37.53:814][ 18]LogAssetEditorManager: Opening Asset editor for Blueprint /Game/BluePrint/PlayerControllerMacro.PlayerControllerMacro
[2019.03.03-20.37.54:077][ 18]LogSlate: Took 0.000295 seconds to synchronously load lazily loaded font '../../../Engine/Content/Slate/Fonts/Roboto-BoldCondensed.ttf' (158K)
[2019.03.03-20.37.54:208][ 19]LogSlate: Took 0.000432 seconds to synchronously load lazily loaded font '../../../Engine/Content/Slate/Fonts/Roboto-Italic.ttf' (157K)
[2019.03.03-20.37.56:159][239]LogSlate: Window 'RankSystem' being destroyed
[2019.03.03-20.37.59:805][639]LogAIModule: Creating AISystem for world TestRace
[2019.03.03-20.37.59:821][639]LogAssetEditorManager: Opening Asset editor for World /Game/Maps/TestRace.TestRace
[2019.03.03-20.37.59:858][639]Cmd: MAP LOAD FILE="../../../../GitHub/Math-Assignment_1/Math_Assignment_1/Game260Development/Resources/VehicleMovement/Content/Maps/TestRace.umap" TEMPLATE=0 SHOWPROGRESS=1 FEATURELEVEL=3
[2019.03.03-20.37.59:858][639]LightingResults: New page: Lighting Build
[2019.03.03-20.37.59:859][639]LoadErrors: New page: Loading map: TestRace.umap
[2019.03.03-20.37.59:860][639]MapCheck: New page: Map Check
[2019.03.03-20.37.59:860][639]LightingResults: New page: Lighting Build
[2019.03.03-20.37.59:990][639]LogEditorServer: Finished looking for orphan Actors (0.000 secs)
[2019.03.03-20.38.00:049][639]Cmd: MAP CHECKDEP NOCLEARLOG
[2019.03.03-20.38.00:126][639]MapCheck: Map check complete: 0 Error(s), 0 Warning(s), took 76.53ms to complete.
[2019.03.03-20.38.00:126][639]LogFileHelpers: Loading map 'TestRace' took 0.269
[2019.03.03-20.38.04:153][ 97]LogEditorViewport: Clicking on Actor (LMB): MyAVehiclePawn_C (MyAVehiclePawn)
[2019.03.03-20.38.22:795][198]Cmd: EDIT COPY
[2019.03.03-20.38.23:055][226]Cmd: EDIT PASTE
[2019.03.03-20.38.31:436][137]LogSlate: FSceneViewport::OnFocusLost() reason 0
[2019.03.03-20.38.31:854][152]LogSavePackage: Moving '../../../../GitHub/Math-Assignment_1/Math_Assignment_1/Game260Development/Resources/VehicleMovement/Saved/TestRace9810F82C41F247AEE89986B5F4BE7120.tmp' to '../../../../GitHub/Math-Assignment_1/Math_Assignment_1/Game260Development/Resources/VehicleMovement/Content/Maps/TestRace.umap'
[2019.03.03-20.39.37:420][363]LogSlate: FSceneViewport::OnFocusLost() reason 0
[2019.03.03-20.39.37:578][382]LogTemp: Repeating last play command: New Editor Window (PIE)
[2019.03.03-20.39.37:603][382]LogBlueprintUserMessages: Early PlayInEditor Detection: Level '/Game/Maps/TestRace.TestRace:PersistentLevel' has LevelScriptBlueprint '/Game/Maps/TestRace.TestRace:PersistentLevel.TestRace' with GeneratedClass '/Game/Maps/TestRace.TestRace_C' with ClassGeneratedBy '/Game/Maps/TestRace.TestRace:PersistentLevel.TestRace'
[2019.03.03-20.39.37:603][382]LogPlayLevel: PlayLevel: No blueprints needed recompiling
[2019.03.03-20.39.37:622][382]PIE: New page: PIE session: TestRace (Mar 3, 2019, 10:39:37 AM)
[2019.03.03-20.39.37:622][382]LogPlayLevel: Creating play world package: /Game/Maps/UEDPIE_1_TestRace
[2019.03.03-20.39.37:650][382]LogPlayLevel: PIE: StaticDuplicateObject took: (0.027598s)
[2019.03.03-20.39.37:651][382]LogAIModule: Creating AISystem for world TestRace
[2019.03.03-20.39.37:651][382]LogPlayLevel: PIE: World Init took: (0.000873s)
[2019.03.03-20.39.37:651][382]LogPlayLevel: PIE: Created PIE world by copying editor world from /Game/Maps/TestRace.TestRace to /Game/Maps/UEDPIE_1_TestRace.TestRace (0.028680s)
[2019.03.03-20.39.37:855][382]LogInit: XAudio2 using 'Speakers (Realtek(R) Audio)' : 2 channels at 48 kHz using 32 bits per sample (channel mask 0x3)
[2019.03.03-20.39.37:888][382]LogInit: FAudioDevice initialized.
[2019.03.03-20.39.37:902][382]LogSlate: Updating window title bar state: overlay mode, drag disabled, window buttons hidden, title bar hidden
[2019.03.03-20.39.37:972][382]LogLoad: Game class is 'MyVehicleMovementGameMode_C'
[2019.03.03-20.39.37:978][382]LogWorld: Bringing World /Game/Maps/UEDPIE_1_TestRace.TestRace up for play (max tick rate 0) at 2019.03.03-15.39.37
[2019.03.03-20.39.37:979][382]LogWorld: Bringing up level for play took: 0.003875
[2019.03.03-20.39.38:005][382]LogContentBrowser: Native class hierarchy updated for 'MovieSceneCapture' in 0.0007 seconds. Added 10 classes and 0 folders.
[2019.03.03-20.39.38:005][382]LogTemp: Display: ParseSettings for GameNetDriver
[2019.03.03-20.39.38:005][382]LogTemp: Display: ParseSettings for IpNetDriver_0
[2019.03.03-20.39.38:005][382]LogTemp: Display: ParseSettings for GameNetDriver
[2019.03.03-20.39.38:005][382]LogNet: ReplicationDriverClass is null! Not using ReplicationDriver.
[2019.03.03-20.39.38:005][382]LogInit: WinSock: Socket queue 131072 / 131072
[2019.03.03-20.39.38:006][382]LogInit: WinSock: I am DESKTOP-IF8BQD3 (192.168.2.11:0)
[2019.03.03-20.39.38:006][382]PacketHandlerLog: Loaded PacketHandler component: Engine.EngineHandlerComponentFactory (StatelessConnectHandlerComponent)
[2019.03.03-20.39.38:006][382]LogNet: GameNetDriver IpNetDriver_0 IpNetDriver listening on port 17777
[2019.03.03-20.39.38:009][382]PIE: Play in editor start time for /Game/Maps/UEDPIE_1_TestRace -0.513
[2019.03.03-20.39.38:015][382]PIE: New page: PIE session: TestRace (Mar 3, 2019, 10:39:38 AM)
[2019.03.03-20.39.38:025][382]LogSlate: FSceneViewport::OnFocusLost() reason 2
[2019.03.03-20.39.38:033][382]LogSlate: Updating window title bar state: overlay mode, drag disabled, window buttons hidden, title bar hidden
[2019.03.03-20.39.38:073][382]LogNet: Browse: 127.0.0.1:17777//Game/VehicleCPP/Maps/VehicleExampleMap
[2019.03.03-20.39.38:073][382]LogTemp: Display: ParseSettings for GameNetDriver
[2019.03.03-20.39.38:073][382]LogTemp: Display: ParseSettings for IpNetDriver_1
[2019.03.03-20.39.38:073][382]LogTemp: Display: ParseSettings for PendingNetDriver
[2019.03.03-20.39.38:073][382]LogInit: WinSock: Socket queue 32768 / 32768
[2019.03.03-20.39.38:073][382]PacketHandlerLog: Loaded PacketHandler component: Engine.EngineHandlerComponentFactory (StatelessConnectHandlerComponent)
[2019.03.03-20.39.38:073][382]LogNet: Game client on port 17777, rate 10000
[2019.03.03-20.39.38:077][382]PIE: Play in editor start time for /Game/VehicleCPP/Maps/VehicleExampleMap -0.446
[2019.03.03-20.39.38:088][382]LogBlueprintUserMessages: Late PlayInEditor Detection: Level '/Game/Maps/TestRace.TestRace:PersistentLevel' has LevelScriptBlueprint '/Game/Maps/TestRace.TestRace:PersistentLevel.TestRace' with GeneratedClass '/Game/Maps/TestRace.TestRace_C' with ClassGeneratedBy '/Game/Maps/TestRace.TestRace:PersistentLevel.TestRace'
[2019.03.03-20.39.38:088][382]LogNet: NotifyAcceptingConnection accepted from: 127.0.0.1:58848
[2019.03.03-20.39.38:089][382]LogHandshake: SendConnectChallenge. Timestamp: 0.008521, Cookie: 147237096097233065069152064007183035097238168106248158166176
[2019.03.03-20.39.38:089][382]LogBlueprintUserMessages: [VehicleRank_C_0] Server: 00:00.00
[2019.03.03-20.39.38:097][382]LogHandshake: SendChallengeResponse. Timestamp: 0.008521, Cookie: 147237096097233065069152064007183035097238168106248158166176
[2019.03.03-20.39.38:137][382]LogRenderer: Reallocating scene render targets to support 1292x756 Format 10 NumSamples 1 (Frame:1).
[2019.03.03-20.39.38:215][383]LogNet: NotifyAcceptingConnection accepted from: 127.0.0.1:58848
[2019.03.03-20.39.38:215][383]LogHandshake: SendChallengeAck. InCookie: 147237096097233065069152064007183035097238168106248158166176
[2019.03.03-20.39.38:216][383]LogNet: Server accepting post-challenge connection from: 127.0.0.1:58848
[2019.03.03-20.39.38:216][383]PacketHandlerLog: Loaded PacketHandler component: Engine.EngineHandlerComponentFactory (StatelessConnectHandlerComponent)
[2019.03.03-20.39.38:216][383]LogNet: NotifyAcceptedConnection: Name: TestRace, TimeStamp: 03/03/19 15:39:38, [UNetConnection] RemoteAddr: 127.0.0.1:58848, Name: IpConnection_1, Driver: GameNetDriver IpNetDriver_0, IsServer: YES, PC: NULL, Owner: NULL, UniqueId: INVALID
[2019.03.03-20.39.38:216][383]LogNet: AddClientConnection: Added client connection: [UNetConnection] RemoteAddr: 127.0.0.1:58848, Name: IpConnection_1, Driver: GameNetDriver IpNetDriver_0, IsServer: YES, PC: NULL, Owner: NULL, UniqueId: INVALID
[2019.03.03-20.39.38:216][383]LogBlueprintUserMessages: [VehicleRank_C_0] Server: 00:00.40
[2019.03.03-20.39.38:218][383]LogNetVersion: VehicleMovement 1.0.0.0, NetCL: 4212847, EngineNetVer: 5, GameNetVer: 0 (Checksum: 1433232907)
[2019.03.03-20.39.38:218][383]LogNet: UPendingNetGame::SendInitialJoin: Sending hello. [UNetConnection] RemoteAddr: 127.0.0.1:17777, Name: IpConnection_0, Driver: PendingNetDriver IpNetDriver_1, IsServer: NO, PC: NULL, Owner: NULL, UniqueId: INVALID
[2019.03.03-20.39.38:236][384]LogNet: NotifyAcceptingChannel Control 0 server World /Game/Maps/UEDPIE_1_TestRace.TestRace: Accepted
[2019.03.03-20.39.38:237][384]LogNet: Remote platform little endian=1
[2019.03.03-20.39.38:237][384]LogNet: This platform little endian=1
[2019.03.03-20.39.38:237][384]LogBlueprintUserMessages: [VehicleRank_C_0] Server: 00:00.42
[2019.03.03-20.39.38:273][385]LogNet: Login request: /Game/VehicleCPP/Maps/VehicleExampleMap?Name=DESKTOP-IF8BQD3-DB4569BF474FA30FE2E533837385E50B userId: DESKTOP-IF8BQD3-DB4569BF474FA30FE2E533837385E50B
[2019.03.03-20.39.38:273][385]LogBlueprintUserMessages: [VehicleRank_C_0] Server: 00:00.46
[2019.03.03-20.39.38:275][385]LogNet: Welcomed by server (Level: /Game/Maps/UEDPIE_1_TestRace, Game: /Game/BluePrint/MyVehicleMovementGameMode.MyVehicleMovementGameMode_C)
[2019.03.03-20.39.38:275][385]LogLoad: LoadMap: 127.0.0.1:17777//Game/Maps/UEDPIE_1_TestRace?game=/Game/BluePrint/MyVehicleMovementGameMode.MyVehicleMovementGameMode_C
[2019.03.03-20.39.38:340][385]LogAIModule: Creating AISystem for world TestRace
[2019.03.03-20.39.38:341][385]LogTemp: Display: ParseSettings for GameNetDriver
[2019.03.03-20.39.38:347][385]LogWorld: Bringing World /Game/Maps/UEDPIE_2_TestRace.TestRace up for play (max tick rate 0) at 2019.03.03-15.39.38
[2019.03.03-20.39.38:348][385]LogWorld: Bringing up level for play took: 0.004445
[2019.03.03-20.39.38:348][385]LogLoad: Took 0.073236 seconds to LoadMap(/Game/Maps/UEDPIE_1_TestRace)
[2019.03.03-20.39.38:367][386]LogNet: Client netspeed is 10000
[2019.03.03-20.39.38:367][386]LogNet: Join request: /Game/VehicleCPP/Maps/VehicleExampleMap?Name=DESKTOP-IF8BQD3-DB4569BF474FA30FE2E533837385E50B?SplitscreenCount=1
[2019.03.03-20.39.38:367][386]LogOnline: Warning: OSS: No game present to join for session (GameSession)
[2019.03.03-20.39.38:369][386]LogNet: Join succeeded: DESKTOP-IF8BQD3-DB45
[2019.03.03-20.39.38:369][386]LogBlueprintUserMessages: [VehicleRank_C_0] Server: 00:00.56
[2019.03.03-20.39.38:369][386]LogBlueprintUserMessages: [VehicleRank_C_1] Server: 00:00.09
[2019.03.03-20.39.38:388][387]LogBlueprintUserMessages: [VehicleRank_C_0] Server: 00:00.58
[2019.03.03-20.39.38:388][387]LogBlueprintUserMessages: [VehicleRank_C_1] Server: 00:00.11
[2019.03.03-20.39.38:392][387]LogOnline: Warning: OSS: No game present to join for session (GameSession)
[2019.03.03-20.39.38:393][387]LogBlueprintUserMessages: [VehicleRank_C_0] Client 1: 00:00.02
[2019.03.03-20.39.38:407][388]LogBlueprintUserMessages: [VehicleRank_C_0] Server: 00:00.60
[2019.03.03-20.39.38:407][388]LogBlueprintUserMessages: [VehicleRank_C_1] Server: 00:00.13
[2019.03.03-20.39.38:408][388]LogBlueprintUserMessages: [VehicleRank_C_0] Client 1: 00:00.03
[2019.03.03-20.39.38:429][389]LogBlueprintUserMessages: [VehicleRank_C_0] Server: 00:00.61
[2019.03.03-20.39.38:429][389]LogBlueprintUserMessages: [VehicleRank_C_1] Server: 00:00.15
[2019.03.03-20.39.38:431][389]LogOnline: Warning: OSS: No game present to join for session (GameSession)
[2019.03.03-20.39.38:431][389]LogBlueprintUserMessages: [VehicleRank_C_0] Client 1: 00:00.05
[2019.03.03-20.39.38:450][390]LogBlueprintUserMessages: [VehicleRank_C_0] Server: 00:00.64
[2019.03.03-20.39.38:450][390]LogBlueprintUserMessages: [VehicleRank_C_1] Server: 00:00.17
[2019.03.03-20.39.38:451][390]LogBlueprintUserMessages: [VehicleRank_C_0] Client 1: 00:00.08
[2019.03.03-20.39.38:466][391]LogBlueprintUserMessages: [VehicleRank_C_0] Server: 00:00.65
[2019.03.03-20.39.38:466][391]LogBlueprintUserMessages: [VehicleRank_C_1] Server: 00:00.19
[2019.03.03-20.39.38:468][391]LogBlueprintUserMessages: [VehicleRank_C_0] Client 1: 00:00.09
[2019.03.03-20.39.38:482][392]LogBlueprintUserMessages: [VehicleRank_C_0] Server: 00:00.67
[2019.03.03-20.39.38:482][392]LogBlueprintUserMessages: [VehicleRank_C_1] Server: 00:00.20
[2019.03.03-20.39.38:483][392]LogBlueprintUserMessages: [VehicleRank_C_0] Client 1: 00:00.11
[2019.03.03-20.39.38:496][393]LogBlueprintUserMessages: [VehicleRank_C_0] Server: 00:00.69
[2019.03.03-20.39.38:497][393]LogBlueprintUserMessages: [VehicleRank_C_1] Server: 00:00.22
[2019.03.03-20.39.38:498][393]LogBlueprintUserMessages: [VehicleRank_C_0] Client 1: 00:00.12
[2019.03.03-20.39.38:509][394]LogBlueprintUserMessages: [VehicleRank_C_0] Server: 00:00.70
[2019.03.03-20.39.38:509][394]LogBlueprintUserMessages: [VehicleRank_C_1] Server: 00:00.23
[2019.03.03-20.39.38:510][394]LogBlueprintUserMessages: [VehicleRank_C_0] Client 1: 00:00.14
[2019.03.03-20.39.38:523][395]LogBlueprintUserMessages: [VehicleRank_C_0] Server: 00:00.71
[2019.03.03-20.39.38:523][395]LogBlueprintUserMessages: [VehicleRank_C_1] Server: 00:00.25
[2019.03.03-20.39.38:525][395]LogBlueprintUserMessages: [VehicleRank_C_0] Client 1: 00:00.15
[2019.03.03-20.39.38:537][396]LogBlueprintUserMessages: [VehicleRank_C_0] Server: 00:00.73
[2019.03.03-20.39.38:537][396]LogBlueprintUserMessages: [VehicleRank_C_1] Server: 00:00.26
[2019.03.03-20.39.38:537][396]LogBlueprintUserMessages: [VehicleRank_C_0] Client 1: 00:00.16
[2019.03.03-20.39.38:550][397]LogBlueprintUserMessages: [VehicleRank_C_0] Server: 00:00.74
[2019.03.03-20.39.38:550][397]LogBlueprintUserMessages: [VehicleRank_C_1] Server: 00:00.27
[2019.03.03-20.39.38:551][397]LogBlueprintUserMessages: [VehicleRank_C_0] Client 1: 00:00.18
[2019.03.03-20.39.38:563][398]LogBlueprintUserMessages: [VehicleRank_C_0] Server: 00:00.75
[2019.03.03-20.39.38:564][398]LogBlueprintUserMessages: [VehicleRank_C_1] Server: 00:00.28
[2019.03.03-20.39.38:565][398]LogBlueprintUserMessages: [VehicleRank_C_0] Client 1: 00:00.19
[2019.03.03-20.39.38:575][399]LogBlueprintUserMessages: [VehicleRank_C_0] Server: 00:00.76
[2019.03.03-20.39.38:575][399]LogBlueprintUserMessages: [VehicleRank_C_1] Server: 00:00.30
[2019.03.03-20.39.38:576][399]LogBlueprintUserMessages: [VehicleRank_C_0] Client 1: 00:00.20
[2019.03.03-20.39.38:592][400]LogBlueprintUserMessages: [VehicleRank_C_0] Server: 00:00.78
[2019.03.03-20.39.38:592][400]LogBlueprintUserMessages: [VehicleRank_C_1] Server: 00:00.31
[2019.03.03-20.39.38:593][400]LogBlueprintUserMessages: [VehicleRank_C_0] Client 1: 00:00.22
[2019.03.03-20.39.38:609][401]LogBlueprintUserMessages: [VehicleRank_C_0] Server: 00:00.80
[2019.03.03-20.39.38:609][401]LogBlueprintUserMessages: [VehicleRank_C_1] Server: 00:00.33
[2019.03.03-20.39.38:610][401]LogBlueprintUserMessages: [VehicleRank_C_0] Client 1: 00:00.24
[2019.03.03-20.39.38:626][402]LogBlueprintUserMessages: [VehicleRank_C_0] Server: 00:00.81
[2019.03.03-20.39.38:626][402]LogBlueprintUserMessages: [VehicleRank_C_1] Server: 00:00.35
[2019.03.03-20.39.38:627][402]LogBlueprintUserMessages: [VehicleRank_C_0] Client 1: 00:00.25
[2019.03.03-20.39.38:640][403]LogBlueprintUserMessages: [VehicleRank_C_0] Server: 00:00.83
[2019.03.03-20.39.38:640][403]LogBlueprintUserMessages: [VehicleRank_C_1] Server: 00:00.36
[2019.03.03-20.39.38:641][403]LogBlueprintUserMessages: [VehicleRank_C_0] Client 1: 00:00.27
[2019.03.03-20.39.38:653][404]LogBlueprintUserMessages: [VehicleRank_C_0] Server: 00:00.84
[2019.03.03-20.39.38:653][404]LogBlueprintUserMessages: [VehicleRank_C_1] Server: 00:00.38
[2019.03.03-20.39.38:653][404]LogBlueprintUserMessages: [VehicleRank_C_0] Client 1: 00:00.28
[2019.03.03-20.39.38:664][405]LogBlueprintUserMessages: [VehicleRank_C_0] Server: 00:00.85
[2019.03.03-20.39.38:664][405]LogBlueprintUserMessages: [VehicleRank_C_1] Server: 00:00.39
[2019.03.03-20.39.38:665][405]LogBlueprintUserMessages: [VehicleRank_C_0] Client 1: 00:00.29
[2019.03.03-20.39.38:674][406]LogBlueprintUserMessages: [VehicleRank_C_0] Server: 00:00.86
[2019.03.03-20.39.38:674][406]LogBlueprintUserMessages: [VehicleRank_C_1] Server: 00:00.40
[2019.03.03-20.39.38:674][406]LogBlueprintUserMessages: [VehicleRank_C_0] Client 1: 00:00.30
[2019.03.03-20.39.38:687][407]LogBlueprintUserMessages: [VehicleRank_C_0] Server: 00:00.88
[2019.03.03-20.39.38:687][407]LogBlueprintUserMessages: [VehicleRank_C_1] Server: 00:00.41
[2019.03.03-20.39.38:688][407]LogBlueprintUserMessages: [VehicleRank_C_0] Client 1: 00:00.32
[2019.03.03-20.39.38:702][408]LogBlueprintUserMessages: [VehicleRank_C_0] Server: 00:00.89
[2019.03.03-20.39.38:702][408]LogBlueprintUserMessages: [VehicleRank_C_1] Server: 00:00.42
[2019.03.03-20.39.38:703][408]LogBlueprintUserMessages: [VehicleRank_C_0] Client 1: 00:00.33
[2019.03.03-20.39.38:715][409]LogBlueprintUserMessages: [VehicleRank_C_0] Server: 00:00.90
[2019.03.03-20.39.38:715][409]LogBlueprintUserMessages: [VehicleRank_C_1] Server: 00:00.44
[2019.03.03-20.39.38:716][409]LogBlueprintUserMessages: [VehicleRank_C_0] Client 1: 00:00.34
[2019.03.03-20.39.38:724][410]LogBlueprintUserMessages: [VehicleRank_C_0] Server: 00:00.91
[2019.03.03-20.39.38:724][410]LogBlueprintUserMessages: [VehicleRank_C_1] Server: 00:00.45
[2019.03.03-20.39.38:725][410]LogBlueprintUserMessages: [VehicleRank_C_0] Client 1: 00:00.35
[2019.03.03-20.39.38:737][411]LogBlueprintUserMessages: [VehicleRank_C_0] Server: 00:00.93
[2019.03.03-20.39.38:737][411]LogBlueprintUserMessages: [VehicleRank_C_1] Server: 00:00.46
[2019.03.03-20.39.38:738][411]LogBlueprintUserMessages: [VehicleRank_C_0] Client 1: 00:00.36
[2019.03.03-20.39.38:749][412]LogBlueprintUserMessages: [VehicleRank_C_0] Server: 00:00.94
[2019.03.03-20.39.38:749][412]LogBlueprintUserMessages: [VehicleRank_C_1] Server: 00:00.47
[2019.03.03-20.39.38:749][412]LogBlueprintUserMessages: [VehicleRank_C_0] Client 1: 00:00.38
[2019.03.03-20.39.38:758][413]LogBlueprintUserMessages: [VehicleRank_C_0] Server: 00:00.95
[2019.03.03-20.39.38:758][413]LogBlueprintUserMessages: [VehicleRank_C_1] Server: 00:00.48
[2019.03.03-20.39.38:759][413]LogBlueprintUserMessages: [VehicleRank_C_0] Client 1: 00:00.39
[2019.03.03-20.39.38:774][414]LogBlueprintUserMessages: [VehicleRank_C_0] Server: 00:00.96
[2019.03.03-20.39.38:774][414]LogBlueprintUserMessages: [VehicleRank_C_1] Server: 00:00.50
[2019.03.03-20.39.38:774][414]LogBlueprintUserMessages: [VehicleRank_C_0] Client 1: 00:00.40
[2019.03.03-20.39.38:787][415]LogBlueprintUserMessages: [VehicleRank_C_0] Server: 00:00.98
[2019.03.03-20.39.38:787][415]LogBlueprintUserMessages: [VehicleRank_C_1] Server: 00:00.51
[2019.03.03-20.39.38:787][415]LogBlueprintUserMessages: [VehicleRank_C_0] Client 1: 00:00.41
[2019.03.03-20.39.38:799][416]LogBlueprintUserMessages: [VehicleRank_C_0] Server: 00:00.99
[2019.03.03-20.39.38:799][416]LogBlueprintUserMessages: [VehicleRank_C_1] Server: 00:00.52
[2019.03.03-20.39.38:800][416]LogBlueprintUserMessages: [VehicleRank_C_0] Client 1: 00:00.43
[2019.03.03-20.39.38:808][417]LogBlueprintUserMessages: [VehicleRank_C_0] Server: 00:01.00
[2019.03.03-20.39.38:808][417]LogBlueprintUserMessages: [VehicleRank_C_1] Server: 00:00.53
[2019.03.03-20.39.38:808][417]LogBlueprintUserMessages: [VehicleRank_C_0] Client 1: 00:00.44
[2019.03.03-20.39.38:819][418]LogBlueprintUserMessages: [VehicleRank_C_0] Server: 00:01.01
[2019.03.03-20.39.38:819][418]LogBlueprintUserMessages: [VehicleRank_C_1] Server: 00:00.54
[2019.03.03-20.39.38:820][418]LogBlueprintUserMessages: [VehicleRank_C_0] Client 1: 00:00.45
[2019.03.03-20.39.38:830][419]LogBlueprintUserMessages: [VehicleRank_C_0] Server: 00:01.02
[2019.03.03-20.39.38:830][419]LogBlueprintUserMessages: [VehicleRank_C_1] Server: 00:00.55
[2019.03.03-20.39.38:831][419]LogBlueprintUserMessages: [VehicleRank_C_0] Client 1: 00:00.46
[2019.03.03-20.39.38:840][420]LogBlueprintUserMessages: [VehicleRank_C_0] Server: 00:01.03
[2019.03.03-20.39.38:840][420]LogBlueprintUserMessages: [VehicleRank_C_1] Server: 00:00.56
[2019.03.03-20.39.38:840][420]LogBlueprintUserMessages: [VehicleRank_C_0] Client 1: 00:00.47
[2019.03.03-20.39.38:851][421]LogBlueprintUserMessages: [VehicleRank_C_0] Server: 00:01.04
[2019.03.03-20.39.38:851][421]LogBlueprintUserMessages: [VehicleRank_C_1] Server: 00:00.57
[2019.03.03-20.39.38:852][421]LogBlueprintUserMessages: [VehicleRank_C_0] Client 1: 00:00.48
[2019.03.03-20.39.38:866][422]LogBlueprintUserMessages: [VehicleRank_C_0] Server: 00:01.05
[2019.03.03-20.39.38:866][422]LogBlueprintUserMessages: [VehicleRank_C_1] Server: 00:00.59
[2019.03.03-20.39.38:867][422]LogBlueprintUserMessages: [VehicleRank_C_0] Client 1: 00:00.49
[2019.03.03-20.39.38:876][423]LogBlueprintUserMessages: [VehicleRank_C_0] Server: 00:01.07
[2019.03.03-20.39.38:876][423]LogBlueprintUserMessages: [VehicleRank_C_1] Server: 00:00.60
[2019.03.03-20.39.38:878][423]LogBlueprintUserMessages: [VehicleRank_C_0] Client 1: 00:00.50
[2019.03.03-20.39.38:891][424]LogBlueprintUserMessages: [VehicleRank_C_0] Server: 00:01.08
[2019.03.03-20.39.38:891][424]LogBlueprintUserMessages: [VehicleRank_C_1] Server: 00:00.61
[2019.03.03-20.39.38:892][424]LogBlueprintUserMessages: [VehicleRank_C_0] Client 1: 00:00.52
[2019.03.03-20.39.38:906][425]LogBlueprintUserMessages: [VehicleRank_C_0] Server: 00:01.09
[2019.03.03-20.39.38:906][425]LogBlueprintUserMessages: [VehicleRank_C_1] Server: 00:00.63
[2019.03.03-20.39.38:907][425]LogBlueprintUserMessages: [VehicleRank_C_0] Client 1: 00:00.53
[2019.03.03-20.39.38:919][426]LogBlueprintUserMessages: [VehicleRank_C_0] Server: 00:01.11
[2019.03.03-20.39.38:919][426]LogBlueprintUserMessages: [VehicleRank_C_1] Server: 00:00.64
[2019.03.03-20.39.38:920][426]LogBlueprintUserMessages: [VehicleRank_C_0] Client 1: 00:00.55
[2019.03.03-20.39.38:932][427]LogBlueprintUserMessages: [VehicleRank_C_0] Server: 00:01.12
[2019.03.03-20.39.38:933][427]LogBlueprintUserMessages: [VehicleRank_C_1] Server: 00:00.65
[2019.03.03-20.39.38:933][427]LogBlueprintUserMessages: [VehicleRank_C_0] Client 1: 00:00.56
[2019.03.03-20.39.38:943][428]LogBlueprintUserMessages: [VehicleRank_C_0] Server: 00:01.13
[2019.03.03-20.39.38:943][428]LogBlueprintUserMessages: [VehicleRank_C_1] Server: 00:00.67
[2019.03.03-20.39.38:944][428]LogBlueprintUserMessages: [VehicleRank_C_0] Client 1: 00:00.57
[2019.03.03-20.39.38:959][429]LogBlueprintUserMessages: [VehicleRank_C_0] Server: 00:01.15
[2019.03.03-20.39.38:959][429]LogBlueprintUserMessages: [VehicleRank_C_1] Server: 00:00.68
[2019.03.03-20.39.38:960][429]LogBlueprintUserMessages: [VehicleRank_C_0] Client 1: 00:00.59
[2019.03.03-20.39.38:972][430]LogBlueprintUserMessages: [VehicleRank_C_0] Server: 00:01.16
[2019.03.03-20.39.38:972][430]LogBlueprintUserMessages: [VehicleRank_C_1] Server: 00:00.69
[2019.03.03-20.39.38:973][430]LogBlueprintUserMessages: [VehicleRank_C_0] Client 1: 00:00.60
[2019.03.03-20.39.38:985][431]LogBlueprintUserMessages: [VehicleRank_C_0] Server: 00:01.17
[2019.03.03-20.39.38:985][431]LogBlueprintUserMessages: [VehicleRank_C_1] Server: 00:00.71
[2019.03.03-20.39.38:986][431]LogBlueprintUserMessages: [VehicleRank_C_0] Client 1: 00:00.61
[2019.03.03-20.39.38:998][432]LogBlueprintUserMessages: [VehicleRank_C_0] Server: 00:01.19
[2019.03.03-20.39.38:999][432]LogBlueprintUserMessages: [VehicleRank_C_1] Server: 00:00.72
[2019.03.03-20.39.38:999][432]LogBlueprintUserMessages: [VehicleRank_C_0] Client 1: 00:00.63
[2019.03.03-20.39.39:007][433]LogBlueprintUserMessages: [VehicleRank_C_0] Server: 00:01.20
[2019.03.03-20.39.39:007][433]LogBlueprintUserMessages: [VehicleRank_C_1] Server: 00:00.73
[2019.03.03-20.39.40:882][433]LogWindows: Error: === Critical error: ===
[2019.03.03-20.39.40:882][433]LogWindows: Error: 
[2019.03.03-20.39.40:882][433]LogWindows: Error: Fatal error!
[2019.03.03-20.39.40:882][433]LogWindows: Error: 
[2019.03.03-20.39.40:882][433]LogWindows: Error: Unhandled Exception: EXCEPTION_ACCESS_VIOLATION reading address 0x00000048
[2019.03.03-20.39.40:882][433]LogWindows: Error: 
[2019.03.03-20.39.40:882][433]LogWindows: Error: [Callstack] 0x00007ffc09e268a0 UE4Editor-VehicleMovement-4664.dll!UCarStat::GetHandleFactor() [d:\github\math-assignment_1\math_assignment_1\game260development\resources\vehiclemovement\source\vehiclemovement\carstat.cpp:26]
[2019.03.03-20.39.40:882][433]LogWindows: Error: [Callstack] 0x00007ffc09e255cd UE4Editor-VehicleMovement-4664.dll!AAVehiclePawn::MoveY() [d:\github\math-assignment_1\math_assignment_1\game260development\resources\vehiclemovement\source\vehiclemovement\avehiclepawn.cpp:211]
[2019.03.03-20.39.40:882][433]LogWindows: Error: [Callstack] 0x00007ffc1b5b4377 UE4Editor-Engine.dll!UnknownFunction []
[2019.03.03-20.39.40:882][433]LogWindows: Error: [Callstack] 0x00007ffc1b08017c UE4Editor-Engine.dll!UnknownFunction []
[2019.03.03-20.39.40:882][433]LogWindows: Error: [Callstack] 0x00007ffc1b094608 UE4Editor-Engine.dll!UnknownFunction []
[2019.03.03-20.39.40:882][433]LogWindows: Error: [Callstack] 0x00007ffc1b07dbcb UE4Editor-Engine.dll!UnknownFunction []
[2019.03.03-20.39.40:882][433]LogWindows: Error: [Callstack] 0x00007ffc1b0934c3 UE4Editor-Engine.dll!UnknownFunction []
[2019.03.03-20.39.40:882][433]LogWindows: Error: [Callstack] 0x00007ffc1a2b5630 UE4Editor-Engine.dll!UnknownFunction []
[2019.03.03-20.39.40:882][433]LogWindows: Error: [Callstack] 0x00007ffc1b4b16bd UE4Editor-Engine.dll!UnknownFunction []
[2019.03.03-20.39.40:882][433]LogWindows: Error: [Callstack] 0x00007ffc36971f92 UE4Editor-Core.dll!UnknownFunction []
[2019.03.03-20.39.40:882][433]LogWindows: Error: [Callstack] 0x00007ffc36972456 UE4Editor-Core.dll!UnknownFunction []
[2019.03.03-20.39.40:882][433]LogWindows: Error: [Callstack] 0x00007ffc36986d25 UE4Editor-Core.dll!UnknownFunction []
[2019.03.03-20.39.40:882][433]LogWindows: Error: [Callstack] 0x00007ffc1b505b04 UE4Editor-Engine.dll!UnknownFunction []
[2019.03.03-20.39.40:882][433]LogWindows: Error: [Callstack] 0x00007ffc1b514d92 UE4Editor-Engine.dll!UnknownFunction []
[2019.03.03-20.39.40:882][433]LogWindows: Error: [Callstack] 0x00007ffc1ac187e4 UE4Editor-Engine.dll!UnknownFunction []
[2019.03.03-20.39.40:883][433]LogWindows: Error: [Callstack] 0x00007ffc1ac24003 UE4Editor-Engine.dll!UnknownFunction []
[2019.03.03-20.39.40:883][433]LogWindows: Error: [Callstack] 0x00007ffc18df7335 UE4Editor-UnrealEd.dll!UnknownFunction []
[2019.03.03-20.39.40:883][433]LogWindows: Error: [Callstack] 0x00007ffc196ef666 UE4Editor-UnrealEd.dll!UnknownFunction []
[2019.03.03-20.39.40:883][433]LogWindows: Error: [Callstack] 0x00007ff7716f5cbd UE4Editor.exe!UnknownFunction []
[2019.03.03-20.39.40:883][433]LogWindows: Error: [Callstack] 0x00007ff771705b3c UE4Editor.exe!UnknownFunction []
[2019.03.03-20.39.40:883][433]LogWindows: Error: [Callstack] 0x00007ff771705bba UE4Editor.exe!UnknownFunction []
[2019.03.03-20.39.40:883][433]LogWindows: Error: [Callstack] 0x00007ff771713dac UE4Editor.exe!UnknownFunction []
[2019.03.03-20.39.40:883][433]LogWindows: Error: [Callstack] 0x00007ff771715aaa UE4Editor.exe!UnknownFunction []
[2019.03.03-20.39.40:883][433]LogWindows: Error: [Callstack] 0x00007ffc9e4781f4 KERNEL32.DLL!UnknownFunction []
[2019.03.03-20.39.40:883][433]LogWindows: Error: [Callstack] 0x00007ffc9ff9a251 ntdll.dll!UnknownFunction []
[2019.03.03-20.39.40:883][433]LogWindows: Error: 
[2019.03.03-20.39.40:892][433]LogExit: Executing StaticShutdownAfterError
[2019.03.03-20.39.40:897][433]LogWindows: FPlatformMisc::RequestExit(1)
[2019.03.03-20.39.40:907][433]Log file closed, 03/03/19 15:39:40
