Log file open, 02/27/19 19:12:28
LogWindows: Failed to load 'aqProf.dll' (GetLastError=126)
LogWindows: File 'aqProf.dll' does not exist
LogWindows: Failed to load 'VSPerf140.dll' (GetLastError=126)
LogWindows: File 'VSPerf140.dll' does not exist
LogWindows: Failed to load 'VtuneApi.dll' (GetLastError=126)
LogWindows: File 'VtuneApi.dll' does not exist
LogWindows: Failed to load 'VtuneApi32e.dll' (GetLastError=126)
LogWindows: File 'VtuneApi32e.dll' does not exist
LogInit: Display: Running engine for game: VehicleMovement
LogPlatformFile: Not using cached read wrapper
LogTaskGraph: Started task graph with 5 named threads and 35 total threads with 3 sets of task threads.
LogStats: Stats thread started at 0.465784
LogD3D11RHI: Loaded GFSDK_Aftermath_Lib.x64.dll
LogICUInternationalization: Display: ICU TimeZone Detection - Raw Offset: -5:00, Platform Override: ''
LogPluginManager: Mounting plugin Paper2D
LogPluginManager: Mounting plugin AISupport
LogPluginManager: Mounting plugin LightPropagationVolume
LogPluginManager: Mounting plugin CLionSourceCodeAccess
LogPluginManager: Mounting plugin CodeLiteSourceCodeAccess
LogPluginManager: Mounting plugin GitSourceControl
LogPluginManager: Mounting plugin KDevelopSourceCodeAccess
LogPluginManager: Mounting plugin NullSourceCodeAccess
LogPluginManager: Mounting plugin PerforceSourceControl
LogPluginManager: Mounting plugin SubversionSourceControl
LogPluginManager: Mounting plugin UObjectPlugin
LogPluginManager: Mounting plugin VisualStudioCodeSourceCodeAccess
LogPluginManager: Mounting plugin VisualStudioSourceCodeAccess
LogPluginManager: Mounting plugin XCodeSourceCodeAccess
LogPluginManager: Mounting plugin AssetManagerEditor
LogPluginManager: Mounting plugin CryptoKeys
LogPluginManager: Mounting plugin DataValidation
LogPluginManager: Mounting plugin FacialAnimation
LogPluginManager: Mounting plugin GameplayTagsEditor
LogPluginManager: Mounting plugin MacGraphicsSwitching
LogPluginManager: Mounting plugin MeshEditor
LogPluginManager: Mounting plugin MobileLauncherProfileWizard
LogPluginManager: Mounting plugin PluginBrowser
LogPluginManager: Mounting plugin SpeedTreeImporter
LogPluginManager: Mounting plugin DatasmithContent
LogPluginManager: Mounting plugin AlembicImporter
LogPluginManager: Mounting plugin AppleImageUtils
LogPluginManager: Mounting plugin AppleVision
LogPluginManager: Mounting plugin BackChannel
LogPluginManager: Mounting plugin CharacterAI
LogPluginManager: Mounting plugin GeometryCache
LogPluginManager: Mounting plugin HTML5Networking
LogPluginManager: Mounting plugin ProxyLODPlugin
LogPluginManager: Mounting plugin RawInput
LogPluginManager: Mounting plugin MagicLeap
LogPluginManager: Mounting plugin MagicLeapEmulator
LogPluginManager: Mounting plugin MagicLeapMedia
LogPluginManager: Mounting plugin AndroidMedia
LogPluginManager: Mounting plugin AvfMedia
LogPluginManager: Mounting plugin ImgMedia
LogPluginManager: Mounting plugin LinearTimecode
LogPluginManager: Mounting plugin MediaCompositing
LogPluginManager: Mounting plugin MediaPlayerEditor
LogPluginManager: Mounting plugin WmfMedia
LogPluginManager: Mounting plugin TcpMessaging
LogPluginManager: Mounting plugin UdpMessaging
LogPluginManager: Mounting plugin ActorSequence
LogPluginManager: Mounting plugin LevelSequenceEditor
LogPluginManager: Mounting plugin MatineeToLevelSequence
LogPluginManager: Mounting plugin NetcodeUnitTest
LogPluginManager: Mounting plugin NUTUnrealEngine4
LogPluginManager: Mounting plugin OnlineSubsystemGooglePlay
LogPluginManager: Mounting plugin OnlineSubsystemIOS
LogPluginManager: Mounting plugin OnlineSubsystem
LogPluginManager: Mounting plugin OnlineSubsystemNull
LogPluginManager: Mounting plugin OnlineSubsystemUtils
LogPluginManager: Mounting plugin LauncherChunkInstaller
LogPluginManager: Mounting plugin AndroidDeviceProfileSelector
LogPluginManager: Mounting plugin AndroidMoviePlayer
LogPluginManager: Mounting plugin AndroidPermission
LogPluginManager: Mounting plugin AppleMoviePlayer
LogPluginManager: Mounting plugin ArchVisCharacter
LogPluginManager: Mounting plugin AudioCapture
LogPluginManager: Mounting plugin CableComponent
LogPluginManager: Mounting plugin CustomMeshComponent
LogPluginManager: Mounting plugin EditableMesh
LogPluginManager: Mounting plugin ExampleDeviceProfileSelector
LogPluginManager: Mounting plugin GoogleCloudMessaging
LogPluginManager: Mounting plugin ImmediatePhysics
LogPluginManager: Mounting plugin IOSDeviceProfileSelector
LogPluginManager: Mounting plugin LinuxDeviceProfileSelector
LogPluginManager: Mounting plugin LocationServicesBPLibrary
LogPluginManager: Mounting plugin MobilePatchingUtils
LogPluginManager: Mounting plugin OculusVR
LogPluginManager: Plugin shader directory ../../../Engine/Plugins/Runtime/Oculus/OculusVR/Shaders found
LogPluginManager: Mapping shader source directory ../../../Engine/Plugins/Runtime/Oculus/OculusVR/Shaders to virtual directory /Plugin/OculusVR
LogPluginManager: Mounting plugin PhysXVehicles
LogPluginManager: Mounting plugin ProceduralMeshComponent
LogPluginManager: Mounting plugin RuntimePhysXCooking
LogPluginManager: Mounting plugin SteamVR
LogPluginManager: Mounting plugin WindowsMoviePlayer
LogStreaming: Display: Took  0.129s to configure plugins.
LogInit: Using libcurl 7.55.1-DEV
LogInit:  - built for x86_64-pc-win32
LogInit:  - supports SSL with OpenSSL/1.0.2h
LogInit:  - supports HTTP deflate (compression) using libz 1.2.8
LogInit:  - other features:
LogInit:      CURL_VERSION_SSL
LogInit:      CURL_VERSION_LIBZ
LogInit:      CURL_VERSION_IPV6
LogInit:      CURL_VERSION_ASYNCHDNS
LogInit:      CURL_VERSION_LARGEFILE
LogInit:      CURL_VERSION_IDN
LogInit:  CurlRequestOptions (configurable via config and command line):
LogInit:  - bVerifyPeer = false  - Libcurl will NOT verify peer certificate
LogInit:  - bUseHttpProxy = false  - Libcurl will NOT use HTTP proxy
LogInit:  - bDontReuseConnections = false  - Libcurl will reuse connections
LogInit:  - CertBundlePath = nullptr  - Libcurl will use whatever was configured at build time.
LogInit:  - MaxHostConnections = 16  - Libcurl will limit the number of connections to a host
LogInit:  - LocalHostAddr = Default
LogInit:  - BufferSize = 65536
LogInit: WinSock: version 1.1 (2.2), MaxSocks=32767, MaxUdp=65467
LogInit: Build: ++UE4+Release-4.20-CL-4369336
LogInit: Engine Version: 4.20.3-4369336+++UE4+Release-4.20
LogInit: Compatible Engine Version: 4.20.0-4212847+++UE4+Release-4.20
LogInit: Net CL: 4212847
LogInit: OS: Windows 10 (), CPU: Intel(R) Core(TM) i7-8700K CPU @ 3.70GHz, GPU: NVIDIA GeForce GTX 1060 6GB
LogInit: Compiled (64-bit): Sep 17 2018 12:26:19
LogInit: Compiled with Visual C++: 19.13.26129.00
LogInit: Build Configuration: Development
LogInit: Branch Name: ++UE4+Release-4.20
LogInit: Command Line: 
LogInit: Base Directory: C:/Program Files/Epic Games/UE_4.20/Engine/Binaries/Win64/
LogInit: Installed Engine Build: 1
LogDevObjectVersion: Number of dev versions registered: 20
LogDevObjectVersion:   Dev-Blueprints (B0D832E4-1F89-4F0D-ACCF-7EB736FD4AA2): 10
LogDevObjectVersion:   Dev-Build (E1C64328-A22C-4D53-A36C-8E866417BD8C): 0
LogDevObjectVersion:   Dev-Core (375EC13C-06E4-48FB-B500-84F0262A717E): 2
LogDevObjectVersion:   Dev-Editor (E4B068ED-F494-42E9-A231-DA0B2E46BB41): 24
LogDevObjectVersion:   Dev-Framework (CFFC743F-43B0-4480-9391-14DF171D2073): 34
LogDevObjectVersion:   Dev-Mobile (B02B49B5-BB20-44E9-A304-32B752E40360): 2
LogDevObjectVersion:   Dev-Networking (A4E4105C-59A1-49B5-A7C5-40C4547EDFEE): 0
LogDevObjectVersion:   Dev-Online (39C831C9-5AE6-47DC-9A44-9C173E1C8E7C): 0
LogDevObjectVersion:   Dev-Physics (78F01B33-EBEA-4F98-B9B4-84EACCB95AA2): 0
LogDevObjectVersion:   Dev-Platform (6631380F-2D4D-43E0-8009-CF276956A95A): 0
LogDevObjectVersion:   Dev-Rendering (12F88B9F-8875-4AFC-A67C-D90C383ABD29): 26
LogDevObjectVersion:   Dev-Sequencer (7B5AE74C-D270-4C10-A958-57980B212A5A): 9
LogDevObjectVersion:   Dev-VR (D7296918-1DD6-4BDD-9DE2-64A83CC13884): 2
LogDevObjectVersion:   Dev-LoadTimes (C2A15278-BFE7-4AFE-6C17-90FF531DF755): 1
LogDevObjectVersion:   Private-Geometry (6EACA3D4-40EC-4CC1-B786-8BED09428FC5): 3
LogDevObjectVersion:   Dev-AnimPhys (29E575DD-E0A3-4627-9D10-D276232CDCEA): 17
LogDevObjectVersion:   Dev-ReflectionCapture (6B266CEC-1EC7-4B8F-A30B-E4D90942FC07): 1
LogDevObjectVersion:   Dev-Automation (0DF73D61-A23F-47EA-B727-89E90C41499A): 1
LogDevObjectVersion:   FortniteMain (601D1886-AC64-4F84-AA16-D3DE0DEAC7D6): 12
LogDevObjectVersion:   Dev-Enterprise (9DFFBCD6-494F-0158-E221-12823C92A888): 1
LogStreaming: Display: Took  0.002s to delete old logs.
LogInit: Presizing for max 8388607 objects, including 0 objects not considered by GC, pre-allocating 0 bytes for permanent pool.
LogInit: Object subsystem initialized
[2019.02.28-00.12.29:302][  0]LogInit: Selected Device Profile: [Windows]
[2019.02.28-00.12.29:302][  0]LogInit: Applying CVar settings loaded from the selected device profile: [Windows]
[2019.02.28-00.12.29:313][  0]LogHAL: Display: Platform has ~ 16 GB [17125281792 / 17179869184 / 16], which maps to Larger [LargestMinGB=32, LargerMinGB=12, DefaultMinGB=8, SmallerMinGB=6, SmallestMinGB=0)
[2019.02.28-00.12.29:313][  0]LogInit: Setting Device Profile CVar: [[r.Vulkan.UseRealUBs:1]]
[2019.02.28-00.12.29:313][  0]LogInit: Going up to parent DeviceProfile []
[2019.02.28-00.12.29:315][  0]LogInit: Computer: DESKTOP-6JV4Q76
[2019.02.28-00.12.29:315][  0]LogInit: User: Windows
[2019.02.28-00.12.29:315][  0]LogInit: CPU Page size=4096, Cores=6
[2019.02.28-00.12.29:315][  0]LogInit: High frequency timer resolution =10.000000 MHz
[2019.02.28-00.12.29:315][  0]LogMemory: Memory total: Physical=15.9GB (16GB approx)
[2019.02.28-00.12.29:315][  0]LogMemory: Platform Memory Stats for Windows
[2019.02.28-00.12.29:315][  0]LogMemory: Process Physical Memory: 102.20 MB used, 102.20 MB peak
[2019.02.28-00.12.29:315][  0]LogMemory: Process Virtual Memory: 93.88 MB used, 93.88 MB peak
[2019.02.28-00.12.29:315][  0]LogMemory: Physical Memory: 8772.64 MB used,  7559.30 MB free, 16331.94 MB total
[2019.02.28-00.12.29:315][  0]LogMemory: Virtual Memory: 4663.15 MB used,  7559.30 MB free, 134217728.00 MB total
[2019.02.28-00.12.29:416][  0]LogInit: Using OS detected language (en-US).
[2019.02.28-00.12.29:416][  0]LogInit: Using OS detected locale (en-US).
[2019.02.28-00.12.29:417][  0]LogTextLocalizationManager: No specific localization for 'en-US' exists, so the 'en' localization will be used.
[2019.02.28-00.12.29:714][  0]LogStreaming: Display: Took  0.298s to InitEngineTextLocalization.
[2019.02.28-00.12.29:714][  0]LogInit: Setting process to per monitor DPI aware
[2019.02.28-00.12.29:749][  0]LogSlate: New Slate User Created.  User Index 0, Is Virtual User: 0
[2019.02.28-00.12.29:749][  0]LogSlate: Slate User Registered.  User Index 0, Is Virtual User: 0
[2019.02.28-00.12.30:106][  0]LogHMD: Failed to initialize OpenVR with code 110
[2019.02.28-00.12.30:106][  0]LogD3D11RHI: D3D11 adapters:
[2019.02.28-00.12.30:166][  0]LogD3D11RHI:    0. 'NVIDIA GeForce GTX 1060 6GB' (Feature Level 11_0)
[2019.02.28-00.12.30:166][  0]LogD3D11RHI:       6052/0/8165 MB DedicatedVideo/DedicatedSystem/SharedSystem, Outputs:1, VendorId:0x10de
[2019.02.28-00.12.30:169][  0]LogD3D11RHI:    1. 'Microsoft Basic Render Driver' (Feature Level 11_0)
[2019.02.28-00.12.30:169][  0]LogD3D11RHI:       0/0/8165 MB DedicatedVideo/DedicatedSystem/SharedSystem, Outputs:0, VendorId:0x1414
[2019.02.28-00.12.30:169][  0]LogD3D11RHI: Chosen D3D11 Adapter: 0
[2019.02.28-00.12.30:175][  0]LogD3D11RHI: Creating new Direct3DDevice
[2019.02.28-00.12.30:175][  0]LogD3D11RHI:     GPU DeviceId: 0x1c03 (for the marketing name, search the web for "GPU Device Id")
[2019.02.28-00.12.30:175][  0]LogWindows: EnumDisplayDevices:
[2019.02.28-00.12.30:175][  0]LogWindows:    0. 'NVIDIA GeForce GTX 1060 6GB' (P:1 D:1)
[2019.02.28-00.12.30:176][  0]LogWindows:    1. 'NVIDIA GeForce GTX 1060 6GB' (P:0 D:0)
[2019.02.28-00.12.30:176][  0]LogWindows:    2. 'NVIDIA GeForce GTX 1060 6GB' (P:0 D:0)
[2019.02.28-00.12.30:176][  0]LogWindows:    3. 'NVIDIA GeForce GTX 1060 6GB' (P:0 D:0)
[2019.02.28-00.12.30:177][  0]LogWindows: DebugString: FoundDriverCount:4 
[2019.02.28-00.12.30:177][  0]LogD3D11RHI:     Adapter Name: NVIDIA GeForce GTX 1060 6GB
[2019.02.28-00.12.30:177][  0]LogD3D11RHI:   Driver Version: 417.35 (internal:25.21.14.1735, unified:417.35)
[2019.02.28-00.12.30:177][  0]LogD3D11RHI:      Driver Date: 12-11-2018
[2019.02.28-00.12.30:177][  0]LogRHI: Texture pool is 4236 MB (70% of 6052 MB)
[2019.02.28-00.12.30:215][  0]LogD3D11RHI: Async texture creation enabled
[2019.02.28-00.12.30:235][  0]LogD3D11RHI: GPU Timing Frequency: 1000.000000 (Debug: 2 2)
[2019.02.28-00.12.30:236][  0]LogShaderCompilers: Guid format shader working directory is -38 characters bigger than the processId version (E:/MyProgram/UDK/School/S4/BattleDrifter/Game260Development/Resources/VehicleMovement/Intermediate/Shaders/WorkingDirectory/18808/).
[2019.02.28-00.12.30:236][  0]LogShaderCompilers: Cleaned the shader compiler working directory 'C:/Users/Windows/AppData/Local/Temp/UnrealShaderWorkingDir/5F006F0E404897DB249ABBBE97D7081D/'.
[2019.02.28-00.12.30:511][  0]LogTemp: Display: Loaded TP AllDesktopTargetPlatform
[2019.02.28-00.12.30:527][  0]LogTemp: Display: Loaded TP MacClientTargetPlatform
[2019.02.28-00.12.30:544][  0]LogTemp: Display: Loaded TP MacNoEditorTargetPlatform
[2019.02.28-00.12.30:561][  0]LogTemp: Display: Loaded TP MacServerTargetPlatform
[2019.02.28-00.12.30:582][  0]LogTemp: Display: Loaded TP MacTargetPlatform
[2019.02.28-00.12.30:599][  0]LogTemp: Display: Loaded TP WindowsClientTargetPlatform
[2019.02.28-00.12.30:618][  0]LogTemp: Display: Loaded TP WindowsNoEditorTargetPlatform
[2019.02.28-00.12.30:635][  0]LogTemp: Display: Loaded TP WindowsServerTargetPlatform
[2019.02.28-00.12.30:647][  0]LogTemp: Display: Loaded TP WindowsTargetPlatform
[2019.02.28-00.12.30:722][  0]LogTemp: Display: Loaded TP AndroidTargetPlatform
[2019.02.28-00.12.30:722][  0]LogTemp: Display: Loaded TP AndroidTargetPlatform
[2019.02.28-00.12.30:722][  0]LogTemp: Display: Loaded TP AndroidTargetPlatform
[2019.02.28-00.12.30:722][  0]LogTemp: Display: Loaded TP AndroidTargetPlatform
[2019.02.28-00.12.30:722][  0]LogTemp: Display: Loaded TP AndroidTargetPlatform
[2019.02.28-00.12.30:722][  0]LogTemp: Display: Loaded TP AndroidTargetPlatform
[2019.02.28-00.12.30:722][  0]LogTemp: Display: Loaded TP AndroidTargetPlatform
[2019.02.28-00.12.30:722][  0]LogTemp: Display: Loaded TP AndroidTargetPlatform
[2019.02.28-00.12.30:722][  0]LogTemp: Display: Loaded TP AndroidTargetPlatform
[2019.02.28-00.12.30:722][  0]LogTemp: Display: Loaded TP AndroidTargetPlatform
[2019.02.28-00.12.30:722][  0]LogTemp: Display: Loaded TP AndroidTargetPlatform
[2019.02.28-00.12.30:722][  0]LogTemp: Display: Loaded TP AndroidTargetPlatform
[2019.02.28-00.12.30:722][  0]LogTemp: Display: Loaded TP AndroidTargetPlatform
[2019.02.28-00.12.30:722][  0]LogTemp: Display: Loaded TP AndroidTargetPlatform
[2019.02.28-00.12.30:722][  0]LogTemp: Display: Loaded TP AndroidTargetPlatform
[2019.02.28-00.12.30:722][  0]LogTemp: Display: Loaded TP AndroidTargetPlatform
[2019.02.28-00.12.30:722][  0]LogTemp: Display: Loaded TP AndroidTargetPlatform
[2019.02.28-00.12.30:722][  0]LogTemp: Display: Loaded TP AndroidTargetPlatform
[2019.02.28-00.12.30:730][  0]LogTemp: Display: Loaded TP HTML5TargetPlatform
[2019.02.28-00.12.30:808][  0]LogTemp: Display: Loaded TP IOSTargetPlatform
[2019.02.28-00.12.30:808][  0]LogTemp: Display: Loaded TP IOSTargetPlatform
[2019.02.28-00.12.30:832][  0]LogTemp: Display: Loaded TP TVOSTargetPlatform
[2019.02.28-00.12.30:832][  0]LogTemp: Display: Loaded TP TVOSTargetPlatform
[2019.02.28-00.12.30:847][  0]LogTemp: Display: Loaded TP LinuxClientTargetPlatform
[2019.02.28-00.12.30:863][  0]LogTemp: Display: Loaded TP LinuxNoEditorTargetPlatform
[2019.02.28-00.12.30:878][  0]LogTemp: Display: Loaded TP LinuxServerTargetPlatform
[2019.02.28-00.12.30:900][  0]LogTemp: Display: Loaded TP LinuxTargetPlatform
[2019.02.28-00.12.30:914][  0]LogTemp: Display: Loaded TP LuminTargetPlatform
[2019.02.28-00.12.30:914][  0]LogTargetPlatformManager: Display: Building Assets For Windows
[2019.02.28-00.12.31:140][  0]LogXGEController: Cleaning working directory: C:/Users/Windows/AppData/Local/Temp/UnrealXGEWorkingDir/
[2019.02.28-00.12.31:140][  0]LogXGEController: Cannot use XGE Controller as Incredibuild is not installed on this machine.
[2019.02.28-00.12.31:140][  0]LogShaderCompilers: Cannot use XGE Shader Compiler as Incredibuild is not installed on this machine.
[2019.02.28-00.12.31:140][  0]LogShaderCompilers: Display: Using Local Shader Compiler.
[2019.02.28-00.12.31:848][  0]LogDerivedDataCache: Display: Max Cache Size: 512 MB
[2019.02.28-00.12.32:083][  0]LogDerivedDataCache: Loaded boot cache 0.23s 73MB C:/Users/Windows/AppData/Local/UnrealEngine/4.20/DerivedDataCache/Boot.ddc.
[2019.02.28-00.12.32:084][  0]LogDerivedDataCache: Display: Loaded Boot cache: C:/Users/Windows/AppData/Local/UnrealEngine/4.20/DerivedDataCache/Boot.ddc
[2019.02.28-00.12.32:084][  0]LogDerivedDataCache: FDerivedDataBackendGraph:  Pak pak cache file E:/MyProgram/UDK/School/S4/BattleDrifter/Game260Development/Resources/VehicleMovement/DerivedDataCache/DDC.ddp not found, will not use a pak cache.
[2019.02.28-00.12.32:084][  0]LogDerivedDataCache: Unable to find inner node Pak for hierarchical cache Hierarchy.
[2019.02.28-00.12.32:084][  0]LogDerivedDataCache: FDerivedDataBackendGraph:  CompressedPak pak cache file E:/MyProgram/UDK/School/S4/BattleDrifter/Game260Development/Resources/VehicleMovement/DerivedDataCache/Compressed.ddp not found, will not use a pak cache.
[2019.02.28-00.12.32:084][  0]LogDerivedDataCache: Unable to find inner node CompressedPak for hierarchical cache Hierarchy.
[2019.02.28-00.12.32:096][  0]LogDerivedDataCache: Display: Pak cache opened for reading ../../../Engine/DerivedDataCache/Compressed.ddp.
[2019.02.28-00.12.32:110][  0]LogDerivedDataCache: Using Local data cache path C:/Users/Windows/AppData/Local/UnrealEngine/Common/DerivedDataCache: Writable
[2019.02.28-00.12.32:110][  0]LogDerivedDataCache: Shared data cache path not found in *engine.ini, will not use an Shared cache.
[2019.02.28-00.12.32:110][  0]LogDerivedDataCache: Unable to find inner node Shared for hierarchical cache Hierarchy.
[2019.02.28-00.12.32:123][  0]LogMaterial: Verifying Global Shaders for PCD3D_SM5
[2019.02.28-00.12.32:124][  0]LogSlate: Using FreeType 2.6.0
[2019.02.28-00.12.32:128][  0]LogSlate: SlateFontServices - WITH_FREETYPE: 1, WITH_HARFBUZZ: 1
[2019.02.28-00.12.32:197][  0]LogAssetRegistry: FAssetRegistry took 0.0254 seconds to start up
[2019.02.28-00.12.32:434][  0]LogInit: Selected Device Profile: [Windows]
[2019.02.28-00.12.32:542][  0]LogSimplygon: Simplygon DLL not present - disabling.
[2019.02.28-00.12.32:564][  0]LogMeshReduction: Using SimplygonSwarm for distributed automatic mesh merging
[2019.02.28-00.12.32:564][  0]LogMeshReduction: Using ProxyLODMeshReduction for automatic mesh merging
[2019.02.28-00.12.32:564][  0]LogMeshReduction: Using QuadricMeshReduction for automatic static mesh reduction
[2019.02.28-00.12.32:564][  0]LogMeshReduction: No automatic skeletal mesh reduction module available
[2019.02.28-00.12.32:638][  0]LogNetVersion: VehicleMovement 1.0.0, NetCL: 4212847, EngineNetVer: 5, GameNetVer: 0 (Checksum: 2966596176)
[2019.02.28-00.12.33:087][  0]LogPackageLocalizationCache: Processed 11 localized package path(s) for 2 prioritized culture(s) in 0.094433 seconds
[2019.02.28-00.12.33:091][  0]LogUObjectArray: 38425 objects as part of root set at end of initial load.
[2019.02.28-00.12.33:091][  0]LogUObjectAllocator: 6690872 out of 0 bytes used by permanent object pool.
[2019.02.28-00.12.33:091][  0]LogUObjectArray: CloseDisregardForGC: 0/0 objects in disregard for GC pool
[2019.02.28-00.12.34:797][  0]LogTcpMessaging: Initializing TcpMessaging bridge
[2019.02.28-00.12.34:817][  0]LogUdpMessaging: Initializing bridge on interface 0.0.0.0:0 to multicast group 230.0.0.1:6666.
[2019.02.28-00.12.35:183][  0]SourceControl: Source control is disabled
[2019.02.28-00.12.35:183][  0]SourceControl: Source control is disabled
[2019.02.28-00.12.35:195][  0]SourceControl: Source control is disabled
[2019.02.28-00.12.35:204][  0]SourceControl: Source control is disabled
[2019.02.28-00.12.35:680][  0]LogAndroidPermission: UAndroidPermissionCallbackProxy::GetInstance
[2019.02.28-00.12.35:852][  0]LogOcInput: OculusInput pre-init called
[2019.02.28-00.12.35:946][  0]LogEngine: Initializing Engine...
[2019.02.28-00.12.35:947][  0]LogHMD: Failed to initialize OpenVR with code 110
[2019.02.28-00.12.35:948][  0]LogStats: UGameplayTagsManager::ConstructGameplayTagTree: ImportINI prefixes -  0.000 s
[2019.02.28-00.12.35:948][  0]LogStats: UGameplayTagsManager::ConstructGameplayTagTree: Construct from data asset -  0.000 s
[2019.02.28-00.12.35:948][  0]LogStats: UGameplayTagsManager::ConstructGameplayTagTree: ImportINI -  0.000 s
[2019.02.28-00.12.35:948][  0]LogStats: UGameplayTagsManager::ConstructGameplayTagTree: GameplayTagTreeChangedEvent.Broadcast -  0.000 s
[2019.02.28-00.12.36:114][  0]LogInit: Initializing FReadOnlyCVARCache
[2019.02.28-00.12.36:136][  0]LogAIModule: Creating AISystem for world Untitled
[2019.02.28-00.12.36:207][  0]LogInit: XAudio2 using 'Speakers (Logitech G430 Gaming Headset)' : 2 channels at 44.1 kHz using 16 bits per sample (channel mask 0x3)
[2019.02.28-00.12.36:247][  0]LogInit: FAudioDevice initialized.
[2019.02.28-00.12.36:247][  0]LogNetVersion: Set ProjectVersion to 1.0.0.0. Version Checksum will be recalculated on next use.
[2019.02.28-00.12.36:315][  0]LogDerivedDataCache: Saved boot cache 0.07s 73MB C:/Users/Windows/AppData/Local/UnrealEngine/4.20/DerivedDataCache/Boot.ddc.
[2019.02.28-00.12.36:321][  0]LogInit: Texture streaming: Enabled
[2019.02.28-00.12.36:368][  0]LogEngineSessionManager: EngineSessionManager initialized
[2019.02.28-00.12.36:368][  0]LogEngineSessionManager: EngineSessionManager sent abnormal shutdown report. Type=Crashed, SessionId={697ECFC9-4537-8927-7D03-0B8F6521B0AB}
[2019.02.28-00.12.36:388][  0]LogInit: Transaction tracking system initialized
[2019.02.28-00.12.36:453][  0]BlueprintLog: New page: Editor Load
[2019.02.28-00.12.36:716][  0]LocalizationService: Localization service is disabled
[2019.02.28-00.12.37:096][  0]LogCook: Display: Max memory allowance for cook 16384mb min free memory 0mb
[2019.02.28-00.12.37:096][  0]LogCook: Display: Mobile HDR setting 1
[2019.02.28-00.12.37:096][  0]LogGameplayTags: Display: UGameplayTagsManager::DoneAddingNativeTags. DelegateIsBound: 0
[2019.02.28-00.12.37:096][  0]LogStats: UGameplayTagsManager::ConstructGameplayTagTree: ImportINI prefixes -  0.000 s
[2019.02.28-00.12.37:096][  0]LogStats: UGameplayTagsManager::ConstructGameplayTagTree: Construct from data asset -  0.000 s
[2019.02.28-00.12.37:096][  0]LogStats: UGameplayTagsManager::ConstructGameplayTagTree: ImportINI -  0.000 s
[2019.02.28-00.12.37:096][  0]LogStats: UGameplayTagsManager::ConstructGameplayTagTree: GameplayTagTreeChangedEvent.Broadcast -  0.000 s
[2019.02.28-00.12.37:446][  0]LogFileCache: Scanning file cache for directory 'E:/MyProgram/UDK/School/S4/BattleDrifter/Game260Development/Resources/VehicleMovement/Content/' took 0.02s
[2019.02.28-00.12.37:446][  0]SourceControl: Source control is disabled
[2019.02.28-00.12.37:446][  0]Cmd: MAP LOAD FILE="E:/MyProgram/UDK/School/S4/BattleDrifter/Game260Development/Resources/VehicleMovement/Content/VehicleCPP/Maps/VehicleExampleMap.umap" TEMPLATE=0 SHOWPROGRESS=1 FEATURELEVEL=3
[2019.02.28-00.12.37:446][  0]LightingResults: New page: Lighting Build
[2019.02.28-00.12.37:449][  0]MapCheck: New page: Map Check
[2019.02.28-00.12.37:449][  0]LightingResults: New page: Lighting Build
[2019.02.28-00.12.37:675][  0]LogAIModule: Creating AISystem for world VehicleExampleMap
[2019.02.28-00.12.37:682][  0]LogEditorServer: Finished looking for orphan Actors (0.000 secs)
[2019.02.28-00.12.37:703][  0]Cmd: MAP CHECKDEP NOCLEARLOG
[2019.02.28-00.12.37:780][  0]MapCheck: Map check complete: 0 Error(s), 0 Warning(s), took 76.777ms to complete.
[2019.02.28-00.12.37:780][  0]LogFileHelpers: Loading map 'VehicleExampleMap' took 0.334
[2019.02.28-00.12.37:863][  0]LogSlate: Updating window title bar state: overlay mode, drag disabled, window buttons hidden, title bar hidden
[2019.02.28-00.12.37:868][  0]LogSlate: Updating window title bar state: overlay mode, drag disabled, window buttons hidden, title bar hidden
[2019.02.28-00.12.37:873][  0]LogSlate: Updating window title bar state: overlay mode, drag disabled, window buttons hidden, title bar hidden
[2019.02.28-00.12.37:879][  0]LogSlate: Updating window title bar state: overlay mode, drag disabled, window buttons hidden, title bar hidden
[2019.02.28-00.12.37:895][  0]LogCollectionManager: Loaded 0 collections in 0.003110 seconds
[2019.02.28-00.12.37:936][  0]LogFileCache: Scanning file cache for directory 'E:/MyProgram/UDK/School/S4/BattleDrifter/Game260Development/Resources/VehicleMovement/Saved/Collections/' took 0.01s
[2019.02.28-00.12.37:936][  0]LogFileCache: Scanning file cache for directory 'E:/MyProgram/UDK/School/S4/BattleDrifter/Game260Development/Resources/VehicleMovement/Content/Developers/Windows/Collections/' took 0.01s
[2019.02.28-00.12.37:936][  0]LogFileCache: Scanning file cache for directory 'E:/MyProgram/UDK/School/S4/BattleDrifter/Game260Development/Resources/VehicleMovement/Content/Collections/' took 0.01s
[2019.02.28-00.12.37:936][  0]LogCollectionManager: Rebuilt the GUID cache for 0 collections in 0.000000 seconds
[2019.02.28-00.12.37:944][  0]LogContentBrowser: Native class hierarchy populated in 0.0084 seconds. Added 2586 classes and 609 folders.
[2019.02.28-00.12.37:951][  0]LogContentBrowser: Native class hierarchy updated for 'WidgetCarousel' in 0.0006 seconds. Added 0 classes and 0 folders.
[2019.02.28-00.12.38:076][  0]LogContentBrowser: Native class hierarchy updated for 'AddContentDialog' in 0.0004 seconds. Added 0 classes and 0 folders.
[2019.02.28-00.12.38:089][  0]LogContentBrowser: Native class hierarchy updated for 'SceneOutliner' in 0.0006 seconds. Added 1 classes and 2 folders.
[2019.02.28-00.12.38:101][  0]LogSlate: Took 0.000243 seconds to synchronously load lazily loaded font '../../../Engine/Content/Slate/Fonts/Roboto-Regular.ttf' (155K)
[2019.02.28-00.12.38:103][  0]LogSlate: Took 0.000166 seconds to synchronously load lazily loaded font '../../../Engine/Content/Slate/Fonts/Roboto-Bold.ttf' (160K)
[2019.02.28-00.12.38:107][  0]LogSlate: Took 0.001314 seconds to synchronously load lazily loaded font '../../../Engine/Content/Editor/Slate/Fonts/FontAwesome.ttf' (139K)
[2019.02.28-00.12.38:108][  0]LogSlate: Took 0.000810 seconds to synchronously load lazily loaded font '../../../Engine/Content/Slate/Fonts/DroidSansMono.ttf' (77K)
[2019.02.28-00.12.38:188][  0]LogRenderer: Reallocating scene render targets to support 1208x576 Format 10 NumSamples 1 (Frame:1).
[2019.02.28-00.12.38:286][  0]LogContentBrowser: Native class hierarchy updated for 'HierarchicalLODOutliner' in 0.0005 seconds. Added 0 classes and 0 folders.
[2019.02.28-00.12.38:286][  0]LogLoad: (Engine Initialization) Total time: 11.79 seconds
[2019.02.28-00.12.38:286][  0]LogLoad: (Engine Initialization) Total Blueprint compile time: 0.00 seconds
[2019.02.28-00.12.38:304][  0]LogRawInputWindows: Warning: Found device 0 devices
[2019.02.28-00.12.38:304][  0]LogRawInputWindows: Warning: Found device 0 devices
[2019.02.28-00.12.38:304][  0]LogRawInputWindows: Warning: Device was registered succesfully but not connected (Usage:4 UsagePage:1)
[2019.02.28-00.12.38:304][  0]LogRawInputWindows: Warning: Found device 1 devices
[2019.02.28-00.12.38:305][  0]LogRawInputWindows: Warning: Device was registered succesfully but not connected (Usage:5 UsagePage:1)
[2019.02.28-00.12.38:320][  0]LogAssetRegistry: Asset discovery search completed in 6.1455 seconds
[2019.02.28-00.12.38:321][  0]LogCollectionManager: Rebuilt the object cache for 0 collections in 0.000000 seconds (found 0 objects)
[2019.02.28-00.12.38:321][  0]LogCollectionManager: Fixed up redirectors for 0 collections in 0.000134 seconds (updated 0 objects)
[2019.02.28-00.12.38:323][  0]LogContentStreaming: Texture pool size now 1000 MB
[2019.02.28-00.13.04:472][982]LogSlate: FSceneViewport::OnFocusLost() reason 0
[2019.02.28-00.13.04:487][982]LogSlate: Took 0.001673 seconds to synchronously load lazily loaded font '../../../Engine/Content/Slate/Fonts/Roboto-Light.ttf' (167K)
[2019.02.28-00.13.08:752][492]LogSlate: Took 0.002096 seconds to synchronously load lazily loaded font '../../../Engine/Content/Slate/Fonts/Roboto-Light.ttf' (167K)
[2019.02.28-00.13.08:761][492]LogAssetEditorManager: Opening Asset editor for Blueprint /Game/BluePrint/Items/Powerup/Powerup_BP.Powerup_BP
[2019.02.28-00.13.09:113][492]LogContentBrowser: Native class hierarchy updated for 'BlueprintGraph' in 0.0007 seconds. Added 116 classes and 0 folders.
[2019.02.28-00.13.41:986][346]LogSavePackage: Moving 'E:/MyProgram/UDK/School/S4/BattleDrifter/Game260Development/Resources/VehicleMovement/Saved/Powerup_BP39D338444A00C8FE97AB088C97CB94BA.tmp' to 'E:/MyProgram/UDK/School/S4/BattleDrifter/Game260Development/Resources/VehicleMovement/Content/BluePrint/Items/Powerup/Powerup_BP.uasset'
[2019.02.28-00.13.45:184][729]LogSlate: Window 'Powerup_BP' being destroyed
[2019.02.28-00.13.45:248][729]LogAssetEditorManager: Opening Asset editor for Blueprint /Game/BluePrint/Items/Powerup/Powerup_BP.Powerup_BP
[2019.02.28-00.13.45:487][729]LogSlate: Took 0.003876 seconds to synchronously load lazily loaded font '../../../Engine/Content/Slate/Fonts/Roboto-BoldCondensed.ttf' (158K)
[2019.02.28-00.13.46:086][797]BlueprintLog: New page: Compile Powerup_BP
[2019.02.28-00.13.46:614][839]LogSavePackage: Moving 'E:/MyProgram/UDK/School/S4/BattleDrifter/Game260Development/Resources/VehicleMovement/Saved/Powerup_BP9A9732F34370AACF65B9F1892C2F9092.tmp' to 'E:/MyProgram/UDK/School/S4/BattleDrifter/Game260Development/Resources/VehicleMovement/Content/BluePrint/Items/Powerup/Powerup_BP.uasset'
[2019.02.28-00.13.47:238][913]LogSlate: Window 'Powerup_BP' being destroyed
[2019.02.28-00.13.47:241][913]LogSlate: Window 'Powerup_BP' being destroyed
[2019.02.28-00.13.48:084][  8]LogTemp: Repeating last play command: Selected Viewport
[2019.02.28-00.13.48:097][  8]LogBlueprintUserMessages: Early PlayInEditor Detection: Level '/Game/VehicleCPP/Maps/VehicleExampleMap.VehicleExampleMap:PersistentLevel' has LevelScriptBlueprint '/Game/VehicleCPP/Maps/VehicleExampleMap.VehicleExampleMap:PersistentLevel.VehicleExampleMap' with GeneratedClass '/Game/VehicleCPP/Maps/VehicleExampleMap.VehicleExampleMap_C' with ClassGeneratedBy '/Game/VehicleCPP/Maps/VehicleExampleMap.VehicleExampleMap:PersistentLevel.VehicleExampleMap'
[2019.02.28-00.13.48:097][  8]LogPlayLevel: PlayLevel: No blueprints needed recompiling
[2019.02.28-00.13.48:110][  8]PIE: New page: PIE session: VehicleExampleMap (Feb 27, 2019, 2:13:48 PM)
[2019.02.28-00.13.48:110][  8]LogPlayLevel: Creating play world package: /Game/VehicleCPP/Maps/UEDPIE_0_VehicleExampleMap
[2019.02.28-00.13.48:129][  8]LogPlayLevel: PIE: StaticDuplicateObject took: (0.018691s)
[2019.02.28-00.13.48:130][  8]LogAIModule: Creating AISystem for world VehicleExampleMap
[2019.02.28-00.13.48:130][  8]LogPlayLevel: PIE: World Init took: (0.000688s)
[2019.02.28-00.13.48:130][  8]LogPlayLevel: PIE: Created PIE world by copying editor world from /Game/VehicleCPP/Maps/VehicleExampleMap.VehicleExampleMap to /Game/VehicleCPP/Maps/UEDPIE_0_VehicleExampleMap.VehicleExampleMap (0.019856s)
[2019.02.28-00.13.48:188][  8]LogInit: XAudio2 using 'Speakers (Logitech G430 Gaming Headset)' : 2 channels at 44.1 kHz using 16 bits per sample (channel mask 0x3)
[2019.02.28-00.13.48:201][  8]LogInit: FAudioDevice initialized.
[2019.02.28-00.13.48:241][  8]LogLoad: Game class is 'VehicleMovementGameMode'
[2019.02.28-00.13.48:245][  8]LogWorld: Bringing World /Game/VehicleCPP/Maps/UEDPIE_0_VehicleExampleMap.VehicleExampleMap up for play (max tick rate 0) at 2019.02.27-19.13.48
[2019.02.28-00.13.48:246][  8]LogWorld: Bringing up level for play took: 0.001838
[2019.02.28-00.13.48:264][  8]LogContentBrowser: Native class hierarchy updated for 'MovieSceneCapture' in 0.0006 seconds. Added 10 classes and 0 folders.
[2019.02.28-00.13.48:264][  8]PIE: Play in editor start time for /Game/VehicleCPP/Maps/UEDPIE_0_VehicleExampleMap -0.677
[2019.02.28-00.13.48:265][  8]LogBlueprintUserMessages: Late PlayInEditor Detection: Level '/Game/VehicleCPP/Maps/VehicleExampleMap.VehicleExampleMap:PersistentLevel' has LevelScriptBlueprint '/Game/VehicleCPP/Maps/VehicleExampleMap.VehicleExampleMap:PersistentLevel.VehicleExampleMap' with GeneratedClass '/Game/VehicleCPP/Maps/VehicleExampleMap.VehicleExampleMap_C' with ClassGeneratedBy '/Game/VehicleCPP/Maps/VehicleExampleMap.VehicleExampleMap:PersistentLevel.VehicleExampleMap'
[2019.02.28-00.13.51:310][371]LogTemp: Warning: Overlapped
[2019.02.28-00.13.51:310][371]LogTemp: Warning: Item picked up
[2019.02.28-00.14.01:570][602]LogTemp: Warning: Boost Pressed
[2019.02.28-00.14.01:612][607]LogTemp: Warning: Boost Un-Pressed
[2019.02.28-00.14.31:464][189]LogBlueprintUserMessages: Early EndPlayMap Detection: Level '/Game/VehicleCPP/Maps/VehicleExampleMap.VehicleExampleMap:PersistentLevel' has LevelScriptBlueprint '/Game/VehicleCPP/Maps/VehicleExampleMap.VehicleExampleMap:PersistentLevel.VehicleExampleMap' with GeneratedClass '/Game/VehicleCPP/Maps/VehicleExampleMap.VehicleExampleMap_C' with ClassGeneratedBy '/Game/VehicleCPP/Maps/VehicleExampleMap.VehicleExampleMap:PersistentLevel.VehicleExampleMap'
[2019.02.28-00.14.31:464][189]LogSlate: Updating window title bar state: overlay mode, drag disabled, window buttons hidden, title bar hidden
[2019.02.28-00.14.31:500][189]LogPlayLevel: Display: Shutting down PIE online subsystems
[2019.02.28-00.14.31:501][189]LogBlueprintUserMessages: Late EndPlayMap Detection: Level '/Game/VehicleCPP/Maps/VehicleExampleMap.VehicleExampleMap:PersistentLevel' has LevelScriptBlueprint '/Game/VehicleCPP/Maps/VehicleExampleMap.VehicleExampleMap:PersistentLevel.VehicleExampleMap' with GeneratedClass '/Game/VehicleCPP/Maps/VehicleExampleMap.VehicleExampleMap_C' with ClassGeneratedBy '/Game/VehicleCPP/Maps/VehicleExampleMap.VehicleExampleMap:PersistentLevel.VehicleExampleMap'
[2019.02.28-00.14.31:525][189]LogSlate: Updating window title bar state: overlay mode, drag disabled, window buttons hidden, title bar hidden
[2019.02.28-00.14.31:565][192]LogPlayLevel: Display: Destroying online subsystem :Context_7
[2019.02.28-00.15.54:848][585]LogSlate: FSceneViewport::OnFocusLost() reason 0
[2019.02.28-00.16.08:980][251]LogSlate: FSceneViewport::OnFocusLost() reason 2
[2019.02.28-00.16.09:160][251]LogSavePackage: Moving 'E:/MyProgram/UDK/School/S4/BattleDrifter/Game260Development/Resources/VehicleMovement/Saved/VehicleExampleMap1E9AB9FB4A7ABF991E0C5989C4627038.tmp' to 'E:/MyProgram/UDK/School/S4/BattleDrifter/Game260Development/Resources/VehicleMovement/Content/VehicleCPP/Maps/VehicleExampleMap.umap'
[2019.02.28-00.16.19:275][182]LogSlate: FSceneViewport::OnFocusLost() reason 2
[2019.02.28-00.16.20:719][352]Cmd: SELECT NONE
[2019.02.28-00.21.09:662][295]LogEditorViewport: Clicking on Actor (LMB): Powerup_BP_C (Powerup_BP)
[2019.02.28-00.21.10:434][382]Cmd: DELETE
[2019.02.28-00.21.10:434][382]Cmd: ACTOR DELETE
[2019.02.28-00.21.10:437][382]LogEditorActor: Deleted Actor: Powerup_BP_C
[2019.02.28-00.21.10:462][382]LogEditorActor: Deleted 1 Actors (0.029 secs)
[2019.02.28-00.21.11:652][525]LogSlate: FSceneViewport::OnFocusLost() reason 0
[2019.02.28-00.21.15:936][612]LogSlate: Window 'Delete Assets' being destroyed
[2019.02.28-00.21.15:947][612]LogSlate: FSceneViewport::OnFocusLost() reason 2
[2019.02.28-00.21.17:555][745]LogSlate: FSceneViewport::OnFocusLost() reason 2
[2019.02.28-00.21.17:736][745]LogSavePackage: Moving 'E:/MyProgram/UDK/School/S4/BattleDrifter/Game260Development/Resources/VehicleMovement/Saved/VehicleExampleMap338B85E94D94B9CDDA90E5AB66B60FAC.tmp' to 'E:/MyProgram/UDK/School/S4/BattleDrifter/Game260Development/Resources/VehicleMovement/Content/VehicleCPP/Maps/VehicleExampleMap.umap'
[2019.02.28-00.22.23:539][242]LogHotReload: New module detected: UE4Editor-VehicleMovement-4890.dll
[2019.02.28-00.22.24:225][245]LogHotReload: Starting Hot-Reload from IDE
[2019.02.28-00.22.24:290][245]LogHotReload: Re-instancing TriggerableItem after hot-reload.
[2019.02.28-00.22.24:376][245]LogContentBrowser: Native class hierarchy updated for 'VehicleMovement' in 0.0006 seconds. Added 12 classes and 3 folders.
[2019.02.28-00.22.24:379][245]Display: HotReload successful (4 functions remapped  0 scriptstructs remapped)
[2019.02.28-00.22.24:726][245]LogContentBrowser: Native class hierarchy populated in 0.0074 seconds. Added 2587 classes and 611 folders.
[2019.02.28-00.22.24:730][245]Display: HotReload took  0.5s.
[2019.02.28-00.22.27:100][359]LogSlate: FSceneViewport::OnFocusLost() reason 0
[2019.02.28-00.22.52:167][289]LogEditor: Attempting to add actor of class 'TriggerableItem' to level at -1890.00,6260.00,110.00
[2019.02.28-00.22.52:853][369]LogEditor: Attempting to add actor of class 'TriggerableItem' to level at -1290.00,6210.00,110.00
[2019.02.28-00.22.55:395][668]LogSlate: FSceneViewport::OnFocusLost() reason 2
[2019.02.28-00.22.57:211][880]LogSlate: FSceneViewport::OnFocusLost() reason 2
[2019.02.28-00.22.57:442][880]LogSavePackage: Moving 'E:/MyProgram/UDK/School/S4/BattleDrifter/Game260Development/Resources/VehicleMovement/Saved/VehicleExampleMapF8DEC39A4798C7B843C92B98E4E7E2F7.tmp' to 'E:/MyProgram/UDK/School/S4/BattleDrifter/Game260Development/Resources/VehicleMovement/Content/VehicleCPP/Maps/VehicleExampleMap.umap'
[2019.02.28-00.22.59:369][108]LogSlate: FSceneViewport::OnFocusLost() reason 0
[2019.02.28-00.22.59:443][117]LogTemp: Repeating last play command: Selected Viewport
[2019.02.28-00.22.59:454][117]LogBlueprintUserMessages: Early PlayInEditor Detection: Level '/Game/VehicleCPP/Maps/VehicleExampleMap.VehicleExampleMap:PersistentLevel' has LevelScriptBlueprint '/Game/VehicleCPP/Maps/VehicleExampleMap.VehicleExampleMap:PersistentLevel.VehicleExampleMap' with GeneratedClass '/Game/VehicleCPP/Maps/VehicleExampleMap.VehicleExampleMap_C' with ClassGeneratedBy '/Game/VehicleCPP/Maps/VehicleExampleMap.VehicleExampleMap:PersistentLevel.VehicleExampleMap'
[2019.02.28-00.22.59:454][117]LogPlayLevel: PlayLevel: No blueprints needed recompiling
[2019.02.28-00.22.59:454][117]PIE: New page: PIE session: VehicleExampleMap (Feb 27, 2019, 2:22:59 PM)
[2019.02.28-00.22.59:454][117]LogPlayLevel: Creating play world package: /Game/VehicleCPP/Maps/UEDPIE_0_VehicleExampleMap
[2019.02.28-00.22.59:467][117]LogPlayLevel: PIE: StaticDuplicateObject took: (0.012258s)
[2019.02.28-00.22.59:468][117]LogAIModule: Creating AISystem for world VehicleExampleMap
[2019.02.28-00.22.59:468][117]LogPlayLevel: PIE: World Init took: (0.000811s)
[2019.02.28-00.22.59:468][117]LogPlayLevel: PIE: Created PIE world by copying editor world from /Game/VehicleCPP/Maps/VehicleExampleMap.VehicleExampleMap to /Game/VehicleCPP/Maps/UEDPIE_0_VehicleExampleMap.VehicleExampleMap (0.013484s)
[2019.02.28-00.22.59:546][117]LogInit: XAudio2 using 'Speakers (Logitech G430 Gaming Headset)' : 2 channels at 44.1 kHz using 16 bits per sample (channel mask 0x3)
[2019.02.28-00.22.59:559][117]LogInit: FAudioDevice initialized.
[2019.02.28-00.22.59:590][117]LogLoad: Game class is 'VehicleMovementGameMode'
[2019.02.28-00.22.59:594][117]LogWorld: Bringing World /Game/VehicleCPP/Maps/UEDPIE_0_VehicleExampleMap.VehicleExampleMap up for play (max tick rate 0) at 2019.02.27-19.22.59
[2019.02.28-00.22.59:594][117]LogWorld: Bringing up level for play took: 0.001759
[2019.02.28-00.22.59:607][117]PIE: Play in editor start time for /Game/VehicleCPP/Maps/UEDPIE_0_VehicleExampleMap 0.665
[2019.02.28-00.22.59:607][117]LogBlueprintUserMessages: Late PlayInEditor Detection: Level '/Game/VehicleCPP/Maps/VehicleExampleMap.VehicleExampleMap:PersistentLevel' has LevelScriptBlueprint '/Game/VehicleCPP/Maps/VehicleExampleMap.VehicleExampleMap:PersistentLevel.VehicleExampleMap' with GeneratedClass '/Game/VehicleCPP/Maps/VehicleExampleMap.VehicleExampleMap_C' with ClassGeneratedBy '/Game/VehicleCPP/Maps/VehicleExampleMap.VehicleExampleMap:PersistentLevel.VehicleExampleMap'
[2019.02.28-00.23.01:840][383]LogTemp: Warning: Overlapped
[2019.02.28-00.23.01:840][383]LogTemp: Warning: Item picked up
[2019.02.28-00.23.06:160][383]LogWindows: Error: === Critical error: ===
[2019.02.28-00.23.06:160][383]LogWindows: Error: 
[2019.02.28-00.23.06:160][383]LogWindows: Error: Fatal error!
[2019.02.28-00.23.06:161][383]LogWindows: Error: 
[2019.02.28-00.23.06:161][383]LogWindows: Error: Unhandled Exception: EXCEPTION_ACCESS_VIOLATION reading address 0x00000038
[2019.02.28-00.23.06:161][383]LogWindows: Error: 
[2019.02.28-00.23.06:161][383]LogWindows: Error: [Callstack] 0x00007ffe3df18530 UE4Editor-VehicleMovement-4890.dll!UPawnStatMod::GetGUID() [e:\myprogram\udk\school\s4\battledrifter\game260development\resources\vehiclemovement\source\vehiclemovement\pawnstatmod.cpp:13]
[2019.02.28-00.23.06:161][383]LogWindows: Error: [Callstack] 0x00007ffe3df177ed UE4Editor-VehicleMovement-4890.dll!UPawnStatComponent::EnableMod() [e:\myprogram\udk\school\s4\battledrifter\game260development\resources\vehiclemovement\source\vehiclemovement\pawnstatcomponent.cpp:42]
[2019.02.28-00.23.06:161][383]LogWindows: Error: [Callstack] 0x00007ffe3df1e954 UE4Editor-VehicleMovement-4890.dll!ATriggerableItem::OnOverlapBegin() [e:\myprogram\udk\school\s4\battledrifter\game260development\resources\vehiclemovement\source\vehiclemovement\items\triggerableitem.cpp:50]
[2019.02.28-00.23.06:161][383]LogWindows: Error: [Callstack] 0x00007ffe3df1edcd UE4Editor-VehicleMovement-4890.dll!ATriggerableItem::execOnOverlapBegin() [e:\myprogram\udk\school\s4\battledrifter\game260development\resources\vehiclemovement\source\vehiclemovement\items\triggerableitem.h:13]
[2019.02.28-00.23.06:161][383]LogWindows: Error: [Callstack] 0x00007ffe3c676467 UE4Editor-CoreUObject.dll!UFunction::Invoke() [d:\build\++ue4\sync\engine\source\runtime\coreuobject\private\uobject\class.cpp:4728]
[2019.02.28-00.23.06:161][383]LogWindows: Error: [Callstack] 0x00007ffe3c8a1133 UE4Editor-CoreUObject.dll!UObject::ProcessEvent() [d:\build\++ue4\sync\engine\source\runtime\coreuobject\private\uobject\scriptcore.cpp:1344]
[2019.02.28-00.23.06:161][383]LogWindows: Error: [Callstack] 0x00007ffe1d188033 UE4Editor-Engine.dll!AActor::ProcessEvent() [d:\build\++ue4\sync\engine\source\runtime\engine\private\actor.cpp:724]
[2019.02.28-00.23.06:161][383]LogWindows: Error: [Callstack] 0x00007ffe1d127371 UE4Editor-Engine.dll!TMulticastScriptDelegate<FWeakObjectPtr>::ProcessMulticastDelegate<UObject>() [d:\build\++ue4\sync\engine\source\runtime\core\public\uobject\scriptdelegates.h:462]
[2019.02.28-00.23.06:161][383]LogWindows: Error: [Callstack] 0x00007ffe1d5aa76e UE4Editor-Engine.dll!FComponentBeginOverlapSignature::Broadcast() [d:\build\++ue4\sync\engine\source\runtime\engine\classes\components\primitivecomponent.h:145]
[2019.02.28-00.23.06:161][383]LogWindows: Error: [Callstack] 0x00007ffe1d5aa338 UE4Editor-Engine.dll!UPrimitiveComponent::BeginComponentOverlap() [d:\build\++ue4\sync\engine\source\runtime\engine\private\components\primitivecomponent.cpp:2480]
[2019.02.28-00.23.06:161][383]LogWindows: Error: [Callstack] 0x00007ffe1d5f4e3e UE4Editor-Engine.dll!UPrimitiveComponent::UpdateOverlapsImpl() [d:\build\++ue4\sync\engine\source\runtime\engine\private\components\primitivecomponent.cpp:2910]
[2019.02.28-00.23.06:161][383]LogWindows: Error: [Callstack] 0x00007ffe1d5d9007 UE4Editor-Engine.dll!UPrimitiveComponent::MoveComponentImpl() [d:\build\++ue4\sync\engine\source\runtime\engine\private\components\primitivecomponent.cpp:2123]
[2019.02.28-00.23.06:161][383]LogWindows: Error: [Callstack] 0x00007ffe1d5d98a7 UE4Editor-Engine.dll!UMovementComponent::MoveUpdatedComponentImpl() [d:\build\++ue4\sync\engine\source\runtime\engine\private\components\movementcomponent.cpp:513]
[2019.02.28-00.23.06:161][383]LogWindows: Error: [Callstack] 0x00007ffe1d5e7cf6 UE4Editor-Engine.dll!UMovementComponent::SafeMoveUpdatedComponent() [d:\build\++ue4\sync\engine\source\runtime\engine\private\components\movementcomponent.cpp:551]
[2019.02.28-00.23.06:161][383]LogWindows: Error: [Callstack] 0x00007ffe1d83b4af UE4Editor-Engine.dll!UFloatingPawnMovement::TickComponent() [d:\build\++ue4\sync\engine\source\runtime\engine\private\floatingpawnmovement.cpp:63]
[2019.02.28-00.23.06:161][383]LogWindows: Error: [Callstack] 0x00007ffe1d4bec21 UE4Editor-Engine.dll!FActorComponentTickFunction::ExecuteTickHelper<<lambda_e8384def656dc646af48282ce274db64> >() [d:\build\++ue4\sync\engine\source\runtime\engine\classes\gameframework\actor.h:3095]
[2019.02.28-00.23.06:161][383]LogWindows: Error: [Callstack] 0x00007ffe1d4f99c4 UE4Editor-Engine.dll!FActorComponentTickFunction::ExecuteTick() [d:\build\++ue4\sync\engine\source\runtime\engine\private\components\actorcomponent.cpp:797]
[2019.02.28-00.23.06:161][383]LogWindows: Error: [Callstack] 0x00007ffe1e3616bd UE4Editor-Engine.dll!TGraphTask<FTickFunctionTask>::ExecuteTask() [d:\build\++ue4\sync\engine\source\runtime\core\public\async\taskgraphinterfaces.h:829]
[2019.02.28-00.23.06:161][383]LogWindows: Error: [Callstack] 0x00007ffe3b941f92 UE4Editor-Core.dll!FNamedTaskThread::ProcessTasksNamedThread() [d:\build\++ue4\sync\engine\source\runtime\core\private\async\taskgraph.cpp:665]
[2019.02.28-00.23.06:161][383]LogWindows: Error: [Callstack] 0x00007ffe3b942456 UE4Editor-Core.dll!FNamedTaskThread::ProcessTasksUntilQuit() [d:\build\++ue4\sync\engine\source\runtime\core\private\async\taskgraph.cpp:574]
[2019.02.28-00.23.06:161][383]LogWindows: Error: [Callstack] 0x00007ffe3b956d25 UE4Editor-Core.dll!FTaskGraphImplementation::WaitUntilTasksComplete() [d:\build\++ue4\sync\engine\source\runtime\core\private\async\taskgraph.cpp:1358]
[2019.02.28-00.23.06:161][383]LogWindows: Error: [Callstack] 0x00007ffe1e3b5b04 UE4Editor-Engine.dll!FTickTaskSequencer::ReleaseTickGroup() [d:\build\++ue4\sync\engine\source\runtime\engine\private\ticktaskmanager.cpp:541]
[2019.02.28-00.23.06:161][383]LogWindows: Error: [Callstack] 0x00007ffe1e3c4d92 UE4Editor-Engine.dll!FTickTaskManager::RunTickGroup() [d:\build\++ue4\sync\engine\source\runtime\engine\private\ticktaskmanager.cpp:1455]
[2019.02.28-00.23.06:161][383]LogWindows: Error: [Callstack] 0x00007ffe1dac87e4 UE4Editor-Engine.dll!UWorld::RunTickGroup() [d:\build\++ue4\sync\engine\source\runtime\engine\private\leveltick.cpp:780]
[2019.02.28-00.23.06:161][383]LogWindows: Error: [Callstack] 0x00007ffe1dad4003 UE4Editor-Engine.dll!UWorld::Tick() [d:\build\++ue4\sync\engine\source\runtime\engine\private\leveltick.cpp:1454]
[2019.02.28-00.23.06:161][383]LogWindows: Error: [Callstack] 0x00007ffe1bca7335 UE4Editor-UnrealEd.dll!UEditorEngine::Tick() [d:\build\++ue4\sync\engine\source\editor\unrealed\private\editorengine.cpp:1691]
[2019.02.28-00.23.06:161][383]LogWindows: Error: [Callstack] 0x00007ffe1c59f666 UE4Editor-UnrealEd.dll!UUnrealEdEngine::Tick() [d:\build\++ue4\sync\engine\source\editor\unrealed\private\unrealedengine.cpp:403]
[2019.02.28-00.23.06:161][383]LogWindows: Error: [Callstack] 0x00007ff663445cbd UE4Editor.exe!FEngineLoop::Tick() [d:\build\++ue4\sync\engine\source\runtime\launch\private\launchengineloop.cpp:3495]
[2019.02.28-00.23.06:161][383]LogWindows: Error: [Callstack] 0x00007ff663455b3c UE4Editor.exe!GuardedMain() [d:\build\++ue4\sync\engine\source\runtime\launch\private\launch.cpp:166]
[2019.02.28-00.23.06:161][383]LogWindows: Error: [Callstack] 0x00007ff663455bba UE4Editor.exe!GuardedMainWrapper() [d:\build\++ue4\sync\engine\source\runtime\launch\private\windows\launchwindows.cpp:144]
[2019.02.28-00.23.06:161][383]LogWindows: Error: [Callstack] 0x00007ff663463dac UE4Editor.exe!WinMain() [d:\build\++ue4\sync\engine\source\runtime\launch\private\windows\launchwindows.cpp:223]
[2019.02.28-00.23.06:161][383]LogWindows: Error: [Callstack] 0x00007ff663465aaa UE4Editor.exe!__scrt_common_main_seh() [f:\dd\vctools\crt\vcstartup\src\startup\exe_common.inl:283]
[2019.02.28-00.23.06:161][383]LogWindows: Error: [Callstack] 0x00007ffe9fd981f4 KERNEL32.DLL!UnknownFunction []
[2019.02.28-00.23.06:161][383]LogWindows: Error: [Callstack] 0x00007ffea1eea251 ntdll.dll!UnknownFunction []
[2019.02.28-00.23.06:161][383]LogWindows: Error: 
[2019.02.28-00.23.06:176][383]LogExit: Executing StaticShutdownAfterError
[2019.02.28-00.23.06:180][383]LogWindows: FPlatformMisc::RequestExit(1)
[2019.02.28-00.23.06:190][383]Log file closed, 02/27/19 19:23:06
