Log file open, 02/28/19 10:56:35
LogWindows: Failed to load 'aqProf.dll' (GetLastError=126)
LogWindows: File 'aqProf.dll' does not exist
LogWindows: Failed to load 'VSPerf140.dll' (GetLastError=126)
LogWindows: File 'VSPerf140.dll' does not exist
LogWindows: Failed to load 'VtuneApi.dll' (GetLastError=126)
LogWindows: File 'VtuneApi.dll' does not exist
LogWindows: Failed to load 'VtuneApi32e.dll' (GetLastError=126)
LogWindows: File 'VtuneApi32e.dll' does not exist
LogInit: Display: Running engine for game: VehicleMovement
LogPlatformFile: Not using cached read wrapper
LogTaskGraph: Started task graph with 5 named threads and 23 total threads with 3 sets of task threads.
LogStats: Stats thread started at 0.352826
LogD3D11RHI: Loaded GFSDK_Aftermath_Lib.x64.dll
LogICUInternationalization: Display: ICU TimeZone Detection - Raw Offset: -5:00, Platform Override: ''
LogPluginManager: Mounting plugin Paper2D
LogPluginManager: Mounting plugin AISupport
LogPluginManager: Mounting plugin LightPropagationVolume
LogPluginManager: Mounting plugin CLionSourceCodeAccess
LogPluginManager: Mounting plugin CodeLiteSourceCodeAccess
LogPluginManager: Mounting plugin GitSourceControl
LogPluginManager: Mounting plugin KDevelopSourceCodeAccess
LogPluginManager: Mounting plugin NullSourceCodeAccess
LogPluginManager: Mounting plugin PerforceSourceControl
LogPluginManager: Mounting plugin SubversionSourceControl
LogPluginManager: Mounting plugin UObjectPlugin
LogPluginManager: Mounting plugin VisualStudioCodeSourceCodeAccess
LogPluginManager: Mounting plugin VisualStudioSourceCodeAccess
LogPluginManager: Mounting plugin XCodeSourceCodeAccess
LogPluginManager: Mounting plugin AssetManagerEditor
LogPluginManager: Mounting plugin CryptoKeys
LogPluginManager: Mounting plugin DataValidation
LogPluginManager: Mounting plugin FacialAnimation
LogPluginManager: Mounting plugin GameplayTagsEditor
LogPluginManager: Mounting plugin MacGraphicsSwitching
LogPluginManager: Mounting plugin MeshEditor
LogPluginManager: Mounting plugin MobileLauncherProfileWizard
LogPluginManager: Mounting plugin PluginBrowser
LogPluginManager: Mounting plugin SpeedTreeImporter
LogPluginManager: Mounting plugin DatasmithContent
LogPluginManager: Mounting plugin AlembicImporter
LogPluginManager: Mounting plugin AppleImageUtils
LogPluginManager: Mounting plugin AppleVision
LogPluginManager: Mounting plugin BackChannel
LogPluginManager: Mounting plugin CharacterAI
LogPluginManager: Mounting plugin GeometryCache
LogPluginManager: Mounting plugin HTML5Networking
LogPluginManager: Mounting plugin ProxyLODPlugin
LogPluginManager: Mounting plugin RawInput
LogPluginManager: Mounting plugin MagicLeap
LogPluginManager: Mounting plugin MagicLeapEmulator
LogPluginManager: Mounting plugin MagicLeapMedia
LogPluginManager: Mounting plugin AndroidMedia
LogPluginManager: Mounting plugin AvfMedia
LogPluginManager: Mounting plugin ImgMedia
LogPluginManager: Mounting plugin LinearTimecode
LogPluginManager: Mounting plugin MediaCompositing
LogPluginManager: Mounting plugin MediaPlayerEditor
LogPluginManager: Mounting plugin WmfMedia
LogPluginManager: Mounting plugin TcpMessaging
LogPluginManager: Mounting plugin UdpMessaging
LogPluginManager: Mounting plugin ActorSequence
LogPluginManager: Mounting plugin LevelSequenceEditor
LogPluginManager: Mounting plugin MatineeToLevelSequence
LogPluginManager: Mounting plugin NetcodeUnitTest
LogPluginManager: Mounting plugin NUTUnrealEngine4
LogPluginManager: Mounting plugin OnlineSubsystemGooglePlay
LogPluginManager: Mounting plugin OnlineSubsystemIOS
LogPluginManager: Mounting plugin OnlineSubsystem
LogPluginManager: Mounting plugin OnlineSubsystemNull
LogPluginManager: Mounting plugin OnlineSubsystemUtils
LogPluginManager: Mounting plugin LauncherChunkInstaller
LogPluginManager: Mounting plugin AndroidDeviceProfileSelector
LogPluginManager: Mounting plugin AndroidMoviePlayer
LogPluginManager: Mounting plugin AndroidPermission
LogPluginManager: Mounting plugin AppleMoviePlayer
LogPluginManager: Mounting plugin ArchVisCharacter
LogPluginManager: Mounting plugin AudioCapture
LogPluginManager: Mounting plugin CableComponent
LogPluginManager: Mounting plugin CustomMeshComponent
LogPluginManager: Mounting plugin EditableMesh
LogPluginManager: Mounting plugin ExampleDeviceProfileSelector
LogPluginManager: Mounting plugin GoogleCloudMessaging
LogPluginManager: Mounting plugin ImmediatePhysics
LogPluginManager: Mounting plugin IOSDeviceProfileSelector
LogPluginManager: Mounting plugin LinuxDeviceProfileSelector
LogPluginManager: Mounting plugin LocationServicesBPLibrary
LogPluginManager: Mounting plugin MobilePatchingUtils
LogPluginManager: Mounting plugin OculusVR
LogPluginManager: Plugin shader directory ../../../Engine/Plugins/Runtime/Oculus/OculusVR/Shaders found
LogPluginManager: Mapping shader source directory ../../../Engine/Plugins/Runtime/Oculus/OculusVR/Shaders to virtual directory /Plugin/OculusVR
LogPluginManager: Mounting plugin PhysXVehicles
LogPluginManager: Mounting plugin ProceduralMeshComponent
LogPluginManager: Mounting plugin RuntimePhysXCooking
LogPluginManager: Mounting plugin SteamVR
LogPluginManager: Mounting plugin WindowsMoviePlayer
LogStreaming: Display: Took  0.222s to configure plugins.
LogInit: Using libcurl 7.55.1-DEV
LogInit:  - built for x86_64-pc-win32
LogInit:  - supports SSL with OpenSSL/1.0.2h
LogInit:  - supports HTTP deflate (compression) using libz 1.2.8
LogInit:  - other features:
LogInit:      CURL_VERSION_SSL
LogInit:      CURL_VERSION_LIBZ
LogInit:      CURL_VERSION_IPV6
LogInit:      CURL_VERSION_ASYNCHDNS
LogInit:      CURL_VERSION_LARGEFILE
LogInit:      CURL_VERSION_IDN
LogInit:  CurlRequestOptions (configurable via config and command line):
LogInit:  - bVerifyPeer = false  - Libcurl will NOT verify peer certificate
LogInit:  - bUseHttpProxy = false  - Libcurl will NOT use HTTP proxy
LogInit:  - bDontReuseConnections = false  - Libcurl will reuse connections
LogInit:  - CertBundlePath = nullptr  - Libcurl will use whatever was configured at build time.
LogInit:  - MaxHostConnections = 16  - Libcurl will limit the number of connections to a host
LogInit:  - LocalHostAddr = Default
LogInit:  - BufferSize = 65536
LogInit: WinSock: version 1.1 (2.2), MaxSocks=32767, MaxUdp=65467
LogInit: Build: ++UE4+Release-4.20-CL-4369336
LogInit: Engine Version: 4.20.3-4369336+++UE4+Release-4.20
LogInit: Compatible Engine Version: 4.20.0-4212847+++UE4+Release-4.20
LogInit: Net CL: 4212847
LogInit: OS: Windows 10 (), CPU: Intel(R) Core(TM) i7-7700HQ CPU @ 2.80GHz, GPU: NVIDIA GeForce GTX 1060
LogInit: Compiled (64-bit): Sep 17 2018 12:26:19
LogInit: Compiled with Visual C++: 19.13.26129.00
LogInit: Build Configuration: Development
LogInit: Branch Name: ++UE4+Release-4.20
LogInit: Command Line: -EpicPortal  -epicusername="SunHorizon" -epicuserid=8ae81fff8fc647328846e802f56b3813 -epiclocale=en-US
LogInit: Base Directory: C:/Program Files/Epic Games/UE_4.20/Engine/Binaries/Win64/
LogInit: Installed Engine Build: 1
LogDevObjectVersion: Number of dev versions registered: 20
LogDevObjectVersion:   Dev-Blueprints (B0D832E4-1F89-4F0D-ACCF-7EB736FD4AA2): 10
LogDevObjectVersion:   Dev-Build (E1C64328-A22C-4D53-A36C-8E866417BD8C): 0
LogDevObjectVersion:   Dev-Core (375EC13C-06E4-48FB-B500-84F0262A717E): 2
LogDevObjectVersion:   Dev-Editor (E4B068ED-F494-42E9-A231-DA0B2E46BB41): 24
LogDevObjectVersion:   Dev-Framework (CFFC743F-43B0-4480-9391-14DF171D2073): 34
LogDevObjectVersion:   Dev-Mobile (B02B49B5-BB20-44E9-A304-32B752E40360): 2
LogDevObjectVersion:   Dev-Networking (A4E4105C-59A1-49B5-A7C5-40C4547EDFEE): 0
LogDevObjectVersion:   Dev-Online (39C831C9-5AE6-47DC-9A44-9C173E1C8E7C): 0
LogDevObjectVersion:   Dev-Physics (78F01B33-EBEA-4F98-B9B4-84EACCB95AA2): 0
LogDevObjectVersion:   Dev-Platform (6631380F-2D4D-43E0-8009-CF276956A95A): 0
LogDevObjectVersion:   Dev-Rendering (12F88B9F-8875-4AFC-A67C-D90C383ABD29): 26
LogDevObjectVersion:   Dev-Sequencer (7B5AE74C-D270-4C10-A958-57980B212A5A): 9
LogDevObjectVersion:   Dev-VR (D7296918-1DD6-4BDD-9DE2-64A83CC13884): 2
LogDevObjectVersion:   Dev-LoadTimes (C2A15278-BFE7-4AFE-6C17-90FF531DF755): 1
LogDevObjectVersion:   Private-Geometry (6EACA3D4-40EC-4CC1-B786-8BED09428FC5): 3
LogDevObjectVersion:   Dev-AnimPhys (29E575DD-E0A3-4627-9D10-D276232CDCEA): 17
LogDevObjectVersion:   Dev-ReflectionCapture (6B266CEC-1EC7-4B8F-A30B-E4D90942FC07): 1
LogDevObjectVersion:   Dev-Automation (0DF73D61-A23F-47EA-B727-89E90C41499A): 1
LogDevObjectVersion:   FortniteMain (601D1886-AC64-4F84-AA16-D3DE0DEAC7D6): 12
LogDevObjectVersion:   Dev-Enterprise (9DFFBCD6-494F-0158-E221-12823C92A888): 1
LogStreaming: Display: Took  0.002s to delete old logs.
LogInit: Presizing for max 8388607 objects, including 0 objects not considered by GC, pre-allocating 0 bytes for permanent pool.
LogInit: Object subsystem initialized
[2019.02.28-15.56.36:294][  0]LogInit: Selected Device Profile: [Windows]
[2019.02.28-15.56.36:294][  0]LogInit: Applying CVar settings loaded from the selected device profile: [Windows]
[2019.02.28-15.56.36:312][  0]LogHAL: Display: Platform has ~ 8 GB [8540868608 / 8589934592 / 8], which maps to Default [LargestMinGB=32, LargerMinGB=12, DefaultMinGB=8, SmallerMinGB=6, SmallestMinGB=0)
[2019.02.28-15.56.36:312][  0]LogInit: Setting Device Profile CVar: [[r.Vulkan.UseRealUBs:1]]
[2019.02.28-15.56.36:312][  0]LogInit: Going up to parent DeviceProfile []
[2019.02.28-15.56.36:313][  0]LogInit: Computer: DESKTOP-0RT9JLV
[2019.02.28-15.56.36:313][  0]LogInit: User: sufus
[2019.02.28-15.56.36:313][  0]LogInit: CPU Page size=4096, Cores=4
[2019.02.28-15.56.36:313][  0]LogInit: High frequency timer resolution =10.000000 MHz
[2019.02.28-15.56.36:313][  0]LogMemory: Memory total: Physical=8.0GB (8GB approx)
[2019.02.28-15.56.36:313][  0]LogMemory: Platform Memory Stats for Windows
[2019.02.28-15.56.36:313][  0]LogMemory: Process Physical Memory: 101.16 MB used, 101.16 MB peak
[2019.02.28-15.56.36:313][  0]LogMemory: Process Virtual Memory: 89.42 MB used, 89.42 MB peak
[2019.02.28-15.56.36:313][  0]LogMemory: Physical Memory: 4414.36 MB used,  3730.85 MB free, 8145.21 MB total
[2019.02.28-15.56.36:313][  0]LogMemory: Virtual Memory: 4641.06 MB used,  3730.85 MB free, 134217728.00 MB total
[2019.02.28-15.56.36:646][  0]LogInit: Using OS detected language (en-US).
[2019.02.28-15.56.36:646][  0]LogInit: Using OS detected locale (en-CA).
[2019.02.28-15.56.36:648][  0]LogTextLocalizationManager: No specific localization for 'en-US' exists, so the 'en' localization will be used.
[2019.02.28-15.56.37:080][  0]LogStreaming: Display: Took  0.433s to InitEngineTextLocalization.
[2019.02.28-15.56.37:080][  0]LogInit: Setting process to per monitor DPI aware
[2019.02.28-15.56.37:130][  0]LogSlate: New Slate User Created.  User Index 0, Is Virtual User: 0
[2019.02.28-15.56.37:130][  0]LogSlate: Slate User Registered.  User Index 0, Is Virtual User: 0
[2019.02.28-15.56.37:480][  0]LogHMD: Failed to initialize OpenVR with code 110
[2019.02.28-15.56.37:480][  0]LogD3D11RHI: D3D11 adapters:
[2019.02.28-15.56.38:353][  0]LogD3D11RHI:    0. 'NVIDIA GeForce GTX 1060' (Feature Level 11_0)
[2019.02.28-15.56.38:353][  0]LogD3D11RHI:       6100/0/4072 MB DedicatedVideo/DedicatedSystem/SharedSystem, Outputs:1, VendorId:0x10de
[2019.02.28-15.56.38:358][  0]LogD3D11RHI:    1. 'Microsoft Basic Render Driver' (Feature Level 11_0)
[2019.02.28-15.56.38:358][  0]LogD3D11RHI:       0/0/4072 MB DedicatedVideo/DedicatedSystem/SharedSystem, Outputs:0, VendorId:0x1414
[2019.02.28-15.56.38:358][  0]LogD3D11RHI: Chosen D3D11 Adapter: 0
[2019.02.28-15.56.38:365][  0]LogD3D11RHI: Creating new Direct3DDevice
[2019.02.28-15.56.38:365][  0]LogD3D11RHI:     GPU DeviceId: 0x1c20 (for the marketing name, search the web for "GPU Device Id")
[2019.02.28-15.56.38:365][  0]LogWindows: EnumDisplayDevices:
[2019.02.28-15.56.38:365][  0]LogWindows:    0. 'NVIDIA GeForce GTX 1060' (P:1 D:1)
[2019.02.28-15.56.38:366][  0]LogWindows:    1. 'NVIDIA GeForce GTX 1060' (P:0 D:0)
[2019.02.28-15.56.38:366][  0]LogWindows:    2. 'NVIDIA GeForce GTX 1060' (P:0 D:0)
[2019.02.28-15.56.38:367][  0]LogWindows:    3. 'NVIDIA GeForce GTX 1060' (P:0 D:0)
[2019.02.28-15.56.38:367][  0]LogWindows: DebugString: FoundDriverCount:4 
[2019.02.28-15.56.38:367][  0]LogD3D11RHI:     Adapter Name: NVIDIA GeForce GTX 1060
[2019.02.28-15.56.38:367][  0]LogD3D11RHI:   Driver Version: 376.06 (internal:21.21.13.7606, unified:376.06)
[2019.02.28-15.56.38:367][  0]LogD3D11RHI:      Driver Date: 11-23-2016
[2019.02.28-15.56.38:367][  0]LogRHI: Texture pool is 4270 MB (70% of 6100 MB)
[2019.02.28-15.56.38:994][  0]LogD3D11RHI: Async texture creation enabled
[2019.02.28-15.56.39:070][  0]LogD3D11RHI: GPU Timing Frequency: 1000.000000 (Debug: 2 1)
[2019.02.28-15.56.39:117][  0]LogShaderCompilers: Guid format shader working directory is -56 characters bigger than the processId version (D:/Humber/Semester 4/Game 260_Game Production/RacingGame/Game260Development/Resources/VehicleMovement/Intermediate/Shaders/WorkingDirectory/29468/).
[2019.02.28-15.56.39:118][  0]LogShaderCompilers: Cleaned the shader compiler working directory 'C:/Users/sufus/AppData/Local/Temp/UnrealShaderWorkingDir/EA82F2DF4D2CED90B1EF4CB636695E37/'.
[2019.02.28-15.56.39:615][  0]LogTemp: Display: Loaded TP AllDesktopTargetPlatform
[2019.02.28-15.56.39:654][  0]LogTemp: Display: Loaded TP MacClientTargetPlatform
[2019.02.28-15.56.39:698][  0]LogTemp: Display: Loaded TP MacNoEditorTargetPlatform
[2019.02.28-15.56.39:736][  0]LogTemp: Display: Loaded TP MacServerTargetPlatform
[2019.02.28-15.56.39:776][  0]LogTemp: Display: Loaded TP MacTargetPlatform
[2019.02.28-15.56.39:815][  0]LogTemp: Display: Loaded TP WindowsClientTargetPlatform
[2019.02.28-15.56.39:850][  0]LogTemp: Display: Loaded TP WindowsNoEditorTargetPlatform
[2019.02.28-15.56.39:883][  0]LogTemp: Display: Loaded TP WindowsServerTargetPlatform
[2019.02.28-15.56.39:913][  0]LogTemp: Display: Loaded TP WindowsTargetPlatform
[2019.02.28-15.56.40:036][  0]LogTemp: Display: Loaded TP AndroidTargetPlatform
[2019.02.28-15.56.40:036][  0]LogTemp: Display: Loaded TP AndroidTargetPlatform
[2019.02.28-15.56.40:036][  0]LogTemp: Display: Loaded TP AndroidTargetPlatform
[2019.02.28-15.56.40:036][  0]LogTemp: Display: Loaded TP AndroidTargetPlatform
[2019.02.28-15.56.40:036][  0]LogTemp: Display: Loaded TP AndroidTargetPlatform
[2019.02.28-15.56.40:036][  0]LogTemp: Display: Loaded TP AndroidTargetPlatform
[2019.02.28-15.56.40:036][  0]LogTemp: Display: Loaded TP AndroidTargetPlatform
[2019.02.28-15.56.40:036][  0]LogTemp: Display: Loaded TP AndroidTargetPlatform
[2019.02.28-15.56.40:036][  0]LogTemp: Display: Loaded TP AndroidTargetPlatform
[2019.02.28-15.56.40:036][  0]LogTemp: Display: Loaded TP AndroidTargetPlatform
[2019.02.28-15.56.40:036][  0]LogTemp: Display: Loaded TP AndroidTargetPlatform
[2019.02.28-15.56.40:036][  0]LogTemp: Display: Loaded TP AndroidTargetPlatform
[2019.02.28-15.56.40:036][  0]LogTemp: Display: Loaded TP AndroidTargetPlatform
[2019.02.28-15.56.40:036][  0]LogTemp: Display: Loaded TP AndroidTargetPlatform
[2019.02.28-15.56.40:036][  0]LogTemp: Display: Loaded TP AndroidTargetPlatform
[2019.02.28-15.56.40:036][  0]LogTemp: Display: Loaded TP AndroidTargetPlatform
[2019.02.28-15.56.40:036][  0]LogTemp: Display: Loaded TP AndroidTargetPlatform
[2019.02.28-15.56.40:036][  0]LogTemp: Display: Loaded TP AndroidTargetPlatform
[2019.02.28-15.56.40:057][  0]LogTemp: Display: Loaded TP HTML5TargetPlatform
[2019.02.28-15.56.40:180][  0]LogTemp: Display: Loaded TP IOSTargetPlatform
[2019.02.28-15.56.40:180][  0]LogTemp: Display: Loaded TP IOSTargetPlatform
[2019.02.28-15.56.40:229][  0]LogTemp: Display: Loaded TP TVOSTargetPlatform
[2019.02.28-15.56.40:229][  0]LogTemp: Display: Loaded TP TVOSTargetPlatform
[2019.02.28-15.56.40:265][  0]LogTemp: Display: Loaded TP LinuxClientTargetPlatform
[2019.02.28-15.56.40:306][  0]LogTemp: Display: Loaded TP LinuxNoEditorTargetPlatform
[2019.02.28-15.56.40:341][  0]LogTemp: Display: Loaded TP LinuxServerTargetPlatform
[2019.02.28-15.56.40:376][  0]LogTemp: Display: Loaded TP LinuxTargetPlatform
[2019.02.28-15.56.40:406][  0]LogTemp: Display: Loaded TP LuminTargetPlatform
[2019.02.28-15.56.40:406][  0]LogTargetPlatformManager: Display: Building Assets For Windows
[2019.02.28-15.56.41:006][  0]LogXGEController: Cannot use XGE Controller as Incredibuild is not installed on this machine.
[2019.02.28-15.56.41:006][  0]LogShaderCompilers: Cannot use XGE Shader Compiler as Incredibuild is not installed on this machine.
[2019.02.28-15.56.41:006][  0]LogShaderCompilers: Display: Using Local Shader Compiler.
[2019.02.28-15.56.42:017][  0]LogDerivedDataCache: Display: Max Cache Size: 512 MB
[2019.02.28-15.56.42:106][  0]LogDerivedDataCache: Loaded boot cache 0.09s 89MB C:/Users/sufus/AppData/Local/UnrealEngine/4.20/DerivedDataCache/Boot.ddc.
[2019.02.28-15.56.42:106][  0]LogDerivedDataCache: Display: Loaded Boot cache: C:/Users/sufus/AppData/Local/UnrealEngine/4.20/DerivedDataCache/Boot.ddc
[2019.02.28-15.56.42:107][  0]LogDerivedDataCache: FDerivedDataBackendGraph:  Pak pak cache file D:/Humber/Semester 4/Game 260_Game Production/RacingGame/Game260Development/Resources/VehicleMovement/DerivedDataCache/DDC.ddp not found, will not use a pak cache.
[2019.02.28-15.56.42:107][  0]LogDerivedDataCache: Unable to find inner node Pak for hierarchical cache Hierarchy.
[2019.02.28-15.56.42:107][  0]LogDerivedDataCache: FDerivedDataBackendGraph:  CompressedPak pak cache file D:/Humber/Semester 4/Game 260_Game Production/RacingGame/Game260Development/Resources/VehicleMovement/DerivedDataCache/Compressed.ddp not found, will not use a pak cache.
[2019.02.28-15.56.42:107][  0]LogDerivedDataCache: Unable to find inner node CompressedPak for hierarchical cache Hierarchy.
[2019.02.28-15.56.42:121][  0]LogDerivedDataCache: Display: Pak cache opened for reading ../../../Engine/DerivedDataCache/Compressed.ddp.
[2019.02.28-15.56.42:136][  0]LogDerivedDataCache: Using Local data cache path C:/Users/sufus/AppData/Local/UnrealEngine/Common/DerivedDataCache: Writable
[2019.02.28-15.56.42:136][  0]LogDerivedDataCache: Shared data cache path not found in *engine.ini, will not use an Shared cache.
[2019.02.28-15.56.42:136][  0]LogDerivedDataCache: Unable to find inner node Shared for hierarchical cache Hierarchy.
[2019.02.28-15.56.42:158][  0]LogMaterial: Verifying Global Shaders for PCD3D_SM5
[2019.02.28-15.56.42:160][  0]LogSlate: Using FreeType 2.6.0
[2019.02.28-15.56.42:161][  0]LogSlate: SlateFontServices - WITH_FREETYPE: 1, WITH_HARFBUZZ: 1
[2019.02.28-15.56.42:260][  0]LogAssetRegistry: FAssetRegistry took 0.0283 seconds to start up
[2019.02.28-15.56.42:709][  0]LogInit: Selected Device Profile: [Windows]
[2019.02.28-15.56.43:139][  0]LogSimplygon: Simplygon DLL not present - disabling.
[2019.02.28-15.56.43:215][  0]LogMeshReduction: Using SimplygonSwarm for distributed automatic mesh merging
[2019.02.28-15.56.43:215][  0]LogMeshReduction: Using ProxyLODMeshReduction for automatic mesh merging
[2019.02.28-15.56.43:215][  0]LogMeshReduction: Using QuadricMeshReduction for automatic static mesh reduction
[2019.02.28-15.56.43:215][  0]LogMeshReduction: No automatic skeletal mesh reduction module available
[2019.02.28-15.56.43:238][  0]LogNetVersion: VehicleMovement 1.0.0, NetCL: 4212847, EngineNetVer: 5, GameNetVer: 0 (Checksum: 2966596176)
[2019.02.28-15.56.43:922][  0]LogPackageLocalizationCache: Processed 11 localized package path(s) for 2 prioritized culture(s) in 0.152018 seconds
[2019.02.28-15.56.43:928][  0]LogUObjectArray: 38425 objects as part of root set at end of initial load.
[2019.02.28-15.56.43:928][  0]LogUObjectAllocator: 6690864 out of 0 bytes used by permanent object pool.
[2019.02.28-15.56.43:928][  0]LogUObjectArray: CloseDisregardForGC: 0/0 objects in disregard for GC pool
[2019.02.28-15.56.46:108][  0]LogTcpMessaging: Initializing TcpMessaging bridge
[2019.02.28-15.56.46:145][  0]LogUdpMessaging: Initializing bridge on interface 0.0.0.0:0 to multicast group 230.0.0.1:6666.
[2019.02.28-15.56.46:818][  0]SourceControl: Source control is disabled
[2019.02.28-15.56.46:818][  0]SourceControl: Source control is disabled
[2019.02.28-15.56.46:864][  0]SourceControl: Source control is disabled
[2019.02.28-15.56.46:889][  0]SourceControl: Source control is disabled
[2019.02.28-15.56.47:996][  0]LogAndroidPermission: UAndroidPermissionCallbackProxy::GetInstance
[2019.02.28-15.56.48:262][  0]LogOcInput: OculusInput pre-init called
[2019.02.28-15.56.48:420][  0]LogEngine: Initializing Engine...
[2019.02.28-15.56.48:421][  0]LogHMD: Failed to initialize OpenVR with code 110
[2019.02.28-15.56.48:423][  0]LogStats: UGameplayTagsManager::ConstructGameplayTagTree: ImportINI prefixes -  0.000 s
[2019.02.28-15.56.48:423][  0]LogStats: UGameplayTagsManager::ConstructGameplayTagTree: Construct from data asset -  0.000 s
[2019.02.28-15.56.48:423][  0]LogStats: UGameplayTagsManager::ConstructGameplayTagTree: ImportINI -  0.000 s
[2019.02.28-15.56.48:423][  0]LogStats: UGameplayTagsManager::ConstructGameplayTagTree: GameplayTagTreeChangedEvent.Broadcast -  0.000 s
[2019.02.28-15.56.48:670][  0]LogInit: Initializing FReadOnlyCVARCache
[2019.02.28-15.56.48:724][  0]LogAIModule: Creating AISystem for world Untitled
[2019.02.28-15.56.48:769][  0]LogInit: XAudio2 using 'Speakers (Realtek High Definition Audio)' : 2 channels at 48 kHz using 32 bits per sample (channel mask 0x3)
[2019.02.28-15.56.48:913][  0]LogInit: FAudioDevice initialized.
[2019.02.28-15.56.48:913][  0]LogNetVersion: Set ProjectVersion to 1.0.0.0. Version Checksum will be recalculated on next use.
[2019.02.28-15.56.48:915][  0]LogDerivedDataCache: Error: Could not save memory cache C:/Users/sufus/AppData/Local/UnrealEngine/4.20/DerivedDataCache/Boot.ddc.
[2019.02.28-15.56.48:917][  0]LogInit: Texture streaming: Enabled
[2019.02.28-15.56.49:028][  0]LogEngineSessionManager: EngineSessionManager initialized
[2019.02.28-15.56.49:064][  0]LogInit: Transaction tracking system initialized
[2019.02.28-15.56.49:217][  0]BlueprintLog: New page: Editor Load
[2019.02.28-15.56.49:906][  0]LocalizationService: Localization service is disabled
[2019.02.28-15.56.50:632][  0]LogCook: Display: Max memory allowance for cook 16384mb min free memory 0mb
[2019.02.28-15.56.50:632][  0]LogCook: Display: Mobile HDR setting 1
[2019.02.28-15.56.50:632][  0]LogGameplayTags: Display: UGameplayTagsManager::DoneAddingNativeTags. DelegateIsBound: 0
[2019.02.28-15.56.50:632][  0]LogStats: UGameplayTagsManager::ConstructGameplayTagTree: ImportINI prefixes -  0.000 s
[2019.02.28-15.56.50:632][  0]LogStats: UGameplayTagsManager::ConstructGameplayTagTree: Construct from data asset -  0.000 s
[2019.02.28-15.56.50:632][  0]LogStats: UGameplayTagsManager::ConstructGameplayTagTree: ImportINI -  0.000 s
[2019.02.28-15.56.50:632][  0]LogStats: UGameplayTagsManager::ConstructGameplayTagTree: GameplayTagTreeChangedEvent.Broadcast -  0.000 s
[2019.02.28-15.56.51:896][  0]LogFileCache: Scanning file cache for directory 'D:/Humber/Semester 4/Game 260_Game Production/RacingGame/Game260Development/Resources/VehicleMovement/Content/' took 0.02s
[2019.02.28-15.56.51:976][  0]SourceControl: Source control is disabled
[2019.02.28-15.56.51:977][  0]LightingResults: New page: Lighting Build
[2019.02.28-15.56.51:985][  0]MapCheck: New page: Map Check
[2019.02.28-15.56.51:985][  0]LightingResults: New page: Lighting Build
[2019.02.28-15.56.52:259][  0]LogLinker: Warning: CreateExport: Failed to load Parent for BlueprintGeneratedClass /Game/BluePrint/Items/Powerup/SamplePowerup_BP.SamplePowerup_BP_C
[2019.02.28-15.56.52:259][  0]LogLinker: Warning: CreateExport: Failed to load Parent for BlueprintGeneratedClass /Game/BluePrint/Items/Powerup/SamplePowerup_BP.SamplePowerup_BP_C
[2019.02.28-15.56.52:259][  0]LogLinker: Warning: Unable to load Default__SamplePowerup_BP_C with outer Package /Game/BluePrint/Items/Powerup/SamplePowerup_BP because its class does not exist
[2019.02.28-15.56.52:260][  0]LogLinker: Warning: CreateExport: Failed to load Parent for BlueprintGeneratedClass /Game/BluePrint/Items/Powerup/SamplePowerup_BP.SamplePowerup_BP_C
[2019.02.28-15.56.52:260][  0]LogLinker: Warning: CreateExport: Failed to load Parent for BlueprintGeneratedClass /Game/BluePrint/Items/Powerup/SamplePowerup_BP.SamplePowerup_BP_C
[2019.02.28-15.56.52:337][  0]LogLinker: Warning: CreateExport: Failed to load Parent for BlueprintGeneratedClass /Game/BluePrint/Items/Powerup/SamplePowerup_BP.SamplePowerup_BP_C
[2019.02.28-15.56.52:348][  0]LogLinker: Warning: CreateExport: Failed to load Parent for BlueprintGeneratedClass /Game/BluePrint/Items/Powerup/SamplePowerup_BP.SamplePowerup_BP_C
[2019.02.28-15.56.52:377][  0]LogLinker: Warning: CreateExport: Failed to load Parent for BlueprintGeneratedClass /Game/BluePrint/Items/Powerup/SamplePowerup_BP.SamplePowerup_BP_C
[2019.02.28-15.56.52:377][  0]LogLinker: Warning: CreateExport: Failed to load Parent for BlueprintGeneratedClass /Game/BluePrint/Items/Powerup/SamplePowerup_BP.SamplePowerup_BP_C
[2019.02.28-15.56.52:689][  0]LogAIModule: Creating AISystem for world VehicleExampleMap
[2019.02.28-15.56.52:710][  0]LogEditorServer: Finished looking for orphan Actors (0.000 secs)
[2019.02.28-15.56.52:769][  0]Cmd: MAP CHECKDEP NOCLEARLOG
[2019.02.28-15.56.52:942][  0]MapCheck: Map check complete: 0 Error(s), 0 Warning(s), took 174.042ms to complete.
[2019.02.28-15.56.52:943][  0]LogFileHelpers: Loading map 'VehicleExampleMap' took 0.967
[2019.02.28-15.56.53:162][  0]LogSlate: Updating window title bar state: overlay mode, drag disabled, window buttons hidden, title bar hidden
[2019.02.28-15.56.53:175][  0]LogSlate: Updating window title bar state: overlay mode, drag disabled, window buttons hidden, title bar hidden
[2019.02.28-15.56.53:189][  0]LogSlate: Updating window title bar state: overlay mode, drag disabled, window buttons hidden, title bar hidden
[2019.02.28-15.56.53:205][  0]LogSlate: Updating window title bar state: overlay mode, drag disabled, window buttons hidden, title bar hidden
[2019.02.28-15.56.53:283][  0]LogCollectionManager: Loaded 0 collections in 0.013510 seconds
[2019.02.28-15.56.53:314][  0]LogCollectionManager: Rebuilt the GUID cache for 0 collections in 0.000001 seconds
[2019.02.28-15.56.53:336][  0]LogFileCache: Scanning file cache for directory 'D:/Humber/Semester 4/Game 260_Game Production/RacingGame/Game260Development/Resources/VehicleMovement/Saved/Collections/' took 0.03s
[2019.02.28-15.56.53:336][  0]LogFileCache: Scanning file cache for directory 'D:/Humber/Semester 4/Game 260_Game Production/RacingGame/Game260Development/Resources/VehicleMovement/Content/Developers/sufus/Collections/' took 0.02s
[2019.02.28-15.56.53:336][  0]LogFileCache: Scanning file cache for directory 'D:/Humber/Semester 4/Game 260_Game Production/RacingGame/Game260Development/Resources/VehicleMovement/Content/Collections/' took 0.02s
[2019.02.28-15.56.53:336][  0]LogContentBrowser: Native class hierarchy populated in 0.0218 seconds. Added 2585 classes and 608 folders.
[2019.02.28-15.56.53:354][  0]LogContentBrowser: Native class hierarchy updated for 'WidgetCarousel' in 0.0013 seconds. Added 0 classes and 0 folders.
[2019.02.28-15.56.54:325][  0]LogContentBrowser: Native class hierarchy updated for 'AddContentDialog' in 0.0013 seconds. Added 0 classes and 0 folders.
[2019.02.28-15.56.54:381][  0]LogContentBrowser: Native class hierarchy updated for 'SceneOutliner' in 0.0010 seconds. Added 1 classes and 2 folders.
[2019.02.28-15.56.54:453][  0]LogSlate: Took 0.000487 seconds to synchronously load lazily loaded font '../../../Engine/Content/Slate/Fonts/Roboto-Regular.ttf' (155K)
[2019.02.28-15.56.54:458][  0]LogSlate: Took 0.000537 seconds to synchronously load lazily loaded font '../../../Engine/Content/Slate/Fonts/Roboto-Bold.ttf' (160K)
[2019.02.28-15.56.54:481][  0]LogSlate: Took 0.011061 seconds to synchronously load lazily loaded font '../../../Engine/Content/Editor/Slate/Fonts/FontAwesome.ttf' (139K)
[2019.02.28-15.56.54:754][  0]LogRenderer: Reallocating scene render targets to support 1032x556 Format 10 NumSamples 1 (Frame:1).
[2019.02.28-15.56.54:969][  0]LogSlate: FSceneViewport::OnFocusLost() reason 2
[2019.02.28-15.56.55:008][  0]LogSlate: Window 'Tutorials' being destroyed
[2019.02.28-15.56.55:074][  0]LogContentBrowser: Native class hierarchy updated for 'HierarchicalLODOutliner' in 0.0009 seconds. Added 0 classes and 0 folders.
[2019.02.28-15.56.55:074][  0]LogLoad: (Engine Initialization) Total time: 23.15 seconds
[2019.02.28-15.56.55:074][  0]LogLoad: (Engine Initialization) Total Blueprint compile time: 0.00 seconds
[2019.02.28-15.56.55:092][  0]LogRawInputWindows: Warning: Found device 0 devices
[2019.02.28-15.56.55:092][  0]LogRawInputWindows: Warning: Found device 0 devices
[2019.02.28-15.56.55:092][  0]LogRawInputWindows: Warning: Device was registered succesfully but not connected (Usage:4 UsagePage:1)
[2019.02.28-15.56.55:092][  0]LogRawInputWindows: Warning: Found device 1 devices
[2019.02.28-15.56.55:092][  0]LogRawInputWindows: Warning: Device was registered succesfully but not connected (Usage:5 UsagePage:1)
[2019.02.28-15.56.55:093][  0]LoadErrors: Warning: CreateExport: Failed to load Outer for resource 'DefaultSceneRoot_GEN_VARIABLE': BlueprintGeneratedClass /Game/BluePrint/Items/Powerup/SamplePowerup_BP.SamplePowerup_BP_C
[2019.02.28-15.56.55:093][  0]LoadErrors: Warning: CreateExport: Failed to load Outer for resource 'SimpleConstructionScript_0': BlueprintGeneratedClass /Game/BluePrint/Items/Powerup/SamplePowerup_BP.SamplePowerup_BP_C
[2019.02.28-15.56.55:093][  0]LoadErrors: Warning: CreateExport: Failed to load Outer for resource 'SCS_Node_0': SimpleConstructionScript /Game/BluePrint/Items/Powerup/SamplePowerup_BP.SamplePowerup_BP_C:SimpleConstructionScript_0
[2019.02.28-15.56.55:093][  0]LoadErrors: Warning: CreateExport: Failed to load Outer for resource 'SpeedCapMod_0': SamplePowerup_BP_C /Game/BluePrint/Items/Powerup/SamplePowerup_BP.Default__SamplePowerup_BP_C
[2019.02.28-15.56.55:093][  0]LoadErrors: Warning: CreateExport: Failed to load Outer for resource 'Trigger Component': SamplePowerup_BP_C /Game/BluePrint/Items/Powerup/SamplePowerup_BP.Default__SamplePowerup_BP_C
[2019.02.28-15.56.55:093][  0]LoadErrors: Warning: CreateExport: Failed to load Outer for resource 'Mesh Component': SamplePowerup_BP_C /Game/BluePrint/Items/Powerup/SamplePowerup_BP.Default__SamplePowerup_BP_C
[2019.02.28-15.56.55:093][  0]LoadErrors: Warning: CreateExport: Failed to load Outer for resource 'SpeedCapMod_0': SamplePowerup_BP_C /Game/VehicleCPP/Maps/VehicleExampleMap.VehicleExampleMap:PersistentLevel.SamplePowerup_BP_2
[2019.02.28-15.56.55:093][  0]LoadErrors: Warning: CreateExport: Failed to load Outer for resource 'Trigger Component': SamplePowerup_BP_C /Game/VehicleCPP/Maps/VehicleExampleMap.VehicleExampleMap:PersistentLevel.SamplePowerup_BP_2
[2019.02.28-15.56.55:093][  0]LoadErrors: Warning: CreateExport: Failed to load Outer for resource 'Mesh Component': SamplePowerup_BP_C /Game/VehicleCPP/Maps/VehicleExampleMap.VehicleExampleMap:PersistentLevel.SamplePowerup_BP_2
[2019.02.28-15.56.55:117][  0]LogContentStreaming: Texture pool size now 1000 MB
[2019.02.28-15.56.55:121][  0]LogSlate: FSceneViewport::OnFocusLost() reason 2
[2019.02.28-15.56.55:192][  0]LogSlate: Took 0.007616 seconds to synchronously load lazily loaded font '../../../Engine/Content/Slate/Fonts/Roboto-Light.ttf' (167K)
[2019.02.28-15.56.55:338][  2]LogAssetRegistry: Asset discovery search completed in 13.1009 seconds
[2019.02.28-15.56.55:345][  2]LogCollectionManager: Rebuilt the object cache for 0 collections in 0.000001 seconds (found 0 objects)
[2019.02.28-15.56.55:345][  2]LogCollectionManager: Fixed up redirectors for 0 collections in 0.000098 seconds (updated 0 objects)
[2019.02.28-15.57.15:083][208]LogSlate: Window 'Message Log' being destroyed
[2019.02.28-15.57.15:089][208]LogSlate: Window 'Message Log' being destroyed
[2019.02.28-15.57.16:056][311]LogSlate: Window 'VehicleMovement - Unreal Editor' being destroyed
[2019.02.28-15.57.16:057][311]LogWindowsTextInputMethodSystem: Display: IME system now deactivated.
[2019.02.28-15.57.16:246][312]Cmd: QUIT_EDITOR
[2019.02.28-15.57.16:283][312]LogExit: Preparing to exit.
[2019.02.28-15.57.17:224][312]LogExit: Editor shut down
[2019.02.28-15.57.17:224][312]LogExit: Transaction tracking system shut down
[2019.02.28-15.57.17:828][312]LogExit: Object subsystem successfully closed.
[2019.02.28-15.57.17:847][312]LogShaderCompilers: Display: Shaders left to compile 0
[2019.02.28-15.57.17:850][312]LogD3D11RHI: Shutdown
[2019.02.28-15.57.17:850][312]LogD3D11RHI: CleanupD3DDevice
[2019.02.28-15.57.17:852][312]LogD3D11RHI: ~FD3D11DynamicRHI
[2019.02.28-15.57.17:892][312]LogModuleManager: Shutting down and abandoning module HierarchicalLODOutliner (614)
[2019.02.28-15.57.17:892][312]LogModuleManager: Shutting down and abandoning module SceneOutliner (612)
[2019.02.28-15.57.17:892][312]LogModuleManager: Shutting down and abandoning module AddContentDialog (610)
[2019.02.28-15.57.17:893][312]LogModuleManager: Shutting down and abandoning module WidgetCarousel (609)
[2019.02.28-15.57.17:893][312]LogModuleManager: Shutting down and abandoning module EditorWidgets (606)
[2019.02.28-15.57.17:893][312]LogModuleManager: Shutting down and abandoning module CollectionManager (604)
[2019.02.28-15.57.17:893][312]LogModuleManager: Shutting down and abandoning module StatsViewer (602)
[2019.02.28-15.57.17:893][312]LogModuleManager: Shutting down and abandoning module FoliageEdit (600)
[2019.02.28-15.57.17:893][312]LogModuleManager: Shutting down and abandoning module LandscapeEditor (598)
[2019.02.28-15.57.17:893][312]LogModuleManager: Shutting down and abandoning module MeshPaintMode (596)
[2019.02.28-15.57.17:893][312]LogModuleManager: Shutting down and abandoning module SceneDepthPickerMode (594)
[2019.02.28-15.57.17:893][312]LogModuleManager: Shutting down and abandoning module ActorPickerMode (592)
[2019.02.28-15.57.17:893][312]LogModuleManager: Shutting down and abandoning module GeometryMode (590)
[2019.02.28-15.57.17:894][312]LogModuleManager: Shutting down and abandoning module TextureAlignMode (588)
[2019.02.28-15.57.17:894][312]LogModuleManager: Shutting down and abandoning module BspMode (586)
[2019.02.28-15.57.17:894][312]LogModuleManager: Shutting down and abandoning module PIEPreviewDeviceProfileSelector (584)
[2019.02.28-15.57.17:894][312]LogModuleManager: Shutting down and abandoning module SequenceRecorderSections (582)
[2019.02.28-15.57.17:894][312]LogModuleManager: Shutting down and abandoning module AutomationWorker (580)
[2019.02.28-15.57.17:894][312]LogModuleManager: Shutting down and abandoning module AudioCaptureEditor (578)
[2019.02.28-15.57.17:894][312]LogModuleManager: Shutting down and abandoning module SequenceRecorder (577)
[2019.02.28-15.57.17:894][312]LogModuleManager: Shutting down and abandoning module MatineeToLevelSequence (574)
[2019.02.28-15.57.17:894][312]LogModuleManager: Shutting down and abandoning module LevelSequenceEditor (572)
[2019.02.28-15.57.17:894][312]LogModuleManager: Shutting down and abandoning module PlacementMode (571)
[2019.02.28-15.57.17:894][312]LogModuleManager: Shutting down and abandoning module MaterialEditor (570)
[2019.02.28-15.57.17:894][312]LogModuleManager: Shutting down and abandoning module WmfMediaFactory (566)
[2019.02.28-15.57.17:894][312]LogModuleManager: Shutting down and abandoning module WmfMediaEditor (564)
[2019.02.28-15.57.17:894][312]LogModuleManager: Shutting down and abandoning module MediaPlayerEditor (562)
[2019.02.28-15.57.17:894][312]LogModuleManager: Shutting down and abandoning module OpenExrWrapper (560)
[2019.02.28-15.57.17:894][312]LogModuleManager: Shutting down and abandoning module ImgMediaFactory (558)
[2019.02.28-15.57.17:894][312]LogModuleManager: Shutting down and abandoning module ImgMediaEditor (556)
[2019.02.28-15.57.17:894][312]LogModuleManager: Shutting down and abandoning module AvfMediaFactory (554)
[2019.02.28-15.57.17:894][312]LogModuleManager: Shutting down and abandoning module AvfMediaEditor (552)
[2019.02.28-15.57.17:894][312]LogModuleManager: Shutting down and abandoning module AndroidMediaFactory (550)
[2019.02.28-15.57.17:894][312]LogModuleManager: Shutting down and abandoning module AndroidMediaEditor (548)
[2019.02.28-15.57.17:895][312]LogModuleManager: Shutting down and abandoning module MagicLeapCameraPreviewFactory (546)
[2019.02.28-15.57.17:895][312]LogModuleManager: Shutting down and abandoning module MagicLeapMediaFactory (544)
[2019.02.28-15.57.17:895][312]LogModuleManager: Shutting down and abandoning module MagicLeapMediaEditor (542)
[2019.02.28-15.57.17:895][312]LogModuleManager: Shutting down and abandoning module CharacterAI (540)
[2019.02.28-15.57.17:895][312]LogModuleManager: Shutting down and abandoning module SmartSnapping (538)
[2019.02.28-15.57.17:895][312]LogModuleManager: Shutting down and abandoning module SessionServices (536)
[2019.02.28-15.57.17:895][312]LogModuleManager: Shutting down and abandoning module ViewportSnapping (534)
[2019.02.28-15.57.17:895][312]LogModuleManager: Shutting down and abandoning module ViewportInteraction (532)
[2019.02.28-15.57.17:895][312]LogModuleManager: Shutting down and abandoning module ClothPainter (530)
[2019.02.28-15.57.17:895][312]LogModuleManager: Shutting down and abandoning module SkeletalMeshEditor (529)
[2019.02.28-15.57.17:895][312]LogModuleManager: Shutting down and abandoning module LogVisualizer (526)
[2019.02.28-15.57.17:895][312]LogModuleManager: Shutting down and abandoning module IntroTutorials (524)
[2019.02.28-15.57.17:895][312]LogModuleManager: Shutting down and abandoning module GameProjectGeneration (523)
[2019.02.28-15.57.17:895][312]LogModuleManager: Shutting down and abandoning module LuminPlatformEditor (520)
[2019.02.28-15.57.17:895][312]LogModuleManager: Shutting down and abandoning module IOSPlatformEditor (518)
[2019.02.28-15.57.17:895][312]LogModuleManager: Shutting down and abandoning module HTML5PlatformEditor (516)
[2019.02.28-15.57.17:895][312]LogModuleManager: Shutting down and abandoning module AndroidPlatformEditor (514)
[2019.02.28-15.57.17:895][312]LogModuleManager: Shutting down and abandoning module AndroidDeviceDetection (513)
[2019.02.28-15.57.18:232][312]LogModuleManager: Shutting down and abandoning module WindowsPlatformEditor (510)
[2019.02.28-15.57.18:232][312]LogModuleManager: Shutting down and abandoning module LuminRuntimeSettings (508)
[2019.02.28-15.57.18:232][312]LogModuleManager: Shutting down and abandoning module IOSRuntimeSettings (506)
[2019.02.28-15.57.18:232][312]LogModuleManager: Shutting down and abandoning module AndroidRuntimeSettings (504)
[2019.02.28-15.57.18:232][312]LogModuleManager: Shutting down and abandoning module InputBindingEditor (502)
[2019.02.28-15.57.18:232][312]LogModuleManager: Shutting down and abandoning module MergeActors (500)
[2019.02.28-15.57.18:232][312]LogModuleManager: Shutting down and abandoning module LocalizationDashboard (498)
[2019.02.28-15.57.18:233][312]LogModuleManager: Shutting down and abandoning module LocalizationService (497)
[2019.02.28-15.57.18:233][312]LogModuleManager: Shutting down and abandoning module HardwareTargeting (494)
[2019.02.28-15.57.18:233][312]LogModuleManager: Shutting down and abandoning module DeviceProfileEditor (492)
[2019.02.28-15.57.18:233][312]LogModuleManager: Shutting down and abandoning module UndoHistory (490)
[2019.02.28-15.57.18:233][312]LogModuleManager: Shutting down and abandoning module XmlParser (488)
[2019.02.28-15.57.18:233][312]LogModuleManager: Shutting down and abandoning module Blutility (486)
[2019.02.28-15.57.18:233][312]LogModuleManager: Shutting down and abandoning module ProjectSettingsViewer (484)
[2019.02.28-15.57.18:233][312]LogModuleManager: Shutting down and abandoning module ProjectTargetPlatformEditor (483)
[2019.02.28-15.57.18:233][312]LogModuleManager: Shutting down and abandoning module EditorSettingsViewer (480)
[2019.02.28-15.57.18:233][312]LogModuleManager: Shutting down and abandoning module SettingsEditor (478)
[2019.02.28-15.57.18:233][312]LogModuleManager: Shutting down and abandoning module ProjectLauncher (476)
[2019.02.28-15.57.18:233][312]LogModuleManager: Shutting down and abandoning module SessionFrontend (474)
[2019.02.28-15.57.18:233][312]LogModuleManager: Shutting down and abandoning module ProfilerClient (472)
[2019.02.28-15.57.18:233][312]LogModuleManager: Shutting down and abandoning module DeviceManager (470)
[2019.02.28-15.57.18:233][312]LogModuleManager: Shutting down and abandoning module TargetDeviceServices (469)
[2019.02.28-15.57.18:288][312]LogModuleManager: Shutting down and abandoning module AutomationController (466)
[2019.02.28-15.57.18:288][312]LogModuleManager: Shutting down and abandoning module AutomationWindow (464)
[2019.02.28-15.57.18:288][312]LogModuleManager: Shutting down and abandoning module Layers (462)
[2019.02.28-15.57.18:288][312]LogModuleManager: Shutting down and abandoning module ComponentVisualizers (460)
[2019.02.28-15.57.18:288][312]LogModuleManager: Shutting down and abandoning module DetailCustomizations (458)
[2019.02.28-15.57.18:288][312]LogModuleManager: Shutting down and abandoning module PackagesDialog (456)
[2019.02.28-15.57.18:288][312]LogModuleManager: Shutting down and abandoning module Persona (454)
[2019.02.28-15.57.18:288][312]LogModuleManager: Shutting down and abandoning module AdvancedPreviewScene (453)
[2019.02.28-15.57.18:288][312]LogModuleManager: Shutting down and abandoning module AnimGraph (451)
[2019.02.28-15.57.18:288][312]LogModuleManager: Shutting down and abandoning module Kismet (448)
[2019.02.28-15.57.18:288][312]LogModuleManager: Shutting down and abandoning module GraphEditor (446)
[2019.02.28-15.57.18:288][312]LogModuleManager: Shutting down and abandoning module ClassViewer (444)
[2019.02.28-15.57.18:288][312]LogModuleManager: Shutting down and abandoning module Toolbox (442)
[2019.02.28-15.57.18:288][312]LogModuleManager: Shutting down and abandoning module DesktopPlatform (441)
[2019.02.28-15.57.18:288][312]LogModuleManager: Shutting down and abandoning module ModuleUI (438)
[2019.02.28-15.57.18:288][312]LogModuleManager: Shutting down and abandoning module MovieSceneTools (436)
[2019.02.28-15.57.18:288][312]LogModuleManager: Shutting down and abandoning module OutputLog (434)
[2019.02.28-15.57.18:288][312]LogModuleManager: Shutting down and abandoning module GammaUI (432)
[2019.02.28-15.57.18:288][312]LogModuleManager: Shutting down and abandoning module Documentation (430)
[2019.02.28-15.57.18:288][312]LogModuleManager: Shutting down and abandoning module MovieSceneTracks (428)
[2019.02.28-15.57.18:288][312]LogModuleManager: Shutting down and abandoning module MovieScene (426)
[2019.02.28-15.57.18:288][312]LogModuleManager: Shutting down and abandoning module StreamingPauseRendering (424)
[2019.02.28-15.57.18:288][312]LogModuleManager: Shutting down and abandoning module LauncherPlatform (422)
[2019.02.28-15.57.18:288][312]LogModuleManager: Shutting down and abandoning module AnalyticsET (420)
[2019.02.28-15.57.18:288][312]LogModuleManager: Shutting down and abandoning module PortalServices (418)
[2019.02.28-15.57.18:289][312]LogModuleManager: Shutting down and abandoning module PortalRpc (416)
[2019.02.28-15.57.18:289][312]LogModuleManager: Shutting down and abandoning module MessagingRpc (414)
[2019.02.28-15.57.18:289][312]LogModuleManager: Shutting down and abandoning module AIModule (412)
[2019.02.28-15.57.18:289][312]LogModuleManager: Shutting down and abandoning module GameplayDebugger (411)
[2019.02.28-15.57.18:289][312]LogModuleManager: Shutting down and abandoning module AITestSuite (409)
[2019.02.28-15.57.18:289][312]LogModuleManager: Shutting down and abandoning module NavigationSystem (407)
[2019.02.28-15.57.18:289][312]LogModuleManager: Shutting down and abandoning module ProfilerService (404)
[2019.02.28-15.57.18:460][312]LogModuleManager: Shutting down and abandoning module TaskGraph (402)
[2019.02.28-15.57.18:460][312]LogModuleManager: Shutting down and abandoning module SteamVRController (400)
[2019.02.28-15.57.18:460][312]LogModuleManager: Shutting down and abandoning module ProceduralMeshComponentEditor (398)
[2019.02.28-15.57.18:460][312]LogModuleManager: Shutting down and abandoning module ProceduralMeshComponent (396)
[2019.02.28-15.57.18:460][312]LogModuleManager: Shutting down and abandoning module OculusInput (394)
[2019.02.28-15.57.18:460][312]LogModuleManager: Shutting down and abandoning module MobilePatchingUtils (392)
[2019.02.28-15.57.18:460][312]LogModuleManager: Shutting down and abandoning module EditableMesh (390)
[2019.02.28-15.57.18:460][312]LogModuleManager: Shutting down and abandoning module CustomMeshComponent (388)
[2019.02.28-15.57.18:460][312]LogModuleManager: Shutting down and abandoning module CableComponent (386)
[2019.02.28-15.57.18:460][312]LogModuleManager: Shutting down and abandoning module AudioCapture (384)
[2019.02.28-15.57.18:460][312]LogModuleManager: Shutting down and abandoning module ArchVisCharacter (382)
[2019.02.28-15.57.18:460][312]LogModuleManager: Shutting down and abandoning module AndroidPermission (380)
[2019.02.28-15.57.18:460][312]LogModuleManager: Shutting down and abandoning module NUTUnrealEngine4 (378)
[2019.02.28-15.57.18:460][312]LogModuleManager: Shutting down and abandoning module NetcodeUnitTest (376)
[2019.02.28-15.57.18:460][312]LogModuleManager: Shutting down and abandoning module MediaCompositingEditor (374)
[2019.02.28-15.57.18:460][312]LogModuleManager: Shutting down and abandoning module MediaCompositing (372)
[2019.02.28-15.57.18:460][312]LogModuleManager: Shutting down and abandoning module LinearTimecode (370)
[2019.02.28-15.57.18:460][312]LogModuleManager: Shutting down and abandoning module ImgMedia (368)
[2019.02.28-15.57.18:463][312]LogModuleManager: Shutting down and abandoning module RawInput (366)
[2019.02.28-15.57.18:463][312]LogModuleManager: Shutting down and abandoning module HTML5Networking (364)
[2019.02.28-15.57.18:463][312]LogModuleManager: Shutting down and abandoning module GeometryCacheTracks (362)
[2019.02.28-15.57.18:463][312]LogModuleManager: Shutting down and abandoning module GeometryCacheSequencer (360)
[2019.02.28-15.57.18:463][312]LogModuleManager: Shutting down and abandoning module BackChannel (358)
[2019.02.28-15.57.18:463][312]LogModuleManager: Shutting down and abandoning module AppleVision (356)
[2019.02.28-15.57.18:463][312]LogModuleManager: Shutting down and abandoning module AppleImageUtils (354)
[2019.02.28-15.57.18:463][312]LogModuleManager: Shutting down and abandoning module AlembicImporter (352)
[2019.02.28-15.57.18:463][312]LogModuleManager: Shutting down and abandoning module AlembicLibrary (351)
[2019.02.28-15.57.18:463][312]LogModuleManager: Shutting down and abandoning module GeometryCache (350)
[2019.02.28-15.57.18:463][312]LogModuleManager: Shutting down and abandoning module GeometryCacheEd (349)
[2019.02.28-15.57.18:463][312]LogModuleManager: Shutting down and abandoning module DatasmithContentEditor (344)
[2019.02.28-15.57.18:463][312]LogModuleManager: Shutting down and abandoning module DatasmithContent (342)
[2019.02.28-15.57.18:464][312]LogModuleManager: Shutting down and abandoning module SpeedTreeImporter (340)
[2019.02.28-15.57.18:464][312]LogModuleManager: Shutting down and abandoning module PluginBrowser (338)
[2019.02.28-15.57.18:464][312]LogModuleManager: Shutting down and abandoning module MobileLauncherProfileWizard (336)
[2019.02.28-15.57.18:464][312]LogModuleManager: Shutting down and abandoning module PolygonModeling (334)
[2019.02.28-15.57.18:464][312]LogModuleManager: Shutting down and abandoning module MeshEditor (332)
[2019.02.28-15.57.18:464][312]LogModuleManager: Shutting down and abandoning module CryptoKeysOpenSSL (330)
[2019.02.28-15.57.18:464][312]LogModuleManager: Shutting down and abandoning module CryptoKeys (328)
[2019.02.28-15.57.18:464][312]LogModuleManager: Shutting down and abandoning module VisualStudioSourceCodeAccess (326)
[2019.02.28-15.57.18:465][312]LogModuleManager: Shutting down and abandoning module VisualStudioCodeSourceCodeAccess (324)
[2019.02.28-15.57.18:465][312]LogModuleManager: Shutting down and abandoning module UObjectPlugin (322)
[2019.02.28-15.57.18:465][312]LogModuleManager: Shutting down and abandoning module SubversionSourceControl (320)
[2019.02.28-15.57.18:465][312]LogModuleManager: Shutting down and abandoning module PerforceSourceControl (318)
[2019.02.28-15.57.18:465][312]LogModuleManager: Shutting down and abandoning module GitSourceControl (316)
[2019.02.28-15.57.18:465][312]LogModuleManager: Shutting down and abandoning module SourceControl (315)
[2019.02.28-15.57.18:465][312]LogModuleManager: Shutting down and abandoning module CLionSourceCodeAccess (312)
[2019.02.28-15.57.18:465][312]LogModuleManager: Shutting down and abandoning module LightPropagationVolumeEditor (310)
[2019.02.28-15.57.18:465][312]LogModuleManager: Shutting down and abandoning module PaperTiledImporter (308)
[2019.02.28-15.57.18:465][312]LogModuleManager: Shutting down and abandoning module PaperSpriteSheetImporter (306)
[2019.02.28-15.57.18:465][312]LogModuleManager: Shutting down and abandoning module Paper2DEditor (304)
[2019.02.28-15.57.18:465][312]LogModuleManager: Shutting down and abandoning module MeshPaint (303)
[2019.02.28-15.57.18:465][312]LogModuleManager: Shutting down and abandoning module VehicleMovement (300)
[2019.02.28-15.57.18:465][312]LogModuleManager: Shutting down and abandoning module RuntimePhysXCooking (298)
[2019.02.28-15.57.18:465][312]LogModuleManager: Shutting down and abandoning module PhysXVehiclesEditor (296)
[2019.02.28-15.57.18:465][312]LogModuleManager: Shutting down and abandoning module PhysXVehicles (294)
[2019.02.28-15.57.18:465][312]LogModuleManager: Shutting down and abandoning module OculusEditor (292)
[2019.02.28-15.57.18:465][312]LogModuleManager: Shutting down and abandoning module LocationServicesBPLibrary (290)
[2019.02.28-15.57.18:465][312]LogModuleManager: Shutting down and abandoning module ImmediatePhysicsEditor (288)
[2019.02.28-15.57.18:465][312]LogModuleManager: Shutting down and abandoning module ImmediatePhysics (286)
[2019.02.28-15.57.18:465][312]LogModuleManager: Shutting down and abandoning module ActorSequence (284)
[2019.02.28-15.57.18:465][312]LogModuleManager: Shutting down and abandoning module UdpMessaging (282)
[2019.02.28-15.57.18:566][312]LogModuleManager: Shutting down and abandoning module TcpMessaging (280)
[2019.02.28-15.57.18:667][312]LogModuleManager: Shutting down and abandoning module MagicLeapAudio (278)
[2019.02.28-15.57.18:667][312]LogModuleManager: Shutting down and abandoning module GameplayTagsEditor (276)
[2019.02.28-15.57.18:667][312]LogModuleManager: Shutting down and abandoning module FacialAnimationEditor (274)
[2019.02.28-15.57.18:667][312]LogModuleManager: Shutting down and abandoning module FacialAnimation (272)
[2019.02.28-15.57.18:667][312]LogModuleManager: Shutting down and abandoning module DataValidation (270)
[2019.02.28-15.57.18:667][312]LogModuleManager: Shutting down and abandoning module AssetManagerEditor (268)
[2019.02.28-15.57.18:667][312]LogModuleManager: Shutting down and abandoning module LevelEditor (267)
[2019.02.28-15.57.18:667][312]LogModuleManager: Shutting down and abandoning module PixelInspectorModule (266)
[2019.02.28-15.57.18:667][312]LogModuleManager: Shutting down and abandoning module CommonMenuExtensions (264)
[2019.02.28-15.57.18:668][312]LogModuleManager: Shutting down and abandoning module MainFrame (262)
[2019.02.28-15.57.18:668][312]LogModuleManager: Shutting down and abandoning module HotReload (261)
[2019.02.28-15.57.18:668][312]LogModuleManager: Shutting down and abandoning module ContentBrowser (257)
[2019.02.28-15.57.18:670][312]LogModuleManager: Shutting down and abandoning module TreeMap (255)
[2019.02.28-15.57.18:670][312]LogModuleManager: Shutting down and abandoning module LightPropagationVolumeRuntime (252)
[2019.02.28-15.57.18:670][312]LogModuleManager: Shutting down and abandoning module AISupportModule (250)
[2019.02.28-15.57.18:670][312]LogModuleManager: Shutting down and abandoning module Paper2D (248)
[2019.02.28-15.57.18:670][312]LogModuleManager: Shutting down and abandoning module WindowsMoviePlayer (246)
[2019.02.28-15.57.18:670][312]LogModuleManager: Shutting down and abandoning module WmfMedia (244)
[2019.02.28-15.57.18:671][312]LogModuleManager: Shutting down and abandoning module Media (243)
[2019.02.28-15.57.18:677][312]LogModuleManager: Shutting down and abandoning module PacketHandler (240)
[2019.02.28-15.57.18:677][312]LogModuleManager: Shutting down and abandoning module ClothingSystemEditor (238)
[2019.02.28-15.57.18:677][312]LogModuleManager: Shutting down and abandoning module ClothingSystemRuntime (236)
[2019.02.28-15.57.18:677][312]LogModuleManager: Shutting down and abandoning module MediaAssets (234)
[2019.02.28-15.57.18:677][312]LogModuleManager: Shutting down and abandoning module Overlay (232)
[2019.02.28-15.57.18:677][312]LogModuleManager: Shutting down and abandoning module OverlayEditor (231)
[2019.02.28-15.57.18:677][312]LogModuleManager: Shutting down and abandoning module VREditor (228)
[2019.02.28-15.57.18:677][312]LogModuleManager: Shutting down and abandoning module StringTableEditor (226)
[2019.02.28-15.57.18:677][312]LogModuleManager: Shutting down and abandoning module GameplayTasksEditor (224)
[2019.02.28-15.57.18:678][312]LogModuleManager: Shutting down and abandoning module BehaviorTreeEditor (222)
[2019.02.28-15.57.18:678][312]LogModuleManager: Shutting down and abandoning module FunctionalTesting (220)
[2019.02.28-15.57.18:678][312]LogModuleManager: Shutting down and abandoning module CollisionAnalyzer (218)
[2019.02.28-15.57.18:678][312]LogModuleManager: Shutting down and abandoning module WorkspaceMenuStructure (217)
[2019.02.28-15.57.18:678][312]LogModuleManager: Shutting down and abandoning module UMG (214)
[2019.02.28-15.57.18:678][312]LogModuleManager: Shutting down and abandoning module UMGEditor (213)
[2019.02.28-15.57.18:678][312]LogModuleManager: Shutting down and abandoning module Sequencer (212)
[2019.02.28-15.57.18:678][312]LogModuleManager: Shutting down and abandoning module MessageLog (209)
[2019.02.28-15.57.18:678][312]LogModuleManager: Shutting down and abandoning module SlateReflector (204)
[2019.02.28-15.57.18:678][312]LogModuleManager: Shutting down and abandoning module Slate (202)
[2019.02.28-15.57.18:678][312]LogModuleManager: Shutting down and abandoning module EditorStyle (200)
[2019.02.28-15.57.18:680][312]LogModuleManager: Shutting down and abandoning module MRMesh (198)
[2019.02.28-15.57.18:680][312]LogModuleManager: Shutting down and abandoning module SourceCodeAccess (196)
[2019.02.28-15.57.18:680][312]LogModuleManager: Shutting down and abandoning module HeadMountedDisplay (194)
[2019.02.28-15.57.18:680][312]LogModuleManager: Shutting down and abandoning module XAudio2 (192)
[2019.02.28-15.57.18:680][312]LogModuleManager: Shutting down and abandoning module Networking (190)
[2019.02.28-15.57.18:680][312]LogModuleManager: Shutting down and abandoning module Core (188)
[2019.02.28-15.57.18:680][312]LogModuleManager: Shutting down and abandoning module LevelSequence (186)
[2019.02.28-15.57.18:680][312]LogModuleManager: Shutting down and abandoning module KismetCompiler (184)
[2019.02.28-15.57.18:680][312]LogModuleManager: Shutting down and abandoning module MeshUtilities (182)
[2019.02.28-15.57.18:680][312]LogModuleManager: Shutting down and abandoning module MeshMergeUtilities (181)
[2019.02.28-15.57.18:680][312]LogModuleManager: Shutting down and abandoning module MeshReductionInterface (180)
[2019.02.28-15.57.18:680][312]LogModuleManager: Shutting down and abandoning module SimplygonSwarm (179)
[2019.02.28-15.57.18:680][312]LogModuleManager: Shutting down and abandoning module ProxyLODMeshReduction (177)
[2019.02.28-15.57.18:680][312]LogModuleManager: Shutting down and abandoning module SimplygonMeshReduction (175)
[2019.02.28-15.57.18:680][312]LogModuleManager: Shutting down and abandoning module QuadricMeshReduction (173)
[2019.02.28-15.57.18:680][312]LogModuleManager: Shutting down and abandoning module MaterialBaking (169)
[2019.02.28-15.57.18:680][312]LogModuleManager: Shutting down and abandoning module DirectoryWatcher (165)
[2019.02.28-15.57.18:680][312]LogModuleManager: Shutting down and abandoning module DerivedDataCache (162)
[2019.02.28-15.57.18:975][312]LogDerivedDataCache: Shutdown
[2019.02.28-15.57.18:975][312]LogModuleManager: Shutting down and abandoning module XGEController (160)
[2019.02.28-15.57.18:975][312]LogModuleManager: Shutting down and abandoning module TargetPlatform (158)
[2019.02.28-15.57.18:975][312]LogModuleManager: Shutting down and abandoning module VulkanShaderFormat (157)
[2019.02.28-15.57.18:975][312]LogModuleManager: Shutting down and abandoning module ShaderFormatVectorVM (155)
[2019.02.28-15.57.18:975][312]LogModuleManager: Shutting down and abandoning module ShaderFormatOpenGL (153)
[2019.02.28-15.57.18:975][312]LogModuleManager: Shutting down and abandoning module ShaderFormatD3D (151)
[2019.02.28-15.57.18:975][312]LogModuleManager: Shutting down and abandoning module MetalShaderFormat (149)
[2019.02.28-15.57.18:975][312]LogModuleManager: Shutting down and abandoning module TextureFormatUncompressed (147)
[2019.02.28-15.57.18:975][312]LogModuleManager: Shutting down and abandoning module TextureFormatPVR (145)
[2019.02.28-15.57.18:975][312]LogModuleManager: Shutting down and abandoning module TextureFormatDXT (143)
[2019.02.28-15.57.18:975][312]LogModuleManager: Shutting down and abandoning module TextureFormatIntelISPCTexComp (141)
[2019.02.28-15.57.18:975][312]LogModuleManager: Shutting down and abandoning module TextureFormatASTC (139)
[2019.02.28-15.57.18:976][312]LogModuleManager: Shutting down and abandoning module ImageWrapper (138)
[2019.02.28-15.57.18:976][312]LogModuleManager: Shutting down and abandoning module TextureFormatAndroid (135)
[2019.02.28-15.57.18:976][312]LogModuleManager: Shutting down and abandoning module AudioFormatOpus (133)
[2019.02.28-15.57.18:976][312]LogModuleManager: Shutting down and abandoning module AudioFormatOgg (131)
[2019.02.28-15.57.18:976][312]LogModuleManager: Shutting down and abandoning module AudioFormatADPCM (129)
[2019.02.28-15.57.18:976][312]LogModuleManager: Shutting down and abandoning module LuminTargetPlatform (127)
[2019.02.28-15.57.18:976][312]LogModuleManager: Shutting down and abandoning module LinuxTargetPlatform (125)
[2019.02.28-15.57.18:976][312]LogModuleManager: Shutting down and abandoning module LinuxServerTargetPlatform (123)
[2019.02.28-15.57.18:976][312]LogModuleManager: Shutting down and abandoning module LinuxNoEditorTargetPlatform (121)
[2019.02.28-15.57.18:976][312]LogModuleManager: Shutting down and abandoning module LinuxClientTargetPlatform (119)
[2019.02.28-15.57.18:976][312]LogModuleManager: Shutting down and abandoning module TVOSTargetPlatform (117)
[2019.02.28-15.57.18:977][312]LogModuleManager: Shutting down and abandoning module Messaging (115)
[2019.02.28-15.57.18:977][312]LogModuleManager: Shutting down and abandoning module IOSTargetPlatform (113)
[2019.02.28-15.57.18:978][312]LogModuleManager: Shutting down and abandoning module HTML5TargetPlatform (111)
[2019.02.28-15.57.18:978][312]LogModuleManager: Shutting down and abandoning module AndroidTargetPlatform (109)
[2019.02.28-15.57.18:986][312]LogModuleManager: Shutting down and abandoning module WindowsTargetPlatform (107)
[2019.02.28-15.57.18:987][312]LogModuleManager: Shutting down and abandoning module WindowsServerTargetPlatform (105)
[2019.02.28-15.57.18:987][312]LogModuleManager: Shutting down and abandoning module WindowsNoEditorTargetPlatform (103)
[2019.02.28-15.57.18:987][312]LogModuleManager: Shutting down and abandoning module WindowsClientTargetPlatform (101)
[2019.02.28-15.57.18:987][312]LogModuleManager: Shutting down and abandoning module MacTargetPlatform (99)
[2019.02.28-15.57.18:987][312]LogModuleManager: Shutting down and abandoning module MacServerTargetPlatform (97)
[2019.02.28-15.57.18:987][312]LogModuleManager: Shutting down and abandoning module MacNoEditorTargetPlatform (95)
[2019.02.28-15.57.18:987][312]LogModuleManager: Shutting down and abandoning module MacClientTargetPlatform (93)
[2019.02.28-15.57.18:987][312]LogModuleManager: Shutting down and abandoning module AllDesktopTargetPlatform (91)
[2019.02.28-15.57.18:987][312]LogModuleManager: Shutting down and abandoning module InputCore (88)
[2019.02.28-15.57.18:987][312]LogModuleManager: Shutting down and abandoning module Settings (86)
[2019.02.28-15.57.18:987][312]LogModuleManager: Shutting down and abandoning module PhysXCooking (84)
[2019.02.28-15.57.18:987][312]LogModuleManager: Shutting down and abandoning module SteamVR (82)
[2019.02.28-15.57.18:987][312]LogModuleManager: Shutting down and abandoning module OculusHMD (80)
[2019.02.28-15.57.18:987][312]LogModuleManager: Shutting down and abandoning module ExampleDeviceProfileSelector (78)
[2019.02.28-15.57.18:987][312]LogModuleManager: Shutting down and abandoning module LauncherChunkInstaller (76)
[2019.02.28-15.57.18:987][312]LogModuleManager: Shutting down and abandoning module OnlineBlueprintSupport (74)
[2019.02.28-15.57.18:987][312]LogModuleManager: Shutting down and abandoning module OnlineSubsystem (70)
[2019.02.28-15.57.18:988][312]LogModuleManager: Shutting down and abandoning module XMPP (65)
[2019.02.28-15.57.18:988][312]LogModuleManager: Shutting down and abandoning module WebSockets (64)
[2019.02.28-15.57.18:994][312]LogModuleManager: Shutting down and abandoning module HTTP (61)
[2019.02.28-15.57.18:994][312]LogHttp: Display: Http module shutting down, but needs to wait on 1 outstanding Http requests:
[2019.02.28-15.57.18:994][312]LogHttp: Display: 	verb=[POST] url=[https://datarouter.ol.epicgames.com/datarouter/api/v1/public/data?SessionID=%7BC3C9CA43-4DE6-80B6-FF10-BD9C5994C82A%7D&AppID=UEEditor.Rocket.Release&AppVersion=4.20.3-4369336%2B%2B%2BUE4%2BRelease-4.20&UserID=f28b38224048ae6d71b99d94a0b0c68e%7C8ae81fff8fc647328846e802f56b3813%7C69671319-ccc5-41ad-8e29-56f0e3d8c4e1&AppEnvironment=datacollector-binary&UploadType=eteventstream] status=Processing
[2019.02.28-15.57.19:001][312]LogModuleManager: Shutting down and abandoning module SSL (60)
[2019.02.28-15.57.19:002][312]LogModuleManager: Shutting down and abandoning module MagicLeapEmulator (56)
[2019.02.28-15.57.19:002][312]LogModuleManager: Shutting down and abandoning module MagicLeapPrivileges (54)
[2019.02.28-15.57.19:002][312]LogModuleManager: Shutting down and abandoning module MagicLeapIdentity (52)
[2019.02.28-15.57.19:002][312]LogModuleManager: Shutting down and abandoning module MagicLeapHelperVulkan (50)
[2019.02.28-15.57.19:002][312]LogModuleManager: Shutting down and abandoning module MagicLeapHelperOpenGL (48)
[2019.02.28-15.57.19:002][312]LogModuleManager: Shutting down and abandoning module MagicLeapSecureStorage (46)
[2019.02.28-15.57.19:002][312]LogModuleManager: Shutting down and abandoning module MagicLeapGestures (44)
[2019.02.28-15.57.19:002][312]LogModuleManager: Shutting down and abandoning module MagicLeapEyeTracker (42)
[2019.02.28-15.57.19:002][312]LogModuleManager: Shutting down and abandoning module MagicLeapController (40)
[2019.02.28-15.57.19:002][312]LogSlate: Slate User Destroyed.  User Index 0, Is Virtual User: 0
[2019.02.28-15.57.19:002][312]LogModuleManager: Shutting down and abandoning module MagicLeap (38)
[2019.02.28-15.57.19:002][312]LogModuleManager: Shutting down and abandoning module AnimationModifiers (36)
[2019.02.28-15.57.19:002][312]LogModuleManager: Shutting down and abandoning module PropertyEditor (35)
[2019.02.28-15.57.19:002][312]LogModuleManager: Shutting down and abandoning module AudioEditor (32)
[2019.02.28-15.57.19:002][312]LogModuleManager: Shutting down and abandoning module TextureCompressor (30)
[2019.02.28-15.57.19:003][312]LogModuleManager: Shutting down and abandoning module ShaderCore (28)
[2019.02.28-15.57.19:003][312]LogModuleManager: Shutting down and abandoning module Landscape (26)
[2019.02.28-15.57.19:003][312]LogModuleManager: Shutting down and abandoning module SlateRHIRenderer (24)
[2019.02.28-15.57.19:003][312]LogModuleManager: Shutting down and abandoning module OpenGLDrv (22)
[2019.02.28-15.57.19:003][312]LogModuleManager: Shutting down and abandoning module D3D11RHI (20)
[2019.02.28-15.57.19:003][312]LogModuleManager: Shutting down and abandoning module AnimGraphRuntime (18)
[2019.02.28-15.57.19:003][312]LogModuleManager: Shutting down and abandoning module Renderer (16)
[2019.02.28-15.57.19:003][312]LogModuleManager: Shutting down and abandoning module Engine (14)
[2019.02.28-15.57.19:003][312]LogModuleManager: Shutting down and abandoning module CoreUObject (12)
[2019.02.28-15.57.19:003][312]LogModuleManager: Shutting down and abandoning module NetworkFile (10)
[2019.02.28-15.57.19:003][312]LogModuleManager: Shutting down and abandoning module CookedIterativeFile (8)
[2019.02.28-15.57.19:003][312]LogModuleManager: Shutting down and abandoning module StreamingFile (6)
[2019.02.28-15.57.19:003][312]LogModuleManager: Shutting down and abandoning module SandboxFile (4)
[2019.02.28-15.57.19:003][312]LogModuleManager: Shutting down and abandoning module PakFile (2)
[2019.02.28-15.57.19:010][312]LogExit: Exiting.
[2019.02.28-15.57.19:032][312]Log file closed, 02/28/19 10:57:19
