Log file open, 02/18/19 12:43:35
LogWindows: Failed to load 'aqProf.dll' (GetLastError=126)
LogWindows: File 'aqProf.dll' does not exist
LogWindows: Failed to load 'VSPerf140.dll' (GetLastError=126)
LogWindows: File 'VSPerf140.dll' does not exist
LogWindows: Failed to load 'VtuneApi.dll' (GetLastError=126)
LogWindows: File 'VtuneApi.dll' does not exist
LogWindows: Failed to load 'VtuneApi32e.dll' (GetLastError=126)
LogWindows: File 'VtuneApi32e.dll' does not exist
LogInit: Display: Running engine for game: VehicleMovement
LogPlatformFile: Not using cached read wrapper
LogTaskGraph: Started task graph with 5 named threads and 14 total threads with 3 sets of task threads.
LogStats: Stats thread started at 0.624288
LogD3D11RHI: Loaded GFSDK_Aftermath_Lib.x64.dll
LogICUInternationalization: Display: ICU TimeZone Detection - Raw Offset: -5:00, Platform Override: ''
LogPluginManager: Mounting plugin Paper2D
LogPluginManager: Mounting plugin AISupport
LogPluginManager: Mounting plugin LightPropagationVolume
LogPluginManager: Mounting plugin CLionSourceCodeAccess
LogPluginManager: Mounting plugin CodeLiteSourceCodeAccess
LogPluginManager: Mounting plugin GitSourceControl
LogPluginManager: Mounting plugin KDevelopSourceCodeAccess
LogPluginManager: Mounting plugin NullSourceCodeAccess
LogPluginManager: Mounting plugin PerforceSourceControl
LogPluginManager: Mounting plugin SubversionSourceControl
LogPluginManager: Mounting plugin UObjectPlugin
LogPluginManager: Mounting plugin VisualStudioCodeSourceCodeAccess
LogPluginManager: Mounting plugin VisualStudioSourceCodeAccess
LogPluginManager: Mounting plugin XCodeSourceCodeAccess
LogPluginManager: Mounting plugin AssetManagerEditor
LogPluginManager: Mounting plugin CryptoKeys
LogPluginManager: Mounting plugin DataValidation
LogPluginManager: Mounting plugin FacialAnimation
LogPluginManager: Mounting plugin GameplayTagsEditor
LogPluginManager: Mounting plugin MacGraphicsSwitching
LogPluginManager: Mounting plugin MeshEditor
LogPluginManager: Mounting plugin MobileLauncherProfileWizard
LogPluginManager: Mounting plugin PluginBrowser
LogPluginManager: Mounting plugin SpeedTreeImporter
LogPluginManager: Mounting plugin DatasmithContent
LogPluginManager: Mounting plugin AlembicImporter
LogPluginManager: Mounting plugin AppleImageUtils
LogPluginManager: Mounting plugin AppleVision
LogPluginManager: Mounting plugin BackChannel
LogPluginManager: Mounting plugin CharacterAI
LogPluginManager: Mounting plugin GeometryCache
LogPluginManager: Mounting plugin HTML5Networking
LogPluginManager: Mounting plugin ProxyLODPlugin
LogPluginManager: Mounting plugin RawInput
LogPluginManager: Mounting plugin MagicLeap
LogPluginManager: Mounting plugin MagicLeapEmulator
LogPluginManager: Mounting plugin MagicLeapMedia
LogPluginManager: Mounting plugin AndroidMedia
LogPluginManager: Mounting plugin AvfMedia
LogPluginManager: Mounting plugin ImgMedia
LogPluginManager: Mounting plugin LinearTimecode
LogPluginManager: Mounting plugin MediaCompositing
LogPluginManager: Mounting plugin MediaPlayerEditor
LogPluginManager: Mounting plugin WmfMedia
LogPluginManager: Mounting plugin TcpMessaging
LogPluginManager: Mounting plugin UdpMessaging
LogPluginManager: Mounting plugin ActorSequence
LogPluginManager: Mounting plugin LevelSequenceEditor
LogPluginManager: Mounting plugin MatineeToLevelSequence
LogPluginManager: Mounting plugin NetcodeUnitTest
LogPluginManager: Mounting plugin NUTUnrealEngine4
LogPluginManager: Mounting plugin OnlineSubsystemGooglePlay
LogPluginManager: Mounting plugin OnlineSubsystemIOS
LogPluginManager: Mounting plugin OnlineSubsystem
LogPluginManager: Mounting plugin OnlineSubsystemNull
LogPluginManager: Mounting plugin OnlineSubsystemUtils
LogPluginManager: Mounting plugin LauncherChunkInstaller
LogPluginManager: Mounting plugin AndroidDeviceProfileSelector
LogPluginManager: Mounting plugin AndroidMoviePlayer
LogPluginManager: Mounting plugin AndroidPermission
LogPluginManager: Mounting plugin AppleMoviePlayer
LogPluginManager: Mounting plugin ArchVisCharacter
LogPluginManager: Mounting plugin AudioCapture
LogPluginManager: Mounting plugin CableComponent
LogPluginManager: Mounting plugin CustomMeshComponent
LogPluginManager: Mounting plugin EditableMesh
LogPluginManager: Mounting plugin ExampleDeviceProfileSelector
LogPluginManager: Mounting plugin GoogleCloudMessaging
LogPluginManager: Mounting plugin ImmediatePhysics
LogPluginManager: Mounting plugin IOSDeviceProfileSelector
LogPluginManager: Mounting plugin LinuxDeviceProfileSelector
LogPluginManager: Mounting plugin LocationServicesBPLibrary
LogPluginManager: Mounting plugin MobilePatchingUtils
LogPluginManager: Mounting plugin OculusVR
LogPluginManager: Plugin shader directory ../../../Engine/Plugins/Runtime/Oculus/OculusVR/Shaders found
LogPluginManager: Mapping shader source directory ../../../Engine/Plugins/Runtime/Oculus/OculusVR/Shaders to virtual directory /Plugin/OculusVR
LogPluginManager: Mounting plugin PhysXVehicles
LogPluginManager: Mounting plugin ProceduralMeshComponent
LogPluginManager: Mounting plugin RuntimePhysXCooking
LogPluginManager: Mounting plugin SteamVR
LogPluginManager: Mounting plugin WindowsMoviePlayer
LogStreaming: Display: Took  0.204s to configure plugins.
LogInit: Using libcurl 7.55.1-DEV
LogInit:  - built for x86_64-pc-win32
LogInit:  - supports SSL with OpenSSL/1.0.2h
LogInit:  - supports HTTP deflate (compression) using libz 1.2.8
LogInit:  - other features:
LogInit:      CURL_VERSION_SSL
LogInit:      CURL_VERSION_LIBZ
LogInit:      CURL_VERSION_IPV6
LogInit:      CURL_VERSION_ASYNCHDNS
LogInit:      CURL_VERSION_LARGEFILE
LogInit:      CURL_VERSION_IDN
LogInit:  CurlRequestOptions (configurable via config and command line):
LogInit:  - bVerifyPeer = false  - Libcurl will NOT verify peer certificate
LogInit:  - bUseHttpProxy = false  - Libcurl will NOT use HTTP proxy
LogInit:  - bDontReuseConnections = false  - Libcurl will reuse connections
LogInit:  - CertBundlePath = nullptr  - Libcurl will use whatever was configured at build time.
LogInit:  - MaxHostConnections = 16  - Libcurl will limit the number of connections to a host
LogInit:  - LocalHostAddr = Default
LogInit:  - BufferSize = 65536
LogInit: WinSock: version 1.1 (2.2), MaxSocks=32767, MaxUdp=65467
LogInit: Build: ++UE4+Release-4.20-CL-4369336
LogInit: Engine Version: 4.20.3-4369336+++UE4+Release-4.20
LogInit: Compatible Engine Version: 4.20.0-4212847+++UE4+Release-4.20
LogInit: Net CL: 4212847
LogInit: OS: Windows 10 (), CPU: Intel(R) Core(TM) i5-4460  CPU @ 3.20GHz, GPU: NVIDIA GeForce GTX 750 Ti
LogInit: Compiled (64-bit): Sep 17 2018 12:26:19
LogInit: Compiled with Visual C++: 19.13.26129.00
LogInit: Build Configuration: Development
LogInit: Branch Name: ++UE4+Release-4.20
LogInit: Command Line:  -skipcompile
LogInit: Base Directory: C:/Program Files/Epic Games/UE_4.20/Engine/Binaries/Win64/
LogInit: Installed Engine Build: 1
LogDevObjectVersion: Number of dev versions registered: 20
LogDevObjectVersion:   Dev-Blueprints (B0D832E4-1F89-4F0D-ACCF-7EB736FD4AA2): 10
LogDevObjectVersion:   Dev-Build (E1C64328-A22C-4D53-A36C-8E866417BD8C): 0
LogDevObjectVersion:   Dev-Core (375EC13C-06E4-48FB-B500-84F0262A717E): 2
LogDevObjectVersion:   Dev-Editor (E4B068ED-F494-42E9-A231-DA0B2E46BB41): 24
LogDevObjectVersion:   Dev-Framework (CFFC743F-43B0-4480-9391-14DF171D2073): 34
LogDevObjectVersion:   Dev-Mobile (B02B49B5-BB20-44E9-A304-32B752E40360): 2
LogDevObjectVersion:   Dev-Networking (A4E4105C-59A1-49B5-A7C5-40C4547EDFEE): 0
LogDevObjectVersion:   Dev-Online (39C831C9-5AE6-47DC-9A44-9C173E1C8E7C): 0
LogDevObjectVersion:   Dev-Physics (78F01B33-EBEA-4F98-B9B4-84EACCB95AA2): 0
LogDevObjectVersion:   Dev-Platform (6631380F-2D4D-43E0-8009-CF276956A95A): 0
LogDevObjectVersion:   Dev-Rendering (12F88B9F-8875-4AFC-A67C-D90C383ABD29): 26
LogDevObjectVersion:   Dev-Sequencer (7B5AE74C-D270-4C10-A958-57980B212A5A): 9
LogDevObjectVersion:   Dev-VR (D7296918-1DD6-4BDD-9DE2-64A83CC13884): 2
LogDevObjectVersion:   Dev-LoadTimes (C2A15278-BFE7-4AFE-6C17-90FF531DF755): 1
LogDevObjectVersion:   Private-Geometry (6EACA3D4-40EC-4CC1-B786-8BED09428FC5): 3
LogDevObjectVersion:   Dev-AnimPhys (29E575DD-E0A3-4627-9D10-D276232CDCEA): 17
LogDevObjectVersion:   Dev-ReflectionCapture (6B266CEC-1EC7-4B8F-A30B-E4D90942FC07): 1
LogDevObjectVersion:   Dev-Automation (0DF73D61-A23F-47EA-B727-89E90C41499A): 1
LogDevObjectVersion:   FortniteMain (601D1886-AC64-4F84-AA16-D3DE0DEAC7D6): 12
LogDevObjectVersion:   Dev-Enterprise (9DFFBCD6-494F-0158-E221-12823C92A888): 1
LogStreaming: Display: Took  0.003s to delete old logs.
LogInit: Presizing for max 8388607 objects, including 0 objects not considered by GC, pre-allocating 0 bytes for permanent pool.
LogInit: Object subsystem initialized
[2019.02.18-17.43.35:738][  0]LogInit: Selected Device Profile: [Windows]
[2019.02.18-17.43.35:738][  0]LogInit: Applying CVar settings loaded from the selected device profile: [Windows]
[2019.02.18-17.43.35:759][  0]LogHAL: Display: Platform has ~ 8 GB [8536301568 / 8589934592 / 8], which maps to Default [LargestMinGB=32, LargerMinGB=12, DefaultMinGB=8, SmallerMinGB=6, SmallestMinGB=0)
[2019.02.18-17.43.35:760][  0]LogInit: Setting Device Profile CVar: [[r.Vulkan.UseRealUBs:1]]
[2019.02.18-17.43.35:760][  0]LogInit: Going up to parent DeviceProfile []
[2019.02.18-17.43.35:762][  0]LogInit: Computer: DESKTOP-IAKBS29
[2019.02.18-17.43.35:762][  0]LogInit: User: Sarfaraz
[2019.02.18-17.43.35:762][  0]LogInit: CPU Page size=4096, Cores=4
[2019.02.18-17.43.35:762][  0]LogInit: High frequency timer resolution =10.000000 MHz
[2019.02.18-17.43.35:762][  0]LogMemory: Memory total: Physical=8.0GB (8GB approx)
[2019.02.18-17.43.35:762][  0]LogMemory: Platform Memory Stats for Windows
[2019.02.18-17.43.35:762][  0]LogMemory: Process Physical Memory: 101.22 MB used, 101.22 MB peak
[2019.02.18-17.43.35:763][  0]LogMemory: Process Virtual Memory: 84.13 MB used, 84.13 MB peak
[2019.02.18-17.43.35:763][  0]LogMemory: Physical Memory: 6710.14 MB used,  1430.71 MB free, 8140.85 MB total
[2019.02.18-17.43.35:763][  0]LogMemory: Virtual Memory: 4608.51 MB used,  1430.71 MB free, 134217728.00 MB total
[2019.02.18-17.43.35:977][  0]LogInit: Using OS detected language (en-US).
[2019.02.18-17.43.35:977][  0]LogInit: Using OS detected locale (en-CA).
[2019.02.18-17.43.35:980][  0]LogTextLocalizationManager: No specific localization for 'en-US' exists, so the 'en' localization will be used.
[2019.02.18-17.43.36:434][  0]LogStreaming: Display: Took  0.457s to InitEngineTextLocalization.
[2019.02.18-17.43.36:435][  0]LogInit: Setting process to per monitor DPI aware
[2019.02.18-17.43.36:532][  0]LogSlate: New Slate User Created.  User Index 0, Is Virtual User: 0
[2019.02.18-17.43.36:532][  0]LogSlate: Slate User Registered.  User Index 0, Is Virtual User: 0
[2019.02.18-17.43.37:026][  0]LogHMD: Failed to initialize OpenVR with code 110
[2019.02.18-17.43.37:026][  0]LogD3D11RHI: D3D11 adapters:
[2019.02.18-17.43.37:164][  0]LogD3D11RHI:    0. 'NVIDIA GeForce GTX 750 Ti' (Feature Level 11_0)
[2019.02.18-17.43.37:164][  0]LogD3D11RHI:       2007/0/4070 MB DedicatedVideo/DedicatedSystem/SharedSystem, Outputs:2, VendorId:0x10de
[2019.02.18-17.43.37:173][  0]LogD3D11RHI:    1. 'Microsoft Basic Render Driver' (Feature Level 11_0)
[2019.02.18-17.43.37:173][  0]LogD3D11RHI:       0/0/4070 MB DedicatedVideo/DedicatedSystem/SharedSystem, Outputs:0, VendorId:0x1414
[2019.02.18-17.43.37:173][  0]LogD3D11RHI: Chosen D3D11 Adapter: 0
[2019.02.18-17.43.37:184][  0]LogD3D11RHI: Creating new Direct3DDevice
[2019.02.18-17.43.37:184][  0]LogD3D11RHI:     GPU DeviceId: 0x1380 (for the marketing name, search the web for "GPU Device Id")
[2019.02.18-17.43.37:184][  0]LogWindows: EnumDisplayDevices:
[2019.02.18-17.43.37:185][  0]LogWindows:    0. 'NVIDIA GeForce GTX 750 Ti' (P:1 D:1)
[2019.02.18-17.43.37:186][  0]LogWindows:    1. 'NVIDIA GeForce GTX 750 Ti' (P:0 D:1)
[2019.02.18-17.43.37:186][  0]LogWindows:    2. 'NVIDIA GeForce GTX 750 Ti' (P:0 D:0)
[2019.02.18-17.43.37:187][  0]LogWindows:    3. 'NVIDIA GeForce GTX 750 Ti' (P:0 D:0)
[2019.02.18-17.43.37:187][  0]LogWindows: DebugString: FoundDriverCount:4 
[2019.02.18-17.43.37:187][  0]LogD3D11RHI:     Adapter Name: NVIDIA GeForce GTX 750 Ti
[2019.02.18-17.43.37:187][  0]LogD3D11RHI:   Driver Version: 418.91 (internal:25.21.14.1891, unified:418.91)
[2019.02.18-17.43.37:187][  0]LogD3D11RHI:      Driver Date: 2-6-2019
[2019.02.18-17.43.37:187][  0]LogRHI: Texture pool is 1405 MB (70% of 2007 MB)
[2019.02.18-17.43.37:249][  0]LogD3D11RHI: Async texture creation enabled
[2019.02.18-17.43.37:275][  0]LogD3D11RHI: GPU Timing Frequency: 1000.000000 (Debug: 2 1)
[2019.02.18-17.43.37:330][  0]LogShaderCompilers: Guid format shader working directory is -25 characters bigger than the processId version (D:/Humber/Semester 4/Game 260_Game Production/Assignments/VehicleMovement/Intermediate/Shaders/WorkingDirectory/16068/).
[2019.02.18-17.43.37:331][  0]LogShaderCompilers: Cleaned the shader compiler working directory 'C:/Users/Sarfaraz/AppData/Local/Temp/UnrealShaderWorkingDir/092A30284616D3BB3F1DD59B5DF738B9/'.
[2019.02.18-17.43.37:749][  0]LogTemp: Display: Loaded TP AllDesktopTargetPlatform
[2019.02.18-17.43.37:771][  0]LogTemp: Display: Loaded TP MacClientTargetPlatform
[2019.02.18-17.43.37:792][  0]LogTemp: Display: Loaded TP MacNoEditorTargetPlatform
[2019.02.18-17.43.37:814][  0]LogTemp: Display: Loaded TP MacServerTargetPlatform
[2019.02.18-17.43.37:836][  0]LogTemp: Display: Loaded TP MacTargetPlatform
[2019.02.18-17.43.37:858][  0]LogTemp: Display: Loaded TP WindowsClientTargetPlatform
[2019.02.18-17.43.37:880][  0]LogTemp: Display: Loaded TP WindowsNoEditorTargetPlatform
[2019.02.18-17.43.37:903][  0]LogTemp: Display: Loaded TP WindowsServerTargetPlatform
[2019.02.18-17.43.37:917][  0]LogTemp: Display: Loaded TP WindowsTargetPlatform
[2019.02.18-17.43.38:019][  0]LogTemp: Display: Loaded TP AndroidTargetPlatform
[2019.02.18-17.43.38:019][  0]LogTemp: Display: Loaded TP AndroidTargetPlatform
[2019.02.18-17.43.38:019][  0]LogTemp: Display: Loaded TP AndroidTargetPlatform
[2019.02.18-17.43.38:019][  0]LogTemp: Display: Loaded TP AndroidTargetPlatform
[2019.02.18-17.43.38:019][  0]LogTemp: Display: Loaded TP AndroidTargetPlatform
[2019.02.18-17.43.38:019][  0]LogTemp: Display: Loaded TP AndroidTargetPlatform
[2019.02.18-17.43.38:019][  0]LogTemp: Display: Loaded TP AndroidTargetPlatform
[2019.02.18-17.43.38:019][  0]LogTemp: Display: Loaded TP AndroidTargetPlatform
[2019.02.18-17.43.38:020][  0]LogTemp: Display: Loaded TP AndroidTargetPlatform
[2019.02.18-17.43.38:020][  0]LogTemp: Display: Loaded TP AndroidTargetPlatform
[2019.02.18-17.43.38:020][  0]LogTemp: Display: Loaded TP AndroidTargetPlatform
[2019.02.18-17.43.38:020][  0]LogTemp: Display: Loaded TP AndroidTargetPlatform
[2019.02.18-17.43.38:020][  0]LogTemp: Display: Loaded TP AndroidTargetPlatform
[2019.02.18-17.43.38:020][  0]LogTemp: Display: Loaded TP AndroidTargetPlatform
[2019.02.18-17.43.38:021][  0]LogTemp: Display: Loaded TP AndroidTargetPlatform
[2019.02.18-17.43.38:021][  0]LogTemp: Display: Loaded TP AndroidTargetPlatform
[2019.02.18-17.43.38:022][  0]LogTemp: Display: Loaded TP AndroidTargetPlatform
[2019.02.18-17.43.38:022][  0]LogTemp: Display: Loaded TP AndroidTargetPlatform
[2019.02.18-17.43.38:028][  0]LogTemp: Display: Loaded TP HTML5TargetPlatform
[2019.02.18-17.43.38:110][  0]LogTemp: Display: Loaded TP IOSTargetPlatform
[2019.02.18-17.43.38:110][  0]LogTemp: Display: Loaded TP IOSTargetPlatform
[2019.02.18-17.43.38:141][  0]LogTemp: Display: Loaded TP TVOSTargetPlatform
[2019.02.18-17.43.38:141][  0]LogTemp: Display: Loaded TP TVOSTargetPlatform
[2019.02.18-17.43.38:162][  0]LogTemp: Display: Loaded TP LinuxClientTargetPlatform
[2019.02.18-17.43.38:185][  0]LogTemp: Display: Loaded TP LinuxNoEditorTargetPlatform
[2019.02.18-17.43.38:204][  0]LogTemp: Display: Loaded TP LinuxServerTargetPlatform
[2019.02.18-17.43.38:225][  0]LogTemp: Display: Loaded TP LinuxTargetPlatform
[2019.02.18-17.43.38:240][  0]LogTemp: Display: Loaded TP LuminTargetPlatform
[2019.02.18-17.43.38:240][  0]LogTargetPlatformManager: Display: Building Assets For Windows
[2019.02.18-17.43.38:460][  0]LogXGEController: Cleaning working directory: C:/Users/Sarfaraz/AppData/Local/Temp/UnrealXGEWorkingDir/
[2019.02.18-17.43.38:460][  0]LogXGEController: Cannot use XGE Controller as Incredibuild is not installed on this machine.
[2019.02.18-17.43.38:461][  0]LogShaderCompilers: Cannot use XGE Shader Compiler as Incredibuild is not installed on this machine.
[2019.02.18-17.43.38:461][  0]LogShaderCompilers: Display: Using Local Shader Compiler.
[2019.02.18-17.43.39:541][  0]LogDerivedDataCache: Display: Max Cache Size: 512 MB
[2019.02.18-17.43.39:826][  0]LogDerivedDataCache: Loaded boot cache 0.28s 73MB C:/Users/Sarfaraz/AppData/Local/UnrealEngine/4.20/DerivedDataCache/Boot.ddc.
[2019.02.18-17.43.39:827][  0]LogDerivedDataCache: Display: Loaded Boot cache: C:/Users/Sarfaraz/AppData/Local/UnrealEngine/4.20/DerivedDataCache/Boot.ddc
[2019.02.18-17.43.39:827][  0]LogDerivedDataCache: FDerivedDataBackendGraph:  Pak pak cache file D:/Humber/Semester 4/Game 260_Game Production/Assignments/VehicleMovement/DerivedDataCache/DDC.ddp not found, will not use a pak cache.
[2019.02.18-17.43.39:827][  0]LogDerivedDataCache: Unable to find inner node Pak for hierarchical cache Hierarchy.
[2019.02.18-17.43.39:827][  0]LogDerivedDataCache: FDerivedDataBackendGraph:  CompressedPak pak cache file D:/Humber/Semester 4/Game 260_Game Production/Assignments/VehicleMovement/DerivedDataCache/Compressed.ddp not found, will not use a pak cache.
[2019.02.18-17.43.39:827][  0]LogDerivedDataCache: Unable to find inner node CompressedPak for hierarchical cache Hierarchy.
[2019.02.18-17.43.39:841][  0]LogDerivedDataCache: Display: Pak cache opened for reading ../../../Engine/DerivedDataCache/Compressed.ddp.
[2019.02.18-17.43.39:855][  0]LogDerivedDataCache: Using Local data cache path C:/Users/Sarfaraz/AppData/Local/UnrealEngine/Common/DerivedDataCache: Writable
[2019.02.18-17.43.39:855][  0]LogDerivedDataCache: Shared data cache path not found in *engine.ini, will not use an Shared cache.
[2019.02.18-17.43.39:855][  0]LogDerivedDataCache: Unable to find inner node Shared for hierarchical cache Hierarchy.
[2019.02.18-17.43.39:879][  0]LogMaterial: Verifying Global Shaders for PCD3D_SM5
[2019.02.18-17.43.39:887][  0]LogSlate: Using FreeType 2.6.0
[2019.02.18-17.43.39:891][  0]LogSlate: SlateFontServices - WITH_FREETYPE: 1, WITH_HARFBUZZ: 1
[2019.02.18-17.43.40:061][  0]LogAssetRegistry: FAssetRegistry took 0.0295 seconds to start up
[2019.02.18-17.43.40:579][  0]LogInit: Selected Device Profile: [Windows]
[2019.02.18-17.43.40:887][  0]LogSimplygon: Simplygon DLL not present - disabling.
[2019.02.18-17.43.40:913][  0]LogMeshReduction: Using SimplygonSwarm for distributed automatic mesh merging
[2019.02.18-17.43.40:914][  0]LogMeshReduction: Using ProxyLODMeshReduction for automatic mesh merging
[2019.02.18-17.43.40:914][  0]LogMeshReduction: Using QuadricMeshReduction for automatic static mesh reduction
[2019.02.18-17.43.40:914][  0]LogMeshReduction: No automatic skeletal mesh reduction module available
[2019.02.18-17.43.40:972][  0]LogNetVersion: VehicleMovement 1.0.0, NetCL: 4212847, EngineNetVer: 5, GameNetVer: 0 (Checksum: 2966596176)
[2019.02.18-17.43.41:898][  0]LogPackageLocalizationCache: Processed 11 localized package path(s) for 2 prioritized culture(s) in 0.103745 seconds
[2019.02.18-17.43.41:906][  0]LogUObjectArray: 38425 objects as part of root set at end of initial load.
[2019.02.18-17.43.41:906][  0]LogUObjectAllocator: 6690864 out of 0 bytes used by permanent object pool.
[2019.02.18-17.43.41:906][  0]LogUObjectArray: CloseDisregardForGC: 0/0 objects in disregard for GC pool
[2019.02.18-17.43.44:218][  0]LogTcpMessaging: Initializing TcpMessaging bridge
[2019.02.18-17.43.44:239][  0]LogUdpMessaging: Initializing bridge on interface 0.0.0.0:0 to multicast group 230.0.0.1:6666.
[2019.02.18-17.43.44:852][  0]SourceControl: Source control is disabled
[2019.02.18-17.43.44:852][  0]SourceControl: Source control is disabled
[2019.02.18-17.43.44:865][  0]SourceControl: Source control is disabled
[2019.02.18-17.43.44:873][  0]SourceControl: Source control is disabled
[2019.02.18-17.43.45:297][  0]LogAndroidPermission: UAndroidPermissionCallbackProxy::GetInstance
[2019.02.18-17.43.45:463][  0]LogOcInput: OculusInput pre-init called
[2019.02.18-17.43.45:597][  0]LogEngine: Initializing Engine...
[2019.02.18-17.43.45:601][  0]LogHMD: Failed to initialize OpenVR with code 110
[2019.02.18-17.43.45:606][  0]LogStats: UGameplayTagsManager::ConstructGameplayTagTree: ImportINI prefixes -  0.000 s
[2019.02.18-17.43.45:606][  0]LogStats: UGameplayTagsManager::ConstructGameplayTagTree: Construct from data asset -  0.000 s
[2019.02.18-17.43.45:606][  0]LogStats: UGameplayTagsManager::ConstructGameplayTagTree: ImportINI -  0.000 s
[2019.02.18-17.43.45:606][  0]LogStats: UGameplayTagsManager::ConstructGameplayTagTree: GameplayTagTreeChangedEvent.Broadcast -  0.000 s
[2019.02.18-17.43.45:873][  0]LogInit: Initializing FReadOnlyCVARCache
[2019.02.18-17.43.45:925][  0]LogAIModule: Creating AISystem for world Untitled
[2019.02.18-17.43.45:972][  0]LogInit: XAudio2 using 'Headset Earphone (Razer ManO'War 7.1)' : 2 channels at 44.1 kHz using 16 bits per sample (channel mask 0x3)
[2019.02.18-17.43.46:069][  0]LogInit: FAudioDevice initialized.
[2019.02.18-17.43.46:070][  0]LogNetVersion: Set ProjectVersion to 1.0.0.0. Version Checksum will be recalculated on next use.
[2019.02.18-17.43.46:151][  0]LogDerivedDataCache: Saved boot cache 0.08s 73MB C:/Users/Sarfaraz/AppData/Local/UnrealEngine/4.20/DerivedDataCache/Boot.ddc.
[2019.02.18-17.43.46:156][  0]LogInit: Texture streaming: Enabled
[2019.02.18-17.43.46:219][  0]LogEngineSessionManager: EngineSessionManager initialized
[2019.02.18-17.43.46:245][  0]LogInit: Transaction tracking system initialized
[2019.02.18-17.43.46:344][  0]BlueprintLog: New page: Editor Load
[2019.02.18-17.43.46:662][  0]LocalizationService: Localization service is disabled
[2019.02.18-17.43.47:163][  0]LogCook: Display: Max memory allowance for cook 16384mb min free memory 0mb
[2019.02.18-17.43.47:164][  0]LogCook: Display: Mobile HDR setting 1
[2019.02.18-17.43.47:165][  0]LogGameplayTags: Display: UGameplayTagsManager::DoneAddingNativeTags. DelegateIsBound: 0
[2019.02.18-17.43.47:165][  0]LogFileCache: Scanning file cache for directory 'D:/Humber/Semester 4/Game 260_Game Production/Assignments/VehicleMovement/Content/' took 0.02s
[2019.02.18-17.43.47:166][  0]LogStats: UGameplayTagsManager::ConstructGameplayTagTree: ImportINI prefixes -  0.000 s
[2019.02.18-17.43.47:166][  0]LogStats: UGameplayTagsManager::ConstructGameplayTagTree: Construct from data asset -  0.000 s
[2019.02.18-17.43.47:166][  0]LogStats: UGameplayTagsManager::ConstructGameplayTagTree: ImportINI -  0.000 s
[2019.02.18-17.43.47:166][  0]LogStats: UGameplayTagsManager::ConstructGameplayTagTree: GameplayTagTreeChangedEvent.Broadcast -  0.000 s
[2019.02.18-17.43.47:560][  0]SourceControl: Source control is disabled
[2019.02.18-17.43.47:561][  0]Cmd: MAP LOAD FILE="D:/Humber/Semester 4/Game 260_Game Production/Assignments/VehicleMovement/Content/VehicleCPP/Maps/VehicleExampleMap.umap" TEMPLATE=0 SHOWPROGRESS=1 FEATURELEVEL=3
[2019.02.18-17.43.47:563][  0]LightingResults: New page: Lighting Build
[2019.02.18-17.43.47:576][  0]MapCheck: New page: Map Check
[2019.02.18-17.43.47:577][  0]LightingResults: New page: Lighting Build
[2019.02.18-17.43.48:249][  0]LogAIModule: Creating AISystem for world VehicleExampleMap
[2019.02.18-17.43.48:276][  0]LogEditorServer: Finished looking for orphan Actors (0.000 secs)
[2019.02.18-17.43.48:305][  0]Cmd: MAP CHECKDEP NOCLEARLOG
[2019.02.18-17.43.48:445][  0]MapCheck: Map check complete: 0 Error(s), 0 Warning(s), took 139.295ms to complete.
[2019.02.18-17.43.48:445][  0]LogFileHelpers: Loading map 'VehicleExampleMap' took 0.885
[2019.02.18-17.43.48:654][  0]LogSlate: Updating window title bar state: overlay mode, drag disabled, window buttons hidden, title bar hidden
[2019.02.18-17.43.48:663][  0]LogSlate: Updating window title bar state: overlay mode, drag disabled, window buttons hidden, title bar hidden
[2019.02.18-17.43.48:672][  0]LogSlate: Updating window title bar state: overlay mode, drag disabled, window buttons hidden, title bar hidden
[2019.02.18-17.43.48:681][  0]LogSlate: Updating window title bar state: overlay mode, drag disabled, window buttons hidden, title bar hidden
[2019.02.18-17.43.48:706][  0]LogCollectionManager: Loaded 0 collections in 0.004332 seconds
[2019.02.18-17.43.48:782][  0]LogFileCache: Scanning file cache for directory 'D:/Humber/Semester 4/Game 260_Game Production/Assignments/VehicleMovement/Saved/Collections/' took 0.01s
[2019.02.18-17.43.48:782][  0]LogFileCache: Scanning file cache for directory 'D:/Humber/Semester 4/Game 260_Game Production/Assignments/VehicleMovement/Content/Developers/Sarfaraz/Collections/' took 0.01s
[2019.02.18-17.43.48:782][  0]LogFileCache: Scanning file cache for directory 'D:/Humber/Semester 4/Game 260_Game Production/Assignments/VehicleMovement/Content/Collections/' took 0.01s
[2019.02.18-17.43.48:782][  0]LogCollectionManager: Rebuilt the GUID cache for 0 collections in 0.000000 seconds
[2019.02.18-17.43.48:799][  0]LogContentBrowser: Native class hierarchy populated in 0.0149 seconds. Added 2580 classes and 608 folders.
[2019.02.18-17.43.48:821][  0]LogContentBrowser: Native class hierarchy updated for 'WidgetCarousel' in 0.0006 seconds. Added 0 classes and 0 folders.
[2019.02.18-17.43.49:039][  0]LogContentBrowser: Native class hierarchy updated for 'AddContentDialog' in 0.0007 seconds. Added 0 classes and 0 folders.
[2019.02.18-17.43.49:060][  0]LogContentBrowser: Native class hierarchy updated for 'SceneOutliner' in 0.0006 seconds. Added 1 classes and 2 folders.
[2019.02.18-17.43.49:144][  0]LogSlate: Took 0.009463 seconds to synchronously load lazily loaded font '../../../Engine/Content/Slate/Fonts/Roboto-Regular.ttf' (155K)
[2019.02.18-17.43.49:154][  0]LogSlate: Took 0.001285 seconds to synchronously load lazily loaded font '../../../Engine/Content/Slate/Fonts/Roboto-Bold.ttf' (160K)
[2019.02.18-17.43.49:160][  0]LogSlate: Took 0.001326 seconds to synchronously load lazily loaded font '../../../Engine/Content/Editor/Slate/Fonts/FontAwesome.ttf' (139K)
[2019.02.18-17.43.49:243][  0]LogRenderer: Reallocating scene render targets to support 1528x644 Format 10 NumSamples 1 (Frame:1).
[2019.02.18-17.43.49:356][  0]LogSlate: Took 0.001401 seconds to synchronously load lazily loaded font '../../../Engine/Content/Slate/Fonts/Roboto-Light.ttf' (167K)
[2019.02.18-17.43.49:531][  0]LogContentBrowser: Native class hierarchy updated for 'HierarchicalLODOutliner' in 0.0006 seconds. Added 0 classes and 0 folders.
[2019.02.18-17.43.49:532][  0]LogLoad: (Engine Initialization) Total time: 19.02 seconds
[2019.02.18-17.43.49:532][  0]LogLoad: (Engine Initialization) Total Blueprint compile time: 0.00 seconds
[2019.02.18-17.43.49:549][  0]LogRawInputWindows: Warning: Found device 0 devices
[2019.02.18-17.43.49:549][  0]LogRawInputWindows: Warning: Found device 0 devices
[2019.02.18-17.43.49:549][  0]LogRawInputWindows: Warning: Device was registered succesfully but not connected (Usage:4 UsagePage:1)
[2019.02.18-17.43.49:550][  0]LogRawInputWindows: Warning: Found device 1 devices
[2019.02.18-17.43.49:551][  0]LogRawInputWindows: Warning: Device was registered succesfully but not connected (Usage:5 UsagePage:1)
[2019.02.18-17.43.49:588][  0]LogContentStreaming: Texture pool size now 1000 MB
[2019.02.18-17.43.49:632][  1]LogAssetRegistry: Asset discovery search completed in 9.5960 seconds
[2019.02.18-17.43.49:635][  1]LogCollectionManager: Rebuilt the object cache for 0 collections in 0.000001 seconds (found 0 objects)
[2019.02.18-17.43.49:635][  1]LogCollectionManager: Fixed up redirectors for 0 collections in 0.000288 seconds (updated 0 objects)
[2019.02.18-17.43.50:907][117]LogSlate: FSceneViewport::OnFocusLost() reason 0
[2019.02.18-17.43.50:956][123]LogTemp: Repeating last play command: Selected Viewport
[2019.02.18-17.43.50:971][123]LogBlueprintUserMessages: Early PlayInEditor Detection: Level '/Game/VehicleCPP/Maps/VehicleExampleMap.VehicleExampleMap:PersistentLevel' has LevelScriptBlueprint '/Game/VehicleCPP/Maps/VehicleExampleMap.VehicleExampleMap:PersistentLevel.VehicleExampleMap' with GeneratedClass '/Game/VehicleCPP/Maps/VehicleExampleMap.VehicleExampleMap_C' with ClassGeneratedBy '/Game/VehicleCPP/Maps/VehicleExampleMap.VehicleExampleMap:PersistentLevel.VehicleExampleMap'
[2019.02.18-17.43.50:972][123]LogPlayLevel: PlayLevel: No blueprints needed recompiling
[2019.02.18-17.43.50:990][123]PIE: New page: PIE session: VehicleExampleMap (Feb 18, 2019, 7:43:50 AM)
[2019.02.18-17.43.50:991][123]LogPlayLevel: Creating play world package: /Game/VehicleCPP/Maps/UEDPIE_0_VehicleExampleMap
[2019.02.18-17.43.51:023][123]LogPlayLevel: PIE: StaticDuplicateObject took: (0.032472s)
[2019.02.18-17.43.51:025][123]LogAIModule: Creating AISystem for world VehicleExampleMap
[2019.02.18-17.43.51:026][123]LogPlayLevel: PIE: World Init took: (0.002108s)
[2019.02.18-17.43.51:027][123]LogPlayLevel: PIE: Created PIE world by copying editor world from /Game/VehicleCPP/Maps/VehicleExampleMap.VehicleExampleMap to /Game/VehicleCPP/Maps/UEDPIE_0_VehicleExampleMap.VehicleExampleMap (0.035976s)
[2019.02.18-17.43.51:072][123]LogInit: XAudio2 using 'Headset Earphone (Razer ManO'War 7.1)' : 2 channels at 44.1 kHz using 16 bits per sample (channel mask 0x3)
[2019.02.18-17.43.51:155][123]LogInit: FAudioDevice initialized.
[2019.02.18-17.43.51:211][123]LogLoad: Game class is 'VehicleMovementGameMode'
[2019.02.18-17.43.51:220][123]LogWorld: Bringing World /Game/VehicleCPP/Maps/UEDPIE_0_VehicleExampleMap.VehicleExampleMap up for play (max tick rate 0) at 2019.02.18-12.43.51
[2019.02.18-17.43.51:222][123]LogWorld: Bringing up level for play took: 0.004884
[2019.02.18-17.43.51:253][123]LogContentBrowser: Native class hierarchy updated for 'MovieSceneCapture' in 0.0006 seconds. Added 10 classes and 0 folders.
[2019.02.18-17.43.51:255][123]PIE: Play in editor start time for /Game/VehicleCPP/Maps/UEDPIE_0_VehicleExampleMap 0.12
[2019.02.18-17.43.51:255][123]LogBlueprintUserMessages: Late PlayInEditor Detection: Level '/Game/VehicleCPP/Maps/VehicleExampleMap.VehicleExampleMap:PersistentLevel' has LevelScriptBlueprint '/Game/VehicleCPP/Maps/VehicleExampleMap.VehicleExampleMap:PersistentLevel.VehicleExampleMap' with GeneratedClass '/Game/VehicleCPP/Maps/VehicleExampleMap.VehicleExampleMap_C' with ClassGeneratedBy '/Game/VehicleCPP/Maps/VehicleExampleMap.VehicleExampleMap:PersistentLevel.VehicleExampleMap'
[2019.02.18-17.44.00:894][271]LogBlueprintUserMessages: Early EndPlayMap Detection: Level '/Game/VehicleCPP/Maps/VehicleExampleMap.VehicleExampleMap:PersistentLevel' has LevelScriptBlueprint '/Game/VehicleCPP/Maps/VehicleExampleMap.VehicleExampleMap:PersistentLevel.VehicleExampleMap' with GeneratedClass '/Game/VehicleCPP/Maps/VehicleExampleMap.VehicleExampleMap_C' with ClassGeneratedBy '/Game/VehicleCPP/Maps/VehicleExampleMap.VehicleExampleMap:PersistentLevel.VehicleExampleMap'
[2019.02.18-17.44.00:897][271]LogSlate: Updating window title bar state: overlay mode, drag disabled, window buttons hidden, title bar hidden
[2019.02.18-17.44.00:942][271]LogPlayLevel: Display: Shutting down PIE online subsystems
[2019.02.18-17.44.00:942][271]LogBlueprintUserMessages: Late EndPlayMap Detection: Level '/Game/VehicleCPP/Maps/VehicleExampleMap.VehicleExampleMap:PersistentLevel' has LevelScriptBlueprint '/Game/VehicleCPP/Maps/VehicleExampleMap.VehicleExampleMap:PersistentLevel.VehicleExampleMap' with GeneratedClass '/Game/VehicleCPP/Maps/VehicleExampleMap.VehicleExampleMap_C' with ClassGeneratedBy '/Game/VehicleCPP/Maps/VehicleExampleMap.VehicleExampleMap:PersistentLevel.VehicleExampleMap'
[2019.02.18-17.44.00:970][271]LogSlate: Updating window title bar state: overlay mode, drag disabled, window buttons hidden, title bar hidden
[2019.02.18-17.44.01:003][272]LogPlayLevel: Display: Destroying online subsystem :Context_3
[2019.02.18-17.44.01:785][362]LogSlate: FSceneViewport::OnFocusLost() reason 0
[2019.02.18-17.44.01:793][362]LogSlate: Took 0.005518 seconds to synchronously load lazily loaded font '../../../Engine/Content/Slate/Fonts/DroidSansMono.ttf' (77K)
[2019.02.18-17.44.02:574][452]LogTemp: Repeating last play command: Selected Viewport
[2019.02.18-17.44.02:586][452]LogBlueprintUserMessages: Early PlayInEditor Detection: Level '/Game/VehicleCPP/Maps/VehicleExampleMap.VehicleExampleMap:PersistentLevel' has LevelScriptBlueprint '/Game/VehicleCPP/Maps/VehicleExampleMap.VehicleExampleMap:PersistentLevel.VehicleExampleMap' with GeneratedClass '/Game/VehicleCPP/Maps/VehicleExampleMap.VehicleExampleMap_C' with ClassGeneratedBy '/Game/VehicleCPP/Maps/VehicleExampleMap.VehicleExampleMap:PersistentLevel.VehicleExampleMap'
[2019.02.18-17.44.02:587][452]LogPlayLevel: PlayLevel: No blueprints needed recompiling
[2019.02.18-17.44.02:587][452]PIE: New page: PIE session: VehicleExampleMap (Feb 18, 2019, 7:44:02 AM)
[2019.02.18-17.44.02:588][452]LogPlayLevel: Creating play world package: /Game/VehicleCPP/Maps/UEDPIE_0_VehicleExampleMap
[2019.02.18-17.44.02:608][452]LogPlayLevel: PIE: StaticDuplicateObject took: (0.020328s)
[2019.02.18-17.44.02:609][452]LogAIModule: Creating AISystem for world VehicleExampleMap
[2019.02.18-17.44.02:610][452]LogPlayLevel: PIE: World Init took: (0.001042s)
[2019.02.18-17.44.02:610][452]LogPlayLevel: PIE: Created PIE world by copying editor world from /Game/VehicleCPP/Maps/VehicleExampleMap.VehicleExampleMap to /Game/VehicleCPP/Maps/UEDPIE_0_VehicleExampleMap.VehicleExampleMap (0.022218s)
[2019.02.18-17.44.02:648][452]LogInit: XAudio2 using 'Headset Earphone (Razer ManO'War 7.1)' : 2 channels at 44.1 kHz using 16 bits per sample (channel mask 0x3)
[2019.02.18-17.44.02:712][452]LogInit: FAudioDevice initialized.
[2019.02.18-17.44.02:752][452]LogLoad: Game class is 'VehicleMovementGameMode'
[2019.02.18-17.44.02:757][452]LogWorld: Bringing World /Game/VehicleCPP/Maps/UEDPIE_0_VehicleExampleMap.VehicleExampleMap up for play (max tick rate 0) at 2019.02.18-12.44.02
[2019.02.18-17.44.02:758][452]LogWorld: Bringing up level for play took: 0.003081
[2019.02.18-17.44.02:772][452]PIE: Play in editor start time for /Game/VehicleCPP/Maps/UEDPIE_0_VehicleExampleMap -0.362
[2019.02.18-17.44.02:773][452]LogBlueprintUserMessages: Late PlayInEditor Detection: Level '/Game/VehicleCPP/Maps/VehicleExampleMap.VehicleExampleMap:PersistentLevel' has LevelScriptBlueprint '/Game/VehicleCPP/Maps/VehicleExampleMap.VehicleExampleMap:PersistentLevel.VehicleExampleMap' with GeneratedClass '/Game/VehicleCPP/Maps/VehicleExampleMap.VehicleExampleMap_C' with ClassGeneratedBy '/Game/VehicleCPP/Maps/VehicleExampleMap.VehicleExampleMap:PersistentLevel.VehicleExampleMap'
[2019.02.18-17.44.08:938][183]LogTemp: Break Speed:  245.899994
[2019.02.18-17.44.10:732][398]LogTemp: Break Speed:  460.799988
[2019.02.18-17.44.11:149][448]LogTemp: Break Speed:  510.699982
[2019.02.18-17.44.11:382][476]LogTemp: Break Speed:  538.599976
[2019.02.18-17.44.11:574][499]LogTemp: Break Speed:  561.500000
[2019.02.18-17.44.12:057][557]LogTemp: Break Speed:  619.400024
[2019.02.18-17.44.12:274][583]LogTemp: Break Speed:  645.300049
[2019.02.18-17.44.12:950][664]LogTemp: Break Speed:  726.200073
[2019.02.18-17.44.13:183][692]LogTemp: Break Speed:  754.100098
[2019.02.18-17.44.13:967][786]LogTemp: Break Speed:  848.000122
[2019.02.18-17.44.14:584][860]LogTemp: Break Speed:  921.900146
[2019.02.18-17.44.15:361][953]LogTemp: Break Speed:  1014.800171
[2019.02.18-17.44.15:829][  9]LogTemp: Break Speed:  1070.700195
[2019.02.18-17.44.19:189][412]LogTemp: Break Speed:  1473.600220
[2019.02.18-17.44.22:274][782]LogTemp: Break Speed:  1843.500244
[2019.02.18-17.44.24:785][ 83]LogTemp: Break Speed:  2144.400146
[2019.02.18-17.44.28:769][561]LogTemp: Break Speed:  2622.300049
[2019.02.18-17.44.37:049][554]LogTemp: Break Speed:  191.899994
[2019.02.18-17.44.37:699][632]LogTemp: Break Speed:  269.799988
[2019.02.18-17.44.37:899][656]LogTemp: Break Speed:  293.699982
[2019.02.18-17.44.38:491][727]LogTemp: Break Speed:  364.599976
[2019.02.18-17.44.38:700][752]LogTemp: Break Speed:  389.499969
[2019.02.18-17.44.38:916][778]LogTemp: Break Speed:  415.399963
[2019.02.18-17.44.39:474][845]LogTemp: Break Speed:  482.299957
[2019.02.18-17.44.39:699][872]LogTemp: Break Speed:  509.199951
[2019.02.18-17.44.39:925][899]LogTemp: Break Speed:  536.099976
[2019.02.18-17.44.40:458][963]LogTemp: Break Speed:  600.000000
[2019.02.18-17.44.40:658][987]LogTemp: Break Speed:  623.900024
[2019.02.18-17.44.40:916][ 18]LogTemp: Break Speed:  654.800049
[2019.02.18-17.44.41:133][ 44]LogTemp: Break Speed:  680.700073
[2019.02.18-17.44.41:941][141]LogTemp: Break Speed:  777.600098
[2019.02.18-17.44.42:274][181]LogTemp: Break Speed:  817.500122
[2019.02.18-17.44.43:601][340]LogTemp: Break Speed:  976.400146
[2019.02.18-17.44.43:801][364]LogTemp: Break Speed:  1000.300171
[2019.02.18-17.44.44:010][389]LogTemp: Break Speed:  1025.200195
[2019.02.18-17.44.44:202][412]LogTemp: Break Speed:  1048.100220
[2019.02.18-17.44.44:409][437]LogTemp: Break Speed:  1073.000244
[2019.02.18-17.44.44:618][462]LogTemp: Break Speed:  1097.900269
[2019.02.18-17.44.44:809][485]LogTemp: Break Speed:  1120.800293
[2019.02.18-17.44.45:026][511]LogTemp: Break Speed:  1146.700317
[2019.02.18-17.44.45:210][533]LogTemp: Break Speed:  1168.600342
[2019.02.18-17.44.45:401][556]LogTemp: Break Speed:  1191.500366
[2019.02.18-17.44.45:618][582]LogTemp: Break Speed:  1217.400391
[2019.02.18-17.44.45:784][602]LogTemp: Break Speed:  1237.300415
[2019.02.18-17.44.46:495][687]LogBlueprintUserMessages: Early EndPlayMap Detection: Level '/Game/VehicleCPP/Maps/VehicleExampleMap.VehicleExampleMap:PersistentLevel' has LevelScriptBlueprint '/Game/VehicleCPP/Maps/VehicleExampleMap.VehicleExampleMap:PersistentLevel.VehicleExampleMap' with GeneratedClass '/Game/VehicleCPP/Maps/VehicleExampleMap.VehicleExampleMap_C' with ClassGeneratedBy '/Game/VehicleCPP/Maps/VehicleExampleMap.VehicleExampleMap:PersistentLevel.VehicleExampleMap'
[2019.02.18-17.44.46:496][687]LogSlate: Updating window title bar state: overlay mode, drag disabled, window buttons hidden, title bar hidden
[2019.02.18-17.44.46:538][687]LogPlayLevel: Display: Shutting down PIE online subsystems
[2019.02.18-17.44.46:538][687]LogBlueprintUserMessages: Late EndPlayMap Detection: Level '/Game/VehicleCPP/Maps/VehicleExampleMap.VehicleExampleMap:PersistentLevel' has LevelScriptBlueprint '/Game/VehicleCPP/Maps/VehicleExampleMap.VehicleExampleMap:PersistentLevel.VehicleExampleMap' with GeneratedClass '/Game/VehicleCPP/Maps/VehicleExampleMap.VehicleExampleMap_C' with ClassGeneratedBy '/Game/VehicleCPP/Maps/VehicleExampleMap.VehicleExampleMap:PersistentLevel.VehicleExampleMap'
[2019.02.18-17.44.46:566][687]LogSlate: Updating window title bar state: overlay mode, drag disabled, window buttons hidden, title bar hidden
[2019.02.18-17.44.46:598][688]LogPlayLevel: Display: Destroying online subsystem :Context_4
