Log file open, 02/28/19 12:15:26
LogWindows: Failed to load 'aqProf.dll' (GetLastError=126)
LogWindows: File 'aqProf.dll' does not exist
LogWindows: Failed to load 'VSPerf140.dll' (GetLastError=126)
LogWindows: File 'VSPerf140.dll' does not exist
LogWindows: Failed to load 'VtuneApi.dll' (GetLastError=126)
LogWindows: File 'VtuneApi.dll' does not exist
LogWindows: Failed to load 'VtuneApi32e.dll' (GetLastError=126)
LogWindows: File 'VtuneApi32e.dll' does not exist
LogInit: Display: Running engine for game: VehicleMovement
LogPlatformFile: Not using cached read wrapper
LogTaskGraph: Started task graph with 5 named threads and 23 total threads with 3 sets of task threads.
LogStats: Stats thread started at 0.584875
LogD3D11RHI: Loaded GFSDK_Aftermath_Lib.x64.dll
LogICUInternationalization: Display: ICU TimeZone Detection - Raw Offset: -5:00, Platform Override: ''
LogPluginManager: Mounting plugin Paper2D
LogPluginManager: Mounting plugin AISupport
LogPluginManager: Mounting plugin LightPropagationVolume
LogPluginManager: Mounting plugin CLionSourceCodeAccess
LogPluginManager: Mounting plugin CodeLiteSourceCodeAccess
LogPluginManager: Mounting plugin GitSourceControl
LogPluginManager: Mounting plugin KDevelopSourceCodeAccess
LogPluginManager: Mounting plugin NullSourceCodeAccess
LogPluginManager: Mounting plugin PerforceSourceControl
LogPluginManager: Mounting plugin SubversionSourceControl
LogPluginManager: Mounting plugin UObjectPlugin
LogPluginManager: Mounting plugin VisualStudioCodeSourceCodeAccess
LogPluginManager: Mounting plugin VisualStudioSourceCodeAccess
LogPluginManager: Mounting plugin XCodeSourceCodeAccess
LogPluginManager: Mounting plugin AssetManagerEditor
LogPluginManager: Mounting plugin CryptoKeys
LogPluginManager: Mounting plugin DataValidation
LogPluginManager: Mounting plugin FacialAnimation
LogPluginManager: Mounting plugin GameplayTagsEditor
LogPluginManager: Mounting plugin MacGraphicsSwitching
LogPluginManager: Mounting plugin MeshEditor
LogPluginManager: Mounting plugin MobileLauncherProfileWizard
LogPluginManager: Mounting plugin PluginBrowser
LogPluginManager: Mounting plugin SpeedTreeImporter
LogPluginManager: Mounting plugin DatasmithContent
LogPluginManager: Mounting plugin AlembicImporter
LogPluginManager: Mounting plugin AppleImageUtils
LogPluginManager: Mounting plugin AppleVision
LogPluginManager: Mounting plugin BackChannel
LogPluginManager: Mounting plugin CharacterAI
LogPluginManager: Mounting plugin GeometryCache
LogPluginManager: Mounting plugin HTML5Networking
LogPluginManager: Mounting plugin ProxyLODPlugin
LogPluginManager: Mounting plugin RawInput
LogPluginManager: Mounting plugin MagicLeap
LogPluginManager: Mounting plugin MagicLeapEmulator
LogPluginManager: Mounting plugin MagicLeapMedia
LogPluginManager: Mounting plugin AndroidMedia
LogPluginManager: Mounting plugin AvfMedia
LogPluginManager: Mounting plugin ImgMedia
LogPluginManager: Mounting plugin LinearTimecode
LogPluginManager: Mounting plugin MediaCompositing
LogPluginManager: Mounting plugin MediaPlayerEditor
LogPluginManager: Mounting plugin WmfMedia
LogPluginManager: Mounting plugin TcpMessaging
LogPluginManager: Mounting plugin UdpMessaging
LogPluginManager: Mounting plugin ActorSequence
LogPluginManager: Mounting plugin LevelSequenceEditor
LogPluginManager: Mounting plugin MatineeToLevelSequence
LogPluginManager: Mounting plugin NetcodeUnitTest
LogPluginManager: Mounting plugin NUTUnrealEngine4
LogPluginManager: Mounting plugin OnlineSubsystemGooglePlay
LogPluginManager: Mounting plugin OnlineSubsystemIOS
LogPluginManager: Mounting plugin OnlineSubsystem
LogPluginManager: Mounting plugin OnlineSubsystemNull
LogPluginManager: Mounting plugin OnlineSubsystemUtils
LogPluginManager: Mounting plugin LauncherChunkInstaller
LogPluginManager: Mounting plugin AndroidDeviceProfileSelector
LogPluginManager: Mounting plugin AndroidMoviePlayer
LogPluginManager: Mounting plugin AndroidPermission
LogPluginManager: Mounting plugin AppleMoviePlayer
LogPluginManager: Mounting plugin ArchVisCharacter
LogPluginManager: Mounting plugin AudioCapture
LogPluginManager: Mounting plugin CableComponent
LogPluginManager: Mounting plugin CustomMeshComponent
LogPluginManager: Mounting plugin EditableMesh
LogPluginManager: Mounting plugin ExampleDeviceProfileSelector
LogPluginManager: Mounting plugin GoogleCloudMessaging
LogPluginManager: Mounting plugin ImmediatePhysics
LogPluginManager: Mounting plugin IOSDeviceProfileSelector
LogPluginManager: Mounting plugin LinuxDeviceProfileSelector
LogPluginManager: Mounting plugin LocationServicesBPLibrary
LogPluginManager: Mounting plugin MobilePatchingUtils
LogPluginManager: Mounting plugin OculusVR
LogPluginManager: Plugin shader directory ../../../Engine/Plugins/Runtime/Oculus/OculusVR/Shaders found
LogPluginManager: Mapping shader source directory ../../../Engine/Plugins/Runtime/Oculus/OculusVR/Shaders to virtual directory /Plugin/OculusVR
LogPluginManager: Mounting plugin PhysXVehicles
LogPluginManager: Mounting plugin ProceduralMeshComponent
LogPluginManager: Mounting plugin RuntimePhysXCooking
LogPluginManager: Mounting plugin SteamVR
LogPluginManager: Mounting plugin WindowsMoviePlayer
LogStreaming: Display: Took  0.255s to configure plugins.
LogInit: Using libcurl 7.55.1-DEV
LogInit:  - built for x86_64-pc-win32
LogInit:  - supports SSL with OpenSSL/1.0.2h
LogInit:  - supports HTTP deflate (compression) using libz 1.2.8
LogInit:  - other features:
LogInit:      CURL_VERSION_SSL
LogInit:      CURL_VERSION_LIBZ
LogInit:      CURL_VERSION_IPV6
LogInit:      CURL_VERSION_ASYNCHDNS
LogInit:      CURL_VERSION_LARGEFILE
LogInit:      CURL_VERSION_IDN
LogInit:  CurlRequestOptions (configurable via config and command line):
LogInit:  - bVerifyPeer = false  - Libcurl will NOT verify peer certificate
LogInit:  - bUseHttpProxy = false  - Libcurl will NOT use HTTP proxy
LogInit:  - bDontReuseConnections = false  - Libcurl will reuse connections
LogInit:  - CertBundlePath = nullptr  - Libcurl will use whatever was configured at build time.
LogInit:  - MaxHostConnections = 16  - Libcurl will limit the number of connections to a host
LogInit:  - LocalHostAddr = Default
LogInit:  - BufferSize = 65536
LogInit: WinSock: version 1.1 (2.2), MaxSocks=32767, MaxUdp=65467
LogInit: Build: ++UE4+Release-4.20-CL-4369336
LogInit: Engine Version: 4.20.3-4369336+++UE4+Release-4.20
LogInit: Compatible Engine Version: 4.20.0-4212847+++UE4+Release-4.20
LogInit: Net CL: 4212847
LogInit: OS: Windows 10 (), CPU: Intel(R) Core(TM) i7-7700HQ CPU @ 2.80GHz, GPU: NVIDIA GeForce GTX 1060
LogInit: Compiled (64-bit): Sep 17 2018 12:26:19
LogInit: Compiled with Visual C++: 19.13.26129.00
LogInit: Build Configuration: Development
LogInit: Branch Name: ++UE4+Release-4.20
LogInit: Command Line:  -skipcompile
LogInit: Base Directory: C:/Program Files/Epic Games/UE_4.20/Engine/Binaries/Win64/
LogInit: Installed Engine Build: 1
LogDevObjectVersion: Number of dev versions registered: 20
LogDevObjectVersion:   Dev-Blueprints (B0D832E4-1F89-4F0D-ACCF-7EB736FD4AA2): 10
LogDevObjectVersion:   Dev-Build (E1C64328-A22C-4D53-A36C-8E866417BD8C): 0
LogDevObjectVersion:   Dev-Core (375EC13C-06E4-48FB-B500-84F0262A717E): 2
LogDevObjectVersion:   Dev-Editor (E4B068ED-F494-42E9-A231-DA0B2E46BB41): 24
LogDevObjectVersion:   Dev-Framework (CFFC743F-43B0-4480-9391-14DF171D2073): 34
LogDevObjectVersion:   Dev-Mobile (B02B49B5-BB20-44E9-A304-32B752E40360): 2
LogDevObjectVersion:   Dev-Networking (A4E4105C-59A1-49B5-A7C5-40C4547EDFEE): 0
LogDevObjectVersion:   Dev-Online (39C831C9-5AE6-47DC-9A44-9C173E1C8E7C): 0
LogDevObjectVersion:   Dev-Physics (78F01B33-EBEA-4F98-B9B4-84EACCB95AA2): 0
LogDevObjectVersion:   Dev-Platform (6631380F-2D4D-43E0-8009-CF276956A95A): 0
LogDevObjectVersion:   Dev-Rendering (12F88B9F-8875-4AFC-A67C-D90C383ABD29): 26
LogDevObjectVersion:   Dev-Sequencer (7B5AE74C-D270-4C10-A958-57980B212A5A): 9
LogDevObjectVersion:   Dev-VR (D7296918-1DD6-4BDD-9DE2-64A83CC13884): 2
LogDevObjectVersion:   Dev-LoadTimes (C2A15278-BFE7-4AFE-6C17-90FF531DF755): 1
LogDevObjectVersion:   Private-Geometry (6EACA3D4-40EC-4CC1-B786-8BED09428FC5): 3
LogDevObjectVersion:   Dev-AnimPhys (29E575DD-E0A3-4627-9D10-D276232CDCEA): 17
LogDevObjectVersion:   Dev-ReflectionCapture (6B266CEC-1EC7-4B8F-A30B-E4D90942FC07): 1
LogDevObjectVersion:   Dev-Automation (0DF73D61-A23F-47EA-B727-89E90C41499A): 1
LogDevObjectVersion:   FortniteMain (601D1886-AC64-4F84-AA16-D3DE0DEAC7D6): 12
LogDevObjectVersion:   Dev-Enterprise (9DFFBCD6-494F-0158-E221-12823C92A888): 1
LogStreaming: Display: Took  0.003s to delete old logs.
LogInit: Presizing for max 8388607 objects, including 0 objects not considered by GC, pre-allocating 0 bytes for permanent pool.
LogInit: Object subsystem initialized
[2019.02.28-17.15.27:679][  0]LogInit: Selected Device Profile: [Windows]
[2019.02.28-17.15.27:679][  0]LogInit: Applying CVar settings loaded from the selected device profile: [Windows]
[2019.02.28-17.15.27:714][  0]LogHAL: Display: Platform has ~ 8 GB [8540868608 / 8589934592 / 8], which maps to Default [LargestMinGB=32, LargerMinGB=12, DefaultMinGB=8, SmallerMinGB=6, SmallestMinGB=0)
[2019.02.28-17.15.27:716][  0]LogInit: Setting Device Profile CVar: [[r.Vulkan.UseRealUBs:1]]
[2019.02.28-17.15.27:716][  0]LogInit: Going up to parent DeviceProfile []
[2019.02.28-17.15.27:723][  0]LogInit: Computer: DESKTOP-0RT9JLV
[2019.02.28-17.15.27:723][  0]LogInit: User: sufus
[2019.02.28-17.15.27:723][  0]LogInit: CPU Page size=4096, Cores=4
[2019.02.28-17.15.27:723][  0]LogInit: High frequency timer resolution =10.000000 MHz
[2019.02.28-17.15.27:723][  0]LogMemory: Memory total: Physical=8.0GB (8GB approx)
[2019.02.28-17.15.27:723][  0]LogMemory: Platform Memory Stats for Windows
[2019.02.28-17.15.27:724][  0]LogMemory: Process Physical Memory: 101.92 MB used, 101.92 MB peak
[2019.02.28-17.15.27:724][  0]LogMemory: Process Virtual Memory: 89.27 MB used, 89.27 MB peak
[2019.02.28-17.15.27:724][  0]LogMemory: Physical Memory: 6556.26 MB used,  1588.95 MB free, 8145.21 MB total
[2019.02.28-17.15.27:724][  0]LogMemory: Virtual Memory: 4641.06 MB used,  1588.95 MB free, 134217728.00 MB total
[2019.02.28-17.15.28:389][  0]LogInit: Using OS detected language (en-US).
[2019.02.28-17.15.28:389][  0]LogInit: Using OS detected locale (en-CA).
[2019.02.28-17.15.28:394][  0]LogTextLocalizationManager: No specific localization for 'en-US' exists, so the 'en' localization will be used.
[2019.02.28-17.15.28:905][  0]LogStreaming: Display: Took  0.515s to InitEngineTextLocalization.
[2019.02.28-17.15.28:905][  0]LogInit: Setting process to per monitor DPI aware
[2019.02.28-17.15.29:082][  0]LogSlate: New Slate User Created.  User Index 0, Is Virtual User: 0
[2019.02.28-17.15.29:082][  0]LogSlate: Slate User Registered.  User Index 0, Is Virtual User: 0
[2019.02.28-17.15.31:744][  0]LogHMD: Failed to initialize OpenVR with code 110
[2019.02.28-17.15.31:744][  0]LogD3D11RHI: D3D11 adapters:
[2019.02.28-17.15.32:675][  0]LogD3D11RHI:    0. 'NVIDIA GeForce GTX 1060' (Feature Level 11_0)
[2019.02.28-17.15.32:675][  0]LogD3D11RHI:       6100/0/4072 MB DedicatedVideo/DedicatedSystem/SharedSystem, Outputs:1, VendorId:0x10de
[2019.02.28-17.15.32:687][  0]LogD3D11RHI:    1. 'Microsoft Basic Render Driver' (Feature Level 11_0)
[2019.02.28-17.15.32:687][  0]LogD3D11RHI:       0/0/4072 MB DedicatedVideo/DedicatedSystem/SharedSystem, Outputs:0, VendorId:0x1414
[2019.02.28-17.15.32:688][  0]LogD3D11RHI: Chosen D3D11 Adapter: 0
[2019.02.28-17.15.32:698][  0]LogD3D11RHI: Creating new Direct3DDevice
[2019.02.28-17.15.32:698][  0]LogD3D11RHI:     GPU DeviceId: 0x1c20 (for the marketing name, search the web for "GPU Device Id")
[2019.02.28-17.15.32:698][  0]LogWindows: EnumDisplayDevices:
[2019.02.28-17.15.32:699][  0]LogWindows:    0. 'NVIDIA GeForce GTX 1060' (P:1 D:1)
[2019.02.28-17.15.32:700][  0]LogWindows:    1. 'NVIDIA GeForce GTX 1060' (P:0 D:0)
[2019.02.28-17.15.32:701][  0]LogWindows:    2. 'NVIDIA GeForce GTX 1060' (P:0 D:0)
[2019.02.28-17.15.32:702][  0]LogWindows:    3. 'NVIDIA GeForce GTX 1060' (P:0 D:0)
[2019.02.28-17.15.32:702][  0]LogWindows: DebugString: FoundDriverCount:4 
[2019.02.28-17.15.32:703][  0]LogD3D11RHI:     Adapter Name: NVIDIA GeForce GTX 1060
[2019.02.28-17.15.32:703][  0]LogD3D11RHI:   Driver Version: 376.06 (internal:21.21.13.7606, unified:376.06)
[2019.02.28-17.15.32:703][  0]LogD3D11RHI:      Driver Date: 11-23-2016
[2019.02.28-17.15.32:703][  0]LogRHI: Texture pool is 4270 MB (70% of 6100 MB)
[2019.02.28-17.15.33:378][  0]LogD3D11RHI: Async texture creation enabled
[2019.02.28-17.15.33:499][  0]LogD3D11RHI: GPU Timing Frequency: 1000.000000 (Debug: 2 1)
[2019.02.28-17.15.33:550][  0]LogShaderCompilers: Guid format shader working directory is -56 characters bigger than the processId version (D:/Humber/Semester 4/Game 260_Game Production/RacingGame/Game260Development/Resources/VehicleMovement/Intermediate/Shaders/WorkingDirectory/30076/).
[2019.02.28-17.15.33:551][  0]LogShaderCompilers: Cleaned the shader compiler working directory 'C:/Users/sufus/AppData/Local/Temp/UnrealShaderWorkingDir/0BD3E06A4073BB5E7E1DB3BC57B7DC49/'.
[2019.02.28-17.15.34:126][  0]LogTemp: Display: Loaded TP AllDesktopTargetPlatform
[2019.02.28-17.15.34:166][  0]LogTemp: Display: Loaded TP MacClientTargetPlatform
[2019.02.28-17.15.34:209][  0]LogTemp: Display: Loaded TP MacNoEditorTargetPlatform
[2019.02.28-17.15.34:249][  0]LogTemp: Display: Loaded TP MacServerTargetPlatform
[2019.02.28-17.15.34:294][  0]LogTemp: Display: Loaded TP MacTargetPlatform
[2019.02.28-17.15.34:339][  0]LogTemp: Display: Loaded TP WindowsClientTargetPlatform
[2019.02.28-17.15.34:375][  0]LogTemp: Display: Loaded TP WindowsNoEditorTargetPlatform
[2019.02.28-17.15.34:417][  0]LogTemp: Display: Loaded TP WindowsServerTargetPlatform
[2019.02.28-17.15.34:452][  0]LogTemp: Display: Loaded TP WindowsTargetPlatform
[2019.02.28-17.15.34:592][  0]LogTemp: Display: Loaded TP AndroidTargetPlatform
[2019.02.28-17.15.34:592][  0]LogTemp: Display: Loaded TP AndroidTargetPlatform
[2019.02.28-17.15.34:592][  0]LogTemp: Display: Loaded TP AndroidTargetPlatform
[2019.02.28-17.15.34:592][  0]LogTemp: Display: Loaded TP AndroidTargetPlatform
[2019.02.28-17.15.34:592][  0]LogTemp: Display: Loaded TP AndroidTargetPlatform
[2019.02.28-17.15.34:592][  0]LogTemp: Display: Loaded TP AndroidTargetPlatform
[2019.02.28-17.15.34:593][  0]LogTemp: Display: Loaded TP AndroidTargetPlatform
[2019.02.28-17.15.34:593][  0]LogTemp: Display: Loaded TP AndroidTargetPlatform
[2019.02.28-17.15.34:593][  0]LogTemp: Display: Loaded TP AndroidTargetPlatform
[2019.02.28-17.15.34:593][  0]LogTemp: Display: Loaded TP AndroidTargetPlatform
[2019.02.28-17.15.34:593][  0]LogTemp: Display: Loaded TP AndroidTargetPlatform
[2019.02.28-17.15.34:593][  0]LogTemp: Display: Loaded TP AndroidTargetPlatform
[2019.02.28-17.15.34:593][  0]LogTemp: Display: Loaded TP AndroidTargetPlatform
[2019.02.28-17.15.34:593][  0]LogTemp: Display: Loaded TP AndroidTargetPlatform
[2019.02.28-17.15.34:593][  0]LogTemp: Display: Loaded TP AndroidTargetPlatform
[2019.02.28-17.15.34:594][  0]LogTemp: Display: Loaded TP AndroidTargetPlatform
[2019.02.28-17.15.34:594][  0]LogTemp: Display: Loaded TP AndroidTargetPlatform
[2019.02.28-17.15.34:594][  0]LogTemp: Display: Loaded TP AndroidTargetPlatform
[2019.02.28-17.15.34:620][  0]LogTemp: Display: Loaded TP HTML5TargetPlatform
[2019.02.28-17.15.34:768][  0]LogTemp: Display: Loaded TP IOSTargetPlatform
[2019.02.28-17.15.34:768][  0]LogTemp: Display: Loaded TP IOSTargetPlatform
[2019.02.28-17.15.34:821][  0]LogTemp: Display: Loaded TP TVOSTargetPlatform
[2019.02.28-17.15.34:821][  0]LogTemp: Display: Loaded TP TVOSTargetPlatform
[2019.02.28-17.15.34:866][  0]LogTemp: Display: Loaded TP LinuxClientTargetPlatform
[2019.02.28-17.15.34:902][  0]LogTemp: Display: Loaded TP LinuxNoEditorTargetPlatform
[2019.02.28-17.15.34:941][  0]LogTemp: Display: Loaded TP LinuxServerTargetPlatform
[2019.02.28-17.15.34:988][  0]LogTemp: Display: Loaded TP LinuxTargetPlatform
[2019.02.28-17.15.35:027][  0]LogTemp: Display: Loaded TP LuminTargetPlatform
[2019.02.28-17.15.35:027][  0]LogTargetPlatformManager: Display: Building Assets For Windows
[2019.02.28-17.15.35:835][  0]LogXGEController: Cleaning working directory: C:/Users/sufus/AppData/Local/Temp/UnrealXGEWorkingDir/
[2019.02.28-17.15.35:836][  0]LogXGEController: Cannot use XGE Controller as Incredibuild is not installed on this machine.
[2019.02.28-17.15.35:836][  0]LogShaderCompilers: Cannot use XGE Shader Compiler as Incredibuild is not installed on this machine.
[2019.02.28-17.15.35:836][  0]LogShaderCompilers: Display: Using Local Shader Compiler.
[2019.02.28-17.15.38:055][  0]LogDerivedDataCache: Display: Max Cache Size: 512 MB
[2019.02.28-17.15.38:365][  0]LogDerivedDataCache: Loaded boot cache 0.31s 73MB C:/Users/sufus/AppData/Local/UnrealEngine/4.20/DerivedDataCache/Boot.ddc.
[2019.02.28-17.15.38:366][  0]LogDerivedDataCache: Display: Loaded Boot cache: C:/Users/sufus/AppData/Local/UnrealEngine/4.20/DerivedDataCache/Boot.ddc
[2019.02.28-17.15.38:367][  0]LogDerivedDataCache: FDerivedDataBackendGraph:  Pak pak cache file D:/Humber/Semester 4/Game 260_Game Production/RacingGame/Game260Development/Resources/VehicleMovement/DerivedDataCache/DDC.ddp not found, will not use a pak cache.
[2019.02.28-17.15.38:367][  0]LogDerivedDataCache: Unable to find inner node Pak for hierarchical cache Hierarchy.
[2019.02.28-17.15.38:367][  0]LogDerivedDataCache: FDerivedDataBackendGraph:  CompressedPak pak cache file D:/Humber/Semester 4/Game 260_Game Production/RacingGame/Game260Development/Resources/VehicleMovement/DerivedDataCache/Compressed.ddp not found, will not use a pak cache.
[2019.02.28-17.15.38:367][  0]LogDerivedDataCache: Unable to find inner node CompressedPak for hierarchical cache Hierarchy.
[2019.02.28-17.15.38:393][  0]LogDerivedDataCache: Display: Pak cache opened for reading ../../../Engine/DerivedDataCache/Compressed.ddp.
[2019.02.28-17.15.38:409][  0]LogDerivedDataCache: Using Local data cache path C:/Users/sufus/AppData/Local/UnrealEngine/Common/DerivedDataCache: Writable
[2019.02.28-17.15.38:409][  0]LogDerivedDataCache: Shared data cache path not found in *engine.ini, will not use an Shared cache.
[2019.02.28-17.15.38:410][  0]LogDerivedDataCache: Unable to find inner node Shared for hierarchical cache Hierarchy.
[2019.02.28-17.15.38:434][  0]LogMaterial: Verifying Global Shaders for PCD3D_SM5
[2019.02.28-17.15.38:436][  0]LogSlate: Using FreeType 2.6.0
[2019.02.28-17.15.38:454][  0]LogSlate: SlateFontServices - WITH_FREETYPE: 1, WITH_HARFBUZZ: 1
[2019.02.28-17.15.38:795][  0]LogAssetRegistry: FAssetRegistry took 0.0321 seconds to start up
[2019.02.28-17.15.39:261][  0]LogInit: Selected Device Profile: [Windows]
[2019.02.28-17.15.40:016][  0]LogSimplygon: Simplygon DLL not present - disabling.
[2019.02.28-17.15.40:111][  0]LogMeshReduction: Using SimplygonSwarm for distributed automatic mesh merging
[2019.02.28-17.15.40:112][  0]LogMeshReduction: Using ProxyLODMeshReduction for automatic mesh merging
[2019.02.28-17.15.40:112][  0]LogMeshReduction: Using QuadricMeshReduction for automatic static mesh reduction
[2019.02.28-17.15.40:112][  0]LogMeshReduction: No automatic skeletal mesh reduction module available
[2019.02.28-17.15.40:183][  0]LogNetVersion: VehicleMovement 1.0.0, NetCL: 4212847, EngineNetVer: 5, GameNetVer: 0 (Checksum: 2966596176)
[2019.02.28-17.15.41:769][  0]LogPackageLocalizationCache: Processed 11 localized package path(s) for 2 prioritized culture(s) in 0.256110 seconds
[2019.02.28-17.15.41:779][  0]LogUObjectArray: 38425 objects as part of root set at end of initial load.
[2019.02.28-17.15.41:779][  0]LogUObjectAllocator: 6690864 out of 0 bytes used by permanent object pool.
[2019.02.28-17.15.41:779][  0]LogUObjectArray: CloseDisregardForGC: 0/0 objects in disregard for GC pool
[2019.02.28-17.15.47:130][  0]LogTcpMessaging: Initializing TcpMessaging bridge
[2019.02.28-17.15.47:169][  0]LogUdpMessaging: Initializing bridge on interface 0.0.0.0:0 to multicast group 230.0.0.1:6666.
[2019.02.28-17.15.48:330][  0]SourceControl: Source control is disabled
[2019.02.28-17.15.48:330][  0]SourceControl: Source control is disabled
[2019.02.28-17.15.48:392][  0]SourceControl: Source control is disabled
[2019.02.28-17.15.48:424][  0]SourceControl: Source control is disabled
[2019.02.28-17.15.49:736][  0]LogAndroidPermission: UAndroidPermissionCallbackProxy::GetInstance
[2019.02.28-17.15.50:062][  0]LogOcInput: OculusInput pre-init called
[2019.02.28-17.15.50:294][  0]LogEngine: Initializing Engine...
[2019.02.28-17.15.50:298][  0]LogHMD: Failed to initialize OpenVR with code 110
[2019.02.28-17.15.50:300][  0]LogStats: UGameplayTagsManager::ConstructGameplayTagTree: ImportINI prefixes -  0.000 s
[2019.02.28-17.15.50:300][  0]LogStats: UGameplayTagsManager::ConstructGameplayTagTree: Construct from data asset -  0.000 s
[2019.02.28-17.15.50:301][  0]LogStats: UGameplayTagsManager::ConstructGameplayTagTree: ImportINI -  0.000 s
[2019.02.28-17.15.50:301][  0]LogStats: UGameplayTagsManager::ConstructGameplayTagTree: GameplayTagTreeChangedEvent.Broadcast -  0.000 s
[2019.02.28-17.15.50:776][  0]LogInit: Initializing FReadOnlyCVARCache
[2019.02.28-17.15.50:839][  0]LogAIModule: Creating AISystem for world Untitled
[2019.02.28-17.15.50:903][  0]LogInit: XAudio2 using 'Speakers (Realtek High Definition Audio)' : 2 channels at 48 kHz using 32 bits per sample (channel mask 0x3)
[2019.02.28-17.15.51:108][  0]LogInit: FAudioDevice initialized.
[2019.02.28-17.15.51:109][  0]LogNetVersion: Set ProjectVersion to 1.0.0.0. Version Checksum will be recalculated on next use.
[2019.02.28-17.15.51:194][  0]LogDerivedDataCache: Saved boot cache 0.08s 73MB C:/Users/sufus/AppData/Local/UnrealEngine/4.20/DerivedDataCache/Boot.ddc.
[2019.02.28-17.15.51:206][  0]LogInit: Texture streaming: Enabled
[2019.02.28-17.15.51:341][  0]LogEngineSessionManager: EngineSessionManager initialized
[2019.02.28-17.15.51:341][  0]LogEngineSessionManager: EngineSessionManager sent abnormal shutdown report. Type=Debugger, SessionId={80AAF8D4-49B4-D5CF-DFB7-E1BCF8074311}
[2019.02.28-17.15.51:381][  0]LogInit: Transaction tracking system initialized
[2019.02.28-17.15.51:588][  0]BlueprintLog: New page: Editor Load
[2019.02.28-17.15.53:436][  0]LocalizationService: Localization service is disabled
[2019.02.28-17.15.54:536][  0]LogCook: Display: Max memory allowance for cook 16384mb min free memory 0mb
[2019.02.28-17.15.54:537][  0]LogCook: Display: Mobile HDR setting 1
[2019.02.28-17.15.54:537][  0]LogGameplayTags: Display: UGameplayTagsManager::DoneAddingNativeTags. DelegateIsBound: 0
[2019.02.28-17.15.54:537][  0]LogStats: UGameplayTagsManager::ConstructGameplayTagTree: ImportINI prefixes -  0.000 s
[2019.02.28-17.15.54:537][  0]LogStats: UGameplayTagsManager::ConstructGameplayTagTree: Construct from data asset -  0.000 s
[2019.02.28-17.15.54:537][  0]LogStats: UGameplayTagsManager::ConstructGameplayTagTree: ImportINI -  0.000 s
[2019.02.28-17.15.54:537][  0]LogStats: UGameplayTagsManager::ConstructGameplayTagTree: GameplayTagTreeChangedEvent.Broadcast -  0.000 s
[2019.02.28-17.15.54:890][  0]LogFileCache: Scanning file cache for directory 'D:/Humber/Semester 4/Game 260_Game Production/RacingGame/Game260Development/Resources/VehicleMovement/Content/' took 0.03s
[2019.02.28-17.15.55:608][  0]SourceControl: Source control is disabled
[2019.02.28-17.15.55:679][  0]LightingResults: New page: Lighting Build
[2019.02.28-17.15.55:693][  0]MapCheck: New page: Map Check
[2019.02.28-17.15.55:694][  0]LightingResults: New page: Lighting Build
[2019.02.28-17.15.56:387][  0]LogAIModule: Creating AISystem for world VehicleExampleMap
[2019.02.28-17.15.56:452][  0]LogEditorServer: Finished looking for orphan Actors (0.000 secs)
[2019.02.28-17.15.56:478][  0]Cmd: MAP CHECKDEP NOCLEARLOG
[2019.02.28-17.15.56:590][  0]MapCheck: Map check complete: 0 Error(s), 0 Warning(s), took 111.819ms to complete.
[2019.02.28-17.15.56:591][  0]LogFileHelpers: Loading map 'VehicleExampleMap' took 0.982
[2019.02.28-17.15.56:737][  0]LogSlate: Updating window title bar state: overlay mode, drag disabled, window buttons hidden, title bar hidden
[2019.02.28-17.15.56:748][  0]LogSlate: Updating window title bar state: overlay mode, drag disabled, window buttons hidden, title bar hidden
[2019.02.28-17.15.56:758][  0]LogSlate: Updating window title bar state: overlay mode, drag disabled, window buttons hidden, title bar hidden
[2019.02.28-17.15.56:770][  0]LogSlate: Updating window title bar state: overlay mode, drag disabled, window buttons hidden, title bar hidden
[2019.02.28-17.15.56:820][  0]LogCollectionManager: Loaded 0 collections in 0.004563 seconds
[2019.02.28-17.15.56:888][  0]LogFileCache: Scanning file cache for directory 'D:/Humber/Semester 4/Game 260_Game Production/RacingGame/Game260Development/Resources/VehicleMovement/Saved/Collections/' took 0.02s
[2019.02.28-17.15.56:888][  0]LogFileCache: Scanning file cache for directory 'D:/Humber/Semester 4/Game 260_Game Production/RacingGame/Game260Development/Resources/VehicleMovement/Content/Developers/sufus/Collections/' took 0.02s
[2019.02.28-17.15.56:888][  0]LogFileCache: Scanning file cache for directory 'D:/Humber/Semester 4/Game 260_Game Production/RacingGame/Game260Development/Resources/VehicleMovement/Content/Collections/' took 0.02s
[2019.02.28-17.15.56:888][  0]LogCollectionManager: Rebuilt the GUID cache for 0 collections in 0.000001 seconds
[2019.02.28-17.15.56:902][  0]LogContentBrowser: Native class hierarchy populated in 0.0131 seconds. Added 2586 classes and 609 folders.
[2019.02.28-17.15.56:912][  0]LogContentBrowser: Native class hierarchy updated for 'WidgetCarousel' in 0.0008 seconds. Added 0 classes and 0 folders.
[2019.02.28-17.15.57:416][  0]LogContentBrowser: Native class hierarchy updated for 'AddContentDialog' in 0.0008 seconds. Added 0 classes and 0 folders.
[2019.02.28-17.15.57:466][  0]LogContentBrowser: Native class hierarchy updated for 'SceneOutliner' in 0.0010 seconds. Added 1 classes and 2 folders.
[2019.02.28-17.15.57:554][  0]LogContentBrowser: Native class hierarchy updated for 'HierarchicalLODOutliner' in 0.0009 seconds. Added 0 classes and 0 folders.
[2019.02.28-17.15.57:554][  0]LogLoad: (Engine Initialization) Total time: 36.74 seconds
[2019.02.28-17.15.57:554][  0]LogLoad: (Engine Initialization) Total Blueprint compile time: 0.00 seconds
[2019.02.28-17.15.57:582][  0]LogRawInputWindows: Warning: Found device 0 devices
[2019.02.28-17.15.57:582][  0]LogRawInputWindows: Warning: Found device 0 devices
[2019.02.28-17.15.57:582][  0]LogRawInputWindows: Warning: Device was registered succesfully but not connected (Usage:4 UsagePage:1)
[2019.02.28-17.15.57:583][  0]LogRawInputWindows: Warning: Found device 1 devices
[2019.02.28-17.15.57:583][  0]LogRawInputWindows: Warning: Device was registered succesfully but not connected (Usage:5 UsagePage:1)
[2019.02.28-17.15.57:605][  0]LogContentStreaming: Texture pool size now 1000 MB
[2019.02.28-17.15.57:614][  0]LogSlate: Took 0.006321 seconds to synchronously load lazily loaded font '../../../Engine/Content/Slate/Fonts/Roboto-Regular.ttf' (155K)
[2019.02.28-17.15.57:625][  0]LogSlate: Took 0.006047 seconds to synchronously load lazily loaded font '../../../Engine/Content/Slate/Fonts/Roboto-Bold.ttf' (160K)
[2019.02.28-17.15.57:635][  0]LogSlate: Took 0.006619 seconds to synchronously load lazily loaded font '../../../Engine/Content/Editor/Slate/Fonts/FontAwesome.ttf' (139K)
[2019.02.28-17.15.57:642][  0]LogSlate: Took 0.006340 seconds to synchronously load lazily loaded font '../../../Engine/Content/Slate/Fonts/DroidSansMono.ttf' (77K)
[2019.02.28-17.15.57:832][  1]LogRenderer: Reallocating scene render targets to support 1168x464 Format 10 NumSamples 1 (Frame:1).
[2019.02.28-17.15.57:833][  1]LogAssetRegistry: Asset discovery search completed in 19.0638 seconds
[2019.02.28-17.15.57:837][  1]LogCollectionManager: Rebuilt the object cache for 0 collections in 0.000001 seconds (found 0 objects)
[2019.02.28-17.15.57:837][  1]LogCollectionManager: Fixed up redirectors for 0 collections in 0.000455 seconds (updated 0 objects)
[2019.02.28-17.16.15:351][ 29]LogRenderer: Reallocating scene render targets to support 1284x560 Format 10 NumSamples 1 (Frame:1030).
[2019.02.28-17.16.34:868][189]LogSlate: FSceneViewport::OnFocusLost() reason 0
[2019.02.28-17.16.34:886][189]LogSlate: Took 0.005076 seconds to synchronously load lazily loaded font '../../../Engine/Content/Slate/Fonts/Roboto-Light.ttf' (167K)
[2019.02.28-17.16.44:836][751]LogSlate: Took 0.000383 seconds to synchronously load lazily loaded font '../../../Engine/Content/Slate/Fonts/Roboto-Light.ttf' (167K)
[2019.02.28-17.16.44:851][751]LogAssetEditorManager: Opening Asset editor for Blueprint /Game/BluePrint/MyVehicleMovementGameMode.MyVehicleMovementGameMode
[2019.02.28-17.16.45:541][751]LogContentBrowser: Native class hierarchy updated for 'BlueprintGraph' in 0.0012 seconds. Added 116 classes and 0 folders.
[2019.02.28-17.17.44:677][205]LogSlate: Window 'MyVehicleMovementGameMode' being destroyed
[2019.02.28-17.17.44:684][205]LogSlate: Window 'MyVehicleMovementGameMode' being destroyed
[2019.02.28-17.17.45:544][252]LogAssetEditorManager: Opening Asset editor for Blueprint /Game/BluePrint/MyAVehiclePawn.MyAVehiclePawn
[2019.02.28-17.17.45:901][252]LogSlate: Took 0.004942 seconds to synchronously load lazily loaded font '../../../Engine/Content/Slate/Fonts/Roboto-BoldCondensed.ttf' (158K)
[2019.02.28-17.17.47:314][316]LogSlate: Took 0.005681 seconds to synchronously load lazily loaded font '../../../Engine/Content/Slate/Fonts/Roboto-Italic.ttf' (157K)
[2019.02.28-17.18.02:202][191]LogRenderer: Reallocating scene render targets to support 1284x728 Format 10 NumSamples 1 (Frame:1).
[2019.02.28-17.18.37:737][932]LogSlate: FSceneViewport::OnFocusLost() reason 0
[2019.02.28-17.18.50:857][698]LogSlate: FSceneViewport::OnFocusLost() reason 0
[2019.02.28-17.19.14:747][120]LogSlate: FSceneViewport::OnFocusLost() reason 0
[2019.02.28-17.19.16:665][215]LogSlate: FSceneViewport::OnFocusLost() reason 0
[2019.02.28-17.19.16:732][219]LogTemp: Repeating last play command: Selected Viewport
[2019.02.28-17.19.16:771][219]LogBlueprintUserMessages: Early PlayInEditor Detection: Level '/Game/VehicleCPP/Maps/VehicleExampleMap.VehicleExampleMap:PersistentLevel' has LevelScriptBlueprint '/Game/VehicleCPP/Maps/VehicleExampleMap.VehicleExampleMap:PersistentLevel.VehicleExampleMap' with GeneratedClass '/Game/VehicleCPP/Maps/VehicleExampleMap.VehicleExampleMap_C' with ClassGeneratedBy '/Game/VehicleCPP/Maps/VehicleExampleMap.VehicleExampleMap:PersistentLevel.VehicleExampleMap'
[2019.02.28-17.19.16:773][219]LogPlayLevel: PlayLevel: No blueprints needed recompiling
[2019.02.28-17.19.16:791][219]PIE: New page: PIE session: VehicleExampleMap (Feb 28, 2019, 7:19:16 AM)
[2019.02.28-17.19.16:792][219]LogPlayLevel: Creating play world package: /Game/VehicleCPP/Maps/UEDPIE_0_VehicleExampleMap
[2019.02.28-17.19.16:833][219]LogPlayLevel: PIE: StaticDuplicateObject took: (0.041404s)
[2019.02.28-17.19.16:834][219]LogAIModule: Creating AISystem for world VehicleExampleMap
[2019.02.28-17.19.16:835][219]LogPlayLevel: PIE: World Init took: (0.001840s)
[2019.02.28-17.19.16:835][219]LogPlayLevel: PIE: Created PIE world by copying editor world from /Game/VehicleCPP/Maps/VehicleExampleMap.VehicleExampleMap to /Game/VehicleCPP/Maps/UEDPIE_0_VehicleExampleMap.VehicleExampleMap (0.044606s)
[2019.02.28-17.19.16:910][219]LogInit: XAudio2 using 'Speakers (Realtek High Definition Audio)' : 2 channels at 48 kHz using 32 bits per sample (channel mask 0x3)
[2019.02.28-17.19.16:960][219]LogInit: FAudioDevice initialized.
[2019.02.28-17.19.17:017][219]LogLoad: Game class is 'VehicleMovementGameMode'
[2019.02.28-17.19.17:025][219]LogWorld: Bringing World /Game/VehicleCPP/Maps/UEDPIE_0_VehicleExampleMap.VehicleExampleMap up for play (max tick rate 60) at 2019.02.28-12.19.17
[2019.02.28-17.19.17:027][219]LogWorld: Bringing up level for play took: 0.003510
[2019.02.28-17.19.17:075][219]LogContentBrowser: Native class hierarchy updated for 'MovieSceneCapture' in 0.0019 seconds. Added 10 classes and 0 folders.
[2019.02.28-17.19.17:078][219]PIE: Play in editor start time for /Game/VehicleCPP/Maps/UEDPIE_0_VehicleExampleMap 0.406
[2019.02.28-17.19.17:090][219]LogBlueprintUserMessages: Late PlayInEditor Detection: Level '/Game/VehicleCPP/Maps/VehicleExampleMap.VehicleExampleMap:PersistentLevel' has LevelScriptBlueprint '/Game/VehicleCPP/Maps/VehicleExampleMap.VehicleExampleMap:PersistentLevel.VehicleExampleMap' with GeneratedClass '/Game/VehicleCPP/Maps/VehicleExampleMap.VehicleExampleMap_C' with ClassGeneratedBy '/Game/VehicleCPP/Maps/VehicleExampleMap.VehicleExampleMap:PersistentLevel.VehicleExampleMap'
[2019.02.28-17.19.23:609][601]LogTemp: Warning: Boost Pressed
[2019.02.28-17.19.23:893][618]LogTemp: Warning: Boost Un-Pressed
[2019.02.28-17.19.24:709][667]LogTemp: Warning: Boost Pressed
[2019.02.28-17.19.31:445][ 71]LogTemp: Warning: Boost Un-Pressed
[2019.02.28-17.19.42:900][758]LogBlueprintUserMessages: Early EndPlayMap Detection: Level '/Game/VehicleCPP/Maps/VehicleExampleMap.VehicleExampleMap:PersistentLevel' has LevelScriptBlueprint '/Game/VehicleCPP/Maps/VehicleExampleMap.VehicleExampleMap:PersistentLevel.VehicleExampleMap' with GeneratedClass '/Game/VehicleCPP/Maps/VehicleExampleMap.VehicleExampleMap_C' with ClassGeneratedBy '/Game/VehicleCPP/Maps/VehicleExampleMap.VehicleExampleMap:PersistentLevel.VehicleExampleMap'
[2019.02.28-17.19.42:907][758]LogSlate: Updating window title bar state: overlay mode, drag disabled, window buttons hidden, title bar hidden
[2019.02.28-17.19.42:954][758]LogPlayLevel: Display: Shutting down PIE online subsystems
[2019.02.28-17.19.42:954][758]LogBlueprintUserMessages: Late EndPlayMap Detection: Level '/Game/VehicleCPP/Maps/VehicleExampleMap.VehicleExampleMap:PersistentLevel' has LevelScriptBlueprint '/Game/VehicleCPP/Maps/VehicleExampleMap.VehicleExampleMap:PersistentLevel.VehicleExampleMap' with GeneratedClass '/Game/VehicleCPP/Maps/VehicleExampleMap.VehicleExampleMap_C' with ClassGeneratedBy '/Game/VehicleCPP/Maps/VehicleExampleMap.VehicleExampleMap:PersistentLevel.VehicleExampleMap'
[2019.02.28-17.19.42:991][758]LogSlate: Updating window title bar state: overlay mode, drag disabled, window buttons hidden, title bar hidden
[2019.02.28-17.19.43:027][759]LogPlayLevel: Display: Destroying online subsystem :Context_7
[2019.02.28-17.19.44:455][844]LogEditorViewport: Clicking on Actor (LMB): StaticMeshActor (Plane)
[2019.02.28-17.19.46:188][936]LogSlate: FSceneViewport::OnFocusLost() reason 0
[2019.02.28-17.20.10:282][147]LogEditorViewport: Clicking on Actor (LMB): StaticMeshActor (Plane)
[2019.02.28-17.20.12:920][304]LogSlate: FSceneViewport::OnFocusLost() reason 0
[2019.02.28-17.20.21:838][834]LogEditorViewport: Clicking on Actor (LMB): StaticMeshActor (Plane2)
[2019.02.28-17.20.22:869][893]LogSlate: FSceneViewport::OnFocusLost() reason 0
[2019.02.28-17.20.23:319][920]Cmd: POLY SELECT MEMORY RECALL
[2019.02.28-17.20.27:508][171]LogTemp: Repeating last play command: Selected Viewport
[2019.02.28-17.20.27:537][171]LogBlueprintUserMessages: Early PlayInEditor Detection: Level '/Game/VehicleCPP/Maps/VehicleExampleMap.VehicleExampleMap:PersistentLevel' has LevelScriptBlueprint '/Game/VehicleCPP/Maps/VehicleExampleMap.VehicleExampleMap:PersistentLevel.VehicleExampleMap' with GeneratedClass '/Game/VehicleCPP/Maps/VehicleExampleMap.VehicleExampleMap_C' with ClassGeneratedBy '/Game/VehicleCPP/Maps/VehicleExampleMap.VehicleExampleMap:PersistentLevel.VehicleExampleMap'
[2019.02.28-17.20.27:538][171]LogPlayLevel: PlayLevel: No blueprints needed recompiling
[2019.02.28-17.20.27:539][171]PIE: New page: PIE session: VehicleExampleMap (Feb 28, 2019, 7:20:27 AM)
[2019.02.28-17.20.27:539][171]LogPlayLevel: Creating play world package: /Game/VehicleCPP/Maps/UEDPIE_0_VehicleExampleMap
[2019.02.28-17.20.27:561][171]LogPlayLevel: PIE: StaticDuplicateObject took: (0.021690s)
[2019.02.28-17.20.27:563][171]LogAIModule: Creating AISystem for world VehicleExampleMap
[2019.02.28-17.20.27:564][171]LogPlayLevel: PIE: World Init took: (0.001731s)
[2019.02.28-17.20.27:564][171]LogPlayLevel: PIE: Created PIE world by copying editor world from /Game/VehicleCPP/Maps/VehicleExampleMap.VehicleExampleMap to /Game/VehicleCPP/Maps/UEDPIE_0_VehicleExampleMap.VehicleExampleMap (0.024746s)
[2019.02.28-17.20.27:621][171]LogInit: XAudio2 using 'Speakers (Realtek High Definition Audio)' : 2 channels at 48 kHz using 32 bits per sample (channel mask 0x3)
[2019.02.28-17.20.27:665][171]LogInit: FAudioDevice initialized.
[2019.02.28-17.20.27:709][171]LogLoad: Game class is 'VehicleMovementGameMode'
[2019.02.28-17.20.27:715][171]LogWorld: Bringing World /Game/VehicleCPP/Maps/UEDPIE_0_VehicleExampleMap.VehicleExampleMap up for play (max tick rate 60) at 2019.02.28-12.20.27
[2019.02.28-17.20.27:716][171]LogWorld: Bringing up level for play took: 0.003111
[2019.02.28-17.20.27:730][171]PIE: Play in editor start time for /Game/VehicleCPP/Maps/UEDPIE_0_VehicleExampleMap 1.059
[2019.02.28-17.20.27:731][171]LogBlueprintUserMessages: Late PlayInEditor Detection: Level '/Game/VehicleCPP/Maps/VehicleExampleMap.VehicleExampleMap:PersistentLevel' has LevelScriptBlueprint '/Game/VehicleCPP/Maps/VehicleExampleMap.VehicleExampleMap:PersistentLevel.VehicleExampleMap' with GeneratedClass '/Game/VehicleCPP/Maps/VehicleExampleMap.VehicleExampleMap_C' with ClassGeneratedBy '/Game/VehicleCPP/Maps/VehicleExampleMap.VehicleExampleMap:PersistentLevel.VehicleExampleMap'
[2019.02.28-17.20.51:321][582]LogBlueprintUserMessages: Early EndPlayMap Detection: Level '/Game/VehicleCPP/Maps/VehicleExampleMap.VehicleExampleMap:PersistentLevel' has LevelScriptBlueprint '/Game/VehicleCPP/Maps/VehicleExampleMap.VehicleExampleMap:PersistentLevel.VehicleExampleMap' with GeneratedClass '/Game/VehicleCPP/Maps/VehicleExampleMap.VehicleExampleMap_C' with ClassGeneratedBy '/Game/VehicleCPP/Maps/VehicleExampleMap.VehicleExampleMap:PersistentLevel.VehicleExampleMap'
[2019.02.28-17.20.51:322][582]LogSlate: Updating window title bar state: overlay mode, drag disabled, window buttons hidden, title bar hidden
[2019.02.28-17.20.51:368][582]LogPlayLevel: Display: Shutting down PIE online subsystems
[2019.02.28-17.20.51:369][582]LogBlueprintUserMessages: Late EndPlayMap Detection: Level '/Game/VehicleCPP/Maps/VehicleExampleMap.VehicleExampleMap:PersistentLevel' has LevelScriptBlueprint '/Game/VehicleCPP/Maps/VehicleExampleMap.VehicleExampleMap:PersistentLevel.VehicleExampleMap' with GeneratedClass '/Game/VehicleCPP/Maps/VehicleExampleMap.VehicleExampleMap_C' with ClassGeneratedBy '/Game/VehicleCPP/Maps/VehicleExampleMap.VehicleExampleMap:PersistentLevel.VehicleExampleMap'
[2019.02.28-17.20.51:402][582]LogSlate: Updating window title bar state: overlay mode, drag disabled, window buttons hidden, title bar hidden
[2019.02.28-17.20.51:430][583]LogPlayLevel: Display: Destroying online subsystem :Context_9
[2019.02.28-17.20.53:993][620]LogSlate: FSceneViewport::OnFocusLost() reason 2
[2019.02.28-17.20.56:400][690]LogEditorViewport: Clicking on Actor (LMB): StaticMeshActor (Plane)
[2019.02.28-17.20.58:494][812]LogSlate: FSceneViewport::OnFocusLost() reason 0
[2019.02.28-17.20.59:549][874]LogEditorViewport: Clicking on Actor (LMB): StaticMeshActor (Plane2)
[2019.02.28-17.21.00:314][917]LogSlate: FSceneViewport::OnFocusLost() reason 0
