Log file open, 02/18/19 13:02:42
LogWindows: Failed to load 'aqProf.dll' (GetLastError=126)
LogWindows: File 'aqProf.dll' does not exist
LogWindows: Failed to load 'VSPerf140.dll' (GetLastError=126)
LogWindows: File 'VSPerf140.dll' does not exist
LogWindows: Failed to load 'VtuneApi.dll' (GetLastError=126)
LogWindows: File 'VtuneApi.dll' does not exist
LogWindows: Failed to load 'VtuneApi32e.dll' (GetLastError=126)
LogWindows: File 'VtuneApi32e.dll' does not exist
LogInit: Display: Running engine for game: VehicleMovement
LogPlatformFile: Not using cached read wrapper
LogTaskGraph: Started task graph with 5 named threads and 14 total threads with 3 sets of task threads.
LogStats: Stats thread started at 0.491573
LogD3D11RHI: Loaded GFSDK_Aftermath_Lib.x64.dll
LogICUInternationalization: Display: ICU TimeZone Detection - Raw Offset: -5:00, Platform Override: ''
LogPluginManager: Mounting plugin Paper2D
LogPluginManager: Mounting plugin AISupport
LogPluginManager: Mounting plugin LightPropagationVolume
LogPluginManager: Mounting plugin CLionSourceCodeAccess
LogPluginManager: Mounting plugin CodeLiteSourceCodeAccess
LogPluginManager: Mounting plugin GitSourceControl
LogPluginManager: Mounting plugin KDevelopSourceCodeAccess
LogPluginManager: Mounting plugin NullSourceCodeAccess
LogPluginManager: Mounting plugin PerforceSourceControl
LogPluginManager: Mounting plugin SubversionSourceControl
LogPluginManager: Mounting plugin UObjectPlugin
LogPluginManager: Mounting plugin VisualStudioCodeSourceCodeAccess
LogPluginManager: Mounting plugin VisualStudioSourceCodeAccess
LogPluginManager: Mounting plugin XCodeSourceCodeAccess
LogPluginManager: Mounting plugin AssetManagerEditor
LogPluginManager: Mounting plugin CryptoKeys
LogPluginManager: Mounting plugin DataValidation
LogPluginManager: Mounting plugin FacialAnimation
LogPluginManager: Mounting plugin GameplayTagsEditor
LogPluginManager: Mounting plugin MacGraphicsSwitching
LogPluginManager: Mounting plugin MeshEditor
LogPluginManager: Mounting plugin MobileLauncherProfileWizard
LogPluginManager: Mounting plugin PluginBrowser
LogPluginManager: Mounting plugin SpeedTreeImporter
LogPluginManager: Mounting plugin DatasmithContent
LogPluginManager: Mounting plugin AlembicImporter
LogPluginManager: Mounting plugin AppleImageUtils
LogPluginManager: Mounting plugin AppleVision
LogPluginManager: Mounting plugin BackChannel
LogPluginManager: Mounting plugin CharacterAI
LogPluginManager: Mounting plugin GeometryCache
LogPluginManager: Mounting plugin HTML5Networking
LogPluginManager: Mounting plugin ProxyLODPlugin
LogPluginManager: Mounting plugin RawInput
LogPluginManager: Mounting plugin MagicLeap
LogPluginManager: Mounting plugin MagicLeapEmulator
LogPluginManager: Mounting plugin MagicLeapMedia
LogPluginManager: Mounting plugin AndroidMedia
LogPluginManager: Mounting plugin AvfMedia
LogPluginManager: Mounting plugin ImgMedia
LogPluginManager: Mounting plugin LinearTimecode
LogPluginManager: Mounting plugin MediaCompositing
LogPluginManager: Mounting plugin MediaPlayerEditor
LogPluginManager: Mounting plugin WmfMedia
LogPluginManager: Mounting plugin TcpMessaging
LogPluginManager: Mounting plugin UdpMessaging
LogPluginManager: Mounting plugin ActorSequence
LogPluginManager: Mounting plugin LevelSequenceEditor
LogPluginManager: Mounting plugin MatineeToLevelSequence
LogPluginManager: Mounting plugin NetcodeUnitTest
LogPluginManager: Mounting plugin NUTUnrealEngine4
LogPluginManager: Mounting plugin OnlineSubsystemGooglePlay
LogPluginManager: Mounting plugin OnlineSubsystemIOS
LogPluginManager: Mounting plugin OnlineSubsystem
LogPluginManager: Mounting plugin OnlineSubsystemNull
LogPluginManager: Mounting plugin OnlineSubsystemUtils
LogPluginManager: Mounting plugin LauncherChunkInstaller
LogPluginManager: Mounting plugin AndroidDeviceProfileSelector
LogPluginManager: Mounting plugin AndroidMoviePlayer
LogPluginManager: Mounting plugin AndroidPermission
LogPluginManager: Mounting plugin AppleMoviePlayer
LogPluginManager: Mounting plugin ArchVisCharacter
LogPluginManager: Mounting plugin AudioCapture
LogPluginManager: Mounting plugin CableComponent
LogPluginManager: Mounting plugin CustomMeshComponent
LogPluginManager: Mounting plugin EditableMesh
LogPluginManager: Mounting plugin ExampleDeviceProfileSelector
LogPluginManager: Mounting plugin GoogleCloudMessaging
LogPluginManager: Mounting plugin ImmediatePhysics
LogPluginManager: Mounting plugin IOSDeviceProfileSelector
LogPluginManager: Mounting plugin LinuxDeviceProfileSelector
LogPluginManager: Mounting plugin LocationServicesBPLibrary
LogPluginManager: Mounting plugin MobilePatchingUtils
LogPluginManager: Mounting plugin OculusVR
LogPluginManager: Plugin shader directory ../../../Engine/Plugins/Runtime/Oculus/OculusVR/Shaders found
LogPluginManager: Mapping shader source directory ../../../Engine/Plugins/Runtime/Oculus/OculusVR/Shaders to virtual directory /Plugin/OculusVR
LogPluginManager: Mounting plugin PhysXVehicles
LogPluginManager: Mounting plugin ProceduralMeshComponent
LogPluginManager: Mounting plugin RuntimePhysXCooking
LogPluginManager: Mounting plugin SteamVR
LogPluginManager: Mounting plugin WindowsMoviePlayer
LogStreaming: Display: Took  0.310s to configure plugins.
LogInit: Using libcurl 7.55.1-DEV
LogInit:  - built for x86_64-pc-win32
LogInit:  - supports SSL with OpenSSL/1.0.2h
LogInit:  - supports HTTP deflate (compression) using libz 1.2.8
LogInit:  - other features:
LogInit:      CURL_VERSION_SSL
LogInit:      CURL_VERSION_LIBZ
LogInit:      CURL_VERSION_IPV6
LogInit:      CURL_VERSION_ASYNCHDNS
LogInit:      CURL_VERSION_LARGEFILE
LogInit:      CURL_VERSION_IDN
LogInit:  CurlRequestOptions (configurable via config and command line):
LogInit:  - bVerifyPeer = false  - Libcurl will NOT verify peer certificate
LogInit:  - bUseHttpProxy = false  - Libcurl will NOT use HTTP proxy
LogInit:  - bDontReuseConnections = false  - Libcurl will reuse connections
LogInit:  - CertBundlePath = nullptr  - Libcurl will use whatever was configured at build time.
LogInit:  - MaxHostConnections = 16  - Libcurl will limit the number of connections to a host
LogInit:  - LocalHostAddr = Default
LogInit:  - BufferSize = 65536
LogInit: WinSock: version 1.1 (2.2), MaxSocks=32767, MaxUdp=65467
LogInit: Build: ++UE4+Release-4.20-CL-4369336
LogInit: Engine Version: 4.20.3-4369336+++UE4+Release-4.20
LogInit: Compatible Engine Version: 4.20.0-4212847+++UE4+Release-4.20
LogInit: Net CL: 4212847
LogInit: OS: Windows 10 (), CPU: Intel(R) Core(TM) i5-4460  CPU @ 3.20GHz, GPU: NVIDIA GeForce GTX 750 Ti
LogInit: Compiled (64-bit): Sep 17 2018 12:26:19
LogInit: Compiled with Visual C++: 19.13.26129.00
LogInit: Build Configuration: Development
LogInit: Branch Name: ++UE4+Release-4.20
LogInit: Command Line:  -skipcompile
LogInit: Base Directory: C:/Program Files/Epic Games/UE_4.20/Engine/Binaries/Win64/
LogInit: Installed Engine Build: 1
LogDevObjectVersion: Number of dev versions registered: 20
LogDevObjectVersion:   Dev-Blueprints (B0D832E4-1F89-4F0D-ACCF-7EB736FD4AA2): 10
LogDevObjectVersion:   Dev-Build (E1C64328-A22C-4D53-A36C-8E866417BD8C): 0
LogDevObjectVersion:   Dev-Core (375EC13C-06E4-48FB-B500-84F0262A717E): 2
LogDevObjectVersion:   Dev-Editor (E4B068ED-F494-42E9-A231-DA0B2E46BB41): 24
LogDevObjectVersion:   Dev-Framework (CFFC743F-43B0-4480-9391-14DF171D2073): 34
LogDevObjectVersion:   Dev-Mobile (B02B49B5-BB20-44E9-A304-32B752E40360): 2
LogDevObjectVersion:   Dev-Networking (A4E4105C-59A1-49B5-A7C5-40C4547EDFEE): 0
LogDevObjectVersion:   Dev-Online (39C831C9-5AE6-47DC-9A44-9C173E1C8E7C): 0
LogDevObjectVersion:   Dev-Physics (78F01B33-EBEA-4F98-B9B4-84EACCB95AA2): 0
LogDevObjectVersion:   Dev-Platform (6631380F-2D4D-43E0-8009-CF276956A95A): 0
LogDevObjectVersion:   Dev-Rendering (12F88B9F-8875-4AFC-A67C-D90C383ABD29): 26
LogDevObjectVersion:   Dev-Sequencer (7B5AE74C-D270-4C10-A958-57980B212A5A): 9
LogDevObjectVersion:   Dev-VR (D7296918-1DD6-4BDD-9DE2-64A83CC13884): 2
LogDevObjectVersion:   Dev-LoadTimes (C2A15278-BFE7-4AFE-6C17-90FF531DF755): 1
LogDevObjectVersion:   Private-Geometry (6EACA3D4-40EC-4CC1-B786-8BED09428FC5): 3
LogDevObjectVersion:   Dev-AnimPhys (29E575DD-E0A3-4627-9D10-D276232CDCEA): 17
LogDevObjectVersion:   Dev-ReflectionCapture (6B266CEC-1EC7-4B8F-A30B-E4D90942FC07): 1
LogDevObjectVersion:   Dev-Automation (0DF73D61-A23F-47EA-B727-89E90C41499A): 1
LogDevObjectVersion:   FortniteMain (601D1886-AC64-4F84-AA16-D3DE0DEAC7D6): 12
LogDevObjectVersion:   Dev-Enterprise (9DFFBCD6-494F-0158-E221-12823C92A888): 1
LogStreaming: Display: Took  0.002s to delete old logs.
LogInit: Presizing for max 8388607 objects, including 0 objects not considered by GC, pre-allocating 0 bytes for permanent pool.
LogInit: Object subsystem initialized
[2019.02.18-18.02.42:766][  0]LogInit: Selected Device Profile: [Windows]
[2019.02.18-18.02.42:766][  0]LogInit: Applying CVar settings loaded from the selected device profile: [Windows]
[2019.02.18-18.02.42:775][  0]LogHAL: Display: Platform has ~ 8 GB [8536301568 / 8589934592 / 8], which maps to Default [LargestMinGB=32, LargerMinGB=12, DefaultMinGB=8, SmallerMinGB=6, SmallestMinGB=0)
[2019.02.18-18.02.42:775][  0]LogInit: Setting Device Profile CVar: [[r.Vulkan.UseRealUBs:1]]
[2019.02.18-18.02.42:776][  0]LogInit: Going up to parent DeviceProfile []
[2019.02.18-18.02.42:776][  0]LogInit: Computer: DESKTOP-IAKBS29
[2019.02.18-18.02.42:776][  0]LogInit: User: Sarfaraz
[2019.02.18-18.02.42:776][  0]LogInit: CPU Page size=4096, Cores=4
[2019.02.18-18.02.42:776][  0]LogInit: High frequency timer resolution =10.000000 MHz
[2019.02.18-18.02.42:777][  0]LogMemory: Memory total: Physical=8.0GB (8GB approx)
[2019.02.18-18.02.42:777][  0]LogMemory: Platform Memory Stats for Windows
[2019.02.18-18.02.42:777][  0]LogMemory: Process Physical Memory: 101.37 MB used, 101.38 MB peak
[2019.02.18-18.02.42:777][  0]LogMemory: Process Virtual Memory: 84.17 MB used, 84.17 MB peak
[2019.02.18-18.02.42:777][  0]LogMemory: Physical Memory: 6600.88 MB used,  1539.97 MB free, 8140.85 MB total
[2019.02.18-18.02.42:777][  0]LogMemory: Virtual Memory: 4608.51 MB used,  1539.97 MB free, 134217728.00 MB total
[2019.02.18-18.02.42:914][  0]LogInit: Using OS detected language (en-US).
[2019.02.18-18.02.42:914][  0]LogInit: Using OS detected locale (en-CA).
[2019.02.18-18.02.42:916][  0]LogTextLocalizationManager: No specific localization for 'en-US' exists, so the 'en' localization will be used.
[2019.02.18-18.02.43:353][  0]LogStreaming: Display: Took  0.439s to InitEngineTextLocalization.
[2019.02.18-18.02.43:353][  0]LogInit: Setting process to per monitor DPI aware
[2019.02.18-18.02.43:439][  0]LogSlate: New Slate User Created.  User Index 0, Is Virtual User: 0
[2019.02.18-18.02.43:439][  0]LogSlate: Slate User Registered.  User Index 0, Is Virtual User: 0
[2019.02.18-18.02.43:778][  0]LogHMD: Failed to initialize OpenVR with code 110
[2019.02.18-18.02.43:778][  0]LogD3D11RHI: D3D11 adapters:
[2019.02.18-18.02.43:893][  0]LogD3D11RHI:    0. 'NVIDIA GeForce GTX 750 Ti' (Feature Level 11_0)
[2019.02.18-18.02.43:893][  0]LogD3D11RHI:       2007/0/4070 MB DedicatedVideo/DedicatedSystem/SharedSystem, Outputs:2, VendorId:0x10de
[2019.02.18-18.02.43:902][  0]LogD3D11RHI:    1. 'Microsoft Basic Render Driver' (Feature Level 11_0)
[2019.02.18-18.02.43:902][  0]LogD3D11RHI:       0/0/4070 MB DedicatedVideo/DedicatedSystem/SharedSystem, Outputs:0, VendorId:0x1414
[2019.02.18-18.02.43:902][  0]LogD3D11RHI: Chosen D3D11 Adapter: 0
[2019.02.18-18.02.43:912][  0]LogD3D11RHI: Creating new Direct3DDevice
[2019.02.18-18.02.43:912][  0]LogD3D11RHI:     GPU DeviceId: 0x1380 (for the marketing name, search the web for "GPU Device Id")
[2019.02.18-18.02.43:912][  0]LogWindows: EnumDisplayDevices:
[2019.02.18-18.02.43:913][  0]LogWindows:    0. 'NVIDIA GeForce GTX 750 Ti' (P:1 D:1)
[2019.02.18-18.02.43:913][  0]LogWindows:    1. 'NVIDIA GeForce GTX 750 Ti' (P:0 D:1)
[2019.02.18-18.02.43:914][  0]LogWindows:    2. 'NVIDIA GeForce GTX 750 Ti' (P:0 D:0)
[2019.02.18-18.02.43:915][  0]LogWindows:    3. 'NVIDIA GeForce GTX 750 Ti' (P:0 D:0)
[2019.02.18-18.02.43:915][  0]LogWindows: DebugString: FoundDriverCount:4 
[2019.02.18-18.02.43:915][  0]LogD3D11RHI:     Adapter Name: NVIDIA GeForce GTX 750 Ti
[2019.02.18-18.02.43:915][  0]LogD3D11RHI:   Driver Version: 418.91 (internal:25.21.14.1891, unified:418.91)
[2019.02.18-18.02.43:915][  0]LogD3D11RHI:      Driver Date: 2-6-2019
[2019.02.18-18.02.43:915][  0]LogRHI: Texture pool is 1405 MB (70% of 2007 MB)
[2019.02.18-18.02.43:974][  0]LogD3D11RHI: Async texture creation enabled
[2019.02.18-18.02.43:994][  0]LogD3D11RHI: GPU Timing Frequency: 1000.000000 (Debug: 2 1)
[2019.02.18-18.02.44:046][  0]LogShaderCompilers: Guid format shader working directory is -25 characters bigger than the processId version (D:/Humber/Semester 4/Game 260_Game Production/Assignments/VehicleMovement/Intermediate/Shaders/WorkingDirectory/15076/).
[2019.02.18-18.02.44:047][  0]LogShaderCompilers: Cleaned the shader compiler working directory 'C:/Users/Sarfaraz/AppData/Local/Temp/UnrealShaderWorkingDir/BAEEA19247012C3D712459AAAACA073F/'.
[2019.02.18-18.02.44:459][  0]LogTemp: Display: Loaded TP AllDesktopTargetPlatform
[2019.02.18-18.02.44:479][  0]LogTemp: Display: Loaded TP MacClientTargetPlatform
[2019.02.18-18.02.44:500][  0]LogTemp: Display: Loaded TP MacNoEditorTargetPlatform
[2019.02.18-18.02.44:520][  0]LogTemp: Display: Loaded TP MacServerTargetPlatform
[2019.02.18-18.02.44:540][  0]LogTemp: Display: Loaded TP MacTargetPlatform
[2019.02.18-18.02.44:560][  0]LogTemp: Display: Loaded TP WindowsClientTargetPlatform
[2019.02.18-18.02.44:580][  0]LogTemp: Display: Loaded TP WindowsNoEditorTargetPlatform
[2019.02.18-18.02.44:600][  0]LogTemp: Display: Loaded TP WindowsServerTargetPlatform
[2019.02.18-18.02.44:612][  0]LogTemp: Display: Loaded TP WindowsTargetPlatform
[2019.02.18-18.02.44:711][  0]LogTemp: Display: Loaded TP AndroidTargetPlatform
[2019.02.18-18.02.44:711][  0]LogTemp: Display: Loaded TP AndroidTargetPlatform
[2019.02.18-18.02.44:712][  0]LogTemp: Display: Loaded TP AndroidTargetPlatform
[2019.02.18-18.02.44:712][  0]LogTemp: Display: Loaded TP AndroidTargetPlatform
[2019.02.18-18.02.44:712][  0]LogTemp: Display: Loaded TP AndroidTargetPlatform
[2019.02.18-18.02.44:712][  0]LogTemp: Display: Loaded TP AndroidTargetPlatform
[2019.02.18-18.02.44:712][  0]LogTemp: Display: Loaded TP AndroidTargetPlatform
[2019.02.18-18.02.44:712][  0]LogTemp: Display: Loaded TP AndroidTargetPlatform
[2019.02.18-18.02.44:712][  0]LogTemp: Display: Loaded TP AndroidTargetPlatform
[2019.02.18-18.02.44:713][  0]LogTemp: Display: Loaded TP AndroidTargetPlatform
[2019.02.18-18.02.44:713][  0]LogTemp: Display: Loaded TP AndroidTargetPlatform
[2019.02.18-18.02.44:714][  0]LogTemp: Display: Loaded TP AndroidTargetPlatform
[2019.02.18-18.02.44:714][  0]LogTemp: Display: Loaded TP AndroidTargetPlatform
[2019.02.18-18.02.44:715][  0]LogTemp: Display: Loaded TP AndroidTargetPlatform
[2019.02.18-18.02.44:715][  0]LogTemp: Display: Loaded TP AndroidTargetPlatform
[2019.02.18-18.02.44:716][  0]LogTemp: Display: Loaded TP AndroidTargetPlatform
[2019.02.18-18.02.44:716][  0]LogTemp: Display: Loaded TP AndroidTargetPlatform
[2019.02.18-18.02.44:716][  0]LogTemp: Display: Loaded TP AndroidTargetPlatform
[2019.02.18-18.02.44:721][  0]LogTemp: Display: Loaded TP HTML5TargetPlatform
[2019.02.18-18.02.44:799][  0]LogTemp: Display: Loaded TP IOSTargetPlatform
[2019.02.18-18.02.44:799][  0]LogTemp: Display: Loaded TP IOSTargetPlatform
[2019.02.18-18.02.44:831][  0]LogTemp: Display: Loaded TP TVOSTargetPlatform
[2019.02.18-18.02.44:831][  0]LogTemp: Display: Loaded TP TVOSTargetPlatform
[2019.02.18-18.02.44:848][  0]LogTemp: Display: Loaded TP LinuxClientTargetPlatform
[2019.02.18-18.02.44:865][  0]LogTemp: Display: Loaded TP LinuxNoEditorTargetPlatform
[2019.02.18-18.02.44:882][  0]LogTemp: Display: Loaded TP LinuxServerTargetPlatform
[2019.02.18-18.02.44:900][  0]LogTemp: Display: Loaded TP LinuxTargetPlatform
[2019.02.18-18.02.44:914][  0]LogTemp: Display: Loaded TP LuminTargetPlatform
[2019.02.18-18.02.44:914][  0]LogTargetPlatformManager: Display: Building Assets For Windows
[2019.02.18-18.02.45:094][  0]LogXGEController: Cleaning working directory: C:/Users/Sarfaraz/AppData/Local/Temp/UnrealXGEWorkingDir/
[2019.02.18-18.02.45:095][  0]LogXGEController: Cannot use XGE Controller as Incredibuild is not installed on this machine.
[2019.02.18-18.02.45:095][  0]LogShaderCompilers: Cannot use XGE Shader Compiler as Incredibuild is not installed on this machine.
[2019.02.18-18.02.45:095][  0]LogShaderCompilers: Display: Using Local Shader Compiler.
[2019.02.18-18.02.46:065][  0]LogDerivedDataCache: Display: Max Cache Size: 512 MB
[2019.02.18-18.02.46:146][  0]LogDerivedDataCache: Loaded boot cache 0.08s 73MB C:/Users/Sarfaraz/AppData/Local/UnrealEngine/4.20/DerivedDataCache/Boot.ddc.
[2019.02.18-18.02.46:146][  0]LogDerivedDataCache: Display: Loaded Boot cache: C:/Users/Sarfaraz/AppData/Local/UnrealEngine/4.20/DerivedDataCache/Boot.ddc
[2019.02.18-18.02.46:147][  0]LogDerivedDataCache: FDerivedDataBackendGraph:  Pak pak cache file D:/Humber/Semester 4/Game 260_Game Production/Assignments/VehicleMovement/DerivedDataCache/DDC.ddp not found, will not use a pak cache.
[2019.02.18-18.02.46:147][  0]LogDerivedDataCache: Unable to find inner node Pak for hierarchical cache Hierarchy.
[2019.02.18-18.02.46:147][  0]LogDerivedDataCache: FDerivedDataBackendGraph:  CompressedPak pak cache file D:/Humber/Semester 4/Game 260_Game Production/Assignments/VehicleMovement/DerivedDataCache/Compressed.ddp not found, will not use a pak cache.
[2019.02.18-18.02.46:147][  0]LogDerivedDataCache: Unable to find inner node CompressedPak for hierarchical cache Hierarchy.
[2019.02.18-18.02.46:162][  0]LogDerivedDataCache: Display: Pak cache opened for reading ../../../Engine/DerivedDataCache/Compressed.ddp.
[2019.02.18-18.02.46:175][  0]LogDerivedDataCache: Using Local data cache path C:/Users/Sarfaraz/AppData/Local/UnrealEngine/Common/DerivedDataCache: Writable
[2019.02.18-18.02.46:175][  0]LogDerivedDataCache: Shared data cache path not found in *engine.ini, will not use an Shared cache.
[2019.02.18-18.02.46:175][  0]LogDerivedDataCache: Unable to find inner node Shared for hierarchical cache Hierarchy.
[2019.02.18-18.02.46:198][  0]LogMaterial: Verifying Global Shaders for PCD3D_SM5
[2019.02.18-18.02.46:199][  0]LogSlate: Using FreeType 2.6.0
[2019.02.18-18.02.46:200][  0]LogSlate: SlateFontServices - WITH_FREETYPE: 1, WITH_HARFBUZZ: 1
[2019.02.18-18.02.46:305][  0]LogAssetRegistry: FAssetRegistry took 0.0296 seconds to start up
[2019.02.18-18.02.46:677][  0]LogInit: Selected Device Profile: [Windows]
[2019.02.18-18.02.46:896][  0]LogSimplygon: Simplygon DLL not present - disabling.
[2019.02.18-18.02.46:908][  0]LogMeshReduction: Using SimplygonSwarm for distributed automatic mesh merging
[2019.02.18-18.02.46:909][  0]LogMeshReduction: Using ProxyLODMeshReduction for automatic mesh merging
[2019.02.18-18.02.46:909][  0]LogMeshReduction: Using QuadricMeshReduction for automatic static mesh reduction
[2019.02.18-18.02.46:909][  0]LogMeshReduction: No automatic skeletal mesh reduction module available
[2019.02.18-18.02.46:936][  0]LogNetVersion: VehicleMovement 1.0.0, NetCL: 4212847, EngineNetVer: 5, GameNetVer: 0 (Checksum: 2966596176)
[2019.02.18-18.02.47:591][  0]LogPackageLocalizationCache: Processed 11 localized package path(s) for 2 prioritized culture(s) in 0.101798 seconds
[2019.02.18-18.02.47:598][  0]LogUObjectArray: 38425 objects as part of root set at end of initial load.
[2019.02.18-18.02.47:598][  0]LogUObjectAllocator: 6690864 out of 0 bytes used by permanent object pool.
[2019.02.18-18.02.47:598][  0]LogUObjectArray: CloseDisregardForGC: 0/0 objects in disregard for GC pool
[2019.02.18-18.02.49:883][  0]LogTcpMessaging: Initializing TcpMessaging bridge
[2019.02.18-18.02.49:904][  0]LogUdpMessaging: Initializing bridge on interface 0.0.0.0:0 to multicast group 230.0.0.1:6666.
[2019.02.18-18.02.50:997][  0]SourceControl: Source control is disabled
[2019.02.18-18.02.50:997][  0]SourceControl: Source control is disabled
[2019.02.18-18.02.51:012][  0]SourceControl: Source control is disabled
[2019.02.18-18.02.51:020][  0]SourceControl: Source control is disabled
[2019.02.18-18.02.51:512][  0]LogAndroidPermission: UAndroidPermissionCallbackProxy::GetInstance
[2019.02.18-18.02.51:764][  0]LogOcInput: OculusInput pre-init called
[2019.02.18-18.02.51:962][  0]LogEngine: Initializing Engine...
[2019.02.18-18.02.51:970][  0]LogHMD: Failed to initialize OpenVR with code 110
[2019.02.18-18.02.51:974][  0]LogStats: UGameplayTagsManager::ConstructGameplayTagTree: ImportINI prefixes -  0.001 s
[2019.02.18-18.02.51:974][  0]LogStats: UGameplayTagsManager::ConstructGameplayTagTree: Construct from data asset -  0.000 s
[2019.02.18-18.02.51:975][  0]LogStats: UGameplayTagsManager::ConstructGameplayTagTree: ImportINI -  0.000 s
[2019.02.18-18.02.51:975][  0]LogStats: UGameplayTagsManager::ConstructGameplayTagTree: GameplayTagTreeChangedEvent.Broadcast -  0.000 s
[2019.02.18-18.02.52:272][  0]LogInit: Initializing FReadOnlyCVARCache
[2019.02.18-18.02.52:347][  0]LogAIModule: Creating AISystem for world Untitled
[2019.02.18-18.02.52:406][  0]LogInit: XAudio2 using 'Headset Earphone (Razer ManO'War 7.1)' : 2 channels at 44.1 kHz using 16 bits per sample (channel mask 0x3)
[2019.02.18-18.02.52:514][  0]LogInit: FAudioDevice initialized.
[2019.02.18-18.02.52:515][  0]LogNetVersion: Set ProjectVersion to 1.0.0.0. Version Checksum will be recalculated on next use.
[2019.02.18-18.02.52:599][  0]LogDerivedDataCache: Saved boot cache 0.08s 73MB C:/Users/Sarfaraz/AppData/Local/UnrealEngine/4.20/DerivedDataCache/Boot.ddc.
[2019.02.18-18.02.52:604][  0]LogInit: Texture streaming: Enabled
[2019.02.18-18.02.52:694][  0]LogEngineSessionManager: EngineSessionManager initialized
[2019.02.18-18.02.52:722][  0]LogInit: Transaction tracking system initialized
[2019.02.18-18.02.52:837][  0]BlueprintLog: New page: Editor Load
[2019.02.18-18.02.53:186][  0]LocalizationService: Localization service is disabled
[2019.02.18-18.02.53:681][  0]LogCook: Display: Max memory allowance for cook 16384mb min free memory 0mb
[2019.02.18-18.02.53:682][  0]LogCook: Display: Mobile HDR setting 1
[2019.02.18-18.02.53:683][  0]LogFileCache: Scanning file cache for directory 'D:/Humber/Semester 4/Game 260_Game Production/Assignments/VehicleMovement/Content/' took 0.02s
[2019.02.18-18.02.53:683][  0]LogGameplayTags: Display: UGameplayTagsManager::DoneAddingNativeTags. DelegateIsBound: 0
[2019.02.18-18.02.53:684][  0]LogStats: UGameplayTagsManager::ConstructGameplayTagTree: ImportINI prefixes -  0.000 s
[2019.02.18-18.02.53:684][  0]LogStats: UGameplayTagsManager::ConstructGameplayTagTree: Construct from data asset -  0.000 s
[2019.02.18-18.02.53:684][  0]LogStats: UGameplayTagsManager::ConstructGameplayTagTree: ImportINI -  0.000 s
[2019.02.18-18.02.53:684][  0]LogStats: UGameplayTagsManager::ConstructGameplayTagTree: GameplayTagTreeChangedEvent.Broadcast -  0.000 s
[2019.02.18-18.02.54:229][  0]SourceControl: Source control is disabled
[2019.02.18-18.02.54:230][  0]Cmd: MAP LOAD FILE="D:/Humber/Semester 4/Game 260_Game Production/Assignments/VehicleMovement/Content/VehicleCPP/Maps/VehicleExampleMap.umap" TEMPLATE=0 SHOWPROGRESS=1 FEATURELEVEL=3
[2019.02.18-18.02.54:269][  0]LightingResults: New page: Lighting Build
[2019.02.18-18.02.54:282][  0]MapCheck: New page: Map Check
[2019.02.18-18.02.54:282][  0]LightingResults: New page: Lighting Build
[2019.02.18-18.02.55:049][  0]LogAIModule: Creating AISystem for world VehicleExampleMap
[2019.02.18-18.02.55:107][  0]LogEditorServer: Finished looking for orphan Actors (0.000 secs)
[2019.02.18-18.02.55:136][  0]Cmd: MAP CHECKDEP NOCLEARLOG
[2019.02.18-18.02.55:279][  0]MapCheck: Map check complete: 0 Error(s), 0 Warning(s), took 142.408ms to complete.
[2019.02.18-18.02.55:283][  0]LogFileHelpers: Loading map 'VehicleExampleMap' took 1.054
[2019.02.18-18.02.55:564][  0]LogSlate: Updating window title bar state: overlay mode, drag disabled, window buttons hidden, title bar hidden
[2019.02.18-18.02.55:575][  0]LogSlate: Updating window title bar state: overlay mode, drag disabled, window buttons hidden, title bar hidden
[2019.02.18-18.02.55:591][  0]LogSlate: Updating window title bar state: overlay mode, drag disabled, window buttons hidden, title bar hidden
[2019.02.18-18.02.55:601][  0]LogSlate: Updating window title bar state: overlay mode, drag disabled, window buttons hidden, title bar hidden
[2019.02.18-18.02.55:634][  0]LogCollectionManager: Loaded 0 collections in 0.004771 seconds
[2019.02.18-18.02.55:714][  0]LogFileCache: Scanning file cache for directory 'D:/Humber/Semester 4/Game 260_Game Production/Assignments/VehicleMovement/Saved/Collections/' took 0.02s
[2019.02.18-18.02.55:715][  0]LogFileCache: Scanning file cache for directory 'D:/Humber/Semester 4/Game 260_Game Production/Assignments/VehicleMovement/Content/Developers/Sarfaraz/Collections/' took 0.01s
[2019.02.18-18.02.55:715][  0]LogFileCache: Scanning file cache for directory 'D:/Humber/Semester 4/Game 260_Game Production/Assignments/VehicleMovement/Content/Collections/' took 0.01s
[2019.02.18-18.02.55:716][  0]LogCollectionManager: Rebuilt the GUID cache for 0 collections in 0.000001 seconds
[2019.02.18-18.02.55:732][  0]LogContentBrowser: Native class hierarchy populated in 0.0137 seconds. Added 2580 classes and 608 folders.
[2019.02.18-18.02.55:759][  0]LogContentBrowser: Native class hierarchy updated for 'WidgetCarousel' in 0.0006 seconds. Added 0 classes and 0 folders.
[2019.02.18-18.02.55:976][  0]LogContentBrowser: Native class hierarchy updated for 'AddContentDialog' in 0.0006 seconds. Added 0 classes and 0 folders.
[2019.02.18-18.02.55:998][  0]LogContentBrowser: Native class hierarchy updated for 'SceneOutliner' in 0.0007 seconds. Added 1 classes and 2 folders.
[2019.02.18-18.02.56:096][  0]LogSlate: Took 0.006562 seconds to synchronously load lazily loaded font '../../../Engine/Content/Slate/Fonts/Roboto-Regular.ttf' (155K)
[2019.02.18-18.02.56:110][  0]LogSlate: Took 0.001449 seconds to synchronously load lazily loaded font '../../../Engine/Content/Slate/Fonts/Roboto-Bold.ttf' (160K)
[2019.02.18-18.02.56:120][  0]LogSlate: Took 0.001424 seconds to synchronously load lazily loaded font '../../../Engine/Content/Editor/Slate/Fonts/FontAwesome.ttf' (139K)
[2019.02.18-18.02.56:132][  0]LogSlate: Took 0.003051 seconds to synchronously load lazily loaded font '../../../Engine/Content/Slate/Fonts/DroidSansMono.ttf' (77K)
[2019.02.18-18.02.56:250][  0]LogRenderer: Reallocating scene render targets to support 1528x644 Format 10 NumSamples 1 (Frame:1).
[2019.02.18-18.02.56:460][  0]LogContentBrowser: Native class hierarchy updated for 'HierarchicalLODOutliner' in 0.0006 seconds. Added 0 classes and 0 folders.
[2019.02.18-18.02.56:460][  0]LogLoad: (Engine Initialization) Total time: 17.68 seconds
[2019.02.18-18.02.56:461][  0]LogLoad: (Engine Initialization) Total Blueprint compile time: 0.00 seconds
[2019.02.18-18.02.56:488][  0]LogRawInputWindows: Warning: Found device 0 devices
[2019.02.18-18.02.56:491][  0]LogRawInputWindows: Warning: Found device 0 devices
[2019.02.18-18.02.56:492][  0]LogRawInputWindows: Warning: Device was registered succesfully but not connected (Usage:4 UsagePage:1)
[2019.02.18-18.02.56:492][  0]LogRawInputWindows: Warning: Found device 1 devices
[2019.02.18-18.02.56:493][  0]LogRawInputWindows: Warning: Device was registered succesfully but not connected (Usage:5 UsagePage:1)
[2019.02.18-18.02.56:532][  0]LogContentStreaming: Texture pool size now 1000 MB
[2019.02.18-18.02.56:594][  1]LogAssetRegistry: Asset discovery search completed in 10.3128 seconds
[2019.02.18-18.02.56:596][  1]LogCollectionManager: Rebuilt the object cache for 0 collections in 0.000000 seconds (found 0 objects)
[2019.02.18-18.02.56:598][  1]LogCollectionManager: Fixed up redirectors for 0 collections in 0.001656 seconds (updated 0 objects)
[2019.02.18-18.03.05:171][ 27]LogSlate: FSceneViewport::OnFocusLost() reason 0
[2019.02.18-18.03.05:264][ 27]LogTemp: Repeating last play command: Selected Viewport
[2019.02.18-18.03.05:278][ 27]LogBlueprintUserMessages: Early PlayInEditor Detection: Level '/Game/VehicleCPP/Maps/VehicleExampleMap.VehicleExampleMap:PersistentLevel' has LevelScriptBlueprint '/Game/VehicleCPP/Maps/VehicleExampleMap.VehicleExampleMap:PersistentLevel.VehicleExampleMap' with GeneratedClass '/Game/VehicleCPP/Maps/VehicleExampleMap.VehicleExampleMap_C' with ClassGeneratedBy '/Game/VehicleCPP/Maps/VehicleExampleMap.VehicleExampleMap:PersistentLevel.VehicleExampleMap'
[2019.02.18-18.03.05:279][ 27]LogPlayLevel: PlayLevel: No blueprints needed recompiling
[2019.02.18-18.03.05:304][ 27]PIE: New page: PIE session: VehicleExampleMap (Feb 18, 2019, 8:03:05 AM)
[2019.02.18-18.03.05:304][ 27]LogPlayLevel: Creating play world package: /Game/VehicleCPP/Maps/UEDPIE_0_VehicleExampleMap
[2019.02.18-18.03.05:341][ 27]LogPlayLevel: PIE: StaticDuplicateObject took: (0.036267s)
[2019.02.18-18.03.05:342][ 27]LogAIModule: Creating AISystem for world VehicleExampleMap
[2019.02.18-18.03.05:342][ 27]LogPlayLevel: PIE: World Init took: (0.001418s)
[2019.02.18-18.03.05:343][ 27]LogPlayLevel: PIE: Created PIE world by copying editor world from /Game/VehicleCPP/Maps/VehicleExampleMap.VehicleExampleMap to /Game/VehicleCPP/Maps/UEDPIE_0_VehicleExampleMap.VehicleExampleMap (0.038731s)
[2019.02.18-18.03.05:385][ 27]LogInit: XAudio2 using 'Headset Earphone (Razer ManO'War 7.1)' : 2 channels at 44.1 kHz using 16 bits per sample (channel mask 0x3)
[2019.02.18-18.03.05:448][ 27]LogInit: FAudioDevice initialized.
[2019.02.18-18.03.05:499][ 27]LogLoad: Game class is 'VehicleMovementGameMode'
[2019.02.18-18.03.05:512][ 27]LogWorld: Bringing World /Game/VehicleCPP/Maps/UEDPIE_0_VehicleExampleMap.VehicleExampleMap up for play (max tick rate 0) at 2019.02.18-13.03.05
[2019.02.18-18.03.05:515][ 27]LogWorld: Bringing up level for play took: 0.005327
[2019.02.18-18.03.05:545][ 27]LogContentBrowser: Native class hierarchy updated for 'MovieSceneCapture' in 0.0006 seconds. Added 10 classes and 0 folders.
[2019.02.18-18.03.05:548][ 27]PIE: Play in editor start time for /Game/VehicleCPP/Maps/UEDPIE_0_VehicleExampleMap 0.413
[2019.02.18-18.03.05:549][ 27]LogBlueprintUserMessages: Late PlayInEditor Detection: Level '/Game/VehicleCPP/Maps/VehicleExampleMap.VehicleExampleMap:PersistentLevel' has LevelScriptBlueprint '/Game/VehicleCPP/Maps/VehicleExampleMap.VehicleExampleMap:PersistentLevel.VehicleExampleMap' with GeneratedClass '/Game/VehicleCPP/Maps/VehicleExampleMap.VehicleExampleMap_C' with ClassGeneratedBy '/Game/VehicleCPP/Maps/VehicleExampleMap.VehicleExampleMap:PersistentLevel.VehicleExampleMap'
[2019.02.18-18.03.28:501][736]LogTemp: Break Speed:  1477.000000
[2019.02.18-18.03.28:509][737]LogTemp: Break Speed:  1458.000000
[2019.02.18-18.03.28:517][738]LogTemp: Break Speed:  1439.000000
[2019.02.18-18.03.28:525][739]LogTemp: Break Speed:  1420.000000
[2019.02.18-18.03.28:534][740]LogTemp: Break Speed:  1401.000000
[2019.02.18-18.03.28:542][741]LogTemp: Break Speed:  1382.000000
[2019.02.18-18.03.28:550][742]LogTemp: Break Speed:  1363.000000
[2019.02.18-18.03.28:559][743]LogTemp: Break Speed:  1344.000000
[2019.02.18-18.03.28:567][744]LogTemp: Break Speed:  1325.000000
[2019.02.18-18.03.28:575][745]LogTemp: Break Speed:  1306.000000
[2019.02.18-18.03.28:584][746]LogTemp: Break Speed:  1287.000000
[2019.02.18-18.03.28:592][747]LogTemp: Break Speed:  1268.000000
[2019.02.18-18.03.28:600][748]LogTemp: Break Speed:  1249.000000
[2019.02.18-18.03.28:609][749]LogTemp: Break Speed:  1230.000000
[2019.02.18-18.03.28:617][750]LogTemp: Break Speed:  1211.000000
[2019.02.18-18.03.28:625][751]LogTemp: Break Speed:  1192.000000
[2019.02.18-18.03.28:634][752]LogTemp: Break Speed:  1173.000000
[2019.02.18-18.03.28:642][753]LogTemp: Break Speed:  1154.000000
[2019.02.18-18.03.28:650][754]LogTemp: Break Speed:  1135.000000
[2019.02.18-18.03.28:659][755]LogTemp: Break Speed:  1116.000000
[2019.02.18-18.03.28:667][756]LogTemp: Break Speed:  1097.000000
[2019.02.18-18.03.28:675][757]LogTemp: Break Speed:  1078.000000
[2019.02.18-18.03.28:684][758]LogTemp: Break Speed:  1059.000000
[2019.02.18-18.03.28:692][759]LogTemp: Break Speed:  1040.000000
[2019.02.18-18.03.28:700][760]LogTemp: Break Speed:  1021.000000
[2019.02.18-18.03.28:709][761]LogTemp: Break Speed:  1002.000000
[2019.02.18-18.03.28:717][762]LogTemp: Break Speed:  983.000000
[2019.02.18-18.03.28:726][763]LogTemp: Break Speed:  964.000000
[2019.02.18-18.03.28:734][764]LogTemp: Break Speed:  945.000000
[2019.02.18-18.03.28:742][765]LogTemp: Break Speed:  926.000000
[2019.02.18-18.03.28:751][766]LogTemp: Break Speed:  907.000000
[2019.02.18-18.03.28:759][767]LogTemp: Break Speed:  888.000000
[2019.02.18-18.03.28:767][768]LogTemp: Break Speed:  869.000000
[2019.02.18-18.03.28:776][769]LogTemp: Break Speed:  850.000000
[2019.02.18-18.03.28:784][770]LogTemp: Break Speed:  831.000000
[2019.02.18-18.03.28:792][771]LogTemp: Break Speed:  812.000000
[2019.02.18-18.03.28:801][772]LogTemp: Break Speed:  793.000000
[2019.02.18-18.03.28:809][773]LogTemp: Break Speed:  774.000000
[2019.02.18-18.03.28:817][774]LogTemp: Break Speed:  755.000000
[2019.02.18-18.03.28:826][775]LogTemp: Break Speed:  736.000000
[2019.02.18-18.03.28:834][776]LogTemp: Break Speed:  717.000000
[2019.02.18-18.03.28:842][777]LogTemp: Break Speed:  698.000000
[2019.02.18-18.03.28:851][778]LogTemp: Break Speed:  679.000000
[2019.02.18-18.03.28:859][779]LogTemp: Break Speed:  660.000000
[2019.02.18-18.03.28:867][780]LogTemp: Break Speed:  641.000000
[2019.02.18-18.03.28:876][781]LogTemp: Break Speed:  622.000000
[2019.02.18-18.03.28:884][782]LogTemp: Break Speed:  603.000000
[2019.02.18-18.03.28:892][783]LogTemp: Break Speed:  584.000000
[2019.02.18-18.03.28:901][784]LogTemp: Break Speed:  565.000000
[2019.02.18-18.03.28:909][785]LogTemp: Break Speed:  546.000000
[2019.02.18-18.03.28:917][786]LogTemp: Break Speed:  527.000000
[2019.02.18-18.03.28:926][787]LogTemp: Break Speed:  508.000000
[2019.02.18-18.03.28:934][788]LogTemp: Break Speed:  489.000000
[2019.02.18-18.03.28:942][789]LogTemp: Break Speed:  470.000000
[2019.02.18-18.03.28:951][790]LogTemp: Break Speed:  451.000000
[2019.02.18-18.03.28:959][791]LogTemp: Break Speed:  432.000000
[2019.02.18-18.03.28:967][792]LogTemp: Break Speed:  413.000000
[2019.02.18-18.03.28:976][793]LogTemp: Break Speed:  394.000000
[2019.02.18-18.03.28:984][794]LogTemp: Break Speed:  375.000000
[2019.02.18-18.03.28:992][795]LogTemp: Break Speed:  356.000000
[2019.02.18-18.03.29:001][796]LogTemp: Break Speed:  337.000000
[2019.02.18-18.03.29:009][797]LogTemp: Break Speed:  318.000000
[2019.02.18-18.03.29:017][798]LogTemp: Break Speed:  299.000000
[2019.02.18-18.03.29:026][799]LogTemp: Break Speed:  280.000000
[2019.02.18-18.03.29:034][800]LogTemp: Break Speed:  261.000000
[2019.02.18-18.03.29:042][801]LogTemp: Break Speed:  242.000000
[2019.02.18-18.03.29:051][802]LogTemp: Break Speed:  223.000000
[2019.02.18-18.03.29:059][803]LogTemp: Break Speed:  204.000000
[2019.02.18-18.03.29:067][804]LogTemp: Break Speed:  185.000000
[2019.02.18-18.03.29:076][805]LogTemp: Break Speed:  166.000000
[2019.02.18-18.03.29:084][806]LogTemp: Break Speed:  147.000000
[2019.02.18-18.03.29:092][807]LogTemp: Break Speed:  128.000000
[2019.02.18-18.03.29:101][808]LogTemp: Break Speed:  109.000000
[2019.02.18-18.03.29:109][809]LogTemp: Break Speed:  90.000000
[2019.02.18-18.03.29:117][810]LogTemp: Break Speed:  71.000000
[2019.02.18-18.03.29:126][811]LogTemp: Break Speed:  52.000000
[2019.02.18-18.03.29:135][812]LogTemp: Break Speed:  33.000000
[2019.02.18-18.03.29:143][813]LogTemp: Break Speed:  14.000000
[2019.02.18-18.03.29:151][814]LogTemp: Break Speed:  -5.000000
[2019.02.18-18.03.29:168][816]LogTemp: Break Speed:  -2.990000
[2019.02.18-18.03.29:185][818]LogTemp: Break Speed:  -0.990000
[2019.02.18-18.03.29:193][819]LogTemp: Break Speed:  -19.980000
[2019.02.18-18.03.29:210][821]LogTemp: Break Speed:  -17.969999
[2019.02.18-18.03.29:227][823]LogTemp: Break Speed:  -15.959999
[2019.02.18-18.03.29:243][825]LogTemp: Break Speed:  -13.949999
[2019.02.18-18.03.29:260][827]LogTemp: Break Speed:  -11.939999
[2019.02.18-18.03.29:276][829]LogTemp: Break Speed:  -9.929998
[2019.02.18-18.03.29:293][831]LogTemp: Break Speed:  -7.929998
[2019.02.18-18.03.29:310][833]LogTemp: Break Speed:  -5.919998
[2019.02.18-18.03.29:326][835]LogTemp: Break Speed:  -3.909998
[2019.02.18-18.03.29:343][837]LogTemp: Break Speed:  -1.899998
[2019.02.18-18.03.29:360][839]LogTemp: Break Speed:  0.110003
[2019.02.18-18.03.29:369][840]LogTemp: Break Speed:  -18.889997
[2019.02.18-18.03.29:385][842]LogTemp: Break Speed:  -16.879997
[2019.02.18-18.03.29:401][844]LogTemp: Break Speed:  -14.879997
[2019.02.18-18.03.29:417][846]LogTemp: Break Speed:  -12.869997
[2019.02.18-18.03.29:434][848]LogTemp: Break Speed:  -10.859997
[2019.02.18-18.03.29:451][850]LogTemp: Break Speed:  -8.849997
[2019.02.18-18.03.29:467][852]LogTemp: Break Speed:  -6.839996
[2019.02.18-18.03.29:484][854]LogTemp: Break Speed:  -4.829996
[2019.02.18-18.03.29:501][856]LogTemp: Break Speed:  -2.819996
[2019.02.18-18.03.29:517][858]LogTemp: Break Speed:  -0.819996
[2019.02.18-18.03.29:526][859]LogTemp: Break Speed:  -19.809996
[2019.02.18-18.03.29:542][861]LogTemp: Break Speed:  -17.799995
[2019.02.18-18.03.29:559][863]LogTemp: Break Speed:  -15.789995
[2019.02.18-18.03.29:576][865]LogTemp: Break Speed:  -13.779995
[2019.02.18-18.03.29:592][867]LogTemp: Break Speed:  -11.769995
[2019.02.18-18.03.29:609][869]LogTemp: Break Speed:  -9.759995
[2019.02.18-18.03.29:626][871]LogTemp: Break Speed:  -7.759995
[2019.02.18-18.03.29:643][873]LogTemp: Break Speed:  -5.749994
[2019.02.18-18.03.29:659][875]LogTemp: Break Speed:  -3.739994
[2019.02.18-18.03.29:676][877]LogTemp: Break Speed:  -1.729994
[2019.02.18-18.03.29:693][879]LogTemp: Break Speed:  0.280006
[2019.02.18-18.03.29:701][880]LogTemp: Break Speed:  -18.719994
[2019.02.18-18.03.29:718][882]LogTemp: Break Speed:  -16.709993
[2019.02.18-18.03.29:734][884]LogTemp: Break Speed:  -14.709993
[2019.02.18-18.03.29:751][886]LogTemp: Break Speed:  -12.699993
[2019.02.18-18.03.29:768][888]LogTemp: Break Speed:  -10.689993
[2019.02.18-18.03.29:785][890]LogTemp: Break Speed:  -8.679993
[2019.02.18-18.03.29:801][892]LogTemp: Break Speed:  -6.669992
[2019.02.18-18.03.29:818][894]LogTemp: Break Speed:  -4.659992
[2019.02.18-18.03.56:241][ 63]LogTemp: Break Speed:  1771.000000
[2019.02.18-18.03.56:249][ 64]LogTemp: Break Speed:  1752.000000
[2019.02.18-18.03.56:258][ 65]LogTemp: Break Speed:  1733.000000
[2019.02.18-18.03.56:266][ 66]LogTemp: Break Speed:  1714.000000
[2019.02.18-18.03.56:275][ 67]LogTemp: Break Speed:  1695.000000
[2019.02.18-18.03.56:283][ 68]LogTemp: Break Speed:  1676.000000
[2019.02.18-18.03.56:291][ 69]LogTemp: Break Speed:  1657.000000
[2019.02.18-18.03.56:299][ 70]LogTemp: Break Speed:  1638.000000
[2019.02.18-18.03.56:308][ 71]LogTemp: Break Speed:  1619.000000
[2019.02.18-18.03.56:316][ 72]LogTemp: Break Speed:  1600.000000
[2019.02.18-18.03.56:324][ 73]LogTemp: Break Speed:  1581.000000
[2019.02.18-18.03.56:333][ 74]LogTemp: Break Speed:  1562.000000
[2019.02.18-18.03.56:341][ 75]LogTemp: Break Speed:  1543.000000
[2019.02.18-18.03.56:349][ 76]LogTemp: Break Speed:  1524.000000
[2019.02.18-18.03.56:358][ 77]LogTemp: Break Speed:  1505.000000
[2019.02.18-18.03.56:366][ 78]LogTemp: Break Speed:  1486.000000
[2019.02.18-18.03.56:374][ 79]LogTemp: Break Speed:  1467.000000
[2019.02.18-18.03.56:383][ 80]LogTemp: Break Speed:  1448.000000
[2019.02.18-18.03.56:391][ 81]LogTemp: Break Speed:  1429.000000
[2019.02.18-18.03.56:399][ 82]LogTemp: Break Speed:  1410.000000
[2019.02.18-18.03.56:408][ 83]LogTemp: Break Speed:  1391.000000
[2019.02.18-18.03.56:416][ 84]LogTemp: Break Speed:  1372.000000
[2019.02.18-18.03.56:424][ 85]LogTemp: Break Speed:  1353.000000
[2019.02.18-18.03.56:433][ 86]LogTemp: Break Speed:  1334.000000
[2019.02.18-18.03.56:441][ 87]LogTemp: Break Speed:  1315.000000
[2019.02.18-18.03.56:449][ 88]LogTemp: Break Speed:  1296.000000
[2019.02.18-18.03.56:458][ 89]LogTemp: Break Speed:  1277.000000
[2019.02.18-18.03.56:467][ 90]LogTemp: Break Speed:  1258.000000
[2019.02.18-18.03.56:476][ 91]LogTemp: Break Speed:  1239.000000
[2019.02.18-18.03.56:485][ 92]LogTemp: Break Speed:  1220.000000
[2019.02.18-18.03.56:493][ 93]LogTemp: Break Speed:  1201.000000
[2019.02.18-18.03.56:501][ 94]LogTemp: Break Speed:  1182.000000
[2019.02.18-18.03.56:510][ 95]LogTemp: Break Speed:  1163.000000
[2019.02.18-18.03.56:518][ 96]LogTemp: Break Speed:  1144.000000
[2019.02.18-18.03.56:527][ 97]LogTemp: Break Speed:  1125.000000
[2019.02.18-18.03.56:534][ 98]LogTemp: Break Speed:  1106.000000
[2019.02.18-18.03.56:542][ 99]LogTemp: Break Speed:  1087.000000
[2019.02.18-18.03.56:551][100]LogTemp: Break Speed:  1068.000000
[2019.02.18-18.03.56:559][101]LogTemp: Break Speed:  1049.000000
[2019.02.18-18.03.56:567][102]LogTemp: Break Speed:  1030.000000
[2019.02.18-18.03.56:576][103]LogTemp: Break Speed:  1011.000000
[2019.02.18-18.03.56:584][104]LogTemp: Break Speed:  992.000000
[2019.02.18-18.03.56:593][105]LogTemp: Break Speed:  973.000000
[2019.02.18-18.03.56:601][106]LogTemp: Break Speed:  954.000000
[2019.02.18-18.03.56:609][107]LogTemp: Break Speed:  935.000000
[2019.02.18-18.03.56:617][108]LogTemp: Break Speed:  916.000000
[2019.02.18-18.03.56:626][109]LogTemp: Break Speed:  897.000000
[2019.02.18-18.03.56:634][110]LogTemp: Break Speed:  878.000000
[2019.02.18-18.03.56:642][111]LogTemp: Break Speed:  859.000000
[2019.02.18-18.03.56:651][112]LogTemp: Break Speed:  840.000000
[2019.02.18-18.03.56:659][113]LogTemp: Break Speed:  821.000000
[2019.02.18-18.03.56:667][114]LogTemp: Break Speed:  802.000000
[2019.02.18-18.03.56:676][115]LogTemp: Break Speed:  783.000000
[2019.02.18-18.03.56:684][116]LogTemp: Break Speed:  764.000000
[2019.02.18-18.03.56:692][117]LogTemp: Break Speed:  745.000000
[2019.02.18-18.03.56:701][118]LogTemp: Break Speed:  726.000000
[2019.02.18-18.03.56:709][119]LogTemp: Break Speed:  707.000000
[2019.02.18-18.03.56:717][120]LogTemp: Break Speed:  688.000000
[2019.02.18-18.03.56:726][121]LogTemp: Break Speed:  669.000000
[2019.02.18-18.03.56:734][122]LogTemp: Break Speed:  650.000000
[2019.02.18-18.03.56:742][123]LogTemp: Break Speed:  631.000000
[2019.02.18-18.03.56:751][124]LogTemp: Break Speed:  612.000000
[2019.02.18-18.03.56:759][125]LogTemp: Break Speed:  593.000000
[2019.02.18-18.03.56:769][126]LogTemp: Break Speed:  574.000000
[2019.02.18-18.03.56:776][127]LogTemp: Break Speed:  555.000000
[2019.02.18-18.03.56:784][128]LogTemp: Break Speed:  536.000000
[2019.02.18-18.03.56:793][129]LogTemp: Break Speed:  517.000000
[2019.02.18-18.03.56:801][130]LogTemp: Break Speed:  498.000000
[2019.02.18-18.03.56:809][131]LogTemp: Break Speed:  479.000000
[2019.02.18-18.03.56:817][132]LogTemp: Break Speed:  460.000000
[2019.02.18-18.03.56:826][133]LogTemp: Break Speed:  441.000000
[2019.02.18-18.03.56:834][134]LogTemp: Break Speed:  422.000000
[2019.02.18-18.03.56:842][135]LogTemp: Break Speed:  403.000000
[2019.02.18-18.03.56:850][136]LogTemp: Break Speed:  384.000000
[2019.02.18-18.03.56:860][137]LogTemp: Break Speed:  365.000000
[2019.02.18-18.03.56:868][138]LogTemp: Break Speed:  346.000000
[2019.02.18-18.03.56:876][139]LogTemp: Break Speed:  327.000000
[2019.02.18-18.03.56:885][140]LogTemp: Break Speed:  308.000000
[2019.02.18-18.03.56:893][141]LogTemp: Break Speed:  289.000000
[2019.02.18-18.03.56:901][142]LogTemp: Break Speed:  270.000000
[2019.02.18-18.03.56:909][143]LogTemp: Break Speed:  251.000000
[2019.02.18-18.03.56:918][144]LogTemp: Break Speed:  232.000000
[2019.02.18-18.03.56:926][145]LogTemp: Break Speed:  213.000000
[2019.02.18-18.03.56:934][146]LogTemp: Break Speed:  194.000000
[2019.02.18-18.03.56:943][147]LogTemp: Break Speed:  175.000000
[2019.02.18-18.03.56:951][148]LogTemp: Break Speed:  156.000000
[2019.02.18-18.03.56:959][149]LogTemp: Break Speed:  137.000000
[2019.02.18-18.03.56:968][150]LogTemp: Break Speed:  118.000000
[2019.02.18-18.03.56:976][151]LogTemp: Break Speed:  99.000000
[2019.02.18-18.03.56:984][152]LogTemp: Break Speed:  80.000000
[2019.02.18-18.03.56:993][153]LogTemp: Break Speed:  61.000000
[2019.02.18-18.03.57:001][154]LogTemp: Break Speed:  42.000000
[2019.02.18-18.03.57:009][155]LogTemp: Break Speed:  23.000000
[2019.02.18-18.03.57:018][156]LogTemp: Break Speed:  4.000000
[2019.02.18-18.03.57:026][157]LogTemp: Break Speed:  -15.000000
[2019.02.18-18.03.57:042][159]LogTemp: Break Speed:  -12.990000
[2019.02.18-18.03.57:059][161]LogTemp: Break Speed:  -10.980000
[2019.02.18-18.03.57:076][163]LogTemp: Break Speed:  -8.980000
[2019.02.18-18.03.57:092][165]LogTemp: Break Speed:  -6.969999
[2019.02.18-18.03.57:109][167]LogTemp: Break Speed:  -4.959999
[2019.02.18-18.03.57:126][169]LogTemp: Break Speed:  -2.949999
[2019.02.18-18.03.57:142][171]LogTemp: Break Speed:  -0.939999
[2019.02.18-18.03.57:151][172]LogTemp: Break Speed:  -19.929998
[2019.02.18-18.03.57:167][174]LogTemp: Break Speed:  -17.919998
[2019.02.18-18.03.57:184][176]LogTemp: Break Speed:  -15.909998
[2019.02.18-18.03.57:201][178]LogTemp: Break Speed:  -13.899998
[2019.02.18-18.03.57:217][180]LogTemp: Break Speed:  -11.889997
[2019.02.18-18.03.57:235][182]LogTemp: Break Speed:  -9.879997
[2019.02.18-18.03.57:251][184]LogTemp: Break Speed:  -7.869997
[2019.02.18-18.03.57:268][186]LogTemp: Break Speed:  -5.859997
[2019.02.18-18.03.57:289][188]LogTemp: Break Speed:  -3.849997
[2019.02.18-18.03.57:305][190]LogTemp: Break Speed:  -1.839996
[2019.02.18-18.03.57:323][192]LogTemp: Break Speed:  0.170004
[2019.02.18-18.03.57:332][193]LogTemp: Break Speed:  -18.829996
[2019.02.18-18.03.57:348][195]LogTemp: Break Speed:  -16.819996
[2019.02.18-18.03.57:364][197]LogTemp: Break Speed:  -14.809996
[2019.02.18-18.03.57:381][199]LogTemp: Break Speed:  -12.799995
[2019.02.18-18.03.57:398][201]LogTemp: Break Speed:  -10.789995
[2019.02.18-18.03.57:414][203]LogTemp: Break Speed:  -8.779995
[2019.02.18-18.03.57:431][205]LogTemp: Break Speed:  -6.769995
[2019.02.18-18.03.57:447][207]LogTemp: Break Speed:  -4.759995
[2019.02.18-18.03.57:464][209]LogTemp: Break Speed:  -2.749994
[2019.02.18-18.03.57:481][211]LogTemp: Break Speed:  -0.739994
[2019.02.18-18.03.57:489][212]LogTemp: Break Speed:  -19.739994
[2019.02.18-18.03.57:506][214]LogTemp: Break Speed:  -17.729994
[2019.02.18-18.03.57:522][216]LogTemp: Break Speed:  -15.719994
[2019.02.18-18.03.57:539][218]LogTemp: Break Speed:  -13.709993
[2019.02.18-18.03.57:556][220]LogTemp: Break Speed:  -11.709993
[2019.02.18-18.03.57:572][222]LogTemp: Break Speed:  -9.699993
[2019.02.18-18.03.57:589][224]LogTemp: Break Speed:  -7.689993
[2019.02.18-18.03.57:606][226]LogTemp: Break Speed:  -5.679993
[2019.02.18-18.03.57:622][228]LogTemp: Break Speed:  -3.669992
[2019.02.18-18.03.57:639][230]LogTemp: Break Speed:  -1.659992
[2019.02.18-18.03.57:656][232]LogTemp: Break Speed:  0.350008
[2019.02.18-18.03.57:664][233]LogTemp: Break Speed:  -18.649992
[2019.02.18-18.03.58:040][278]LogBlueprintUserMessages: Early EndPlayMap Detection: Level '/Game/VehicleCPP/Maps/VehicleExampleMap.VehicleExampleMap:PersistentLevel' has LevelScriptBlueprint '/Game/VehicleCPP/Maps/VehicleExampleMap.VehicleExampleMap:PersistentLevel.VehicleExampleMap' with GeneratedClass '/Game/VehicleCPP/Maps/VehicleExampleMap.VehicleExampleMap_C' with ClassGeneratedBy '/Game/VehicleCPP/Maps/VehicleExampleMap.VehicleExampleMap:PersistentLevel.VehicleExampleMap'
[2019.02.18-18.03.58:043][278]LogSlate: Updating window title bar state: overlay mode, drag disabled, window buttons hidden, title bar hidden
[2019.02.18-18.03.58:085][278]LogPlayLevel: Display: Shutting down PIE online subsystems
[2019.02.18-18.03.58:086][278]LogBlueprintUserMessages: Late EndPlayMap Detection: Level '/Game/VehicleCPP/Maps/VehicleExampleMap.VehicleExampleMap:PersistentLevel' has LevelScriptBlueprint '/Game/VehicleCPP/Maps/VehicleExampleMap.VehicleExampleMap:PersistentLevel.VehicleExampleMap' with GeneratedClass '/Game/VehicleCPP/Maps/VehicleExampleMap.VehicleExampleMap_C' with ClassGeneratedBy '/Game/VehicleCPP/Maps/VehicleExampleMap.VehicleExampleMap:PersistentLevel.VehicleExampleMap'
[2019.02.18-18.03.58:115][278]LogSlate: Updating window title bar state: overlay mode, drag disabled, window buttons hidden, title bar hidden
[2019.02.18-18.03.58:146][279]LogPlayLevel: Display: Destroying online subsystem :Context_1
[2019.02.18-18.03.59:817][456]LogSlate: FSceneViewport::OnFocusLost() reason 0
[2019.02.18-18.03.59:969][465]LogSlate: Window 'VehicleMovement - Unreal Editor' being destroyed
[2019.02.18-18.03.59:971][465]LogWindowsTextInputMethodSystem: Display: IME system now deactivated.
[2019.02.18-18.04.00:184][466]Cmd: QUIT_EDITOR
[2019.02.18-18.04.00:730][466]LogExit: Preparing to exit.
[2019.02.18-18.04.01:791][466]LogExit: Editor shut down
[2019.02.18-18.04.01:792][466]LogExit: Transaction tracking system shut down
[2019.02.18-18.04.02:177][466]LogExit: Object subsystem successfully closed.
[2019.02.18-18.04.02:210][466]LogShaderCompilers: Display: Shaders left to compile 0
[2019.02.18-18.04.02:214][466]LogD3D11RHI: Shutdown
[2019.02.18-18.04.02:215][466]LogD3D11RHI: CleanupD3DDevice
[2019.02.18-18.04.02:217][466]LogD3D11RHI: ~FD3D11DynamicRHI
[2019.02.18-18.04.02:269][466]LogModuleManager: Shutting down and abandoning module MovieSceneCapture (618)
[2019.02.18-18.04.02:270][466]LogModuleManager: Shutting down and abandoning module Voice (616)
[2019.02.18-18.04.02:270][466]LogModuleManager: Shutting down and abandoning module HierarchicalLODOutliner (614)
[2019.02.18-18.04.02:270][466]LogModuleManager: Shutting down and abandoning module SceneOutliner (612)
[2019.02.18-18.04.02:270][466]LogModuleManager: Shutting down and abandoning module AddContentDialog (610)
[2019.02.18-18.04.02:273][466]LogModuleManager: Shutting down and abandoning module WidgetCarousel (609)
[2019.02.18-18.04.02:273][466]LogModuleManager: Shutting down and abandoning module EditorWidgets (606)
[2019.02.18-18.04.02:273][466]LogModuleManager: Shutting down and abandoning module CollectionManager (604)
[2019.02.18-18.04.02:274][466]LogModuleManager: Shutting down and abandoning module StatsViewer (602)
[2019.02.18-18.04.02:274][466]LogModuleManager: Shutting down and abandoning module FoliageEdit (600)
[2019.02.18-18.04.02:274][466]LogModuleManager: Shutting down and abandoning module LandscapeEditor (598)
[2019.02.18-18.04.02:276][466]LogModuleManager: Shutting down and abandoning module MeshPaintMode (596)
[2019.02.18-18.04.02:276][466]LogModuleManager: Shutting down and abandoning module SceneDepthPickerMode (594)
[2019.02.18-18.04.02:276][466]LogModuleManager: Shutting down and abandoning module ActorPickerMode (592)
[2019.02.18-18.04.02:276][466]LogModuleManager: Shutting down and abandoning module GeometryMode (590)
[2019.02.18-18.04.02:276][466]LogModuleManager: Shutting down and abandoning module TextureAlignMode (588)
[2019.02.18-18.04.02:277][466]LogModuleManager: Shutting down and abandoning module BspMode (586)
[2019.02.18-18.04.02:277][466]LogModuleManager: Shutting down and abandoning module PIEPreviewDeviceProfileSelector (584)
[2019.02.18-18.04.02:277][466]LogModuleManager: Shutting down and abandoning module SequenceRecorderSections (582)
[2019.02.18-18.04.02:277][466]LogModuleManager: Shutting down and abandoning module AutomationWorker (580)
[2019.02.18-18.04.02:277][466]LogModuleManager: Shutting down and abandoning module AudioCaptureEditor (578)
[2019.02.18-18.04.02:277][466]LogModuleManager: Shutting down and abandoning module SequenceRecorder (577)
[2019.02.18-18.04.02:277][466]LogModuleManager: Shutting down and abandoning module MatineeToLevelSequence (574)
[2019.02.18-18.04.02:278][466]LogModuleManager: Shutting down and abandoning module LevelSequenceEditor (572)
[2019.02.18-18.04.02:279][466]LogModuleManager: Shutting down and abandoning module PlacementMode (571)
[2019.02.18-18.04.02:280][466]LogModuleManager: Shutting down and abandoning module MaterialEditor (570)
[2019.02.18-18.04.02:281][466]LogModuleManager: Shutting down and abandoning module WmfMediaFactory (566)
[2019.02.18-18.04.02:282][466]LogModuleManager: Shutting down and abandoning module WmfMediaEditor (564)
[2019.02.18-18.04.02:282][466]LogModuleManager: Shutting down and abandoning module MediaPlayerEditor (562)
[2019.02.18-18.04.02:283][466]LogModuleManager: Shutting down and abandoning module OpenExrWrapper (560)
[2019.02.18-18.04.02:283][466]LogModuleManager: Shutting down and abandoning module ImgMediaFactory (558)
[2019.02.18-18.04.02:283][466]LogModuleManager: Shutting down and abandoning module ImgMediaEditor (556)
[2019.02.18-18.04.02:283][466]LogModuleManager: Shutting down and abandoning module AvfMediaFactory (554)
[2019.02.18-18.04.02:283][466]LogModuleManager: Shutting down and abandoning module AvfMediaEditor (552)
[2019.02.18-18.04.02:283][466]LogModuleManager: Shutting down and abandoning module AndroidMediaFactory (550)
[2019.02.18-18.04.02:283][466]LogModuleManager: Shutting down and abandoning module AndroidMediaEditor (548)
[2019.02.18-18.04.02:284][466]LogModuleManager: Shutting down and abandoning module MagicLeapCameraPreviewFactory (546)
[2019.02.18-18.04.02:284][466]LogModuleManager: Shutting down and abandoning module MagicLeapMediaFactory (544)
[2019.02.18-18.04.02:284][466]LogModuleManager: Shutting down and abandoning module MagicLeapMediaEditor (542)
[2019.02.18-18.04.02:284][466]LogModuleManager: Shutting down and abandoning module CharacterAI (540)
[2019.02.18-18.04.02:284][466]LogModuleManager: Shutting down and abandoning module SmartSnapping (538)
[2019.02.18-18.04.02:284][466]LogModuleManager: Shutting down and abandoning module SessionServices (536)
[2019.02.18-18.04.02:284][466]LogModuleManager: Shutting down and abandoning module ViewportSnapping (534)
[2019.02.18-18.04.02:284][466]LogModuleManager: Shutting down and abandoning module ViewportInteraction (532)
[2019.02.18-18.04.02:284][466]LogModuleManager: Shutting down and abandoning module ClothPainter (530)
[2019.02.18-18.04.02:285][466]LogModuleManager: Shutting down and abandoning module SkeletalMeshEditor (529)
[2019.02.18-18.04.02:287][466]LogModuleManager: Shutting down and abandoning module LogVisualizer (526)
[2019.02.18-18.04.02:288][466]LogModuleManager: Shutting down and abandoning module IntroTutorials (524)
[2019.02.18-18.04.02:288][466]LogModuleManager: Shutting down and abandoning module GameProjectGeneration (523)
[2019.02.18-18.04.02:288][466]LogModuleManager: Shutting down and abandoning module LuminPlatformEditor (520)
[2019.02.18-18.04.02:289][466]LogModuleManager: Shutting down and abandoning module IOSPlatformEditor (518)
[2019.02.18-18.04.02:289][466]LogModuleManager: Shutting down and abandoning module HTML5PlatformEditor (516)
[2019.02.18-18.04.02:289][466]LogModuleManager: Shutting down and abandoning module AndroidPlatformEditor (514)
[2019.02.18-18.04.02:289][466]LogModuleManager: Shutting down and abandoning module AndroidDeviceDetection (513)
[2019.02.18-18.04.02:630][466]LogModuleManager: Shutting down and abandoning module WindowsPlatformEditor (510)
[2019.02.18-18.04.02:630][466]LogModuleManager: Shutting down and abandoning module LuminRuntimeSettings (508)
[2019.02.18-18.04.02:631][466]LogModuleManager: Shutting down and abandoning module IOSRuntimeSettings (506)
[2019.02.18-18.04.02:631][466]LogModuleManager: Shutting down and abandoning module AndroidRuntimeSettings (504)
[2019.02.18-18.04.02:631][466]LogModuleManager: Shutting down and abandoning module InputBindingEditor (502)
[2019.02.18-18.04.02:636][466]LogModuleManager: Shutting down and abandoning module MergeActors (500)
[2019.02.18-18.04.02:637][466]LogModuleManager: Shutting down and abandoning module LocalizationDashboard (498)
[2019.02.18-18.04.02:638][466]LogModuleManager: Shutting down and abandoning module LocalizationService (497)
[2019.02.18-18.04.02:638][466]LogModuleManager: Shutting down and abandoning module HardwareTargeting (494)
[2019.02.18-18.04.02:638][466]LogModuleManager: Shutting down and abandoning module DeviceProfileEditor (492)
[2019.02.18-18.04.02:638][466]LogModuleManager: Shutting down and abandoning module UndoHistory (490)
[2019.02.18-18.04.02:639][466]LogModuleManager: Shutting down and abandoning module XmlParser (488)
[2019.02.18-18.04.02:639][466]LogModuleManager: Shutting down and abandoning module Blutility (486)
[2019.02.18-18.04.02:639][466]LogModuleManager: Shutting down and abandoning module ProjectSettingsViewer (484)
[2019.02.18-18.04.02:639][466]LogModuleManager: Shutting down and abandoning module ProjectTargetPlatformEditor (483)
[2019.02.18-18.04.02:639][466]LogModuleManager: Shutting down and abandoning module EditorSettingsViewer (480)
[2019.02.18-18.04.02:639][466]LogModuleManager: Shutting down and abandoning module SettingsEditor (478)
[2019.02.18-18.04.02:640][466]LogModuleManager: Shutting down and abandoning module ProjectLauncher (476)
[2019.02.18-18.04.02:641][466]LogModuleManager: Shutting down and abandoning module SessionFrontend (474)
[2019.02.18-18.04.02:641][466]LogModuleManager: Shutting down and abandoning module ProfilerClient (472)
[2019.02.18-18.04.02:642][466]LogModuleManager: Shutting down and abandoning module DeviceManager (470)
[2019.02.18-18.04.02:642][466]LogModuleManager: Shutting down and abandoning module TargetDeviceServices (469)
[2019.02.18-18.04.02:708][466]LogModuleManager: Shutting down and abandoning module AutomationController (466)
[2019.02.18-18.04.02:708][466]LogModuleManager: Shutting down and abandoning module AutomationWindow (464)
[2019.02.18-18.04.02:709][466]LogModuleManager: Shutting down and abandoning module Layers (462)
[2019.02.18-18.04.02:711][466]LogModuleManager: Shutting down and abandoning module ComponentVisualizers (460)
[2019.02.18-18.04.02:712][466]LogModuleManager: Shutting down and abandoning module DetailCustomizations (458)
[2019.02.18-18.04.02:713][466]LogModuleManager: Shutting down and abandoning module PackagesDialog (456)
[2019.02.18-18.04.02:714][466]LogModuleManager: Shutting down and abandoning module Persona (454)
[2019.02.18-18.04.02:715][466]LogModuleManager: Shutting down and abandoning module AdvancedPreviewScene (453)
[2019.02.18-18.04.02:715][466]LogModuleManager: Shutting down and abandoning module AnimGraph (451)
[2019.02.18-18.04.02:716][466]LogModuleManager: Shutting down and abandoning module Kismet (448)
[2019.02.18-18.04.02:717][466]LogModuleManager: Shutting down and abandoning module GraphEditor (446)
[2019.02.18-18.04.02:719][466]LogModuleManager: Shutting down and abandoning module ClassViewer (444)
[2019.02.18-18.04.02:719][466]LogModuleManager: Shutting down and abandoning module Toolbox (442)
[2019.02.18-18.04.02:719][466]LogModuleManager: Shutting down and abandoning module DesktopPlatform (441)
[2019.02.18-18.04.02:720][466]LogModuleManager: Shutting down and abandoning module ModuleUI (438)
[2019.02.18-18.04.02:720][466]LogModuleManager: Shutting down and abandoning module MovieSceneTools (436)
[2019.02.18-18.04.02:721][466]LogModuleManager: Shutting down and abandoning module OutputLog (434)
[2019.02.18-18.04.02:721][466]LogModuleManager: Shutting down and abandoning module GammaUI (432)
[2019.02.18-18.04.02:721][466]LogModuleManager: Shutting down and abandoning module Documentation (430)
[2019.02.18-18.04.02:721][466]LogModuleManager: Shutting down and abandoning module MovieSceneTracks (428)
[2019.02.18-18.04.02:721][466]LogModuleManager: Shutting down and abandoning module MovieScene (426)
[2019.02.18-18.04.02:721][466]LogModuleManager: Shutting down and abandoning module StreamingPauseRendering (424)
[2019.02.18-18.04.02:722][466]LogModuleManager: Shutting down and abandoning module LauncherPlatform (422)
[2019.02.18-18.04.02:722][466]LogModuleManager: Shutting down and abandoning module AnalyticsET (420)
[2019.02.18-18.04.02:722][466]LogModuleManager: Shutting down and abandoning module PortalServices (418)
[2019.02.18-18.04.02:722][466]LogModuleManager: Shutting down and abandoning module PortalRpc (416)
[2019.02.18-18.04.02:722][466]LogModuleManager: Shutting down and abandoning module MessagingRpc (414)
[2019.02.18-18.04.02:722][466]LogModuleManager: Shutting down and abandoning module AIModule (412)
[2019.02.18-18.04.02:723][466]LogModuleManager: Shutting down and abandoning module GameplayDebugger (411)
[2019.02.18-18.04.02:723][466]LogModuleManager: Shutting down and abandoning module AITestSuite (409)
[2019.02.18-18.04.02:723][466]LogModuleManager: Shutting down and abandoning module NavigationSystem (407)
[2019.02.18-18.04.02:723][466]LogModuleManager: Shutting down and abandoning module ProfilerService (404)
[2019.02.18-18.04.02:843][466]LogModuleManager: Shutting down and abandoning module TaskGraph (402)
[2019.02.18-18.04.02:844][466]LogModuleManager: Shutting down and abandoning module SteamVRController (400)
[2019.02.18-18.04.02:844][466]LogModuleManager: Shutting down and abandoning module ProceduralMeshComponentEditor (398)
[2019.02.18-18.04.02:845][466]LogModuleManager: Shutting down and abandoning module ProceduralMeshComponent (396)
[2019.02.18-18.04.02:845][466]LogModuleManager: Shutting down and abandoning module OculusInput (394)
[2019.02.18-18.04.02:845][466]LogModuleManager: Shutting down and abandoning module MobilePatchingUtils (392)
[2019.02.18-18.04.02:845][466]LogModuleManager: Shutting down and abandoning module EditableMesh (390)
[2019.02.18-18.04.02:845][466]LogModuleManager: Shutting down and abandoning module CustomMeshComponent (388)
[2019.02.18-18.04.02:845][466]LogModuleManager: Shutting down and abandoning module CableComponent (386)
[2019.02.18-18.04.02:846][466]LogModuleManager: Shutting down and abandoning module AudioCapture (384)
[2019.02.18-18.04.02:846][466]LogModuleManager: Shutting down and abandoning module ArchVisCharacter (382)
[2019.02.18-18.04.02:846][466]LogModuleManager: Shutting down and abandoning module AndroidPermission (380)
[2019.02.18-18.04.02:846][466]LogModuleManager: Shutting down and abandoning module NUTUnrealEngine4 (378)
[2019.02.18-18.04.02:846][466]LogModuleManager: Shutting down and abandoning module NetcodeUnitTest (376)
[2019.02.18-18.04.02:848][466]LogModuleManager: Shutting down and abandoning module MediaCompositingEditor (374)
[2019.02.18-18.04.02:848][466]LogModuleManager: Shutting down and abandoning module MediaCompositing (372)
[2019.02.18-18.04.02:848][466]LogModuleManager: Shutting down and abandoning module LinearTimecode (370)
[2019.02.18-18.04.02:848][466]LogModuleManager: Shutting down and abandoning module ImgMedia (368)
[2019.02.18-18.04.02:855][466]LogModuleManager: Shutting down and abandoning module RawInput (366)
[2019.02.18-18.04.02:856][466]LogModuleManager: Shutting down and abandoning module HTML5Networking (364)
[2019.02.18-18.04.02:856][466]LogModuleManager: Shutting down and abandoning module GeometryCacheTracks (362)
[2019.02.18-18.04.02:856][466]LogModuleManager: Shutting down and abandoning module GeometryCacheSequencer (360)
[2019.02.18-18.04.02:856][466]LogModuleManager: Shutting down and abandoning module BackChannel (358)
[2019.02.18-18.04.02:856][466]LogModuleManager: Shutting down and abandoning module AppleVision (356)
[2019.02.18-18.04.02:856][466]LogModuleManager: Shutting down and abandoning module AppleImageUtils (354)
[2019.02.18-18.04.02:856][466]LogModuleManager: Shutting down and abandoning module AlembicImporter (352)
[2019.02.18-18.04.02:857][466]LogModuleManager: Shutting down and abandoning module AlembicLibrary (351)
[2019.02.18-18.04.02:857][466]LogModuleManager: Shutting down and abandoning module GeometryCache (350)
[2019.02.18-18.04.02:857][466]LogModuleManager: Shutting down and abandoning module GeometryCacheEd (349)
[2019.02.18-18.04.02:857][466]LogModuleManager: Shutting down and abandoning module DatasmithContentEditor (344)
[2019.02.18-18.04.02:857][466]LogModuleManager: Shutting down and abandoning module DatasmithContent (342)
[2019.02.18-18.04.02:858][466]LogModuleManager: Shutting down and abandoning module SpeedTreeImporter (340)
[2019.02.18-18.04.02:858][466]LogModuleManager: Shutting down and abandoning module PluginBrowser (338)
[2019.02.18-18.04.02:860][466]LogModuleManager: Shutting down and abandoning module MobileLauncherProfileWizard (336)
[2019.02.18-18.04.02:860][466]LogModuleManager: Shutting down and abandoning module PolygonModeling (334)
[2019.02.18-18.04.02:860][466]LogModuleManager: Shutting down and abandoning module MeshEditor (332)
[2019.02.18-18.04.02:861][466]LogModuleManager: Shutting down and abandoning module CryptoKeysOpenSSL (330)
[2019.02.18-18.04.02:861][466]LogModuleManager: Shutting down and abandoning module CryptoKeys (328)
[2019.02.18-18.04.02:861][466]LogModuleManager: Shutting down and abandoning module VisualStudioSourceCodeAccess (326)
[2019.02.18-18.04.02:861][466]LogModuleManager: Shutting down and abandoning module VisualStudioCodeSourceCodeAccess (324)
[2019.02.18-18.04.02:861][466]LogModuleManager: Shutting down and abandoning module UObjectPlugin (322)
[2019.02.18-18.04.02:861][466]LogModuleManager: Shutting down and abandoning module SubversionSourceControl (320)
[2019.02.18-18.04.02:862][466]LogModuleManager: Shutting down and abandoning module PerforceSourceControl (318)
[2019.02.18-18.04.02:863][466]LogModuleManager: Shutting down and abandoning module GitSourceControl (316)
[2019.02.18-18.04.02:864][466]LogModuleManager: Shutting down and abandoning module SourceControl (315)
[2019.02.18-18.04.02:864][466]LogModuleManager: Shutting down and abandoning module CLionSourceCodeAccess (312)
[2019.02.18-18.04.02:864][466]LogModuleManager: Shutting down and abandoning module LightPropagationVolumeEditor (310)
[2019.02.18-18.04.02:864][466]LogModuleManager: Shutting down and abandoning module PaperTiledImporter (308)
[2019.02.18-18.04.02:864][466]LogModuleManager: Shutting down and abandoning module PaperSpriteSheetImporter (306)
[2019.02.18-18.04.02:865][466]LogModuleManager: Shutting down and abandoning module Paper2DEditor (304)
[2019.02.18-18.04.02:866][466]LogModuleManager: Shutting down and abandoning module MeshPaint (303)
[2019.02.18-18.04.02:866][466]LogModuleManager: Shutting down and abandoning module VehicleMovement (300)
[2019.02.18-18.04.02:866][466]LogModuleManager: Shutting down and abandoning module RuntimePhysXCooking (298)
[2019.02.18-18.04.02:866][466]LogModuleManager: Shutting down and abandoning module PhysXVehiclesEditor (296)
[2019.02.18-18.04.02:866][466]LogModuleManager: Shutting down and abandoning module PhysXVehicles (294)
[2019.02.18-18.04.02:866][466]LogModuleManager: Shutting down and abandoning module OculusEditor (292)
[2019.02.18-18.04.02:867][466]LogModuleManager: Shutting down and abandoning module LocationServicesBPLibrary (290)
[2019.02.18-18.04.02:867][466]LogModuleManager: Shutting down and abandoning module ImmediatePhysicsEditor (288)
[2019.02.18-18.04.02:867][466]LogModuleManager: Shutting down and abandoning module ImmediatePhysics (286)
[2019.02.18-18.04.02:867][466]LogModuleManager: Shutting down and abandoning module ActorSequence (284)
[2019.02.18-18.04.02:867][466]LogModuleManager: Shutting down and abandoning module UdpMessaging (282)
[2019.02.18-18.04.02:968][466]LogModuleManager: Shutting down and abandoning module TcpMessaging (280)
[2019.02.18-18.04.03:070][466]LogModuleManager: Shutting down and abandoning module MagicLeapAudio (278)
[2019.02.18-18.04.03:070][466]LogModuleManager: Shutting down and abandoning module GameplayTagsEditor (276)
[2019.02.18-18.04.03:070][466]LogModuleManager: Shutting down and abandoning module FacialAnimationEditor (274)
[2019.02.18-18.04.03:070][466]LogModuleManager: Shutting down and abandoning module FacialAnimation (272)
[2019.02.18-18.04.03:070][466]LogModuleManager: Shutting down and abandoning module DataValidation (270)
[2019.02.18-18.04.03:070][466]LogModuleManager: Shutting down and abandoning module AssetManagerEditor (268)
[2019.02.18-18.04.03:072][466]LogModuleManager: Shutting down and abandoning module LevelEditor (267)
[2019.02.18-18.04.03:073][466]LogModuleManager: Shutting down and abandoning module PixelInspectorModule (266)
[2019.02.18-18.04.03:073][466]LogModuleManager: Shutting down and abandoning module CommonMenuExtensions (264)
[2019.02.18-18.04.03:073][466]LogModuleManager: Shutting down and abandoning module MainFrame (262)
[2019.02.18-18.04.03:074][466]LogModuleManager: Shutting down and abandoning module HotReload (261)
[2019.02.18-18.04.03:075][466]LogModuleManager: Shutting down and abandoning module ContentBrowser (257)
[2019.02.18-18.04.03:076][466]LogModuleManager: Shutting down and abandoning module TreeMap (255)
[2019.02.18-18.04.03:077][466]LogModuleManager: Shutting down and abandoning module LightPropagationVolumeRuntime (252)
[2019.02.18-18.04.03:077][466]LogModuleManager: Shutting down and abandoning module AISupportModule (250)
[2019.02.18-18.04.03:077][466]LogModuleManager: Shutting down and abandoning module Paper2D (248)
[2019.02.18-18.04.03:077][466]LogModuleManager: Shutting down and abandoning module WindowsMoviePlayer (246)
[2019.02.18-18.04.03:078][466]LogModuleManager: Shutting down and abandoning module WmfMedia (244)
[2019.02.18-18.04.03:081][466]LogModuleManager: Shutting down and abandoning module Media (243)
[2019.02.18-18.04.03:088][466]LogModuleManager: Shutting down and abandoning module PacketHandler (240)
[2019.02.18-18.04.03:088][466]LogModuleManager: Shutting down and abandoning module ClothingSystemEditor (238)
[2019.02.18-18.04.03:088][466]LogModuleManager: Shutting down and abandoning module ClothingSystemRuntime (236)
[2019.02.18-18.04.03:089][466]LogModuleManager: Shutting down and abandoning module MediaAssets (234)
[2019.02.18-18.04.03:089][466]LogModuleManager: Shutting down and abandoning module Overlay (232)
[2019.02.18-18.04.03:090][466]LogModuleManager: Shutting down and abandoning module OverlayEditor (231)
[2019.02.18-18.04.03:090][466]LogModuleManager: Shutting down and abandoning module VREditor (228)
[2019.02.18-18.04.03:090][466]LogModuleManager: Shutting down and abandoning module StringTableEditor (226)
[2019.02.18-18.04.03:090][466]LogModuleManager: Shutting down and abandoning module GameplayTasksEditor (224)
[2019.02.18-18.04.03:091][466]LogModuleManager: Shutting down and abandoning module BehaviorTreeEditor (222)
[2019.02.18-18.04.03:092][466]LogModuleManager: Shutting down and abandoning module FunctionalTesting (220)
[2019.02.18-18.04.03:093][466]LogModuleManager: Shutting down and abandoning module CollisionAnalyzer (218)
[2019.02.18-18.04.03:094][466]LogModuleManager: Shutting down and abandoning module WorkspaceMenuStructure (217)
[2019.02.18-18.04.03:094][466]LogModuleManager: Shutting down and abandoning module UMG (214)
[2019.02.18-18.04.03:094][466]LogModuleManager: Shutting down and abandoning module UMGEditor (213)
[2019.02.18-18.04.03:094][466]LogModuleManager: Shutting down and abandoning module Sequencer (212)
[2019.02.18-18.04.03:097][466]LogModuleManager: Shutting down and abandoning module MessageLog (209)
[2019.02.18-18.04.03:097][466]LogModuleManager: Shutting down and abandoning module SlateReflector (204)
[2019.02.18-18.04.03:098][466]LogModuleManager: Shutting down and abandoning module Slate (202)
[2019.02.18-18.04.03:098][466]LogModuleManager: Shutting down and abandoning module EditorStyle (200)
[2019.02.18-18.04.03:100][466]LogModuleManager: Shutting down and abandoning module MRMesh (198)
[2019.02.18-18.04.03:100][466]LogModuleManager: Shutting down and abandoning module SourceCodeAccess (196)
[2019.02.18-18.04.03:100][466]LogModuleManager: Shutting down and abandoning module HeadMountedDisplay (194)
[2019.02.18-18.04.03:100][466]LogModuleManager: Shutting down and abandoning module XAudio2 (192)
[2019.02.18-18.04.03:100][466]LogModuleManager: Shutting down and abandoning module Networking (190)
[2019.02.18-18.04.03:100][466]LogModuleManager: Shutting down and abandoning module Core (188)
[2019.02.18-18.04.03:100][466]LogModuleManager: Shutting down and abandoning module LevelSequence (186)
[2019.02.18-18.04.03:100][466]LogModuleManager: Shutting down and abandoning module KismetCompiler (184)
[2019.02.18-18.04.03:101][466]LogModuleManager: Shutting down and abandoning module MeshUtilities (182)
[2019.02.18-18.04.03:101][466]LogModuleManager: Shutting down and abandoning module MeshMergeUtilities (181)
[2019.02.18-18.04.03:102][466]LogModuleManager: Shutting down and abandoning module MeshReductionInterface (180)
[2019.02.18-18.04.03:102][466]LogModuleManager: Shutting down and abandoning module SimplygonSwarm (179)
[2019.02.18-18.04.03:102][466]LogModuleManager: Shutting down and abandoning module ProxyLODMeshReduction (177)
[2019.02.18-18.04.03:103][466]LogModuleManager: Shutting down and abandoning module SimplygonMeshReduction (175)
[2019.02.18-18.04.03:103][466]LogModuleManager: Shutting down and abandoning module QuadricMeshReduction (173)
[2019.02.18-18.04.03:103][466]LogModuleManager: Shutting down and abandoning module MaterialBaking (169)
[2019.02.18-18.04.03:103][466]LogModuleManager: Shutting down and abandoning module DirectoryWatcher (165)
[2019.02.18-18.04.03:103][466]LogModuleManager: Shutting down and abandoning module DerivedDataCache (162)
[2019.02.18-18.04.03:256][466]LogDerivedDataCache: Shutdown
[2019.02.18-18.04.03:256][466]LogModuleManager: Shutting down and abandoning module XGEController (160)
[2019.02.18-18.04.03:256][466]LogXGEController: Cleaning working directory: C:/Users/Sarfaraz/AppData/Local/Temp/UnrealXGEWorkingDir/
[2019.02.18-18.04.03:257][466]LogModuleManager: Shutting down and abandoning module TargetPlatform (158)
[2019.02.18-18.04.03:257][466]LogModuleManager: Shutting down and abandoning module VulkanShaderFormat (157)
[2019.02.18-18.04.03:258][466]LogModuleManager: Shutting down and abandoning module ShaderFormatVectorVM (155)
[2019.02.18-18.04.03:258][466]LogModuleManager: Shutting down and abandoning module ShaderFormatOpenGL (153)
[2019.02.18-18.04.03:258][466]LogModuleManager: Shutting down and abandoning module ShaderFormatD3D (151)
[2019.02.18-18.04.03:258][466]LogModuleManager: Shutting down and abandoning module MetalShaderFormat (149)
[2019.02.18-18.04.03:259][466]LogModuleManager: Shutting down and abandoning module TextureFormatUncompressed (147)
[2019.02.18-18.04.03:259][466]LogModuleManager: Shutting down and abandoning module TextureFormatPVR (145)
[2019.02.18-18.04.03:259][466]LogModuleManager: Shutting down and abandoning module TextureFormatDXT (143)
[2019.02.18-18.04.03:260][466]LogModuleManager: Shutting down and abandoning module TextureFormatIntelISPCTexComp (141)
[2019.02.18-18.04.03:261][466]LogModuleManager: Shutting down and abandoning module TextureFormatASTC (139)
[2019.02.18-18.04.03:261][466]LogModuleManager: Shutting down and abandoning module ImageWrapper (138)
[2019.02.18-18.04.03:261][466]LogModuleManager: Shutting down and abandoning module TextureFormatAndroid (135)
[2019.02.18-18.04.03:261][466]LogModuleManager: Shutting down and abandoning module AudioFormatOpus (133)
[2019.02.18-18.04.03:262][466]LogModuleManager: Shutting down and abandoning module AudioFormatOgg (131)
[2019.02.18-18.04.03:262][466]LogModuleManager: Shutting down and abandoning module AudioFormatADPCM (129)
[2019.02.18-18.04.03:262][466]LogModuleManager: Shutting down and abandoning module LuminTargetPlatform (127)
[2019.02.18-18.04.03:262][466]LogModuleManager: Shutting down and abandoning module LinuxTargetPlatform (125)
[2019.02.18-18.04.03:262][466]LogModuleManager: Shutting down and abandoning module LinuxServerTargetPlatform (123)
[2019.02.18-18.04.03:262][466]LogModuleManager: Shutting down and abandoning module LinuxNoEditorTargetPlatform (121)
[2019.02.18-18.04.03:263][466]LogModuleManager: Shutting down and abandoning module LinuxClientTargetPlatform (119)
[2019.02.18-18.04.03:264][466]LogModuleManager: Shutting down and abandoning module TVOSTargetPlatform (117)
[2019.02.18-18.04.03:264][466]LogModuleManager: Shutting down and abandoning module Messaging (115)
[2019.02.18-18.04.03:265][466]LogModuleManager: Shutting down and abandoning module IOSTargetPlatform (113)
[2019.02.18-18.04.03:265][466]LogModuleManager: Shutting down and abandoning module HTML5TargetPlatform (111)
[2019.02.18-18.04.03:265][466]LogModuleManager: Shutting down and abandoning module AndroidTargetPlatform (109)
[2019.02.18-18.04.03:274][466]LogModuleManager: Shutting down and abandoning module WindowsTargetPlatform (107)
[2019.02.18-18.04.03:274][466]LogModuleManager: Shutting down and abandoning module WindowsServerTargetPlatform (105)
[2019.02.18-18.04.03:274][466]LogModuleManager: Shutting down and abandoning module WindowsNoEditorTargetPlatform (103)
[2019.02.18-18.04.03:274][466]LogModuleManager: Shutting down and abandoning module WindowsClientTargetPlatform (101)
[2019.02.18-18.04.03:274][466]LogModuleManager: Shutting down and abandoning module MacTargetPlatform (99)
[2019.02.18-18.04.03:274][466]LogModuleManager: Shutting down and abandoning module MacServerTargetPlatform (97)
[2019.02.18-18.04.03:275][466]LogModuleManager: Shutting down and abandoning module MacNoEditorTargetPlatform (95)
[2019.02.18-18.04.03:275][466]LogModuleManager: Shutting down and abandoning module MacClientTargetPlatform (93)
[2019.02.18-18.04.03:275][466]LogModuleManager: Shutting down and abandoning module AllDesktopTargetPlatform (91)
[2019.02.18-18.04.03:275][466]LogModuleManager: Shutting down and abandoning module InputCore (88)
[2019.02.18-18.04.03:275][466]LogModuleManager: Shutting down and abandoning module Settings (86)
[2019.02.18-18.04.03:275][466]LogModuleManager: Shutting down and abandoning module PhysXCooking (84)
[2019.02.18-18.04.03:275][466]LogModuleManager: Shutting down and abandoning module SteamVR (82)
[2019.02.18-18.04.03:275][466]LogModuleManager: Shutting down and abandoning module OculusHMD (80)
[2019.02.18-18.04.03:276][466]LogModuleManager: Shutting down and abandoning module ExampleDeviceProfileSelector (78)
[2019.02.18-18.04.03:276][466]LogModuleManager: Shutting down and abandoning module LauncherChunkInstaller (76)
[2019.02.18-18.04.03:276][466]LogModuleManager: Shutting down and abandoning module OnlineBlueprintSupport (74)
[2019.02.18-18.04.03:276][466]LogModuleManager: Shutting down and abandoning module OnlineSubsystem (70)
[2019.02.18-18.04.03:278][466]LogModuleManager: Shutting down and abandoning module XMPP (65)
[2019.02.18-18.04.03:279][466]LogModuleManager: Shutting down and abandoning module WebSockets (64)
[2019.02.18-18.04.03:314][466]LogModuleManager: Shutting down and abandoning module HTTP (61)
[2019.02.18-18.04.03:314][466]LogHttp: Display: Http module shutting down, but needs to wait on 1 outstanding Http requests:
[2019.02.18-18.04.03:315][466]LogHttp: Display: 	verb=[POST] url=[https://datarouter.ol.epicgames.com/datarouter/api/v1/public/data?SessionID=%7B263B2285-47C2-AC33-E9A9-188B40B3E8C7%7D&AppID=UEEditor.Rocket.Release&AppVersion=4.20.3-4369336%2B%2B%2BUE4%2BRelease-4.20&UserID=3fb737224a51bc632581bd91c14d1591%7C8ae81fff8fc647328846e802f56b3813%7Cedc5a6d1-e041-41b6-9db5-cad6714b3343&AppEnvironment=datacollector-binary&UploadType=eteventstream] status=Processing
[2019.02.18-18.04.03:334][466]LogModuleManager: Shutting down and abandoning module SSL (60)
[2019.02.18-18.04.03:335][466]LogModuleManager: Shutting down and abandoning module MagicLeapEmulator (56)
[2019.02.18-18.04.03:336][466]LogModuleManager: Shutting down and abandoning module MagicLeapPrivileges (54)
[2019.02.18-18.04.03:336][466]LogModuleManager: Shutting down and abandoning module MagicLeapIdentity (52)
[2019.02.18-18.04.03:336][466]LogModuleManager: Shutting down and abandoning module MagicLeapHelperVulkan (50)
[2019.02.18-18.04.03:336][466]LogModuleManager: Shutting down and abandoning module MagicLeapHelperOpenGL (48)
[2019.02.18-18.04.03:336][466]LogModuleManager: Shutting down and abandoning module MagicLeapSecureStorage (46)
[2019.02.18-18.04.03:336][466]LogModuleManager: Shutting down and abandoning module MagicLeapGestures (44)
[2019.02.18-18.04.03:336][466]LogModuleManager: Shutting down and abandoning module MagicLeapEyeTracker (42)
[2019.02.18-18.04.03:336][466]LogModuleManager: Shutting down and abandoning module MagicLeapController (40)
[2019.02.18-18.04.03:337][466]LogSlate: Slate User Destroyed.  User Index 0, Is Virtual User: 0
[2019.02.18-18.04.03:337][466]LogModuleManager: Shutting down and abandoning module MagicLeap (38)
[2019.02.18-18.04.03:337][466]LogModuleManager: Shutting down and abandoning module AnimationModifiers (36)
[2019.02.18-18.04.03:339][466]LogModuleManager: Shutting down and abandoning module PropertyEditor (35)
[2019.02.18-18.04.03:339][466]LogModuleManager: Shutting down and abandoning module AudioEditor (32)
[2019.02.18-18.04.03:340][466]LogModuleManager: Shutting down and abandoning module TextureCompressor (30)
[2019.02.18-18.04.03:344][466]LogModuleManager: Shutting down and abandoning module ShaderCore (28)
[2019.02.18-18.04.03:344][466]LogModuleManager: Shutting down and abandoning module Landscape (26)
[2019.02.18-18.04.03:344][466]LogModuleManager: Shutting down and abandoning module SlateRHIRenderer (24)
[2019.02.18-18.04.03:344][466]LogModuleManager: Shutting down and abandoning module OpenGLDrv (22)
[2019.02.18-18.04.03:344][466]LogModuleManager: Shutting down and abandoning module D3D11RHI (20)
[2019.02.18-18.04.03:344][466]LogModuleManager: Shutting down and abandoning module AnimGraphRuntime (18)
[2019.02.18-18.04.03:344][466]LogModuleManager: Shutting down and abandoning module Renderer (16)
[2019.02.18-18.04.03:344][466]LogModuleManager: Shutting down and abandoning module Engine (14)
[2019.02.18-18.04.03:344][466]LogModuleManager: Shutting down and abandoning module CoreUObject (12)
[2019.02.18-18.04.03:344][466]LogModuleManager: Shutting down and abandoning module NetworkFile (10)
[2019.02.18-18.04.03:345][466]LogModuleManager: Shutting down and abandoning module CookedIterativeFile (8)
[2019.02.18-18.04.03:345][466]LogModuleManager: Shutting down and abandoning module StreamingFile (6)
[2019.02.18-18.04.03:345][466]LogModuleManager: Shutting down and abandoning module SandboxFile (4)
[2019.02.18-18.04.03:345][466]LogModuleManager: Shutting down and abandoning module PakFile (2)
[2019.02.18-18.04.03:356][466]LogExit: Exiting.
[2019.02.18-18.04.03:368][466]Log file closed, 02/18/19 13:04:03
