Log file open, 03/02/19 21:10:14
LogWindows: Failed to load 'aqProf.dll' (GetLastError=126)
LogWindows: File 'aqProf.dll' does not exist
LogWindows: Failed to load 'VSPerf140.dll' (GetLastError=126)
LogWindows: File 'VSPerf140.dll' does not exist
LogWindows: Failed to load 'VtuneApi.dll' (GetLastError=126)
LogWindows: File 'VtuneApi.dll' does not exist
LogWindows: Failed to load 'VtuneApi32e.dll' (GetLastError=126)
LogWindows: File 'VtuneApi32e.dll' does not exist
LogInit: Display: Running engine for game: VehicleMovement
LogPlatformFile: Not using cached read wrapper
LogTaskGraph: Started task graph with 5 named threads and 20 total threads with 3 sets of task threads.
LogStats: Stats thread started at 0.258846
LogD3D11RHI: Loaded GFSDK_Aftermath_Lib.x64.dll
LogICUInternationalization: Display: ICU TimeZone Detection - Raw Offset: -5:00, Platform Override: ''
LogPluginManager: Mounting plugin Paper2D
LogPluginManager: Mounting plugin AISupport
LogPluginManager: Mounting plugin LightPropagationVolume
LogPluginManager: Mounting plugin CLionSourceCodeAccess
LogPluginManager: Mounting plugin CodeLiteSourceCodeAccess
LogPluginManager: Mounting plugin GitSourceControl
LogPluginManager: Mounting plugin KDevelopSourceCodeAccess
LogPluginManager: Mounting plugin NullSourceCodeAccess
LogPluginManager: Mounting plugin PerforceSourceControl
LogPluginManager: Mounting plugin SubversionSourceControl
LogPluginManager: Mounting plugin UObjectPlugin
LogPluginManager: Mounting plugin VisualStudioCodeSourceCodeAccess
LogPluginManager: Mounting plugin VisualStudioSourceCodeAccess
LogPluginManager: Mounting plugin XCodeSourceCodeAccess
LogPluginManager: Mounting plugin AssetManagerEditor
LogPluginManager: Mounting plugin CryptoKeys
LogPluginManager: Mounting plugin DataValidation
LogPluginManager: Mounting plugin FacialAnimation
LogPluginManager: Mounting plugin GameplayTagsEditor
LogPluginManager: Mounting plugin MacGraphicsSwitching
LogPluginManager: Mounting plugin MeshEditor
LogPluginManager: Mounting plugin MobileLauncherProfileWizard
LogPluginManager: Mounting plugin PluginBrowser
LogPluginManager: Mounting plugin SpeedTreeImporter
LogPluginManager: Mounting plugin DatasmithContent
LogPluginManager: Mounting plugin AlembicImporter
LogPluginManager: Mounting plugin AppleImageUtils
LogPluginManager: Mounting plugin AppleVision
LogPluginManager: Mounting plugin BackChannel
LogPluginManager: Mounting plugin CharacterAI
LogPluginManager: Mounting plugin GeometryCache
LogPluginManager: Mounting plugin HTML5Networking
LogPluginManager: Mounting plugin ProxyLODPlugin
LogPluginManager: Mounting plugin RawInput
LogPluginManager: Mounting plugin MagicLeap
LogPluginManager: Mounting plugin MagicLeapEmulator
LogPluginManager: Mounting plugin MagicLeapMedia
LogPluginManager: Mounting plugin AndroidMedia
LogPluginManager: Mounting plugin AvfMedia
LogPluginManager: Mounting plugin ImgMedia
LogPluginManager: Mounting plugin LinearTimecode
LogPluginManager: Mounting plugin MediaCompositing
LogPluginManager: Mounting plugin MediaPlayerEditor
LogPluginManager: Mounting plugin WmfMedia
LogPluginManager: Mounting plugin TcpMessaging
LogPluginManager: Mounting plugin UdpMessaging
LogPluginManager: Mounting plugin ActorSequence
LogPluginManager: Mounting plugin LevelSequenceEditor
LogPluginManager: Mounting plugin MatineeToLevelSequence
LogPluginManager: Mounting plugin NetcodeUnitTest
LogPluginManager: Mounting plugin NUTUnrealEngine4
LogPluginManager: Mounting plugin OnlineSubsystemGooglePlay
LogPluginManager: Mounting plugin OnlineSubsystemIOS
LogPluginManager: Mounting plugin OnlineSubsystem
LogPluginManager: Mounting plugin OnlineSubsystemNull
LogPluginManager: Mounting plugin OnlineSubsystemUtils
LogPluginManager: Mounting plugin LauncherChunkInstaller
LogPluginManager: Mounting plugin AndroidDeviceProfileSelector
LogPluginManager: Mounting plugin AndroidMoviePlayer
LogPluginManager: Mounting plugin AndroidPermission
LogPluginManager: Mounting plugin AppleMoviePlayer
LogPluginManager: Mounting plugin ArchVisCharacter
LogPluginManager: Mounting plugin AudioCapture
LogPluginManager: Mounting plugin CableComponent
LogPluginManager: Mounting plugin CustomMeshComponent
LogPluginManager: Mounting plugin EditableMesh
LogPluginManager: Mounting plugin ExampleDeviceProfileSelector
LogPluginManager: Mounting plugin GoogleCloudMessaging
LogPluginManager: Mounting plugin ImmediatePhysics
LogPluginManager: Mounting plugin IOSDeviceProfileSelector
LogPluginManager: Mounting plugin LinuxDeviceProfileSelector
LogPluginManager: Mounting plugin LocationServicesBPLibrary
LogPluginManager: Mounting plugin MobilePatchingUtils
LogPluginManager: Mounting plugin OculusVR
LogPluginManager: Plugin shader directory ../../../Engine/Plugins/Runtime/Oculus/OculusVR/Shaders found
LogPluginManager: Mapping shader source directory ../../../Engine/Plugins/Runtime/Oculus/OculusVR/Shaders to virtual directory /Plugin/OculusVR
LogPluginManager: Mounting plugin PhysXVehicles
LogPluginManager: Mounting plugin ProceduralMeshComponent
LogPluginManager: Mounting plugin RuntimePhysXCooking
LogPluginManager: Mounting plugin SteamVR
LogPluginManager: Mounting plugin WindowsMoviePlayer
LogStreaming: Display: Took  0.199s to configure plugins.
LogInit: Using libcurl 7.55.1-DEV
LogInit:  - built for x86_64-pc-win32
LogInit:  - supports SSL with OpenSSL/1.0.2h
LogInit:  - supports HTTP deflate (compression) using libz 1.2.8
LogInit:  - other features:
LogInit:      CURL_VERSION_SSL
LogInit:      CURL_VERSION_LIBZ
LogInit:      CURL_VERSION_IPV6
LogInit:      CURL_VERSION_ASYNCHDNS
LogInit:      CURL_VERSION_LARGEFILE
LogInit:      CURL_VERSION_IDN
LogInit:  CurlRequestOptions (configurable via config and command line):
LogInit:  - bVerifyPeer = false  - Libcurl will NOT verify peer certificate
LogInit:  - bUseHttpProxy = false  - Libcurl will NOT use HTTP proxy
LogInit:  - bDontReuseConnections = false  - Libcurl will reuse connections
LogInit:  - CertBundlePath = nullptr  - Libcurl will use whatever was configured at build time.
LogInit:  - MaxHostConnections = 16  - Libcurl will limit the number of connections to a host
LogInit:  - LocalHostAddr = Default
LogInit:  - BufferSize = 65536
LogInit: WinSock: version 1.1 (2.2), MaxSocks=32767, MaxUdp=65467
LogInit: Build: ++UE4+Release-4.20-CL-4369336
LogInit: Engine Version: 4.20.3-4369336+++UE4+Release-4.20
LogInit: Compatible Engine Version: 4.20.0-4212847+++UE4+Release-4.20
LogInit: Net CL: 4212847
LogInit: OS: Windows 10 (), CPU: Intel(R) Core(TM) i5-8400 CPU @ 2.80GHz, GPU: NVIDIA GeForce GTX 1050 Ti
LogInit: Compiled (64-bit): Sep 17 2018 12:26:19
LogInit: Compiled with Visual C++: 19.13.26129.00
LogInit: Build Configuration: Development
LogInit: Branch Name: ++UE4+Release-4.20
LogInit: Command Line:  
LogInit: Base Directory: D:/UE_4.20/Engine/Binaries/Win64/
LogInit: Installed Engine Build: 1
LogDevObjectVersion: Number of dev versions registered: 20
LogDevObjectVersion:   Dev-Blueprints (B0D832E4-1F89-4F0D-ACCF-7EB736FD4AA2): 10
LogDevObjectVersion:   Dev-Build (E1C64328-A22C-4D53-A36C-8E866417BD8C): 0
LogDevObjectVersion:   Dev-Core (375EC13C-06E4-48FB-B500-84F0262A717E): 2
LogDevObjectVersion:   Dev-Editor (E4B068ED-F494-42E9-A231-DA0B2E46BB41): 24
LogDevObjectVersion:   Dev-Framework (CFFC743F-43B0-4480-9391-14DF171D2073): 34
LogDevObjectVersion:   Dev-Mobile (B02B49B5-BB20-44E9-A304-32B752E40360): 2
LogDevObjectVersion:   Dev-Networking (A4E4105C-59A1-49B5-A7C5-40C4547EDFEE): 0
LogDevObjectVersion:   Dev-Online (39C831C9-5AE6-47DC-9A44-9C173E1C8E7C): 0
LogDevObjectVersion:   Dev-Physics (78F01B33-EBEA-4F98-B9B4-84EACCB95AA2): 0
LogDevObjectVersion:   Dev-Platform (6631380F-2D4D-43E0-8009-CF276956A95A): 0
LogDevObjectVersion:   Dev-Rendering (12F88B9F-8875-4AFC-A67C-D90C383ABD29): 26
LogDevObjectVersion:   Dev-Sequencer (7B5AE74C-D270-4C10-A958-57980B212A5A): 9
LogDevObjectVersion:   Dev-VR (D7296918-1DD6-4BDD-9DE2-64A83CC13884): 2
LogDevObjectVersion:   Dev-LoadTimes (C2A15278-BFE7-4AFE-6C17-90FF531DF755): 1
LogDevObjectVersion:   Private-Geometry (6EACA3D4-40EC-4CC1-B786-8BED09428FC5): 3
LogDevObjectVersion:   Dev-AnimPhys (29E575DD-E0A3-4627-9D10-D276232CDCEA): 17
LogDevObjectVersion:   Dev-ReflectionCapture (6B266CEC-1EC7-4B8F-A30B-E4D90942FC07): 1
LogDevObjectVersion:   Dev-Automation (0DF73D61-A23F-47EA-B727-89E90C41499A): 1
LogDevObjectVersion:   FortniteMain (601D1886-AC64-4F84-AA16-D3DE0DEAC7D6): 12
LogDevObjectVersion:   Dev-Enterprise (9DFFBCD6-494F-0158-E221-12823C92A888): 1
LogStreaming: Display: Took  0.002s to delete old logs.
LogInit: Presizing for max 8388607 objects, including 0 objects not considered by GC, pre-allocating 0 bytes for permanent pool.
LogInit: Object subsystem initialized
[2019.03.03-02.10.14:922][  0]LogInit: Selected Device Profile: [Windows]
[2019.03.03-02.10.14:922][  0]LogInit: Applying CVar settings loaded from the selected device profile: [Windows]
[2019.03.03-02.10.14:931][  0]LogHAL: Display: Platform has ~ 8 GB [8523337728 / 8589934592 / 8], which maps to Default [LargestMinGB=32, LargerMinGB=12, DefaultMinGB=8, SmallerMinGB=6, SmallestMinGB=0)
[2019.03.03-02.10.14:931][  0]LogInit: Setting Device Profile CVar: [[r.Vulkan.UseRealUBs:1]]
[2019.03.03-02.10.14:931][  0]LogInit: Going up to parent DeviceProfile []
[2019.03.03-02.10.14:931][  0]LogInit: Computer: DESKTOP-IF8BQD3
[2019.03.03-02.10.14:931][  0]LogInit: User: ChiyokoYumi
[2019.03.03-02.10.14:931][  0]LogInit: CPU Page size=4096, Cores=6
[2019.03.03-02.10.14:931][  0]LogInit: High frequency timer resolution =10.000000 MHz
[2019.03.03-02.10.14:932][  0]LogMemory: Memory total: Physical=7.9GB (8GB approx)
[2019.03.03-02.10.14:932][  0]LogMemory: Platform Memory Stats for Windows
[2019.03.03-02.10.14:932][  0]LogMemory: Process Physical Memory: 101.16 MB used, 101.16 MB peak
[2019.03.03-02.10.14:932][  0]LogMemory: Process Virtual Memory: 84.67 MB used, 84.67 MB peak
[2019.03.03-02.10.14:932][  0]LogMemory: Physical Memory: 6323.84 MB used,  1804.65 MB free, 8128.49 MB total
[2019.03.03-02.10.14:932][  0]LogMemory: Virtual Memory: 4618.13 MB used,  1804.65 MB free, 134217728.00 MB total
[2019.03.03-02.10.14:967][  0]LogInit: Using OS detected language (en-US).
[2019.03.03-02.10.14:967][  0]LogInit: Using OS detected locale (en-CA).
[2019.03.03-02.10.14:971][  0]LogTextLocalizationManager: No specific localization for 'en-US' exists, so the 'en' localization will be used.
[2019.03.03-02.10.15:321][  0]LogStreaming: Display: Took  0.354s to InitEngineTextLocalization.
[2019.03.03-02.10.15:321][  0]LogInit: Setting process to per monitor DPI aware
[2019.03.03-02.10.15:361][  0]LogSlate: New Slate User Created.  User Index 0, Is Virtual User: 0
[2019.03.03-02.10.15:361][  0]LogSlate: Slate User Registered.  User Index 0, Is Virtual User: 0
[2019.03.03-02.10.15:594][  0]LogHMD: Failed to initialize OpenVR with code 110
[2019.03.03-02.10.15:594][  0]LogD3D11RHI: D3D11 adapters:
[2019.03.03-02.10.15:671][  0]LogD3D11RHI:    0. 'NVIDIA GeForce GTX 1050 Ti' (Feature Level 11_0)
[2019.03.03-02.10.15:671][  0]LogD3D11RHI:       4018/0/4064 MB DedicatedVideo/DedicatedSystem/SharedSystem, Outputs:2, VendorId:0x10de
[2019.03.03-02.10.15:674][  0]LogD3D11RHI:    1. 'Microsoft Basic Render Driver' (Feature Level 11_0)
[2019.03.03-02.10.15:674][  0]LogD3D11RHI:       0/0/4064 MB DedicatedVideo/DedicatedSystem/SharedSystem, Outputs:0, VendorId:0x1414
[2019.03.03-02.10.15:674][  0]LogD3D11RHI: Chosen D3D11 Adapter: 0
[2019.03.03-02.10.15:684][  0]LogD3D11RHI: Creating new Direct3DDevice
[2019.03.03-02.10.15:684][  0]LogD3D11RHI:     GPU DeviceId: 0x1c82 (for the marketing name, search the web for "GPU Device Id")
[2019.03.03-02.10.15:684][  0]LogWindows: EnumDisplayDevices:
[2019.03.03-02.10.15:684][  0]LogWindows:    0. 'NVIDIA GeForce GTX 1050 Ti' (P:1 D:1)
[2019.03.03-02.10.15:685][  0]LogWindows:    1. 'NVIDIA GeForce GTX 1050 Ti' (P:0 D:1)
[2019.03.03-02.10.15:686][  0]LogWindows:    2. 'NVIDIA GeForce GTX 1050 Ti' (P:0 D:0)
[2019.03.03-02.10.15:686][  0]LogWindows:    3. 'NVIDIA GeForce GTX 1050 Ti' (P:0 D:0)
[2019.03.03-02.10.15:687][  0]LogWindows: DebugString: FoundDriverCount:4 
[2019.03.03-02.10.15:687][  0]LogD3D11RHI:     Adapter Name: NVIDIA GeForce GTX 1050 Ti
[2019.03.03-02.10.15:687][  0]LogD3D11RHI:   Driver Version: 419.17 (internal:25.21.14.1917, unified:419.17)
[2019.03.03-02.10.15:687][  0]LogD3D11RHI:      Driver Date: 2-20-2019
[2019.03.03-02.10.15:687][  0]LogRHI: Texture pool is 2812 MB (70% of 4018 MB)
[2019.03.03-02.10.15:735][  0]LogD3D11RHI: Async texture creation enabled
[2019.03.03-02.10.15:753][  0]LogD3D11RHI: GPU Timing Frequency: 1000.000000 (Debug: 2 1)
[2019.03.03-02.10.15:809][  0]LogShaderCompilers: Guid format shader working directory is -53 characters bigger than the processId version (../../../../GitHub/Math-Assignment_1/Math_Assignment_1/Game260Development/Resources/VehicleMovement/Intermediate/Shaders/WorkingDirectory/3984/).
[2019.03.03-02.10.15:809][  0]LogShaderCompilers: Cleaned the shader compiler working directory 'C:/Users/nicom/AppData/Local/Temp/UnrealShaderWorkingDir/8B3843AC4737ED7266DF04A10132824F/'.
[2019.03.03-02.10.16:220][  0]LogTemp: Display: Loaded TP AllDesktopTargetPlatform
[2019.03.03-02.10.16:235][  0]LogTemp: Display: Loaded TP MacClientTargetPlatform
[2019.03.03-02.10.16:250][  0]LogTemp: Display: Loaded TP MacNoEditorTargetPlatform
[2019.03.03-02.10.16:266][  0]LogTemp: Display: Loaded TP MacServerTargetPlatform
[2019.03.03-02.10.16:281][  0]LogTemp: Display: Loaded TP MacTargetPlatform
[2019.03.03-02.10.16:298][  0]LogTemp: Display: Loaded TP WindowsClientTargetPlatform
[2019.03.03-02.10.16:313][  0]LogTemp: Display: Loaded TP WindowsNoEditorTargetPlatform
[2019.03.03-02.10.16:329][  0]LogTemp: Display: Loaded TP WindowsServerTargetPlatform
[2019.03.03-02.10.16:338][  0]LogTemp: Display: Loaded TP WindowsTargetPlatform
[2019.03.03-02.10.16:413][  0]LogTemp: Display: Loaded TP AndroidTargetPlatform
[2019.03.03-02.10.16:413][  0]LogTemp: Display: Loaded TP AndroidTargetPlatform
[2019.03.03-02.10.16:413][  0]LogTemp: Display: Loaded TP AndroidTargetPlatform
[2019.03.03-02.10.16:413][  0]LogTemp: Display: Loaded TP AndroidTargetPlatform
[2019.03.03-02.10.16:413][  0]LogTemp: Display: Loaded TP AndroidTargetPlatform
[2019.03.03-02.10.16:413][  0]LogTemp: Display: Loaded TP AndroidTargetPlatform
[2019.03.03-02.10.16:413][  0]LogTemp: Display: Loaded TP AndroidTargetPlatform
[2019.03.03-02.10.16:413][  0]LogTemp: Display: Loaded TP AndroidTargetPlatform
[2019.03.03-02.10.16:413][  0]LogTemp: Display: Loaded TP AndroidTargetPlatform
[2019.03.03-02.10.16:413][  0]LogTemp: Display: Loaded TP AndroidTargetPlatform
[2019.03.03-02.10.16:413][  0]LogTemp: Display: Loaded TP AndroidTargetPlatform
[2019.03.03-02.10.16:413][  0]LogTemp: Display: Loaded TP AndroidTargetPlatform
[2019.03.03-02.10.16:413][  0]LogTemp: Display: Loaded TP AndroidTargetPlatform
[2019.03.03-02.10.16:413][  0]LogTemp: Display: Loaded TP AndroidTargetPlatform
[2019.03.03-02.10.16:413][  0]LogTemp: Display: Loaded TP AndroidTargetPlatform
[2019.03.03-02.10.16:413][  0]LogTemp: Display: Loaded TP AndroidTargetPlatform
[2019.03.03-02.10.16:413][  0]LogTemp: Display: Loaded TP AndroidTargetPlatform
[2019.03.03-02.10.16:413][  0]LogTemp: Display: Loaded TP AndroidTargetPlatform
[2019.03.03-02.10.16:416][  0]LogTemp: Display: Loaded TP HTML5TargetPlatform
[2019.03.03-02.10.16:498][  0]LogTemp: Display: Loaded TP IOSTargetPlatform
[2019.03.03-02.10.16:498][  0]LogTemp: Display: Loaded TP IOSTargetPlatform
[2019.03.03-02.10.16:521][  0]LogTemp: Display: Loaded TP TVOSTargetPlatform
[2019.03.03-02.10.16:521][  0]LogTemp: Display: Loaded TP TVOSTargetPlatform
[2019.03.03-02.10.16:534][  0]LogTemp: Display: Loaded TP LinuxClientTargetPlatform
[2019.03.03-02.10.16:547][  0]LogTemp: Display: Loaded TP LinuxNoEditorTargetPlatform
[2019.03.03-02.10.16:561][  0]LogTemp: Display: Loaded TP LinuxServerTargetPlatform
[2019.03.03-02.10.16:575][  0]LogTemp: Display: Loaded TP LinuxTargetPlatform
[2019.03.03-02.10.16:586][  0]LogTemp: Display: Loaded TP LuminTargetPlatform
[2019.03.03-02.10.16:586][  0]LogTargetPlatformManager: Display: Building Assets For Windows
[2019.03.03-02.10.16:692][  0]LogXGEController: Cannot use XGE Controller as Incredibuild is not installed on this machine.
[2019.03.03-02.10.16:692][  0]LogShaderCompilers: Cannot use XGE Shader Compiler as Incredibuild is not installed on this machine.
[2019.03.03-02.10.16:692][  0]LogShaderCompilers: Display: Using Local Shader Compiler.
[2019.03.03-02.10.17:357][  0]LogDerivedDataCache: Display: Max Cache Size: 512 MB
[2019.03.03-02.10.17:431][  0]LogDerivedDataCache: Loaded boot cache 0.07s 73MB C:/Users/nicom/AppData/Local/UnrealEngine/4.20/DerivedDataCache/Boot.ddc.
[2019.03.03-02.10.17:431][  0]LogDerivedDataCache: Display: Loaded Boot cache: C:/Users/nicom/AppData/Local/UnrealEngine/4.20/DerivedDataCache/Boot.ddc
[2019.03.03-02.10.17:431][  0]LogDerivedDataCache: FDerivedDataBackendGraph:  Pak pak cache file ../../../../GitHub/Math-Assignment_1/Math_Assignment_1/Game260Development/Resources/VehicleMovement/DerivedDataCache/DDC.ddp not found, will not use a pak cache.
[2019.03.03-02.10.17:431][  0]LogDerivedDataCache: Unable to find inner node Pak for hierarchical cache Hierarchy.
[2019.03.03-02.10.17:431][  0]LogDerivedDataCache: FDerivedDataBackendGraph:  CompressedPak pak cache file ../../../../GitHub/Math-Assignment_1/Math_Assignment_1/Game260Development/Resources/VehicleMovement/DerivedDataCache/Compressed.ddp not found, will not use a pak cache.
[2019.03.03-02.10.17:431][  0]LogDerivedDataCache: Unable to find inner node CompressedPak for hierarchical cache Hierarchy.
[2019.03.03-02.10.17:443][  0]LogDerivedDataCache: Display: Pak cache opened for reading ../../../Engine/DerivedDataCache/Compressed.ddp.
[2019.03.03-02.10.17:457][  0]LogDerivedDataCache: Using Local data cache path C:/Users/nicom/AppData/Local/UnrealEngine/Common/DerivedDataCache: Writable
[2019.03.03-02.10.17:457][  0]LogDerivedDataCache: Shared data cache path not found in *engine.ini, will not use an Shared cache.
[2019.03.03-02.10.17:457][  0]LogDerivedDataCache: Unable to find inner node Shared for hierarchical cache Hierarchy.
[2019.03.03-02.10.17:486][  0]LogMaterial: Verifying Global Shaders for PCD3D_SM5
[2019.03.03-02.10.17:487][  0]LogSlate: Using FreeType 2.6.0
[2019.03.03-02.10.17:488][  0]LogSlate: SlateFontServices - WITH_FREETYPE: 1, WITH_HARFBUZZ: 1
[2019.03.03-02.10.17:597][  0]LogAssetRegistry: FAssetRegistry took 0.0263 seconds to start up
[2019.03.03-02.10.17:916][  0]LogInit: Selected Device Profile: [Windows]
[2019.03.03-02.10.18:064][  0]LogSimplygon: Simplygon DLL not present - disabling.
[2019.03.03-02.10.18:071][  0]LogMeshReduction: Using SimplygonSwarm for distributed automatic mesh merging
[2019.03.03-02.10.18:071][  0]LogMeshReduction: Using ProxyLODMeshReduction for automatic mesh merging
[2019.03.03-02.10.18:071][  0]LogMeshReduction: Using QuadricMeshReduction for automatic static mesh reduction
[2019.03.03-02.10.18:071][  0]LogMeshReduction: No automatic skeletal mesh reduction module available
[2019.03.03-02.10.18:089][  0]LogNetVersion: VehicleMovement 1.0.0, NetCL: 4212847, EngineNetVer: 5, GameNetVer: 0 (Checksum: 2966596176)
[2019.03.03-02.10.18:687][  0]LogPackageLocalizationCache: Processed 11 localized package path(s) for 2 prioritized culture(s) in 0.132604 seconds
[2019.03.03-02.10.18:693][  0]LogUObjectArray: 38425 objects as part of root set at end of initial load.
[2019.03.03-02.10.18:693][  0]LogUObjectAllocator: 6690864 out of 0 bytes used by permanent object pool.
[2019.03.03-02.10.18:693][  0]LogUObjectArray: CloseDisregardForGC: 0/0 objects in disregard for GC pool
[2019.03.03-02.10.20:231][  0]LogTcpMessaging: Initializing TcpMessaging bridge
[2019.03.03-02.10.20:246][  0]LogUdpMessaging: Initializing bridge on interface 0.0.0.0:0 to multicast group 230.0.0.1:6666.
[2019.03.03-02.10.20:524][  0]SourceControl: Source control is disabled
[2019.03.03-02.10.20:524][  0]SourceControl: Source control is disabled
[2019.03.03-02.10.20:526][  0]SourceControl: Source control is disabled
[2019.03.03-02.10.20:527][  0]SourceControl: Source control is disabled
[2019.03.03-02.10.20:745][  0]LogAndroidPermission: UAndroidPermissionCallbackProxy::GetInstance
[2019.03.03-02.10.20:981][  0]LogOcInput: OculusInput pre-init called
[2019.03.03-02.10.21:044][  0]LogEngine: Initializing Engine...
[2019.03.03-02.10.21:045][  0]LogHMD: Failed to initialize OpenVR with code 110
[2019.03.03-02.10.21:046][  0]LogStats: UGameplayTagsManager::ConstructGameplayTagTree: ImportINI prefixes -  0.000 s
[2019.03.03-02.10.21:047][  0]LogStats: UGameplayTagsManager::ConstructGameplayTagTree: Construct from data asset -  0.000 s
[2019.03.03-02.10.21:047][  0]LogStats: UGameplayTagsManager::ConstructGameplayTagTree: ImportINI -  0.000 s
[2019.03.03-02.10.21:047][  0]LogStats: UGameplayTagsManager::ConstructGameplayTagTree: GameplayTagTreeChangedEvent.Broadcast -  0.000 s
[2019.03.03-02.10.21:271][  0]LogInit: Initializing FReadOnlyCVARCache
[2019.03.03-02.10.21:296][  0]LogAIModule: Creating AISystem for world Untitled
[2019.03.03-02.10.21:437][  0]LogInit: XAudio2 using 'Speakers (Realtek(R) Audio)' : 2 channels at 48 kHz using 32 bits per sample (channel mask 0x3)
[2019.03.03-02.10.21:492][  0]LogInit: FAudioDevice initialized.
[2019.03.03-02.10.21:492][  0]LogNetVersion: Set ProjectVersion to 1.0.0.0. Version Checksum will be recalculated on next use.
[2019.03.03-02.10.21:577][  0]LogDerivedDataCache: Saved boot cache 0.08s 73MB C:/Users/nicom/AppData/Local/UnrealEngine/4.20/DerivedDataCache/Boot.ddc.
[2019.03.03-02.10.21:586][  0]LogInit: Texture streaming: Enabled
[2019.03.03-02.10.21:624][  0]LogEngineSessionManager: EngineSessionManager initialized
[2019.03.03-02.10.21:644][  0]LogInit: Transaction tracking system initialized
[2019.03.03-02.10.21:695][  0]BlueprintLog: New page: Editor Load
[2019.03.03-02.10.21:861][  0]LocalizationService: Localization service is disabled
[2019.03.03-02.10.22:134][  0]LogCook: Display: Max memory allowance for cook 16384mb min free memory 0mb
[2019.03.03-02.10.22:134][  0]LogCook: Display: Mobile HDR setting 1
[2019.03.03-02.10.22:134][  0]LogGameplayTags: Display: UGameplayTagsManager::DoneAddingNativeTags. DelegateIsBound: 0
[2019.03.03-02.10.22:134][  0]LogStats: UGameplayTagsManager::ConstructGameplayTagTree: ImportINI prefixes -  0.000 s
[2019.03.03-02.10.22:134][  0]LogStats: UGameplayTagsManager::ConstructGameplayTagTree: Construct from data asset -  0.000 s
[2019.03.03-02.10.22:134][  0]LogStats: UGameplayTagsManager::ConstructGameplayTagTree: ImportINI -  0.000 s
[2019.03.03-02.10.22:134][  0]LogStats: UGameplayTagsManager::ConstructGameplayTagTree: GameplayTagTreeChangedEvent.Broadcast -  0.000 s
[2019.03.03-02.10.22:303][  0]LogFileCache: Scanning file cache for directory 'D:/GitHub/Math-Assignment_1/Math_Assignment_1/Game260Development/Resources/VehicleMovement/Content/' took 0.02s
[2019.03.03-02.10.22:303][  0]SourceControl: Source control is disabled
[2019.03.03-02.10.22:304][  0]LightingResults: New page: Lighting Build
[2019.03.03-02.10.22:308][  0]MapCheck: New page: Map Check
[2019.03.03-02.10.22:308][  0]LightingResults: New page: Lighting Build
[2019.03.03-02.10.22:594][  0]LogAIModule: Creating AISystem for world VehicleExampleMap
[2019.03.03-02.10.22:604][  0]LogEditorServer: Finished looking for orphan Actors (0.000 secs)
[2019.03.03-02.10.22:628][  0]Cmd: MAP CHECKDEP NOCLEARLOG
[2019.03.03-02.10.22:696][  0]MapCheck: Map check complete: 0 Error(s), 0 Warning(s), took 67.457ms to complete.
[2019.03.03-02.10.22:696][  0]LogFileHelpers: Loading map 'VehicleExampleMap' took 0.392
[2019.03.03-02.10.22:807][  0]LogSlate: Updating window title bar state: overlay mode, drag disabled, window buttons hidden, title bar hidden
[2019.03.03-02.10.22:813][  0]LogSlate: Updating window title bar state: overlay mode, drag disabled, window buttons hidden, title bar hidden
[2019.03.03-02.10.22:822][  0]LogSlate: Updating window title bar state: overlay mode, drag disabled, window buttons hidden, title bar hidden
[2019.03.03-02.10.22:828][  0]LogSlate: Updating window title bar state: overlay mode, drag disabled, window buttons hidden, title bar hidden
[2019.03.03-02.10.22:840][  0]LogCollectionManager: Loaded 0 collections in 0.003824 seconds
[2019.03.03-02.10.22:891][  0]LogFileCache: Scanning file cache for directory 'D:/GitHub/Math-Assignment_1/Math_Assignment_1/Game260Development/Resources/VehicleMovement/Saved/Collections/' took 0.01s
[2019.03.03-02.10.22:891][  0]LogFileCache: Scanning file cache for directory 'D:/GitHub/Math-Assignment_1/Math_Assignment_1/Game260Development/Resources/VehicleMovement/Content/Developers/ChiyokoYumi/Collections/' took 0.01s
[2019.03.03-02.10.22:891][  0]LogFileCache: Scanning file cache for directory 'D:/GitHub/Math-Assignment_1/Math_Assignment_1/Game260Development/Resources/VehicleMovement/Content/Collections/' took 0.01s
[2019.03.03-02.10.22:891][  0]LogCollectionManager: Rebuilt the GUID cache for 0 collections in 0.000001 seconds
[2019.03.03-02.10.22:901][  0]LogContentBrowser: Native class hierarchy populated in 0.0099 seconds. Added 2585 classes and 608 folders.
[2019.03.03-02.10.22:912][  0]LogContentBrowser: Native class hierarchy updated for 'WidgetCarousel' in 0.0005 seconds. Added 0 classes and 0 folders.
[2019.03.03-02.10.23:039][  0]LogContentBrowser: Native class hierarchy updated for 'AddContentDialog' in 0.0005 seconds. Added 0 classes and 0 folders.
[2019.03.03-02.10.23:045][  0]LogContentBrowser: Native class hierarchy updated for 'SceneOutliner' in 0.0005 seconds. Added 1 classes and 2 folders.
[2019.03.03-02.10.23:102][  0]LogSlate: Took 0.000330 seconds to synchronously load lazily loaded font '../../../Engine/Content/Slate/Fonts/Roboto-Regular.ttf' (155K)
[2019.03.03-02.10.23:108][  0]LogSlate: Took 0.000527 seconds to synchronously load lazily loaded font '../../../Engine/Content/Slate/Fonts/Roboto-Bold.ttf' (160K)
[2019.03.03-02.10.23:111][  0]LogSlate: Took 0.000277 seconds to synchronously load lazily loaded font '../../../Engine/Content/Editor/Slate/Fonts/FontAwesome.ttf' (139K)
[2019.03.03-02.10.23:184][  0]LogRenderer: Reallocating scene render targets to support 1144x572 Format 10 NumSamples 1 (Frame:1).
[2019.03.03-02.10.23:243][  0]LogSlate: Took 0.000229 seconds to synchronously load lazily loaded font '../../../Engine/Content/Slate/Fonts/Roboto-Light.ttf' (167K)
[2019.03.03-02.10.23:371][  0]LogContentBrowser: Native class hierarchy updated for 'HierarchicalLODOutliner' in 0.0006 seconds. Added 0 classes and 0 folders.
[2019.03.03-02.10.23:371][  0]LogLoad: (Engine Initialization) Total time: 12.05 seconds
[2019.03.03-02.10.23:371][  0]LogLoad: (Engine Initialization) Total Blueprint compile time: 0.00 seconds
[2019.03.03-02.10.23:403][  0]LogRawInputWindows: Warning: Found device 0 devices
[2019.03.03-02.10.23:403][  0]LogRawInputWindows: Warning: Found device 0 devices
[2019.03.03-02.10.23:403][  0]LogRawInputWindows: Warning: Device was registered succesfully but not connected (Usage:4 UsagePage:1)
[2019.03.03-02.10.23:403][  0]LogRawInputWindows: Warning: Found device 1 devices
[2019.03.03-02.10.23:403][  0]LogRawInputWindows: Warning: Device was registered succesfully but not connected (Usage:5 UsagePage:1)
[2019.03.03-02.10.23:432][  0]LogContentStreaming: Texture pool size now 1000 MB
[2019.03.03-02.10.23:481][  1]LogAssetRegistry: Asset discovery search completed in 5.9077 seconds
[2019.03.03-02.10.23:490][  1]LogCollectionManager: Rebuilt the object cache for 0 collections in 0.000001 seconds (found 0 objects)
[2019.03.03-02.10.23:490][  1]LogCollectionManager: Fixed up redirectors for 0 collections in 0.000121 seconds (updated 0 objects)
[2019.03.03-02.14.12:305][270]LogSlate: Took 0.000273 seconds to synchronously load lazily loaded font '../../../Engine/Content/Slate/Fonts/Roboto-Light.ttf' (167K)
[2019.03.03-02.14.12:307][270]LogSlate: FSceneViewport::OnFocusLost() reason 2
[2019.03.03-02.14.12:354][270]LogSlate: FSceneViewport::OnFocusLost() reason 2
[2019.03.03-02.14.35:198][330]LogSlate: FSceneViewport::OnFocusLost() reason 2
[2019.03.03-02.16.00:234][ 51]LogSlate: Only BGRA pngs, bmps or icos are supported in by External Image Picker
[2019.03.03-02.16.00:464][ 54]LogTemp: Executing iPhonePackager certificates Engine -bundlename com.YourCompany.VehicleMovement
[2019.03.03-02.16.00:464][ 54]LogTemp: CWD: D:\UE_4.20\Engine\Binaries\DotNET\IOS
[2019.03.03-02.16.00:464][ 54]LogTemp: Initial Dir: D:\UE_4.20
[2019.03.03-02.16.00:464][ 54]LogTemp: Env CWD: D:\UE_4.20\Engine\Binaries\DotNET\IOS
[2019.03.03-02.16.00:464][ 54]LogTemp: BranchPath = DESKTOP-IF8BQD3/D/UE_4.20/Engine/Binaries --- GameBranchPath = DESKTOP-IF8BQD3/D/UE_4.20/Engine/Binaries
[2019.03.03-02.16.00:465][ 54]LogTemp: IPP ERROR: Could not find provision directory 'C:\Users\nicom\AppData\Local/Apple Computer/MobileDevice/Provisioning Profiles/'.
[2019.03.03-02.16.14:772][658]LogSlate: Prevented a slow task dialog from being summoned while a context menu was open
[2019.03.03-02.17.58:457][651]LogSlate: FSceneViewport::OnFocusLost() reason 2
[2019.03.03-02.20.23:876][436]LogSavePackage: Moving '../../../../GitHub/Math-Assignment_1/Math_Assignment_1/Game260Development/Resources/VehicleMovement/Saved/VehicleExampleMap_Auto153C3CD0D4FDFC4C0C1B438BEA42A0A50.tmp' to '../../../../GitHub/Math-Assignment_1/Math_Assignment_1/Game260Development/Resources/VehicleMovement/Saved/Autosaves/Game/VehicleCPP/Maps/VehicleExampleMap_Auto1.umap'
[2019.03.03-02.20.23:883][436]LogFileHelpers: Editor autosave (incl. sublevels) for '/Game/VehicleCPP/Maps/VehicleExampleMap' took 0.275
[2019.03.03-02.20.23:883][436]LogFileHelpers: Editor autosave (incl. sublevels) for all levels took 0.275
[2019.03.03-02.36.04:681][602]LogSlate: Window 'Project Settings' being destroyed
[2019.03.03-02.36.04:687][602]LogSlate: Window 'Project Settings' being destroyed
[2019.03.03-02.36.11:771][995]LogSlate: Window 'Save Content' being destroyed
[2019.03.03-02.36.11:954][995]LogSlate: Window 'VehicleMovement - Unreal Editor' being destroyed
[2019.03.03-02.36.12:401][996]Cmd: QUIT_EDITOR
[2019.03.03-02.36.12:783][996]LogExit: Preparing to exit.
[2019.03.03-02.36.13:864][996]LogExit: Editor shut down
[2019.03.03-02.36.13:865][996]LogExit: Transaction tracking system shut down
[2019.03.03-02.36.15:868][996]LogExit: Object subsystem successfully closed.
[2019.03.03-02.36.15:952][996]LogShaderCompilers: Display: Shaders left to compile 0
[2019.03.03-02.36.15:986][996]LogD3D11RHI: Shutdown
[2019.03.03-02.36.15:986][996]LogD3D11RHI: CleanupD3DDevice
[2019.03.03-02.36.16:044][996]LogD3D11RHI: ~FD3D11DynamicRHI
[2019.03.03-02.36.17:612][996]LogModuleManager: Shutting down and abandoning module ExternalImagePicker (616)
[2019.03.03-02.36.17:612][996]LogModuleManager: Shutting down and abandoning module HierarchicalLODOutliner (614)
[2019.03.03-02.36.17:612][996]LogModuleManager: Shutting down and abandoning module SceneOutliner (612)
[2019.03.03-02.36.17:612][996]LogModuleManager: Shutting down and abandoning module AddContentDialog (610)
[2019.03.03-02.36.17:629][996]LogModuleManager: Shutting down and abandoning module WidgetCarousel (609)
[2019.03.03-02.36.17:629][996]LogModuleManager: Shutting down and abandoning module EditorWidgets (606)
[2019.03.03-02.36.17:629][996]LogModuleManager: Shutting down and abandoning module CollectionManager (604)
[2019.03.03-02.36.17:647][996]LogModuleManager: Shutting down and abandoning module StatsViewer (602)
[2019.03.03-02.36.17:653][996]LogModuleManager: Shutting down and abandoning module FoliageEdit (600)
[2019.03.03-02.36.17:663][996]LogModuleManager: Shutting down and abandoning module LandscapeEditor (598)
[2019.03.03-02.36.17:707][996]LogModuleManager: Shutting down and abandoning module MeshPaintMode (596)
[2019.03.03-02.36.17:729][996]LogModuleManager: Shutting down and abandoning module SceneDepthPickerMode (594)
[2019.03.03-02.36.17:729][996]LogModuleManager: Shutting down and abandoning module ActorPickerMode (592)
[2019.03.03-02.36.17:729][996]LogModuleManager: Shutting down and abandoning module GeometryMode (590)
[2019.03.03-02.36.17:729][996]LogModuleManager: Shutting down and abandoning module TextureAlignMode (588)
[2019.03.03-02.36.17:729][996]LogModuleManager: Shutting down and abandoning module BspMode (586)
[2019.03.03-02.36.17:729][996]LogModuleManager: Shutting down and abandoning module PIEPreviewDeviceProfileSelector (584)
[2019.03.03-02.36.17:737][996]LogModuleManager: Shutting down and abandoning module SequenceRecorderSections (582)
[2019.03.03-02.36.17:747][996]LogModuleManager: Shutting down and abandoning module AutomationWorker (580)
[2019.03.03-02.36.17:747][996]LogModuleManager: Shutting down and abandoning module AudioCaptureEditor (578)
[2019.03.03-02.36.17:747][996]LogModuleManager: Shutting down and abandoning module SequenceRecorder (577)
[2019.03.03-02.36.17:764][996]LogModuleManager: Shutting down and abandoning module MatineeToLevelSequence (574)
[2019.03.03-02.36.17:782][996]LogModuleManager: Shutting down and abandoning module LevelSequenceEditor (572)
[2019.03.03-02.36.17:816][996]LogModuleManager: Shutting down and abandoning module PlacementMode (571)
[2019.03.03-02.36.17:816][996]LogModuleManager: Shutting down and abandoning module MaterialEditor (570)
[2019.03.03-02.36.17:864][996]LogModuleManager: Shutting down and abandoning module WmfMediaFactory (566)
[2019.03.03-02.36.17:864][996]LogModuleManager: Shutting down and abandoning module WmfMediaEditor (564)
[2019.03.03-02.36.17:864][996]LogModuleManager: Shutting down and abandoning module MediaPlayerEditor (562)
[2019.03.03-02.36.17:902][996]LogModuleManager: Shutting down and abandoning module OpenExrWrapper (560)
[2019.03.03-02.36.17:902][996]LogModuleManager: Shutting down and abandoning module ImgMediaFactory (558)
[2019.03.03-02.36.17:902][996]LogModuleManager: Shutting down and abandoning module ImgMediaEditor (556)
[2019.03.03-02.36.17:902][996]LogModuleManager: Shutting down and abandoning module AvfMediaFactory (554)
[2019.03.03-02.36.17:902][996]LogModuleManager: Shutting down and abandoning module AvfMediaEditor (552)
[2019.03.03-02.36.17:902][996]LogModuleManager: Shutting down and abandoning module AndroidMediaFactory (550)
[2019.03.03-02.36.17:902][996]LogModuleManager: Shutting down and abandoning module AndroidMediaEditor (548)
[2019.03.03-02.36.17:902][996]LogModuleManager: Shutting down and abandoning module MagicLeapCameraPreviewFactory (546)
[2019.03.03-02.36.17:902][996]LogModuleManager: Shutting down and abandoning module MagicLeapMediaFactory (544)
[2019.03.03-02.36.17:902][996]LogModuleManager: Shutting down and abandoning module MagicLeapMediaEditor (542)
[2019.03.03-02.36.17:902][996]LogModuleManager: Shutting down and abandoning module CharacterAI (540)
[2019.03.03-02.36.17:902][996]LogModuleManager: Shutting down and abandoning module SmartSnapping (538)
[2019.03.03-02.36.17:902][996]LogModuleManager: Shutting down and abandoning module SessionServices (536)
[2019.03.03-02.36.17:902][996]LogModuleManager: Shutting down and abandoning module ViewportSnapping (534)
[2019.03.03-02.36.17:902][996]LogModuleManager: Shutting down and abandoning module ViewportInteraction (532)
[2019.03.03-02.36.17:902][996]LogModuleManager: Shutting down and abandoning module ClothPainter (530)
[2019.03.03-02.36.17:927][996]LogModuleManager: Shutting down and abandoning module SkeletalMeshEditor (529)
[2019.03.03-02.36.17:957][996]LogModuleManager: Shutting down and abandoning module LogVisualizer (526)
[2019.03.03-02.36.17:977][996]LogModuleManager: Shutting down and abandoning module IntroTutorials (524)
[2019.03.03-02.36.18:009][996]LogModuleManager: Shutting down and abandoning module GameProjectGeneration (523)
[2019.03.03-02.36.18:027][996]LogModuleManager: Shutting down and abandoning module LuminPlatformEditor (520)
[2019.03.03-02.36.18:027][996]LogModuleManager: Shutting down and abandoning module IOSPlatformEditor (518)
[2019.03.03-02.36.18:027][996]LogModuleManager: Shutting down and abandoning module HTML5PlatformEditor (516)
[2019.03.03-02.36.18:027][996]LogModuleManager: Shutting down and abandoning module AndroidPlatformEditor (514)
[2019.03.03-02.36.18:027][996]LogModuleManager: Shutting down and abandoning module AndroidDeviceDetection (513)
[2019.03.03-02.36.18:816][996]LogModuleManager: Shutting down and abandoning module WindowsPlatformEditor (510)
[2019.03.03-02.36.18:816][996]LogModuleManager: Shutting down and abandoning module LuminRuntimeSettings (508)
[2019.03.03-02.36.18:816][996]LogModuleManager: Shutting down and abandoning module IOSRuntimeSettings (506)
[2019.03.03-02.36.18:816][996]LogModuleManager: Shutting down and abandoning module AndroidRuntimeSettings (504)
[2019.03.03-02.36.18:816][996]LogModuleManager: Shutting down and abandoning module InputBindingEditor (502)
[2019.03.03-02.36.18:834][996]LogModuleManager: Shutting down and abandoning module MergeActors (500)
[2019.03.03-02.36.18:840][996]LogModuleManager: Shutting down and abandoning module LocalizationDashboard (498)
[2019.03.03-02.36.18:859][996]LogModuleManager: Shutting down and abandoning module LocalizationService (497)
[2019.03.03-02.36.18:872][996]LogModuleManager: Shutting down and abandoning module HardwareTargeting (494)
[2019.03.03-02.36.18:872][996]LogModuleManager: Shutting down and abandoning module DeviceProfileEditor (492)
[2019.03.03-02.36.18:872][996]LogModuleManager: Shutting down and abandoning module UndoHistory (490)
[2019.03.03-02.36.18:880][996]LogModuleManager: Shutting down and abandoning module XmlParser (488)
[2019.03.03-02.36.18:880][996]LogModuleManager: Shutting down and abandoning module Blutility (486)
[2019.03.03-02.36.18:882][996]LogModuleManager: Shutting down and abandoning module ProjectSettingsViewer (484)
[2019.03.03-02.36.18:882][996]LogModuleManager: Shutting down and abandoning module ProjectTargetPlatformEditor (483)
[2019.03.03-02.36.18:882][996]LogModuleManager: Shutting down and abandoning module EditorSettingsViewer (480)
[2019.03.03-02.36.18:882][996]LogModuleManager: Shutting down and abandoning module SettingsEditor (478)
[2019.03.03-02.36.18:891][996]LogModuleManager: Shutting down and abandoning module ProjectLauncher (476)
[2019.03.03-02.36.18:916][996]LogModuleManager: Shutting down and abandoning module SessionFrontend (474)
[2019.03.03-02.36.18:928][996]LogModuleManager: Shutting down and abandoning module ProfilerClient (472)
[2019.03.03-02.36.18:944][996]LogModuleManager: Shutting down and abandoning module DeviceManager (470)
[2019.03.03-02.36.18:952][996]LogModuleManager: Shutting down and abandoning module TargetDeviceServices (469)
[2019.03.03-02.36.19:008][996]LogModuleManager: Shutting down and abandoning module AutomationController (466)
[2019.03.03-02.36.19:015][996]LogModuleManager: Shutting down and abandoning module AutomationWindow (464)
[2019.03.03-02.36.19:027][996]LogModuleManager: Shutting down and abandoning module Layers (462)
[2019.03.03-02.36.19:054][996]LogModuleManager: Shutting down and abandoning module ComponentVisualizers (460)
[2019.03.03-02.36.19:054][996]LogModuleManager: Shutting down and abandoning module DetailCustomizations (458)
[2019.03.03-02.36.19:069][996]LogModuleManager: Shutting down and abandoning module PackagesDialog (456)
[2019.03.03-02.36.19:069][996]LogModuleManager: Shutting down and abandoning module Persona (454)
[2019.03.03-02.36.19:091][996]LogModuleManager: Shutting down and abandoning module AdvancedPreviewScene (453)
[2019.03.03-02.36.19:091][996]LogModuleManager: Shutting down and abandoning module AnimGraph (451)
[2019.03.03-02.36.19:107][996]LogModuleManager: Shutting down and abandoning module Kismet (448)
[2019.03.03-02.36.19:155][996]LogModuleManager: Shutting down and abandoning module GraphEditor (446)
[2019.03.03-02.36.19:195][996]LogModuleManager: Shutting down and abandoning module ClassViewer (444)
[2019.03.03-02.36.19:196][996]LogModuleManager: Shutting down and abandoning module Toolbox (442)
[2019.03.03-02.36.19:196][996]LogModuleManager: Shutting down and abandoning module DesktopPlatform (441)
[2019.03.03-02.36.19:201][996]LogModuleManager: Shutting down and abandoning module ModuleUI (438)
[2019.03.03-02.36.19:206][996]LogModuleManager: Shutting down and abandoning module MovieSceneTools (436)
[2019.03.03-02.36.19:247][996]LogModuleManager: Shutting down and abandoning module OutputLog (434)
[2019.03.03-02.36.19:247][996]LogModuleManager: Shutting down and abandoning module GammaUI (432)
[2019.03.03-02.36.19:255][996]LogModuleManager: Shutting down and abandoning module Documentation (430)
[2019.03.03-02.36.19:255][996]LogModuleManager: Shutting down and abandoning module MovieSceneTracks (428)
[2019.03.03-02.36.19:255][996]LogModuleManager: Shutting down and abandoning module MovieScene (426)
[2019.03.03-02.36.19:267][996]LogModuleManager: Shutting down and abandoning module StreamingPauseRendering (424)
[2019.03.03-02.36.19:275][996]LogModuleManager: Shutting down and abandoning module LauncherPlatform (422)
[2019.03.03-02.36.19:275][996]LogModuleManager: Shutting down and abandoning module AnalyticsET (420)
[2019.03.03-02.36.19:275][996]LogModuleManager: Shutting down and abandoning module PortalServices (418)
[2019.03.03-02.36.19:275][996]LogModuleManager: Shutting down and abandoning module PortalRpc (416)
[2019.03.03-02.36.19:275][996]LogModuleManager: Shutting down and abandoning module MessagingRpc (414)
[2019.03.03-02.36.19:275][996]LogModuleManager: Shutting down and abandoning module AIModule (412)
[2019.03.03-02.36.19:300][996]LogModuleManager: Shutting down and abandoning module GameplayDebugger (411)
[2019.03.03-02.36.19:300][996]LogModuleManager: Shutting down and abandoning module AITestSuite (409)
[2019.03.03-02.36.19:309][996]LogModuleManager: Shutting down and abandoning module NavigationSystem (407)
[2019.03.03-02.36.19:310][996]LogModuleManager: Shutting down and abandoning module ProfilerService (404)
[2019.03.03-02.36.19:362][996]LogModuleManager: Shutting down and abandoning module TaskGraph (402)
[2019.03.03-02.36.19:374][996]LogModuleManager: Shutting down and abandoning module SteamVRController (400)
[2019.03.03-02.36.19:374][996]LogModuleManager: Shutting down and abandoning module ProceduralMeshComponentEditor (398)
[2019.03.03-02.36.19:374][996]LogModuleManager: Shutting down and abandoning module ProceduralMeshComponent (396)
[2019.03.03-02.36.19:382][996]LogModuleManager: Shutting down and abandoning module OculusInput (394)
[2019.03.03-02.36.19:382][996]LogModuleManager: Shutting down and abandoning module MobilePatchingUtils (392)
[2019.03.03-02.36.19:382][996]LogModuleManager: Shutting down and abandoning module EditableMesh (390)
[2019.03.03-02.36.19:400][996]LogModuleManager: Shutting down and abandoning module CustomMeshComponent (388)
[2019.03.03-02.36.19:400][996]LogModuleManager: Shutting down and abandoning module CableComponent (386)
[2019.03.03-02.36.19:400][996]LogModuleManager: Shutting down and abandoning module AudioCapture (384)
[2019.03.03-02.36.19:400][996]LogModuleManager: Shutting down and abandoning module ArchVisCharacter (382)
[2019.03.03-02.36.19:400][996]LogModuleManager: Shutting down and abandoning module AndroidPermission (380)
[2019.03.03-02.36.19:400][996]LogModuleManager: Shutting down and abandoning module NUTUnrealEngine4 (378)
[2019.03.03-02.36.19:400][996]LogModuleManager: Shutting down and abandoning module NetcodeUnitTest (376)
[2019.03.03-02.36.19:433][996]LogModuleManager: Shutting down and abandoning module MediaCompositingEditor (374)
[2019.03.03-02.36.19:434][996]LogModuleManager: Shutting down and abandoning module MediaCompositing (372)
[2019.03.03-02.36.19:434][996]LogModuleManager: Shutting down and abandoning module LinearTimecode (370)
[2019.03.03-02.36.19:434][996]LogModuleManager: Shutting down and abandoning module ImgMedia (368)
[2019.03.03-02.36.19:462][996]LogModuleManager: Shutting down and abandoning module RawInput (366)
[2019.03.03-02.36.19:462][996]LogModuleManager: Shutting down and abandoning module HTML5Networking (364)
[2019.03.03-02.36.19:462][996]LogModuleManager: Shutting down and abandoning module GeometryCacheTracks (362)
[2019.03.03-02.36.19:462][996]LogModuleManager: Shutting down and abandoning module GeometryCacheSequencer (360)
[2019.03.03-02.36.19:462][996]LogModuleManager: Shutting down and abandoning module BackChannel (358)
[2019.03.03-02.36.19:480][996]LogModuleManager: Shutting down and abandoning module AppleVision (356)
[2019.03.03-02.36.19:480][996]LogModuleManager: Shutting down and abandoning module AppleImageUtils (354)
[2019.03.03-02.36.19:480][996]LogModuleManager: Shutting down and abandoning module AlembicImporter (352)
[2019.03.03-02.36.19:480][996]LogModuleManager: Shutting down and abandoning module AlembicLibrary (351)
[2019.03.03-02.36.19:480][996]LogModuleManager: Shutting down and abandoning module GeometryCache (350)
[2019.03.03-02.36.19:480][996]LogModuleManager: Shutting down and abandoning module GeometryCacheEd (349)
[2019.03.03-02.36.19:480][996]LogModuleManager: Shutting down and abandoning module DatasmithContentEditor (344)
[2019.03.03-02.36.19:480][996]LogModuleManager: Shutting down and abandoning module DatasmithContent (342)
[2019.03.03-02.36.19:481][996]LogModuleManager: Shutting down and abandoning module SpeedTreeImporter (340)
[2019.03.03-02.36.19:481][996]LogModuleManager: Shutting down and abandoning module PluginBrowser (338)
[2019.03.03-02.36.19:501][996]LogModuleManager: Shutting down and abandoning module MobileLauncherProfileWizard (336)
[2019.03.03-02.36.19:509][996]LogModuleManager: Shutting down and abandoning module PolygonModeling (334)
[2019.03.03-02.36.19:509][996]LogModuleManager: Shutting down and abandoning module MeshEditor (332)
[2019.03.03-02.36.19:520][996]LogModuleManager: Shutting down and abandoning module CryptoKeysOpenSSL (330)
[2019.03.03-02.36.19:525][996]LogModuleManager: Shutting down and abandoning module CryptoKeys (328)
[2019.03.03-02.36.19:525][996]LogModuleManager: Shutting down and abandoning module VisualStudioSourceCodeAccess (326)
[2019.03.03-02.36.19:525][996]LogModuleManager: Shutting down and abandoning module VisualStudioCodeSourceCodeAccess (324)
[2019.03.03-02.36.19:525][996]LogModuleManager: Shutting down and abandoning module UObjectPlugin (322)
[2019.03.03-02.36.19:525][996]LogModuleManager: Shutting down and abandoning module SubversionSourceControl (320)
[2019.03.03-02.36.19:532][996]LogModuleManager: Shutting down and abandoning module PerforceSourceControl (318)
[2019.03.03-02.36.19:541][996]LogModuleManager: Shutting down and abandoning module GitSourceControl (316)
[2019.03.03-02.36.19:561][996]LogModuleManager: Shutting down and abandoning module SourceControl (315)
[2019.03.03-02.36.19:571][996]LogModuleManager: Shutting down and abandoning module CLionSourceCodeAccess (312)
[2019.03.03-02.36.19:571][996]LogModuleManager: Shutting down and abandoning module LightPropagationVolumeEditor (310)
[2019.03.03-02.36.19:571][996]LogModuleManager: Shutting down and abandoning module PaperTiledImporter (308)
[2019.03.03-02.36.19:571][996]LogModuleManager: Shutting down and abandoning module PaperSpriteSheetImporter (306)
[2019.03.03-02.36.19:571][996]LogModuleManager: Shutting down and abandoning module Paper2DEditor (304)
[2019.03.03-02.36.19:586][996]LogModuleManager: Shutting down and abandoning module MeshPaint (303)
[2019.03.03-02.36.19:592][996]LogModuleManager: Shutting down and abandoning module VehicleMovement (300)
[2019.03.03-02.36.19:592][996]LogModuleManager: Shutting down and abandoning module RuntimePhysXCooking (298)
[2019.03.03-02.36.19:592][996]LogModuleManager: Shutting down and abandoning module PhysXVehiclesEditor (296)
[2019.03.03-02.36.19:592][996]LogModuleManager: Shutting down and abandoning module PhysXVehicles (294)
[2019.03.03-02.36.19:592][996]LogModuleManager: Shutting down and abandoning module OculusEditor (292)
[2019.03.03-02.36.19:602][996]LogModuleManager: Shutting down and abandoning module LocationServicesBPLibrary (290)
[2019.03.03-02.36.19:602][996]LogModuleManager: Shutting down and abandoning module ImmediatePhysicsEditor (288)
[2019.03.03-02.36.19:602][996]LogModuleManager: Shutting down and abandoning module ImmediatePhysics (286)
[2019.03.03-02.36.19:624][996]LogModuleManager: Shutting down and abandoning module ActorSequence (284)
[2019.03.03-02.36.19:624][996]LogModuleManager: Shutting down and abandoning module UdpMessaging (282)
[2019.03.03-02.36.19:725][996]LogModuleManager: Shutting down and abandoning module TcpMessaging (280)
[2019.03.03-02.36.19:843][996]LogModuleManager: Shutting down and abandoning module MagicLeapAudio (278)
[2019.03.03-02.36.19:843][996]LogModuleManager: Shutting down and abandoning module GameplayTagsEditor (276)
[2019.03.03-02.36.19:857][996]LogModuleManager: Shutting down and abandoning module FacialAnimationEditor (274)
[2019.03.03-02.36.19:857][996]LogModuleManager: Shutting down and abandoning module FacialAnimation (272)
[2019.03.03-02.36.19:857][996]LogModuleManager: Shutting down and abandoning module DataValidation (270)
[2019.03.03-02.36.19:857][996]LogModuleManager: Shutting down and abandoning module AssetManagerEditor (268)
[2019.03.03-02.36.19:888][996]LogModuleManager: Shutting down and abandoning module LevelEditor (267)
[2019.03.03-02.36.19:941][996]LogModuleManager: Shutting down and abandoning module PixelInspectorModule (266)
[2019.03.03-02.36.19:954][996]LogModuleManager: Shutting down and abandoning module CommonMenuExtensions (264)
[2019.03.03-02.36.19:954][996]LogModuleManager: Shutting down and abandoning module MainFrame (262)
[2019.03.03-02.36.19:966][996]LogModuleManager: Shutting down and abandoning module HotReload (261)
[2019.03.03-02.36.19:982][996]LogModuleManager: Shutting down and abandoning module ContentBrowser (257)
[2019.03.03-02.36.19:984][996]LogModuleManager: Shutting down and abandoning module TreeMap (255)
[2019.03.03-02.36.19:992][996]LogModuleManager: Shutting down and abandoning module LightPropagationVolumeRuntime (252)
[2019.03.03-02.36.19:992][996]LogModuleManager: Shutting down and abandoning module AISupportModule (250)
[2019.03.03-02.36.19:992][996]LogModuleManager: Shutting down and abandoning module Paper2D (248)
[2019.03.03-02.36.20:010][996]LogModuleManager: Shutting down and abandoning module WindowsMoviePlayer (246)
[2019.03.03-02.36.20:031][996]LogModuleManager: Shutting down and abandoning module WmfMedia (244)
[2019.03.03-02.36.20:061][996]LogModuleManager: Shutting down and abandoning module Media (243)
[2019.03.03-02.36.20:067][996]LogModuleManager: Shutting down and abandoning module PacketHandler (240)
[2019.03.03-02.36.20:067][996]LogModuleManager: Shutting down and abandoning module ClothingSystemEditor (238)
[2019.03.03-02.36.20:067][996]LogModuleManager: Shutting down and abandoning module ClothingSystemRuntime (236)
[2019.03.03-02.36.20:078][996]LogModuleManager: Shutting down and abandoning module MediaAssets (234)
[2019.03.03-02.36.20:078][996]LogModuleManager: Shutting down and abandoning module Overlay (232)
[2019.03.03-02.36.20:078][996]LogModuleManager: Shutting down and abandoning module OverlayEditor (231)
[2019.03.03-02.36.20:078][996]LogModuleManager: Shutting down and abandoning module VREditor (228)
[2019.03.03-02.36.20:087][996]LogModuleManager: Shutting down and abandoning module StringTableEditor (226)
[2019.03.03-02.36.20:132][996]LogModuleManager: Shutting down and abandoning module GameplayTasksEditor (224)
[2019.03.03-02.36.20:132][996]LogModuleManager: Shutting down and abandoning module BehaviorTreeEditor (222)
[2019.03.03-02.36.20:142][996]LogModuleManager: Shutting down and abandoning module FunctionalTesting (220)
[2019.03.03-02.36.20:143][996]LogModuleManager: Shutting down and abandoning module CollisionAnalyzer (218)
[2019.03.03-02.36.20:161][996]LogModuleManager: Shutting down and abandoning module WorkspaceMenuStructure (217)
[2019.03.03-02.36.20:162][996]LogModuleManager: Shutting down and abandoning module UMG (214)
[2019.03.03-02.36.20:174][996]LogModuleManager: Shutting down and abandoning module UMGEditor (213)
[2019.03.03-02.36.20:214][996]LogModuleManager: Shutting down and abandoning module Sequencer (212)
[2019.03.03-02.36.20:265][996]LogModuleManager: Shutting down and abandoning module MessageLog (209)
[2019.03.03-02.36.20:265][996]LogModuleManager: Shutting down and abandoning module SlateReflector (204)
[2019.03.03-02.36.20:344][996]LogModuleManager: Shutting down and abandoning module Slate (202)
[2019.03.03-02.36.20:344][996]LogModuleManager: Shutting down and abandoning module EditorStyle (200)
[2019.03.03-02.36.20:346][996]LogModuleManager: Shutting down and abandoning module MRMesh (198)
[2019.03.03-02.36.20:346][996]LogModuleManager: Shutting down and abandoning module SourceCodeAccess (196)
[2019.03.03-02.36.20:346][996]LogModuleManager: Shutting down and abandoning module HeadMountedDisplay (194)
[2019.03.03-02.36.20:346][996]LogModuleManager: Shutting down and abandoning module XAudio2 (192)
[2019.03.03-02.36.20:346][996]LogModuleManager: Shutting down and abandoning module Networking (190)
[2019.03.03-02.36.20:346][996]LogModuleManager: Shutting down and abandoning module Core (188)
[2019.03.03-02.36.20:346][996]LogModuleManager: Shutting down and abandoning module LevelSequence (186)
[2019.03.03-02.36.20:346][996]LogModuleManager: Shutting down and abandoning module KismetCompiler (184)
[2019.03.03-02.36.20:346][996]LogModuleManager: Shutting down and abandoning module MeshUtilities (182)
[2019.03.03-02.36.20:371][996]LogModuleManager: Shutting down and abandoning module MeshMergeUtilities (181)
[2019.03.03-02.36.20:400][996]LogModuleManager: Shutting down and abandoning module MeshReductionInterface (180)
[2019.03.03-02.36.20:400][996]LogModuleManager: Shutting down and abandoning module SimplygonSwarm (179)
[2019.03.03-02.36.20:408][996]LogModuleManager: Shutting down and abandoning module ProxyLODMeshReduction (177)
[2019.03.03-02.36.20:424][996]LogModuleManager: Shutting down and abandoning module SimplygonMeshReduction (175)
[2019.03.03-02.36.20:424][996]LogModuleManager: Shutting down and abandoning module QuadricMeshReduction (173)
[2019.03.03-02.36.20:437][996]LogModuleManager: Shutting down and abandoning module MaterialBaking (169)
[2019.03.03-02.36.20:440][996]LogModuleManager: Shutting down and abandoning module DirectoryWatcher (165)
[2019.03.03-02.36.20:442][996]LogModuleManager: Shutting down and abandoning module DerivedDataCache (162)
[2019.03.03-02.36.20:458][996]LogDerivedDataCache: Shutdown
[2019.03.03-02.36.20:458][996]LogModuleManager: Shutting down and abandoning module XGEController (160)
[2019.03.03-02.36.20:466][996]LogModuleManager: Shutting down and abandoning module TargetPlatform (158)
[2019.03.03-02.36.20:466][996]LogModuleManager: Shutting down and abandoning module VulkanShaderFormat (157)
[2019.03.03-02.36.20:481][996]LogModuleManager: Shutting down and abandoning module ShaderFormatVectorVM (155)
[2019.03.03-02.36.20:481][996]LogModuleManager: Shutting down and abandoning module ShaderFormatOpenGL (153)
[2019.03.03-02.36.20:487][996]LogModuleManager: Shutting down and abandoning module ShaderFormatD3D (151)
[2019.03.03-02.36.20:487][996]LogModuleManager: Shutting down and abandoning module MetalShaderFormat (149)
[2019.03.03-02.36.20:495][996]LogModuleManager: Shutting down and abandoning module TextureFormatUncompressed (147)
[2019.03.03-02.36.20:495][996]LogModuleManager: Shutting down and abandoning module TextureFormatPVR (145)
[2019.03.03-02.36.20:495][996]LogModuleManager: Shutting down and abandoning module TextureFormatDXT (143)
[2019.03.03-02.36.20:495][996]LogModuleManager: Shutting down and abandoning module TextureFormatIntelISPCTexComp (141)
[2019.03.03-02.36.20:495][996]LogModuleManager: Shutting down and abandoning module TextureFormatASTC (139)
[2019.03.03-02.36.20:495][996]LogModuleManager: Shutting down and abandoning module ImageWrapper (138)
[2019.03.03-02.36.20:495][996]LogModuleManager: Shutting down and abandoning module TextureFormatAndroid (135)
[2019.03.03-02.36.20:495][996]LogModuleManager: Shutting down and abandoning module AudioFormatOpus (133)
[2019.03.03-02.36.20:495][996]LogModuleManager: Shutting down and abandoning module AudioFormatOgg (131)
[2019.03.03-02.36.20:495][996]LogModuleManager: Shutting down and abandoning module AudioFormatADPCM (129)
[2019.03.03-02.36.20:495][996]LogModuleManager: Shutting down and abandoning module LuminTargetPlatform (127)
[2019.03.03-02.36.20:495][996]LogModuleManager: Shutting down and abandoning module LinuxTargetPlatform (125)
[2019.03.03-02.36.20:495][996]LogModuleManager: Shutting down and abandoning module LinuxServerTargetPlatform (123)
[2019.03.03-02.36.20:495][996]LogModuleManager: Shutting down and abandoning module LinuxNoEditorTargetPlatform (121)
[2019.03.03-02.36.20:495][996]LogModuleManager: Shutting down and abandoning module LinuxClientTargetPlatform (119)
[2019.03.03-02.36.20:495][996]LogModuleManager: Shutting down and abandoning module TVOSTargetPlatform (117)
[2019.03.03-02.36.20:498][996]LogModuleManager: Shutting down and abandoning module Messaging (115)
[2019.03.03-02.36.20:498][996]LogModuleManager: Shutting down and abandoning module IOSTargetPlatform (113)
[2019.03.03-02.36.20:501][996]LogModuleManager: Shutting down and abandoning module HTML5TargetPlatform (111)
[2019.03.03-02.36.20:501][996]LogModuleManager: Shutting down and abandoning module AndroidTargetPlatform (109)
[2019.03.03-02.36.20:537][996]LogModuleManager: Shutting down and abandoning module WindowsTargetPlatform (107)
[2019.03.03-02.36.20:537][996]LogModuleManager: Shutting down and abandoning module WindowsServerTargetPlatform (105)
[2019.03.03-02.36.20:537][996]LogModuleManager: Shutting down and abandoning module WindowsNoEditorTargetPlatform (103)
[2019.03.03-02.36.20:537][996]LogModuleManager: Shutting down and abandoning module WindowsClientTargetPlatform (101)
[2019.03.03-02.36.20:537][996]LogModuleManager: Shutting down and abandoning module MacTargetPlatform (99)
[2019.03.03-02.36.20:537][996]LogModuleManager: Shutting down and abandoning module MacServerTargetPlatform (97)
[2019.03.03-02.36.20:537][996]LogModuleManager: Shutting down and abandoning module MacNoEditorTargetPlatform (95)
[2019.03.03-02.36.20:537][996]LogModuleManager: Shutting down and abandoning module MacClientTargetPlatform (93)
[2019.03.03-02.36.20:537][996]LogModuleManager: Shutting down and abandoning module AllDesktopTargetPlatform (91)
[2019.03.03-02.36.20:537][996]LogModuleManager: Shutting down and abandoning module InputCore (88)
[2019.03.03-02.36.20:537][996]LogModuleManager: Shutting down and abandoning module Settings (86)
[2019.03.03-02.36.20:538][996]LogModuleManager: Shutting down and abandoning module PhysXCooking (84)
[2019.03.03-02.36.20:538][996]LogModuleManager: Shutting down and abandoning module SteamVR (82)
[2019.03.03-02.36.20:538][996]LogModuleManager: Shutting down and abandoning module OculusHMD (80)
[2019.03.03-02.36.20:568][996]LogModuleManager: Shutting down and abandoning module ExampleDeviceProfileSelector (78)
[2019.03.03-02.36.20:569][996]LogModuleManager: Shutting down and abandoning module LauncherChunkInstaller (76)
[2019.03.03-02.36.20:569][996]LogModuleManager: Shutting down and abandoning module OnlineBlueprintSupport (74)
[2019.03.03-02.36.20:569][996]LogModuleManager: Shutting down and abandoning module OnlineSubsystem (70)
[2019.03.03-02.36.20:594][996]LogModuleManager: Shutting down and abandoning module XMPP (65)
[2019.03.03-02.36.20:623][996]LogModuleManager: Shutting down and abandoning module WebSockets (64)
[2019.03.03-02.36.20:697][996]LogModuleManager: Shutting down and abandoning module HTTP (61)
[2019.03.03-02.36.20:710][996]LogHttp: Display: Http module shutting down, but needs to wait on 1 outstanding Http requests:
[2019.03.03-02.36.20:710][996]LogHttp: Display: 	verb=[POST] url=[https://datarouter.ol.epicgames.com/datarouter/api/v1/public/data?SessionID=%7BC0D6F2BB-453E-77B2-A477-ECBA54E90512%7D&AppID=UEEditor.Rocket.Release&AppVersion=4.20.3-4369336%2B%2B%2BUE4%2BRelease-4.20&UserID=38dc4dd9489dab9a2a2ecca952a408bb%7C9da99896b23a4318a98df16dfa3a1bce%7C74a78ee3-0571-4833-8088-c1e1888f598c&AppEnvironment=datacollector-binary&UploadType=eteventstream] status=Processing
[2019.03.03-02.36.20:720][996]LogModuleManager: Shutting down and abandoning module SSL (60)
[2019.03.03-02.36.20:728][996]LogModuleManager: Shutting down and abandoning module MagicLeapEmulator (56)
[2019.03.03-02.36.20:728][996]LogModuleManager: Shutting down and abandoning module MagicLeapPrivileges (54)
[2019.03.03-02.36.20:728][996]LogModuleManager: Shutting down and abandoning module MagicLeapIdentity (52)
[2019.03.03-02.36.20:728][996]LogModuleManager: Shutting down and abandoning module MagicLeapHelperVulkan (50)
[2019.03.03-02.36.20:728][996]LogModuleManager: Shutting down and abandoning module MagicLeapHelperOpenGL (48)
[2019.03.03-02.36.20:728][996]LogModuleManager: Shutting down and abandoning module MagicLeapSecureStorage (46)
[2019.03.03-02.36.20:728][996]LogModuleManager: Shutting down and abandoning module MagicLeapGestures (44)
[2019.03.03-02.36.20:728][996]LogModuleManager: Shutting down and abandoning module MagicLeapEyeTracker (42)
[2019.03.03-02.36.20:728][996]LogModuleManager: Shutting down and abandoning module MagicLeapController (40)
[2019.03.03-02.36.20:728][996]LogSlate: Slate User Destroyed.  User Index 0, Is Virtual User: 0
[2019.03.03-02.36.20:728][996]LogModuleManager: Shutting down and abandoning module MagicLeap (38)
[2019.03.03-02.36.20:728][996]LogModuleManager: Shutting down and abandoning module AnimationModifiers (36)
[2019.03.03-02.36.20:751][996]LogModuleManager: Shutting down and abandoning module PropertyEditor (35)
[2019.03.03-02.36.20:752][996]LogModuleManager: Shutting down and abandoning module AudioEditor (32)
[2019.03.03-02.36.20:773][996]LogModuleManager: Shutting down and abandoning module TextureCompressor (30)
[2019.03.03-02.36.20:775][996]LogModuleManager: Shutting down and abandoning module ShaderCore (28)
[2019.03.03-02.36.20:775][996]LogModuleManager: Shutting down and abandoning module Landscape (26)
[2019.03.03-02.36.20:775][996]LogModuleManager: Shutting down and abandoning module SlateRHIRenderer (24)
[2019.03.03-02.36.20:788][996]LogModuleManager: Shutting down and abandoning module OpenGLDrv (22)
[2019.03.03-02.36.20:799][996]LogModuleManager: Shutting down and abandoning module D3D11RHI (20)
[2019.03.03-02.36.20:799][996]LogModuleManager: Shutting down and abandoning module AnimGraphRuntime (18)
[2019.03.03-02.36.20:799][996]LogModuleManager: Shutting down and abandoning module Renderer (16)
[2019.03.03-02.36.20:799][996]LogModuleManager: Shutting down and abandoning module Engine (14)
[2019.03.03-02.36.20:799][996]LogModuleManager: Shutting down and abandoning module CoreUObject (12)
[2019.03.03-02.36.20:799][996]LogModuleManager: Shutting down and abandoning module NetworkFile (10)
[2019.03.03-02.36.20:799][996]LogModuleManager: Shutting down and abandoning module CookedIterativeFile (8)
[2019.03.03-02.36.20:799][996]LogModuleManager: Shutting down and abandoning module StreamingFile (6)
[2019.03.03-02.36.20:799][996]LogModuleManager: Shutting down and abandoning module SandboxFile (4)
[2019.03.03-02.36.20:799][996]LogModuleManager: Shutting down and abandoning module PakFile (2)
[2019.03.03-02.36.20:829][996]LogExit: Exiting.
[2019.03.03-02.36.20:857][996]Log file closed, 03/02/19 21:36:20
