Log file open, 02/23/19 17:11:29
LogWindows: Failed to load 'aqProf.dll' (GetLastError=126)
LogWindows: File 'aqProf.dll' does not exist
LogWindows: Failed to load 'VSPerf140.dll' (GetLastError=126)
LogWindows: File 'VSPerf140.dll' does not exist
LogWindows: Failed to load 'VtuneApi.dll' (GetLastError=126)
LogWindows: File 'VtuneApi.dll' does not exist
LogWindows: Failed to load 'VtuneApi32e.dll' (GetLastError=126)
LogWindows: File 'VtuneApi32e.dll' does not exist
LogInit: Display: Running engine for game: VehicleMovement
LogPlatformFile: Not using cached read wrapper
LogTaskGraph: Started task graph with 5 named threads and 20 total threads with 3 sets of task threads.
LogStats: Stats thread started at 0.751948
LogD3D11RHI: Loaded GFSDK_Aftermath_Lib.x64.dll
LogICUInternationalization: Display: ICU TimeZone Detection - Raw Offset: -5:00, Platform Override: ''
LogPluginManager: Mounting plugin Paper2D
LogPluginManager: Mounting plugin AISupport
LogPluginManager: Mounting plugin LightPropagationVolume
LogPluginManager: Mounting plugin CLionSourceCodeAccess
LogPluginManager: Mounting plugin CodeLiteSourceCodeAccess
LogPluginManager: Mounting plugin GitSourceControl
LogPluginManager: Mounting plugin KDevelopSourceCodeAccess
LogPluginManager: Mounting plugin NullSourceCodeAccess
LogPluginManager: Mounting plugin PerforceSourceControl
LogPluginManager: Mounting plugin SubversionSourceControl
LogPluginManager: Mounting plugin UObjectPlugin
LogPluginManager: Mounting plugin VisualStudioCodeSourceCodeAccess
LogPluginManager: Mounting plugin VisualStudioSourceCodeAccess
LogPluginManager: Mounting plugin XCodeSourceCodeAccess
LogPluginManager: Mounting plugin AssetManagerEditor
LogPluginManager: Mounting plugin CryptoKeys
LogPluginManager: Mounting plugin DataValidation
LogPluginManager: Mounting plugin FacialAnimation
LogPluginManager: Mounting plugin GameplayTagsEditor
LogPluginManager: Mounting plugin MacGraphicsSwitching
LogPluginManager: Mounting plugin MeshEditor
LogPluginManager: Mounting plugin MobileLauncherProfileWizard
LogPluginManager: Mounting plugin PluginBrowser
LogPluginManager: Mounting plugin SpeedTreeImporter
LogPluginManager: Mounting plugin DatasmithContent
LogPluginManager: Mounting plugin AlembicImporter
LogPluginManager: Mounting plugin AppleImageUtils
LogPluginManager: Mounting plugin AppleVision
LogPluginManager: Mounting plugin BackChannel
LogPluginManager: Mounting plugin CharacterAI
LogPluginManager: Mounting plugin GeometryCache
LogPluginManager: Mounting plugin HTML5Networking
LogPluginManager: Mounting plugin ProxyLODPlugin
LogPluginManager: Mounting plugin RawInput
LogPluginManager: Mounting plugin MagicLeap
LogPluginManager: Mounting plugin MagicLeapEmulator
LogPluginManager: Mounting plugin MagicLeapMedia
LogPluginManager: Mounting plugin AndroidMedia
LogPluginManager: Mounting plugin AvfMedia
LogPluginManager: Mounting plugin ImgMedia
LogPluginManager: Mounting plugin LinearTimecode
LogPluginManager: Mounting plugin MediaCompositing
LogPluginManager: Mounting plugin MediaPlayerEditor
LogPluginManager: Mounting plugin WmfMedia
LogPluginManager: Mounting plugin TcpMessaging
LogPluginManager: Mounting plugin UdpMessaging
LogPluginManager: Mounting plugin ActorSequence
LogPluginManager: Mounting plugin LevelSequenceEditor
LogPluginManager: Mounting plugin MatineeToLevelSequence
LogPluginManager: Mounting plugin NetcodeUnitTest
LogPluginManager: Mounting plugin NUTUnrealEngine4
LogPluginManager: Mounting plugin OnlineSubsystemGooglePlay
LogPluginManager: Mounting plugin OnlineSubsystemIOS
LogPluginManager: Mounting plugin OnlineSubsystem
LogPluginManager: Mounting plugin OnlineSubsystemNull
LogPluginManager: Mounting plugin OnlineSubsystemUtils
LogPluginManager: Mounting plugin LauncherChunkInstaller
LogPluginManager: Mounting plugin AndroidDeviceProfileSelector
LogPluginManager: Mounting plugin AndroidMoviePlayer
LogPluginManager: Mounting plugin AndroidPermission
LogPluginManager: Mounting plugin AppleMoviePlayer
LogPluginManager: Mounting plugin ArchVisCharacter
LogPluginManager: Mounting plugin AudioCapture
LogPluginManager: Mounting plugin CableComponent
LogPluginManager: Mounting plugin CustomMeshComponent
LogPluginManager: Mounting plugin EditableMesh
LogPluginManager: Mounting plugin ExampleDeviceProfileSelector
LogPluginManager: Mounting plugin GoogleCloudMessaging
LogPluginManager: Mounting plugin ImmediatePhysics
LogPluginManager: Mounting plugin IOSDeviceProfileSelector
LogPluginManager: Mounting plugin LinuxDeviceProfileSelector
LogPluginManager: Mounting plugin LocationServicesBPLibrary
LogPluginManager: Mounting plugin MobilePatchingUtils
LogPluginManager: Mounting plugin OculusVR
LogPluginManager: Plugin shader directory ../../../Engine/Plugins/Runtime/Oculus/OculusVR/Shaders found
LogPluginManager: Mapping shader source directory ../../../Engine/Plugins/Runtime/Oculus/OculusVR/Shaders to virtual directory /Plugin/OculusVR
LogPluginManager: Mounting plugin PhysXVehicles
LogPluginManager: Mounting plugin ProceduralMeshComponent
LogPluginManager: Mounting plugin RuntimePhysXCooking
LogPluginManager: Mounting plugin SteamVR
LogPluginManager: Mounting plugin WindowsMoviePlayer
LogStreaming: Display: Took  0.188s to configure plugins.
LogInit: Using libcurl 7.55.1-DEV
LogInit:  - built for x86_64-pc-win32
LogInit:  - supports SSL with OpenSSL/1.0.2h
LogInit:  - supports HTTP deflate (compression) using libz 1.2.8
LogInit:  - other features:
LogInit:      CURL_VERSION_SSL
LogInit:      CURL_VERSION_LIBZ
LogInit:      CURL_VERSION_IPV6
LogInit:      CURL_VERSION_ASYNCHDNS
LogInit:      CURL_VERSION_LARGEFILE
LogInit:      CURL_VERSION_IDN
LogInit:  CurlRequestOptions (configurable via config and command line):
LogInit:  - bVerifyPeer = false  - Libcurl will NOT verify peer certificate
LogInit:  - bUseHttpProxy = false  - Libcurl will NOT use HTTP proxy
LogInit:  - bDontReuseConnections = false  - Libcurl will reuse connections
LogInit:  - CertBundlePath = nullptr  - Libcurl will use whatever was configured at build time.
LogInit:  - MaxHostConnections = 16  - Libcurl will limit the number of connections to a host
LogInit:  - LocalHostAddr = Default
LogInit:  - BufferSize = 65536
LogInit: WinSock: version 1.1 (2.2), MaxSocks=32767, MaxUdp=65467
LogInit: Build: ++UE4+Release-4.20-CL-4369336
LogInit: Engine Version: 4.20.3-4369336+++UE4+Release-4.20
LogInit: Compatible Engine Version: 4.20.0-4212847+++UE4+Release-4.20
LogInit: Net CL: 4212847
LogInit: OS: Windows 10 (), CPU: Intel(R) Core(TM) i5-8400 CPU @ 2.80GHz, GPU: NVIDIA GeForce GTX 1050 Ti
LogInit: Compiled (64-bit): Sep 17 2018 12:26:19
LogInit: Compiled with Visual C++: 19.13.26129.00
LogInit: Build Configuration: Development
LogInit: Branch Name: ++UE4+Release-4.20
LogInit: Command Line:  -skipcompile
LogInit: Base Directory: D:/UE_4.20/Engine/Binaries/Win64/
LogInit: Installed Engine Build: 1
LogDevObjectVersion: Number of dev versions registered: 20
LogDevObjectVersion:   Dev-Blueprints (B0D832E4-1F89-4F0D-ACCF-7EB736FD4AA2): 10
LogDevObjectVersion:   Dev-Build (E1C64328-A22C-4D53-A36C-8E866417BD8C): 0
LogDevObjectVersion:   Dev-Core (375EC13C-06E4-48FB-B500-84F0262A717E): 2
LogDevObjectVersion:   Dev-Editor (E4B068ED-F494-42E9-A231-DA0B2E46BB41): 24
LogDevObjectVersion:   Dev-Framework (CFFC743F-43B0-4480-9391-14DF171D2073): 34
LogDevObjectVersion:   Dev-Mobile (B02B49B5-BB20-44E9-A304-32B752E40360): 2
LogDevObjectVersion:   Dev-Networking (A4E4105C-59A1-49B5-A7C5-40C4547EDFEE): 0
LogDevObjectVersion:   Dev-Online (39C831C9-5AE6-47DC-9A44-9C173E1C8E7C): 0
LogDevObjectVersion:   Dev-Physics (78F01B33-EBEA-4F98-B9B4-84EACCB95AA2): 0
LogDevObjectVersion:   Dev-Platform (6631380F-2D4D-43E0-8009-CF276956A95A): 0
LogDevObjectVersion:   Dev-Rendering (12F88B9F-8875-4AFC-A67C-D90C383ABD29): 26
LogDevObjectVersion:   Dev-Sequencer (7B5AE74C-D270-4C10-A958-57980B212A5A): 9
LogDevObjectVersion:   Dev-VR (D7296918-1DD6-4BDD-9DE2-64A83CC13884): 2
LogDevObjectVersion:   Dev-LoadTimes (C2A15278-BFE7-4AFE-6C17-90FF531DF755): 1
LogDevObjectVersion:   Private-Geometry (6EACA3D4-40EC-4CC1-B786-8BED09428FC5): 3
LogDevObjectVersion:   Dev-AnimPhys (29E575DD-E0A3-4627-9D10-D276232CDCEA): 17
LogDevObjectVersion:   Dev-ReflectionCapture (6B266CEC-1EC7-4B8F-A30B-E4D90942FC07): 1
LogDevObjectVersion:   Dev-Automation (0DF73D61-A23F-47EA-B727-89E90C41499A): 1
LogDevObjectVersion:   FortniteMain (601D1886-AC64-4F84-AA16-D3DE0DEAC7D6): 12
LogDevObjectVersion:   Dev-Enterprise (9DFFBCD6-494F-0158-E221-12823C92A888): 1
LogStreaming: Display: Took  0.002s to delete old logs.
LogInit: Presizing for max 8388607 objects, including 0 objects not considered by GC, pre-allocating 0 bytes for permanent pool.
LogInit: Object subsystem initialized
[2019.02.23-22.11.30:464][  0]LogInit: Selected Device Profile: [Windows]
[2019.02.23-22.11.30:464][  0]LogInit: Applying CVar settings loaded from the selected device profile: [Windows]
[2019.02.23-22.11.30:488][  0]LogHAL: Display: Platform has ~ 8 GB [8523337728 / 8589934592 / 8], which maps to Default [LargestMinGB=32, LargerMinGB=12, DefaultMinGB=8, SmallerMinGB=6, SmallestMinGB=0)
[2019.02.23-22.11.30:488][  0]LogInit: Setting Device Profile CVar: [[r.Vulkan.UseRealUBs:1]]
[2019.02.23-22.11.30:488][  0]LogInit: Going up to parent DeviceProfile []
[2019.02.23-22.11.30:489][  0]LogInit: Computer: DESKTOP-IF8BQD3
[2019.02.23-22.11.30:489][  0]LogInit: User: ChiyokoYumi
[2019.02.23-22.11.30:489][  0]LogInit: CPU Page size=4096, Cores=6
[2019.02.23-22.11.30:489][  0]LogInit: High frequency timer resolution =10.000000 MHz
[2019.02.23-22.11.30:489][  0]LogMemory: Memory total: Physical=7.9GB (8GB approx)
[2019.02.23-22.11.30:489][  0]LogMemory: Platform Memory Stats for Windows
[2019.02.23-22.11.30:489][  0]LogMemory: Process Physical Memory: 102.08 MB used, 102.09 MB peak
[2019.02.23-22.11.30:489][  0]LogMemory: Process Virtual Memory: 92.92 MB used, 92.92 MB peak
[2019.02.23-22.11.30:489][  0]LogMemory: Physical Memory: 5714.84 MB used,  2413.64 MB free, 8128.49 MB total
[2019.02.23-22.11.30:490][  0]LogMemory: Virtual Memory: 4626.13 MB used,  2413.64 MB free, 134217728.00 MB total
[2019.02.23-22.11.31:037][  0]LogInit: Using OS detected language (en-US).
[2019.02.23-22.11.31:037][  0]LogInit: Using OS detected locale (en-CA).
[2019.02.23-22.11.31:040][  0]LogTextLocalizationManager: No specific localization for 'en-US' exists, so the 'en' localization will be used.
[2019.02.23-22.11.31:594][  0]LogStreaming: Display: Took  0.557s to InitEngineTextLocalization.
[2019.02.23-22.11.31:594][  0]LogInit: Setting process to per monitor DPI aware
[2019.02.23-22.11.31:807][  0]LogSlate: New Slate User Created.  User Index 0, Is Virtual User: 0
[2019.02.23-22.11.31:808][  0]LogSlate: Slate User Registered.  User Index 0, Is Virtual User: 0
[2019.02.23-22.11.32:465][  0]LogHMD: Failed to initialize OpenVR with code 110
[2019.02.23-22.11.32:465][  0]LogD3D11RHI: D3D11 adapters:
[2019.02.23-22.11.32:579][  0]LogD3D11RHI:    0. 'NVIDIA GeForce GTX 1050 Ti' (Feature Level 11_0)
[2019.02.23-22.11.32:579][  0]LogD3D11RHI:       4018/0/4064 MB DedicatedVideo/DedicatedSystem/SharedSystem, Outputs:2, VendorId:0x10de
[2019.02.23-22.11.32:588][  0]LogD3D11RHI:    1. 'Microsoft Basic Render Driver' (Feature Level 11_0)
[2019.02.23-22.11.32:588][  0]LogD3D11RHI:       0/0/4064 MB DedicatedVideo/DedicatedSystem/SharedSystem, Outputs:0, VendorId:0x1414
[2019.02.23-22.11.32:589][  0]LogD3D11RHI: Chosen D3D11 Adapter: 0
[2019.02.23-22.11.32:596][  0]LogD3D11RHI: Creating new Direct3DDevice
[2019.02.23-22.11.32:596][  0]LogD3D11RHI:     GPU DeviceId: 0x1c82 (for the marketing name, search the web for "GPU Device Id")
[2019.02.23-22.11.32:596][  0]LogWindows: EnumDisplayDevices:
[2019.02.23-22.11.32:596][  0]LogWindows:    0. 'NVIDIA GeForce GTX 1050 Ti' (P:1 D:1)
[2019.02.23-22.11.32:597][  0]LogWindows:    1. 'NVIDIA GeForce GTX 1050 Ti' (P:0 D:1)
[2019.02.23-22.11.32:597][  0]LogWindows:    2. 'NVIDIA GeForce GTX 1050 Ti' (P:0 D:0)
[2019.02.23-22.11.32:598][  0]LogWindows:    3. 'NVIDIA GeForce GTX 1050 Ti' (P:0 D:0)
[2019.02.23-22.11.32:598][  0]LogWindows: DebugString: FoundDriverCount:4 
[2019.02.23-22.11.32:598][  0]LogD3D11RHI:     Adapter Name: NVIDIA GeForce GTX 1050 Ti
[2019.02.23-22.11.32:598][  0]LogD3D11RHI:   Driver Version: 418.81 (internal:25.21.14.1881, unified:418.81)
[2019.02.23-22.11.32:598][  0]LogD3D11RHI:      Driver Date: 1-30-2019
[2019.02.23-22.11.32:598][  0]LogRHI: Texture pool is 2812 MB (70% of 4018 MB)
[2019.02.23-22.11.32:645][  0]LogD3D11RHI: Async texture creation enabled
[2019.02.23-22.11.32:663][  0]LogD3D11RHI: GPU Timing Frequency: 1000.000000 (Debug: 2 1)
[2019.02.23-22.11.32:715][  0]LogShaderCompilers: Guid format shader working directory is -53 characters bigger than the processId version (../../../../GitHub/Math-Assignment_1/Math_Assignment_1/Game260Development/Resources/VehicleMovement/Intermediate/Shaders/WorkingDirectory/8928/).
[2019.02.23-22.11.32:716][  0]LogShaderCompilers: Cleaned the shader compiler working directory 'C:/Users/nicom/AppData/Local/Temp/UnrealShaderWorkingDir/6BAFE6A84685CFE5DF8F4AB03B4F6A59/'.
[2019.02.23-22.11.33:169][  0]LogTemp: Display: Loaded TP AllDesktopTargetPlatform
[2019.02.23-22.11.33:196][  0]LogTemp: Display: Loaded TP MacClientTargetPlatform
[2019.02.23-22.11.33:227][  0]LogTemp: Display: Loaded TP MacNoEditorTargetPlatform
[2019.02.23-22.11.33:244][  0]LogTemp: Display: Loaded TP MacServerTargetPlatform
[2019.02.23-22.11.33:273][  0]LogTemp: Display: Loaded TP MacTargetPlatform
[2019.02.23-22.11.33:291][  0]LogTemp: Display: Loaded TP WindowsClientTargetPlatform
[2019.02.23-22.11.33:315][  0]LogTemp: Display: Loaded TP WindowsNoEditorTargetPlatform
[2019.02.23-22.11.33:335][  0]LogTemp: Display: Loaded TP WindowsServerTargetPlatform
[2019.02.23-22.11.33:348][  0]LogTemp: Display: Loaded TP WindowsTargetPlatform
[2019.02.23-22.11.33:438][  0]LogTemp: Display: Loaded TP AndroidTargetPlatform
[2019.02.23-22.11.33:438][  0]LogTemp: Display: Loaded TP AndroidTargetPlatform
[2019.02.23-22.11.33:439][  0]LogTemp: Display: Loaded TP AndroidTargetPlatform
[2019.02.23-22.11.33:439][  0]LogTemp: Display: Loaded TP AndroidTargetPlatform
[2019.02.23-22.11.33:439][  0]LogTemp: Display: Loaded TP AndroidTargetPlatform
[2019.02.23-22.11.33:439][  0]LogTemp: Display: Loaded TP AndroidTargetPlatform
[2019.02.23-22.11.33:439][  0]LogTemp: Display: Loaded TP AndroidTargetPlatform
[2019.02.23-22.11.33:439][  0]LogTemp: Display: Loaded TP AndroidTargetPlatform
[2019.02.23-22.11.33:439][  0]LogTemp: Display: Loaded TP AndroidTargetPlatform
[2019.02.23-22.11.33:439][  0]LogTemp: Display: Loaded TP AndroidTargetPlatform
[2019.02.23-22.11.33:439][  0]LogTemp: Display: Loaded TP AndroidTargetPlatform
[2019.02.23-22.11.33:439][  0]LogTemp: Display: Loaded TP AndroidTargetPlatform
[2019.02.23-22.11.33:439][  0]LogTemp: Display: Loaded TP AndroidTargetPlatform
[2019.02.23-22.11.33:439][  0]LogTemp: Display: Loaded TP AndroidTargetPlatform
[2019.02.23-22.11.33:439][  0]LogTemp: Display: Loaded TP AndroidTargetPlatform
[2019.02.23-22.11.33:439][  0]LogTemp: Display: Loaded TP AndroidTargetPlatform
[2019.02.23-22.11.33:439][  0]LogTemp: Display: Loaded TP AndroidTargetPlatform
[2019.02.23-22.11.33:439][  0]LogTemp: Display: Loaded TP AndroidTargetPlatform
[2019.02.23-22.11.33:450][  0]LogTemp: Display: Loaded TP HTML5TargetPlatform
[2019.02.23-22.11.33:564][  0]LogTemp: Display: Loaded TP IOSTargetPlatform
[2019.02.23-22.11.33:564][  0]LogTemp: Display: Loaded TP IOSTargetPlatform
[2019.02.23-22.11.33:603][  0]LogTemp: Display: Loaded TP TVOSTargetPlatform
[2019.02.23-22.11.33:603][  0]LogTemp: Display: Loaded TP TVOSTargetPlatform
[2019.02.23-22.11.33:625][  0]LogTemp: Display: Loaded TP LinuxClientTargetPlatform
[2019.02.23-22.11.33:640][  0]LogTemp: Display: Loaded TP LinuxNoEditorTargetPlatform
[2019.02.23-22.11.33:655][  0]LogTemp: Display: Loaded TP LinuxServerTargetPlatform
[2019.02.23-22.11.33:672][  0]LogTemp: Display: Loaded TP LinuxTargetPlatform
[2019.02.23-22.11.33:689][  0]LogTemp: Display: Loaded TP LuminTargetPlatform
[2019.02.23-22.11.33:689][  0]LogTargetPlatformManager: Display: Building Assets For Windows
[2019.02.23-22.11.34:322][  0]LogXGEController: Cleaning working directory: C:/Users/nicom/AppData/Local/Temp/UnrealXGEWorkingDir/
[2019.02.23-22.11.34:324][  0]LogXGEController: Cannot use XGE Controller as Incredibuild is not installed on this machine.
[2019.02.23-22.11.34:325][  0]LogShaderCompilers: Cannot use XGE Shader Compiler as Incredibuild is not installed on this machine.
[2019.02.23-22.11.34:325][  0]LogShaderCompilers: Display: Using Local Shader Compiler.
[2019.02.23-22.11.35:414][  0]LogDerivedDataCache: Display: Max Cache Size: 512 MB
[2019.02.23-22.11.35:523][  0]LogDerivedDataCache: Loaded boot cache 0.11s 73MB C:/Users/nicom/AppData/Local/UnrealEngine/4.20/DerivedDataCache/Boot.ddc.
[2019.02.23-22.11.35:524][  0]LogDerivedDataCache: Display: Loaded Boot cache: C:/Users/nicom/AppData/Local/UnrealEngine/4.20/DerivedDataCache/Boot.ddc
[2019.02.23-22.11.35:524][  0]LogDerivedDataCache: FDerivedDataBackendGraph:  Pak pak cache file ../../../../GitHub/Math-Assignment_1/Math_Assignment_1/Game260Development/Resources/VehicleMovement/DerivedDataCache/DDC.ddp not found, will not use a pak cache.
[2019.02.23-22.11.35:524][  0]LogDerivedDataCache: Unable to find inner node Pak for hierarchical cache Hierarchy.
[2019.02.23-22.11.35:525][  0]LogDerivedDataCache: FDerivedDataBackendGraph:  CompressedPak pak cache file ../../../../GitHub/Math-Assignment_1/Math_Assignment_1/Game260Development/Resources/VehicleMovement/DerivedDataCache/Compressed.ddp not found, will not use a pak cache.
[2019.02.23-22.11.35:525][  0]LogDerivedDataCache: Unable to find inner node CompressedPak for hierarchical cache Hierarchy.
[2019.02.23-22.11.35:557][  0]LogDerivedDataCache: Display: Pak cache opened for reading ../../../Engine/DerivedDataCache/Compressed.ddp.
[2019.02.23-22.11.35:572][  0]LogDerivedDataCache: Using Local data cache path C:/Users/nicom/AppData/Local/UnrealEngine/Common/DerivedDataCache: Writable
[2019.02.23-22.11.35:572][  0]LogDerivedDataCache: Shared data cache path not found in *engine.ini, will not use an Shared cache.
[2019.02.23-22.11.35:572][  0]LogDerivedDataCache: Unable to find inner node Shared for hierarchical cache Hierarchy.
[2019.02.23-22.11.35:589][  0]LogMaterial: Verifying Global Shaders for PCD3D_SM5
[2019.02.23-22.11.35:590][  0]LogSlate: Using FreeType 2.6.0
[2019.02.23-22.11.35:625][  0]LogSlate: SlateFontServices - WITH_FREETYPE: 1, WITH_HARFBUZZ: 1
[2019.02.23-22.11.35:889][  0]LogAssetRegistry: FAssetRegistry took 0.0287 seconds to start up
[2019.02.23-22.11.36:454][  0]LogInit: Selected Device Profile: [Windows]
[2019.02.23-22.11.37:005][  0]LogSimplygon: Simplygon DLL not present - disabling.
[2019.02.23-22.11.37:097][  0]LogMeshReduction: Using SimplygonSwarm for distributed automatic mesh merging
[2019.02.23-22.11.37:098][  0]LogMeshReduction: Using ProxyLODMeshReduction for automatic mesh merging
[2019.02.23-22.11.37:098][  0]LogMeshReduction: Using QuadricMeshReduction for automatic static mesh reduction
[2019.02.23-22.11.37:098][  0]LogMeshReduction: No automatic skeletal mesh reduction module available
[2019.02.23-22.11.37:116][  0]LogNetVersion: VehicleMovement 1.0.0, NetCL: 4212847, EngineNetVer: 5, GameNetVer: 0 (Checksum: 2966596176)
[2019.02.23-22.11.37:969][  0]LogPackageLocalizationCache: Processed 11 localized package path(s) for 2 prioritized culture(s) in 0.138198 seconds
[2019.02.23-22.11.37:975][  0]LogUObjectArray: 38425 objects as part of root set at end of initial load.
[2019.02.23-22.11.37:975][  0]LogUObjectAllocator: 6690872 out of 0 bytes used by permanent object pool.
[2019.02.23-22.11.37:975][  0]LogUObjectArray: CloseDisregardForGC: 0/0 objects in disregard for GC pool
[2019.02.23-22.11.41:799][  0]LogTcpMessaging: Initializing TcpMessaging bridge
[2019.02.23-22.11.41:828][  0]LogUdpMessaging: Initializing bridge on interface 0.0.0.0:0 to multicast group 230.0.0.1:6666.
[2019.02.23-22.11.42:552][  0]SourceControl: Source control is disabled
[2019.02.23-22.11.42:552][  0]SourceControl: Source control is disabled
[2019.02.23-22.11.42:586][  0]SourceControl: Source control is disabled
[2019.02.23-22.11.42:599][  0]SourceControl: Source control is disabled
[2019.02.23-22.11.43:398][  0]LogAndroidPermission: UAndroidPermissionCallbackProxy::GetInstance
[2019.02.23-22.11.43:710][  0]LogOcInput: OculusInput pre-init called
[2019.02.23-22.11.43:854][  0]LogEngine: Initializing Engine...
[2019.02.23-22.11.43:867][  0]LogHMD: Failed to initialize OpenVR with code 110
[2019.02.23-22.11.43:868][  0]LogStats: UGameplayTagsManager::ConstructGameplayTagTree: ImportINI prefixes -  0.000 s
[2019.02.23-22.11.43:868][  0]LogStats: UGameplayTagsManager::ConstructGameplayTagTree: Construct from data asset -  0.000 s
[2019.02.23-22.11.43:868][  0]LogStats: UGameplayTagsManager::ConstructGameplayTagTree: ImportINI -  0.000 s
[2019.02.23-22.11.43:868][  0]LogStats: UGameplayTagsManager::ConstructGameplayTagTree: GameplayTagTreeChangedEvent.Broadcast -  0.000 s
[2019.02.23-22.11.44:099][  0]LogInit: Initializing FReadOnlyCVARCache
[2019.02.23-22.11.44:178][  0]LogAIModule: Creating AISystem for world Untitled
[2019.02.23-22.11.44:280][  0]LogInit: XAudio2 using 'Speakers (Realtek(R) Audio)' : 2 channels at 48 kHz using 32 bits per sample (channel mask 0x3)
[2019.02.23-22.11.44:340][  0]LogInit: FAudioDevice initialized.
[2019.02.23-22.11.44:341][  0]LogNetVersion: Set ProjectVersion to 1.0.0.0. Version Checksum will be recalculated on next use.
[2019.02.23-22.11.44:503][  0]LogDerivedDataCache: Saved boot cache 0.16s 73MB C:/Users/nicom/AppData/Local/UnrealEngine/4.20/DerivedDataCache/Boot.ddc.
[2019.02.23-22.11.44:511][  0]LogInit: Texture streaming: Enabled
[2019.02.23-22.11.44:593][  0]LogEngineSessionManager: EngineSessionManager initialized
[2019.02.23-22.11.44:593][  0]LogEngineSessionManager: EngineSessionManager sent abnormal shutdown report. Type=Debugger, SessionId={0AF6F5F8-43E1-FF4A-DA95-89917C3B980B}
[2019.02.23-22.11.44:658][  0]LogInit: Transaction tracking system initialized
[2019.02.23-22.11.44:872][  0]BlueprintLog: New page: Editor Load
[2019.02.23-22.11.45:606][  0]LocalizationService: Localization service is disabled
[2019.02.23-22.11.46:803][  0]LogCook: Display: Max memory allowance for cook 16384mb min free memory 0mb
[2019.02.23-22.11.46:803][  0]LogCook: Display: Mobile HDR setting 1
[2019.02.23-22.11.46:803][  0]LogGameplayTags: Display: UGameplayTagsManager::DoneAddingNativeTags. DelegateIsBound: 0
[2019.02.23-22.11.46:803][  0]LogStats: UGameplayTagsManager::ConstructGameplayTagTree: ImportINI prefixes -  0.000 s
[2019.02.23-22.11.46:804][  0]LogStats: UGameplayTagsManager::ConstructGameplayTagTree: Construct from data asset -  0.000 s
[2019.02.23-22.11.46:804][  0]LogStats: UGameplayTagsManager::ConstructGameplayTagTree: ImportINI -  0.000 s
[2019.02.23-22.11.46:804][  0]LogStats: UGameplayTagsManager::ConstructGameplayTagTree: GameplayTagTreeChangedEvent.Broadcast -  0.000 s
[2019.02.23-22.11.46:965][  0]LogFileCache: Scanning file cache for directory 'D:/GitHub/Math-Assignment_1/Math_Assignment_1/Game260Development/Resources/VehicleMovement/Content/' took 0.04s
[2019.02.23-22.11.47:739][  0]SourceControl: Source control is disabled
[2019.02.23-22.11.47:739][  0]LightingResults: New page: Lighting Build
[2019.02.23-22.11.47:755][  0]MapCheck: New page: Map Check
[2019.02.23-22.11.47:756][  0]LightingResults: New page: Lighting Build
[2019.02.23-22.11.48:394][  0]LogAIModule: Creating AISystem for world VehicleExampleMap
[2019.02.23-22.11.48:462][  0]LogEditorServer: Finished looking for orphan Actors (0.000 secs)
[2019.02.23-22.11.48:486][  0]Cmd: MAP CHECKDEP NOCLEARLOG
[2019.02.23-22.11.48:550][  0]MapCheck: Map check complete: 0 Error(s), 0 Warning(s), took 63.661ms to complete.
[2019.02.23-22.11.48:550][  0]LogFileHelpers: Loading map 'VehicleExampleMap' took 0.811
[2019.02.23-22.11.48:765][  0]LogSlate: Updating window title bar state: overlay mode, drag disabled, window buttons hidden, title bar hidden
[2019.02.23-22.11.48:772][  0]LogSlate: Updating window title bar state: overlay mode, drag disabled, window buttons hidden, title bar hidden
[2019.02.23-22.11.48:780][  0]LogSlate: Updating window title bar state: overlay mode, drag disabled, window buttons hidden, title bar hidden
[2019.02.23-22.11.48:787][  0]LogSlate: Updating window title bar state: overlay mode, drag disabled, window buttons hidden, title bar hidden
[2019.02.23-22.11.48:820][  0]LogCollectionManager: Loaded 0 collections in 0.004534 seconds
[2019.02.23-22.11.48:888][  0]LogFileCache: Scanning file cache for directory 'D:/GitHub/Math-Assignment_1/Math_Assignment_1/Game260Development/Resources/VehicleMovement/Saved/Collections/' took 0.01s
[2019.02.23-22.11.48:888][  0]LogFileCache: Scanning file cache for directory 'D:/GitHub/Math-Assignment_1/Math_Assignment_1/Game260Development/Resources/VehicleMovement/Content/Developers/ChiyokoYumi/Collections/' took 0.01s
[2019.02.23-22.11.48:888][  0]LogFileCache: Scanning file cache for directory 'D:/GitHub/Math-Assignment_1/Math_Assignment_1/Game260Development/Resources/VehicleMovement/Content/Collections/' took 0.01s
[2019.02.23-22.11.48:888][  0]LogCollectionManager: Rebuilt the GUID cache for 0 collections in 0.000001 seconds
[2019.02.23-22.11.48:897][  0]LogContentBrowser: Native class hierarchy populated in 0.0092 seconds. Added 2585 classes and 608 folders.
[2019.02.23-22.11.48:919][  0]LogContentBrowser: Native class hierarchy updated for 'WidgetCarousel' in 0.0007 seconds. Added 0 classes and 0 folders.
[2019.02.23-22.11.50:002][  0]LogContentBrowser: Native class hierarchy updated for 'AddContentDialog' in 0.0006 seconds. Added 0 classes and 0 folders.
[2019.02.23-22.11.50:030][  0]LogContentBrowser: Native class hierarchy updated for 'SceneOutliner' in 0.0007 seconds. Added 1 classes and 2 folders.
[2019.02.23-22.11.50:132][  0]LogSlate: Took 0.010716 seconds to synchronously load lazily loaded font '../../../Engine/Content/Slate/Fonts/Roboto-Regular.ttf' (155K)
[2019.02.23-22.11.50:142][  0]LogSlate: Took 0.007860 seconds to synchronously load lazily loaded font '../../../Engine/Content/Slate/Fonts/Roboto-Bold.ttf' (160K)
[2019.02.23-22.11.50:149][  0]LogSlate: Took 0.003045 seconds to synchronously load lazily loaded font '../../../Engine/Content/Editor/Slate/Fonts/FontAwesome.ttf' (139K)
[2019.02.23-22.11.50:295][  0]LogRenderer: Reallocating scene render targets to support 1328x564 Format 10 NumSamples 1 (Frame:1).
[2019.02.23-22.11.50:362][  0]LogSlate: Took 0.001289 seconds to synchronously load lazily loaded font '../../../Engine/Content/Slate/Fonts/Roboto-Light.ttf' (167K)
[2019.02.23-22.11.50:522][  0]LogContentBrowser: Native class hierarchy updated for 'HierarchicalLODOutliner' in 0.0009 seconds. Added 0 classes and 0 folders.
[2019.02.23-22.11.50:522][  0]LogLoad: (Engine Initialization) Total time: 25.45 seconds
[2019.02.23-22.11.50:522][  0]LogLoad: (Engine Initialization) Total Blueprint compile time: 0.00 seconds
[2019.02.23-22.11.50:540][  0]LogRawInputWindows: Warning: Found device 0 devices
[2019.02.23-22.11.50:540][  0]LogRawInputWindows: Warning: Found device 0 devices
[2019.02.23-22.11.50:540][  0]LogRawInputWindows: Warning: Device was registered succesfully but not connected (Usage:4 UsagePage:1)
[2019.02.23-22.11.50:540][  0]LogRawInputWindows: Warning: Found device 1 devices
[2019.02.23-22.11.50:540][  0]LogRawInputWindows: Warning: Device was registered succesfully but not connected (Usage:5 UsagePage:1)
[2019.02.23-22.11.50:598][  0]LogContentStreaming: Texture pool size now 1000 MB
[2019.02.23-22.11.50:696][  1]LogAssetRegistry: Asset discovery search completed in 14.8316 seconds
[2019.02.23-22.11.50:698][  1]LogCollectionManager: Rebuilt the object cache for 0 collections in 0.000001 seconds (found 0 objects)
[2019.02.23-22.11.50:698][  1]LogCollectionManager: Fixed up redirectors for 0 collections in 0.000169 seconds (updated 0 objects)
[2019.02.23-22.12.27:617][114]LogSlate: FSceneViewport::OnFocusLost() reason 0
[2019.02.23-22.12.32:745][721]LogSlate: Took 0.000485 seconds to synchronously load lazily loaded font '../../../Engine/Content/Slate/Fonts/Roboto-Light.ttf' (167K)
[2019.02.23-22.12.32:815][721]LogSlate: Took 0.018672 seconds to synchronously load lazily loaded font '../../../Engine/Content/Slate/Fonts/Roboto-BoldCondensed.ttf' (158K)
[2019.02.23-22.13.08:649][864]Running D:/UE_4.20/Engine/Binaries/DotNET/UnrealBuildTool.exe Win64 Development -TargetType=Editor -Project="D:/GitHub/Math-Assignment_1/Math_Assignment_1/Game260Development/Resources/VehicleMovement/VehicleMovement.uproject" -invalidatemakefilesonly
[2019.02.23-22.13.10:065][864]Invalidating makefiles only in this run.
[2019.02.23-22.13.10:194][864]Candidate modules for hot reload:
[2019.02.23-22.13.10:194][864]  VehicleMovement
[2019.02.23-22.13.10:194][864]Launching UnrealBuildTool... [D:/UE_4.20/Engine/Binaries/DotNET/UnrealBuildTool.exe  -ModuleWithSuffix=VehicleMovement,7345 Win64 Development -TargetType=Editor -Project="../../../../GitHub/Math-Assignment_1/Math_Assignment_1/Game260Development/Resources/VehicleMovement/VehicleMovement.uproject" -canskiplink "D:/GitHub/Math-Assignment_1/Math_Assignment_1/Game260Development/Resources/VehicleMovement/VehicleMovement.uproject" ]
[2019.02.23-22.13.43:303][864]CompilerResultsLog: New page: Compilation - Feb 23, 2019, 12:13:43 PM
[2019.02.23-22.13.43:303][864]CompilerResultsLog: Creating makefile for hot reloading VehicleMovementEditor (no existing makefile)
[2019.02.23-22.13.43:303][864]CompilerResultsLog: Compiling game modules for hot reload
[2019.02.23-22.13.43:303][864]CompilerResultsLog: Using Visual Studio 2017 14.16.27023 toolchain (C:\Program Files (x86)\Microsoft Visual Studio\2017\Community\VC\Tools\MSVC\14.16.27023) and Windows 10.0.16299.0 SDK (C:\Program Files (x86)\Windows Kits\10).
[2019.02.23-22.13.43:303][864]CompilerResultsLog: Parsing headers for VehicleMovementEditor
[2019.02.23-22.13.43:303][864]CompilerResultsLog:   Running UnrealHeaderTool "D:\GitHub\Math-Assignment_1\Math_Assignment_1\Game260Development\Resources\VehicleMovement\VehicleMovement.uproject" "D:\GitHub\Math-Assignment_1\Math_Assignment_1\Game260Development\Resources\VehicleMovement\Intermediate\Build\Win64\VehicleMovementEditor\Development\VehicleMovementEditor.uhtmanifest" -LogCmds="loginit warning, logexit warning, logdatabase error" -Unattended -WarningsAsErrors -installed
[2019.02.23-22.13.43:304][864]CompilerResultsLog: Reflection code generated for VehicleMovementEditor in 11.9583165 seconds
[2019.02.23-22.13.43:304][864]CompilerResultsLog: Building 5 actions with 6 processes...
[2019.02.23-22.13.43:304][864]CompilerResultsLog:   [1/5] VehicleMovement.init.gen.cpp
[2019.02.23-22.13.43:304][864]CompilerResultsLog:   [2/5] VehicleLocator.cpp
[2019.02.23-22.13.43:304][864]CompilerResultsLog:   [3/5] VehicleLocator.gen.cpp
[2019.02.23-22.13.43:304][864]CompilerResultsLog:   [4/5] UE4Editor-VehicleMovement-7345.lib
[2019.02.23-22.13.43:304][864]CompilerResultsLog:      Creating library D:\GitHub\Math-Assignment_1\Math_Assignment_1\Game260Development\Resources\VehicleMovement\Intermediate\Build\Win64\UE4Editor\Development\VehicleMovement\UE4Editor-VehicleMovement-7345.lib and object D:\GitHub\Math-Assignment_1\Math_Assignment_1\Game260Development\Resources\VehicleMovement\Intermediate\Build\Win64\UE4Editor\Development\VehicleMovement\UE4Editor-VehicleMovement-7345.exp
[2019.02.23-22.13.43:304][864]CompilerResultsLog:   [5/5] UE4Editor-VehicleMovement-7345.dll
[2019.02.23-22.13.43:304][864]CompilerResultsLog:      Creating library D:\GitHub\Math-Assignment_1\Math_Assignment_1\Game260Development\Resources\VehicleMovement\Intermediate\Build\Win64\UE4Editor\Development\VehicleMovement\UE4Editor-VehicleMovement-7345.suppressed.lib and object D:\GitHub\Math-Assignment_1\Math_Assignment_1\Game260Development\Resources\VehicleMovement\Intermediate\Build\Win64\UE4Editor\Development\VehicleMovement\UE4Editor-VehicleMovement-7345.suppressed.exp
[2019.02.23-22.13.43:304][864]CompilerResultsLog: Total build time: 32.62 seconds (Parallel executor: 12.08 seconds)
[2019.02.23-22.13.43:304][864]LogMainFrame: MainFrame: Module compiling took 33.117 seconds
[2019.02.23-22.13.43:406][864]LogClass: Could not find existing class VehicleLocator in package /Script/VehicleMovement for HotReload, assuming new class
[2019.02.23-22.13.43:419][864]LogContentBrowser: Native class hierarchy updated for 'VehicleMovement' in 0.0019 seconds. Added 12 classes and 2 folders.
[2019.02.23-22.13.43:423][864]Display: HotReload successful (2 functions remapped  0 scriptstructs remapped)
[2019.02.23-22.13.43:591][864]LogContentBrowser: Native class hierarchy populated in 0.0087 seconds. Added 2587 classes and 610 folders.
[2019.02.23-22.13.43:606][864]Display: HotReload took 33.4s.
[2019.02.23-22.13.43:608][864]Warning: HotReload operation took 33.4s.
[2019.02.23-22.13.44:256][864]LogSlate: Window 'Add C++ Class' being destroyed
[2019.02.23-22.13.44:319][864]LogHotReload: New module detected: UE4Editor-VehicleMovement-7345.dll
[2019.02.23-22.13.44:484][865]LogHotReload: Starting Hot-Reload from IDE
[2019.02.23-22.13.44:534][865]LogContentBrowser: Native class hierarchy updated for 'VehicleMovement' in 0.0010 seconds. Added 12 classes and 2 folders.
[2019.02.23-22.13.44:536][865]Display: HotReload successful (0 functions remapped  0 scriptstructs remapped)
[2019.02.23-22.13.44:576][865]LogContentBrowser: Native class hierarchy populated in 0.0096 seconds. Added 2587 classes and 610 folders.
[2019.02.23-22.13.44:583][865]Display: HotReload took  0.1s.
[2019.02.23-22.33.20:871][668]Candidate modules for hot reload:
[2019.02.23-22.33.20:871][668]  VehicleMovement
[2019.02.23-22.33.20:871][668]Launching UnrealBuildTool... [D:/UE_4.20/Engine/Binaries/DotNET/UnrealBuildTool.exe  -ModuleWithSuffix=VehicleMovement,544 Win64 Development -TargetType=Editor -Project="../../../../GitHub/Math-Assignment_1/Math_Assignment_1/Game260Development/Resources/VehicleMovement/VehicleMovement.uproject" -canskiplink "D:/GitHub/Math-Assignment_1/Math_Assignment_1/Game260Development/Resources/VehicleMovement/VehicleMovement.uproject" ]
[2019.02.23-22.33.20:956][668]Warning: Starting HotReload took  0.2s.
[2019.02.23-22.40.18:505][319]CompilerResultsLog: New page: Compilation - Feb 23, 2019, 12:40:18 PM
[2019.02.23-22.40.18:505][319]CompilerResultsLog: Compiling game modules for hot reload
[2019.02.23-22.40.18:505][319]CompilerResultsLog: Parsing headers for VehicleMovementEditor
[2019.02.23-22.40.18:505][319]CompilerResultsLog:   Running UnrealHeaderTool "D:\GitHub\Math-Assignment_1\Math_Assignment_1\Game260Development\Resources\VehicleMovement\VehicleMovement.uproject" "D:\GitHub\Math-Assignment_1\Math_Assignment_1\Game260Development\Resources\VehicleMovement\Intermediate\Build\Win64\VehicleMovementEditor\Development\VehicleMovementEditor.uhtmanifest" -LogCmds="loginit warning, logexit warning, logdatabase error" -Unattended -WarningsAsErrors -installed
[2019.02.23-22.40.18:505][319]CompilerResultsLog: Reflection code generated for VehicleMovementEditor in 24.1310039 seconds
[2019.02.23-22.40.18:505][319]CompilerResultsLog: Building 4 actions with 6 processes...
[2019.02.23-22.40.18:506][319]LogMainFrame: MainFrame: Module compiling took 417.697 seconds
[2019.02.23-22.40.19:286][319]Warning: HotReload failed, recompile failed
[2019.02.23-22.40.21:606][492]Candidate modules for hot reload:
[2019.02.23-22.40.21:607][492]  VehicleMovement
[2019.02.23-22.40.21:607][492]Launching UnrealBuildTool... [D:/UE_4.20/Engine/Binaries/DotNET/UnrealBuildTool.exe  -ModuleWithSuffix=VehicleMovement,8717 Win64 Development -TargetType=Editor -Project="../../../../GitHub/Math-Assignment_1/Math_Assignment_1/Game260Development/Resources/VehicleMovement/VehicleMovement.uproject" -canskiplink "D:/GitHub/Math-Assignment_1/Math_Assignment_1/Game260Development/Resources/VehicleMovement/VehicleMovement.uproject" ]
[2019.02.23-22.40.21:776][492]Warning: Starting HotReload took  0.4s.
[2019.02.23-22.42.14:184][175]CompilerResultsLog: New page: Compilation - Feb 23, 2019, 12:42:14 PM
[2019.02.23-22.42.14:199][175]CompilerResultsLog: Compiling game modules for hot reload
[2019.02.23-22.42.14:199][175]CompilerResultsLog: Performing full C++ include scan (no include cache file)
[2019.02.23-22.42.14:199][175]CompilerResultsLog: Building 4 actions with 6 processes...
[2019.02.23-22.42.14:199][175]CompilerResultsLog:   [1/4] VehicleLocator.cpp
[2019.02.23-22.42.14:201][175]CompilerResultsLog:    D:\GitHub\Math-Assignment_1\Math_Assignment_1\Game260Development\Resources\VehicleMovement\Source\VehicleMovement\VehicleLocator.cpp(27) : error C2227: left of '->GetPawn' must point to class/struct/union/generic type
[2019.02.23-22.42.14:201][175]CompilerResultsLog:   [2/4] VehicleLocator.gen.cpp
[2019.02.23-22.42.14:201][175]CompilerResultsLog: ERROR: UBT ERROR: Failed to produce item: D:\GitHub\Math-Assignment_1\Math_Assignment_1\Game260Development\Resources\VehicleMovement\Binaries\Win64\UE4Editor-VehicleMovement-8717.dll
[2019.02.23-22.42.14:201][175]CompilerResultsLog:        (see ../Programs/UnrealBuildTool/Log.txt for full exception trace)
[2019.02.23-22.42.14:201][175]CompilerResultsLog: Total build time: 109.53 seconds (Parallel executor: 0.00 seconds)
[2019.02.23-22.42.14:201][175]LogMainFrame: MainFrame: Module compiling took 112.652 seconds
[2019.02.23-22.42.14:202][175]Warning: HotReload failed, recompile failed
[2019.02.23-22.42.21:492][650]LogVSAccessor: Warning: Couldn't goto line number '27' in 'D:\GitHub\Math-Assignment_1\Math_Assignment_1\Game260Development\Resources\VehicleMovement\Source\VehicleMovement\VehicleLocator.cpp'
[2019.02.23-22.59.27:677][170]LogTemp: Repeating last play command: Selected Viewport
[2019.02.23-22.59.27:905][170]LogBlueprintUserMessages: Early PlayInEditor Detection: Level '/Game/VehicleCPP/Maps/VehicleExampleMap.VehicleExampleMap:PersistentLevel' has LevelScriptBlueprint '/Game/VehicleCPP/Maps/VehicleExampleMap.VehicleExampleMap:PersistentLevel.VehicleExampleMap' with GeneratedClass '/Game/VehicleCPP/Maps/VehicleExampleMap.VehicleExampleMap_C' with ClassGeneratedBy '/Game/VehicleCPP/Maps/VehicleExampleMap.VehicleExampleMap:PersistentLevel.VehicleExampleMap'
[2019.02.23-22.59.27:928][170]LogPlayLevel: PlayLevel: No blueprints needed recompiling
[2019.02.23-22.59.28:058][170]PIE: New page: PIE session: VehicleExampleMap (Feb 23, 2019, 12:59:28 PM)
[2019.02.23-22.59.28:083][170]LogPlayLevel: Creating play world package: /Game/VehicleCPP/Maps/UEDPIE_0_VehicleExampleMap
[2019.02.23-22.59.28:684][170]LogPlayLevel: PIE: StaticDuplicateObject took: (0.597878s)
[2019.02.23-22.59.28:806][170]LogAIModule: Creating AISystem for world VehicleExampleMap
[2019.02.23-22.59.28:873][170]LogPlayLevel: PIE: World Init took: (0.188665s)
[2019.02.23-22.59.28:884][170]LogPlayLevel: PIE: Created PIE world by copying editor world from /Game/VehicleCPP/Maps/VehicleExampleMap.VehicleExampleMap to /Game/VehicleCPP/Maps/UEDPIE_0_VehicleExampleMap.VehicleExampleMap (0.800666s)
[2019.02.23-22.59.29:056][170]LogInit: XAudio2 using 'Speakers (Realtek(R) Audio)' : 2 channels at 48 kHz using 32 bits per sample (channel mask 0x3)
[2019.02.23-22.59.29:092][170]LogInit: FAudioDevice initialized.
[2019.02.23-22.59.29:298][170]LogLoad: Game class is 'VehicleMovementGameMode'
[2019.02.23-22.59.29:370][170]LogWorld: Bringing World /Game/VehicleCPP/Maps/UEDPIE_0_VehicleExampleMap.VehicleExampleMap up for play (max tick rate 0) at 2019.02.23-17.59.29
[2019.02.23-22.59.29:457][170]LogWorld: Bringing up level for play took: 0.127600
[2019.02.23-22.59.30:009][170]LogContentBrowser: Native class hierarchy updated for 'MovieSceneCapture' in 0.0247 seconds. Added 10 classes and 0 folders.
[2019.02.23-22.59.30:137][170]PIE: Play in editor start time for /Game/VehicleCPP/Maps/UEDPIE_0_VehicleExampleMap 2.7
[2019.02.23-22.59.30:197][170]LogBlueprintUserMessages: Late PlayInEditor Detection: Level '/Game/VehicleCPP/Maps/VehicleExampleMap.VehicleExampleMap:PersistentLevel' has LevelScriptBlueprint '/Game/VehicleCPP/Maps/VehicleExampleMap.VehicleExampleMap:PersistentLevel.VehicleExampleMap' with GeneratedClass '/Game/VehicleCPP/Maps/VehicleExampleMap.VehicleExampleMap_C' with ClassGeneratedBy '/Game/VehicleCPP/Maps/VehicleExampleMap.VehicleExampleMap:PersistentLevel.VehicleExampleMap'
[2019.02.23-22.59.37:224][914]LogTemp: Warning: Boost Pressed
[2019.02.23-22.59.37:943][  0]LogTemp: Warning: Boost Un-Pressed
[2019.02.23-22.59.46:662][ 44]LogTemp: Warning: Boost Pressed
[2019.02.23-22.59.47:023][ 87]LogTemp: Warning: Boost Un-Pressed
[2019.02.23-23.00.10:038][838]LogBlueprintUserMessages: Early EndPlayMap Detection: Level '/Game/VehicleCPP/Maps/VehicleExampleMap.VehicleExampleMap:PersistentLevel' has LevelScriptBlueprint '/Game/VehicleCPP/Maps/VehicleExampleMap.VehicleExampleMap:PersistentLevel.VehicleExampleMap' with GeneratedClass '/Game/VehicleCPP/Maps/VehicleExampleMap.VehicleExampleMap_C' with ClassGeneratedBy '/Game/VehicleCPP/Maps/VehicleExampleMap.VehicleExampleMap:PersistentLevel.VehicleExampleMap'
[2019.02.23-23.00.10:076][838]LogSlate: Updating window title bar state: overlay mode, drag disabled, window buttons hidden, title bar hidden
[2019.02.23-23.00.10:320][838]LogPlayLevel: Display: Shutting down PIE online subsystems
[2019.02.23-23.00.10:349][838]LogBlueprintUserMessages: Late EndPlayMap Detection: Level '/Game/VehicleCPP/Maps/VehicleExampleMap.VehicleExampleMap:PersistentLevel' has LevelScriptBlueprint '/Game/VehicleCPP/Maps/VehicleExampleMap.VehicleExampleMap:PersistentLevel.VehicleExampleMap' with GeneratedClass '/Game/VehicleCPP/Maps/VehicleExampleMap.VehicleExampleMap_C' with ClassGeneratedBy '/Game/VehicleCPP/Maps/VehicleExampleMap.VehicleExampleMap:PersistentLevel.VehicleExampleMap'
[2019.02.23-23.00.10:470][838]LogSlate: Updating window title bar state: overlay mode, drag disabled, window buttons hidden, title bar hidden
[2019.02.23-23.00.10:570][839]LogPlayLevel: Display: Destroying online subsystem :Context_3
[2019.02.23-23.01.00:268][167]LogSlate: FSceneViewport::OnFocusLost() reason 2
[2019.02.23-23.01.02:977][406]LogEditor: Attempting to add actor of class 'VehicleLocator' to level at -280.00,-7640.00,110.00
[2019.02.23-23.01.03:361][406]LogEditor: Attempting to add actor of class 'VehicleLocator' to level at -430.00,-7780.00,110.00
[2019.02.23-23.01.03:965][449]LogSlate: FSceneViewport::OnFocusLost() reason 0
[2019.02.23-23.01.04:087][462]LogEditor: Attempting to add actor of class 'VehicleLocator' to level at 20.00,-7490.00,110.00
[2019.02.23-23.01.05:906][659]LogEditor: Attempting to add actor of class 'VehicleLocator' to level at 670.00,-8440.00,110.00
[2019.02.23-23.01.07:135][803]LogSlate: FSceneViewport::OnFocusLost() reason 0
[2019.02.23-23.01.07:275][818]LogEditor: Attempting to add actor of class 'AVehiclePawn' to level at -350.00,-7360.00,110.00
[2019.02.23-23.01.09:593][ 15]LogEditor: Attempting to add actor of class 'AVehiclePawn' to level at -130.00,-7570.00,110.00
[2019.02.23-23.01.10:908][140]Cmd: TRANSACTION UNDO
[2019.02.23-23.01.10:908][140]LogEditorTransaction: Undo Create Actors
[2019.02.23-23.01.13:724][437]LogSlate: FSceneViewport::OnFocusLost() reason 0
[2019.02.23-23.01.14:376][513]LogEditor: Attempting to add actor of class 'VehicleLocator' to level at 90.00,-7520.00,110.00
[2019.02.23-23.01.15:562][643]LogEditor: Attempting to add actor of class 'VehicleLocator' to level at 710.00,-8870.00,110.00
[2019.02.23-23.01.16:334][733]LogSlate: FSceneViewport::OnFocusLost() reason 0
[2019.02.23-23.01.20:341][175]LogEditorActor: Deleted Actor: VehicleLocator
[2019.02.23-23.01.20:378][175]LogEditorActor: Deleted 1 Actors (0.093 secs)
[2019.02.23-23.01.22:119][379]LogEditorActor: Deleted Actor: VehicleLocator
[2019.02.23-23.01.22:140][379]LogEditorActor: Deleted 1 Actors (0.024 secs)
[2019.02.23-23.01.29:251][127]LogSlate: Took 0.074222 seconds to synchronously load lazily loaded font '../../../Engine/Content/Slate/Fonts/Roboto-Italic.ttf' (157K)
[2019.02.23-23.01.38:134][168]LogTemp: Repeating last play command: Selected Viewport
[2019.02.23-23.01.38:147][168]LogBlueprintUserMessages: Early PlayInEditor Detection: Level '/Game/VehicleCPP/Maps/VehicleExampleMap.VehicleExampleMap:PersistentLevel' has LevelScriptBlueprint '/Game/VehicleCPP/Maps/VehicleExampleMap.VehicleExampleMap:PersistentLevel.VehicleExampleMap' with GeneratedClass '/Game/VehicleCPP/Maps/VehicleExampleMap.VehicleExampleMap_C' with ClassGeneratedBy '/Game/VehicleCPP/Maps/VehicleExampleMap.VehicleExampleMap:PersistentLevel.VehicleExampleMap'
[2019.02.23-23.01.38:147][168]LogPlayLevel: PlayLevel: No blueprints needed recompiling
[2019.02.23-23.01.38:148][168]PIE: New page: PIE session: VehicleExampleMap (Feb 23, 2019, 1:01:38 PM)
[2019.02.23-23.01.38:148][168]LogPlayLevel: Creating play world package: /Game/VehicleCPP/Maps/UEDPIE_0_VehicleExampleMap
[2019.02.23-23.01.38:167][168]LogPlayLevel: PIE: StaticDuplicateObject took: (0.018868s)
[2019.02.23-23.01.38:168][168]LogAIModule: Creating AISystem for world VehicleExampleMap
[2019.02.23-23.01.38:168][168]LogPlayLevel: PIE: World Init took: (0.001119s)
[2019.02.23-23.01.38:168][168]LogPlayLevel: PIE: Created PIE world by copying editor world from /Game/VehicleCPP/Maps/VehicleExampleMap.VehicleExampleMap to /Game/VehicleCPP/Maps/UEDPIE_0_VehicleExampleMap.VehicleExampleMap (0.020396s)
[2019.02.23-23.01.38:256][168]LogInit: XAudio2 using 'Speakers (Realtek(R) Audio)' : 2 channels at 48 kHz using 32 bits per sample (channel mask 0x3)
[2019.02.23-23.01.38:288][168]LogInit: FAudioDevice initialized.
[2019.02.23-23.01.38:322][168]LogLoad: Game class is 'VehicleMovementGameMode'
[2019.02.23-23.01.38:327][168]LogWorld: Bringing World /Game/VehicleCPP/Maps/UEDPIE_0_VehicleExampleMap.VehicleExampleMap up for play (max tick rate 0) at 2019.02.23-18.01.38
[2019.02.23-23.01.38:366][168]LogWorld: Bringing up level for play took: 0.041010
[2019.02.23-23.01.38:387][168]PIE: Play in editor start time for /Game/VehicleCPP/Maps/UEDPIE_0_VehicleExampleMap 0.95
[2019.02.23-23.01.38:388][168]LogBlueprintUserMessages: Late PlayInEditor Detection: Level '/Game/VehicleCPP/Maps/VehicleExampleMap.VehicleExampleMap:PersistentLevel' has LevelScriptBlueprint '/Game/VehicleCPP/Maps/VehicleExampleMap.VehicleExampleMap:PersistentLevel.VehicleExampleMap' with GeneratedClass '/Game/VehicleCPP/Maps/VehicleExampleMap.VehicleExampleMap_C' with ClassGeneratedBy '/Game/VehicleCPP/Maps/VehicleExampleMap.VehicleExampleMap:PersistentLevel.VehicleExampleMap'
[2019.02.23-23.01.42:567][609]LogSlate: FSceneViewport::OnFocusLost() reason 2
[2019.02.23-23.01.44:066][764]Cmd: SELECT NONE
[2019.02.23-23.01.46:333][806]LogSlate: FSceneViewport::OnFocusLost() reason 2
[2019.02.23-23.01.46:941][870]LogBlueprintUserMessages: Early EndPlayMap Detection: Level '/Game/VehicleCPP/Maps/VehicleExampleMap.VehicleExampleMap:PersistentLevel' has LevelScriptBlueprint '/Game/VehicleCPP/Maps/VehicleExampleMap.VehicleExampleMap:PersistentLevel.VehicleExampleMap' with GeneratedClass '/Game/VehicleCPP/Maps/VehicleExampleMap.VehicleExampleMap_C' with ClassGeneratedBy '/Game/VehicleCPP/Maps/VehicleExampleMap.VehicleExampleMap:PersistentLevel.VehicleExampleMap'
[2019.02.23-23.01.46:941][870]LogSlate: Updating window title bar state: overlay mode, drag disabled, window buttons hidden, title bar hidden
[2019.02.23-23.01.46:984][870]LogPlayLevel: Display: Shutting down PIE online subsystems
[2019.02.23-23.01.46:984][870]LogBlueprintUserMessages: Late EndPlayMap Detection: Level '/Game/VehicleCPP/Maps/VehicleExampleMap.VehicleExampleMap:PersistentLevel' has LevelScriptBlueprint '/Game/VehicleCPP/Maps/VehicleExampleMap.VehicleExampleMap:PersistentLevel.VehicleExampleMap' with GeneratedClass '/Game/VehicleCPP/Maps/VehicleExampleMap.VehicleExampleMap_C' with ClassGeneratedBy '/Game/VehicleCPP/Maps/VehicleExampleMap.VehicleExampleMap:PersistentLevel.VehicleExampleMap'
[2019.02.23-23.01.47:007][870]LogSlate: Updating window title bar state: overlay mode, drag disabled, window buttons hidden, title bar hidden
[2019.02.23-23.01.47:058][871]LogPlayLevel: Display: Destroying online subsystem :Context_4
[2019.02.23-23.01.48:489][931]LogSlate: FSceneViewport::OnFocusLost() reason 2
[2019.02.23-23.02.14:724][656]LogSlate: FSceneViewport::OnFocusLost() reason 0
[2019.02.23-23.02.14:815][667]LogTemp: Repeating last play command: Selected Viewport
[2019.02.23-23.02.14:828][667]LogBlueprintUserMessages: Early PlayInEditor Detection: Level '/Game/VehicleCPP/Maps/VehicleExampleMap.VehicleExampleMap:PersistentLevel' has LevelScriptBlueprint '/Game/VehicleCPP/Maps/VehicleExampleMap.VehicleExampleMap:PersistentLevel.VehicleExampleMap' with GeneratedClass '/Game/VehicleCPP/Maps/VehicleExampleMap.VehicleExampleMap_C' with ClassGeneratedBy '/Game/VehicleCPP/Maps/VehicleExampleMap.VehicleExampleMap:PersistentLevel.VehicleExampleMap'
[2019.02.23-23.02.14:828][667]LogPlayLevel: PlayLevel: No blueprints needed recompiling
[2019.02.23-23.02.14:828][667]PIE: New page: PIE session: VehicleExampleMap (Feb 23, 2019, 1:02:14 PM)
[2019.02.23-23.02.14:829][667]LogPlayLevel: Creating play world package: /Game/VehicleCPP/Maps/UEDPIE_0_VehicleExampleMap
[2019.02.23-23.02.14:846][667]LogPlayLevel: PIE: StaticDuplicateObject took: (0.016909s)
[2019.02.23-23.02.14:847][667]LogAIModule: Creating AISystem for world VehicleExampleMap
[2019.02.23-23.02.14:847][667]LogPlayLevel: PIE: World Init took: (0.001049s)
[2019.02.23-23.02.14:847][667]LogPlayLevel: PIE: Created PIE world by copying editor world from /Game/VehicleCPP/Maps/VehicleExampleMap.VehicleExampleMap to /Game/VehicleCPP/Maps/UEDPIE_0_VehicleExampleMap.VehicleExampleMap (0.018393s)
[2019.02.23-23.02.14:930][667]LogInit: XAudio2 using 'Speakers (Realtek(R) Audio)' : 2 channels at 48 kHz using 32 bits per sample (channel mask 0x3)
[2019.02.23-23.02.14:966][667]LogInit: FAudioDevice initialized.
[2019.02.23-23.02.15:003][667]LogLoad: Game class is 'VehicleMovementGameMode'
[2019.02.23-23.02.15:009][667]LogWorld: Bringing World /Game/VehicleCPP/Maps/UEDPIE_0_VehicleExampleMap.VehicleExampleMap up for play (max tick rate 0) at 2019.02.23-18.02.15
[2019.02.23-23.02.15:009][667]LogWorld: Bringing up level for play took: 0.002605
[2019.02.23-23.02.15:023][667]PIE: Play in editor start time for /Game/VehicleCPP/Maps/UEDPIE_0_VehicleExampleMap -0.414
[2019.02.23-23.02.15:023][667]LogBlueprintUserMessages: Late PlayInEditor Detection: Level '/Game/VehicleCPP/Maps/VehicleExampleMap.VehicleExampleMap:PersistentLevel' has LevelScriptBlueprint '/Game/VehicleCPP/Maps/VehicleExampleMap.VehicleExampleMap:PersistentLevel.VehicleExampleMap' with GeneratedClass '/Game/VehicleCPP/Maps/VehicleExampleMap.VehicleExampleMap_C' with ClassGeneratedBy '/Game/VehicleCPP/Maps/VehicleExampleMap.VehicleExampleMap:PersistentLevel.VehicleExampleMap'
[2019.02.23-23.02.25:239][886]LogTemp: Warning: Boost Pressed
[2019.02.23-23.02.25:823][956]LogTemp: Warning: Boost Un-Pressed
[2019.02.23-23.02.34:548][  1]LogBlueprintUserMessages: Early EndPlayMap Detection: Level '/Game/VehicleCPP/Maps/VehicleExampleMap.VehicleExampleMap:PersistentLevel' has LevelScriptBlueprint '/Game/VehicleCPP/Maps/VehicleExampleMap.VehicleExampleMap:PersistentLevel.VehicleExampleMap' with GeneratedClass '/Game/VehicleCPP/Maps/VehicleExampleMap.VehicleExampleMap_C' with ClassGeneratedBy '/Game/VehicleCPP/Maps/VehicleExampleMap.VehicleExampleMap:PersistentLevel.VehicleExampleMap'
[2019.02.23-23.02.34:548][  1]LogSlate: Updating window title bar state: overlay mode, drag disabled, window buttons hidden, title bar hidden
[2019.02.23-23.02.34:582][  1]LogPlayLevel: Display: Shutting down PIE online subsystems
[2019.02.23-23.02.34:582][  1]LogBlueprintUserMessages: Late EndPlayMap Detection: Level '/Game/VehicleCPP/Maps/VehicleExampleMap.VehicleExampleMap:PersistentLevel' has LevelScriptBlueprint '/Game/VehicleCPP/Maps/VehicleExampleMap.VehicleExampleMap:PersistentLevel.VehicleExampleMap' with GeneratedClass '/Game/VehicleCPP/Maps/VehicleExampleMap.VehicleExampleMap_C' with ClassGeneratedBy '/Game/VehicleCPP/Maps/VehicleExampleMap.VehicleExampleMap:PersistentLevel.VehicleExampleMap'
[2019.02.23-23.02.34:606][  1]LogSlate: Updating window title bar state: overlay mode, drag disabled, window buttons hidden, title bar hidden
[2019.02.23-23.02.34:654][  3]LogPlayLevel: Display: Destroying online subsystem :Context_5
[2019.02.23-23.02.36:729][251]LogSlate: FSceneViewport::OnFocusLost() reason 0
[2019.02.23-23.03.08:146][218]LogSavePackage: Moving '../../../../GitHub/Math-Assignment_1/Math_Assignment_1/Game260Development/Resources/VehicleMovement/Saved/VehicleExampleMap_Auto16545D4814182E38DF0201292BAA8658F.tmp' to '../../../../GitHub/Math-Assignment_1/Math_Assignment_1/Game260Development/Resources/VehicleMovement/Saved/Autosaves/Game/VehicleCPP/Maps/VehicleExampleMap_Auto1.umap'
[2019.02.23-23.03.08:209][218]LogFileHelpers: Editor autosave (incl. sublevels) for '/Game/VehicleCPP/Maps/VehicleExampleMap' took 0.970
[2019.02.23-23.03.08:209][218]LogFileHelpers: Editor autosave (incl. sublevels) for all levels took 0.970
[2019.02.23-23.03.09:438][352]Candidate modules for hot reload:
[2019.02.23-23.03.09:438][352]  VehicleMovement
[2019.02.23-23.03.09:438][352]Launching UnrealBuildTool... [D:/UE_4.20/Engine/Binaries/DotNET/UnrealBuildTool.exe  -ModuleWithSuffix=VehicleMovement,2901 Win64 Development -TargetType=Editor -Project="../../../../GitHub/Math-Assignment_1/Math_Assignment_1/Game260Development/Resources/VehicleMovement/VehicleMovement.uproject" -canskiplink "D:/GitHub/Math-Assignment_1/Math_Assignment_1/Game260Development/Resources/VehicleMovement/VehicleMovement.uproject" ]
[2019.02.23-23.03.09:469][352]Warning: Starting HotReload took  0.0s.
[2019.02.23-23.03.52:236][221]CompilerResultsLog: New page: Compilation - Feb 23, 2019, 1:03:52 PM
[2019.02.23-23.03.52:236][221]CompilerResultsLog: Compiling game modules for hot reload
[2019.02.23-23.03.52:236][221]CompilerResultsLog: Building 3 actions with 6 processes...
[2019.02.23-23.03.52:236][221]LogMainFrame: MainFrame: Module compiling took 42.804 seconds
[2019.02.23-23.03.52:237][221]Warning: HotReload failed, recompile failed
[2019.02.23-23.03.57:924][502]Candidate modules for hot reload:
[2019.02.23-23.03.57:924][502]  VehicleMovement
[2019.02.23-23.03.57:925][502]Launching UnrealBuildTool... [D:/UE_4.20/Engine/Binaries/DotNET/UnrealBuildTool.exe  -ModuleWithSuffix=VehicleMovement,5200 Win64 Development -TargetType=Editor -Project="../../../../GitHub/Math-Assignment_1/Math_Assignment_1/Game260Development/Resources/VehicleMovement/VehicleMovement.uproject" -canskiplink "D:/GitHub/Math-Assignment_1/Math_Assignment_1/Game260Development/Resources/VehicleMovement/VehicleMovement.uproject" ]
[2019.02.23-23.03.58:002][502]Warning: Starting HotReload took  0.1s.
[2019.02.23-23.04.22:155][422]CompilerResultsLog: New page: Compilation - Feb 23, 2019, 1:04:22 PM
[2019.02.23-23.04.22:156][422]CompilerResultsLog: Compiling game modules for hot reload
[2019.02.23-23.04.22:156][422]CompilerResultsLog: Performing full C++ include scan (no include cache file)
[2019.02.23-23.04.22:156][422]CompilerResultsLog: Building 3 actions with 6 processes...
[2019.02.23-23.04.22:156][422]CompilerResultsLog:   [1/3] VehicleLocator.cpp
[2019.02.23-23.04.22:156][422]CompilerResultsLog:    D:\GitHub\Math-Assignment_1\Math_Assignment_1\Game260Development\Resources\VehicleMovement\Source\VehicleMovement\VehicleLocator.cpp(27) : error C2227: left of '->GetPawn' must point to class/struct/union/generic type
[2019.02.23-23.04.22:156][422]CompilerResultsLog: ERROR: UBT ERROR: Failed to produce item: D:\GitHub\Math-Assignment_1\Math_Assignment_1\Game260Development\Resources\VehicleMovement\Binaries\Win64\UE4Editor-VehicleMovement-5200.dll
[2019.02.23-23.04.22:157][422]CompilerResultsLog:        (see ../Programs/UnrealBuildTool/Log.txt for full exception trace)
[2019.02.23-23.04.22:157][422]CompilerResultsLog: Total build time: 23.29 seconds (Parallel executor: 0.00 seconds)
[2019.02.23-23.04.22:157][422]LogMainFrame: MainFrame: Module compiling took 24.240 seconds
[2019.02.23-23.04.22:157][422]Warning: HotReload failed, recompile failed
[2019.02.23-23.04.38:712][  2]Candidate modules for hot reload:
[2019.02.23-23.04.38:712][  2]  VehicleMovement
[2019.02.23-23.04.38:712][  2]Launching UnrealBuildTool... [D:/UE_4.20/Engine/Binaries/DotNET/UnrealBuildTool.exe  -ModuleWithSuffix=VehicleMovement,8955 Win64 Development -TargetType=Editor -Project="../../../../GitHub/Math-Assignment_1/Math_Assignment_1/Game260Development/Resources/VehicleMovement/VehicleMovement.uproject" -canskiplink "D:/GitHub/Math-Assignment_1/Math_Assignment_1/Game260Development/Resources/VehicleMovement/VehicleMovement.uproject" ]
[2019.02.23-23.04.38:725][  2]Warning: Starting HotReload took  0.0s.
[2019.02.23-23.04.52:441][402]CompilerResultsLog: New page: Compilation - Feb 23, 2019, 1:04:52 PM
[2019.02.23-23.04.52:441][402]CompilerResultsLog: Compiling game modules for hot reload
[2019.02.23-23.04.52:441][402]CompilerResultsLog: Building 3 actions with 6 processes...
[2019.02.23-23.04.52:441][402]CompilerResultsLog:   [1/3] VehicleLocator.cpp
[2019.02.23-23.04.52:441][402]CompilerResultsLog:    D:\GitHub\Math-Assignment_1\Math_Assignment_1\Game260Development\Resources\VehicleMovement\Source\VehicleMovement\VehicleLocator.cpp(27) : error C2227: left of '->GetPawn' must point to class/struct/union/generic type
[2019.02.23-23.04.52:441][402]CompilerResultsLog: ERROR: UBT ERROR: Failed to produce item: D:\GitHub\Math-Assignment_1\Math_Assignment_1\Game260Development\Resources\VehicleMovement\Binaries\Win64\UE4Editor-VehicleMovement-8955.dll
[2019.02.23-23.04.52:442][402]CompilerResultsLog:        (see ../Programs/UnrealBuildTool/Log.txt for full exception trace)
[2019.02.23-23.04.52:442][402]CompilerResultsLog: Total build time: 13.23 seconds (Parallel executor: 0.00 seconds)
[2019.02.23-23.04.52:442][402]LogMainFrame: MainFrame: Module compiling took 13.735 seconds
[2019.02.23-23.04.52:442][402]Warning: HotReload failed, recompile failed
[2019.02.23-23.06.14:793][882]Candidate modules for hot reload:
[2019.02.23-23.06.14:793][882]  VehicleMovement
[2019.02.23-23.06.14:793][882]Launching UnrealBuildTool... [D:/UE_4.20/Engine/Binaries/DotNET/UnrealBuildTool.exe  -ModuleWithSuffix=VehicleMovement,4377 Win64 Development -TargetType=Editor -Project="../../../../GitHub/Math-Assignment_1/Math_Assignment_1/Game260Development/Resources/VehicleMovement/VehicleMovement.uproject" -canskiplink "D:/GitHub/Math-Assignment_1/Math_Assignment_1/Game260Development/Resources/VehicleMovement/VehicleMovement.uproject" ]
[2019.02.23-23.06.14:806][882]Warning: Starting HotReload took  0.0s.
[2019.02.23-23.06.59:697][256]CompilerResultsLog: New page: Compilation - Feb 23, 2019, 1:06:59 PM
[2019.02.23-23.06.59:697][256]CompilerResultsLog: Compiling game modules for hot reload
[2019.02.23-23.06.59:697][256]CompilerResultsLog: Building 3 actions with 6 processes...
[2019.02.23-23.06.59:697][256]CompilerResultsLog:   [1/3] VehicleLocator.cpp
[2019.02.23-23.06.59:697][256]CompilerResultsLog:   [2/3] UE4Editor-VehicleMovement-4377.lib
[2019.02.23-23.06.59:697][256]CompilerResultsLog:      Creating library D:\GitHub\Math-Assignment_1\Math_Assignment_1\Game260Development\Resources\VehicleMovement\Intermediate\Build\Win64\UE4Editor\Development\VehicleMovement\UE4Editor-VehicleMovement-4377.lib and object D:\GitHub\Math-Assignment_1\Math_Assignment_1\Game260Development\Resources\VehicleMovement\Intermediate\Build\Win64\UE4Editor\Development\VehicleMovement\UE4Editor-VehicleMovement-4377.exp
[2019.02.23-23.06.59:698][256]CompilerResultsLog:   [3/3] UE4Editor-VehicleMovement-4377.dll
[2019.02.23-23.06.59:698][256]CompilerResultsLog:      Creating library D:\GitHub\Math-Assignment_1\Math_Assignment_1\Game260Development\Resources\VehicleMovement\Intermediate\Build\Win64\UE4Editor\Development\VehicleMovement\UE4Editor-VehicleMovement-4377.suppressed.lib and object D:\GitHub\Math-Assignment_1\Math_Assignment_1\Game260Development\Resources\VehicleMovement\Intermediate\Build\Win64\UE4Editor\Development\VehicleMovement\UE4Editor-VehicleMovement-4377.suppressed.exp
[2019.02.23-23.06.59:698][256]CompilerResultsLog: Total build time: 44.22 seconds (Parallel executor: 40.89 seconds)
[2019.02.23-23.06.59:698][256]LogMainFrame: MainFrame: Module compiling took 44.914 seconds
[2019.02.23-23.07.00:081][256]LogContentBrowser: Native class hierarchy updated for 'VehicleMovement' in 0.0104 seconds. Added 12 classes and 2 folders.
[2019.02.23-23.07.00:084][256]Display: HotReload successful (2 functions remapped  0 scriptstructs remapped)
[2019.02.23-23.07.00:270][256]LogContentBrowser: Native class hierarchy populated in 0.0228 seconds. Added 2587 classes and 610 folders.
[2019.02.23-23.07.00:270][256]Display: HotReload took 45.5s.
[2019.02.23-23.07.05:448][399]LogTemp: Repeating last play command: Selected Viewport
[2019.02.23-23.07.05:472][399]LogBlueprintUserMessages: Early PlayInEditor Detection: Level '/Game/VehicleCPP/Maps/VehicleExampleMap.VehicleExampleMap:PersistentLevel' has LevelScriptBlueprint '/Game/VehicleCPP/Maps/VehicleExampleMap.VehicleExampleMap:PersistentLevel.VehicleExampleMap' with GeneratedClass '/Game/VehicleCPP/Maps/VehicleExampleMap.VehicleExampleMap_C' with ClassGeneratedBy '/Game/VehicleCPP/Maps/VehicleExampleMap.VehicleExampleMap:PersistentLevel.VehicleExampleMap'
[2019.02.23-23.07.05:472][399]LogPlayLevel: PlayLevel: No blueprints needed recompiling
[2019.02.23-23.07.05:473][399]PIE: New page: PIE session: VehicleExampleMap (Feb 23, 2019, 1:07:05 PM)
[2019.02.23-23.07.05:473][399]LogPlayLevel: Creating play world package: /Game/VehicleCPP/Maps/UEDPIE_0_VehicleExampleMap
[2019.02.23-23.07.05:501][399]LogPlayLevel: PIE: StaticDuplicateObject took: (0.027532s)
[2019.02.23-23.07.05:538][399]LogAIModule: Creating AISystem for world VehicleExampleMap
[2019.02.23-23.07.05:547][399]LogPlayLevel: PIE: World Init took: (0.045252s)
[2019.02.23-23.07.05:547][399]LogPlayLevel: PIE: Created PIE world by copying editor world from /Game/VehicleCPP/Maps/VehicleExampleMap.VehicleExampleMap to /Game/VehicleCPP/Maps/UEDPIE_0_VehicleExampleMap.VehicleExampleMap (0.073945s)
[2019.02.23-23.07.05:674][399]LogInit: XAudio2 using 'Speakers (Realtek(R) Audio)' : 2 channels at 48 kHz using 32 bits per sample (channel mask 0x3)
[2019.02.23-23.07.05:714][399]LogInit: FAudioDevice initialized.
[2019.02.23-23.07.05:794][399]LogLoad: Game class is 'VehicleMovementGameMode'
[2019.02.23-23.07.05:832][399]LogWorld: Bringing World /Game/VehicleCPP/Maps/UEDPIE_0_VehicleExampleMap.VehicleExampleMap up for play (max tick rate 0) at 2019.02.23-18.07.05
[2019.02.23-23.07.05:843][399]LogWorld: Bringing up level for play took: 0.017869
[2019.02.23-23.07.05:898][399]PIE: Play in editor start time for /Game/VehicleCPP/Maps/UEDPIE_0_VehicleExampleMap 0.46
[2019.02.23-23.07.05:898][399]LogBlueprintUserMessages: Late PlayInEditor Detection: Level '/Game/VehicleCPP/Maps/VehicleExampleMap.VehicleExampleMap:PersistentLevel' has LevelScriptBlueprint '/Game/VehicleCPP/Maps/VehicleExampleMap.VehicleExampleMap:PersistentLevel.VehicleExampleMap' with GeneratedClass '/Game/VehicleCPP/Maps/VehicleExampleMap.VehicleExampleMap_C' with ClassGeneratedBy '/Game/VehicleCPP/Maps/VehicleExampleMap.VehicleExampleMap:PersistentLevel.VehicleExampleMap'
[2019.02.23-23.07.42:429][741]LogTemp: Warning: Boost Pressed
[2019.02.23-23.07.43:451][863]LogTemp: Warning: Boost Un-Pressed
[2019.02.23-23.07.46:495][227]LogBlueprintUserMessages: Early EndPlayMap Detection: Level '/Game/VehicleCPP/Maps/VehicleExampleMap.VehicleExampleMap:PersistentLevel' has LevelScriptBlueprint '/Game/VehicleCPP/Maps/VehicleExampleMap.VehicleExampleMap:PersistentLevel.VehicleExampleMap' with GeneratedClass '/Game/VehicleCPP/Maps/VehicleExampleMap.VehicleExampleMap_C' with ClassGeneratedBy '/Game/VehicleCPP/Maps/VehicleExampleMap.VehicleExampleMap:PersistentLevel.VehicleExampleMap'
[2019.02.23-23.07.46:506][227]LogSlate: Updating window title bar state: overlay mode, drag disabled, window buttons hidden, title bar hidden
[2019.02.23-23.07.46:640][227]LogPlayLevel: Display: Shutting down PIE online subsystems
[2019.02.23-23.07.46:640][227]LogBlueprintUserMessages: Late EndPlayMap Detection: Level '/Game/VehicleCPP/Maps/VehicleExampleMap.VehicleExampleMap:PersistentLevel' has LevelScriptBlueprint '/Game/VehicleCPP/Maps/VehicleExampleMap.VehicleExampleMap:PersistentLevel.VehicleExampleMap' with GeneratedClass '/Game/VehicleCPP/Maps/VehicleExampleMap.VehicleExampleMap_C' with ClassGeneratedBy '/Game/VehicleCPP/Maps/VehicleExampleMap.VehicleExampleMap:PersistentLevel.VehicleExampleMap'
[2019.02.23-23.07.46:669][227]LogSlate: Updating window title bar state: overlay mode, drag disabled, window buttons hidden, title bar hidden
[2019.02.23-23.07.46:754][228]LogPlayLevel: Display: Destroying online subsystem :Context_6
[2019.02.23-23.07.47:754][337]LogSlate: FSceneViewport::OnFocusLost() reason 2
[2019.02.23-23.07.51:876][821]LogSlate: FSceneViewport::OnFocusLost() reason 2
[2019.02.23-23.07.57:153][389]LogSlate: FSceneViewport::OnFocusLost() reason 0
[2019.02.23-23.07.57:278][404]LogTemp: Repeating last play command: Selected Viewport
[2019.02.23-23.07.57:290][404]LogBlueprintUserMessages: Early PlayInEditor Detection: Level '/Game/VehicleCPP/Maps/VehicleExampleMap.VehicleExampleMap:PersistentLevel' has LevelScriptBlueprint '/Game/VehicleCPP/Maps/VehicleExampleMap.VehicleExampleMap:PersistentLevel.VehicleExampleMap' with GeneratedClass '/Game/VehicleCPP/Maps/VehicleExampleMap.VehicleExampleMap_C' with ClassGeneratedBy '/Game/VehicleCPP/Maps/VehicleExampleMap.VehicleExampleMap:PersistentLevel.VehicleExampleMap'
[2019.02.23-23.07.57:290][404]LogPlayLevel: PlayLevel: No blueprints needed recompiling
[2019.02.23-23.07.57:290][404]PIE: New page: PIE session: VehicleExampleMap (Feb 23, 2019, 1:07:57 PM)
[2019.02.23-23.07.57:290][404]LogPlayLevel: Creating play world package: /Game/VehicleCPP/Maps/UEDPIE_1_VehicleExampleMap
[2019.02.23-23.07.57:305][404]LogPlayLevel: PIE: StaticDuplicateObject took: (0.014954s)
[2019.02.23-23.07.57:306][404]LogAIModule: Creating AISystem for world VehicleExampleMap
[2019.02.23-23.07.57:307][404]LogPlayLevel: PIE: World Init took: (0.001180s)
[2019.02.23-23.07.57:307][404]LogPlayLevel: PIE: Created PIE world by copying editor world from /Game/VehicleCPP/Maps/VehicleExampleMap.VehicleExampleMap to /Game/VehicleCPP/Maps/UEDPIE_1_VehicleExampleMap.VehicleExampleMap (0.016552s)
[2019.02.23-23.07.57:332][404]LogLoad: Game class is 'VehicleMovementGameMode'
[2019.02.23-23.07.57:336][404]LogWorld: Bringing World /Game/VehicleCPP/Maps/UEDPIE_1_VehicleExampleMap.VehicleExampleMap up for play (max tick rate 0) at 2019.02.23-18.07.57
[2019.02.23-23.07.57:339][404]LogWorld: Bringing up level for play took: 0.004616
[2019.02.23-23.07.57:366][404]LogTemp: Display: ParseSettings for GameNetDriver
[2019.02.23-23.07.57:367][404]LogTemp: Display: ParseSettings for IpNetDriver_0
[2019.02.23-23.07.57:367][404]LogTemp: Display: ParseSettings for GameNetDriver
[2019.02.23-23.07.57:387][404]LogNet: ReplicationDriverClass is null! Not using ReplicationDriver.
[2019.02.23-23.07.57:399][404]LogInit: WinSock: Socket queue 131072 / 131072
[2019.02.23-23.07.57:400][404]LogInit: WinSock: I am DESKTOP-IF8BQD3 (192.168.2.11:0)
[2019.02.23-23.07.57:403][404]PacketHandlerLog: Loaded PacketHandler component: Engine.EngineHandlerComponentFactory (StatelessConnectHandlerComponent)
[2019.02.23-23.07.57:404][404]LogNet: GameNetDriver IpNetDriver_0 IpNetDriver listening on port 17777
[2019.02.23-23.07.57:404][404]PIE: Play in editor start time for /Game/VehicleCPP/Maps/UEDPIE_1_VehicleExampleMap -0.033
[2019.02.23-23.07.57:415][404]PIE: New page: PIE session: VehicleExampleMap (Feb 23, 2019, 1:07:57 PM)
[2019.02.23-23.07.57:477][404]LogInit: XAudio2 using 'Speakers (Realtek(R) Audio)' : 2 channels at 48 kHz using 32 bits per sample (channel mask 0x3)
[2019.02.23-23.07.57:515][404]LogInit: FAudioDevice initialized.
[2019.02.23-23.07.57:549][404]LogNet: Browse: 127.0.0.1:17777//Game/VehicleCPP/Maps/VehicleExampleMap
[2019.02.23-23.07.57:568][404]LogTemp: Display: ParseSettings for GameNetDriver
[2019.02.23-23.07.57:568][404]LogTemp: Display: ParseSettings for IpNetDriver_1
[2019.02.23-23.07.57:568][404]LogTemp: Display: ParseSettings for PendingNetDriver
[2019.02.23-23.07.57:568][404]LogInit: WinSock: Socket queue 32768 / 32768
[2019.02.23-23.07.57:579][404]PacketHandlerLog: Loaded PacketHandler component: Engine.EngineHandlerComponentFactory (StatelessConnectHandlerComponent)
[2019.02.23-23.07.57:601][404]LogNet: Game client on port 17777, rate 10000
[2019.02.23-23.07.57:617][404]PIE: Play in editor start time for /Game/VehicleCPP/Maps/VehicleExampleMap 0.18
[2019.02.23-23.07.57:631][404]PIE: New page: PIE session: VehicleExampleMap (Feb 23, 2019, 1:07:57 PM)
[2019.02.23-23.07.57:657][404]LogSlate: FSceneViewport::OnFocusLost() reason 2
[2019.02.23-23.07.57:681][404]LogSlate: Updating window title bar state: overlay mode, drag disabled, window buttons hidden, title bar hidden
[2019.02.23-23.07.57:733][404]LogNet: Browse: 127.0.0.1:17777//Game/VehicleCPP/Maps/VehicleExampleMap
[2019.02.23-23.07.57:733][404]LogTemp: Display: ParseSettings for GameNetDriver
[2019.02.23-23.07.57:733][404]LogTemp: Display: ParseSettings for IpNetDriver_2
[2019.02.23-23.07.57:733][404]LogTemp: Display: ParseSettings for PendingNetDriver
[2019.02.23-23.07.57:733][404]LogInit: WinSock: Socket queue 32768 / 32768
[2019.02.23-23.07.57:734][404]PacketHandlerLog: Loaded PacketHandler component: Engine.EngineHandlerComponentFactory (StatelessConnectHandlerComponent)
[2019.02.23-23.07.57:734][404]LogNet: Game client on port 17777, rate 10000
[2019.02.23-23.07.57:737][404]PIE: Play in editor start time for /Game/VehicleCPP/Maps/VehicleExampleMap 0.3
[2019.02.23-23.07.57:757][404]LogBlueprintUserMessages: Late PlayInEditor Detection: Level '/Game/VehicleCPP/Maps/VehicleExampleMap.VehicleExampleMap:PersistentLevel' has LevelScriptBlueprint '/Game/VehicleCPP/Maps/VehicleExampleMap.VehicleExampleMap:PersistentLevel.VehicleExampleMap' with GeneratedClass '/Game/VehicleCPP/Maps/VehicleExampleMap.VehicleExampleMap_C' with ClassGeneratedBy '/Game/VehicleCPP/Maps/VehicleExampleMap.VehicleExampleMap:PersistentLevel.VehicleExampleMap'
[2019.02.23-23.07.57:759][404]LogNet: NotifyAcceptingConnection accepted from: 127.0.0.1:50606
[2019.02.23-23.07.57:761][404]LogHandshake: SendConnectChallenge. Timestamp: 0.008597, Cookie: 198025121129139055200204075032072204233226024040171071057144
[2019.02.23-23.07.57:762][404]LogNet: NotifyAcceptingConnection accepted from: 127.0.0.1:50607
[2019.02.23-23.07.57:762][404]LogHandshake: SendConnectChallenge. Timestamp: 0.008597, Cookie: 004090128091097174048023084214214207206172114122181110194009
