Log file open, 03/07/19 11:46:34
LogWindows: Failed to load 'aqProf.dll' (GetLastError=126)
LogWindows: File 'aqProf.dll' does not exist
LogWindows: Failed to load 'VSPerf140.dll' (GetLastError=126)
LogWindows: File 'VSPerf140.dll' does not exist
LogWindows: Failed to load 'VtuneApi.dll' (GetLastError=126)
LogWindows: File 'VtuneApi.dll' does not exist
LogWindows: Failed to load 'VtuneApi32e.dll' (GetLastError=126)
LogWindows: File 'VtuneApi32e.dll' does not exist
LogInit: Display: Running engine for game: VehicleMovement
LogPlatformFile: Not using cached read wrapper
LogTaskGraph: Started task graph with 5 named threads and 23 total threads with 3 sets of task threads.
LogStats: Stats thread started at 3.008164
LogD3D11RHI: Loaded GFSDK_Aftermath_Lib.x64.dll
LogICUInternationalization: Display: ICU TimeZone Detection - Raw Offset: -5:00, Platform Override: ''
LogPluginManager: Mounting plugin Paper2D
LogPluginManager: Mounting plugin AISupport
LogPluginManager: Mounting plugin LightPropagationVolume
LogPluginManager: Mounting plugin CLionSourceCodeAccess
LogPluginManager: Mounting plugin CodeLiteSourceCodeAccess
LogPluginManager: Mounting plugin GitSourceControl
LogPluginManager: Mounting plugin KDevelopSourceCodeAccess
LogPluginManager: Mounting plugin NullSourceCodeAccess
LogPluginManager: Mounting plugin PerforceSourceControl
LogPluginManager: Mounting plugin SubversionSourceControl
LogPluginManager: Mounting plugin UObjectPlugin
LogPluginManager: Mounting plugin VisualStudioCodeSourceCodeAccess
LogPluginManager: Mounting plugin VisualStudioSourceCodeAccess
LogPluginManager: Mounting plugin XCodeSourceCodeAccess
LogPluginManager: Mounting plugin AssetManagerEditor
LogPluginManager: Mounting plugin CryptoKeys
LogPluginManager: Mounting plugin DataValidation
LogPluginManager: Mounting plugin FacialAnimation
LogPluginManager: Mounting plugin GameplayTagsEditor
LogPluginManager: Mounting plugin MacGraphicsSwitching
LogPluginManager: Mounting plugin MeshEditor
LogPluginManager: Mounting plugin MobileLauncherProfileWizard
LogPluginManager: Mounting plugin PluginBrowser
LogPluginManager: Mounting plugin SpeedTreeImporter
LogPluginManager: Mounting plugin DatasmithContent
LogPluginManager: Mounting plugin AlembicImporter
LogPluginManager: Mounting plugin AppleImageUtils
LogPluginManager: Mounting plugin AppleVision
LogPluginManager: Mounting plugin BackChannel
LogPluginManager: Mounting plugin CharacterAI
LogPluginManager: Mounting plugin GeometryCache
LogPluginManager: Mounting plugin HTML5Networking
LogPluginManager: Mounting plugin ProxyLODPlugin
LogPluginManager: Mounting plugin RawInput
LogPluginManager: Mounting plugin MagicLeap
LogPluginManager: Mounting plugin MagicLeapEmulator
LogPluginManager: Mounting plugin MagicLeapMedia
LogPluginManager: Mounting plugin AndroidMedia
LogPluginManager: Mounting plugin AvfMedia
LogPluginManager: Mounting plugin ImgMedia
LogPluginManager: Mounting plugin LinearTimecode
LogPluginManager: Mounting plugin MediaCompositing
LogPluginManager: Mounting plugin MediaPlayerEditor
LogPluginManager: Mounting plugin WmfMedia
LogPluginManager: Mounting plugin TcpMessaging
LogPluginManager: Mounting plugin UdpMessaging
LogPluginManager: Mounting plugin ActorSequence
LogPluginManager: Mounting plugin LevelSequenceEditor
LogPluginManager: Mounting plugin MatineeToLevelSequence
LogPluginManager: Mounting plugin NetcodeUnitTest
LogPluginManager: Mounting plugin NUTUnrealEngine4
LogPluginManager: Mounting plugin OnlineSubsystemGooglePlay
LogPluginManager: Mounting plugin OnlineSubsystemIOS
LogPluginManager: Mounting plugin OnlineSubsystem
LogPluginManager: Mounting plugin OnlineSubsystemNull
LogPluginManager: Mounting plugin OnlineSubsystemUtils
LogPluginManager: Mounting plugin LauncherChunkInstaller
LogPluginManager: Mounting plugin AndroidDeviceProfileSelector
LogPluginManager: Mounting plugin AndroidMoviePlayer
LogPluginManager: Mounting plugin AndroidPermission
LogPluginManager: Mounting plugin AppleMoviePlayer
LogPluginManager: Mounting plugin ArchVisCharacter
LogPluginManager: Mounting plugin AudioCapture
LogPluginManager: Mounting plugin CableComponent
LogPluginManager: Mounting plugin CustomMeshComponent
LogPluginManager: Mounting plugin EditableMesh
LogPluginManager: Mounting plugin ExampleDeviceProfileSelector
LogPluginManager: Mounting plugin GoogleCloudMessaging
LogPluginManager: Mounting plugin ImmediatePhysics
LogPluginManager: Mounting plugin IOSDeviceProfileSelector
LogPluginManager: Mounting plugin LinuxDeviceProfileSelector
LogPluginManager: Mounting plugin LocationServicesBPLibrary
LogPluginManager: Mounting plugin MobilePatchingUtils
LogPluginManager: Mounting plugin OculusVR
LogPluginManager: Plugin shader directory ../../../Engine/Plugins/Runtime/Oculus/OculusVR/Shaders found
LogPluginManager: Mapping shader source directory ../../../Engine/Plugins/Runtime/Oculus/OculusVR/Shaders to virtual directory /Plugin/OculusVR
LogPluginManager: Mounting plugin PhysXVehicles
LogPluginManager: Mounting plugin ProceduralMeshComponent
LogPluginManager: Mounting plugin RuntimePhysXCooking
LogPluginManager: Mounting plugin SteamVR
LogPluginManager: Mounting plugin WindowsMoviePlayer
LogStreaming: Display: Took  0.273s to configure plugins.
LogInit: Using libcurl 7.55.1-DEV
LogInit:  - built for x86_64-pc-win32
LogInit:  - supports SSL with OpenSSL/1.0.2h
LogInit:  - supports HTTP deflate (compression) using libz 1.2.8
LogInit:  - other features:
LogInit:      CURL_VERSION_SSL
LogInit:      CURL_VERSION_LIBZ
LogInit:      CURL_VERSION_IPV6
LogInit:      CURL_VERSION_ASYNCHDNS
LogInit:      CURL_VERSION_LARGEFILE
LogInit:      CURL_VERSION_IDN
LogInit:  CurlRequestOptions (configurable via config and command line):
LogInit:  - bVerifyPeer = false  - Libcurl will NOT verify peer certificate
LogInit:  - bUseHttpProxy = false  - Libcurl will NOT use HTTP proxy
LogInit:  - bDontReuseConnections = false  - Libcurl will reuse connections
LogInit:  - CertBundlePath = nullptr  - Libcurl will use whatever was configured at build time.
LogInit:  - MaxHostConnections = 16  - Libcurl will limit the number of connections to a host
LogInit:  - LocalHostAddr = Default
LogInit:  - BufferSize = 65536
LogInit: WinSock: version 1.1 (2.2), MaxSocks=32767, MaxUdp=65467
LogInit: Build: ++UE4+Release-4.20-CL-4369336
LogInit: Engine Version: 4.20.3-4369336+++UE4+Release-4.20
LogInit: Compatible Engine Version: 4.20.0-4212847+++UE4+Release-4.20
LogInit: Net CL: 4212847
LogInit: OS: Windows 10 (), CPU: Intel(R) Core(TM) i7-7700HQ CPU @ 2.80GHz, GPU: Intel(R) HD Graphics 630
LogInit: Compiled (64-bit): Sep 17 2018 12:26:19
LogInit: Compiled with Visual C++: 19.13.26129.00
LogInit: Build Configuration: DebugGame
LogInit: Branch Name: ++UE4+Release-4.20
LogInit: Command Line:  -skipcompile -debug
LogInit: Base Directory: D:/Fortnite/Epic Games/UE_4.20/Engine/Binaries/Win64/
LogInit: Installed Engine Build: 1
LogDevObjectVersion: Number of dev versions registered: 20
LogDevObjectVersion:   Dev-Blueprints (B0D832E4-1F89-4F0D-ACCF-7EB736FD4AA2): 10
LogDevObjectVersion:   Dev-Build (E1C64328-A22C-4D53-A36C-8E866417BD8C): 0
LogDevObjectVersion:   Dev-Core (375EC13C-06E4-48FB-B500-84F0262A717E): 2
LogDevObjectVersion:   Dev-Editor (E4B068ED-F494-42E9-A231-DA0B2E46BB41): 24
LogDevObjectVersion:   Dev-Framework (CFFC743F-43B0-4480-9391-14DF171D2073): 34
LogDevObjectVersion:   Dev-Mobile (B02B49B5-BB20-44E9-A304-32B752E40360): 2
LogDevObjectVersion:   Dev-Networking (A4E4105C-59A1-49B5-A7C5-40C4547EDFEE): 0
LogDevObjectVersion:   Dev-Online (39C831C9-5AE6-47DC-9A44-9C173E1C8E7C): 0
LogDevObjectVersion:   Dev-Physics (78F01B33-EBEA-4F98-B9B4-84EACCB95AA2): 0
LogDevObjectVersion:   Dev-Platform (6631380F-2D4D-43E0-8009-CF276956A95A): 0
LogDevObjectVersion:   Dev-Rendering (12F88B9F-8875-4AFC-A67C-D90C383ABD29): 26
LogDevObjectVersion:   Dev-Sequencer (7B5AE74C-D270-4C10-A958-57980B212A5A): 9
LogDevObjectVersion:   Dev-VR (D7296918-1DD6-4BDD-9DE2-64A83CC13884): 2
LogDevObjectVersion:   Dev-LoadTimes (C2A15278-BFE7-4AFE-6C17-90FF531DF755): 1
LogDevObjectVersion:   Private-Geometry (6EACA3D4-40EC-4CC1-B786-8BED09428FC5): 3
LogDevObjectVersion:   Dev-AnimPhys (29E575DD-E0A3-4627-9D10-D276232CDCEA): 17
LogDevObjectVersion:   Dev-ReflectionCapture (6B266CEC-1EC7-4B8F-A30B-E4D90942FC07): 1
LogDevObjectVersion:   Dev-Automation (0DF73D61-A23F-47EA-B727-89E90C41499A): 1
LogDevObjectVersion:   FortniteMain (601D1886-AC64-4F84-AA16-D3DE0DEAC7D6): 12
LogDevObjectVersion:   Dev-Enterprise (9DFFBCD6-494F-0158-E221-12823C92A888): 1
LogStreaming: Display: Took  0.012s to delete old logs.
LogInit: Presizing for max 8388607 objects, including 0 objects not considered by GC, pre-allocating 0 bytes for permanent pool.
LogInit: Object subsystem initialized
[2019.03.07-16.46.36:345][  0]LogInit: Selected Device Profile: [Windows]
[2019.03.07-16.46.36:346][  0]LogInit: Applying CVar settings loaded from the selected device profile: [Windows]
[2019.03.07-16.46.36:386][  0]LogHAL: Display: Platform has ~ 16 GB [17046654976 / 17179869184 / 16], which maps to Larger [LargestMinGB=32, LargerMinGB=12, DefaultMinGB=8, SmallerMinGB=6, SmallestMinGB=0)
[2019.03.07-16.46.36:391][  0]LogInit: Setting Device Profile CVar: [[r.Vulkan.UseRealUBs:1]]
[2019.03.07-16.46.36:391][  0]LogInit: Going up to parent DeviceProfile []
[2019.03.07-16.46.36:416][  0]LogInit: Computer: DESKTOP-373H9P5
[2019.03.07-16.46.36:417][  0]LogInit: User: brand
[2019.03.07-16.46.36:417][  0]LogInit: CPU Page size=4096, Cores=4
[2019.03.07-16.46.36:417][  0]LogInit: High frequency timer resolution =10.000000 MHz
[2019.03.07-16.46.36:417][  0]LogMemory: Memory total: Physical=15.9GB (16GB approx)
[2019.03.07-16.46.36:417][  0]LogMemory: Platform Memory Stats for Windows
[2019.03.07-16.46.36:417][  0]LogMemory: Process Physical Memory: 102.57 MB used, 102.57 MB peak
[2019.03.07-16.46.36:417][  0]LogMemory: Process Virtual Memory: 93.20 MB used, 93.20 MB peak
[2019.03.07-16.46.36:417][  0]LogMemory: Physical Memory: 7772.78 MB used,  8484.18 MB free, 16256.96 MB total
[2019.03.07-16.46.36:417][  0]LogMemory: Virtual Memory: 4644.68 MB used,  8484.18 MB free, 134217728.00 MB total
[2019.03.07-16.46.37:846][  0]LogInit: Using OS detected language (en-US).
[2019.03.07-16.46.37:846][  0]LogInit: Using OS detected locale (en-US).
[2019.03.07-16.46.37:914][  0]LogTextLocalizationManager: No specific localization for 'en-US' exists, so the 'en' localization will be used.
[2019.03.07-16.46.38:576][  0]LogStreaming: Display: Took  0.705s to InitEngineTextLocalization.
[2019.03.07-16.46.38:587][  0]LogInit: Setting process to per monitor DPI aware
[2019.03.07-16.46.39:112][  0]LogSlate: New Slate User Created.  User Index 0, Is Virtual User: 0
[2019.03.07-16.46.39:113][  0]LogSlate: Slate User Registered.  User Index 0, Is Virtual User: 0
[2019.03.07-16.46.39:966][  0]LogHMD: Failed to initialize OpenVR with code 110
[2019.03.07-16.46.39:967][  0]LogD3D11RHI: D3D11 adapters:
[2019.03.07-16.46.40:929][  0]LogD3D11RHI:    0. 'NVIDIA GeForce GTX 1060' (Feature Level 11_0)
[2019.03.07-16.46.40:930][  0]LogD3D11RHI:       6052/0/8128 MB DedicatedVideo/DedicatedSystem/SharedSystem, Outputs:1, VendorId:0x10de
[2019.03.07-16.46.40:959][  0]LogD3D11RHI:    1. 'Intel(R) HD Graphics 630' (Feature Level 11_0)
[2019.03.07-16.46.40:959][  0]LogD3D11RHI:       128/0/8128 MB DedicatedVideo/DedicatedSystem/SharedSystem, Outputs:0, VendorId:0x8086
[2019.03.07-16.46.40:968][  0]LogD3D11RHI:    2. 'Microsoft Basic Render Driver' (Feature Level 11_0)
[2019.03.07-16.46.40:968][  0]LogD3D11RHI:       0/0/8128 MB DedicatedVideo/DedicatedSystem/SharedSystem, Outputs:0, VendorId:0x1414
[2019.03.07-16.46.40:968][  0]LogD3D11RHI: Chosen D3D11 Adapter: 0
[2019.03.07-16.46.41:021][  0]LogD3D11RHI: Creating new Direct3DDevice
[2019.03.07-16.46.41:021][  0]LogD3D11RHI:     GPU DeviceId: 0x1c20 (for the marketing name, search the web for "GPU Device Id")
[2019.03.07-16.46.41:026][  0]LogWindows: EnumDisplayDevices:
[2019.03.07-16.46.41:027][  0]LogWindows:    0. 'Intel(R) HD Graphics 630' (P:1 D:1)
[2019.03.07-16.46.41:027][  0]LogWindows:    1. 'Intel(R) HD Graphics 630' (P:0 D:0)
[2019.03.07-16.46.41:028][  0]LogWindows:    2. 'Intel(R) HD Graphics 630' (P:0 D:0)
[2019.03.07-16.46.41:029][  0]LogWindows:    3. 'NVIDIA GeForce GTX 1060' (P:0 D:0)
[2019.03.07-16.46.41:029][  0]LogWindows:    4. 'NVIDIA GeForce GTX 1060' (P:0 D:0)
[2019.03.07-16.46.41:029][  0]LogWindows:    5. 'NVIDIA GeForce GTX 1060' (P:0 D:0)
[2019.03.07-16.46.41:030][  0]LogWindows:    6. 'NVIDIA GeForce GTX 1060' (P:0 D:0)
[2019.03.07-16.46.41:030][  0]LogWindows: DebugString: PrimaryIsNotTheChoosenAdapter PrimaryIsNotTheChoosenAdapter PrimaryIsNotTheChoosenAdapter FoundDriverCount:4 
[2019.03.07-16.46.41:031][  0]LogD3D11RHI:     Adapter Name: NVIDIA GeForce GTX 1060
[2019.03.07-16.46.41:031][  0]LogD3D11RHI:   Driver Version: 419.17 (internal:25.21.14.1917, unified:419.17)
[2019.03.07-16.46.41:031][  0]LogD3D11RHI:      Driver Date: 2-20-2019
[2019.03.07-16.46.41:031][  0]LogRHI: Texture pool is 4236 MB (70% of 6052 MB)
[2019.03.07-16.46.41:090][  0]LogD3D11RHI: Async texture creation enabled
[2019.03.07-16.46.41:187][  0]LogD3D11RHI: GPU Timing Frequency: 1000.000000 (Debug: 2 1)
[2019.03.07-16.46.41:211][  0]LogShaderCompilers: Guid format shader working directory is -39 characters bigger than the processId version (C:/Users/brand/OneDrive/Documents/GitHub/Game260Development/Resources/VehicleMovement/Intermediate/Shaders/WorkingDirectory/4116/).
[2019.03.07-16.46.41:211][  0]LogShaderCompilers: Cleaned the shader compiler working directory 'C:/Users/brand/AppData/Local/Temp/UnrealShaderWorkingDir/B0E038AF4F0BB589E764949CC63F6E24/'.
[2019.03.07-16.46.41:577][  0]LogTemp: Display: Loaded TP AllDesktopTargetPlatform
[2019.03.07-16.46.41:630][  0]LogTemp: Display: Loaded TP MacClientTargetPlatform
[2019.03.07-16.46.41:651][  0]LogTemp: Display: Loaded TP MacNoEditorTargetPlatform
[2019.03.07-16.46.41:678][  0]LogTemp: Display: Loaded TP MacServerTargetPlatform
[2019.03.07-16.46.41:731][  0]LogTemp: Display: Loaded TP MacTargetPlatform
[2019.03.07-16.46.41:770][  0]LogTemp: Display: Loaded TP WindowsClientTargetPlatform
[2019.03.07-16.46.41:807][  0]LogTemp: Display: Loaded TP WindowsNoEditorTargetPlatform
[2019.03.07-16.46.41:838][  0]LogTemp: Display: Loaded TP WindowsServerTargetPlatform
[2019.03.07-16.46.41:862][  0]LogTemp: Display: Loaded TP WindowsTargetPlatform
[2019.03.07-16.46.42:000][  0]LogTemp: Display: Loaded TP AndroidTargetPlatform
[2019.03.07-16.46.42:000][  0]LogTemp: Display: Loaded TP AndroidTargetPlatform
[2019.03.07-16.46.42:000][  0]LogTemp: Display: Loaded TP AndroidTargetPlatform
[2019.03.07-16.46.42:000][  0]LogTemp: Display: Loaded TP AndroidTargetPlatform
[2019.03.07-16.46.42:000][  0]LogTemp: Display: Loaded TP AndroidTargetPlatform
[2019.03.07-16.46.42:001][  0]LogTemp: Display: Loaded TP AndroidTargetPlatform
[2019.03.07-16.46.42:001][  0]LogTemp: Display: Loaded TP AndroidTargetPlatform
[2019.03.07-16.46.42:001][  0]LogTemp: Display: Loaded TP AndroidTargetPlatform
[2019.03.07-16.46.42:001][  0]LogTemp: Display: Loaded TP AndroidTargetPlatform
[2019.03.07-16.46.42:001][  0]LogTemp: Display: Loaded TP AndroidTargetPlatform
[2019.03.07-16.46.42:001][  0]LogTemp: Display: Loaded TP AndroidTargetPlatform
[2019.03.07-16.46.42:002][  0]LogTemp: Display: Loaded TP AndroidTargetPlatform
[2019.03.07-16.46.42:002][  0]LogTemp: Display: Loaded TP AndroidTargetPlatform
[2019.03.07-16.46.42:002][  0]LogTemp: Display: Loaded TP AndroidTargetPlatform
[2019.03.07-16.46.42:002][  0]LogTemp: Display: Loaded TP AndroidTargetPlatform
[2019.03.07-16.46.42:002][  0]LogTemp: Display: Loaded TP AndroidTargetPlatform
[2019.03.07-16.46.42:002][  0]LogTemp: Display: Loaded TP AndroidTargetPlatform
[2019.03.07-16.46.42:002][  0]LogTemp: Display: Loaded TP AndroidTargetPlatform
[2019.03.07-16.46.42:027][  0]LogTemp: Display: Loaded TP HTML5TargetPlatform
[2019.03.07-16.46.42:157][  0]LogTemp: Display: Loaded TP IOSTargetPlatform
[2019.03.07-16.46.42:157][  0]LogTemp: Display: Loaded TP IOSTargetPlatform
[2019.03.07-16.46.42:198][  0]LogTemp: Display: Loaded TP TVOSTargetPlatform
[2019.03.07-16.46.42:198][  0]LogTemp: Display: Loaded TP TVOSTargetPlatform
[2019.03.07-16.46.42:256][  0]LogTemp: Display: Loaded TP LinuxClientTargetPlatform
[2019.03.07-16.46.42:282][  0]LogTemp: Display: Loaded TP LinuxNoEditorTargetPlatform
[2019.03.07-16.46.42:312][  0]LogTemp: Display: Loaded TP LinuxServerTargetPlatform
[2019.03.07-16.46.42:368][  0]LogTemp: Display: Loaded TP LinuxTargetPlatform
[2019.03.07-16.46.42:396][  0]LogTemp: Display: Loaded TP LuminTargetPlatform
[2019.03.07-16.46.42:396][  0]LogTargetPlatformManager: Display: Building Assets For Windows
[2019.03.07-16.46.42:987][  0]LogXGEController: Cleaning working directory: C:/Users/brand/AppData/Local/Temp/UnrealXGEWorkingDir/
[2019.03.07-16.46.42:988][  0]LogXGEController: Cannot use XGE Controller as Incredibuild is not installed on this machine.
[2019.03.07-16.46.42:989][  0]LogShaderCompilers: Cannot use XGE Shader Compiler as Incredibuild is not installed on this machine.
[2019.03.07-16.46.42:989][  0]LogShaderCompilers: Display: Using Local Shader Compiler.
[2019.03.07-16.46.44:918][  0]LogDerivedDataCache: Display: Max Cache Size: 512 MB
[2019.03.07-16.46.45:362][  0]LogDerivedDataCache: Loaded boot cache 0.44s 73MB C:/Users/brand/AppData/Local/UnrealEngine/4.20/DerivedDataCache/Boot.ddc.
[2019.03.07-16.46.45:363][  0]LogDerivedDataCache: Display: Loaded Boot cache: C:/Users/brand/AppData/Local/UnrealEngine/4.20/DerivedDataCache/Boot.ddc
[2019.03.07-16.46.45:363][  0]LogDerivedDataCache: FDerivedDataBackendGraph:  Pak pak cache file C:/Users/brand/OneDrive/Documents/GitHub/Game260Development/Resources/VehicleMovement/DerivedDataCache/DDC.ddp not found, will not use a pak cache.
[2019.03.07-16.46.45:363][  0]LogDerivedDataCache: Unable to find inner node Pak for hierarchical cache Hierarchy.
[2019.03.07-16.46.45:364][  0]LogDerivedDataCache: FDerivedDataBackendGraph:  CompressedPak pak cache file C:/Users/brand/OneDrive/Documents/GitHub/Game260Development/Resources/VehicleMovement/DerivedDataCache/Compressed.ddp not found, will not use a pak cache.
[2019.03.07-16.46.45:364][  0]LogDerivedDataCache: Unable to find inner node CompressedPak for hierarchical cache Hierarchy.
[2019.03.07-16.46.45:440][  0]LogDerivedDataCache: Display: Pak cache opened for reading ../../../Engine/DerivedDataCache/Compressed.ddp.
[2019.03.07-16.46.45:457][  0]LogDerivedDataCache: Using Local data cache path C:/Users/brand/AppData/Local/UnrealEngine/Common/DerivedDataCache: Writable
[2019.03.07-16.46.45:458][  0]LogDerivedDataCache: Shared data cache path not found in *engine.ini, will not use an Shared cache.
[2019.03.07-16.46.45:458][  0]LogDerivedDataCache: Unable to find inner node Shared for hierarchical cache Hierarchy.
[2019.03.07-16.46.45:494][  0]LogMaterial: Verifying Global Shaders for PCD3D_SM5
[2019.03.07-16.46.45:532][  0]LogSlate: Using FreeType 2.6.0
[2019.03.07-16.46.45:613][  0]LogSlate: SlateFontServices - WITH_FREETYPE: 1, WITH_HARFBUZZ: 1
[2019.03.07-16.46.45:978][  0]LogAssetRegistry: FAssetRegistry took 0.0328 seconds to start up
[2019.03.07-16.46.48:435][  0]LogInit: Selected Device Profile: [Windows]
[2019.03.07-16.46.49:918][  0]LogSimplygon: Simplygon DLL not present - disabling.
[2019.03.07-16.46.50:097][  0]LogMeshReduction: Using SimplygonSwarm for distributed automatic mesh merging
[2019.03.07-16.46.50:098][  0]LogMeshReduction: Using ProxyLODMeshReduction for automatic mesh merging
[2019.03.07-16.46.50:107][  0]LogMeshReduction: Using QuadricMeshReduction for automatic static mesh reduction
[2019.03.07-16.46.50:107][  0]LogMeshReduction: No automatic skeletal mesh reduction module available
[2019.03.07-16.46.50:419][  0]LogNetVersion: VehicleMovement 1.0.0, NetCL: 4212847, EngineNetVer: 5, GameNetVer: 0 (Checksum: 2966596176)
[2019.03.07-16.46.53:594][  0]LogPackageLocalizationCache: Processed 11 localized package path(s) for 2 prioritized culture(s) in 0.133607 seconds
[2019.03.07-16.46.53:617][  0]LogUObjectArray: 38425 objects as part of root set at end of initial load.
[2019.03.07-16.46.53:617][  0]LogUObjectAllocator: 6690872 out of 0 bytes used by permanent object pool.
[2019.03.07-16.46.53:617][  0]LogUObjectArray: CloseDisregardForGC: 0/0 objects in disregard for GC pool
[2019.03.07-16.47.03:291][  0]LogTcpMessaging: Initializing TcpMessaging bridge
[2019.03.07-16.47.03:330][  0]LogUdpMessaging: Initializing bridge on interface 0.0.0.0:0 to multicast group 230.0.0.1:6666.
[2019.03.07-16.47.05:013][  0]SourceControl: Source control is disabled
[2019.03.07-16.47.05:014][  0]SourceControl: Source control is disabled
[2019.03.07-16.47.05:115][  0]SourceControl: Source control is disabled
[2019.03.07-16.47.05:139][  0]SourceControl: Source control is disabled
[2019.03.07-16.47.06:481][  0]LogAndroidPermission: UAndroidPermissionCallbackProxy::GetInstance
[2019.03.07-16.47.06:889][  0]LogOcInput: OculusInput pre-init called
[2019.03.07-16.47.07:343][  0]LogEngine: Initializing Engine...
[2019.03.07-16.47.07:371][  0]LogHMD: Failed to initialize OpenVR with code 110
[2019.03.07-16.47.07:401][  0]LogStats: UGameplayTagsManager::ConstructGameplayTagTree: ImportINI prefixes -  0.000 s
[2019.03.07-16.47.07:401][  0]LogStats: UGameplayTagsManager::ConstructGameplayTagTree: Construct from data asset -  0.000 s
[2019.03.07-16.47.07:401][  0]LogStats: UGameplayTagsManager::ConstructGameplayTagTree: ImportINI -  0.000 s
[2019.03.07-16.47.07:402][  0]LogStats: UGameplayTagsManager::ConstructGameplayTagTree: GameplayTagTreeChangedEvent.Broadcast -  0.000 s
[2019.03.07-16.47.07:903][  0]LogInit: Initializing FReadOnlyCVARCache
[2019.03.07-16.47.08:113][  0]LogAIModule: Creating AISystem for world Untitled
[2019.03.07-16.47.08:328][  0]LogInit: XAudio2 using 'Speakers / Headphones (Realtek Audio)' : 6 channels at 48 kHz using 32 bits per sample (channel mask 0x3f)
[2019.03.07-16.47.08:529][  0]LogInit: FAudioDevice initialized.
[2019.03.07-16.47.08:529][  0]LogNetVersion: Set ProjectVersion to 1.0.0.0. Version Checksum will be recalculated on next use.
[2019.03.07-16.47.08:607][  0]LogDerivedDataCache: Saved boot cache 0.08s 73MB C:/Users/brand/AppData/Local/UnrealEngine/4.20/DerivedDataCache/Boot.ddc.
[2019.03.07-16.47.08:617][  0]LogInit: Texture streaming: Enabled
[2019.03.07-16.47.08:726][  0]LogEngineSessionManager: EngineSessionManager initialized
[2019.03.07-16.47.08:786][  0]LogInit: Transaction tracking system initialized
[2019.03.07-16.47.09:101][  0]BlueprintLog: New page: Editor Load
[2019.03.07-16.47.10:040][  0]LocalizationService: Localization service is disabled
[2019.03.07-16.47.11:761][  0]LogFileCache: Scanning file cache for directory 'C:/Users/brand/OneDrive/Documents/GitHub/Game260Development/Resources/VehicleMovement/Content/' took 0.02s
[2019.03.07-16.47.11:761][  0]LogCook: Display: Max memory allowance for cook 16384mb min free memory 0mb
[2019.03.07-16.47.11:768][  0]LogCook: Display: Mobile HDR setting 1
[2019.03.07-16.47.11:781][  0]LogGameplayTags: Display: UGameplayTagsManager::DoneAddingNativeTags. DelegateIsBound: 0
[2019.03.07-16.47.11:781][  0]LogStats: UGameplayTagsManager::ConstructGameplayTagTree: ImportINI prefixes -  0.000 s
[2019.03.07-16.47.11:781][  0]LogStats: UGameplayTagsManager::ConstructGameplayTagTree: Construct from data asset -  0.000 s
[2019.03.07-16.47.11:782][  0]LogStats: UGameplayTagsManager::ConstructGameplayTagTree: ImportINI -  0.000 s
[2019.03.07-16.47.11:782][  0]LogStats: UGameplayTagsManager::ConstructGameplayTagTree: GameplayTagTreeChangedEvent.Broadcast -  0.000 s
[2019.03.07-16.47.13:197][  0]SourceControl: Source control is disabled
[2019.03.07-16.47.13:224][  0]Cmd: MAP LOAD FILE="C:/Users/brand/OneDrive/Documents/GitHub/Game260Development/Resources/VehicleMovement/Content/VehicleCPP/Maps/VehicleExampleMap.umap" TEMPLATE=0 SHOWPROGRESS=1 FEATURELEVEL=3
[2019.03.07-16.47.13:229][  0]LightingResults: New page: Lighting Build
[2019.03.07-16.47.13:343][  0]MapCheck: New page: Map Check
[2019.03.07-16.47.13:344][  0]LightingResults: New page: Lighting Build
[2019.03.07-16.47.14:420][  0]LogAIModule: Creating AISystem for world VehicleExampleMap
[2019.03.07-16.47.14:744][  0]LogEditorServer: Finished looking for orphan Actors (0.000 secs)
[2019.03.07-16.47.14:859][  0]Cmd: MAP CHECKDEP NOCLEARLOG
[2019.03.07-16.47.14:950][  0]MapCheck: Map check complete: 0 Error(s), 0 Warning(s), took 90.967ms to complete.
[2019.03.07-16.47.14:950][  0]LogFileHelpers: Loading map 'VehicleExampleMap' took 1.742
[2019.03.07-16.47.15:992][  0]LogSlate: Updating window title bar state: overlay mode, drag disabled, window buttons hidden, title bar hidden
[2019.03.07-16.47.16:006][  0]LogSlate: Updating window title bar state: overlay mode, drag disabled, window buttons hidden, title bar hidden
[2019.03.07-16.47.16:016][  0]LogSlate: Updating window title bar state: overlay mode, drag disabled, window buttons hidden, title bar hidden
[2019.03.07-16.47.16:024][  0]LogSlate: Updating window title bar state: overlay mode, drag disabled, window buttons hidden, title bar hidden
[2019.03.07-16.47.16:106][  0]LogCollectionManager: Loaded 0 collections in 0.001149 seconds
[2019.03.07-16.47.16:220][  0]LogFileCache: Scanning file cache for directory 'C:/Users/brand/OneDrive/Documents/GitHub/Game260Development/Resources/VehicleMovement/Saved/Collections/' took 0.01s
[2019.03.07-16.47.16:221][  0]LogFileCache: Scanning file cache for directory 'C:/Users/brand/OneDrive/Documents/GitHub/Game260Development/Resources/VehicleMovement/Content/Developers/brand/Collections/' took 0.01s
[2019.03.07-16.47.16:221][  0]LogFileCache: Scanning file cache for directory 'C:/Users/brand/OneDrive/Documents/GitHub/Game260Development/Resources/VehicleMovement/Content/Collections/' took 0.01s
[2019.03.07-16.47.16:221][  0]LogCollectionManager: Rebuilt the GUID cache for 0 collections in 0.000000 seconds
[2019.03.07-16.47.16:261][  0]LogContentBrowser: Native class hierarchy populated in 0.0378 seconds. Added 2586 classes and 609 folders.
[2019.03.07-16.47.16:341][  0]LogContentBrowser: Native class hierarchy updated for 'WidgetCarousel' in 0.0005 seconds. Added 0 classes and 0 folders.
[2019.03.07-16.47.17:680][  0]LogContentBrowser: Native class hierarchy updated for 'AddContentDialog' in 0.0004 seconds. Added 0 classes and 0 folders.
[2019.03.07-16.47.17:747][  0]LogContentBrowser: Native class hierarchy updated for 'SceneOutliner' in 0.0005 seconds. Added 1 classes and 2 folders.
[2019.03.07-16.47.18:324][  0]LogSlate: Took 0.006386 seconds to synchronously load lazily loaded font '../../../Engine/Content/Slate/Fonts/Roboto-Regular.ttf' (155K)
[2019.03.07-16.47.18:358][  0]LogSlate: Took 0.031191 seconds to synchronously load lazily loaded font '../../../Engine/Content/Slate/Fonts/Roboto-Bold.ttf' (160K)
[2019.03.07-16.47.18:424][  0]LogSlate: Took 0.010353 seconds to synchronously load lazily loaded font '../../../Engine/Content/Editor/Slate/Fonts/FontAwesome.ttf' (139K)
[2019.03.07-16.47.18:767][  0]LogRenderer: Reallocating scene render targets to support 1208x576 Format 10 NumSamples 1 (Frame:1).
[2019.03.07-16.47.19:184][  0]LogContentBrowser: Native class hierarchy updated for 'HierarchicalLODOutliner' in 0.0005 seconds. Added 0 classes and 0 folders.
[2019.03.07-16.47.19:184][  0]LogLoad: (Engine Initialization) Total time: 55.95 seconds
[2019.03.07-16.47.19:184][  0]LogLoad: (Engine Initialization) Total Blueprint compile time: 0.00 seconds
[2019.03.07-16.47.19:212][  0]LogRawInputWindows: Warning: Found device 0 devices
[2019.03.07-16.47.19:213][  0]LogRawInputWindows: Warning: Found device 0 devices
[2019.03.07-16.47.19:213][  0]LogRawInputWindows: Warning: Device was registered succesfully but not connected (Usage:4 UsagePage:1)
[2019.03.07-16.47.19:213][  0]LogRawInputWindows: Warning: Found device 1 devices
[2019.03.07-16.47.19:213][  0]LogRawInputWindows: Warning: Device was registered succesfully but not connected (Usage:5 UsagePage:1)
[2019.03.07-16.47.19:299][  0]LogContentStreaming: Texture pool size now 1000 MB
[2019.03.07-16.47.19:457][  0]LogSlate: Took 0.010569 seconds to synchronously load lazily loaded font '../../../Engine/Content/Slate/Fonts/Roboto-Light.ttf' (167K)
[2019.03.07-16.47.19:603][  2]LogAssetRegistry: Asset discovery search completed in 33.6507 seconds
[2019.03.07-16.47.19:605][  2]LogCollectionManager: Rebuilt the object cache for 0 collections in 0.000000 seconds (found 0 objects)
[2019.03.07-16.47.19:605][  2]LogCollectionManager: Fixed up redirectors for 0 collections in 0.000199 seconds (updated 0 objects)
[2019.03.07-16.47.59:267][333]LogSlate: FSceneViewport::OnFocusLost() reason 0
[2019.03.07-16.49.08:363][ 68]LogEditorViewport: Clicking on Actor (LMB): BP_Sky_Sphere_C (SkyShereBlueprint)
[2019.03.07-16.49.08:953][ 68]LogEditorViewport: Clicking on Actor (LMB): BP_Sky_Sphere_C (SkyShereBlueprint)
[2019.03.07-16.49.12:501][275]LogEditorViewport: Clicking on Actor (LMB): BP_Sky_Sphere_C (SkyShereBlueprint)
[2019.03.07-16.49.12:750][289]LogEditorViewport: Clicking on Actor (context menu): BP_Sky_Sphere_C (SkyShereBlueprint)
[2019.03.07-16.49.13:204][289]LogSlate: FSceneViewport::OnFocusLost() reason 2
[2019.03.07-16.49.22:351][792]LogSlate: FSceneViewport::OnFocusLost() reason 0
[2019.03.07-16.49.25:709][974]LogSlate: Took 0.000278 seconds to synchronously load lazily loaded font '../../../Engine/Content/Slate/Fonts/Roboto-Light.ttf' (167K)
[2019.03.07-16.49.25:717][974]LogAssetEditorManager: Opening Asset editor for Blueprint /Game/BluePrint/MyVehicleMovementGameMode.MyVehicleMovementGameMode
[2019.03.07-16.49.26:985][974]LogContentBrowser: Native class hierarchy updated for 'BlueprintGraph' in 0.0010 seconds. Added 116 classes and 0 folders.
[2019.03.07-16.49.43:983][871]LogSlate: FSceneViewport::OnFocusLost() reason 2
[2019.03.07-16.51.11:883][123]LogSlate: Window 'MyVehicleMovementGameMode' being destroyed
[2019.03.07-16.51.11:889][123]LogSlate: Window 'MyVehicleMovementGameMode' being destroyed
[2019.03.07-16.51.14:331][253]LogSlate: Took 0.070032 seconds to synchronously load lazily loaded font '../../../Engine/Content/Slate/Fonts/Roboto-Italic.ttf' (157K)
[2019.03.07-16.51.20:380][610]LogSlate: FSceneViewport::OnFocusLost() reason 0
[2019.03.07-16.51.20:496][617]LogTemp: Repeating last play command: Selected Viewport
[2019.03.07-16.51.20:792][617]LogBlueprintUserMessages: Early PlayInEditor Detection: Level '/Game/VehicleCPP/Maps/VehicleExampleMap.VehicleExampleMap:PersistentLevel' has LevelScriptBlueprint '/Game/VehicleCPP/Maps/VehicleExampleMap.VehicleExampleMap:PersistentLevel.VehicleExampleMap' with GeneratedClass '/Game/VehicleCPP/Maps/VehicleExampleMap.VehicleExampleMap_C' with ClassGeneratedBy '/Game/VehicleCPP/Maps/VehicleExampleMap.VehicleExampleMap:PersistentLevel.VehicleExampleMap'
[2019.03.07-16.51.20:793][617]LogPlayLevel: PlayLevel: No blueprints needed recompiling
[2019.03.07-16.51.20:837][617]PIE: New page: PIE session: VehicleExampleMap (Mar 7, 2019, 6:51:20 AM)
[2019.03.07-16.51.20:837][617]LogPlayLevel: Creating play world package: /Game/VehicleCPP/Maps/UEDPIE_0_VehicleExampleMap
[2019.03.07-16.51.20:878][617]LogPlayLevel: PIE: StaticDuplicateObject took: (0.039852s)
[2019.03.07-16.51.20:880][617]LogAIModule: Creating AISystem for world VehicleExampleMap
[2019.03.07-16.51.20:880][617]LogPlayLevel: PIE: World Init took: (0.002336s)
[2019.03.07-16.51.20:881][617]LogPlayLevel: PIE: Created PIE world by copying editor world from /Game/VehicleCPP/Maps/VehicleExampleMap.VehicleExampleMap to /Game/VehicleCPP/Maps/UEDPIE_0_VehicleExampleMap.VehicleExampleMap (0.043216s)
[2019.03.07-16.51.21:007][617]LogInit: XAudio2 using 'Speakers / Headphones (Realtek Audio)' : 6 channels at 48 kHz using 32 bits per sample (channel mask 0x3f)
[2019.03.07-16.51.21:023][617]LogInit: FAudioDevice initialized.
