Log file open, 02/18/19 12:35:17
LogWindows: Failed to load 'aqProf.dll' (GetLastError=126)
LogWindows: File 'aqProf.dll' does not exist
LogWindows: Failed to load 'VSPerf140.dll' (GetLastError=126)
LogWindows: File 'VSPerf140.dll' does not exist
LogWindows: Failed to load 'VtuneApi.dll' (GetLastError=126)
LogWindows: File 'VtuneApi.dll' does not exist
LogWindows: Failed to load 'VtuneApi32e.dll' (GetLastError=126)
LogWindows: File 'VtuneApi32e.dll' does not exist
LogInit: Display: Running engine for game: VehicleMovement
LogPlatformFile: Not using cached read wrapper
LogTaskGraph: Started task graph with 5 named threads and 14 total threads with 3 sets of task threads.
LogStats: Stats thread started at 0.949389
LogD3D11RHI: Loaded GFSDK_Aftermath_Lib.x64.dll
LogICUInternationalization: Display: ICU TimeZone Detection - Raw Offset: -5:00, Platform Override: ''
LogPluginManager: Mounting plugin Paper2D
LogPluginManager: Mounting plugin AISupport
LogPluginManager: Mounting plugin LightPropagationVolume
LogPluginManager: Mounting plugin CLionSourceCodeAccess
LogPluginManager: Mounting plugin CodeLiteSourceCodeAccess
LogPluginManager: Mounting plugin GitSourceControl
LogPluginManager: Mounting plugin KDevelopSourceCodeAccess
LogPluginManager: Mounting plugin NullSourceCodeAccess
LogPluginManager: Mounting plugin PerforceSourceControl
LogPluginManager: Mounting plugin SubversionSourceControl
LogPluginManager: Mounting plugin UObjectPlugin
LogPluginManager: Mounting plugin VisualStudioCodeSourceCodeAccess
LogPluginManager: Mounting plugin VisualStudioSourceCodeAccess
LogPluginManager: Mounting plugin XCodeSourceCodeAccess
LogPluginManager: Mounting plugin AssetManagerEditor
LogPluginManager: Mounting plugin CryptoKeys
LogPluginManager: Mounting plugin DataValidation
LogPluginManager: Mounting plugin FacialAnimation
LogPluginManager: Mounting plugin GameplayTagsEditor
LogPluginManager: Mounting plugin MacGraphicsSwitching
LogPluginManager: Mounting plugin MeshEditor
LogPluginManager: Mounting plugin MobileLauncherProfileWizard
LogPluginManager: Mounting plugin PluginBrowser
LogPluginManager: Mounting plugin SpeedTreeImporter
LogPluginManager: Mounting plugin DatasmithContent
LogPluginManager: Mounting plugin AlembicImporter
LogPluginManager: Mounting plugin AppleImageUtils
LogPluginManager: Mounting plugin AppleVision
LogPluginManager: Mounting plugin BackChannel
LogPluginManager: Mounting plugin CharacterAI
LogPluginManager: Mounting plugin GeometryCache
LogPluginManager: Mounting plugin HTML5Networking
LogPluginManager: Mounting plugin ProxyLODPlugin
LogPluginManager: Mounting plugin RawInput
LogPluginManager: Mounting plugin MagicLeap
LogPluginManager: Mounting plugin MagicLeapEmulator
LogPluginManager: Mounting plugin MagicLeapMedia
LogPluginManager: Mounting plugin AndroidMedia
LogPluginManager: Mounting plugin AvfMedia
LogPluginManager: Mounting plugin ImgMedia
LogPluginManager: Mounting plugin LinearTimecode
LogPluginManager: Mounting plugin MediaCompositing
LogPluginManager: Mounting plugin MediaPlayerEditor
LogPluginManager: Mounting plugin WmfMedia
LogPluginManager: Mounting plugin TcpMessaging
LogPluginManager: Mounting plugin UdpMessaging
LogPluginManager: Mounting plugin ActorSequence
LogPluginManager: Mounting plugin LevelSequenceEditor
LogPluginManager: Mounting plugin MatineeToLevelSequence
LogPluginManager: Mounting plugin NetcodeUnitTest
LogPluginManager: Mounting plugin NUTUnrealEngine4
LogPluginManager: Mounting plugin OnlineSubsystemGooglePlay
LogPluginManager: Mounting plugin OnlineSubsystemIOS
LogPluginManager: Mounting plugin OnlineSubsystem
LogPluginManager: Mounting plugin OnlineSubsystemNull
LogPluginManager: Mounting plugin OnlineSubsystemUtils
LogPluginManager: Mounting plugin LauncherChunkInstaller
LogPluginManager: Mounting plugin AndroidDeviceProfileSelector
LogPluginManager: Mounting plugin AndroidMoviePlayer
LogPluginManager: Mounting plugin AndroidPermission
LogPluginManager: Mounting plugin AppleMoviePlayer
LogPluginManager: Mounting plugin ArchVisCharacter
LogPluginManager: Mounting plugin AudioCapture
LogPluginManager: Mounting plugin CableComponent
LogPluginManager: Mounting plugin CustomMeshComponent
LogPluginManager: Mounting plugin EditableMesh
LogPluginManager: Mounting plugin ExampleDeviceProfileSelector
LogPluginManager: Mounting plugin GoogleCloudMessaging
LogPluginManager: Mounting plugin ImmediatePhysics
LogPluginManager: Mounting plugin IOSDeviceProfileSelector
LogPluginManager: Mounting plugin LinuxDeviceProfileSelector
LogPluginManager: Mounting plugin LocationServicesBPLibrary
LogPluginManager: Mounting plugin MobilePatchingUtils
LogPluginManager: Mounting plugin OculusVR
LogPluginManager: Plugin shader directory ../../../Engine/Plugins/Runtime/Oculus/OculusVR/Shaders found
LogPluginManager: Mapping shader source directory ../../../Engine/Plugins/Runtime/Oculus/OculusVR/Shaders to virtual directory /Plugin/OculusVR
LogPluginManager: Mounting plugin PhysXVehicles
LogPluginManager: Mounting plugin ProceduralMeshComponent
LogPluginManager: Mounting plugin RuntimePhysXCooking
LogPluginManager: Mounting plugin SteamVR
LogPluginManager: Mounting plugin WindowsMoviePlayer
LogStreaming: Display: Took  0.233s to configure plugins.
LogInit: Using libcurl 7.55.1-DEV
LogInit:  - built for x86_64-pc-win32
LogInit:  - supports SSL with OpenSSL/1.0.2h
LogInit:  - supports HTTP deflate (compression) using libz 1.2.8
LogInit:  - other features:
LogInit:      CURL_VERSION_SSL
LogInit:      CURL_VERSION_LIBZ
LogInit:      CURL_VERSION_IPV6
LogInit:      CURL_VERSION_ASYNCHDNS
LogInit:      CURL_VERSION_LARGEFILE
LogInit:      CURL_VERSION_IDN
LogInit:  CurlRequestOptions (configurable via config and command line):
LogInit:  - bVerifyPeer = false  - Libcurl will NOT verify peer certificate
LogInit:  - bUseHttpProxy = false  - Libcurl will NOT use HTTP proxy
LogInit:  - bDontReuseConnections = false  - Libcurl will reuse connections
LogInit:  - CertBundlePath = nullptr  - Libcurl will use whatever was configured at build time.
LogInit:  - MaxHostConnections = 16  - Libcurl will limit the number of connections to a host
LogInit:  - LocalHostAddr = Default
LogInit:  - BufferSize = 65536
LogInit: WinSock: version 1.1 (2.2), MaxSocks=32767, MaxUdp=65467
LogInit: Build: ++UE4+Release-4.20-CL-4369336
LogInit: Engine Version: 4.20.3-4369336+++UE4+Release-4.20
LogInit: Compatible Engine Version: 4.20.0-4212847+++UE4+Release-4.20
LogInit: Net CL: 4212847
LogInit: OS: Windows 10 (), CPU: Intel(R) Core(TM) i5-4460  CPU @ 3.20GHz, GPU: NVIDIA GeForce GTX 750 Ti
LogInit: Compiled (64-bit): Sep 17 2018 12:26:19
LogInit: Compiled with Visual C++: 19.13.26129.00
LogInit: Build Configuration: Development
LogInit: Branch Name: ++UE4+Release-4.20
LogInit: Command Line:  -skipcompile
LogInit: Base Directory: C:/Program Files/Epic Games/UE_4.20/Engine/Binaries/Win64/
LogInit: Installed Engine Build: 1
LogDevObjectVersion: Number of dev versions registered: 20
LogDevObjectVersion:   Dev-Blueprints (B0D832E4-1F89-4F0D-ACCF-7EB736FD4AA2): 10
LogDevObjectVersion:   Dev-Build (E1C64328-A22C-4D53-A36C-8E866417BD8C): 0
LogDevObjectVersion:   Dev-Core (375EC13C-06E4-48FB-B500-84F0262A717E): 2
LogDevObjectVersion:   Dev-Editor (E4B068ED-F494-42E9-A231-DA0B2E46BB41): 24
LogDevObjectVersion:   Dev-Framework (CFFC743F-43B0-4480-9391-14DF171D2073): 34
LogDevObjectVersion:   Dev-Mobile (B02B49B5-BB20-44E9-A304-32B752E40360): 2
LogDevObjectVersion:   Dev-Networking (A4E4105C-59A1-49B5-A7C5-40C4547EDFEE): 0
LogDevObjectVersion:   Dev-Online (39C831C9-5AE6-47DC-9A44-9C173E1C8E7C): 0
LogDevObjectVersion:   Dev-Physics (78F01B33-EBEA-4F98-B9B4-84EACCB95AA2): 0
LogDevObjectVersion:   Dev-Platform (6631380F-2D4D-43E0-8009-CF276956A95A): 0
LogDevObjectVersion:   Dev-Rendering (12F88B9F-8875-4AFC-A67C-D90C383ABD29): 26
LogDevObjectVersion:   Dev-Sequencer (7B5AE74C-D270-4C10-A958-57980B212A5A): 9
LogDevObjectVersion:   Dev-VR (D7296918-1DD6-4BDD-9DE2-64A83CC13884): 2
LogDevObjectVersion:   Dev-LoadTimes (C2A15278-BFE7-4AFE-6C17-90FF531DF755): 1
LogDevObjectVersion:   Private-Geometry (6EACA3D4-40EC-4CC1-B786-8BED09428FC5): 3
LogDevObjectVersion:   Dev-AnimPhys (29E575DD-E0A3-4627-9D10-D276232CDCEA): 17
LogDevObjectVersion:   Dev-ReflectionCapture (6B266CEC-1EC7-4B8F-A30B-E4D90942FC07): 1
LogDevObjectVersion:   Dev-Automation (0DF73D61-A23F-47EA-B727-89E90C41499A): 1
LogDevObjectVersion:   FortniteMain (601D1886-AC64-4F84-AA16-D3DE0DEAC7D6): 12
LogDevObjectVersion:   Dev-Enterprise (9DFFBCD6-494F-0158-E221-12823C92A888): 1
LogStreaming: Display: Took  0.002s to delete old logs.
LogInit: Presizing for max 8388607 objects, including 0 objects not considered by GC, pre-allocating 0 bytes for permanent pool.
LogInit: Object subsystem initialized
[2019.02.18-17.35.18:175][  0]LogInit: Selected Device Profile: [Windows]
[2019.02.18-17.35.18:176][  0]LogInit: Applying CVar settings loaded from the selected device profile: [Windows]
[2019.02.18-17.35.18:204][  0]LogHAL: Display: Platform has ~ 8 GB [8536301568 / 8589934592 / 8], which maps to Default [LargestMinGB=32, LargerMinGB=12, DefaultMinGB=8, SmallerMinGB=6, SmallestMinGB=0)
[2019.02.18-17.35.18:205][  0]LogInit: Setting Device Profile CVar: [[r.Vulkan.UseRealUBs:1]]
[2019.02.18-17.35.18:206][  0]LogInit: Going up to parent DeviceProfile []
[2019.02.18-17.35.18:208][  0]LogInit: Computer: DESKTOP-IAKBS29
[2019.02.18-17.35.18:208][  0]LogInit: User: Sarfaraz
[2019.02.18-17.35.18:208][  0]LogInit: CPU Page size=4096, Cores=4
[2019.02.18-17.35.18:208][  0]LogInit: High frequency timer resolution =10.000000 MHz
[2019.02.18-17.35.18:209][  0]LogMemory: Memory total: Physical=8.0GB (8GB approx)
[2019.02.18-17.35.18:209][  0]LogMemory: Platform Memory Stats for Windows
[2019.02.18-17.35.18:209][  0]LogMemory: Process Physical Memory: 101.32 MB used, 101.32 MB peak
[2019.02.18-17.35.18:209][  0]LogMemory: Process Virtual Memory: 84.18 MB used, 84.18 MB peak
[2019.02.18-17.35.18:209][  0]LogMemory: Physical Memory: 7131.10 MB used,  1009.75 MB free, 8140.85 MB total
[2019.02.18-17.35.18:209][  0]LogMemory: Virtual Memory: 4608.51 MB used,  1009.75 MB free, 134217728.00 MB total
[2019.02.18-17.35.18:476][  0]LogInit: Using OS detected language (en-US).
[2019.02.18-17.35.18:476][  0]LogInit: Using OS detected locale (en-CA).
[2019.02.18-17.35.18:480][  0]LogTextLocalizationManager: No specific localization for 'en-US' exists, so the 'en' localization will be used.
[2019.02.18-17.35.18:940][  0]LogStreaming: Display: Took  0.464s to InitEngineTextLocalization.
[2019.02.18-17.35.18:941][  0]LogInit: Setting process to per monitor DPI aware
[2019.02.18-17.35.19:064][  0]LogSlate: New Slate User Created.  User Index 0, Is Virtual User: 0
[2019.02.18-17.35.19:065][  0]LogSlate: Slate User Registered.  User Index 0, Is Virtual User: 0
[2019.02.18-17.35.19:579][  0]LogHMD: Failed to initialize OpenVR with code 110
[2019.02.18-17.35.19:579][  0]LogD3D11RHI: D3D11 adapters:
[2019.02.18-17.35.19:723][  0]LogD3D11RHI:    0. 'NVIDIA GeForce GTX 750 Ti' (Feature Level 11_0)
[2019.02.18-17.35.19:723][  0]LogD3D11RHI:       2007/0/4070 MB DedicatedVideo/DedicatedSystem/SharedSystem, Outputs:2, VendorId:0x10de
[2019.02.18-17.35.19:735][  0]LogD3D11RHI:    1. 'Microsoft Basic Render Driver' (Feature Level 11_0)
[2019.02.18-17.35.19:735][  0]LogD3D11RHI:       0/0/4070 MB DedicatedVideo/DedicatedSystem/SharedSystem, Outputs:0, VendorId:0x1414
[2019.02.18-17.35.19:735][  0]LogD3D11RHI: Chosen D3D11 Adapter: 0
[2019.02.18-17.35.19:747][  0]LogD3D11RHI: Creating new Direct3DDevice
[2019.02.18-17.35.19:747][  0]LogD3D11RHI:     GPU DeviceId: 0x1380 (for the marketing name, search the web for "GPU Device Id")
[2019.02.18-17.35.19:747][  0]LogWindows: EnumDisplayDevices:
[2019.02.18-17.35.19:748][  0]LogWindows:    0. 'NVIDIA GeForce GTX 750 Ti' (P:1 D:1)
[2019.02.18-17.35.19:748][  0]LogWindows:    1. 'NVIDIA GeForce GTX 750 Ti' (P:0 D:1)
[2019.02.18-17.35.19:749][  0]LogWindows:    2. 'NVIDIA GeForce GTX 750 Ti' (P:0 D:0)
[2019.02.18-17.35.19:750][  0]LogWindows:    3. 'NVIDIA GeForce GTX 750 Ti' (P:0 D:0)
[2019.02.18-17.35.19:750][  0]LogWindows: DebugString: FoundDriverCount:4 
[2019.02.18-17.35.19:750][  0]LogD3D11RHI:     Adapter Name: NVIDIA GeForce GTX 750 Ti
[2019.02.18-17.35.19:750][  0]LogD3D11RHI:   Driver Version: 418.91 (internal:25.21.14.1891, unified:418.91)
[2019.02.18-17.35.19:751][  0]LogD3D11RHI:      Driver Date: 2-6-2019
[2019.02.18-17.35.19:751][  0]LogRHI: Texture pool is 1405 MB (70% of 2007 MB)
[2019.02.18-17.35.19:817][  0]LogD3D11RHI: Async texture creation enabled
[2019.02.18-17.35.19:861][  0]LogD3D11RHI: GPU Timing Frequency: 1000.000000 (Debug: 2 1)
[2019.02.18-17.35.19:918][  0]LogShaderCompilers: Guid format shader working directory is -25 characters bigger than the processId version (D:/Humber/Semester 4/Game 260_Game Production/Assignments/VehicleMovement/Intermediate/Shaders/WorkingDirectory/12464/).
[2019.02.18-17.35.19:918][  0]LogShaderCompilers: Cleaned the shader compiler working directory 'C:/Users/Sarfaraz/AppData/Local/Temp/UnrealShaderWorkingDir/C2F03EBF45104B6F13D02F8AEAB5F7B6/'.
[2019.02.18-17.35.20:383][  0]LogTemp: Display: Loaded TP AllDesktopTargetPlatform
[2019.02.18-17.35.20:405][  0]LogTemp: Display: Loaded TP MacClientTargetPlatform
[2019.02.18-17.35.20:427][  0]LogTemp: Display: Loaded TP MacNoEditorTargetPlatform
[2019.02.18-17.35.20:449][  0]LogTemp: Display: Loaded TP MacServerTargetPlatform
[2019.02.18-17.35.20:476][  0]LogTemp: Display: Loaded TP MacTargetPlatform
[2019.02.18-17.35.20:500][  0]LogTemp: Display: Loaded TP WindowsClientTargetPlatform
[2019.02.18-17.35.20:525][  0]LogTemp: Display: Loaded TP WindowsNoEditorTargetPlatform
[2019.02.18-17.35.20:547][  0]LogTemp: Display: Loaded TP WindowsServerTargetPlatform
[2019.02.18-17.35.20:564][  0]LogTemp: Display: Loaded TP WindowsTargetPlatform
[2019.02.18-17.35.20:663][  0]LogTemp: Display: Loaded TP AndroidTargetPlatform
[2019.02.18-17.35.20:663][  0]LogTemp: Display: Loaded TP AndroidTargetPlatform
[2019.02.18-17.35.20:663][  0]LogTemp: Display: Loaded TP AndroidTargetPlatform
[2019.02.18-17.35.20:663][  0]LogTemp: Display: Loaded TP AndroidTargetPlatform
[2019.02.18-17.35.20:664][  0]LogTemp: Display: Loaded TP AndroidTargetPlatform
[2019.02.18-17.35.20:664][  0]LogTemp: Display: Loaded TP AndroidTargetPlatform
[2019.02.18-17.35.20:664][  0]LogTemp: Display: Loaded TP AndroidTargetPlatform
[2019.02.18-17.35.20:664][  0]LogTemp: Display: Loaded TP AndroidTargetPlatform
[2019.02.18-17.35.20:664][  0]LogTemp: Display: Loaded TP AndroidTargetPlatform
[2019.02.18-17.35.20:664][  0]LogTemp: Display: Loaded TP AndroidTargetPlatform
[2019.02.18-17.35.20:664][  0]LogTemp: Display: Loaded TP AndroidTargetPlatform
[2019.02.18-17.35.20:664][  0]LogTemp: Display: Loaded TP AndroidTargetPlatform
[2019.02.18-17.35.20:664][  0]LogTemp: Display: Loaded TP AndroidTargetPlatform
[2019.02.18-17.35.20:664][  0]LogTemp: Display: Loaded TP AndroidTargetPlatform
[2019.02.18-17.35.20:664][  0]LogTemp: Display: Loaded TP AndroidTargetPlatform
[2019.02.18-17.35.20:664][  0]LogTemp: Display: Loaded TP AndroidTargetPlatform
[2019.02.18-17.35.20:664][  0]LogTemp: Display: Loaded TP AndroidTargetPlatform
[2019.02.18-17.35.20:664][  0]LogTemp: Display: Loaded TP AndroidTargetPlatform
[2019.02.18-17.35.20:672][  0]LogTemp: Display: Loaded TP HTML5TargetPlatform
[2019.02.18-17.35.20:770][  0]LogTemp: Display: Loaded TP IOSTargetPlatform
[2019.02.18-17.35.20:770][  0]LogTemp: Display: Loaded TP IOSTargetPlatform
[2019.02.18-17.35.20:802][  0]LogTemp: Display: Loaded TP TVOSTargetPlatform
[2019.02.18-17.35.20:802][  0]LogTemp: Display: Loaded TP TVOSTargetPlatform
[2019.02.18-17.35.20:823][  0]LogTemp: Display: Loaded TP LinuxClientTargetPlatform
[2019.02.18-17.35.20:843][  0]LogTemp: Display: Loaded TP LinuxNoEditorTargetPlatform
[2019.02.18-17.35.20:864][  0]LogTemp: Display: Loaded TP LinuxServerTargetPlatform
[2019.02.18-17.35.20:885][  0]LogTemp: Display: Loaded TP LinuxTargetPlatform
[2019.02.18-17.35.20:900][  0]LogTemp: Display: Loaded TP LuminTargetPlatform
[2019.02.18-17.35.20:901][  0]LogTargetPlatformManager: Display: Building Assets For Windows
[2019.02.18-17.35.21:160][  0]LogXGEController: Cleaning working directory: C:/Users/Sarfaraz/AppData/Local/Temp/UnrealXGEWorkingDir/
[2019.02.18-17.35.21:161][  0]LogXGEController: Cannot use XGE Controller as Incredibuild is not installed on this machine.
[2019.02.18-17.35.21:161][  0]LogShaderCompilers: Cannot use XGE Shader Compiler as Incredibuild is not installed on this machine.
[2019.02.18-17.35.21:161][  0]LogShaderCompilers: Display: Using Local Shader Compiler.
[2019.02.18-17.35.22:334][  0]LogDerivedDataCache: Display: Max Cache Size: 512 MB
[2019.02.18-17.35.22:612][  0]LogDerivedDataCache: Loaded boot cache 0.28s 73MB C:/Users/Sarfaraz/AppData/Local/UnrealEngine/4.20/DerivedDataCache/Boot.ddc.
[2019.02.18-17.35.22:613][  0]LogDerivedDataCache: Display: Loaded Boot cache: C:/Users/Sarfaraz/AppData/Local/UnrealEngine/4.20/DerivedDataCache/Boot.ddc
[2019.02.18-17.35.22:613][  0]LogDerivedDataCache: FDerivedDataBackendGraph:  Pak pak cache file D:/Humber/Semester 4/Game 260_Game Production/Assignments/VehicleMovement/DerivedDataCache/DDC.ddp not found, will not use a pak cache.
[2019.02.18-17.35.22:613][  0]LogDerivedDataCache: Unable to find inner node Pak for hierarchical cache Hierarchy.
[2019.02.18-17.35.22:613][  0]LogDerivedDataCache: FDerivedDataBackendGraph:  CompressedPak pak cache file D:/Humber/Semester 4/Game 260_Game Production/Assignments/VehicleMovement/DerivedDataCache/Compressed.ddp not found, will not use a pak cache.
[2019.02.18-17.35.22:613][  0]LogDerivedDataCache: Unable to find inner node CompressedPak for hierarchical cache Hierarchy.
[2019.02.18-17.35.22:632][  0]LogDerivedDataCache: Display: Pak cache opened for reading ../../../Engine/DerivedDataCache/Compressed.ddp.
[2019.02.18-17.35.22:646][  0]LogDerivedDataCache: Using Local data cache path C:/Users/Sarfaraz/AppData/Local/UnrealEngine/Common/DerivedDataCache: Writable
[2019.02.18-17.35.22:646][  0]LogDerivedDataCache: Shared data cache path not found in *engine.ini, will not use an Shared cache.
[2019.02.18-17.35.22:646][  0]LogDerivedDataCache: Unable to find inner node Shared for hierarchical cache Hierarchy.
[2019.02.18-17.35.22:672][  0]LogMaterial: Verifying Global Shaders for PCD3D_SM5
[2019.02.18-17.35.22:807][  0]LogSlate: Using FreeType 2.6.0
[2019.02.18-17.35.22:813][  0]LogSlate: SlateFontServices - WITH_FREETYPE: 1, WITH_HARFBUZZ: 1
[2019.02.18-17.35.23:008][  0]LogAssetRegistry: FAssetRegistry took 0.0338 seconds to start up
[2019.02.18-17.35.23:538][  0]LogInit: Selected Device Profile: [Windows]
[2019.02.18-17.35.23:870][  0]LogSimplygon: Simplygon DLL not present - disabling.
[2019.02.18-17.35.23:896][  0]LogMeshReduction: Using SimplygonSwarm for distributed automatic mesh merging
[2019.02.18-17.35.23:897][  0]LogMeshReduction: Using ProxyLODMeshReduction for automatic mesh merging
[2019.02.18-17.35.23:898][  0]LogMeshReduction: Using QuadricMeshReduction for automatic static mesh reduction
[2019.02.18-17.35.23:898][  0]LogMeshReduction: No automatic skeletal mesh reduction module available
[2019.02.18-17.35.23:957][  0]LogNetVersion: VehicleMovement 1.0.0, NetCL: 4212847, EngineNetVer: 5, GameNetVer: 0 (Checksum: 2966596176)
[2019.02.18-17.35.24:901][  0]LogPackageLocalizationCache: Processed 11 localized package path(s) for 2 prioritized culture(s) in 0.116379 seconds
[2019.02.18-17.35.24:910][  0]LogUObjectArray: 38425 objects as part of root set at end of initial load.
[2019.02.18-17.35.24:910][  0]LogUObjectAllocator: 6690864 out of 0 bytes used by permanent object pool.
[2019.02.18-17.35.24:910][  0]LogUObjectArray: CloseDisregardForGC: 0/0 objects in disregard for GC pool
[2019.02.18-17.35.27:266][  0]LogTcpMessaging: Initializing TcpMessaging bridge
[2019.02.18-17.35.27:289][  0]LogUdpMessaging: Initializing bridge on interface 0.0.0.0:0 to multicast group 230.0.0.1:6666.
[2019.02.18-17.35.27:991][  0]SourceControl: Source control is disabled
[2019.02.18-17.35.27:991][  0]SourceControl: Source control is disabled
[2019.02.18-17.35.28:005][  0]SourceControl: Source control is disabled
[2019.02.18-17.35.28:014][  0]SourceControl: Source control is disabled
[2019.02.18-17.35.28:505][  0]LogAndroidPermission: UAndroidPermissionCallbackProxy::GetInstance
[2019.02.18-17.35.28:694][  0]LogOcInput: OculusInput pre-init called
[2019.02.18-17.35.28:872][  0]LogEngine: Initializing Engine...
[2019.02.18-17.35.28:877][  0]LogHMD: Failed to initialize OpenVR with code 110
[2019.02.18-17.35.28:883][  0]LogStats: UGameplayTagsManager::ConstructGameplayTagTree: ImportINI prefixes -  0.001 s
[2019.02.18-17.35.28:883][  0]LogStats: UGameplayTagsManager::ConstructGameplayTagTree: Construct from data asset -  0.000 s
[2019.02.18-17.35.28:883][  0]LogStats: UGameplayTagsManager::ConstructGameplayTagTree: ImportINI -  0.000 s
[2019.02.18-17.35.28:883][  0]LogStats: UGameplayTagsManager::ConstructGameplayTagTree: GameplayTagTreeChangedEvent.Broadcast -  0.000 s
[2019.02.18-17.35.29:425][  0]LogInit: Initializing FReadOnlyCVARCache
[2019.02.18-17.35.29:504][  0]LogAIModule: Creating AISystem for world Untitled
[2019.02.18-17.35.29:669][  0]LogInit: XAudio2 using 'Headset Earphone (Razer ManO'War 7.1)' : 2 channels at 44.1 kHz using 16 bits per sample (channel mask 0x3)
[2019.02.18-17.35.29:784][  0]LogInit: FAudioDevice initialized.
[2019.02.18-17.35.29:786][  0]LogNetVersion: Set ProjectVersion to 1.0.0.0. Version Checksum will be recalculated on next use.
[2019.02.18-17.35.29:865][  0]LogDerivedDataCache: Saved boot cache 0.08s 73MB C:/Users/Sarfaraz/AppData/Local/UnrealEngine/4.20/DerivedDataCache/Boot.ddc.
[2019.02.18-17.35.29:870][  0]LogInit: Texture streaming: Enabled
[2019.02.18-17.35.29:991][  0]LogEngineSessionManager: EngineSessionManager initialized
[2019.02.18-17.35.29:991][  0]LogEngineSessionManager: EngineSessionManager sent abnormal shutdown report. Type=Debugger, SessionId={EFDD03A7-47F4-38C0-3B66-54A68CACA8F6}
[2019.02.18-17.35.30:023][  0]LogInit: Transaction tracking system initialized
[2019.02.18-17.35.30:131][  0]BlueprintLog: New page: Editor Load
[2019.02.18-17.35.30:636][  0]LocalizationService: Localization service is disabled
[2019.02.18-17.35.31:233][  0]LogCook: Display: Max memory allowance for cook 16384mb min free memory 0mb
[2019.02.18-17.35.31:233][  0]LogCook: Display: Mobile HDR setting 1
[2019.02.18-17.35.31:234][  0]LogGameplayTags: Display: UGameplayTagsManager::DoneAddingNativeTags. DelegateIsBound: 0
[2019.02.18-17.35.31:234][  0]LogStats: UGameplayTagsManager::ConstructGameplayTagTree: ImportINI prefixes -  0.000 s
[2019.02.18-17.35.31:234][  0]LogStats: UGameplayTagsManager::ConstructGameplayTagTree: Construct from data asset -  0.000 s
[2019.02.18-17.35.31:234][  0]LogStats: UGameplayTagsManager::ConstructGameplayTagTree: ImportINI -  0.000 s
[2019.02.18-17.35.31:234][  0]LogStats: UGameplayTagsManager::ConstructGameplayTagTree: GameplayTagTreeChangedEvent.Broadcast -  0.000 s
[2019.02.18-17.35.31:675][  0]LogFileCache: Scanning file cache for directory 'D:/Humber/Semester 4/Game 260_Game Production/Assignments/VehicleMovement/Content/' took 0.02s
[2019.02.18-17.35.31:675][  0]SourceControl: Source control is disabled
[2019.02.18-17.35.31:677][  0]Cmd: MAP LOAD FILE="D:/Humber/Semester 4/Game 260_Game Production/Assignments/VehicleMovement/Content/VehicleCPP/Maps/VehicleExampleMap.umap" TEMPLATE=0 SHOWPROGRESS=1 FEATURELEVEL=3
[2019.02.18-17.35.31:724][  0]LightingResults: New page: Lighting Build
[2019.02.18-17.35.31:741][  0]MapCheck: New page: Map Check
[2019.02.18-17.35.31:742][  0]LightingResults: New page: Lighting Build
[2019.02.18-17.35.32:498][  0]LogAIModule: Creating AISystem for world VehicleExampleMap
[2019.02.18-17.35.32:552][  0]LogEditorServer: Finished looking for orphan Actors (0.000 secs)
[2019.02.18-17.35.32:587][  0]Cmd: MAP CHECKDEP NOCLEARLOG
[2019.02.18-17.35.32:731][  0]MapCheck: Map check complete: 0 Error(s), 0 Warning(s), took 143.03ms to complete.
[2019.02.18-17.35.32:739][  0]LogFileHelpers: Loading map 'VehicleExampleMap' took 1.064
[2019.02.18-17.35.33:093][  0]LogSlate: Updating window title bar state: overlay mode, drag disabled, window buttons hidden, title bar hidden
[2019.02.18-17.35.33:103][  0]LogSlate: Updating window title bar state: overlay mode, drag disabled, window buttons hidden, title bar hidden
[2019.02.18-17.35.33:112][  0]LogSlate: Updating window title bar state: overlay mode, drag disabled, window buttons hidden, title bar hidden
[2019.02.18-17.35.33:123][  0]LogSlate: Updating window title bar state: overlay mode, drag disabled, window buttons hidden, title bar hidden
[2019.02.18-17.35.33:151][  0]LogCollectionManager: Loaded 0 collections in 0.004519 seconds
[2019.02.18-17.35.33:256][  0]LogFileCache: Scanning file cache for directory 'D:/Humber/Semester 4/Game 260_Game Production/Assignments/VehicleMovement/Saved/Collections/' took 0.04s
[2019.02.18-17.35.33:256][  0]LogFileCache: Scanning file cache for directory 'D:/Humber/Semester 4/Game 260_Game Production/Assignments/VehicleMovement/Content/Developers/Sarfaraz/Collections/' took 0.01s
[2019.02.18-17.35.33:256][  0]LogFileCache: Scanning file cache for directory 'D:/Humber/Semester 4/Game 260_Game Production/Assignments/VehicleMovement/Content/Collections/' took 0.01s
[2019.02.18-17.35.33:256][  0]LogCollectionManager: Rebuilt the GUID cache for 0 collections in 0.000000 seconds
[2019.02.18-17.35.33:276][  0]LogContentBrowser: Native class hierarchy populated in 0.0177 seconds. Added 2580 classes and 608 folders.
[2019.02.18-17.35.33:312][  0]LogContentBrowser: Native class hierarchy updated for 'WidgetCarousel' in 0.0006 seconds. Added 0 classes and 0 folders.
[2019.02.18-17.35.33:515][  0]LogContentBrowser: Native class hierarchy updated for 'AddContentDialog' in 0.0006 seconds. Added 0 classes and 0 folders.
[2019.02.18-17.35.33:538][  0]LogContentBrowser: Native class hierarchy updated for 'SceneOutliner' in 0.0007 seconds. Added 1 classes and 2 folders.
[2019.02.18-17.35.33:631][  0]LogSlate: Took 0.001375 seconds to synchronously load lazily loaded font '../../../Engine/Content/Slate/Fonts/Roboto-Regular.ttf' (155K)
[2019.02.18-17.35.33:641][  0]LogSlate: Took 0.001626 seconds to synchronously load lazily loaded font '../../../Engine/Content/Slate/Fonts/Roboto-Bold.ttf' (160K)
[2019.02.18-17.35.33:647][  0]LogSlate: Took 0.001410 seconds to synchronously load lazily loaded font '../../../Engine/Content/Editor/Slate/Fonts/FontAwesome.ttf' (139K)
[2019.02.18-17.35.33:746][  0]LogRenderer: Reallocating scene render targets to support 1528x644 Format 10 NumSamples 1 (Frame:1).
[2019.02.18-17.35.33:914][  0]LogSlate: Took 0.001470 seconds to synchronously load lazily loaded font '../../../Engine/Content/Slate/Fonts/Roboto-Light.ttf' (167K)
[2019.02.18-17.35.34:069][  0]LogContentBrowser: Native class hierarchy updated for 'HierarchicalLODOutliner' in 0.0007 seconds. Added 0 classes and 0 folders.
[2019.02.18-17.35.34:069][  0]LogLoad: (Engine Initialization) Total time: 20.72 seconds
[2019.02.18-17.35.34:069][  0]LogLoad: (Engine Initialization) Total Blueprint compile time: 0.00 seconds
[2019.02.18-17.35.34:090][  0]LogRawInputWindows: Warning: Found device 0 devices
[2019.02.18-17.35.34:090][  0]LogRawInputWindows: Warning: Found device 0 devices
[2019.02.18-17.35.34:090][  0]LogRawInputWindows: Warning: Device was registered succesfully but not connected (Usage:4 UsagePage:1)
[2019.02.18-17.35.34:091][  0]LogRawInputWindows: Warning: Found device 1 devices
[2019.02.18-17.35.34:091][  0]LogRawInputWindows: Warning: Device was registered succesfully but not connected (Usage:5 UsagePage:1)
[2019.02.18-17.35.34:161][  0]LogContentStreaming: Texture pool size now 1000 MB
[2019.02.18-17.35.34:430][  2]LogAssetRegistry: Asset discovery search completed in 11.4481 seconds
[2019.02.18-17.35.34:435][  2]LogCollectionManager: Rebuilt the object cache for 0 collections in 0.000000 seconds (found 0 objects)
[2019.02.18-17.35.34:436][  2]LogCollectionManager: Fixed up redirectors for 0 collections in 0.001323 seconds (updated 0 objects)
[2019.02.18-17.35.35:289][ 67]LogSlate: FSceneViewport::OnFocusLost() reason 0
[2019.02.18-17.35.35:355][ 75]LogTemp: Repeating last play command: Selected Viewport
[2019.02.18-17.35.35:371][ 75]LogBlueprintUserMessages: Early PlayInEditor Detection: Level '/Game/VehicleCPP/Maps/VehicleExampleMap.VehicleExampleMap:PersistentLevel' has LevelScriptBlueprint '/Game/VehicleCPP/Maps/VehicleExampleMap.VehicleExampleMap:PersistentLevel.VehicleExampleMap' with GeneratedClass '/Game/VehicleCPP/Maps/VehicleExampleMap.VehicleExampleMap_C' with ClassGeneratedBy '/Game/VehicleCPP/Maps/VehicleExampleMap.VehicleExampleMap:PersistentLevel.VehicleExampleMap'
[2019.02.18-17.35.35:373][ 75]LogPlayLevel: PlayLevel: No blueprints needed recompiling
[2019.02.18-17.35.35:409][ 75]PIE: New page: PIE session: VehicleExampleMap (Feb 18, 2019, 7:35:35 AM)
[2019.02.18-17.35.35:410][ 75]LogPlayLevel: Creating play world package: /Game/VehicleCPP/Maps/UEDPIE_0_VehicleExampleMap
[2019.02.18-17.35.35:449][ 75]LogPlayLevel: PIE: StaticDuplicateObject took: (0.038353s)
[2019.02.18-17.35.35:452][ 75]LogAIModule: Creating AISystem for world VehicleExampleMap
[2019.02.18-17.35.35:454][ 75]LogPlayLevel: PIE: World Init took: (0.004423s)
[2019.02.18-17.35.35:457][ 75]LogPlayLevel: PIE: Created PIE world by copying editor world from /Game/VehicleCPP/Maps/VehicleExampleMap.VehicleExampleMap to /Game/VehicleCPP/Maps/UEDPIE_0_VehicleExampleMap.VehicleExampleMap (0.046468s)
[2019.02.18-17.35.35:508][ 75]LogInit: XAudio2 using 'Headset Earphone (Razer ManO'War 7.1)' : 2 channels at 44.1 kHz using 16 bits per sample (channel mask 0x3)
[2019.02.18-17.35.35:572][ 75]LogInit: FAudioDevice initialized.
[2019.02.18-17.35.35:626][ 75]LogLoad: Game class is 'VehicleMovementGameMode'
[2019.02.18-17.35.35:638][ 75]LogWorld: Bringing World /Game/VehicleCPP/Maps/UEDPIE_0_VehicleExampleMap.VehicleExampleMap up for play (max tick rate 0) at 2019.02.18-12.35.35
[2019.02.18-17.35.35:642][ 75]LogWorld: Bringing up level for play took: 0.005990
[2019.02.18-17.35.35:680][ 75]LogContentBrowser: Native class hierarchy updated for 'MovieSceneCapture' in 0.0011 seconds. Added 10 classes and 0 folders.
[2019.02.18-17.35.35:694][ 75]PIE: Play in editor start time for /Game/VehicleCPP/Maps/UEDPIE_0_VehicleExampleMap 0.559
[2019.02.18-17.35.35:694][ 75]LogBlueprintUserMessages: Late PlayInEditor Detection: Level '/Game/VehicleCPP/Maps/VehicleExampleMap.VehicleExampleMap:PersistentLevel' has LevelScriptBlueprint '/Game/VehicleCPP/Maps/VehicleExampleMap.VehicleExampleMap:PersistentLevel.VehicleExampleMap' with GeneratedClass '/Game/VehicleCPP/Maps/VehicleExampleMap.VehicleExampleMap_C' with ClassGeneratedBy '/Game/VehicleCPP/Maps/VehicleExampleMap.VehicleExampleMap:PersistentLevel.VehicleExampleMap'
[2019.02.18-17.36.19:543][322]LogBlueprintUserMessages: Early EndPlayMap Detection: Level '/Game/VehicleCPP/Maps/VehicleExampleMap.VehicleExampleMap:PersistentLevel' has LevelScriptBlueprint '/Game/VehicleCPP/Maps/VehicleExampleMap.VehicleExampleMap:PersistentLevel.VehicleExampleMap' with GeneratedClass '/Game/VehicleCPP/Maps/VehicleExampleMap.VehicleExampleMap_C' with ClassGeneratedBy '/Game/VehicleCPP/Maps/VehicleExampleMap.VehicleExampleMap:PersistentLevel.VehicleExampleMap'
[2019.02.18-17.36.19:545][322]LogSlate: Updating window title bar state: overlay mode, drag disabled, window buttons hidden, title bar hidden
[2019.02.18-17.36.19:589][322]LogPlayLevel: Display: Shutting down PIE online subsystems
[2019.02.18-17.36.19:590][322]LogBlueprintUserMessages: Late EndPlayMap Detection: Level '/Game/VehicleCPP/Maps/VehicleExampleMap.VehicleExampleMap:PersistentLevel' has LevelScriptBlueprint '/Game/VehicleCPP/Maps/VehicleExampleMap.VehicleExampleMap:PersistentLevel.VehicleExampleMap' with GeneratedClass '/Game/VehicleCPP/Maps/VehicleExampleMap.VehicleExampleMap_C' with ClassGeneratedBy '/Game/VehicleCPP/Maps/VehicleExampleMap.VehicleExampleMap:PersistentLevel.VehicleExampleMap'
[2019.02.18-17.36.19:618][322]LogSlate: Updating window title bar state: overlay mode, drag disabled, window buttons hidden, title bar hidden
[2019.02.18-17.36.19:655][323]LogPlayLevel: Display: Destroying online subsystem :Context_3
[2019.02.18-17.36.22:872][671]LogEditorViewport: Clicking on Actor (LMB): MyAVehiclePawn_C (MyAVehiclePawn)
[2019.02.18-17.36.26:947][979]LogSlate: FSceneViewport::OnFocusLost() reason 0
[2019.02.18-17.37.09:906][970]Cmd: ACTOR SELECT ALL
[2019.02.18-17.37.11:137][ 58]LogSlate: Took 0.000337 seconds to synchronously load lazily loaded font '../../../Engine/Content/Slate/Fonts/Roboto-Light.ttf' (167K)
[2019.02.18-17.37.11:144][ 58]LogSlate: FSceneViewport::OnFocusLost() reason 2
[2019.02.18-17.37.11:450][ 58]LogSavePackage: Moving 'D:/Humber/Semester 4/Game 260_Game Production/Assignments/VehicleMovement/Saved/VehicleExampleMapD80C89CC468D37947F6733995EF447CF.tmp' to 'D:/Humber/Semester 4/Game 260_Game Production/Assignments/VehicleMovement/Content/VehicleCPP/Maps/VehicleExampleMap.umap'
[2019.02.18-17.37.12:655][ 58]LogSavePackage: Moving 'D:/Humber/Semester 4/Game 260_Game Production/Assignments/VehicleMovement/Saved/VehicleExampleMap_BuiltData6F86707B428CF1A5F3A28BA18A8E8286.tmp' to 'D:/Humber/Semester 4/Game 260_Game Production/Assignments/VehicleMovement/Content/VehicleCPP/Maps/VehicleExampleMap_BuiltData.uasset'
[2019.02.18-17.37.13:349][114]LogEditorViewport: Clicking on Actor (LMB): MyAVehiclePawn_C (MyAVehiclePawn)
[2019.02.18-17.37.16:436][385]LogSlate: FSceneViewport::OnFocusLost() reason 0
[2019.02.18-17.37.18:440][572]LogTemp: Repeating last play command: Selected Viewport
[2019.02.18-17.37.18:454][572]LogBlueprintUserMessages: Early PlayInEditor Detection: Level '/Game/VehicleCPP/Maps/VehicleExampleMap.VehicleExampleMap:PersistentLevel' has LevelScriptBlueprint '/Game/VehicleCPP/Maps/VehicleExampleMap.VehicleExampleMap:PersistentLevel.VehicleExampleMap' with GeneratedClass '/Game/VehicleCPP/Maps/VehicleExampleMap.VehicleExampleMap_C' with ClassGeneratedBy '/Game/VehicleCPP/Maps/VehicleExampleMap.VehicleExampleMap:PersistentLevel.VehicleExampleMap'
[2019.02.18-17.37.18:454][572]LogPlayLevel: PlayLevel: No blueprints needed recompiling
[2019.02.18-17.37.18:454][572]PIE: New page: PIE session: VehicleExampleMap (Feb 18, 2019, 7:37:18 AM)
[2019.02.18-17.37.18:455][572]LogPlayLevel: Creating play world package: /Game/VehicleCPP/Maps/UEDPIE_0_VehicleExampleMap
[2019.02.18-17.37.18:477][572]LogPlayLevel: PIE: StaticDuplicateObject took: (0.023036s)
[2019.02.18-17.37.18:479][572]LogAIModule: Creating AISystem for world VehicleExampleMap
[2019.02.18-17.37.18:479][572]LogPlayLevel: PIE: World Init took: (0.001486s)
[2019.02.18-17.37.18:480][572]LogPlayLevel: PIE: Created PIE world by copying editor world from /Game/VehicleCPP/Maps/VehicleExampleMap.VehicleExampleMap to /Game/VehicleCPP/Maps/UEDPIE_0_VehicleExampleMap.VehicleExampleMap (0.025498s)
[2019.02.18-17.37.18:552][572]LogInit: XAudio2 using 'Headset Earphone (Razer ManO'War 7.1)' : 2 channels at 44.1 kHz using 16 bits per sample (channel mask 0x3)
[2019.02.18-17.37.18:616][572]LogInit: FAudioDevice initialized.
[2019.02.18-17.37.18:651][572]LogLoad: Game class is 'VehicleMovementGameMode'
[2019.02.18-17.37.18:656][572]LogWorld: Bringing World /Game/VehicleCPP/Maps/UEDPIE_0_VehicleExampleMap.VehicleExampleMap up for play (max tick rate 0) at 2019.02.18-12.37.18
[2019.02.18-17.37.18:657][572]LogWorld: Bringing up level for play took: 0.002780
[2019.02.18-17.37.18:673][572]PIE: Play in editor start time for /Game/VehicleCPP/Maps/UEDPIE_0_VehicleExampleMap -0.462
[2019.02.18-17.37.18:673][572]LogBlueprintUserMessages: Late PlayInEditor Detection: Level '/Game/VehicleCPP/Maps/VehicleExampleMap.VehicleExampleMap:PersistentLevel' has LevelScriptBlueprint '/Game/VehicleCPP/Maps/VehicleExampleMap.VehicleExampleMap:PersistentLevel.VehicleExampleMap' with GeneratedClass '/Game/VehicleCPP/Maps/VehicleExampleMap.VehicleExampleMap_C' with ClassGeneratedBy '/Game/VehicleCPP/Maps/VehicleExampleMap.VehicleExampleMap:PersistentLevel.VehicleExampleMap'
[2019.02.18-17.37.40:642][200]LogBlueprintUserMessages: Early EndPlayMap Detection: Level '/Game/VehicleCPP/Maps/VehicleExampleMap.VehicleExampleMap:PersistentLevel' has LevelScriptBlueprint '/Game/VehicleCPP/Maps/VehicleExampleMap.VehicleExampleMap:PersistentLevel.VehicleExampleMap' with GeneratedClass '/Game/VehicleCPP/Maps/VehicleExampleMap.VehicleExampleMap_C' with ClassGeneratedBy '/Game/VehicleCPP/Maps/VehicleExampleMap.VehicleExampleMap:PersistentLevel.VehicleExampleMap'
[2019.02.18-17.37.40:642][200]LogSlate: Updating window title bar state: overlay mode, drag disabled, window buttons hidden, title bar hidden
[2019.02.18-17.37.40:681][200]LogPlayLevel: Display: Shutting down PIE online subsystems
[2019.02.18-17.37.40:681][200]LogBlueprintUserMessages: Late EndPlayMap Detection: Level '/Game/VehicleCPP/Maps/VehicleExampleMap.VehicleExampleMap:PersistentLevel' has LevelScriptBlueprint '/Game/VehicleCPP/Maps/VehicleExampleMap.VehicleExampleMap:PersistentLevel.VehicleExampleMap' with GeneratedClass '/Game/VehicleCPP/Maps/VehicleExampleMap.VehicleExampleMap_C' with ClassGeneratedBy '/Game/VehicleCPP/Maps/VehicleExampleMap.VehicleExampleMap:PersistentLevel.VehicleExampleMap'
[2019.02.18-17.37.40:707][200]LogSlate: Updating window title bar state: overlay mode, drag disabled, window buttons hidden, title bar hidden
[2019.02.18-17.37.40:770][202]LogPlayLevel: Display: Destroying online subsystem :Context_5
[2019.02.18-17.37.41:806][324]LogSlate: FSceneViewport::OnFocusLost() reason 2
[2019.02.18-17.37.42:919][455]LogSlate: FSceneViewport::OnFocusLost() reason 2
[2019.02.18-17.37.43:290][497]LogSlate: FSceneViewport::OnFocusLost() reason 2
[2019.02.18-17.37.45:191][718]LogSlate: FSceneViewport::OnFocusLost() reason 2
[2019.02.18-17.37.46:326][718]LogSlate: Only BGRA pngs, bmps or icos are supported in by External Image Picker
[2019.02.18-17.37.46:469][724]LogTemp: Executing iPhonePackager certificates Engine -bundlename com.YourCompany.VehicleMovement
[2019.02.18-17.37.46:469][724]LogTemp: CWD: C:\Program Files\Epic Games\UE_4.20\Engine\Binaries\DotNET\IOS
[2019.02.18-17.37.46:469][724]LogTemp: Initial Dir: C:\Program Files\Epic Games\UE_4.20
[2019.02.18-17.37.46:469][724]LogTemp: Env CWD: C:\Program Files\Epic Games\UE_4.20\Engine\Binaries\DotNET\IOS
[2019.02.18-17.37.46:478][725]LogTemp: BranchPath = DESKTOP-IAKBS29/C/Program Files/Epic Games/UE_4.20/Engine/Binaries --- GameBranchPath = DESKTOP-IAKBS29/C/Program Files/Epic Games/UE_4.20/Engine/Binaries
[2019.02.18-17.37.46:529][731]LogTemp: IPP ERROR: Could not find provision directory 'C:\Users\Sarfaraz\AppData\Local/Apple Computer/MobileDevice/Provisioning Profiles/'.
[2019.02.18-17.38.43:525][367]LogSlate: Window 'Project Settings' being destroyed
[2019.02.18-17.38.43:533][367]LogSlate: Window 'Project Settings' being destroyed
[2019.02.18-17.38.43:803][391]LogSlate: FSceneViewport::OnFocusLost() reason 2
[2019.02.18-17.38.43:994][391]LogSavePackage: Moving 'D:/Humber/Semester 4/Game 260_Game Production/Assignments/VehicleMovement/Saved/VehicleExampleMap989E64D84CF21F6A3DE9BABA2AF93D83.tmp' to 'D:/Humber/Semester 4/Game 260_Game Production/Assignments/VehicleMovement/Content/VehicleCPP/Maps/VehicleExampleMap.umap'
[2019.02.18-17.38.44:614][391]LogSavePackage: Moving 'D:/Humber/Semester 4/Game 260_Game Production/Assignments/VehicleMovement/Saved/VehicleExampleMap_BuiltData2DF4F3FF44ECDBB9934C1CBACBA1DE85.tmp' to 'D:/Humber/Semester 4/Game 260_Game Production/Assignments/VehicleMovement/Content/VehicleCPP/Maps/VehicleExampleMap_BuiltData.uasset'
[2019.02.18-17.38.44:932][403]LogSlate: FSceneViewport::OnFocusLost() reason 0
[2019.02.18-17.38.44:978][408]LogTemp: Repeating last play command: Selected Viewport
[2019.02.18-17.38.44:990][408]LogBlueprintUserMessages: Early PlayInEditor Detection: Level '/Game/VehicleCPP/Maps/VehicleExampleMap.VehicleExampleMap:PersistentLevel' has LevelScriptBlueprint '/Game/VehicleCPP/Maps/VehicleExampleMap.VehicleExampleMap:PersistentLevel.VehicleExampleMap' with GeneratedClass '/Game/VehicleCPP/Maps/VehicleExampleMap.VehicleExampleMap_C' with ClassGeneratedBy '/Game/VehicleCPP/Maps/VehicleExampleMap.VehicleExampleMap:PersistentLevel.VehicleExampleMap'
[2019.02.18-17.38.44:991][408]LogPlayLevel: PlayLevel: No blueprints needed recompiling
[2019.02.18-17.38.44:991][408]PIE: New page: PIE session: VehicleExampleMap (Feb 18, 2019, 7:38:44 AM)
[2019.02.18-17.38.44:991][408]LogPlayLevel: Creating play world package: /Game/VehicleCPP/Maps/UEDPIE_0_VehicleExampleMap
[2019.02.18-17.38.45:011][408]LogPlayLevel: PIE: StaticDuplicateObject took: (0.020320s)
[2019.02.18-17.38.45:013][408]LogAIModule: Creating AISystem for world VehicleExampleMap
[2019.02.18-17.38.45:013][408]LogPlayLevel: PIE: World Init took: (0.001541s)
[2019.02.18-17.38.45:013][408]LogPlayLevel: PIE: Created PIE world by copying editor world from /Game/VehicleCPP/Maps/VehicleExampleMap.VehicleExampleMap to /Game/VehicleCPP/Maps/UEDPIE_0_VehicleExampleMap.VehicleExampleMap (0.022360s)
[2019.02.18-17.38.45:051][408]LogInit: XAudio2 using 'Headset Earphone (Razer ManO'War 7.1)' : 2 channels at 44.1 kHz using 16 bits per sample (channel mask 0x3)
[2019.02.18-17.38.45:116][408]LogInit: FAudioDevice initialized.
[2019.02.18-17.38.45:155][408]LogLoad: Game class is 'VehicleMovementGameMode'
[2019.02.18-17.38.45:160][408]LogWorld: Bringing World /Game/VehicleCPP/Maps/UEDPIE_0_VehicleExampleMap.VehicleExampleMap up for play (max tick rate 0) at 2019.02.18-12.38.45
[2019.02.18-17.38.45:160][408]LogWorld: Bringing up level for play took: 0.002782
[2019.02.18-17.38.45:174][408]PIE: Play in editor start time for /Game/VehicleCPP/Maps/UEDPIE_0_VehicleExampleMap 0.039
[2019.02.18-17.38.45:175][408]LogBlueprintUserMessages: Late PlayInEditor Detection: Level '/Game/VehicleCPP/Maps/VehicleExampleMap.VehicleExampleMap:PersistentLevel' has LevelScriptBlueprint '/Game/VehicleCPP/Maps/VehicleExampleMap.VehicleExampleMap:PersistentLevel.VehicleExampleMap' with GeneratedClass '/Game/VehicleCPP/Maps/VehicleExampleMap.VehicleExampleMap_C' with ClassGeneratedBy '/Game/VehicleCPP/Maps/VehicleExampleMap.VehicleExampleMap:PersistentLevel.VehicleExampleMap'
[2019.02.18-17.39.06:990][  6]LogBlueprintUserMessages: Early EndPlayMap Detection: Level '/Game/VehicleCPP/Maps/VehicleExampleMap.VehicleExampleMap:PersistentLevel' has LevelScriptBlueprint '/Game/VehicleCPP/Maps/VehicleExampleMap.VehicleExampleMap:PersistentLevel.VehicleExampleMap' with GeneratedClass '/Game/VehicleCPP/Maps/VehicleExampleMap.VehicleExampleMap_C' with ClassGeneratedBy '/Game/VehicleCPP/Maps/VehicleExampleMap.VehicleExampleMap:PersistentLevel.VehicleExampleMap'
[2019.02.18-17.39.06:990][  6]LogSlate: Updating window title bar state: overlay mode, drag disabled, window buttons hidden, title bar hidden
[2019.02.18-17.39.07:027][  6]LogPlayLevel: Display: Shutting down PIE online subsystems
[2019.02.18-17.39.07:027][  6]LogBlueprintUserMessages: Late EndPlayMap Detection: Level '/Game/VehicleCPP/Maps/VehicleExampleMap.VehicleExampleMap:PersistentLevel' has LevelScriptBlueprint '/Game/VehicleCPP/Maps/VehicleExampleMap.VehicleExampleMap:PersistentLevel.VehicleExampleMap' with GeneratedClass '/Game/VehicleCPP/Maps/VehicleExampleMap.VehicleExampleMap_C' with ClassGeneratedBy '/Game/VehicleCPP/Maps/VehicleExampleMap.VehicleExampleMap:PersistentLevel.VehicleExampleMap'
[2019.02.18-17.39.07:054][  6]LogSlate: Updating window title bar state: overlay mode, drag disabled, window buttons hidden, title bar hidden
[2019.02.18-17.39.07:114][  8]LogPlayLevel: Display: Destroying online subsystem :Context_6
[2019.02.18-17.39.08:481][166]LogSlate: FSceneViewport::OnFocusLost() reason 2
[2019.02.18-17.39.09:290][257]LogSlate: FSceneViewport::OnFocusLost() reason 2
[2019.02.18-17.39.10:203][257]LogSlate: Only BGRA pngs, bmps or icos are supported in by External Image Picker
[2019.02.18-17.39.10:334][262]LogTemp: Executing iPhonePackager certificates Engine -bundlename com.YourCompany.VehicleMovement
[2019.02.18-17.39.10:335][262]LogTemp: CWD: C:\Program Files\Epic Games\UE_4.20\Engine\Binaries\DotNET\IOS
[2019.02.18-17.39.10:335][262]LogTemp: Initial Dir: C:\Program Files\Epic Games\UE_4.20
[2019.02.18-17.39.10:335][262]LogTemp: Env CWD: C:\Program Files\Epic Games\UE_4.20\Engine\Binaries\DotNET\IOS
[2019.02.18-17.39.10:346][263]LogTemp: BranchPath = DESKTOP-IAKBS29/C/Program Files/Epic Games/UE_4.20/Engine/Binaries --- GameBranchPath = DESKTOP-IAKBS29/C/Program Files/Epic Games/UE_4.20/Engine/Binaries
[2019.02.18-17.39.10:375][266]LogTemp: IPP ERROR: Could not find provision directory 'C:\Users\Sarfaraz\AppData\Local/Apple Computer/MobileDevice/Provisioning Profiles/'.
[2019.02.18-17.39.38:562][113]LogSlate: Window 'Project Settings' being destroyed
[2019.02.18-17.39.38:570][113]LogSlate: Window 'Project Settings' being destroyed
[2019.02.18-17.39.40:837][202]LogSlate: FSceneViewport::OnFocusLost() reason 0
[2019.02.18-17.39.40:895][209]LogTemp: Repeating last play command: Selected Viewport
[2019.02.18-17.39.40:908][209]LogBlueprintUserMessages: Early PlayInEditor Detection: Level '/Game/VehicleCPP/Maps/VehicleExampleMap.VehicleExampleMap:PersistentLevel' has LevelScriptBlueprint '/Game/VehicleCPP/Maps/VehicleExampleMap.VehicleExampleMap:PersistentLevel.VehicleExampleMap' with GeneratedClass '/Game/VehicleCPP/Maps/VehicleExampleMap.VehicleExampleMap_C' with ClassGeneratedBy '/Game/VehicleCPP/Maps/VehicleExampleMap.VehicleExampleMap:PersistentLevel.VehicleExampleMap'
[2019.02.18-17.39.40:908][209]LogPlayLevel: PlayLevel: No blueprints needed recompiling
[2019.02.18-17.39.40:908][209]PIE: New page: PIE session: VehicleExampleMap (Feb 18, 2019, 7:39:40 AM)
[2019.02.18-17.39.40:909][209]LogPlayLevel: Creating play world package: /Game/VehicleCPP/Maps/UEDPIE_0_VehicleExampleMap
[2019.02.18-17.39.40:928][209]LogPlayLevel: PIE: StaticDuplicateObject took: (0.019211s)
[2019.02.18-17.39.40:929][209]LogAIModule: Creating AISystem for world VehicleExampleMap
[2019.02.18-17.39.40:930][209]LogPlayLevel: PIE: World Init took: (0.001478s)
[2019.02.18-17.39.40:930][209]LogPlayLevel: PIE: Created PIE world by copying editor world from /Game/VehicleCPP/Maps/VehicleExampleMap.VehicleExampleMap to /Game/VehicleCPP/Maps/UEDPIE_0_VehicleExampleMap.VehicleExampleMap (0.021264s)
[2019.02.18-17.39.40:969][209]LogInit: XAudio2 using 'Headset Earphone (Razer ManO'War 7.1)' : 2 channels at 44.1 kHz using 16 bits per sample (channel mask 0x3)
[2019.02.18-17.39.41:031][209]LogInit: FAudioDevice initialized.
[2019.02.18-17.39.41:065][209]LogLoad: Game class is 'VehicleMovementGameMode'
[2019.02.18-17.39.41:071][209]LogWorld: Bringing World /Game/VehicleCPP/Maps/UEDPIE_0_VehicleExampleMap.VehicleExampleMap up for play (max tick rate 0) at 2019.02.18-12.39.41
[2019.02.18-17.39.41:071][209]LogWorld: Bringing up level for play took: 0.002731
[2019.02.18-17.39.41:085][209]PIE: Play in editor start time for /Game/VehicleCPP/Maps/UEDPIE_0_VehicleExampleMap -0.05
[2019.02.18-17.39.41:086][209]LogBlueprintUserMessages: Late PlayInEditor Detection: Level '/Game/VehicleCPP/Maps/VehicleExampleMap.VehicleExampleMap:PersistentLevel' has LevelScriptBlueprint '/Game/VehicleCPP/Maps/VehicleExampleMap.VehicleExampleMap:PersistentLevel.VehicleExampleMap' with GeneratedClass '/Game/VehicleCPP/Maps/VehicleExampleMap.VehicleExampleMap_C' with ClassGeneratedBy '/Game/VehicleCPP/Maps/VehicleExampleMap.VehicleExampleMap:PersistentLevel.VehicleExampleMap'
[2019.02.18-17.40.11:013][774]LogBlueprintUserMessages: Early EndPlayMap Detection: Level '/Game/VehicleCPP/Maps/VehicleExampleMap.VehicleExampleMap:PersistentLevel' has LevelScriptBlueprint '/Game/VehicleCPP/Maps/VehicleExampleMap.VehicleExampleMap:PersistentLevel.VehicleExampleMap' with GeneratedClass '/Game/VehicleCPP/Maps/VehicleExampleMap.VehicleExampleMap_C' with ClassGeneratedBy '/Game/VehicleCPP/Maps/VehicleExampleMap.VehicleExampleMap:PersistentLevel.VehicleExampleMap'
[2019.02.18-17.40.11:013][774]LogSlate: Updating window title bar state: overlay mode, drag disabled, window buttons hidden, title bar hidden
[2019.02.18-17.40.11:052][774]LogPlayLevel: Display: Shutting down PIE online subsystems
[2019.02.18-17.40.11:053][774]LogBlueprintUserMessages: Late EndPlayMap Detection: Level '/Game/VehicleCPP/Maps/VehicleExampleMap.VehicleExampleMap:PersistentLevel' has LevelScriptBlueprint '/Game/VehicleCPP/Maps/VehicleExampleMap.VehicleExampleMap:PersistentLevel.VehicleExampleMap' with GeneratedClass '/Game/VehicleCPP/Maps/VehicleExampleMap.VehicleExampleMap_C' with ClassGeneratedBy '/Game/VehicleCPP/Maps/VehicleExampleMap.VehicleExampleMap:PersistentLevel.VehicleExampleMap'
[2019.02.18-17.40.11:079][774]LogSlate: Updating window title bar state: overlay mode, drag disabled, window buttons hidden, title bar hidden
[2019.02.18-17.40.11:137][776]LogPlayLevel: Display: Destroying online subsystem :Context_7
[2019.02.18-17.40.13:038][  3]LogSlate: FSceneViewport::OnFocusLost() reason 0
[2019.02.18-17.40.13:194][ 12]LogSlate: Window 'VehicleMovement - Unreal Editor' being destroyed
[2019.02.18-17.40.13:195][ 12]LogWindowsTextInputMethodSystem: Display: IME system now deactivated.
[2019.02.18-17.40.13:507][ 13]Cmd: QUIT_EDITOR
[2019.02.18-17.40.13:940][ 13]LogExit: Preparing to exit.
[2019.02.18-17.40.14:330][ 13]LogExit: Editor shut down
[2019.02.18-17.40.14:330][ 13]LogExit: Transaction tracking system shut down
[2019.02.18-17.40.14:665][ 13]LogExit: Object subsystem successfully closed.
[2019.02.18-17.40.14:720][ 13]LogShaderCompilers: Display: Shaders left to compile 0
[2019.02.18-17.40.14:724][ 13]LogD3D11RHI: Shutdown
[2019.02.18-17.40.14:725][ 13]LogD3D11RHI: CleanupD3DDevice
[2019.02.18-17.40.14:735][ 13]LogD3D11RHI: ~FD3D11DynamicRHI
[2019.02.18-17.40.14:818][ 13]LogModuleManager: Shutting down and abandoning module ExternalImagePicker (620)
[2019.02.18-17.40.14:818][ 13]LogModuleManager: Shutting down and abandoning module MovieSceneCapture (618)
[2019.02.18-17.40.14:819][ 13]LogModuleManager: Shutting down and abandoning module Voice (616)
[2019.02.18-17.40.14:820][ 13]LogModuleManager: Shutting down and abandoning module HierarchicalLODOutliner (614)
[2019.02.18-17.40.14:820][ 13]LogModuleManager: Shutting down and abandoning module SceneOutliner (612)
[2019.02.18-17.40.14:821][ 13]LogModuleManager: Shutting down and abandoning module AddContentDialog (610)
[2019.02.18-17.40.14:835][ 13]LogModuleManager: Shutting down and abandoning module WidgetCarousel (609)
[2019.02.18-17.40.14:835][ 13]LogModuleManager: Shutting down and abandoning module EditorWidgets (606)
[2019.02.18-17.40.14:836][ 13]LogModuleManager: Shutting down and abandoning module CollectionManager (604)
[2019.02.18-17.40.14:838][ 13]LogModuleManager: Shutting down and abandoning module StatsViewer (602)
[2019.02.18-17.40.14:838][ 13]LogModuleManager: Shutting down and abandoning module FoliageEdit (600)
[2019.02.18-17.40.14:838][ 13]LogModuleManager: Shutting down and abandoning module LandscapeEditor (598)
[2019.02.18-17.40.14:840][ 13]LogModuleManager: Shutting down and abandoning module MeshPaintMode (596)
[2019.02.18-17.40.14:840][ 13]LogModuleManager: Shutting down and abandoning module SceneDepthPickerMode (594)
[2019.02.18-17.40.14:841][ 13]LogModuleManager: Shutting down and abandoning module ActorPickerMode (592)
[2019.02.18-17.40.14:841][ 13]LogModuleManager: Shutting down and abandoning module GeometryMode (590)
[2019.02.18-17.40.14:841][ 13]LogModuleManager: Shutting down and abandoning module TextureAlignMode (588)
[2019.02.18-17.40.14:841][ 13]LogModuleManager: Shutting down and abandoning module BspMode (586)
[2019.02.18-17.40.14:841][ 13]LogModuleManager: Shutting down and abandoning module PIEPreviewDeviceProfileSelector (584)
[2019.02.18-17.40.14:841][ 13]LogModuleManager: Shutting down and abandoning module SequenceRecorderSections (582)
[2019.02.18-17.40.14:841][ 13]LogModuleManager: Shutting down and abandoning module AutomationWorker (580)
[2019.02.18-17.40.14:841][ 13]LogModuleManager: Shutting down and abandoning module AudioCaptureEditor (578)
[2019.02.18-17.40.14:841][ 13]LogModuleManager: Shutting down and abandoning module SequenceRecorder (577)
[2019.02.18-17.40.14:842][ 13]LogModuleManager: Shutting down and abandoning module MatineeToLevelSequence (574)
[2019.02.18-17.40.14:843][ 13]LogModuleManager: Shutting down and abandoning module LevelSequenceEditor (572)
[2019.02.18-17.40.14:845][ 13]LogModuleManager: Shutting down and abandoning module PlacementMode (571)
[2019.02.18-17.40.14:845][ 13]LogModuleManager: Shutting down and abandoning module MaterialEditor (570)
[2019.02.18-17.40.14:847][ 13]LogModuleManager: Shutting down and abandoning module WmfMediaFactory (566)
[2019.02.18-17.40.14:847][ 13]LogModuleManager: Shutting down and abandoning module WmfMediaEditor (564)
[2019.02.18-17.40.14:847][ 13]LogModuleManager: Shutting down and abandoning module MediaPlayerEditor (562)
[2019.02.18-17.40.14:849][ 13]LogModuleManager: Shutting down and abandoning module OpenExrWrapper (560)
[2019.02.18-17.40.14:849][ 13]LogModuleManager: Shutting down and abandoning module ImgMediaFactory (558)
[2019.02.18-17.40.14:850][ 13]LogModuleManager: Shutting down and abandoning module ImgMediaEditor (556)
[2019.02.18-17.40.14:851][ 13]LogModuleManager: Shutting down and abandoning module AvfMediaFactory (554)
[2019.02.18-17.40.14:851][ 13]LogModuleManager: Shutting down and abandoning module AvfMediaEditor (552)
[2019.02.18-17.40.14:851][ 13]LogModuleManager: Shutting down and abandoning module AndroidMediaFactory (550)
[2019.02.18-17.40.14:852][ 13]LogModuleManager: Shutting down and abandoning module AndroidMediaEditor (548)
[2019.02.18-17.40.14:852][ 13]LogModuleManager: Shutting down and abandoning module MagicLeapCameraPreviewFactory (546)
[2019.02.18-17.40.14:852][ 13]LogModuleManager: Shutting down and abandoning module MagicLeapMediaFactory (544)
[2019.02.18-17.40.14:852][ 13]LogModuleManager: Shutting down and abandoning module MagicLeapMediaEditor (542)
[2019.02.18-17.40.14:853][ 13]LogModuleManager: Shutting down and abandoning module CharacterAI (540)
[2019.02.18-17.40.14:853][ 13]LogModuleManager: Shutting down and abandoning module SmartSnapping (538)
[2019.02.18-17.40.14:853][ 13]LogModuleManager: Shutting down and abandoning module SessionServices (536)
[2019.02.18-17.40.14:853][ 13]LogModuleManager: Shutting down and abandoning module ViewportSnapping (534)
[2019.02.18-17.40.14:854][ 13]LogModuleManager: Shutting down and abandoning module ViewportInteraction (532)
[2019.02.18-17.40.14:854][ 13]LogModuleManager: Shutting down and abandoning module ClothPainter (530)
[2019.02.18-17.40.14:855][ 13]LogModuleManager: Shutting down and abandoning module SkeletalMeshEditor (529)
[2019.02.18-17.40.14:856][ 13]LogModuleManager: Shutting down and abandoning module LogVisualizer (526)
[2019.02.18-17.40.14:857][ 13]LogModuleManager: Shutting down and abandoning module IntroTutorials (524)
[2019.02.18-17.40.14:858][ 13]LogModuleManager: Shutting down and abandoning module GameProjectGeneration (523)
[2019.02.18-17.40.14:858][ 13]LogModuleManager: Shutting down and abandoning module LuminPlatformEditor (520)
[2019.02.18-17.40.14:859][ 13]LogModuleManager: Shutting down and abandoning module IOSPlatformEditor (518)
[2019.02.18-17.40.14:859][ 13]LogModuleManager: Shutting down and abandoning module HTML5PlatformEditor (516)
[2019.02.18-17.40.14:859][ 13]LogModuleManager: Shutting down and abandoning module AndroidPlatformEditor (514)
[2019.02.18-17.40.14:859][ 13]LogModuleManager: Shutting down and abandoning module AndroidDeviceDetection (513)
[2019.02.18-17.40.15:359][ 13]LogModuleManager: Shutting down and abandoning module WindowsPlatformEditor (510)
[2019.02.18-17.40.15:360][ 13]LogModuleManager: Shutting down and abandoning module LuminRuntimeSettings (508)
[2019.02.18-17.40.15:360][ 13]LogModuleManager: Shutting down and abandoning module IOSRuntimeSettings (506)
[2019.02.18-17.40.15:360][ 13]LogModuleManager: Shutting down and abandoning module AndroidRuntimeSettings (504)
[2019.02.18-17.40.15:360][ 13]LogModuleManager: Shutting down and abandoning module InputBindingEditor (502)
[2019.02.18-17.40.15:360][ 13]LogModuleManager: Shutting down and abandoning module MergeActors (500)
[2019.02.18-17.40.15:362][ 13]LogModuleManager: Shutting down and abandoning module LocalizationDashboard (498)
[2019.02.18-17.40.15:362][ 13]LogModuleManager: Shutting down and abandoning module LocalizationService (497)
[2019.02.18-17.40.15:363][ 13]LogModuleManager: Shutting down and abandoning module HardwareTargeting (494)
[2019.02.18-17.40.15:363][ 13]LogModuleManager: Shutting down and abandoning module DeviceProfileEditor (492)
[2019.02.18-17.40.15:363][ 13]LogModuleManager: Shutting down and abandoning module UndoHistory (490)
[2019.02.18-17.40.15:364][ 13]LogModuleManager: Shutting down and abandoning module XmlParser (488)
[2019.02.18-17.40.15:364][ 13]LogModuleManager: Shutting down and abandoning module Blutility (486)
[2019.02.18-17.40.15:365][ 13]LogModuleManager: Shutting down and abandoning module ProjectSettingsViewer (484)
[2019.02.18-17.40.15:365][ 13]LogModuleManager: Shutting down and abandoning module ProjectTargetPlatformEditor (483)
[2019.02.18-17.40.15:365][ 13]LogModuleManager: Shutting down and abandoning module EditorSettingsViewer (480)
[2019.02.18-17.40.15:365][ 13]LogModuleManager: Shutting down and abandoning module SettingsEditor (478)
[2019.02.18-17.40.15:366][ 13]LogModuleManager: Shutting down and abandoning module ProjectLauncher (476)
[2019.02.18-17.40.15:367][ 13]LogModuleManager: Shutting down and abandoning module SessionFrontend (474)
[2019.02.18-17.40.15:368][ 13]LogModuleManager: Shutting down and abandoning module ProfilerClient (472)
[2019.02.18-17.40.15:372][ 13]LogModuleManager: Shutting down and abandoning module DeviceManager (470)
[2019.02.18-17.40.15:373][ 13]LogModuleManager: Shutting down and abandoning module TargetDeviceServices (469)
[2019.02.18-17.40.15:440][ 13]LogModuleManager: Shutting down and abandoning module AutomationController (466)
[2019.02.18-17.40.15:441][ 13]LogModuleManager: Shutting down and abandoning module AutomationWindow (464)
[2019.02.18-17.40.15:443][ 13]LogModuleManager: Shutting down and abandoning module Layers (462)
[2019.02.18-17.40.15:453][ 13]LogModuleManager: Shutting down and abandoning module ComponentVisualizers (460)
[2019.02.18-17.40.15:453][ 13]LogModuleManager: Shutting down and abandoning module DetailCustomizations (458)
[2019.02.18-17.40.15:454][ 13]LogModuleManager: Shutting down and abandoning module PackagesDialog (456)
[2019.02.18-17.40.15:454][ 13]LogModuleManager: Shutting down and abandoning module Persona (454)
[2019.02.18-17.40.15:455][ 13]LogModuleManager: Shutting down and abandoning module AdvancedPreviewScene (453)
[2019.02.18-17.40.15:456][ 13]LogModuleManager: Shutting down and abandoning module AnimGraph (451)
[2019.02.18-17.40.15:456][ 13]LogModuleManager: Shutting down and abandoning module Kismet (448)
[2019.02.18-17.40.15:457][ 13]LogModuleManager: Shutting down and abandoning module GraphEditor (446)
[2019.02.18-17.40.15:459][ 13]LogModuleManager: Shutting down and abandoning module ClassViewer (444)
[2019.02.18-17.40.15:469][ 13]LogModuleManager: Shutting down and abandoning module Toolbox (442)
[2019.02.18-17.40.15:469][ 13]LogModuleManager: Shutting down and abandoning module DesktopPlatform (441)
[2019.02.18-17.40.15:470][ 13]LogModuleManager: Shutting down and abandoning module ModuleUI (438)
[2019.02.18-17.40.15:470][ 13]LogModuleManager: Shutting down and abandoning module MovieSceneTools (436)
[2019.02.18-17.40.15:472][ 13]LogModuleManager: Shutting down and abandoning module OutputLog (434)
[2019.02.18-17.40.15:472][ 13]LogModuleManager: Shutting down and abandoning module GammaUI (432)
[2019.02.18-17.40.15:473][ 13]LogModuleManager: Shutting down and abandoning module Documentation (430)
[2019.02.18-17.40.15:473][ 13]LogModuleManager: Shutting down and abandoning module MovieSceneTracks (428)
[2019.02.18-17.40.15:473][ 13]LogModuleManager: Shutting down and abandoning module MovieScene (426)
[2019.02.18-17.40.15:473][ 13]LogModuleManager: Shutting down and abandoning module StreamingPauseRendering (424)
[2019.02.18-17.40.15:473][ 13]LogModuleManager: Shutting down and abandoning module LauncherPlatform (422)
[2019.02.18-17.40.15:473][ 13]LogModuleManager: Shutting down and abandoning module AnalyticsET (420)
[2019.02.18-17.40.15:473][ 13]LogModuleManager: Shutting down and abandoning module PortalServices (418)
[2019.02.18-17.40.15:473][ 13]LogModuleManager: Shutting down and abandoning module PortalRpc (416)
[2019.02.18-17.40.15:474][ 13]LogModuleManager: Shutting down and abandoning module MessagingRpc (414)
[2019.02.18-17.40.15:474][ 13]LogModuleManager: Shutting down and abandoning module AIModule (412)
[2019.02.18-17.40.15:474][ 13]LogModuleManager: Shutting down and abandoning module GameplayDebugger (411)
[2019.02.18-17.40.15:474][ 13]LogModuleManager: Shutting down and abandoning module AITestSuite (409)
[2019.02.18-17.40.15:474][ 13]LogModuleManager: Shutting down and abandoning module NavigationSystem (407)
[2019.02.18-17.40.15:474][ 13]LogModuleManager: Shutting down and abandoning module ProfilerService (404)
[2019.02.18-17.40.15:640][ 13]LogModuleManager: Shutting down and abandoning module TaskGraph (402)
[2019.02.18-17.40.15:641][ 13]LogModuleManager: Shutting down and abandoning module SteamVRController (400)
[2019.02.18-17.40.15:642][ 13]LogModuleManager: Shutting down and abandoning module ProceduralMeshComponentEditor (398)
[2019.02.18-17.40.15:642][ 13]LogModuleManager: Shutting down and abandoning module ProceduralMeshComponent (396)
[2019.02.18-17.40.15:642][ 13]LogModuleManager: Shutting down and abandoning module OculusInput (394)
[2019.02.18-17.40.15:642][ 13]LogModuleManager: Shutting down and abandoning module MobilePatchingUtils (392)
[2019.02.18-17.40.15:642][ 13]LogModuleManager: Shutting down and abandoning module EditableMesh (390)
[2019.02.18-17.40.15:642][ 13]LogModuleManager: Shutting down and abandoning module CustomMeshComponent (388)
[2019.02.18-17.40.15:643][ 13]LogModuleManager: Shutting down and abandoning module CableComponent (386)
[2019.02.18-17.40.15:643][ 13]LogModuleManager: Shutting down and abandoning module AudioCapture (384)
[2019.02.18-17.40.15:643][ 13]LogModuleManager: Shutting down and abandoning module ArchVisCharacter (382)
[2019.02.18-17.40.15:643][ 13]LogModuleManager: Shutting down and abandoning module AndroidPermission (380)
[2019.02.18-17.40.15:643][ 13]LogModuleManager: Shutting down and abandoning module NUTUnrealEngine4 (378)
[2019.02.18-17.40.15:643][ 13]LogModuleManager: Shutting down and abandoning module NetcodeUnitTest (376)
[2019.02.18-17.40.15:646][ 13]LogModuleManager: Shutting down and abandoning module MediaCompositingEditor (374)
[2019.02.18-17.40.15:646][ 13]LogModuleManager: Shutting down and abandoning module MediaCompositing (372)
[2019.02.18-17.40.15:646][ 13]LogModuleManager: Shutting down and abandoning module LinearTimecode (370)
[2019.02.18-17.40.15:646][ 13]LogModuleManager: Shutting down and abandoning module ImgMedia (368)
[2019.02.18-17.40.15:657][ 13]LogModuleManager: Shutting down and abandoning module RawInput (366)
[2019.02.18-17.40.15:658][ 13]LogModuleManager: Shutting down and abandoning module HTML5Networking (364)
[2019.02.18-17.40.15:659][ 13]LogModuleManager: Shutting down and abandoning module GeometryCacheTracks (362)
[2019.02.18-17.40.15:659][ 13]LogModuleManager: Shutting down and abandoning module GeometryCacheSequencer (360)
[2019.02.18-17.40.15:659][ 13]LogModuleManager: Shutting down and abandoning module BackChannel (358)
[2019.02.18-17.40.15:660][ 13]LogModuleManager: Shutting down and abandoning module AppleVision (356)
[2019.02.18-17.40.15:660][ 13]LogModuleManager: Shutting down and abandoning module AppleImageUtils (354)
[2019.02.18-17.40.15:660][ 13]LogModuleManager: Shutting down and abandoning module AlembicImporter (352)
[2019.02.18-17.40.15:660][ 13]LogModuleManager: Shutting down and abandoning module AlembicLibrary (351)
[2019.02.18-17.40.15:662][ 13]LogModuleManager: Shutting down and abandoning module GeometryCache (350)
[2019.02.18-17.40.15:664][ 13]LogModuleManager: Shutting down and abandoning module GeometryCacheEd (349)
[2019.02.18-17.40.15:665][ 13]LogModuleManager: Shutting down and abandoning module DatasmithContentEditor (344)
[2019.02.18-17.40.15:666][ 13]LogModuleManager: Shutting down and abandoning module DatasmithContent (342)
[2019.02.18-17.40.15:667][ 13]LogModuleManager: Shutting down and abandoning module SpeedTreeImporter (340)
[2019.02.18-17.40.15:667][ 13]LogModuleManager: Shutting down and abandoning module PluginBrowser (338)
[2019.02.18-17.40.15:670][ 13]LogModuleManager: Shutting down and abandoning module MobileLauncherProfileWizard (336)
[2019.02.18-17.40.15:671][ 13]LogModuleManager: Shutting down and abandoning module PolygonModeling (334)
[2019.02.18-17.40.15:672][ 13]LogModuleManager: Shutting down and abandoning module MeshEditor (332)
[2019.02.18-17.40.15:672][ 13]LogModuleManager: Shutting down and abandoning module CryptoKeysOpenSSL (330)
[2019.02.18-17.40.15:672][ 13]LogModuleManager: Shutting down and abandoning module CryptoKeys (328)
[2019.02.18-17.40.15:673][ 13]LogModuleManager: Shutting down and abandoning module VisualStudioSourceCodeAccess (326)
[2019.02.18-17.40.15:673][ 13]LogModuleManager: Shutting down and abandoning module VisualStudioCodeSourceCodeAccess (324)
[2019.02.18-17.40.15:673][ 13]LogModuleManager: Shutting down and abandoning module UObjectPlugin (322)
[2019.02.18-17.40.15:673][ 13]LogModuleManager: Shutting down and abandoning module SubversionSourceControl (320)
[2019.02.18-17.40.15:675][ 13]LogModuleManager: Shutting down and abandoning module PerforceSourceControl (318)
[2019.02.18-17.40.15:678][ 13]LogModuleManager: Shutting down and abandoning module GitSourceControl (316)
[2019.02.18-17.40.15:680][ 13]LogModuleManager: Shutting down and abandoning module SourceControl (315)
[2019.02.18-17.40.15:681][ 13]LogModuleManager: Shutting down and abandoning module CLionSourceCodeAccess (312)
[2019.02.18-17.40.15:682][ 13]LogModuleManager: Shutting down and abandoning module LightPropagationVolumeEditor (310)
[2019.02.18-17.40.15:682][ 13]LogModuleManager: Shutting down and abandoning module PaperTiledImporter (308)
[2019.02.18-17.40.15:682][ 13]LogModuleManager: Shutting down and abandoning module PaperSpriteSheetImporter (306)
[2019.02.18-17.40.15:682][ 13]LogModuleManager: Shutting down and abandoning module Paper2DEditor (304)
[2019.02.18-17.40.15:684][ 13]LogModuleManager: Shutting down and abandoning module MeshPaint (303)
[2019.02.18-17.40.15:684][ 13]LogModuleManager: Shutting down and abandoning module VehicleMovement (300)
[2019.02.18-17.40.15:684][ 13]LogModuleManager: Shutting down and abandoning module RuntimePhysXCooking (298)
[2019.02.18-17.40.15:685][ 13]LogModuleManager: Shutting down and abandoning module PhysXVehiclesEditor (296)
[2019.02.18-17.40.15:685][ 13]LogModuleManager: Shutting down and abandoning module PhysXVehicles (294)
[2019.02.18-17.40.15:685][ 13]LogModuleManager: Shutting down and abandoning module OculusEditor (292)
[2019.02.18-17.40.15:685][ 13]LogModuleManager: Shutting down and abandoning module LocationServicesBPLibrary (290)
[2019.02.18-17.40.15:686][ 13]LogModuleManager: Shutting down and abandoning module ImmediatePhysicsEditor (288)
[2019.02.18-17.40.15:686][ 13]LogModuleManager: Shutting down and abandoning module ImmediatePhysics (286)
[2019.02.18-17.40.15:686][ 13]LogModuleManager: Shutting down and abandoning module ActorSequence (284)
[2019.02.18-17.40.15:686][ 13]LogModuleManager: Shutting down and abandoning module UdpMessaging (282)
[2019.02.18-17.40.15:787][ 13]LogModuleManager: Shutting down and abandoning module TcpMessaging (280)
[2019.02.18-17.40.15:888][ 13]LogModuleManager: Shutting down and abandoning module MagicLeapAudio (278)
[2019.02.18-17.40.15:888][ 13]LogModuleManager: Shutting down and abandoning module GameplayTagsEditor (276)
[2019.02.18-17.40.15:888][ 13]LogModuleManager: Shutting down and abandoning module FacialAnimationEditor (274)
[2019.02.18-17.40.15:889][ 13]LogModuleManager: Shutting down and abandoning module FacialAnimation (272)
[2019.02.18-17.40.15:889][ 13]LogModuleManager: Shutting down and abandoning module DataValidation (270)
[2019.02.18-17.40.15:889][ 13]LogModuleManager: Shutting down and abandoning module AssetManagerEditor (268)
[2019.02.18-17.40.15:891][ 13]LogModuleManager: Shutting down and abandoning module LevelEditor (267)
[2019.02.18-17.40.15:892][ 13]LogModuleManager: Shutting down and abandoning module PixelInspectorModule (266)
[2019.02.18-17.40.15:893][ 13]LogModuleManager: Shutting down and abandoning module CommonMenuExtensions (264)
[2019.02.18-17.40.15:894][ 13]LogModuleManager: Shutting down and abandoning module MainFrame (262)
[2019.02.18-17.40.15:894][ 13]LogModuleManager: Shutting down and abandoning module HotReload (261)
[2019.02.18-17.40.15:895][ 13]LogModuleManager: Shutting down and abandoning module ContentBrowser (257)
[2019.02.18-17.40.15:896][ 13]LogModuleManager: Shutting down and abandoning module TreeMap (255)
[2019.02.18-17.40.15:897][ 13]LogModuleManager: Shutting down and abandoning module LightPropagationVolumeRuntime (252)
[2019.02.18-17.40.15:897][ 13]LogModuleManager: Shutting down and abandoning module AISupportModule (250)
[2019.02.18-17.40.15:897][ 13]LogModuleManager: Shutting down and abandoning module Paper2D (248)
[2019.02.18-17.40.15:897][ 13]LogModuleManager: Shutting down and abandoning module WindowsMoviePlayer (246)
[2019.02.18-17.40.15:898][ 13]LogModuleManager: Shutting down and abandoning module WmfMedia (244)
[2019.02.18-17.40.15:902][ 13]LogModuleManager: Shutting down and abandoning module Media (243)
[2019.02.18-17.40.15:909][ 13]LogModuleManager: Shutting down and abandoning module PacketHandler (240)
[2019.02.18-17.40.15:909][ 13]LogModuleManager: Shutting down and abandoning module ClothingSystemEditor (238)
[2019.02.18-17.40.15:909][ 13]LogModuleManager: Shutting down and abandoning module ClothingSystemRuntime (236)
[2019.02.18-17.40.15:911][ 13]LogModuleManager: Shutting down and abandoning module MediaAssets (234)
[2019.02.18-17.40.15:911][ 13]LogModuleManager: Shutting down and abandoning module Overlay (232)
[2019.02.18-17.40.15:911][ 13]LogModuleManager: Shutting down and abandoning module OverlayEditor (231)
[2019.02.18-17.40.15:911][ 13]LogModuleManager: Shutting down and abandoning module VREditor (228)
[2019.02.18-17.40.15:911][ 13]LogModuleManager: Shutting down and abandoning module StringTableEditor (226)
[2019.02.18-17.40.15:912][ 13]LogModuleManager: Shutting down and abandoning module GameplayTasksEditor (224)
[2019.02.18-17.40.15:912][ 13]LogModuleManager: Shutting down and abandoning module BehaviorTreeEditor (222)
[2019.02.18-17.40.15:914][ 13]LogModuleManager: Shutting down and abandoning module FunctionalTesting (220)
[2019.02.18-17.40.15:914][ 13]LogModuleManager: Shutting down and abandoning module CollisionAnalyzer (218)
[2019.02.18-17.40.15:916][ 13]LogModuleManager: Shutting down and abandoning module WorkspaceMenuStructure (217)
[2019.02.18-17.40.15:918][ 13]LogModuleManager: Shutting down and abandoning module UMG (214)
[2019.02.18-17.40.15:918][ 13]LogModuleManager: Shutting down and abandoning module UMGEditor (213)
[2019.02.18-17.40.15:919][ 13]LogModuleManager: Shutting down and abandoning module Sequencer (212)
[2019.02.18-17.40.15:922][ 13]LogModuleManager: Shutting down and abandoning module MessageLog (209)
[2019.02.18-17.40.15:922][ 13]LogModuleManager: Shutting down and abandoning module SlateReflector (204)
[2019.02.18-17.40.15:924][ 13]LogModuleManager: Shutting down and abandoning module Slate (202)
[2019.02.18-17.40.15:925][ 13]LogModuleManager: Shutting down and abandoning module EditorStyle (200)
[2019.02.18-17.40.15:929][ 13]LogModuleManager: Shutting down and abandoning module MRMesh (198)
[2019.02.18-17.40.15:929][ 13]LogModuleManager: Shutting down and abandoning module SourceCodeAccess (196)
[2019.02.18-17.40.15:930][ 13]LogModuleManager: Shutting down and abandoning module HeadMountedDisplay (194)
[2019.02.18-17.40.15:930][ 13]LogModuleManager: Shutting down and abandoning module XAudio2 (192)
[2019.02.18-17.40.15:930][ 13]LogModuleManager: Shutting down and abandoning module Networking (190)
[2019.02.18-17.40.15:930][ 13]LogModuleManager: Shutting down and abandoning module Core (188)
[2019.02.18-17.40.15:930][ 13]LogModuleManager: Shutting down and abandoning module LevelSequence (186)
[2019.02.18-17.40.15:930][ 13]LogModuleManager: Shutting down and abandoning module KismetCompiler (184)
[2019.02.18-17.40.15:930][ 13]LogModuleManager: Shutting down and abandoning module MeshUtilities (182)
[2019.02.18-17.40.15:931][ 13]LogModuleManager: Shutting down and abandoning module MeshMergeUtilities (181)
[2019.02.18-17.40.15:932][ 13]LogModuleManager: Shutting down and abandoning module MeshReductionInterface (180)
[2019.02.18-17.40.15:932][ 13]LogModuleManager: Shutting down and abandoning module SimplygonSwarm (179)
[2019.02.18-17.40.15:933][ 13]LogModuleManager: Shutting down and abandoning module ProxyLODMeshReduction (177)
[2019.02.18-17.40.15:935][ 13]LogModuleManager: Shutting down and abandoning module SimplygonMeshReduction (175)
[2019.02.18-17.40.15:936][ 13]LogModuleManager: Shutting down and abandoning module QuadricMeshReduction (173)
[2019.02.18-17.40.15:936][ 13]LogModuleManager: Shutting down and abandoning module MaterialBaking (169)
[2019.02.18-17.40.15:937][ 13]LogModuleManager: Shutting down and abandoning module DirectoryWatcher (165)
[2019.02.18-17.40.15:937][ 13]LogModuleManager: Shutting down and abandoning module DerivedDataCache (162)
[2019.02.18-17.40.15:954][ 13]LogDerivedDataCache: Shutdown
[2019.02.18-17.40.15:954][ 13]LogModuleManager: Shutting down and abandoning module XGEController (160)
[2019.02.18-17.40.15:955][ 13]LogXGEController: Cleaning working directory: C:/Users/Sarfaraz/AppData/Local/Temp/UnrealXGEWorkingDir/
[2019.02.18-17.40.15:955][ 13]LogModuleManager: Shutting down and abandoning module TargetPlatform (158)
[2019.02.18-17.40.15:955][ 13]LogModuleManager: Shutting down and abandoning module VulkanShaderFormat (157)
[2019.02.18-17.40.15:956][ 13]LogModuleManager: Shutting down and abandoning module ShaderFormatVectorVM (155)
[2019.02.18-17.40.15:956][ 13]LogModuleManager: Shutting down and abandoning module ShaderFormatOpenGL (153)
[2019.02.18-17.40.15:957][ 13]LogModuleManager: Shutting down and abandoning module ShaderFormatD3D (151)
[2019.02.18-17.40.15:957][ 13]LogModuleManager: Shutting down and abandoning module MetalShaderFormat (149)
[2019.02.18-17.40.15:958][ 13]LogModuleManager: Shutting down and abandoning module TextureFormatUncompressed (147)
[2019.02.18-17.40.15:958][ 13]LogModuleManager: Shutting down and abandoning module TextureFormatPVR (145)
[2019.02.18-17.40.15:958][ 13]LogModuleManager: Shutting down and abandoning module TextureFormatDXT (143)
[2019.02.18-17.40.15:959][ 13]LogModuleManager: Shutting down and abandoning module TextureFormatIntelISPCTexComp (141)
[2019.02.18-17.40.15:960][ 13]LogModuleManager: Shutting down and abandoning module TextureFormatASTC (139)
[2019.02.18-17.40.15:961][ 13]LogModuleManager: Shutting down and abandoning module ImageWrapper (138)
[2019.02.18-17.40.15:961][ 13]LogModuleManager: Shutting down and abandoning module TextureFormatAndroid (135)
[2019.02.18-17.40.15:961][ 13]LogModuleManager: Shutting down and abandoning module AudioFormatOpus (133)
[2019.02.18-17.40.15:961][ 13]LogModuleManager: Shutting down and abandoning module AudioFormatOgg (131)
[2019.02.18-17.40.15:961][ 13]LogModuleManager: Shutting down and abandoning module AudioFormatADPCM (129)
[2019.02.18-17.40.15:961][ 13]LogModuleManager: Shutting down and abandoning module LuminTargetPlatform (127)
[2019.02.18-17.40.15:962][ 13]LogModuleManager: Shutting down and abandoning module LinuxTargetPlatform (125)
[2019.02.18-17.40.15:962][ 13]LogModuleManager: Shutting down and abandoning module LinuxServerTargetPlatform (123)
[2019.02.18-17.40.15:962][ 13]LogModuleManager: Shutting down and abandoning module LinuxNoEditorTargetPlatform (121)
[2019.02.18-17.40.15:962][ 13]LogModuleManager: Shutting down and abandoning module LinuxClientTargetPlatform (119)
[2019.02.18-17.40.15:963][ 13]LogModuleManager: Shutting down and abandoning module TVOSTargetPlatform (117)
[2019.02.18-17.40.15:964][ 13]LogModuleManager: Shutting down and abandoning module Messaging (115)
[2019.02.18-17.40.15:964][ 13]LogModuleManager: Shutting down and abandoning module IOSTargetPlatform (113)
[2019.02.18-17.40.15:965][ 13]LogModuleManager: Shutting down and abandoning module HTML5TargetPlatform (111)
[2019.02.18-17.40.15:965][ 13]LogModuleManager: Shutting down and abandoning module AndroidTargetPlatform (109)
[2019.02.18-17.40.15:972][ 13]LogModuleManager: Shutting down and abandoning module WindowsTargetPlatform (107)
[2019.02.18-17.40.15:972][ 13]LogModuleManager: Shutting down and abandoning module WindowsServerTargetPlatform (105)
[2019.02.18-17.40.15:972][ 13]LogModuleManager: Shutting down and abandoning module WindowsNoEditorTargetPlatform (103)
[2019.02.18-17.40.15:973][ 13]LogModuleManager: Shutting down and abandoning module WindowsClientTargetPlatform (101)
[2019.02.18-17.40.15:973][ 13]LogModuleManager: Shutting down and abandoning module MacTargetPlatform (99)
[2019.02.18-17.40.15:973][ 13]LogModuleManager: Shutting down and abandoning module MacServerTargetPlatform (97)
[2019.02.18-17.40.15:974][ 13]LogModuleManager: Shutting down and abandoning module MacNoEditorTargetPlatform (95)
[2019.02.18-17.40.15:974][ 13]LogModuleManager: Shutting down and abandoning module MacClientTargetPlatform (93)
[2019.02.18-17.40.15:974][ 13]LogModuleManager: Shutting down and abandoning module AllDesktopTargetPlatform (91)
[2019.02.18-17.40.15:974][ 13]LogModuleManager: Shutting down and abandoning module InputCore (88)
[2019.02.18-17.40.15:975][ 13]LogModuleManager: Shutting down and abandoning module Settings (86)
[2019.02.18-17.40.15:975][ 13]LogModuleManager: Shutting down and abandoning module PhysXCooking (84)
[2019.02.18-17.40.15:975][ 13]LogModuleManager: Shutting down and abandoning module SteamVR (82)
[2019.02.18-17.40.15:975][ 13]LogModuleManager: Shutting down and abandoning module OculusHMD (80)
[2019.02.18-17.40.15:975][ 13]LogModuleManager: Shutting down and abandoning module ExampleDeviceProfileSelector (78)
[2019.02.18-17.40.15:976][ 13]LogModuleManager: Shutting down and abandoning module LauncherChunkInstaller (76)
[2019.02.18-17.40.15:976][ 13]LogModuleManager: Shutting down and abandoning module OnlineBlueprintSupport (74)
[2019.02.18-17.40.15:976][ 13]LogModuleManager: Shutting down and abandoning module OnlineSubsystem (70)
[2019.02.18-17.40.15:977][ 13]LogModuleManager: Shutting down and abandoning module XMPP (65)
[2019.02.18-17.40.15:980][ 13]LogModuleManager: Shutting down and abandoning module WebSockets (64)
[2019.02.18-17.40.16:013][ 13]LogModuleManager: Shutting down and abandoning module HTTP (61)
[2019.02.18-17.40.16:013][ 13]LogHttp: Display: Http module shutting down, but needs to wait on 1 outstanding Http requests:
[2019.02.18-17.40.16:013][ 13]LogHttp: Display: 	verb=[POST] url=[https://datarouter.ol.epicgames.com/datarouter/api/v1/public/data?SessionID=%7B69C4E1CD-42A7-AB2B-D943-7C916AB32137%7D&AppID=UEEditor.Rocket.Release&AppVersion=4.20.3-4369336%2B%2B%2BUE4%2BRelease-4.20&UserID=3fb737224a51bc632581bd91c14d1591%7C8ae81fff8fc647328846e802f56b3813%7Cedc5a6d1-e041-41b6-9db5-cad6714b3343&AppEnvironment=datacollector-binary&UploadType=eteventstream] status=Processing
[2019.02.18-17.40.16:023][ 13]LogModuleManager: Shutting down and abandoning module SSL (60)
[2019.02.18-17.40.16:026][ 13]LogModuleManager: Shutting down and abandoning module MagicLeapEmulator (56)
[2019.02.18-17.40.16:026][ 13]LogModuleManager: Shutting down and abandoning module MagicLeapPrivileges (54)
[2019.02.18-17.40.16:026][ 13]LogModuleManager: Shutting down and abandoning module MagicLeapIdentity (52)
[2019.02.18-17.40.16:026][ 13]LogModuleManager: Shutting down and abandoning module MagicLeapHelperVulkan (50)
[2019.02.18-17.40.16:026][ 13]LogModuleManager: Shutting down and abandoning module MagicLeapHelperOpenGL (48)
[2019.02.18-17.40.16:027][ 13]LogModuleManager: Shutting down and abandoning module MagicLeapSecureStorage (46)
[2019.02.18-17.40.16:027][ 13]LogModuleManager: Shutting down and abandoning module MagicLeapGestures (44)
[2019.02.18-17.40.16:027][ 13]LogModuleManager: Shutting down and abandoning module MagicLeapEyeTracker (42)
[2019.02.18-17.40.16:027][ 13]LogModuleManager: Shutting down and abandoning module MagicLeapController (40)
[2019.02.18-17.40.16:027][ 13]LogSlate: Slate User Destroyed.  User Index 0, Is Virtual User: 0
[2019.02.18-17.40.16:028][ 13]LogModuleManager: Shutting down and abandoning module MagicLeap (38)
[2019.02.18-17.40.16:029][ 13]LogModuleManager: Shutting down and abandoning module AnimationModifiers (36)
[2019.02.18-17.40.16:030][ 13]LogModuleManager: Shutting down and abandoning module PropertyEditor (35)
[2019.02.18-17.40.16:031][ 13]LogModuleManager: Shutting down and abandoning module AudioEditor (32)
[2019.02.18-17.40.16:032][ 13]LogModuleManager: Shutting down and abandoning module TextureCompressor (30)
[2019.02.18-17.40.16:038][ 13]LogModuleManager: Shutting down and abandoning module ShaderCore (28)
[2019.02.18-17.40.16:038][ 13]LogModuleManager: Shutting down and abandoning module Landscape (26)
[2019.02.18-17.40.16:038][ 13]LogModuleManager: Shutting down and abandoning module SlateRHIRenderer (24)
[2019.02.18-17.40.16:040][ 13]LogModuleManager: Shutting down and abandoning module OpenGLDrv (22)
[2019.02.18-17.40.16:041][ 13]LogModuleManager: Shutting down and abandoning module D3D11RHI (20)
[2019.02.18-17.40.16:041][ 13]LogModuleManager: Shutting down and abandoning module AnimGraphRuntime (18)
[2019.02.18-17.40.16:041][ 13]LogModuleManager: Shutting down and abandoning module Renderer (16)
[2019.02.18-17.40.16:041][ 13]LogModuleManager: Shutting down and abandoning module Engine (14)
[2019.02.18-17.40.16:041][ 13]LogModuleManager: Shutting down and abandoning module CoreUObject (12)
[2019.02.18-17.40.16:041][ 13]LogModuleManager: Shutting down and abandoning module NetworkFile (10)
[2019.02.18-17.40.16:041][ 13]LogModuleManager: Shutting down and abandoning module CookedIterativeFile (8)
[2019.02.18-17.40.16:042][ 13]LogModuleManager: Shutting down and abandoning module StreamingFile (6)
[2019.02.18-17.40.16:042][ 13]LogModuleManager: Shutting down and abandoning module SandboxFile (4)
[2019.02.18-17.40.16:042][ 13]LogModuleManager: Shutting down and abandoning module PakFile (2)
[2019.02.18-17.40.16:053][ 13]LogExit: Exiting.
[2019.02.18-17.40.16:064][ 13]Log file closed, 02/18/19 12:40:16
