Log file open, 03/02/19 19:40:52
LogWindows: Failed to load 'aqProf.dll' (GetLastError=126)
LogWindows: File 'aqProf.dll' does not exist
LogWindows: Failed to load 'VSPerf140.dll' (GetLastError=126)
LogWindows: File 'VSPerf140.dll' does not exist
LogWindows: Failed to load 'VtuneApi.dll' (GetLastError=126)
LogWindows: File 'VtuneApi.dll' does not exist
LogWindows: Failed to load 'VtuneApi32e.dll' (GetLastError=126)
LogWindows: File 'VtuneApi32e.dll' does not exist
LogInit: Display: Running engine for game: VehicleMovement
LogPlatformFile: Not using cached read wrapper
LogTaskGraph: Started task graph with 5 named threads and 20 total threads with 3 sets of task threads.
LogStats: Stats thread started at 3.142949
LogD3D11RHI: Loaded GFSDK_Aftermath_Lib.x64.dll
LogICUInternationalization: Display: ICU TimeZone Detection - Raw Offset: -5:00, Platform Override: ''
LogPluginManager: Mounting plugin Paper2D
LogPluginManager: Mounting plugin AISupport
LogPluginManager: Mounting plugin LightPropagationVolume
LogPluginManager: Mounting plugin CLionSourceCodeAccess
LogPluginManager: Mounting plugin CodeLiteSourceCodeAccess
LogPluginManager: Mounting plugin GitSourceControl
LogPluginManager: Mounting plugin KDevelopSourceCodeAccess
LogPluginManager: Mounting plugin NullSourceCodeAccess
LogPluginManager: Mounting plugin PerforceSourceControl
LogPluginManager: Mounting plugin SubversionSourceControl
LogPluginManager: Mounting plugin UObjectPlugin
LogPluginManager: Mounting plugin VisualStudioCodeSourceCodeAccess
LogPluginManager: Mounting plugin VisualStudioSourceCodeAccess
LogPluginManager: Mounting plugin XCodeSourceCodeAccess
LogPluginManager: Mounting plugin AssetManagerEditor
LogPluginManager: Mounting plugin CryptoKeys
LogPluginManager: Mounting plugin DataValidation
LogPluginManager: Mounting plugin FacialAnimation
LogPluginManager: Mounting plugin GameplayTagsEditor
LogPluginManager: Mounting plugin MacGraphicsSwitching
LogPluginManager: Mounting plugin MeshEditor
LogPluginManager: Mounting plugin MobileLauncherProfileWizard
LogPluginManager: Mounting plugin PluginBrowser
LogPluginManager: Mounting plugin SpeedTreeImporter
LogPluginManager: Mounting plugin DatasmithContent
LogPluginManager: Mounting plugin AlembicImporter
LogPluginManager: Mounting plugin AppleImageUtils
LogPluginManager: Mounting plugin AppleVision
LogPluginManager: Mounting plugin BackChannel
LogPluginManager: Mounting plugin CharacterAI
LogPluginManager: Mounting plugin GeometryCache
LogPluginManager: Mounting plugin HTML5Networking
LogPluginManager: Mounting plugin ProxyLODPlugin
LogPluginManager: Mounting plugin RawInput
LogPluginManager: Mounting plugin MagicLeap
LogPluginManager: Mounting plugin MagicLeapEmulator
LogPluginManager: Mounting plugin MagicLeapMedia
LogPluginManager: Mounting plugin AndroidMedia
LogPluginManager: Mounting plugin AvfMedia
LogPluginManager: Mounting plugin ImgMedia
LogPluginManager: Mounting plugin LinearTimecode
LogPluginManager: Mounting plugin MediaCompositing
LogPluginManager: Mounting plugin MediaPlayerEditor
LogPluginManager: Mounting plugin WmfMedia
LogPluginManager: Mounting plugin TcpMessaging
LogPluginManager: Mounting plugin UdpMessaging
LogPluginManager: Mounting plugin ActorSequence
LogPluginManager: Mounting plugin LevelSequenceEditor
LogPluginManager: Mounting plugin MatineeToLevelSequence
LogPluginManager: Mounting plugin NetcodeUnitTest
LogPluginManager: Mounting plugin NUTUnrealEngine4
LogPluginManager: Mounting plugin OnlineSubsystemGooglePlay
LogPluginManager: Mounting plugin OnlineSubsystemIOS
LogPluginManager: Mounting plugin OnlineSubsystem
LogPluginManager: Mounting plugin OnlineSubsystemNull
LogPluginManager: Mounting plugin OnlineSubsystemUtils
LogPluginManager: Mounting plugin LauncherChunkInstaller
LogPluginManager: Mounting plugin AndroidDeviceProfileSelector
LogPluginManager: Mounting plugin AndroidMoviePlayer
LogPluginManager: Mounting plugin AndroidPermission
LogPluginManager: Mounting plugin AppleMoviePlayer
LogPluginManager: Mounting plugin ArchVisCharacter
LogPluginManager: Mounting plugin AudioCapture
LogPluginManager: Mounting plugin CableComponent
LogPluginManager: Mounting plugin CustomMeshComponent
LogPluginManager: Mounting plugin EditableMesh
LogPluginManager: Mounting plugin ExampleDeviceProfileSelector
LogPluginManager: Mounting plugin GoogleCloudMessaging
LogPluginManager: Mounting plugin ImmediatePhysics
LogPluginManager: Mounting plugin IOSDeviceProfileSelector
LogPluginManager: Mounting plugin LinuxDeviceProfileSelector
LogPluginManager: Mounting plugin LocationServicesBPLibrary
LogPluginManager: Mounting plugin MobilePatchingUtils
LogPluginManager: Mounting plugin OculusVR
LogPluginManager: Plugin shader directory ../../../Engine/Plugins/Runtime/Oculus/OculusVR/Shaders found
LogPluginManager: Mapping shader source directory ../../../Engine/Plugins/Runtime/Oculus/OculusVR/Shaders to virtual directory /Plugin/OculusVR
LogPluginManager: Mounting plugin PhysXVehicles
LogPluginManager: Mounting plugin ProceduralMeshComponent
LogPluginManager: Mounting plugin RuntimePhysXCooking
LogPluginManager: Mounting plugin SteamVR
LogPluginManager: Mounting plugin WindowsMoviePlayer
LogStreaming: Display: Took  0.285s to configure plugins.
LogInit: Using libcurl 7.55.1-DEV
LogInit:  - built for x86_64-pc-win32
LogInit:  - supports SSL with OpenSSL/1.0.2h
LogInit:  - supports HTTP deflate (compression) using libz 1.2.8
LogInit:  - other features:
LogInit:      CURL_VERSION_SSL
LogInit:      CURL_VERSION_LIBZ
LogInit:      CURL_VERSION_IPV6
LogInit:      CURL_VERSION_ASYNCHDNS
LogInit:      CURL_VERSION_LARGEFILE
LogInit:      CURL_VERSION_IDN
LogInit:  CurlRequestOptions (configurable via config and command line):
LogInit:  - bVerifyPeer = false  - Libcurl will NOT verify peer certificate
LogInit:  - bUseHttpProxy = false  - Libcurl will NOT use HTTP proxy
LogInit:  - bDontReuseConnections = false  - Libcurl will reuse connections
LogInit:  - CertBundlePath = nullptr  - Libcurl will use whatever was configured at build time.
LogInit:  - MaxHostConnections = 16  - Libcurl will limit the number of connections to a host
LogInit:  - LocalHostAddr = Default
LogInit:  - BufferSize = 65536
LogInit: WinSock: version 1.1 (2.2), MaxSocks=32767, MaxUdp=65467
LogInit: Build: ++UE4+Release-4.20-CL-4369336
LogInit: Engine Version: 4.20.3-4369336+++UE4+Release-4.20
LogInit: Compatible Engine Version: 4.20.0-4212847+++UE4+Release-4.20
LogInit: Net CL: 4212847
LogInit: OS: Windows 10 (), CPU: Intel(R) Core(TM) i5-8400 CPU @ 2.80GHz, GPU: NVIDIA GeForce GTX 1050 Ti
LogInit: Compiled (64-bit): Sep 17 2018 12:26:19
LogInit: Compiled with Visual C++: 19.13.26129.00
LogInit: Build Configuration: Development
LogInit: Branch Name: ++UE4+Release-4.20
LogInit: Command Line:  -skipcompile
LogInit: Base Directory: D:/UE_4.20/Engine/Binaries/Win64/
LogInit: Installed Engine Build: 1
LogDevObjectVersion: Number of dev versions registered: 20
LogDevObjectVersion:   Dev-Blueprints (B0D832E4-1F89-4F0D-ACCF-7EB736FD4AA2): 10
LogDevObjectVersion:   Dev-Build (E1C64328-A22C-4D53-A36C-8E866417BD8C): 0
LogDevObjectVersion:   Dev-Core (375EC13C-06E4-48FB-B500-84F0262A717E): 2
LogDevObjectVersion:   Dev-Editor (E4B068ED-F494-42E9-A231-DA0B2E46BB41): 24
LogDevObjectVersion:   Dev-Framework (CFFC743F-43B0-4480-9391-14DF171D2073): 34
LogDevObjectVersion:   Dev-Mobile (B02B49B5-BB20-44E9-A304-32B752E40360): 2
LogDevObjectVersion:   Dev-Networking (A4E4105C-59A1-49B5-A7C5-40C4547EDFEE): 0
LogDevObjectVersion:   Dev-Online (39C831C9-5AE6-47DC-9A44-9C173E1C8E7C): 0
LogDevObjectVersion:   Dev-Physics (78F01B33-EBEA-4F98-B9B4-84EACCB95AA2): 0
LogDevObjectVersion:   Dev-Platform (6631380F-2D4D-43E0-8009-CF276956A95A): 0
LogDevObjectVersion:   Dev-Rendering (12F88B9F-8875-4AFC-A67C-D90C383ABD29): 26
LogDevObjectVersion:   Dev-Sequencer (7B5AE74C-D270-4C10-A958-57980B212A5A): 9
LogDevObjectVersion:   Dev-VR (D7296918-1DD6-4BDD-9DE2-64A83CC13884): 2
LogDevObjectVersion:   Dev-LoadTimes (C2A15278-BFE7-4AFE-6C17-90FF531DF755): 1
LogDevObjectVersion:   Private-Geometry (6EACA3D4-40EC-4CC1-B786-8BED09428FC5): 3
LogDevObjectVersion:   Dev-AnimPhys (29E575DD-E0A3-4627-9D10-D276232CDCEA): 17
LogDevObjectVersion:   Dev-ReflectionCapture (6B266CEC-1EC7-4B8F-A30B-E4D90942FC07): 1
LogDevObjectVersion:   Dev-Automation (0DF73D61-A23F-47EA-B727-89E90C41499A): 1
LogDevObjectVersion:   FortniteMain (601D1886-AC64-4F84-AA16-D3DE0DEAC7D6): 12
LogDevObjectVersion:   Dev-Enterprise (9DFFBCD6-494F-0158-E221-12823C92A888): 1
LogStreaming: Display: Took  0.014s to delete old logs.
LogInit: Presizing for max 8388607 objects, including 0 objects not considered by GC, pre-allocating 0 bytes for permanent pool.
LogInit: Object subsystem initialized
[2019.03.03-00.40.54:079][  0]LogInit: Selected Device Profile: [Windows]
[2019.03.03-00.40.54:079][  0]LogInit: Applying CVar settings loaded from the selected device profile: [Windows]
[2019.03.03-00.40.54:114][  0]LogHAL: Display: Platform has ~ 8 GB [8523337728 / 8589934592 / 8], which maps to Default [LargestMinGB=32, LargerMinGB=12, DefaultMinGB=8, SmallerMinGB=6, SmallestMinGB=0)
[2019.03.03-00.40.54:124][  0]LogInit: Setting Device Profile CVar: [[r.Vulkan.UseRealUBs:1]]
[2019.03.03-00.40.54:124][  0]LogInit: Going up to parent DeviceProfile []
[2019.03.03-00.40.54:148][  0]LogInit: Computer: DESKTOP-IF8BQD3
[2019.03.03-00.40.54:148][  0]LogInit: User: ChiyokoYumi
[2019.03.03-00.40.54:148][  0]LogInit: CPU Page size=4096, Cores=6
[2019.03.03-00.40.54:148][  0]LogInit: High frequency timer resolution =10.000000 MHz
[2019.03.03-00.40.54:148][  0]LogMemory: Memory total: Physical=7.9GB (8GB approx)
[2019.03.03-00.40.54:148][  0]LogMemory: Platform Memory Stats for Windows
[2019.03.03-00.40.54:148][  0]LogMemory: Process Physical Memory: 102.09 MB used, 102.10 MB peak
[2019.03.03-00.40.54:148][  0]LogMemory: Process Virtual Memory: 84.89 MB used, 84.89 MB peak
[2019.03.03-00.40.54:148][  0]LogMemory: Physical Memory: 6107.56 MB used,  2020.93 MB free, 8128.49 MB total
[2019.03.03-00.40.54:148][  0]LogMemory: Virtual Memory: 4618.13 MB used,  2020.93 MB free, 134217728.00 MB total
[2019.03.03-00.40.55:030][  0]LogInit: Using OS detected language (en-US).
[2019.03.03-00.40.55:030][  0]LogInit: Using OS detected locale (en-CA).
[2019.03.03-00.40.55:086][  0]LogTextLocalizationManager: No specific localization for 'en-US' exists, so the 'en' localization will be used.
[2019.03.03-00.40.55:753][  0]LogStreaming: Display: Took  0.724s to InitEngineTextLocalization.
[2019.03.03-00.40.55:754][  0]LogInit: Setting process to per monitor DPI aware
[2019.03.03-00.40.56:135][  0]LogSlate: New Slate User Created.  User Index 0, Is Virtual User: 0
[2019.03.03-00.40.56:135][  0]LogSlate: Slate User Registered.  User Index 0, Is Virtual User: 0
[2019.03.03-00.40.56:767][  0]LogHMD: Failed to initialize OpenVR with code 110
[2019.03.03-00.40.56:767][  0]LogD3D11RHI: D3D11 adapters:
[2019.03.03-00.40.57:014][  0]LogD3D11RHI:    0. 'NVIDIA GeForce GTX 1050 Ti' (Feature Level 11_0)
[2019.03.03-00.40.57:014][  0]LogD3D11RHI:       4018/0/4064 MB DedicatedVideo/DedicatedSystem/SharedSystem, Outputs:2, VendorId:0x10de
[2019.03.03-00.40.57:025][  0]LogD3D11RHI:    1. 'Microsoft Basic Render Driver' (Feature Level 11_0)
[2019.03.03-00.40.57:025][  0]LogD3D11RHI:       0/0/4064 MB DedicatedVideo/DedicatedSystem/SharedSystem, Outputs:0, VendorId:0x1414
[2019.03.03-00.40.57:025][  0]LogD3D11RHI: Chosen D3D11 Adapter: 0
[2019.03.03-00.40.57:035][  0]LogD3D11RHI: Creating new Direct3DDevice
[2019.03.03-00.40.57:035][  0]LogD3D11RHI:     GPU DeviceId: 0x1c82 (for the marketing name, search the web for "GPU Device Id")
[2019.03.03-00.40.57:035][  0]LogWindows: EnumDisplayDevices:
[2019.03.03-00.40.57:035][  0]LogWindows:    0. 'NVIDIA GeForce GTX 1050 Ti' (P:1 D:1)
[2019.03.03-00.40.57:036][  0]LogWindows:    1. 'NVIDIA GeForce GTX 1050 Ti' (P:0 D:1)
[2019.03.03-00.40.57:037][  0]LogWindows:    2. 'NVIDIA GeForce GTX 1050 Ti' (P:0 D:0)
[2019.03.03-00.40.57:037][  0]LogWindows:    3. 'NVIDIA GeForce GTX 1050 Ti' (P:0 D:0)
[2019.03.03-00.40.57:038][  0]LogWindows: DebugString: FoundDriverCount:4 
[2019.03.03-00.40.57:038][  0]LogD3D11RHI:     Adapter Name: NVIDIA GeForce GTX 1050 Ti
[2019.03.03-00.40.57:038][  0]LogD3D11RHI:   Driver Version: 419.17 (internal:25.21.14.1917, unified:419.17)
[2019.03.03-00.40.57:038][  0]LogD3D11RHI:      Driver Date: 2-20-2019
[2019.03.03-00.40.57:038][  0]LogRHI: Texture pool is 2812 MB (70% of 4018 MB)
[2019.03.03-00.40.57:096][  0]LogD3D11RHI: Async texture creation enabled
[2019.03.03-00.40.57:172][  0]LogD3D11RHI: GPU Timing Frequency: 1000.000000 (Debug: 2 1)
[2019.03.03-00.40.57:237][  0]LogShaderCompilers: Guid format shader working directory is -54 characters bigger than the processId version (../../../../GitHub/Math-Assignment_1/Math_Assignment_1/Game260Development/Resources/VehicleMovement/Intermediate/Shaders/WorkingDirectory/19460/).
[2019.03.03-00.40.57:237][  0]LogShaderCompilers: Cleaned the shader compiler working directory 'C:/Users/nicom/AppData/Local/Temp/UnrealShaderWorkingDir/069AB63B4010EF709F6E59ACC50BBB0A/'.
[2019.03.03-00.40.57:998][  0]LogTemp: Display: Loaded TP AllDesktopTargetPlatform
[2019.03.03-00.40.58:049][  0]LogTemp: Display: Loaded TP MacClientTargetPlatform
[2019.03.03-00.40.58:088][  0]LogTemp: Display: Loaded TP MacNoEditorTargetPlatform
[2019.03.03-00.40.58:128][  0]LogTemp: Display: Loaded TP MacServerTargetPlatform
[2019.03.03-00.40.58:218][  0]LogTemp: Display: Loaded TP MacTargetPlatform
[2019.03.03-00.40.58:255][  0]LogTemp: Display: Loaded TP WindowsClientTargetPlatform
[2019.03.03-00.40.58:306][  0]LogTemp: Display: Loaded TP WindowsNoEditorTargetPlatform
[2019.03.03-00.40.58:360][  0]LogTemp: Display: Loaded TP WindowsServerTargetPlatform
[2019.03.03-00.40.58:395][  0]LogTemp: Display: Loaded TP WindowsTargetPlatform
[2019.03.03-00.40.58:515][  0]LogTemp: Display: Loaded TP AndroidTargetPlatform
[2019.03.03-00.40.58:515][  0]LogTemp: Display: Loaded TP AndroidTargetPlatform
[2019.03.03-00.40.58:515][  0]LogTemp: Display: Loaded TP AndroidTargetPlatform
[2019.03.03-00.40.58:515][  0]LogTemp: Display: Loaded TP AndroidTargetPlatform
[2019.03.03-00.40.58:515][  0]LogTemp: Display: Loaded TP AndroidTargetPlatform
[2019.03.03-00.40.58:515][  0]LogTemp: Display: Loaded TP AndroidTargetPlatform
[2019.03.03-00.40.58:515][  0]LogTemp: Display: Loaded TP AndroidTargetPlatform
[2019.03.03-00.40.58:515][  0]LogTemp: Display: Loaded TP AndroidTargetPlatform
[2019.03.03-00.40.58:515][  0]LogTemp: Display: Loaded TP AndroidTargetPlatform
[2019.03.03-00.40.58:515][  0]LogTemp: Display: Loaded TP AndroidTargetPlatform
[2019.03.03-00.40.58:515][  0]LogTemp: Display: Loaded TP AndroidTargetPlatform
[2019.03.03-00.40.58:516][  0]LogTemp: Display: Loaded TP AndroidTargetPlatform
[2019.03.03-00.40.58:516][  0]LogTemp: Display: Loaded TP AndroidTargetPlatform
[2019.03.03-00.40.58:516][  0]LogTemp: Display: Loaded TP AndroidTargetPlatform
[2019.03.03-00.40.58:516][  0]LogTemp: Display: Loaded TP AndroidTargetPlatform
[2019.03.03-00.40.58:516][  0]LogTemp: Display: Loaded TP AndroidTargetPlatform
[2019.03.03-00.40.58:516][  0]LogTemp: Display: Loaded TP AndroidTargetPlatform
[2019.03.03-00.40.58:516][  0]LogTemp: Display: Loaded TP AndroidTargetPlatform
[2019.03.03-00.40.58:552][  0]LogTemp: Display: Loaded TP HTML5TargetPlatform
[2019.03.03-00.40.58:746][  0]LogTemp: Display: Loaded TP IOSTargetPlatform
[2019.03.03-00.40.58:746][  0]LogTemp: Display: Loaded TP IOSTargetPlatform
[2019.03.03-00.40.58:799][  0]LogTemp: Display: Loaded TP TVOSTargetPlatform
[2019.03.03-00.40.58:800][  0]LogTemp: Display: Loaded TP TVOSTargetPlatform
[2019.03.03-00.40.58:861][  0]LogTemp: Display: Loaded TP LinuxClientTargetPlatform
[2019.03.03-00.40.58:900][  0]LogTemp: Display: Loaded TP LinuxNoEditorTargetPlatform
[2019.03.03-00.40.58:938][  0]LogTemp: Display: Loaded TP LinuxServerTargetPlatform
[2019.03.03-00.40.58:988][  0]LogTemp: Display: Loaded TP LinuxTargetPlatform
[2019.03.03-00.40.59:036][  0]LogTemp: Display: Loaded TP LuminTargetPlatform
[2019.03.03-00.40.59:036][  0]LogTargetPlatformManager: Display: Building Assets For Windows
[2019.03.03-00.41.00:418][  0]LogXGEController: Cannot use XGE Controller as Incredibuild is not installed on this machine.
[2019.03.03-00.41.00:418][  0]LogShaderCompilers: Cannot use XGE Shader Compiler as Incredibuild is not installed on this machine.
[2019.03.03-00.41.00:420][  0]LogShaderCompilers: Display: Using Local Shader Compiler.
[2019.03.03-00.41.02:156][  0]LogDerivedDataCache: Display: Max Cache Size: 512 MB
[2019.03.03-00.41.02:450][  0]LogDerivedDataCache: Loaded boot cache 0.29s 73MB C:/Users/nicom/AppData/Local/UnrealEngine/4.20/DerivedDataCache/Boot.ddc.
[2019.03.03-00.41.02:450][  0]LogDerivedDataCache: Display: Loaded Boot cache: C:/Users/nicom/AppData/Local/UnrealEngine/4.20/DerivedDataCache/Boot.ddc
[2019.03.03-00.41.02:451][  0]LogDerivedDataCache: FDerivedDataBackendGraph:  Pak pak cache file ../../../../GitHub/Math-Assignment_1/Math_Assignment_1/Game260Development/Resources/VehicleMovement/DerivedDataCache/DDC.ddp not found, will not use a pak cache.
[2019.03.03-00.41.02:451][  0]LogDerivedDataCache: Unable to find inner node Pak for hierarchical cache Hierarchy.
[2019.03.03-00.41.02:451][  0]LogDerivedDataCache: FDerivedDataBackendGraph:  CompressedPak pak cache file ../../../../GitHub/Math-Assignment_1/Math_Assignment_1/Game260Development/Resources/VehicleMovement/DerivedDataCache/Compressed.ddp not found, will not use a pak cache.
[2019.03.03-00.41.02:451][  0]LogDerivedDataCache: Unable to find inner node CompressedPak for hierarchical cache Hierarchy.
[2019.03.03-00.41.02:500][  0]LogDerivedDataCache: Display: Pak cache opened for reading ../../../Engine/DerivedDataCache/Compressed.ddp.
[2019.03.03-00.41.02:517][  0]LogDerivedDataCache: Using Local data cache path C:/Users/nicom/AppData/Local/UnrealEngine/Common/DerivedDataCache: Writable
[2019.03.03-00.41.02:518][  0]LogDerivedDataCache: Shared data cache path not found in *engine.ini, will not use an Shared cache.
[2019.03.03-00.41.02:518][  0]LogDerivedDataCache: Unable to find inner node Shared for hierarchical cache Hierarchy.
[2019.03.03-00.41.02:600][  0]LogMaterial: Verifying Global Shaders for PCD3D_SM5
[2019.03.03-00.41.02:601][  0]LogSlate: Using FreeType 2.6.0
[2019.03.03-00.41.02:678][  0]LogSlate: SlateFontServices - WITH_FREETYPE: 1, WITH_HARFBUZZ: 1
[2019.03.03-00.41.03:367][  0]LogAssetRegistry: FAssetRegistry took 0.0298 seconds to start up
[2019.03.03-00.41.04:837][  0]LogInit: Selected Device Profile: [Windows]
[2019.03.03-00.41.06:919][  0]LogSimplygon: Simplygon DLL not present - disabling.
[2019.03.03-00.41.07:121][  0]LogMeshReduction: Using SimplygonSwarm for distributed automatic mesh merging
[2019.03.03-00.41.07:121][  0]LogMeshReduction: Using ProxyLODMeshReduction for automatic mesh merging
[2019.03.03-00.41.07:121][  0]LogMeshReduction: Using QuadricMeshReduction for automatic static mesh reduction
[2019.03.03-00.41.07:121][  0]LogMeshReduction: No automatic skeletal mesh reduction module available
[2019.03.03-00.41.07:633][  0]LogNetVersion: VehicleMovement 1.0.0, NetCL: 4212847, EngineNetVer: 5, GameNetVer: 0 (Checksum: 2966596176)
[2019.03.03-00.41.10:619][  0]LogPackageLocalizationCache: Processed 11 localized package path(s) for 2 prioritized culture(s) in 0.188834 seconds
[2019.03.03-00.41.10:653][  0]LogUObjectArray: 38425 objects as part of root set at end of initial load.
[2019.03.03-00.41.10:653][  0]LogUObjectAllocator: 6690864 out of 0 bytes used by permanent object pool.
[2019.03.03-00.41.10:653][  0]LogUObjectArray: CloseDisregardForGC: 0/0 objects in disregard for GC pool
[2019.03.03-00.41.21:805][  0]LogTcpMessaging: Initializing TcpMessaging bridge
[2019.03.03-00.41.21:868][  0]LogUdpMessaging: Initializing bridge on interface 0.0.0.0:0 to multicast group 230.0.0.1:6666.
[2019.03.03-00.41.24:156][  0]SourceControl: Source control is disabled
[2019.03.03-00.41.24:156][  0]SourceControl: Source control is disabled
[2019.03.03-00.41.24:254][  0]SourceControl: Source control is disabled
[2019.03.03-00.41.24:296][  0]SourceControl: Source control is disabled
[2019.03.03-00.41.26:889][  0]LogAndroidPermission: UAndroidPermissionCallbackProxy::GetInstance
[2019.03.03-00.41.27:517][  0]LogOcInput: OculusInput pre-init called
[2019.03.03-00.41.27:946][  0]LogEngine: Initializing Engine...
[2019.03.03-00.41.27:961][  0]LogHMD: Failed to initialize OpenVR with code 110
[2019.03.03-00.41.27:962][  0]LogStats: UGameplayTagsManager::ConstructGameplayTagTree: ImportINI prefixes -  0.000 s
[2019.03.03-00.41.27:962][  0]LogStats: UGameplayTagsManager::ConstructGameplayTagTree: Construct from data asset -  0.000 s
[2019.03.03-00.41.27:962][  0]LogStats: UGameplayTagsManager::ConstructGameplayTagTree: ImportINI -  0.000 s
[2019.03.03-00.41.27:963][  0]LogStats: UGameplayTagsManager::ConstructGameplayTagTree: GameplayTagTreeChangedEvent.Broadcast -  0.000 s
[2019.03.03-00.41.28:426][  0]LogInit: Initializing FReadOnlyCVARCache
[2019.03.03-00.41.28:538][  0]LogAIModule: Creating AISystem for world Untitled
[2019.03.03-00.41.28:674][  0]LogInit: XAudio2 using 'Speakers (Realtek(R) Audio)' : 2 channels at 48 kHz using 32 bits per sample (channel mask 0x3)
[2019.03.03-00.41.28:777][  0]LogInit: FAudioDevice initialized.
[2019.03.03-00.41.28:777][  0]LogNetVersion: Set ProjectVersion to 1.0.0.0. Version Checksum will be recalculated on next use.
[2019.03.03-00.41.28:878][  0]LogDerivedDataCache: Saved boot cache 0.10s 73MB C:/Users/nicom/AppData/Local/UnrealEngine/4.20/DerivedDataCache/Boot.ddc.
[2019.03.03-00.41.28:888][  0]LogInit: Texture streaming: Enabled
[2019.03.03-00.41.29:090][  0]LogEngineSessionManager: EngineSessionManager initialized
[2019.03.03-00.41.29:143][  0]LogInit: Transaction tracking system initialized
[2019.03.03-00.41.29:339][  0]BlueprintLog: New page: Editor Load
[2019.03.03-00.41.30:476][  0]LocalizationService: Localization service is disabled
[2019.03.03-00.41.34:160][  0]LogCook: Display: Max memory allowance for cook 16384mb min free memory 0mb
[2019.03.03-00.41.34:161][  0]LogCook: Display: Mobile HDR setting 1
[2019.03.03-00.41.34:161][  0]LogGameplayTags: Display: UGameplayTagsManager::DoneAddingNativeTags. DelegateIsBound: 0
[2019.03.03-00.41.34:161][  0]LogStats: UGameplayTagsManager::ConstructGameplayTagTree: ImportINI prefixes -  0.000 s
[2019.03.03-00.41.34:161][  0]LogStats: UGameplayTagsManager::ConstructGameplayTagTree: Construct from data asset -  0.000 s
[2019.03.03-00.41.34:161][  0]LogStats: UGameplayTagsManager::ConstructGameplayTagTree: ImportINI -  0.000 s
[2019.03.03-00.41.34:161][  0]LogStats: UGameplayTagsManager::ConstructGameplayTagTree: GameplayTagTreeChangedEvent.Broadcast -  0.000 s
[2019.03.03-00.41.34:949][  0]LogFileCache: Scanning file cache for directory 'D:/GitHub/Math-Assignment_1/Math_Assignment_1/Game260Development/Resources/VehicleMovement/Content/' took 0.02s
[2019.03.03-00.41.37:093][  0]SourceControl: Source control is disabled
[2019.03.03-00.41.37:226][  0]LogSlate: Took 0.016872 seconds to synchronously load lazily loaded font '../../../Engine/Content/Slate/Fonts/Roboto-Regular.ttf' (155K)
[2019.03.03-00.45.41:856][  0]LogSlate: Window 'Restore Packages' being destroyed
[2019.03.03-00.45.41:857][  0]LogWindowsTextInputMethodSystem: Display: IME system now deactivated.
[2019.03.03-00.45.41:908][  0]LogWindowsTextInputMethodSystem: Display: IME system now deactivated.
[2019.03.03-00.45.43:918][  0]LogSlate: Window 'Unable to Check Out From Source Control!' being destroyed
[2019.03.03-00.45.43:918][  0]LogWindowsTextInputMethodSystem: Display: IME system now deactivated.
[2019.03.03-00.45.43:992][  0]LogWindowsTextInputMethodSystem: Display: IME system now deactivated.
[2019.03.03-00.45.44:013][  0]LightingResults: New page: Lighting Build
[2019.03.03-00.45.44:086][  0]MapCheck: New page: Map Check
[2019.03.03-00.45.44:087][  0]LightingResults: New page: Lighting Build
[2019.03.03-00.45.45:404][  0]LogAIModule: Creating AISystem for world VehicleExampleMap
[2019.03.03-00.45.45:586][  0]LogEditorServer: Finished looking for orphan Actors (0.000 secs)
[2019.03.03-00.45.45:684][  0]Cmd: MAP CHECKDEP NOCLEARLOG
[2019.03.03-00.45.45:765][  0]MapCheck: Map check complete: 0 Error(s), 0 Warning(s), took 80.384ms to complete.
[2019.03.03-00.45.45:765][  0]LogFileHelpers: Loading map 'VehicleExampleMap' took 1.753
[2019.03.03-00.45.46:113][  0]LogSlate: Updating window title bar state: overlay mode, drag disabled, window buttons hidden, title bar hidden
[2019.03.03-00.45.46:120][  0]LogSlate: Updating window title bar state: overlay mode, drag disabled, window buttons hidden, title bar hidden
[2019.03.03-00.45.46:128][  0]LogSlate: Updating window title bar state: overlay mode, drag disabled, window buttons hidden, title bar hidden
[2019.03.03-00.45.46:136][  0]LogSlate: Updating window title bar state: overlay mode, drag disabled, window buttons hidden, title bar hidden
[2019.03.03-00.45.46:240][  0]LogCollectionManager: Loaded 0 collections in 0.004820 seconds
[2019.03.03-00.45.46:314][  0]LogFileCache: Scanning file cache for directory 'D:/GitHub/Math-Assignment_1/Math_Assignment_1/Game260Development/Resources/VehicleMovement/Saved/Collections/' took 0.01s
[2019.03.03-00.45.46:315][  0]LogFileCache: Scanning file cache for directory 'D:/GitHub/Math-Assignment_1/Math_Assignment_1/Game260Development/Resources/VehicleMovement/Content/Developers/ChiyokoYumi/Collections/' took 0.02s
[2019.03.03-00.45.46:315][  0]LogFileCache: Scanning file cache for directory 'D:/GitHub/Math-Assignment_1/Math_Assignment_1/Game260Development/Resources/VehicleMovement/Content/Collections/' took 0.02s
[2019.03.03-00.45.46:315][  0]LogCollectionManager: Rebuilt the GUID cache for 0 collections in 0.000001 seconds
[2019.03.03-00.45.46:338][  0]LogContentBrowser: Native class hierarchy populated in 0.0225 seconds. Added 2585 classes and 608 folders.
[2019.03.03-00.45.46:403][  0]LogContentBrowser: Native class hierarchy updated for 'WidgetCarousel' in 0.0009 seconds. Added 0 classes and 0 folders.
[2019.03.03-00.45.47:589][  0]LogContentBrowser: Native class hierarchy updated for 'AddContentDialog' in 0.0006 seconds. Added 0 classes and 0 folders.
[2019.03.03-00.45.47:638][  0]LogContentBrowser: Native class hierarchy updated for 'SceneOutliner' in 0.0009 seconds. Added 1 classes and 2 folders.
[2019.03.03-00.45.47:882][  0]LogSlate: Took 0.049230 seconds to synchronously load lazily loaded font '../../../Engine/Content/Slate/Fonts/Roboto-Bold.ttf' (160K)
[2019.03.03-00.45.47:906][  0]LogSlate: Took 0.011397 seconds to synchronously load lazily loaded font '../../../Engine/Content/Editor/Slate/Fonts/FontAwesome.ttf' (139K)
[2019.03.03-00.45.48:099][  0]LogRenderer: Reallocating scene render targets to support 1144x572 Format 10 NumSamples 1 (Frame:1).
[2019.03.03-00.45.48:362][  0]LogSlate: Took 0.015963 seconds to synchronously load lazily loaded font '../../../Engine/Content/Slate/Fonts/Roboto-Light.ttf' (167K)
[2019.03.03-00.45.48:601][  0]LogContentBrowser: Native class hierarchy updated for 'HierarchicalLODOutliner' in 0.0007 seconds. Added 0 classes and 0 folders.
[2019.03.03-00.45.48:601][  0]LogLoad: (Engine Initialization) Total time: 312.35 seconds
[2019.03.03-00.45.48:601][  0]LogLoad: (Engine Initialization) Total Blueprint compile time: 0.00 seconds
[2019.03.03-00.45.48:638][  0]LogRawInputWindows: Warning: Found device 0 devices
[2019.03.03-00.45.48:638][  0]LogRawInputWindows: Warning: Found device 0 devices
[2019.03.03-00.45.48:638][  0]LogRawInputWindows: Warning: Device was registered succesfully but not connected (Usage:4 UsagePage:1)
[2019.03.03-00.45.48:639][  0]LogRawInputWindows: Warning: Found device 1 devices
[2019.03.03-00.45.48:639][  0]LogRawInputWindows: Warning: Device was registered succesfully but not connected (Usage:5 UsagePage:1)
[2019.03.03-00.45.48:772][  0]LogContentStreaming: Texture pool size now 1000 MB
[2019.03.03-00.45.48:832][  1]LogAssetRegistry: Asset discovery search completed in 285.4902 seconds
[2019.03.03-00.45.48:833][  1]LogCollectionManager: Rebuilt the object cache for 0 collections in 0.000000 seconds (found 0 objects)
[2019.03.03-00.45.48:834][  1]LogCollectionManager: Fixed up redirectors for 0 collections in 0.000149 seconds (updated 0 objects)
[2019.03.03-00.45.49:650][ 71]LogSlate: Took 0.000228 seconds to synchronously load lazily loaded font '../../../Engine/Content/Slate/Fonts/Roboto-Light.ttf' (167K)
[2019.03.03-00.51.40:495][507]LogSlate: FSceneViewport::OnFocusLost() reason 0
[2019.03.03-00.51.40:844][507]LogAssetEditorManager: Opening Asset editor for Blueprint /Game/BluePrint/RankSystem.RankSystem
[2019.03.03-00.51.41:739][507]LogContentBrowser: Native class hierarchy updated for 'BlueprintGraph' in 0.0012 seconds. Added 116 classes and 0 folders.
[2019.03.03-00.51.42:732][507]LogAssetEditorManager: Opening Asset editor for Blueprint /Game/BluePrint/MyVehicleMovementGameMode.MyVehicleMovementGameMode
[2019.03.03-00.51.43:031][507]LogSlate: Took 0.027423 seconds to synchronously load lazily loaded font '../../../Engine/Content/Slate/Fonts/Roboto-BoldCondensed.ttf' (158K)
[2019.03.03-00.51.45:790][804]LogSlate: Window 'RankSystem' being destroyed
[2019.03.03-00.51.46:810][923]LogSlate: Took 0.001009 seconds to synchronously load lazily loaded font '../../../Engine/Content/Slate/Fonts/Roboto-Italic.ttf' (157K)
[2019.03.03-00.56.46:791][736]LogFileHelpers: Editor autosave (incl. sublevels) for '/Game/VehicleCPP/Maps/VehicleExampleMap' took 0.066
[2019.03.03-00.56.46:795][736]OBJ SavePackage: Generating thumbnails for [0] asset(s) in package [/Game/BluePrint/RankSystem] ([1] browsable assets)...
[2019.03.03-00.56.46:795][736]OBJ SavePackage: Finished generating thumbnails for package [/Game/BluePrint/RankSystem]
[2019.03.03-00.56.46:846][736]LogSavePackage: Moving '../../../../GitHub/Math-Assignment_1/Math_Assignment_1/Game260Development/Resources/VehicleMovement/Saved/RankSystem_Auto10AB4FDD54FD575743A1F87A298E12521.tmp' to '../../../../GitHub/Math-Assignment_1/Math_Assignment_1/Game260Development/Resources/VehicleMovement/Saved/Autosaves/Game/BluePrint/RankSystem_Auto1.uasset'
[2019.03.03-00.56.46:860][736]LogFileHelpers: Auto-saving content packages took 0.068
[2019.03.03-01.05.06:366][512]LogEditorTransaction: Undo Move Nodes
[2019.03.03-01.08.05:883][823]LogFileHelpers: Editor autosave (incl. sublevels) for '/Game/VehicleCPP/Maps/VehicleExampleMap' took 0.032
[2019.03.03-01.08.05:885][823]OBJ SavePackage: Generating thumbnails for [0] asset(s) in package [/Game/BluePrint/RankSystem] ([1] browsable assets)...
[2019.03.03-01.08.05:885][823]OBJ SavePackage: Finished generating thumbnails for package [/Game/BluePrint/RankSystem]
[2019.03.03-01.08.05:928][823]LogSavePackage: Moving '../../../../GitHub/Math-Assignment_1/Math_Assignment_1/Game260Development/Resources/VehicleMovement/Saved/RankSystem_Auto2DC4D0AAA48D5D133F39FCDAA22179EC2.tmp' to '../../../../GitHub/Math-Assignment_1/Math_Assignment_1/Game260Development/Resources/VehicleMovement/Saved/Autosaves/Game/BluePrint/RankSystem_Auto2.uasset'
[2019.03.03-01.08.05:931][823]LogFileHelpers: Auto-saving content packages took 0.047
[2019.03.03-01.18.06:382][256]LogFileHelpers: Editor autosave (incl. sublevels) for '/Game/VehicleCPP/Maps/VehicleExampleMap' took 0.029
[2019.03.03-01.18.06:385][256]OBJ SavePackage: Generating thumbnails for [0] asset(s) in package [/Game/BluePrint/RankSystem] ([1] browsable assets)...
[2019.03.03-01.18.06:385][256]OBJ SavePackage: Finished generating thumbnails for package [/Game/BluePrint/RankSystem]
[2019.03.03-01.18.06:430][256]LogSavePackage: Moving '../../../../GitHub/Math-Assignment_1/Math_Assignment_1/Game260Development/Resources/VehicleMovement/Saved/RankSystem_Auto35B4ED75C4CE1362EB5E810906B6D3BC7.tmp' to '../../../../GitHub/Math-Assignment_1/Math_Assignment_1/Game260Development/Resources/VehicleMovement/Saved/Autosaves/Game/BluePrint/RankSystem_Auto3.uasset'
[2019.03.03-01.18.06:432][256]LogFileHelpers: Auto-saving content packages took 0.049
[2019.03.03-01.25.41:791][788]BlueprintLog: New page: Compile RankSystem
[2019.03.03-01.25.43:154][909]LogSavePackage: Moving '../../../../GitHub/Math-Assignment_1/Math_Assignment_1/Game260Development/Resources/VehicleMovement/Saved/RankSystem8575E36D4D6C2D8733A1EEBEAED15200.tmp' to '../../../../GitHub/Math-Assignment_1/Math_Assignment_1/Game260Development/Resources/VehicleMovement/Content/BluePrint/RankSystem.uasset'
[2019.03.03-01.26.58:145][632]LogAssetEditorManager: Opening Asset editor for World /Game/VehicleCPP/Maps/TestTrack.TestTrack
[2019.03.03-01.27.03:306][632]LogSlate: Window 'Save Content' being destroyed
[2019.03.03-01.27.04:494][750]LogAssetEditorManager: Opening Asset editor for World /Game/VehicleCPP/Maps/TestTrack.TestTrack
[2019.03.03-01.27.06:885][750]LogSlate: Window 'Save Content' being destroyed
[2019.03.03-01.27.07:009][750]LogSavePackage: Moving '../../../../GitHub/Math-Assignment_1/Math_Assignment_1/Game260Development/Resources/VehicleMovement/Saved/TestTrack6C84DCCD44A083BB544D9B89833F7B32.tmp' to '../../../../GitHub/Math-Assignment_1/Math_Assignment_1/Game260Development/Resources/VehicleMovement/Content/VehicleCPP/Maps/TestTrack.umap'
[2019.03.03-01.27.07:014][750]LogFileHelpers: Saving map 'TestTrack' took 0.121
[2019.03.03-01.27.07:062][750]Cmd: MAP LOAD FILE="../../../../GitHub/Math-Assignment_1/Math_Assignment_1/Game260Development/Resources/VehicleMovement/Content/VehicleCPP/Maps/TestTrack.umap" TEMPLATE=0 SHOWPROGRESS=1 FEATURELEVEL=3
[2019.03.03-01.27.07:063][750]LightingResults: New page: Lighting Build
[2019.03.03-01.27.07:064][750]LoadErrors: New page: Loading map: TestTrack.umap
[2019.03.03-01.27.07:066][750]MapCheck: New page: Map Check
[2019.03.03-01.27.07:066][750]LightingResults: New page: Lighting Build
[2019.03.03-01.27.07:274][750]LogEditorServer: Finished looking for orphan Actors (0.000 secs)
[2019.03.03-01.27.07:274][750]LogAIModule: Creating AISystem for world TestTrack
[2019.03.03-01.27.07:334][750]Cmd: MAP CHECKDEP NOCLEARLOG
[2019.03.03-01.27.07:407][750]MapCheck: Map check complete: 0 Error(s), 0 Warning(s), took 72.231ms to complete.
[2019.03.03-01.27.07:408][750]LogFileHelpers: Loading map 'TestTrack' took 0.392
[2019.03.03-01.27.23:203][808]LogSlate: Window 'Delete Assets' being destroyed
[2019.03.03-01.27.23:332][808]LogActorComponent: UnregisterComponent: (/Engine/Transient.EditorFloorComp) Not registered. Aborting.
[2019.03.03-01.27.23:423][808]LightingResults: New page: Lighting Build
[2019.03.03-01.27.23:424][808]MapCheck: New page: Map Check
[2019.03.03-01.27.23:424][808]LightingResults: New page: Lighting Build
[2019.03.03-01.27.23:458][808]LogAIModule: Creating AISystem for world Untitled
[2019.03.03-01.27.23:524][808]LoadErrors: New page: New Map
[2019.03.03-01.27.23:530][808]LogAIModule: Creating AISystem for world TestTrack
[2019.03.03-01.27.25:656][920]LogAIModule: Creating AISystem for world VehicleExampleMap
[2019.03.03-01.27.25:699][920]LogAssetEditorManager: Opening Asset editor for World /Game/VehicleCPP/Maps/VehicleExampleMap.VehicleExampleMap
[2019.03.03-01.27.25:739][920]LightingResults: New page: Lighting Build
[2019.03.03-01.27.25:740][920]LoadErrors: New page: Loading map: VehicleExampleMap.umap
[2019.03.03-01.27.25:741][920]MapCheck: New page: Map Check
[2019.03.03-01.27.25:741][920]LightingResults: New page: Lighting Build
[2019.03.03-01.27.25:839][920]LogEditorServer: Finished looking for orphan Actors (0.000 secs)
[2019.03.03-01.27.25:886][920]Cmd: MAP CHECKDEP NOCLEARLOG
[2019.03.03-01.27.25:961][920]MapCheck: Map check complete: 0 Error(s), 0 Warning(s), took 74.934ms to complete.
[2019.03.03-01.27.25:962][920]LogFileHelpers: Loading map 'VehicleExampleMap' took 0.223
[2019.03.03-01.27.38:900][923]LogSlate: Window 'New Level' being destroyed
[2019.03.03-01.27.38:926][923]Cmd: MAP LOAD FILE="../../../Engine/Content/Maps/Templates/Template_Default.umap" TEMPLATE=1 SHOWPROGRESS=1 FEATURELEVEL=3
[2019.03.03-01.27.38:972][923]LightingResults: New page: Lighting Build
[2019.03.03-01.27.38:973][923]LoadErrors: New page: Loading map: Template_Default.umap
[2019.03.03-01.27.38:976][923]MapCheck: New page: Map Check
[2019.03.03-01.27.38:976][923]LightingResults: New page: Lighting Build
[2019.03.03-01.27.39:362][923]LogAIModule: Creating AISystem for world Untitled_2
[2019.03.03-01.27.39:486][923]LogEditorServer: Finished looking for orphan Actors (0.000 secs)
[2019.03.03-01.27.39:516][923]Cmd: MAP CHECKDEP NOCLEARLOG
[2019.03.03-01.27.39:591][923]MapCheck: Map check complete: 0 Error(s), 0 Warning(s), took 74.614ms to complete.
[2019.03.03-01.27.39:591][923]LogFileHelpers: Loading map 'Template_Default' took 0.666
[2019.03.03-01.27.41:520][129]LogEditorViewport: Clicking on Actor (LMB): StaticMeshActor (Floor)
[2019.03.03-01.28.14:368][  4]Cmd: DELETE
[2019.03.03-01.28.14:368][  4]Cmd: ACTOR DELETE
[2019.03.03-01.28.14:650][  4]LogEditorActor: Deleted Actor: StaticMeshActor
[2019.03.03-01.28.14:687][  4]LogEditorActor: Deleted 1 Actors (0.072 secs)
[2019.03.03-01.28.16:872][263]LogSlate: FSceneViewport::OnFocusLost() reason 0
[2019.03.03-01.28.18:252][428]LogEditorViewport: Clicking on Actor (LMB): BP_Sky_Sphere_C (Sky Sphere)
[2019.03.03-01.28.24:866][211]LogSlate: FSceneViewport::OnFocusLost() reason 0
[2019.03.03-01.28.25:688][308]LogEditorViewport: Clicking on Actor (LMB): BP_Sky_Sphere_C (Sky Sphere)
[2019.03.03-01.28.26:331][383]LogSlate: FSceneViewport::OnFocusLost() reason 0
[2019.03.03-01.28.31:573][992]LogMaterial: Display: Missing cached shader map for material LayerVisMaterial, compiling. 
[2019.03.03-01.28.31:721][992]LogShaderCompilers: Display: Shaders left to compile 8
[2019.03.03-01.28.31:759][992]LogMaterial: Display: Missing cached shader map for material SelectBrushMaterial, compiling. 
[2019.03.03-01.28.31:836][992]LogMaterial: Display: Missing cached shader map for material SelectBrushMaterial, compiling. 
[2019.03.03-01.28.31:899][992]LogShaderCompilers: Display: Shaders left to compile 40
[2019.03.03-01.28.31:899][992]LogMaterial: Display: Missing cached shader map for material MaskBrushMaterial, compiling. 
[2019.03.03-01.28.32:178][992]LogMaterial: Display: Missing cached shader map for material LandscapeLayerUsageMaterial, compiling. 
[2019.03.03-01.28.32:611][992]LogMaterial: Display: Missing cached shader map for material CircleBrushMaterial, compiling. 
[2019.03.03-01.28.32:642][992]LogMaterial: Display: Missing cached shader map for material CircleBrushMaterial, compiling. 
[2019.03.03-01.28.32:686][992]LogMaterial: Display: Missing cached shader map for material CircleBrushMaterial, compiling. 
[2019.03.03-01.28.32:760][992]LogMaterial: Display: Missing cached shader map for material CircleBrushMaterial, compiling. 
[2019.03.03-01.28.32:832][992]LogMaterial: Display: Missing cached shader map for material AlphaBrushMaterial, compiling. 
[2019.03.03-01.28.32:883][992]LogMaterial: Display: Missing cached shader map for material CircleBrushMaterial, compiling. 
[2019.03.03-01.28.32:949][992]LogMaterial: Display: Missing cached shader map for material MaskBrushMaterial, compiling. 
[2019.03.03-01.28.33:028][992]LogTexture: Display: Building textures: Texture2D_2 (G8, 128X128)
[2019.03.03-01.28.36:168][264]LogShaderCompilers: Display: Shaders left to compile 198
[2019.03.03-01.28.37:125][350]LogShaderCompilers: Display: Shaders left to compile 188
[2019.03.03-01.28.39:320][588]LogShaderCompilers: Display: Shaders left to compile 178
[2019.03.03-01.28.40:808][745]LogShaderCompilers: Display: Shaders left to compile 168
[2019.03.03-01.28.42:789][960]LogShaderCompilers: Display: Shaders left to compile 158
[2019.03.03-01.28.43:969][ 84]LogShaderCompilers: Display: Shaders left to compile 148
[2019.03.03-01.28.46:172][307]LogShaderCompilers: Display: Shaders left to compile 138
[2019.03.03-01.28.46:840][380]LogShaderCompilers: Display: Shaders left to compile 128
[2019.03.03-01.28.49:449][662]LogShaderCompilers: Display: Shaders left to compile 118
[2019.03.03-01.28.50:040][727]LogShaderCompilers: Display: Shaders left to compile 108
[2019.03.03-01.28.52:720][ 20]LogShaderCompilers: Display: Shaders left to compile 98
[2019.03.03-01.28.53:231][ 78]LogShaderCompilers: Display: Shaders left to compile 88
[2019.03.03-01.28.56:018][382]LogShaderCompilers: Display: Shaders left to compile 78
[2019.03.03-01.28.56:526][439]LogShaderCompilers: Display: Shaders left to compile 68
[2019.03.03-01.28.59:197][728]LogShaderCompilers: Display: Shaders left to compile 58
[2019.03.03-01.28.59:750][790]LogShaderCompilers: Display: Shaders left to compile 48
[2019.03.03-01.29.02:384][ 74]LogShaderCompilers: Display: Shaders left to compile 38
[2019.03.03-01.29.02:952][137]LogShaderCompilers: Display: Shaders left to compile 28
[2019.03.03-01.29.05:610][426]LogShaderCompilers: Display: Shaders left to compile 18
[2019.03.03-01.29.06:126][483]LogShaderCompilers: Display: Shaders left to compile 8
[2019.03.03-01.30.03:926][309]LogSlate: FSceneViewport::OnFocusLost() reason 0
[2019.03.03-01.30.40:670][658]LogSlate: FSceneViewport::OnFocusLost() reason 0
[2019.03.03-01.30.47:156][383]Cmd: TRANSACTION UNDO
[2019.03.03-01.30.47:156][383]LogEditorTransaction: Undo Edit Y
[2019.03.03-01.30.50:113][701]LogTexture: Display: Building textures: Texture2D_0 (BGRA8, 128X256)
[2019.03.03-01.30.50:120][701]LogMaterial: Display: Missing cached shader map for material WorldGridMaterial, compiling. Is special engine material.
[2019.03.03-01.31.01:964][701]LogShaderCompilers: Display: Shaders left to compile 112
[2019.03.03-01.31.01:964][701]LogShaderCompilers: Display: Shaders left to compile 111
[2019.03.03-01.31.01:965][701]LogShaderCompilers: Display: Shaders left to compile 110
[2019.03.03-01.31.01:965][701]LogShaderCompilers: Display: Shaders left to compile 109
[2019.03.03-01.31.01:965][701]LogShaderCompilers: Display: Shaders left to compile 108
[2019.03.03-01.31.01:966][701]LogShaderCompilers: Display: Shaders left to compile 107
[2019.03.03-01.31.01:966][701]LogShaderCompilers: Display: Shaders left to compile 106
[2019.03.03-01.31.01:966][701]LogShaderCompilers: Display: Shaders left to compile 105
[2019.03.03-01.31.01:967][701]LogShaderCompilers: Display: Shaders left to compile 104
[2019.03.03-01.31.01:967][701]LogShaderCompilers: Display: Shaders left to compile 103
[2019.03.03-01.31.01:967][701]LogShaderCompilers: Display: Shaders left to compile 102
[2019.03.03-01.31.01:968][701]LogShaderCompilers: Display: Shaders left to compile 101
[2019.03.03-01.31.01:968][701]LogShaderCompilers: Display: Shaders left to compile 100
[2019.03.03-01.31.01:968][701]LogShaderCompilers: Display: Shaders left to compile 99
[2019.03.03-01.31.01:969][701]LogShaderCompilers: Display: Shaders left to compile 98
[2019.03.03-01.31.01:969][701]LogShaderCompilers: Display: Shaders left to compile 97
[2019.03.03-01.31.01:969][701]LogShaderCompilers: Display: Shaders left to compile 96
[2019.03.03-01.31.01:969][701]LogShaderCompilers: Display: Shaders left to compile 95
[2019.03.03-01.31.01:970][701]LogShaderCompilers: Display: Shaders left to compile 94
[2019.03.03-01.31.01:970][701]LogShaderCompilers: Display: Shaders left to compile 93
[2019.03.03-01.31.01:970][701]LogShaderCompilers: Display: Shaders left to compile 92
[2019.03.03-01.31.01:971][701]LogShaderCompilers: Display: Shaders left to compile 91
[2019.03.03-01.31.01:971][701]LogShaderCompilers: Display: Shaders left to compile 90
[2019.03.03-01.31.01:971][701]LogShaderCompilers: Display: Shaders left to compile 89
[2019.03.03-01.31.01:972][701]LogShaderCompilers: Display: Shaders left to compile 88
[2019.03.03-01.31.01:972][701]LogShaderCompilers: Display: Shaders left to compile 87
[2019.03.03-01.31.01:972][701]LogShaderCompilers: Display: Shaders left to compile 86
[2019.03.03-01.31.01:973][701]LogShaderCompilers: Display: Shaders left to compile 85
[2019.03.03-01.31.01:975][701]LogShaderCompilers: Display: Shaders left to compile 84
[2019.03.03-01.31.01:976][701]LogShaderCompilers: Display: Shaders left to compile 83
[2019.03.03-01.31.01:976][701]LogShaderCompilers: Display: Shaders left to compile 82
[2019.03.03-01.31.01:976][701]LogShaderCompilers: Display: Shaders left to compile 81
[2019.03.03-01.31.01:977][701]LogShaderCompilers: Display: Shaders left to compile 80
[2019.03.03-01.31.01:977][701]LogShaderCompilers: Display: Shaders left to compile 79
[2019.03.03-01.31.01:977][701]LogShaderCompilers: Display: Shaders left to compile 78
[2019.03.03-01.31.01:978][701]LogShaderCompilers: Display: Shaders left to compile 77
[2019.03.03-01.31.01:978][701]LogShaderCompilers: Display: Shaders left to compile 76
[2019.03.03-01.31.01:978][701]LogShaderCompilers: Display: Shaders left to compile 75
[2019.03.03-01.31.01:978][701]LogShaderCompilers: Display: Shaders left to compile 74
[2019.03.03-01.31.01:978][701]LogShaderCompilers: Display: Shaders left to compile 73
[2019.03.03-01.31.01:979][701]LogShaderCompilers: Display: Shaders left to compile 72
[2019.03.03-01.31.01:979][701]LogShaderCompilers: Display: Shaders left to compile 71
[2019.03.03-01.31.01:979][701]LogShaderCompilers: Display: Shaders left to compile 70
[2019.03.03-01.31.01:979][701]LogShaderCompilers: Display: Shaders left to compile 69
[2019.03.03-01.31.01:979][701]LogShaderCompilers: Display: Shaders left to compile 68
[2019.03.03-01.31.01:979][701]LogShaderCompilers: Display: Shaders left to compile 67
[2019.03.03-01.31.01:980][701]LogShaderCompilers: Display: Shaders left to compile 66
[2019.03.03-01.31.01:980][701]LogShaderCompilers: Display: Shaders left to compile 65
[2019.03.03-01.31.01:980][701]LogShaderCompilers: Display: Shaders left to compile 64
[2019.03.03-01.31.01:980][701]LogShaderCompilers: Display: Shaders left to compile 63
[2019.03.03-01.31.01:980][701]LogShaderCompilers: Display: Shaders left to compile 62
[2019.03.03-01.31.01:980][701]LogShaderCompilers: Display: Shaders left to compile 61
[2019.03.03-01.31.01:981][701]LogShaderCompilers: Display: Shaders left to compile 60
[2019.03.03-01.31.01:981][701]LogShaderCompilers: Display: Shaders left to compile 59
[2019.03.03-01.31.01:981][701]LogShaderCompilers: Display: Shaders left to compile 58
[2019.03.03-01.31.01:981][701]LogShaderCompilers: Display: Shaders left to compile 57
[2019.03.03-01.31.01:981][701]LogShaderCompilers: Display: Shaders left to compile 56
[2019.03.03-01.31.01:981][701]LogShaderCompilers: Display: Shaders left to compile 55
[2019.03.03-01.31.01:981][701]LogShaderCompilers: Display: Shaders left to compile 54
[2019.03.03-01.31.01:982][701]LogShaderCompilers: Display: Shaders left to compile 53
[2019.03.03-01.31.01:982][701]LogShaderCompilers: Display: Shaders left to compile 52
[2019.03.03-01.31.01:982][701]LogShaderCompilers: Display: Shaders left to compile 51
[2019.03.03-01.31.01:982][701]LogShaderCompilers: Display: Shaders left to compile 50
[2019.03.03-01.31.01:982][701]LogShaderCompilers: Display: Shaders left to compile 49
[2019.03.03-01.31.01:982][701]LogShaderCompilers: Display: Shaders left to compile 48
[2019.03.03-01.31.01:983][701]LogShaderCompilers: Display: Shaders left to compile 47
[2019.03.03-01.31.01:983][701]LogShaderCompilers: Display: Shaders left to compile 46
[2019.03.03-01.31.01:983][701]LogShaderCompilers: Display: Shaders left to compile 45
[2019.03.03-01.31.01:983][701]LogShaderCompilers: Display: Shaders left to compile 44
[2019.03.03-01.31.01:983][701]LogShaderCompilers: Display: Shaders left to compile 43
[2019.03.03-01.31.01:983][701]LogShaderCompilers: Display: Shaders left to compile 42
[2019.03.03-01.31.01:983][701]LogShaderCompilers: Display: Shaders left to compile 41
[2019.03.03-01.31.01:983][701]LogShaderCompilers: Display: Shaders left to compile 40
[2019.03.03-01.31.01:983][701]LogShaderCompilers: Display: Shaders left to compile 39
[2019.03.03-01.31.01:984][701]LogShaderCompilers: Display: Shaders left to compile 38
[2019.03.03-01.31.01:984][701]LogShaderCompilers: Display: Shaders left to compile 37
[2019.03.03-01.31.01:984][701]LogShaderCompilers: Display: Shaders left to compile 36
[2019.03.03-01.31.01:984][701]LogShaderCompilers: Display: Shaders left to compile 35
[2019.03.03-01.31.01:984][701]LogShaderCompilers: Display: Shaders left to compile 34
[2019.03.03-01.31.01:984][701]LogShaderCompilers: Display: Shaders left to compile 33
[2019.03.03-01.31.01:984][701]LogShaderCompilers: Display: Shaders left to compile 32
[2019.03.03-01.31.01:984][701]LogShaderCompilers: Display: Shaders left to compile 31
[2019.03.03-01.31.01:984][701]LogShaderCompilers: Display: Shaders left to compile 30
[2019.03.03-01.31.01:984][701]LogShaderCompilers: Display: Shaders left to compile 29
[2019.03.03-01.31.01:984][701]LogShaderCompilers: Display: Shaders left to compile 28
[2019.03.03-01.31.01:984][701]LogShaderCompilers: Display: Shaders left to compile 27
[2019.03.03-01.31.01:984][701]LogShaderCompilers: Display: Shaders left to compile 26
[2019.03.03-01.31.01:984][701]LogShaderCompilers: Display: Shaders left to compile 25
[2019.03.03-01.31.01:984][701]LogShaderCompilers: Display: Shaders left to compile 24
[2019.03.03-01.31.01:984][701]LogShaderCompilers: Display: Shaders left to compile 23
[2019.03.03-01.31.01:985][701]LogShaderCompilers: Display: Shaders left to compile 22
[2019.03.03-01.31.01:985][701]LogShaderCompilers: Display: Shaders left to compile 21
[2019.03.03-01.31.01:985][701]LogShaderCompilers: Display: Shaders left to compile 20
[2019.03.03-01.31.01:985][701]LogShaderCompilers: Display: Shaders left to compile 19
[2019.03.03-01.31.01:985][701]LogShaderCompilers: Display: Shaders left to compile 18
[2019.03.03-01.31.01:985][701]LogShaderCompilers: Display: Shaders left to compile 17
[2019.03.03-01.31.01:985][701]LogShaderCompilers: Display: Shaders left to compile 16
[2019.03.03-01.31.01:985][701]LogShaderCompilers: Display: Shaders left to compile 15
[2019.03.03-01.31.01:985][701]LogShaderCompilers: Display: Shaders left to compile 14
[2019.03.03-01.31.01:985][701]LogShaderCompilers: Display: Shaders left to compile 13
[2019.03.03-01.31.01:985][701]LogShaderCompilers: Display: Shaders left to compile 12
[2019.03.03-01.31.01:985][701]LogShaderCompilers: Display: Shaders left to compile 11
[2019.03.03-01.31.01:985][701]LogShaderCompilers: Display: Shaders left to compile 10
[2019.03.03-01.31.01:985][701]LogShaderCompilers: Display: Shaders left to compile 9
[2019.03.03-01.31.01:985][701]LogShaderCompilers: Display: Shaders left to compile 8
[2019.03.03-01.31.01:985][701]LogShaderCompilers: Display: Shaders left to compile 7
[2019.03.03-01.31.01:985][701]LogShaderCompilers: Display: Shaders left to compile 6
[2019.03.03-01.31.01:986][701]LogShaderCompilers: Display: Shaders left to compile 5
[2019.03.03-01.31.01:986][701]LogShaderCompilers: Display: Shaders left to compile 4
[2019.03.03-01.31.01:986][701]LogShaderCompilers: Display: Shaders left to compile 3
[2019.03.03-01.31.01:986][701]LogShaderCompilers: Display: Shaders left to compile 2
[2019.03.03-01.31.01:986][701]LogShaderCompilers: Display: Shaders left to compile 1
[2019.03.03-01.31.13:151][984]Cmd: TRANSACTION UNDO
[2019.03.03-01.31.13:152][984]LogEditorTransaction: Undo Creating New Landscape
[2019.03.03-01.31.14:787][160]LogSlate: FSceneViewport::OnFocusLost() reason 0
[2019.03.03-01.31.29:746][925]LogSlate: FSceneViewport::OnFocusLost() reason 0
[2019.03.03-01.31.29:881][939]LogTexture: Display: Building textures: Texture2D_1 (BGRA8, 128X128)
[2019.03.03-01.31.39:789][ 93]LogSlate: FSceneViewport::OnFocusLost() reason 0
[2019.03.03-01.31.56:186][ 25]LogSlate: FSceneViewport::OnFocusLost() reason 0
[2019.03.03-01.31.59:370][403]LogSlate: FSceneViewport::OnFocusLost() reason 0
[2019.03.03-01.32.04:266][981]Cmd: TRANSACTION UNDO
[2019.03.03-01.32.04:266][981]LogEditorTransaction: Undo Landscape Editing: Sculpt
[2019.03.03-01.32.06:244][202]LogSlate: FSceneViewport::OnFocusLost() reason 0
[2019.03.03-01.32.19:269][742]Cmd: TRANSACTION UNDO
[2019.03.03-01.32.19:269][742]LogEditorTransaction: Undo Landscape Editing: Sculpt
[2019.03.03-01.32.55:443][999]LogSlate: FSceneViewport::OnFocusLost() reason 0
[2019.03.03-01.32.55:562][ 10]LogRenderer: Reallocating scene render targets to support 1144x576 Format 10 NumSamples 1 (Frame:32797).
[2019.03.03-01.32.55:609][ 11]LogRenderer: Reallocating scene render targets to support 1144x600 Format 10 NumSamples 1 (Frame:32799).
[2019.03.03-01.32.55:666][ 12]LogRenderer: Reallocating scene render targets to support 1144x652 Format 10 NumSamples 1 (Frame:32801).
[2019.03.03-01.32.55:725][ 13]LogRenderer: Reallocating scene render targets to support 1144x732 Format 10 NumSamples 1 (Frame:32803).
[2019.03.03-01.32.55:803][ 14]LogRenderer: Reallocating scene render targets to support 1144x784 Format 10 NumSamples 1 (Frame:32805).
[2019.03.03-01.32.55:861][ 15]LogRenderer: Reallocating scene render targets to support 1144x864 Format 10 NumSamples 1 (Frame:32807).
[2019.03.03-01.32.55:931][ 16]LogRenderer: Reallocating scene render targets to support 1144x900 Format 10 NumSamples 1 (Frame:32809).
[2019.03.03-01.33.56:025][149]LogSlate: FSceneViewport::OnFocusLost() reason 0
[2019.03.03-01.34.10:246][792]LogSlate: FSceneViewport::OnFocusLost() reason 0
[2019.03.03-01.34.12:676][ 67]LogEditorViewport: Clicking on Actor (LMB): PlayerStart (Player Start)
[2019.03.03-01.34.13:934][214]LogNavigationPoint: PostEditMove Clear paths rebuilt
[2019.03.03-01.34.17:409][621]LogNavigationPoint: PostEditMove Clear paths rebuilt
[2019.03.03-01.34.18:365][729]LogSlate: FSceneViewport::OnFocusLost() reason 0
[2019.03.03-01.34.18:498][745]LogTemp: Repeating last play command: Selected Viewport
[2019.03.03-01.34.18:552][745]LogPlayLevel: PlayLevel: No blueprints needed recompiling
[2019.03.03-01.34.18:657][745]PIE: New page: PIE session: Untitled_2 (Mar 2, 2019, 3:34:18 PM)
[2019.03.03-01.34.18:680][745]LogPlayLevel: Creating play world package: /Temp/UEDPIE_0_Untitled_2
[2019.03.03-01.34.18:716][745]LogPlayLevel: PIE: StaticDuplicateObject took: (0.035355s)
[2019.03.03-01.34.18:718][745]LogAIModule: Creating AISystem for world Untitled_2
[2019.03.03-01.34.18:740][745]LogPlayLevel: PIE: World Init took: (0.023782s)
[2019.03.03-01.34.18:741][745]LogPlayLevel: PIE: Created PIE world by copying editor world from /Temp/Untitled_2.Untitled_2 to /Temp/UEDPIE_0_Untitled_2.Untitled_2 (0.060344s)
[2019.03.03-01.34.18:862][745]LogInit: XAudio2 using 'Speakers (Realtek(R) Audio)' : 2 channels at 48 kHz using 32 bits per sample (channel mask 0x3)
[2019.03.03-01.34.18:903][745]LogInit: FAudioDevice initialized.
[2019.03.03-01.34.18:990][745]LogLoad: Game class is 'VehicleMovementGameMode'
[2019.03.03-01.34.19:063][745]LogWorld: Bringing World /Temp/UEDPIE_0_Untitled_2.Untitled_2 up for play (max tick rate 0) at 2019.03.02-20.34.19
[2019.03.03-01.34.19:068][745]LogWorld: Bringing up level for play took: 0.005885
[2019.03.03-01.34.19:204][745]LogContentBrowser: Native class hierarchy updated for 'MovieSceneCapture' in 0.0011 seconds. Added 10 classes and 0 folders.
[2019.03.03-01.34.19:300][745]PIE: Play in editor start time for /Temp/UEDPIE_0_Untitled_2 0.821
[2019.03.03-01.34.33:547][415]LogSlate: Updating window title bar state: overlay mode, drag disabled, window buttons hidden, title bar hidden
[2019.03.03-01.34.33:664][415]LogPlayLevel: Display: Shutting down PIE online subsystems
[2019.03.03-01.34.33:728][415]LogSlate: Updating window title bar state: overlay mode, drag disabled, window buttons hidden, title bar hidden
[2019.03.03-01.34.33:799][416]LogPlayLevel: Display: Destroying online subsystem :Context_6
[2019.03.03-01.34.35:713][641]LogEditorViewport: Clicking on Actor (LMB): AtmosphericFog (Atmospheric Fog)
[2019.03.03-01.34.36:226][694]LogEditorViewport: Clicking on Actor (LMB): SkyLight (SkyLight)
[2019.03.03-01.34.47:065][957]LogEditorViewport: Clicking on Actor (LMB): PlayerStart (Player Start)
[2019.03.03-01.34.48:461][121]LogNavigationPoint: PostEditMove Clear paths rebuilt
[2019.03.03-01.34.50:243][331]LogNavigationPoint: PostEditMove Clear paths rebuilt
[2019.03.03-01.34.51:716][502]LogSlate: FSceneViewport::OnFocusLost() reason 0
[2019.03.03-01.34.51:841][517]LogTemp: Repeating last play command: Selected Viewport
[2019.03.03-01.34.51:854][517]LogPlayLevel: PlayLevel: No blueprints needed recompiling
[2019.03.03-01.34.51:854][517]PIE: New page: PIE session: Untitled_2 (Mar 2, 2019, 3:34:51 PM)
[2019.03.03-01.34.51:855][517]LogPlayLevel: Creating play world package: /Temp/UEDPIE_0_Untitled_2
[2019.03.03-01.34.51:859][517]LogPlayLevel: PIE: StaticDuplicateObject took: (0.004029s)
[2019.03.03-01.34.51:860][517]LogAIModule: Creating AISystem for world Untitled_2
[2019.03.03-01.34.51:860][517]LogPlayLevel: PIE: World Init took: (0.001199s)
[2019.03.03-01.34.51:860][517]LogPlayLevel: PIE: Created PIE world by copying editor world from /Temp/Untitled_2.Untitled_2 to /Temp/UEDPIE_0_Untitled_2.Untitled_2 (0.005588s)
[2019.03.03-01.34.51:957][517]LogInit: XAudio2 using 'Speakers (Realtek(R) Audio)' : 2 channels at 48 kHz using 32 bits per sample (channel mask 0x3)
[2019.03.03-01.34.51:989][517]LogInit: FAudioDevice initialized.
[2019.03.03-01.34.52:025][517]LogLoad: Game class is 'VehicleMovementGameMode'
[2019.03.03-01.34.52:028][517]LogWorld: Bringing World /Temp/UEDPIE_0_Untitled_2.Untitled_2 up for play (max tick rate 0) at 2019.03.02-20.34.52
[2019.03.03-01.34.52:028][517]LogWorld: Bringing up level for play took: 0.000614
[2019.03.03-01.34.52:057][517]PIE: Play in editor start time for /Temp/UEDPIE_0_Untitled_2 -0.421
[2019.03.03-01.35.26:805][664]LogSlate: Updating window title bar state: overlay mode, drag disabled, window buttons hidden, title bar hidden
[2019.03.03-01.35.26:847][664]LogPlayLevel: Display: Shutting down PIE online subsystems
[2019.03.03-01.35.26:886][664]LogSlate: Updating window title bar state: overlay mode, drag disabled, window buttons hidden, title bar hidden
[2019.03.03-01.35.26:913][665]LogPlayLevel: Display: Destroying online subsystem :Context_7
[2019.03.03-01.35.32:706][338]LogSlate: FSceneViewport::OnFocusLost() reason 0
[2019.03.03-01.37.12:717][149]LogSlate: FSceneViewport::OnFocusLost() reason 0
[2019.03.03-01.37.28:838][ 38]LogSlate: FSceneViewport::OnFocusLost() reason 2
[2019.03.03-01.38.27:525][936]LogSlate: FSceneViewport::OnFocusLost() reason 2
[2019.03.03-01.38.52:467][894]LogSlate: FSceneViewport::OnFocusLost() reason 0
[2019.03.03-01.38.52:558][905]LogTemp: Repeating last play command: Selected Viewport
[2019.03.03-01.38.52:572][905]LogPlayLevel: PlayLevel: No blueprints needed recompiling
[2019.03.03-01.38.52:572][905]PIE: New page: PIE session: Untitled_2 (Mar 2, 2019, 3:38:52 PM)
[2019.03.03-01.38.52:572][905]LogPlayLevel: Creating play world package: /Temp/UEDPIE_0_Untitled_2
[2019.03.03-01.38.52:578][905]LogPlayLevel: PIE: StaticDuplicateObject took: (0.005695s)
[2019.03.03-01.38.52:579][905]LogAIModule: Creating AISystem for world Untitled_2
[2019.03.03-01.38.52:580][905]LogPlayLevel: PIE: World Init took: (0.001730s)
[2019.03.03-01.38.52:581][905]LogPlayLevel: PIE: Created PIE world by copying editor world from /Temp/Untitled_2.Untitled_2 to /Temp/UEDPIE_0_Untitled_2.Untitled_2 (0.008308s)
[2019.03.03-01.38.52:686][905]LogInit: XAudio2 using 'Speakers (Realtek(R) Audio)' : 2 channels at 48 kHz using 32 bits per sample (channel mask 0x3)
[2019.03.03-01.38.52:726][905]LogInit: FAudioDevice initialized.
[2019.03.03-01.38.52:762][905]LogLoad: Game class is 'VehicleMovementGameMode'
[2019.03.03-01.38.52:765][905]LogWorld: Bringing World /Temp/UEDPIE_0_Untitled_2.Untitled_2 up for play (max tick rate 0) at 2019.03.02-20.38.52
[2019.03.03-01.38.52:766][905]LogWorld: Bringing up level for play took: 0.000766
[2019.03.03-01.38.52:781][905]PIE: Play in editor start time for /Temp/UEDPIE_0_Untitled_2 0.302
[2019.03.03-01.38.56:974][403]LogSlate: Updating window title bar state: overlay mode, drag disabled, window buttons hidden, title bar hidden
[2019.03.03-01.38.57:026][403]LogPlayLevel: Display: Shutting down PIE online subsystems
[2019.03.03-01.38.57:068][403]LogSlate: Updating window title bar state: overlay mode, drag disabled, window buttons hidden, title bar hidden
[2019.03.03-01.38.57:086][404]LogPlayLevel: Display: Destroying online subsystem :Context_8
[2019.03.03-01.38.58:415][560]LogTemp: Repeating last play command: Selected Viewport
[2019.03.03-01.38.58:429][560]LogPlayLevel: PlayLevel: No blueprints needed recompiling
[2019.03.03-01.38.58:429][560]PIE: New page: PIE session: Untitled_2 (Mar 2, 2019, 3:38:58 PM)
[2019.03.03-01.38.58:429][560]LogPlayLevel: Creating play world package: /Temp/UEDPIE_0_Untitled_2
[2019.03.03-01.38.58:434][560]LogPlayLevel: PIE: StaticDuplicateObject took: (0.005009s)
[2019.03.03-01.38.58:435][560]LogAIModule: Creating AISystem for world Untitled_2
[2019.03.03-01.38.58:435][560]LogPlayLevel: PIE: World Init took: (0.000993s)
[2019.03.03-01.38.58:435][560]LogPlayLevel: PIE: Created PIE world by copying editor world from /Temp/Untitled_2.Untitled_2 to /Temp/UEDPIE_0_Untitled_2.Untitled_2 (0.006437s)
[2019.03.03-01.38.58:532][560]LogInit: XAudio2 using 'Speakers (Realtek(R) Audio)' : 2 channels at 48 kHz using 32 bits per sample (channel mask 0x3)
[2019.03.03-01.38.58:566][560]LogInit: FAudioDevice initialized.
[2019.03.03-01.38.58:600][560]LogLoad: Game class is 'VehicleMovementGameMode'
[2019.03.03-01.38.58:603][560]LogWorld: Bringing World /Temp/UEDPIE_0_Untitled_2.Untitled_2 up for play (max tick rate 0) at 2019.03.02-20.38.58
[2019.03.03-01.38.58:603][560]LogWorld: Bringing up level for play took: 0.000626
[2019.03.03-01.38.58:618][560]PIE: Play in editor start time for /Temp/UEDPIE_0_Untitled_2 0.14
[2019.03.03-01.39.00:116][733]LogSlate: Updating window title bar state: overlay mode, drag disabled, window buttons hidden, title bar hidden
[2019.03.03-01.39.00:159][733]LogPlayLevel: Display: Shutting down PIE online subsystems
[2019.03.03-01.39.00:189][733]LogSlate: Updating window title bar state: overlay mode, drag disabled, window buttons hidden, title bar hidden
[2019.03.03-01.39.00:222][735]LogPlayLevel: Display: Destroying online subsystem :Context_9
[2019.03.03-01.39.08:983][761]LogSlate: FSceneViewport::OnFocusLost() reason 0
[2019.03.03-01.39.09:074][772]LogTemp: Repeating last play command: Selected Viewport
[2019.03.03-01.39.09:087][772]LogPlayLevel: PlayLevel: No blueprints needed recompiling
[2019.03.03-01.39.09:088][772]PIE: New page: PIE session: Untitled_2 (Mar 2, 2019, 3:39:09 PM)
[2019.03.03-01.39.09:088][772]LogPlayLevel: Creating play world package: /Temp/UEDPIE_0_Untitled_2
[2019.03.03-01.39.09:092][772]LogPlayLevel: PIE: StaticDuplicateObject took: (0.004257s)
[2019.03.03-01.39.09:093][772]LogAIModule: Creating AISystem for world Untitled_2
[2019.03.03-01.39.09:094][772]LogPlayLevel: PIE: World Init took: (0.000975s)
[2019.03.03-01.39.09:094][772]LogPlayLevel: PIE: Created PIE world by copying editor world from /Temp/Untitled_2.Untitled_2 to /Temp/UEDPIE_0_Untitled_2.Untitled_2 (0.005712s)
[2019.03.03-01.39.09:192][772]LogInit: XAudio2 using 'Speakers (Realtek(R) Audio)' : 2 channels at 48 kHz using 32 bits per sample (channel mask 0x3)
[2019.03.03-01.39.09:224][772]LogInit: FAudioDevice initialized.
[2019.03.03-01.39.09:265][772]LogLoad: Game class is 'VehicleMovementGameMode'
[2019.03.03-01.39.09:268][772]LogWorld: Bringing World /Temp/UEDPIE_0_Untitled_2.Untitled_2 up for play (max tick rate 0) at 2019.03.02-20.39.09
[2019.03.03-01.39.09:268][772]LogWorld: Bringing up level for play took: 0.000685
[2019.03.03-01.39.09:283][772]PIE: Play in editor start time for /Temp/UEDPIE_0_Untitled_2 0.805
[2019.03.03-01.39.29:546][187]LogSlate: Updating window title bar state: overlay mode, drag disabled, window buttons hidden, title bar hidden
[2019.03.03-01.39.29:589][187]LogPlayLevel: Display: Shutting down PIE online subsystems
[2019.03.03-01.39.29:630][187]LogSlate: Updating window title bar state: overlay mode, drag disabled, window buttons hidden, title bar hidden
[2019.03.03-01.39.29:655][188]LogPlayLevel: Display: Destroying online subsystem :Context_10
[2019.03.03-01.39.31:655][419]LogSlate: FSceneViewport::OnFocusLost() reason 2
[2019.03.03-01.39.31:711][419]LogSlate: FSceneViewport::OnFocusLost() reason 2
[2019.03.03-01.39.34:428][736]LogSlate: FSceneViewport::OnFocusLost() reason 0
[2019.03.03-01.40.02:994][ 60]LogTemp: Repeating last play command: Selected Viewport
[2019.03.03-01.40.03:008][ 60]LogPlayLevel: PlayLevel: No blueprints needed recompiling
[2019.03.03-01.40.03:008][ 60]PIE: New page: PIE session: Untitled_2 (Mar 2, 2019, 3:40:03 PM)
[2019.03.03-01.40.03:008][ 60]LogPlayLevel: Creating play world package: /Temp/UEDPIE_0_Untitled_2
[2019.03.03-01.40.03:013][ 60]LogPlayLevel: PIE: StaticDuplicateObject took: (0.005083s)
[2019.03.03-01.40.03:014][ 60]LogAIModule: Creating AISystem for world Untitled_2
[2019.03.03-01.40.03:015][ 60]LogPlayLevel: PIE: World Init took: (0.001189s)
[2019.03.03-01.40.03:015][ 60]LogPlayLevel: PIE: Created PIE world by copying editor world from /Temp/Untitled_2.Untitled_2 to /Temp/UEDPIE_0_Untitled_2.Untitled_2 (0.006782s)
[2019.03.03-01.40.03:111][ 60]LogInit: XAudio2 using 'Speakers (Realtek(R) Audio)' : 2 channels at 48 kHz using 32 bits per sample (channel mask 0x3)
