Log file open, 02/18/19 13:05:33
LogWindows: Failed to load 'aqProf.dll' (GetLastError=126)
LogWindows: File 'aqProf.dll' does not exist
LogWindows: Failed to load 'VSPerf140.dll' (GetLastError=126)
LogWindows: File 'VSPerf140.dll' does not exist
LogWindows: Failed to load 'VtuneApi.dll' (GetLastError=126)
LogWindows: File 'VtuneApi.dll' does not exist
LogWindows: Failed to load 'VtuneApi32e.dll' (GetLastError=126)
LogWindows: File 'VtuneApi32e.dll' does not exist
LogInit: Display: Running engine for game: VehicleMovement
LogPlatformFile: Not using cached read wrapper
LogTaskGraph: Started task graph with 5 named threads and 14 total threads with 3 sets of task threads.
LogStats: Stats thread started at 0.454143
LogD3D11RHI: Loaded GFSDK_Aftermath_Lib.x64.dll
LogICUInternationalization: Display: ICU TimeZone Detection - Raw Offset: -5:00, Platform Override: ''
LogPluginManager: Mounting plugin Paper2D
LogPluginManager: Mounting plugin AISupport
LogPluginManager: Mounting plugin LightPropagationVolume
LogPluginManager: Mounting plugin CLionSourceCodeAccess
LogPluginManager: Mounting plugin CodeLiteSourceCodeAccess
LogPluginManager: Mounting plugin GitSourceControl
LogPluginManager: Mounting plugin KDevelopSourceCodeAccess
LogPluginManager: Mounting plugin NullSourceCodeAccess
LogPluginManager: Mounting plugin PerforceSourceControl
LogPluginManager: Mounting plugin SubversionSourceControl
LogPluginManager: Mounting plugin UObjectPlugin
LogPluginManager: Mounting plugin VisualStudioCodeSourceCodeAccess
LogPluginManager: Mounting plugin VisualStudioSourceCodeAccess
LogPluginManager: Mounting plugin XCodeSourceCodeAccess
LogPluginManager: Mounting plugin AssetManagerEditor
LogPluginManager: Mounting plugin CryptoKeys
LogPluginManager: Mounting plugin DataValidation
LogPluginManager: Mounting plugin FacialAnimation
LogPluginManager: Mounting plugin GameplayTagsEditor
LogPluginManager: Mounting plugin MacGraphicsSwitching
LogPluginManager: Mounting plugin MeshEditor
LogPluginManager: Mounting plugin MobileLauncherProfileWizard
LogPluginManager: Mounting plugin PluginBrowser
LogPluginManager: Mounting plugin SpeedTreeImporter
LogPluginManager: Mounting plugin DatasmithContent
LogPluginManager: Mounting plugin AlembicImporter
LogPluginManager: Mounting plugin AppleImageUtils
LogPluginManager: Mounting plugin AppleVision
LogPluginManager: Mounting plugin BackChannel
LogPluginManager: Mounting plugin CharacterAI
LogPluginManager: Mounting plugin GeometryCache
LogPluginManager: Mounting plugin HTML5Networking
LogPluginManager: Mounting plugin ProxyLODPlugin
LogPluginManager: Mounting plugin RawInput
LogPluginManager: Mounting plugin MagicLeap
LogPluginManager: Mounting plugin MagicLeapEmulator
LogPluginManager: Mounting plugin MagicLeapMedia
LogPluginManager: Mounting plugin AndroidMedia
LogPluginManager: Mounting plugin AvfMedia
LogPluginManager: Mounting plugin ImgMedia
LogPluginManager: Mounting plugin LinearTimecode
LogPluginManager: Mounting plugin MediaCompositing
LogPluginManager: Mounting plugin MediaPlayerEditor
LogPluginManager: Mounting plugin WmfMedia
LogPluginManager: Mounting plugin TcpMessaging
LogPluginManager: Mounting plugin UdpMessaging
LogPluginManager: Mounting plugin ActorSequence
LogPluginManager: Mounting plugin LevelSequenceEditor
LogPluginManager: Mounting plugin MatineeToLevelSequence
LogPluginManager: Mounting plugin NetcodeUnitTest
LogPluginManager: Mounting plugin NUTUnrealEngine4
LogPluginManager: Mounting plugin OnlineSubsystemGooglePlay
LogPluginManager: Mounting plugin OnlineSubsystemIOS
LogPluginManager: Mounting plugin OnlineSubsystem
LogPluginManager: Mounting plugin OnlineSubsystemNull
LogPluginManager: Mounting plugin OnlineSubsystemUtils
LogPluginManager: Mounting plugin LauncherChunkInstaller
LogPluginManager: Mounting plugin AndroidDeviceProfileSelector
LogPluginManager: Mounting plugin AndroidMoviePlayer
LogPluginManager: Mounting plugin AndroidPermission
LogPluginManager: Mounting plugin AppleMoviePlayer
LogPluginManager: Mounting plugin ArchVisCharacter
LogPluginManager: Mounting plugin AudioCapture
LogPluginManager: Mounting plugin CableComponent
LogPluginManager: Mounting plugin CustomMeshComponent
LogPluginManager: Mounting plugin EditableMesh
LogPluginManager: Mounting plugin ExampleDeviceProfileSelector
LogPluginManager: Mounting plugin GoogleCloudMessaging
LogPluginManager: Mounting plugin ImmediatePhysics
LogPluginManager: Mounting plugin IOSDeviceProfileSelector
LogPluginManager: Mounting plugin LinuxDeviceProfileSelector
LogPluginManager: Mounting plugin LocationServicesBPLibrary
LogPluginManager: Mounting plugin MobilePatchingUtils
LogPluginManager: Mounting plugin OculusVR
LogPluginManager: Plugin shader directory ../../../Engine/Plugins/Runtime/Oculus/OculusVR/Shaders found
LogPluginManager: Mapping shader source directory ../../../Engine/Plugins/Runtime/Oculus/OculusVR/Shaders to virtual directory /Plugin/OculusVR
LogPluginManager: Mounting plugin PhysXVehicles
LogPluginManager: Mounting plugin ProceduralMeshComponent
LogPluginManager: Mounting plugin RuntimePhysXCooking
LogPluginManager: Mounting plugin SteamVR
LogPluginManager: Mounting plugin WindowsMoviePlayer
LogStreaming: Display: Took  0.183s to configure plugins.
LogInit: Using libcurl 7.55.1-DEV
LogInit:  - built for x86_64-pc-win32
LogInit:  - supports SSL with OpenSSL/1.0.2h
LogInit:  - supports HTTP deflate (compression) using libz 1.2.8
LogInit:  - other features:
LogInit:      CURL_VERSION_SSL
LogInit:      CURL_VERSION_LIBZ
LogInit:      CURL_VERSION_IPV6
LogInit:      CURL_VERSION_ASYNCHDNS
LogInit:      CURL_VERSION_LARGEFILE
LogInit:      CURL_VERSION_IDN
LogInit:  CurlRequestOptions (configurable via config and command line):
LogInit:  - bVerifyPeer = false  - Libcurl will NOT verify peer certificate
LogInit:  - bUseHttpProxy = false  - Libcurl will NOT use HTTP proxy
LogInit:  - bDontReuseConnections = false  - Libcurl will reuse connections
LogInit:  - CertBundlePath = nullptr  - Libcurl will use whatever was configured at build time.
LogInit:  - MaxHostConnections = 16  - Libcurl will limit the number of connections to a host
LogInit:  - LocalHostAddr = Default
LogInit:  - BufferSize = 65536
LogInit: WinSock: version 1.1 (2.2), MaxSocks=32767, MaxUdp=65467
LogInit: Build: ++UE4+Release-4.20-CL-4369336
LogInit: Engine Version: 4.20.3-4369336+++UE4+Release-4.20
LogInit: Compatible Engine Version: 4.20.0-4212847+++UE4+Release-4.20
LogInit: Net CL: 4212847
LogInit: OS: Windows 10 (), CPU: Intel(R) Core(TM) i5-4460  CPU @ 3.20GHz, GPU: NVIDIA GeForce GTX 750 Ti
LogInit: Compiled (64-bit): Sep 17 2018 12:26:19
LogInit: Compiled with Visual C++: 19.13.26129.00
LogInit: Build Configuration: Development
LogInit: Branch Name: ++UE4+Release-4.20
LogInit: Command Line:  -skipcompile
LogInit: Base Directory: C:/Program Files/Epic Games/UE_4.20/Engine/Binaries/Win64/
LogInit: Installed Engine Build: 1
LogDevObjectVersion: Number of dev versions registered: 20
LogDevObjectVersion:   Dev-Blueprints (B0D832E4-1F89-4F0D-ACCF-7EB736FD4AA2): 10
LogDevObjectVersion:   Dev-Build (E1C64328-A22C-4D53-A36C-8E866417BD8C): 0
LogDevObjectVersion:   Dev-Core (375EC13C-06E4-48FB-B500-84F0262A717E): 2
LogDevObjectVersion:   Dev-Editor (E4B068ED-F494-42E9-A231-DA0B2E46BB41): 24
LogDevObjectVersion:   Dev-Framework (CFFC743F-43B0-4480-9391-14DF171D2073): 34
LogDevObjectVersion:   Dev-Mobile (B02B49B5-BB20-44E9-A304-32B752E40360): 2
LogDevObjectVersion:   Dev-Networking (A4E4105C-59A1-49B5-A7C5-40C4547EDFEE): 0
LogDevObjectVersion:   Dev-Online (39C831C9-5AE6-47DC-9A44-9C173E1C8E7C): 0
LogDevObjectVersion:   Dev-Physics (78F01B33-EBEA-4F98-B9B4-84EACCB95AA2): 0
LogDevObjectVersion:   Dev-Platform (6631380F-2D4D-43E0-8009-CF276956A95A): 0
LogDevObjectVersion:   Dev-Rendering (12F88B9F-8875-4AFC-A67C-D90C383ABD29): 26
LogDevObjectVersion:   Dev-Sequencer (7B5AE74C-D270-4C10-A958-57980B212A5A): 9
LogDevObjectVersion:   Dev-VR (D7296918-1DD6-4BDD-9DE2-64A83CC13884): 2
LogDevObjectVersion:   Dev-LoadTimes (C2A15278-BFE7-4AFE-6C17-90FF531DF755): 1
LogDevObjectVersion:   Private-Geometry (6EACA3D4-40EC-4CC1-B786-8BED09428FC5): 3
LogDevObjectVersion:   Dev-AnimPhys (29E575DD-E0A3-4627-9D10-D276232CDCEA): 17
LogDevObjectVersion:   Dev-ReflectionCapture (6B266CEC-1EC7-4B8F-A30B-E4D90942FC07): 1
LogDevObjectVersion:   Dev-Automation (0DF73D61-A23F-47EA-B727-89E90C41499A): 1
LogDevObjectVersion:   FortniteMain (601D1886-AC64-4F84-AA16-D3DE0DEAC7D6): 12
LogDevObjectVersion:   Dev-Enterprise (9DFFBCD6-494F-0158-E221-12823C92A888): 1
LogStreaming: Display: Took  0.002s to delete old logs.
LogInit: Presizing for max 8388607 objects, including 0 objects not considered by GC, pre-allocating 0 bytes for permanent pool.
LogInit: Object subsystem initialized
[2019.02.18-18.05.33:980][  0]LogInit: Selected Device Profile: [Windows]
[2019.02.18-18.05.33:981][  0]LogInit: Applying CVar settings loaded from the selected device profile: [Windows]
[2019.02.18-18.05.33:990][  0]LogHAL: Display: Platform has ~ 8 GB [8536301568 / 8589934592 / 8], which maps to Default [LargestMinGB=32, LargerMinGB=12, DefaultMinGB=8, SmallerMinGB=6, SmallestMinGB=0)
[2019.02.18-18.05.33:991][  0]LogInit: Setting Device Profile CVar: [[r.Vulkan.UseRealUBs:1]]
[2019.02.18-18.05.33:991][  0]LogInit: Going up to parent DeviceProfile []
[2019.02.18-18.05.33:991][  0]LogInit: Computer: DESKTOP-IAKBS29
[2019.02.18-18.05.33:991][  0]LogInit: User: Sarfaraz
[2019.02.18-18.05.33:991][  0]LogInit: CPU Page size=4096, Cores=4
[2019.02.18-18.05.33:991][  0]LogInit: High frequency timer resolution =10.000000 MHz
[2019.02.18-18.05.33:992][  0]LogMemory: Memory total: Physical=8.0GB (8GB approx)
[2019.02.18-18.05.33:992][  0]LogMemory: Platform Memory Stats for Windows
[2019.02.18-18.05.33:992][  0]LogMemory: Process Physical Memory: 101.36 MB used, 101.36 MB peak
[2019.02.18-18.05.33:992][  0]LogMemory: Process Virtual Memory: 84.18 MB used, 84.18 MB peak
[2019.02.18-18.05.33:992][  0]LogMemory: Physical Memory: 6780.59 MB used,  1360.26 MB free, 8140.85 MB total
[2019.02.18-18.05.33:992][  0]LogMemory: Virtual Memory: 4608.51 MB used,  1360.26 MB free, 134217728.00 MB total
[2019.02.18-18.05.34:124][  0]LogInit: Using OS detected language (en-US).
[2019.02.18-18.05.34:124][  0]LogInit: Using OS detected locale (en-CA).
[2019.02.18-18.05.34:126][  0]LogTextLocalizationManager: No specific localization for 'en-US' exists, so the 'en' localization will be used.
[2019.02.18-18.05.34:560][  0]LogStreaming: Display: Took  0.435s to InitEngineTextLocalization.
[2019.02.18-18.05.34:560][  0]LogInit: Setting process to per monitor DPI aware
[2019.02.18-18.05.34:619][  0]LogSlate: New Slate User Created.  User Index 0, Is Virtual User: 0
[2019.02.18-18.05.34:619][  0]LogSlate: Slate User Registered.  User Index 0, Is Virtual User: 0
[2019.02.18-18.05.34:969][  0]LogHMD: Failed to initialize OpenVR with code 110
[2019.02.18-18.05.34:969][  0]LogD3D11RHI: D3D11 adapters:
[2019.02.18-18.05.35:085][  0]LogD3D11RHI:    0. 'NVIDIA GeForce GTX 750 Ti' (Feature Level 11_0)
[2019.02.18-18.05.35:085][  0]LogD3D11RHI:       2007/0/4070 MB DedicatedVideo/DedicatedSystem/SharedSystem, Outputs:2, VendorId:0x10de
[2019.02.18-18.05.35:095][  0]LogD3D11RHI:    1. 'Microsoft Basic Render Driver' (Feature Level 11_0)
[2019.02.18-18.05.35:095][  0]LogD3D11RHI:       0/0/4070 MB DedicatedVideo/DedicatedSystem/SharedSystem, Outputs:0, VendorId:0x1414
[2019.02.18-18.05.35:095][  0]LogD3D11RHI: Chosen D3D11 Adapter: 0
[2019.02.18-18.05.35:117][  0]LogD3D11RHI: Creating new Direct3DDevice
[2019.02.18-18.05.35:119][  0]LogD3D11RHI:     GPU DeviceId: 0x1380 (for the marketing name, search the web for "GPU Device Id")
[2019.02.18-18.05.35:119][  0]LogWindows: EnumDisplayDevices:
[2019.02.18-18.05.35:121][  0]LogWindows:    0. 'NVIDIA GeForce GTX 750 Ti' (P:1 D:1)
[2019.02.18-18.05.35:125][  0]LogWindows:    1. 'NVIDIA GeForce GTX 750 Ti' (P:0 D:1)
[2019.02.18-18.05.35:126][  0]LogWindows:    2. 'NVIDIA GeForce GTX 750 Ti' (P:0 D:0)
[2019.02.18-18.05.35:127][  0]LogWindows:    3. 'NVIDIA GeForce GTX 750 Ti' (P:0 D:0)
[2019.02.18-18.05.35:127][  0]LogWindows: DebugString: FoundDriverCount:4 
[2019.02.18-18.05.35:128][  0]LogD3D11RHI:     Adapter Name: NVIDIA GeForce GTX 750 Ti
[2019.02.18-18.05.35:128][  0]LogD3D11RHI:   Driver Version: 418.91 (internal:25.21.14.1891, unified:418.91)
[2019.02.18-18.05.35:128][  0]LogD3D11RHI:      Driver Date: 2-6-2019
[2019.02.18-18.05.35:128][  0]LogRHI: Texture pool is 1405 MB (70% of 2007 MB)
[2019.02.18-18.05.35:203][  0]LogD3D11RHI: Async texture creation enabled
[2019.02.18-18.05.35:227][  0]LogD3D11RHI: GPU Timing Frequency: 1000.000000 (Debug: 2 1)
[2019.02.18-18.05.35:282][  0]LogShaderCompilers: Guid format shader working directory is -25 characters bigger than the processId version (D:/Humber/Semester 4/Game 260_Game Production/Assignments/VehicleMovement/Intermediate/Shaders/WorkingDirectory/16664/).
[2019.02.18-18.05.35:283][  0]LogShaderCompilers: Cleaned the shader compiler working directory 'C:/Users/Sarfaraz/AppData/Local/Temp/UnrealShaderWorkingDir/A0C5A1D8471DC2A849AE4F968BF17DB6/'.
[2019.02.18-18.05.35:825][  0]LogTemp: Display: Loaded TP AllDesktopTargetPlatform
[2019.02.18-18.05.35:847][  0]LogTemp: Display: Loaded TP MacClientTargetPlatform
[2019.02.18-18.05.35:871][  0]LogTemp: Display: Loaded TP MacNoEditorTargetPlatform
[2019.02.18-18.05.35:892][  0]LogTemp: Display: Loaded TP MacServerTargetPlatform
[2019.02.18-18.05.35:918][  0]LogTemp: Display: Loaded TP MacTargetPlatform
[2019.02.18-18.05.35:951][  0]LogTemp: Display: Loaded TP WindowsClientTargetPlatform
[2019.02.18-18.05.35:983][  0]LogTemp: Display: Loaded TP WindowsNoEditorTargetPlatform
[2019.02.18-18.05.36:013][  0]LogTemp: Display: Loaded TP WindowsServerTargetPlatform
[2019.02.18-18.05.36:028][  0]LogTemp: Display: Loaded TP WindowsTargetPlatform
[2019.02.18-18.05.36:130][  0]LogTemp: Display: Loaded TP AndroidTargetPlatform
[2019.02.18-18.05.36:133][  0]LogTemp: Display: Loaded TP AndroidTargetPlatform
[2019.02.18-18.05.36:134][  0]LogTemp: Display: Loaded TP AndroidTargetPlatform
[2019.02.18-18.05.36:134][  0]LogTemp: Display: Loaded TP AndroidTargetPlatform
[2019.02.18-18.05.36:134][  0]LogTemp: Display: Loaded TP AndroidTargetPlatform
[2019.02.18-18.05.36:135][  0]LogTemp: Display: Loaded TP AndroidTargetPlatform
[2019.02.18-18.05.36:135][  0]LogTemp: Display: Loaded TP AndroidTargetPlatform
[2019.02.18-18.05.36:135][  0]LogTemp: Display: Loaded TP AndroidTargetPlatform
[2019.02.18-18.05.36:135][  0]LogTemp: Display: Loaded TP AndroidTargetPlatform
[2019.02.18-18.05.36:135][  0]LogTemp: Display: Loaded TP AndroidTargetPlatform
[2019.02.18-18.05.36:135][  0]LogTemp: Display: Loaded TP AndroidTargetPlatform
[2019.02.18-18.05.36:136][  0]LogTemp: Display: Loaded TP AndroidTargetPlatform
[2019.02.18-18.05.36:136][  0]LogTemp: Display: Loaded TP AndroidTargetPlatform
[2019.02.18-18.05.36:136][  0]LogTemp: Display: Loaded TP AndroidTargetPlatform
[2019.02.18-18.05.36:136][  0]LogTemp: Display: Loaded TP AndroidTargetPlatform
[2019.02.18-18.05.36:137][  0]LogTemp: Display: Loaded TP AndroidTargetPlatform
[2019.02.18-18.05.36:137][  0]LogTemp: Display: Loaded TP AndroidTargetPlatform
[2019.02.18-18.05.36:137][  0]LogTemp: Display: Loaded TP AndroidTargetPlatform
[2019.02.18-18.05.36:142][  0]LogTemp: Display: Loaded TP HTML5TargetPlatform
[2019.02.18-18.05.36:225][  0]LogTemp: Display: Loaded TP IOSTargetPlatform
[2019.02.18-18.05.36:225][  0]LogTemp: Display: Loaded TP IOSTargetPlatform
[2019.02.18-18.05.36:255][  0]LogTemp: Display: Loaded TP TVOSTargetPlatform
[2019.02.18-18.05.36:255][  0]LogTemp: Display: Loaded TP TVOSTargetPlatform
[2019.02.18-18.05.36:272][  0]LogTemp: Display: Loaded TP LinuxClientTargetPlatform
[2019.02.18-18.05.36:289][  0]LogTemp: Display: Loaded TP LinuxNoEditorTargetPlatform
[2019.02.18-18.05.36:311][  0]LogTemp: Display: Loaded TP LinuxServerTargetPlatform
[2019.02.18-18.05.36:332][  0]LogTemp: Display: Loaded TP LinuxTargetPlatform
[2019.02.18-18.05.36:346][  0]LogTemp: Display: Loaded TP LuminTargetPlatform
[2019.02.18-18.05.36:346][  0]LogTargetPlatformManager: Display: Building Assets For Windows
[2019.02.18-18.05.36:518][  0]LogXGEController: Cleaning working directory: C:/Users/Sarfaraz/AppData/Local/Temp/UnrealXGEWorkingDir/
[2019.02.18-18.05.36:519][  0]LogXGEController: Cannot use XGE Controller as Incredibuild is not installed on this machine.
[2019.02.18-18.05.36:519][  0]LogShaderCompilers: Cannot use XGE Shader Compiler as Incredibuild is not installed on this machine.
[2019.02.18-18.05.36:519][  0]LogShaderCompilers: Display: Using Local Shader Compiler.
[2019.02.18-18.05.37:561][  0]LogDerivedDataCache: Display: Max Cache Size: 512 MB
[2019.02.18-18.05.37:653][  0]LogDerivedDataCache: Loaded boot cache 0.09s 73MB C:/Users/Sarfaraz/AppData/Local/UnrealEngine/4.20/DerivedDataCache/Boot.ddc.
[2019.02.18-18.05.37:653][  0]LogDerivedDataCache: Display: Loaded Boot cache: C:/Users/Sarfaraz/AppData/Local/UnrealEngine/4.20/DerivedDataCache/Boot.ddc
[2019.02.18-18.05.37:653][  0]LogDerivedDataCache: FDerivedDataBackendGraph:  Pak pak cache file D:/Humber/Semester 4/Game 260_Game Production/Assignments/VehicleMovement/DerivedDataCache/DDC.ddp not found, will not use a pak cache.
[2019.02.18-18.05.37:654][  0]LogDerivedDataCache: Unable to find inner node Pak for hierarchical cache Hierarchy.
[2019.02.18-18.05.37:654][  0]LogDerivedDataCache: FDerivedDataBackendGraph:  CompressedPak pak cache file D:/Humber/Semester 4/Game 260_Game Production/Assignments/VehicleMovement/DerivedDataCache/Compressed.ddp not found, will not use a pak cache.
[2019.02.18-18.05.37:654][  0]LogDerivedDataCache: Unable to find inner node CompressedPak for hierarchical cache Hierarchy.
[2019.02.18-18.05.37:669][  0]LogDerivedDataCache: Display: Pak cache opened for reading ../../../Engine/DerivedDataCache/Compressed.ddp.
[2019.02.18-18.05.37:683][  0]LogDerivedDataCache: Using Local data cache path C:/Users/Sarfaraz/AppData/Local/UnrealEngine/Common/DerivedDataCache: Writable
[2019.02.18-18.05.37:683][  0]LogDerivedDataCache: Shared data cache path not found in *engine.ini, will not use an Shared cache.
[2019.02.18-18.05.37:683][  0]LogDerivedDataCache: Unable to find inner node Shared for hierarchical cache Hierarchy.
[2019.02.18-18.05.37:705][  0]LogMaterial: Verifying Global Shaders for PCD3D_SM5
[2019.02.18-18.05.37:707][  0]LogSlate: Using FreeType 2.6.0
[2019.02.18-18.05.37:708][  0]LogSlate: SlateFontServices - WITH_FREETYPE: 1, WITH_HARFBUZZ: 1
[2019.02.18-18.05.37:825][  0]LogAssetRegistry: FAssetRegistry took 0.0376 seconds to start up
[2019.02.18-18.05.38:320][  0]LogInit: Selected Device Profile: [Windows]
[2019.02.18-18.05.38:533][  0]LogSimplygon: Simplygon DLL not present - disabling.
[2019.02.18-18.05.38:547][  0]LogMeshReduction: Using SimplygonSwarm for distributed automatic mesh merging
[2019.02.18-18.05.38:547][  0]LogMeshReduction: Using ProxyLODMeshReduction for automatic mesh merging
[2019.02.18-18.05.38:547][  0]LogMeshReduction: Using QuadricMeshReduction for automatic static mesh reduction
[2019.02.18-18.05.38:547][  0]LogMeshReduction: No automatic skeletal mesh reduction module available
[2019.02.18-18.05.38:579][  0]LogNetVersion: VehicleMovement 1.0.0, NetCL: 4212847, EngineNetVer: 5, GameNetVer: 0 (Checksum: 2966596176)
[2019.02.18-18.05.39:216][  0]LogPackageLocalizationCache: Processed 11 localized package path(s) for 2 prioritized culture(s) in 0.104349 seconds
[2019.02.18-18.05.39:224][  0]LogUObjectArray: 38425 objects as part of root set at end of initial load.
[2019.02.18-18.05.39:224][  0]LogUObjectAllocator: 6690864 out of 0 bytes used by permanent object pool.
[2019.02.18-18.05.39:224][  0]LogUObjectArray: CloseDisregardForGC: 0/0 objects in disregard for GC pool
[2019.02.18-18.05.41:701][  0]LogTcpMessaging: Initializing TcpMessaging bridge
[2019.02.18-18.05.41:721][  0]LogUdpMessaging: Initializing bridge on interface 0.0.0.0:0 to multicast group 230.0.0.1:6666.
[2019.02.18-18.05.42:272][  0]SourceControl: Source control is disabled
[2019.02.18-18.05.42:273][  0]SourceControl: Source control is disabled
[2019.02.18-18.05.42:286][  0]SourceControl: Source control is disabled
[2019.02.18-18.05.42:294][  0]SourceControl: Source control is disabled
[2019.02.18-18.05.42:780][  0]LogAndroidPermission: UAndroidPermissionCallbackProxy::GetInstance
[2019.02.18-18.05.43:017][  0]LogOcInput: OculusInput pre-init called
[2019.02.18-18.05.43:170][  0]LogEngine: Initializing Engine...
[2019.02.18-18.05.43:173][  0]LogHMD: Failed to initialize OpenVR with code 110
[2019.02.18-18.05.43:176][  0]LogStats: UGameplayTagsManager::ConstructGameplayTagTree: ImportINI prefixes -  0.000 s
[2019.02.18-18.05.43:180][  0]LogStats: UGameplayTagsManager::ConstructGameplayTagTree: Construct from data asset -  0.000 s
[2019.02.18-18.05.43:181][  0]LogStats: UGameplayTagsManager::ConstructGameplayTagTree: ImportINI -  0.000 s
[2019.02.18-18.05.43:189][  0]LogStats: UGameplayTagsManager::ConstructGameplayTagTree: GameplayTagTreeChangedEvent.Broadcast -  0.000 s
[2019.02.18-18.05.43:539][  0]LogInit: Initializing FReadOnlyCVARCache
[2019.02.18-18.05.43:629][  0]LogAIModule: Creating AISystem for world Untitled
[2019.02.18-18.05.43:673][  0]LogInit: XAudio2 using 'Headset Earphone (Razer ManO'War 7.1)' : 2 channels at 44.1 kHz using 16 bits per sample (channel mask 0x3)
[2019.02.18-18.05.43:837][  0]LogInit: FAudioDevice initialized.
[2019.02.18-18.05.43:837][  0]LogNetVersion: Set ProjectVersion to 1.0.0.0. Version Checksum will be recalculated on next use.
[2019.02.18-18.05.43:922][  0]LogDerivedDataCache: Saved boot cache 0.08s 73MB C:/Users/Sarfaraz/AppData/Local/UnrealEngine/4.20/DerivedDataCache/Boot.ddc.
[2019.02.18-18.05.43:931][  0]LogInit: Texture streaming: Enabled
[2019.02.18-18.05.44:009][  0]LogEngineSessionManager: EngineSessionManager initialized
[2019.02.18-18.05.44:034][  0]LogInit: Transaction tracking system initialized
[2019.02.18-18.05.44:125][  0]BlueprintLog: New page: Editor Load
[2019.02.18-18.05.44:462][  0]LocalizationService: Localization service is disabled
[2019.02.18-18.05.44:996][  0]LogCook: Display: Max memory allowance for cook 16384mb min free memory 0mb
[2019.02.18-18.05.44:996][  0]LogCook: Display: Mobile HDR setting 1
[2019.02.18-18.05.44:998][  0]LogGameplayTags: Display: UGameplayTagsManager::DoneAddingNativeTags. DelegateIsBound: 0
[2019.02.18-18.05.44:998][  0]LogStats: UGameplayTagsManager::ConstructGameplayTagTree: ImportINI prefixes -  0.000 s
[2019.02.18-18.05.44:998][  0]LogStats: UGameplayTagsManager::ConstructGameplayTagTree: Construct from data asset -  0.000 s
[2019.02.18-18.05.44:998][  0]LogStats: UGameplayTagsManager::ConstructGameplayTagTree: ImportINI -  0.000 s
[2019.02.18-18.05.44:998][  0]LogStats: UGameplayTagsManager::ConstructGameplayTagTree: GameplayTagTreeChangedEvent.Broadcast -  0.000 s
[2019.02.18-18.05.45:265][  0]LogFileCache: Scanning file cache for directory 'D:/Humber/Semester 4/Game 260_Game Production/Assignments/VehicleMovement/Content/' took 0.02s
[2019.02.18-18.05.45:467][  0]SourceControl: Source control is disabled
[2019.02.18-18.05.45:469][  0]Cmd: MAP LOAD FILE="D:/Humber/Semester 4/Game 260_Game Production/Assignments/VehicleMovement/Content/VehicleCPP/Maps/VehicleExampleMap.umap" TEMPLATE=0 SHOWPROGRESS=1 FEATURELEVEL=3
[2019.02.18-18.05.45:524][  0]LightingResults: New page: Lighting Build
[2019.02.18-18.05.45:533][  0]MapCheck: New page: Map Check
[2019.02.18-18.05.45:537][  0]LightingResults: New page: Lighting Build
[2019.02.18-18.05.46:301][  0]LogAIModule: Creating AISystem for world VehicleExampleMap
[2019.02.18-18.05.46:314][  0]LogEditorServer: Finished looking for orphan Actors (0.000 secs)
[2019.02.18-18.05.46:343][  0]Cmd: MAP CHECKDEP NOCLEARLOG
[2019.02.18-18.05.46:486][  0]MapCheck: Map check complete: 0 Error(s), 0 Warning(s), took 142.571ms to complete.
[2019.02.18-18.05.46:486][  0]LogFileHelpers: Loading map 'VehicleExampleMap' took 1.017
[2019.02.18-18.05.46:644][  0]LogSlate: Updating window title bar state: overlay mode, drag disabled, window buttons hidden, title bar hidden
[2019.02.18-18.05.46:653][  0]LogSlate: Updating window title bar state: overlay mode, drag disabled, window buttons hidden, title bar hidden
[2019.02.18-18.05.46:661][  0]LogSlate: Updating window title bar state: overlay mode, drag disabled, window buttons hidden, title bar hidden
[2019.02.18-18.05.46:672][  0]LogSlate: Updating window title bar state: overlay mode, drag disabled, window buttons hidden, title bar hidden
[2019.02.18-18.05.46:698][  0]LogCollectionManager: Loaded 0 collections in 0.004633 seconds
[2019.02.18-18.05.46:768][  0]LogFileCache: Scanning file cache for directory 'D:/Humber/Semester 4/Game 260_Game Production/Assignments/VehicleMovement/Saved/Collections/' took 0.01s
[2019.02.18-18.05.46:769][  0]LogFileCache: Scanning file cache for directory 'D:/Humber/Semester 4/Game 260_Game Production/Assignments/VehicleMovement/Content/Developers/Sarfaraz/Collections/' took 0.01s
[2019.02.18-18.05.46:769][  0]LogFileCache: Scanning file cache for directory 'D:/Humber/Semester 4/Game 260_Game Production/Assignments/VehicleMovement/Content/Collections/' took 0.01s
[2019.02.18-18.05.46:769][  0]LogCollectionManager: Rebuilt the GUID cache for 0 collections in 0.000000 seconds
[2019.02.18-18.05.46:784][  0]LogContentBrowser: Native class hierarchy populated in 0.0138 seconds. Added 2580 classes and 608 folders.
[2019.02.18-18.05.46:804][  0]LogContentBrowser: Native class hierarchy updated for 'WidgetCarousel' in 0.0006 seconds. Added 0 classes and 0 folders.
[2019.02.18-18.05.47:001][  0]LogContentBrowser: Native class hierarchy updated for 'AddContentDialog' in 0.0006 seconds. Added 0 classes and 0 folders.
[2019.02.18-18.05.47:021][  0]LogContentBrowser: Native class hierarchy updated for 'SceneOutliner' in 0.0007 seconds. Added 1 classes and 2 folders.
[2019.02.18-18.05.47:126][  0]LogContentBrowser: Native class hierarchy updated for 'HierarchicalLODOutliner' in 0.0006 seconds. Added 0 classes and 0 folders.
[2019.02.18-18.05.47:126][  0]LogLoad: (Engine Initialization) Total time: 16.88 seconds
[2019.02.18-18.05.47:126][  0]LogLoad: (Engine Initialization) Total Blueprint compile time: 0.00 seconds
[2019.02.18-18.05.47:153][  0]LogRawInputWindows: Warning: Found device 0 devices
[2019.02.18-18.05.47:154][  0]LogRawInputWindows: Warning: Found device 0 devices
[2019.02.18-18.05.47:155][  0]LogRawInputWindows: Warning: Device was registered succesfully but not connected (Usage:4 UsagePage:1)
[2019.02.18-18.05.47:155][  0]LogRawInputWindows: Warning: Found device 1 devices
[2019.02.18-18.05.47:155][  0]LogRawInputWindows: Warning: Device was registered succesfully but not connected (Usage:5 UsagePage:1)
[2019.02.18-18.05.47:187][  0]LogContentStreaming: Texture pool size now 1000 MB
[2019.02.18-18.05.47:192][  0]LogSlate: Took 0.001567 seconds to synchronously load lazily loaded font '../../../Engine/Content/Slate/Fonts/Roboto-Regular.ttf' (155K)
[2019.02.18-18.05.47:197][  0]LogSlate: Took 0.001784 seconds to synchronously load lazily loaded font '../../../Engine/Content/Slate/Fonts/Roboto-Bold.ttf' (160K)
[2019.02.18-18.05.47:202][  0]LogSlate: Took 0.001335 seconds to synchronously load lazily loaded font '../../../Engine/Content/Editor/Slate/Fonts/FontAwesome.ttf' (139K)
[2019.02.18-18.05.47:203][  0]LogSlate: Took 0.000962 seconds to synchronously load lazily loaded font '../../../Engine/Content/Slate/Fonts/DroidSansMono.ttf' (77K)
[2019.02.18-18.05.47:358][  1]LogRenderer: Reallocating scene render targets to support 1172x532 Format 10 NumSamples 1 (Frame:1).
[2019.02.18-18.05.47:385][  1]LogAssetRegistry: Asset discovery search completed in 9.5911 seconds
[2019.02.18-18.05.47:388][  1]LogCollectionManager: Rebuilt the object cache for 0 collections in 0.000001 seconds (found 0 objects)
[2019.02.18-18.05.47:389][  1]LogCollectionManager: Fixed up redirectors for 0 collections in 0.001166 seconds (updated 0 objects)
[2019.02.18-18.05.50:503][100]LogSlate: FSceneViewport::OnFocusLost() reason 0
[2019.02.18-18.05.50:569][108]LogTemp: Repeating last play command: Selected Viewport
[2019.02.18-18.05.50:582][108]LogBlueprintUserMessages: Early PlayInEditor Detection: Level '/Game/VehicleCPP/Maps/VehicleExampleMap.VehicleExampleMap:PersistentLevel' has LevelScriptBlueprint '/Game/VehicleCPP/Maps/VehicleExampleMap.VehicleExampleMap:PersistentLevel.VehicleExampleMap' with GeneratedClass '/Game/VehicleCPP/Maps/VehicleExampleMap.VehicleExampleMap_C' with ClassGeneratedBy '/Game/VehicleCPP/Maps/VehicleExampleMap.VehicleExampleMap:PersistentLevel.VehicleExampleMap'
[2019.02.18-18.05.50:583][108]LogPlayLevel: PlayLevel: No blueprints needed recompiling
[2019.02.18-18.05.50:602][108]PIE: New page: PIE session: VehicleExampleMap (Feb 18, 2019, 8:05:50 AM)
[2019.02.18-18.05.50:603][108]LogPlayLevel: Creating play world package: /Game/VehicleCPP/Maps/UEDPIE_0_VehicleExampleMap
[2019.02.18-18.05.50:632][108]LogPlayLevel: PIE: StaticDuplicateObject took: (0.029314s)
[2019.02.18-18.05.50:633][108]LogAIModule: Creating AISystem for world VehicleExampleMap
[2019.02.18-18.05.50:634][108]LogPlayLevel: PIE: World Init took: (0.001211s)
[2019.02.18-18.05.50:634][108]LogPlayLevel: PIE: Created PIE world by copying editor world from /Game/VehicleCPP/Maps/VehicleExampleMap.VehicleExampleMap to /Game/VehicleCPP/Maps/UEDPIE_0_VehicleExampleMap.VehicleExampleMap (0.031426s)
[2019.02.18-18.05.50:673][108]LogInit: XAudio2 using 'Headset Earphone (Razer ManO'War 7.1)' : 2 channels at 44.1 kHz using 16 bits per sample (channel mask 0x3)
[2019.02.18-18.05.50:738][108]LogInit: FAudioDevice initialized.
[2019.02.18-18.05.50:787][108]LogLoad: Game class is 'VehicleMovementGameMode'
[2019.02.18-18.05.50:793][108]LogWorld: Bringing World /Game/VehicleCPP/Maps/UEDPIE_0_VehicleExampleMap.VehicleExampleMap up for play (max tick rate 0) at 2019.02.18-13.05.50
[2019.02.18-18.05.50:794][108]LogWorld: Bringing up level for play took: 0.003389
[2019.02.18-18.05.50:821][108]LogContentBrowser: Native class hierarchy updated for 'MovieSceneCapture' in 0.0007 seconds. Added 10 classes and 0 folders.
[2019.02.18-18.05.50:823][108]PIE: Play in editor start time for /Game/VehicleCPP/Maps/UEDPIE_0_VehicleExampleMap -0.313
[2019.02.18-18.05.50:823][108]LogBlueprintUserMessages: Late PlayInEditor Detection: Level '/Game/VehicleCPP/Maps/VehicleExampleMap.VehicleExampleMap:PersistentLevel' has LevelScriptBlueprint '/Game/VehicleCPP/Maps/VehicleExampleMap.VehicleExampleMap:PersistentLevel.VehicleExampleMap' with GeneratedClass '/Game/VehicleCPP/Maps/VehicleExampleMap.VehicleExampleMap_C' with ClassGeneratedBy '/Game/VehicleCPP/Maps/VehicleExampleMap.VehicleExampleMap:PersistentLevel.VehicleExampleMap'
[2019.02.18-18.06.24:813][149]LogTemp: Break Speed:  539.000000
[2019.02.18-18.06.24:821][150]LogTemp: Break Speed:  520.000000
[2019.02.18-18.06.24:830][151]LogTemp: Break Speed:  501.000000
[2019.02.18-18.06.24:838][152]LogTemp: Break Speed:  482.000000
[2019.02.18-18.06.24:846][153]LogTemp: Break Speed:  463.000000
[2019.02.18-18.06.24:854][154]LogTemp: Break Speed:  444.000000
[2019.02.18-18.06.24:863][155]LogTemp: Break Speed:  425.000000
[2019.02.18-18.06.24:871][156]LogTemp: Break Speed:  406.000000
[2019.02.18-18.06.24:880][157]LogTemp: Break Speed:  387.000000
[2019.02.18-18.06.24:888][158]LogTemp: Break Speed:  368.000000
[2019.02.18-18.06.24:896][159]LogTemp: Break Speed:  349.000000
[2019.02.18-18.06.24:904][160]LogTemp: Break Speed:  330.000000
[2019.02.18-18.06.24:913][161]LogTemp: Break Speed:  311.000000
[2019.02.18-18.06.24:921][162]LogTemp: Break Speed:  292.000000
[2019.02.18-18.06.24:930][163]LogTemp: Break Speed:  273.000000
[2019.02.18-18.06.24:938][164]LogTemp: Break Speed:  254.000000
[2019.02.18-18.06.24:946][165]LogTemp: Break Speed:  235.000000
[2019.02.18-18.06.24:954][166]LogTemp: Break Speed:  216.000000
[2019.02.18-18.06.24:963][167]LogTemp: Break Speed:  197.000000
[2019.02.18-18.06.24:971][168]LogTemp: Break Speed:  178.000000
[2019.02.18-18.06.24:979][169]LogTemp: Break Speed:  159.000000
[2019.02.18-18.06.24:988][170]LogTemp: Break Speed:  140.000000
[2019.02.18-18.06.24:996][171]LogTemp: Break Speed:  121.000000
[2019.02.18-18.06.25:005][172]LogTemp: Break Speed:  102.000000
[2019.02.18-18.06.25:013][173]LogTemp: Break Speed:  83.000000
[2019.02.18-18.06.25:021][174]LogTemp: Break Speed:  64.000000
[2019.02.18-18.06.25:030][175]LogTemp: Break Speed:  45.000000
[2019.02.18-18.06.25:038][176]LogTemp: Break Speed:  26.000000
[2019.02.18-18.06.25:046][177]LogTemp: Break Speed:  7.000000
[2019.02.18-18.06.25:055][178]LogTemp: Break Speed:  -12.000000
[2019.02.18-18.06.25:071][180]LogTemp: Break Speed:  -10.000000
[2019.02.18-18.06.25:088][182]LogTemp: Break Speed:  -7.990000
[2019.02.18-18.06.25:105][184]LogTemp: Break Speed:  -5.980000
[2019.02.18-18.06.25:121][186]LogTemp: Break Speed:  -3.969999
[2019.02.18-18.06.25:138][188]LogTemp: Break Speed:  -1.959999
[2019.02.18-18.06.25:154][190]LogTemp: Break Speed:  0.050001
[2019.02.18-18.06.25:163][191]LogTemp: Break Speed:  -18.949999
[2019.02.18-18.06.25:179][193]LogTemp: Break Speed:  -16.949999
[2019.02.18-18.06.25:196][195]LogTemp: Break Speed:  -14.939999
[2019.02.18-18.06.25:213][197]LogTemp: Break Speed:  -12.929998
[2019.02.18-18.06.25:229][199]LogTemp: Break Speed:  -10.919998
[2019.02.18-18.06.25:246][201]LogTemp: Break Speed:  -8.909998
[2019.02.18-18.06.25:263][203]LogTemp: Break Speed:  -6.899998
[2019.02.18-18.06.25:279][205]LogTemp: Break Speed:  -4.889997
[2019.02.18-18.06.25:296][207]LogTemp: Break Speed:  -2.889997
[2019.02.18-18.06.25:313][209]LogTemp: Break Speed:  -0.879997
[2019.02.18-18.06.25:321][210]LogTemp: Break Speed:  -19.869997
[2019.02.18-18.06.25:338][212]LogTemp: Break Speed:  -17.859997
[2019.02.18-18.06.25:354][214]LogTemp: Break Speed:  -15.859997
[2019.02.18-18.06.25:371][216]LogTemp: Break Speed:  -13.849997
[2019.02.18-18.06.25:388][218]LogTemp: Break Speed:  -11.839996
[2019.02.18-18.06.25:404][220]LogTemp: Break Speed:  -9.839996
[2019.02.18-18.06.25:421][222]LogTemp: Break Speed:  -7.829996
[2019.02.18-18.06.25:438][224]LogTemp: Break Speed:  -5.819996
[2019.02.18-18.06.25:454][226]LogTemp: Break Speed:  -3.809996
[2019.02.18-18.06.25:471][228]LogTemp: Break Speed:  -1.799995
[2019.02.18-18.06.25:488][230]LogTemp: Break Speed:  0.210005
[2019.02.18-18.06.25:496][231]LogTemp: Break Speed:  -18.789995
[2019.02.18-18.06.25:513][233]LogTemp: Break Speed:  -16.779995
[2019.02.18-18.06.25:530][235]LogTemp: Break Speed:  -14.769995
[2019.02.18-18.06.25:546][237]LogTemp: Break Speed:  -12.759995
[2019.02.18-18.06.25:563][239]LogTemp: Break Speed:  -10.749994
[2019.02.18-18.06.25:579][241]LogTemp: Break Speed:  -8.739994
[2019.02.18-18.06.25:596][243]LogTemp: Break Speed:  -6.729994
[2019.02.18-18.06.25:613][245]LogTemp: Break Speed:  -4.719994
[2019.02.18-18.06.25:629][247]LogTemp: Break Speed:  -2.719994
[2019.02.18-18.06.25:646][249]LogTemp: Break Speed:  -0.709993
[2019.02.18-18.06.25:654][250]LogTemp: Break Speed:  -19.699993
[2019.02.18-18.06.25:671][252]LogTemp: Break Speed:  -17.689993
[2019.02.18-18.06.25:688][254]LogTemp: Break Speed:  -15.689993
[2019.02.18-18.06.25:704][256]LogTemp: Break Speed:  -13.679993
[2019.02.18-18.06.25:721][258]LogTemp: Break Speed:  -11.669992
[2019.02.18-18.06.25:738][260]LogTemp: Break Speed:  -9.669992
[2019.02.18-18.06.25:754][262]LogTemp: Break Speed:  -7.659992
[2019.02.18-18.06.25:771][264]LogTemp: Break Speed:  -5.649992
[2019.02.18-18.06.25:788][266]LogTemp: Break Speed:  -3.639992
[2019.02.18-18.06.25:804][268]LogTemp: Break Speed:  -1.629992
[2019.02.18-18.06.25:821][270]LogTemp: Break Speed:  0.380009
[2019.02.18-18.06.25:829][271]LogTemp: Break Speed:  -18.619991
[2019.02.18-18.06.25:846][273]LogTemp: Break Speed:  -16.609991
[2019.02.18-18.06.25:863][275]LogTemp: Break Speed:  -14.599991
[2019.02.18-18.06.25:879][277]LogTemp: Break Speed:  -12.589991
[2019.02.18-18.06.25:896][279]LogTemp: Break Speed:  -10.579990
[2019.02.18-18.06.25:913][281]LogTemp: Break Speed:  -8.569990
[2019.02.18-18.06.25:930][283]LogTemp: Break Speed:  -6.559990
[2019.02.18-18.06.25:946][285]LogTemp: Break Speed:  -4.549990
[2019.02.18-18.06.25:962][287]LogTemp: Break Speed:  -2.549990
[2019.02.18-18.06.25:980][289]LogTemp: Break Speed:  -0.539989
[2019.02.18-18.06.25:988][290]LogTemp: Break Speed:  -19.529989
[2019.02.18-18.06.26:005][292]LogTemp: Break Speed:  -17.519989
[2019.02.18-18.06.26:021][294]LogTemp: Break Speed:  -15.519989
[2019.02.18-18.06.26:038][296]LogTemp: Break Speed:  -13.509989
[2019.02.18-18.06.26:054][298]LogTemp: Break Speed:  -11.499989
[2019.02.18-18.06.26:071][300]LogTemp: Break Speed:  -9.499989
[2019.02.18-18.06.26:088][302]LogTemp: Break Speed:  -7.489988
[2019.02.18-18.06.26:104][304]LogTemp: Break Speed:  -5.479988
[2019.02.18-18.06.26:121][306]LogTemp: Break Speed:  -3.469988
[2019.02.18-18.06.26:138][308]LogTemp: Break Speed:  -1.459988
[2019.02.18-18.06.26:155][310]LogTemp: Break Speed:  0.550013
[2019.02.18-18.06.26:163][311]LogTemp: Break Speed:  -18.449987
[2019.02.18-18.06.26:179][313]LogTemp: Break Speed:  -16.439987
[2019.02.18-18.06.26:196][315]LogTemp: Break Speed:  -14.429987
[2019.02.18-18.06.26:213][317]LogTemp: Break Speed:  -12.419987
[2019.02.18-18.06.28:043][536]LogBlueprintUserMessages: Early EndPlayMap Detection: Level '/Game/VehicleCPP/Maps/VehicleExampleMap.VehicleExampleMap:PersistentLevel' has LevelScriptBlueprint '/Game/VehicleCPP/Maps/VehicleExampleMap.VehicleExampleMap:PersistentLevel.VehicleExampleMap' with GeneratedClass '/Game/VehicleCPP/Maps/VehicleExampleMap.VehicleExampleMap_C' with ClassGeneratedBy '/Game/VehicleCPP/Maps/VehicleExampleMap.VehicleExampleMap:PersistentLevel.VehicleExampleMap'
[2019.02.18-18.06.28:050][536]LogSlate: Updating window title bar state: overlay mode, drag disabled, window buttons hidden, title bar hidden
[2019.02.18-18.06.28:085][536]LogPlayLevel: Display: Shutting down PIE online subsystems
[2019.02.18-18.06.28:085][536]LogBlueprintUserMessages: Late EndPlayMap Detection: Level '/Game/VehicleCPP/Maps/VehicleExampleMap.VehicleExampleMap:PersistentLevel' has LevelScriptBlueprint '/Game/VehicleCPP/Maps/VehicleExampleMap.VehicleExampleMap:PersistentLevel.VehicleExampleMap' with GeneratedClass '/Game/VehicleCPP/Maps/VehicleExampleMap.VehicleExampleMap_C' with ClassGeneratedBy '/Game/VehicleCPP/Maps/VehicleExampleMap.VehicleExampleMap:PersistentLevel.VehicleExampleMap'
[2019.02.18-18.06.28:111][536]LogSlate: Updating window title bar state: overlay mode, drag disabled, window buttons hidden, title bar hidden
[2019.02.18-18.06.28:165][538]LogPlayLevel: Display: Destroying online subsystem :Context_1
[2019.02.18-18.06.29:308][668]LogSlate: FSceneViewport::OnFocusLost() reason 0
[2019.02.18-18.06.29:440][675]LogSlate: Window 'VehicleMovement - Unreal Editor' being destroyed
[2019.02.18-18.06.29:441][675]LogWindowsTextInputMethodSystem: Display: IME system now deactivated.
[2019.02.18-18.06.29:673][676]Cmd: QUIT_EDITOR
[2019.02.18-18.06.30:573][676]LogExit: Preparing to exit.
[2019.02.18-18.06.31:687][676]LogExit: Editor shut down
[2019.02.18-18.06.31:688][676]LogExit: Transaction tracking system shut down
[2019.02.18-18.06.32:419][676]LogExit: Object subsystem successfully closed.
[2019.02.18-18.06.32:450][676]LogShaderCompilers: Display: Shaders left to compile 0
[2019.02.18-18.06.32:455][676]LogD3D11RHI: Shutdown
[2019.02.18-18.06.32:455][676]LogD3D11RHI: CleanupD3DDevice
[2019.02.18-18.06.32:457][676]LogD3D11RHI: ~FD3D11DynamicRHI
[2019.02.18-18.06.32:536][676]LogModuleManager: Shutting down and abandoning module MovieSceneCapture (618)
[2019.02.18-18.06.32:537][676]LogModuleManager: Shutting down and abandoning module Voice (616)
[2019.02.18-18.06.32:537][676]LogModuleManager: Shutting down and abandoning module HierarchicalLODOutliner (614)
[2019.02.18-18.06.32:538][676]LogModuleManager: Shutting down and abandoning module SceneOutliner (612)
[2019.02.18-18.06.32:538][676]LogModuleManager: Shutting down and abandoning module AddContentDialog (610)
[2019.02.18-18.06.32:540][676]LogModuleManager: Shutting down and abandoning module WidgetCarousel (609)
[2019.02.18-18.06.32:540][676]LogModuleManager: Shutting down and abandoning module EditorWidgets (606)
[2019.02.18-18.06.32:541][676]LogModuleManager: Shutting down and abandoning module CollectionManager (604)
[2019.02.18-18.06.32:543][676]LogModuleManager: Shutting down and abandoning module StatsViewer (602)
[2019.02.18-18.06.32:543][676]LogModuleManager: Shutting down and abandoning module FoliageEdit (600)
[2019.02.18-18.06.32:543][676]LogModuleManager: Shutting down and abandoning module LandscapeEditor (598)
[2019.02.18-18.06.32:546][676]LogModuleManager: Shutting down and abandoning module MeshPaintMode (596)
[2019.02.18-18.06.32:546][676]LogModuleManager: Shutting down and abandoning module SceneDepthPickerMode (594)
[2019.02.18-18.06.32:546][676]LogModuleManager: Shutting down and abandoning module ActorPickerMode (592)
[2019.02.18-18.06.32:547][676]LogModuleManager: Shutting down and abandoning module GeometryMode (590)
[2019.02.18-18.06.32:547][676]LogModuleManager: Shutting down and abandoning module TextureAlignMode (588)
[2019.02.18-18.06.32:547][676]LogModuleManager: Shutting down and abandoning module BspMode (586)
[2019.02.18-18.06.32:548][676]LogModuleManager: Shutting down and abandoning module PIEPreviewDeviceProfileSelector (584)
[2019.02.18-18.06.32:548][676]LogModuleManager: Shutting down and abandoning module SequenceRecorderSections (582)
[2019.02.18-18.06.32:548][676]LogModuleManager: Shutting down and abandoning module AutomationWorker (580)
[2019.02.18-18.06.32:549][676]LogModuleManager: Shutting down and abandoning module AudioCaptureEditor (578)
[2019.02.18-18.06.32:549][676]LogModuleManager: Shutting down and abandoning module SequenceRecorder (577)
[2019.02.18-18.06.32:549][676]LogModuleManager: Shutting down and abandoning module MatineeToLevelSequence (574)
[2019.02.18-18.06.32:550][676]LogModuleManager: Shutting down and abandoning module LevelSequenceEditor (572)
[2019.02.18-18.06.32:552][676]LogModuleManager: Shutting down and abandoning module PlacementMode (571)
[2019.02.18-18.06.32:552][676]LogModuleManager: Shutting down and abandoning module MaterialEditor (570)
[2019.02.18-18.06.32:552][676]LogModuleManager: Shutting down and abandoning module WmfMediaFactory (566)
[2019.02.18-18.06.32:552][676]LogModuleManager: Shutting down and abandoning module WmfMediaEditor (564)
[2019.02.18-18.06.32:553][676]LogModuleManager: Shutting down and abandoning module MediaPlayerEditor (562)
[2019.02.18-18.06.32:555][676]LogModuleManager: Shutting down and abandoning module OpenExrWrapper (560)
[2019.02.18-18.06.32:555][676]LogModuleManager: Shutting down and abandoning module ImgMediaFactory (558)
[2019.02.18-18.06.32:556][676]LogModuleManager: Shutting down and abandoning module ImgMediaEditor (556)
[2019.02.18-18.06.32:557][676]LogModuleManager: Shutting down and abandoning module AvfMediaFactory (554)
[2019.02.18-18.06.32:558][676]LogModuleManager: Shutting down and abandoning module AvfMediaEditor (552)
[2019.02.18-18.06.32:558][676]LogModuleManager: Shutting down and abandoning module AndroidMediaFactory (550)
[2019.02.18-18.06.32:559][676]LogModuleManager: Shutting down and abandoning module AndroidMediaEditor (548)
[2019.02.18-18.06.32:559][676]LogModuleManager: Shutting down and abandoning module MagicLeapCameraPreviewFactory (546)
[2019.02.18-18.06.32:560][676]LogModuleManager: Shutting down and abandoning module MagicLeapMediaFactory (544)
[2019.02.18-18.06.32:561][676]LogModuleManager: Shutting down and abandoning module MagicLeapMediaEditor (542)
[2019.02.18-18.06.32:562][676]LogModuleManager: Shutting down and abandoning module CharacterAI (540)
[2019.02.18-18.06.32:562][676]LogModuleManager: Shutting down and abandoning module SmartSnapping (538)
[2019.02.18-18.06.32:563][676]LogModuleManager: Shutting down and abandoning module SessionServices (536)
[2019.02.18-18.06.32:563][676]LogModuleManager: Shutting down and abandoning module ViewportSnapping (534)
[2019.02.18-18.06.32:564][676]LogModuleManager: Shutting down and abandoning module ViewportInteraction (532)
[2019.02.18-18.06.32:564][676]LogModuleManager: Shutting down and abandoning module ClothPainter (530)
[2019.02.18-18.06.32:566][676]LogModuleManager: Shutting down and abandoning module SkeletalMeshEditor (529)
[2019.02.18-18.06.32:568][676]LogModuleManager: Shutting down and abandoning module LogVisualizer (526)
[2019.02.18-18.06.32:569][676]LogModuleManager: Shutting down and abandoning module IntroTutorials (524)
[2019.02.18-18.06.32:570][676]LogModuleManager: Shutting down and abandoning module GameProjectGeneration (523)
[2019.02.18-18.06.32:570][676]LogModuleManager: Shutting down and abandoning module LuminPlatformEditor (520)
[2019.02.18-18.06.32:570][676]LogModuleManager: Shutting down and abandoning module IOSPlatformEditor (518)
[2019.02.18-18.06.32:571][676]LogModuleManager: Shutting down and abandoning module HTML5PlatformEditor (516)
[2019.02.18-18.06.32:571][676]LogModuleManager: Shutting down and abandoning module AndroidPlatformEditor (514)
[2019.02.18-18.06.32:571][676]LogModuleManager: Shutting down and abandoning module AndroidDeviceDetection (513)
[2019.02.18-18.06.32:943][676]LogModuleManager: Shutting down and abandoning module WindowsPlatformEditor (510)
[2019.02.18-18.06.32:943][676]LogModuleManager: Shutting down and abandoning module LuminRuntimeSettings (508)
[2019.02.18-18.06.32:944][676]LogModuleManager: Shutting down and abandoning module IOSRuntimeSettings (506)
[2019.02.18-18.06.32:945][676]LogModuleManager: Shutting down and abandoning module AndroidRuntimeSettings (504)
[2019.02.18-18.06.32:945][676]LogModuleManager: Shutting down and abandoning module InputBindingEditor (502)
[2019.02.18-18.06.32:950][676]LogModuleManager: Shutting down and abandoning module MergeActors (500)
[2019.02.18-18.06.32:951][676]LogModuleManager: Shutting down and abandoning module LocalizationDashboard (498)
[2019.02.18-18.06.32:952][676]LogModuleManager: Shutting down and abandoning module LocalizationService (497)
[2019.02.18-18.06.32:952][676]LogModuleManager: Shutting down and abandoning module HardwareTargeting (494)
[2019.02.18-18.06.32:952][676]LogModuleManager: Shutting down and abandoning module DeviceProfileEditor (492)
[2019.02.18-18.06.32:952][676]LogModuleManager: Shutting down and abandoning module UndoHistory (490)
[2019.02.18-18.06.32:952][676]LogModuleManager: Shutting down and abandoning module XmlParser (488)
[2019.02.18-18.06.32:953][676]LogModuleManager: Shutting down and abandoning module Blutility (486)
[2019.02.18-18.06.32:953][676]LogModuleManager: Shutting down and abandoning module ProjectSettingsViewer (484)
[2019.02.18-18.06.32:953][676]LogModuleManager: Shutting down and abandoning module ProjectTargetPlatformEditor (483)
[2019.02.18-18.06.32:953][676]LogModuleManager: Shutting down and abandoning module EditorSettingsViewer (480)
[2019.02.18-18.06.32:953][676]LogModuleManager: Shutting down and abandoning module SettingsEditor (478)
[2019.02.18-18.06.32:955][676]LogModuleManager: Shutting down and abandoning module ProjectLauncher (476)
[2019.02.18-18.06.32:955][676]LogModuleManager: Shutting down and abandoning module SessionFrontend (474)
[2019.02.18-18.06.32:956][676]LogModuleManager: Shutting down and abandoning module ProfilerClient (472)
[2019.02.18-18.06.32:956][676]LogModuleManager: Shutting down and abandoning module DeviceManager (470)
[2019.02.18-18.06.32:956][676]LogModuleManager: Shutting down and abandoning module TargetDeviceServices (469)
[2019.02.18-18.06.33:023][676]LogModuleManager: Shutting down and abandoning module AutomationController (466)
[2019.02.18-18.06.33:023][676]LogModuleManager: Shutting down and abandoning module AutomationWindow (464)
[2019.02.18-18.06.33:024][676]LogModuleManager: Shutting down and abandoning module Layers (462)
[2019.02.18-18.06.33:026][676]LogModuleManager: Shutting down and abandoning module ComponentVisualizers (460)
[2019.02.18-18.06.33:026][676]LogModuleManager: Shutting down and abandoning module DetailCustomizations (458)
[2019.02.18-18.06.33:026][676]LogModuleManager: Shutting down and abandoning module PackagesDialog (456)
[2019.02.18-18.06.33:027][676]LogModuleManager: Shutting down and abandoning module Persona (454)
[2019.02.18-18.06.33:028][676]LogModuleManager: Shutting down and abandoning module AdvancedPreviewScene (453)
[2019.02.18-18.06.33:028][676]LogModuleManager: Shutting down and abandoning module AnimGraph (451)
[2019.02.18-18.06.33:028][676]LogModuleManager: Shutting down and abandoning module Kismet (448)
[2019.02.18-18.06.33:029][676]LogModuleManager: Shutting down and abandoning module GraphEditor (446)
[2019.02.18-18.06.33:029][676]LogModuleManager: Shutting down and abandoning module ClassViewer (444)
[2019.02.18-18.06.33:030][676]LogModuleManager: Shutting down and abandoning module Toolbox (442)
[2019.02.18-18.06.33:030][676]LogModuleManager: Shutting down and abandoning module DesktopPlatform (441)
[2019.02.18-18.06.33:030][676]LogModuleManager: Shutting down and abandoning module ModuleUI (438)
[2019.02.18-18.06.33:030][676]LogModuleManager: Shutting down and abandoning module MovieSceneTools (436)
[2019.02.18-18.06.33:031][676]LogModuleManager: Shutting down and abandoning module OutputLog (434)
[2019.02.18-18.06.33:031][676]LogModuleManager: Shutting down and abandoning module GammaUI (432)
[2019.02.18-18.06.33:031][676]LogModuleManager: Shutting down and abandoning module Documentation (430)
[2019.02.18-18.06.33:031][676]LogModuleManager: Shutting down and abandoning module MovieSceneTracks (428)
[2019.02.18-18.06.33:031][676]LogModuleManager: Shutting down and abandoning module MovieScene (426)
[2019.02.18-18.06.33:031][676]LogModuleManager: Shutting down and abandoning module StreamingPauseRendering (424)
[2019.02.18-18.06.33:032][676]LogModuleManager: Shutting down and abandoning module LauncherPlatform (422)
[2019.02.18-18.06.33:032][676]LogModuleManager: Shutting down and abandoning module AnalyticsET (420)
[2019.02.18-18.06.33:032][676]LogModuleManager: Shutting down and abandoning module PortalServices (418)
[2019.02.18-18.06.33:032][676]LogModuleManager: Shutting down and abandoning module PortalRpc (416)
[2019.02.18-18.06.33:032][676]LogModuleManager: Shutting down and abandoning module MessagingRpc (414)
[2019.02.18-18.06.33:032][676]LogModuleManager: Shutting down and abandoning module AIModule (412)
[2019.02.18-18.06.33:033][676]LogModuleManager: Shutting down and abandoning module GameplayDebugger (411)
[2019.02.18-18.06.33:033][676]LogModuleManager: Shutting down and abandoning module AITestSuite (409)
[2019.02.18-18.06.33:033][676]LogModuleManager: Shutting down and abandoning module NavigationSystem (407)
[2019.02.18-18.06.33:033][676]LogModuleManager: Shutting down and abandoning module ProfilerService (404)
[2019.02.18-18.06.33:239][676]LogModuleManager: Shutting down and abandoning module TaskGraph (402)
[2019.02.18-18.06.33:240][676]LogModuleManager: Shutting down and abandoning module SteamVRController (400)
[2019.02.18-18.06.33:240][676]LogModuleManager: Shutting down and abandoning module ProceduralMeshComponentEditor (398)
[2019.02.18-18.06.33:240][676]LogModuleManager: Shutting down and abandoning module ProceduralMeshComponent (396)
[2019.02.18-18.06.33:240][676]LogModuleManager: Shutting down and abandoning module OculusInput (394)
[2019.02.18-18.06.33:240][676]LogModuleManager: Shutting down and abandoning module MobilePatchingUtils (392)
[2019.02.18-18.06.33:240][676]LogModuleManager: Shutting down and abandoning module EditableMesh (390)
[2019.02.18-18.06.33:241][676]LogModuleManager: Shutting down and abandoning module CustomMeshComponent (388)
[2019.02.18-18.06.33:241][676]LogModuleManager: Shutting down and abandoning module CableComponent (386)
[2019.02.18-18.06.33:241][676]LogModuleManager: Shutting down and abandoning module AudioCapture (384)
[2019.02.18-18.06.33:241][676]LogModuleManager: Shutting down and abandoning module ArchVisCharacter (382)
[2019.02.18-18.06.33:241][676]LogModuleManager: Shutting down and abandoning module AndroidPermission (380)
[2019.02.18-18.06.33:241][676]LogModuleManager: Shutting down and abandoning module NUTUnrealEngine4 (378)
[2019.02.18-18.06.33:241][676]LogModuleManager: Shutting down and abandoning module NetcodeUnitTest (376)
[2019.02.18-18.06.33:243][676]LogModuleManager: Shutting down and abandoning module MediaCompositingEditor (374)
[2019.02.18-18.06.33:243][676]LogModuleManager: Shutting down and abandoning module MediaCompositing (372)
[2019.02.18-18.06.33:243][676]LogModuleManager: Shutting down and abandoning module LinearTimecode (370)
[2019.02.18-18.06.33:243][676]LogModuleManager: Shutting down and abandoning module ImgMedia (368)
[2019.02.18-18.06.33:252][676]LogModuleManager: Shutting down and abandoning module RawInput (366)
[2019.02.18-18.06.33:254][676]LogModuleManager: Shutting down and abandoning module HTML5Networking (364)
[2019.02.18-18.06.33:254][676]LogModuleManager: Shutting down and abandoning module GeometryCacheTracks (362)
[2019.02.18-18.06.33:254][676]LogModuleManager: Shutting down and abandoning module GeometryCacheSequencer (360)
[2019.02.18-18.06.33:255][676]LogModuleManager: Shutting down and abandoning module BackChannel (358)
[2019.02.18-18.06.33:256][676]LogModuleManager: Shutting down and abandoning module AppleVision (356)
[2019.02.18-18.06.33:256][676]LogModuleManager: Shutting down and abandoning module AppleImageUtils (354)
[2019.02.18-18.06.33:256][676]LogModuleManager: Shutting down and abandoning module AlembicImporter (352)
[2019.02.18-18.06.33:256][676]LogModuleManager: Shutting down and abandoning module AlembicLibrary (351)
[2019.02.18-18.06.33:256][676]LogModuleManager: Shutting down and abandoning module GeometryCache (350)
[2019.02.18-18.06.33:256][676]LogModuleManager: Shutting down and abandoning module GeometryCacheEd (349)
[2019.02.18-18.06.33:256][676]LogModuleManager: Shutting down and abandoning module DatasmithContentEditor (344)
[2019.02.18-18.06.33:257][676]LogModuleManager: Shutting down and abandoning module DatasmithContent (342)
[2019.02.18-18.06.33:257][676]LogModuleManager: Shutting down and abandoning module SpeedTreeImporter (340)
[2019.02.18-18.06.33:257][676]LogModuleManager: Shutting down and abandoning module PluginBrowser (338)
[2019.02.18-18.06.33:260][676]LogModuleManager: Shutting down and abandoning module MobileLauncherProfileWizard (336)
[2019.02.18-18.06.33:260][676]LogModuleManager: Shutting down and abandoning module PolygonModeling (334)
[2019.02.18-18.06.33:260][676]LogModuleManager: Shutting down and abandoning module MeshEditor (332)
[2019.02.18-18.06.33:261][676]LogModuleManager: Shutting down and abandoning module CryptoKeysOpenSSL (330)
[2019.02.18-18.06.33:261][676]LogModuleManager: Shutting down and abandoning module CryptoKeys (328)
[2019.02.18-18.06.33:261][676]LogModuleManager: Shutting down and abandoning module VisualStudioSourceCodeAccess (326)
[2019.02.18-18.06.33:262][676]LogModuleManager: Shutting down and abandoning module VisualStudioCodeSourceCodeAccess (324)
[2019.02.18-18.06.33:262][676]LogModuleManager: Shutting down and abandoning module UObjectPlugin (322)
[2019.02.18-18.06.33:262][676]LogModuleManager: Shutting down and abandoning module SubversionSourceControl (320)
[2019.02.18-18.06.33:262][676]LogModuleManager: Shutting down and abandoning module PerforceSourceControl (318)
[2019.02.18-18.06.33:264][676]LogModuleManager: Shutting down and abandoning module GitSourceControl (316)
[2019.02.18-18.06.33:265][676]LogModuleManager: Shutting down and abandoning module SourceControl (315)
[2019.02.18-18.06.33:265][676]LogModuleManager: Shutting down and abandoning module CLionSourceCodeAccess (312)
[2019.02.18-18.06.33:266][676]LogModuleManager: Shutting down and abandoning module LightPropagationVolumeEditor (310)
[2019.02.18-18.06.33:266][676]LogModuleManager: Shutting down and abandoning module PaperTiledImporter (308)
[2019.02.18-18.06.33:266][676]LogModuleManager: Shutting down and abandoning module PaperSpriteSheetImporter (306)
[2019.02.18-18.06.33:266][676]LogModuleManager: Shutting down and abandoning module Paper2DEditor (304)
[2019.02.18-18.06.33:267][676]LogModuleManager: Shutting down and abandoning module MeshPaint (303)
[2019.02.18-18.06.33:268][676]LogModuleManager: Shutting down and abandoning module VehicleMovement (300)
[2019.02.18-18.06.33:268][676]LogModuleManager: Shutting down and abandoning module RuntimePhysXCooking (298)
[2019.02.18-18.06.33:268][676]LogModuleManager: Shutting down and abandoning module PhysXVehiclesEditor (296)
[2019.02.18-18.06.33:268][676]LogModuleManager: Shutting down and abandoning module PhysXVehicles (294)
[2019.02.18-18.06.33:268][676]LogModuleManager: Shutting down and abandoning module OculusEditor (292)
[2019.02.18-18.06.33:268][676]LogModuleManager: Shutting down and abandoning module LocationServicesBPLibrary (290)
[2019.02.18-18.06.33:268][676]LogModuleManager: Shutting down and abandoning module ImmediatePhysicsEditor (288)
[2019.02.18-18.06.33:268][676]LogModuleManager: Shutting down and abandoning module ImmediatePhysics (286)
[2019.02.18-18.06.33:269][676]LogModuleManager: Shutting down and abandoning module ActorSequence (284)
[2019.02.18-18.06.33:269][676]LogModuleManager: Shutting down and abandoning module UdpMessaging (282)
[2019.02.18-18.06.33:370][676]LogModuleManager: Shutting down and abandoning module TcpMessaging (280)
[2019.02.18-18.06.33:471][676]LogModuleManager: Shutting down and abandoning module MagicLeapAudio (278)
[2019.02.18-18.06.33:471][676]LogModuleManager: Shutting down and abandoning module GameplayTagsEditor (276)
[2019.02.18-18.06.33:471][676]LogModuleManager: Shutting down and abandoning module FacialAnimationEditor (274)
[2019.02.18-18.06.33:472][676]LogModuleManager: Shutting down and abandoning module FacialAnimation (272)
[2019.02.18-18.06.33:472][676]LogModuleManager: Shutting down and abandoning module DataValidation (270)
[2019.02.18-18.06.33:472][676]LogModuleManager: Shutting down and abandoning module AssetManagerEditor (268)
[2019.02.18-18.06.33:473][676]LogModuleManager: Shutting down and abandoning module LevelEditor (267)
[2019.02.18-18.06.33:474][676]LogModuleManager: Shutting down and abandoning module PixelInspectorModule (266)
[2019.02.18-18.06.33:474][676]LogModuleManager: Shutting down and abandoning module CommonMenuExtensions (264)
[2019.02.18-18.06.33:475][676]LogModuleManager: Shutting down and abandoning module MainFrame (262)
[2019.02.18-18.06.33:475][676]LogModuleManager: Shutting down and abandoning module HotReload (261)
[2019.02.18-18.06.33:477][676]LogModuleManager: Shutting down and abandoning module ContentBrowser (257)
[2019.02.18-18.06.33:478][676]LogModuleManager: Shutting down and abandoning module TreeMap (255)
[2019.02.18-18.06.33:479][676]LogModuleManager: Shutting down and abandoning module LightPropagationVolumeRuntime (252)
[2019.02.18-18.06.33:479][676]LogModuleManager: Shutting down and abandoning module AISupportModule (250)
[2019.02.18-18.06.33:479][676]LogModuleManager: Shutting down and abandoning module Paper2D (248)
[2019.02.18-18.06.33:479][676]LogModuleManager: Shutting down and abandoning module WindowsMoviePlayer (246)
[2019.02.18-18.06.33:480][676]LogModuleManager: Shutting down and abandoning module WmfMedia (244)
[2019.02.18-18.06.33:481][676]LogModuleManager: Shutting down and abandoning module Media (243)
[2019.02.18-18.06.33:488][676]LogModuleManager: Shutting down and abandoning module PacketHandler (240)
[2019.02.18-18.06.33:488][676]LogModuleManager: Shutting down and abandoning module ClothingSystemEditor (238)
[2019.02.18-18.06.33:488][676]LogModuleManager: Shutting down and abandoning module ClothingSystemRuntime (236)
[2019.02.18-18.06.33:489][676]LogModuleManager: Shutting down and abandoning module MediaAssets (234)
[2019.02.18-18.06.33:489][676]LogModuleManager: Shutting down and abandoning module Overlay (232)
[2019.02.18-18.06.33:489][676]LogModuleManager: Shutting down and abandoning module OverlayEditor (231)
[2019.02.18-18.06.33:489][676]LogModuleManager: Shutting down and abandoning module VREditor (228)
[2019.02.18-18.06.33:490][676]LogModuleManager: Shutting down and abandoning module StringTableEditor (226)
[2019.02.18-18.06.33:490][676]LogModuleManager: Shutting down and abandoning module GameplayTasksEditor (224)
[2019.02.18-18.06.33:491][676]LogModuleManager: Shutting down and abandoning module BehaviorTreeEditor (222)
[2019.02.18-18.06.33:493][676]LogModuleManager: Shutting down and abandoning module FunctionalTesting (220)
[2019.02.18-18.06.33:493][676]LogModuleManager: Shutting down and abandoning module CollisionAnalyzer (218)
[2019.02.18-18.06.33:494][676]LogModuleManager: Shutting down and abandoning module WorkspaceMenuStructure (217)
[2019.02.18-18.06.33:494][676]LogModuleManager: Shutting down and abandoning module UMG (214)
[2019.02.18-18.06.33:495][676]LogModuleManager: Shutting down and abandoning module UMGEditor (213)
[2019.02.18-18.06.33:495][676]LogModuleManager: Shutting down and abandoning module Sequencer (212)
[2019.02.18-18.06.33:495][676]LogModuleManager: Shutting down and abandoning module MessageLog (209)
[2019.02.18-18.06.33:495][676]LogModuleManager: Shutting down and abandoning module SlateReflector (204)
[2019.02.18-18.06.33:497][676]LogModuleManager: Shutting down and abandoning module Slate (202)
[2019.02.18-18.06.33:497][676]LogModuleManager: Shutting down and abandoning module EditorStyle (200)
[2019.02.18-18.06.33:499][676]LogModuleManager: Shutting down and abandoning module MRMesh (198)
[2019.02.18-18.06.33:499][676]LogModuleManager: Shutting down and abandoning module SourceCodeAccess (196)
[2019.02.18-18.06.33:499][676]LogModuleManager: Shutting down and abandoning module HeadMountedDisplay (194)
[2019.02.18-18.06.33:499][676]LogModuleManager: Shutting down and abandoning module XAudio2 (192)
[2019.02.18-18.06.33:499][676]LogModuleManager: Shutting down and abandoning module Networking (190)
[2019.02.18-18.06.33:499][676]LogModuleManager: Shutting down and abandoning module Core (188)
[2019.02.18-18.06.33:500][676]LogModuleManager: Shutting down and abandoning module LevelSequence (186)
[2019.02.18-18.06.33:500][676]LogModuleManager: Shutting down and abandoning module KismetCompiler (184)
[2019.02.18-18.06.33:500][676]LogModuleManager: Shutting down and abandoning module MeshUtilities (182)
[2019.02.18-18.06.33:500][676]LogModuleManager: Shutting down and abandoning module MeshMergeUtilities (181)
[2019.02.18-18.06.33:500][676]LogModuleManager: Shutting down and abandoning module MeshReductionInterface (180)
[2019.02.18-18.06.33:500][676]LogModuleManager: Shutting down and abandoning module SimplygonSwarm (179)
[2019.02.18-18.06.33:500][676]LogModuleManager: Shutting down and abandoning module ProxyLODMeshReduction (177)
[2019.02.18-18.06.33:500][676]LogModuleManager: Shutting down and abandoning module SimplygonMeshReduction (175)
[2019.02.18-18.06.33:501][676]LogModuleManager: Shutting down and abandoning module QuadricMeshReduction (173)
[2019.02.18-18.06.33:501][676]LogModuleManager: Shutting down and abandoning module MaterialBaking (169)
[2019.02.18-18.06.33:501][676]LogModuleManager: Shutting down and abandoning module DirectoryWatcher (165)
[2019.02.18-18.06.33:501][676]LogModuleManager: Shutting down and abandoning module DerivedDataCache (162)
[2019.02.18-18.06.33:993][676]LogDerivedDataCache: Shutdown
[2019.02.18-18.06.33:993][676]LogModuleManager: Shutting down and abandoning module XGEController (160)
[2019.02.18-18.06.33:993][676]LogXGEController: Cleaning working directory: C:/Users/Sarfaraz/AppData/Local/Temp/UnrealXGEWorkingDir/
[2019.02.18-18.06.33:993][676]LogModuleManager: Shutting down and abandoning module TargetPlatform (158)
[2019.02.18-18.06.33:994][676]LogModuleManager: Shutting down and abandoning module VulkanShaderFormat (157)
[2019.02.18-18.06.33:994][676]LogModuleManager: Shutting down and abandoning module ShaderFormatVectorVM (155)
[2019.02.18-18.06.33:994][676]LogModuleManager: Shutting down and abandoning module ShaderFormatOpenGL (153)
[2019.02.18-18.06.33:994][676]LogModuleManager: Shutting down and abandoning module ShaderFormatD3D (151)
[2019.02.18-18.06.33:994][676]LogModuleManager: Shutting down and abandoning module MetalShaderFormat (149)
[2019.02.18-18.06.33:994][676]LogModuleManager: Shutting down and abandoning module TextureFormatUncompressed (147)
[2019.02.18-18.06.33:994][676]LogModuleManager: Shutting down and abandoning module TextureFormatPVR (145)
[2019.02.18-18.06.33:995][676]LogModuleManager: Shutting down and abandoning module TextureFormatDXT (143)
[2019.02.18-18.06.33:996][676]LogModuleManager: Shutting down and abandoning module TextureFormatIntelISPCTexComp (141)
[2019.02.18-18.06.33:998][676]LogModuleManager: Shutting down and abandoning module TextureFormatASTC (139)
[2019.02.18-18.06.33:998][676]LogModuleManager: Shutting down and abandoning module ImageWrapper (138)
[2019.02.18-18.06.33:998][676]LogModuleManager: Shutting down and abandoning module TextureFormatAndroid (135)
[2019.02.18-18.06.33:998][676]LogModuleManager: Shutting down and abandoning module AudioFormatOpus (133)
[2019.02.18-18.06.33:998][676]LogModuleManager: Shutting down and abandoning module AudioFormatOgg (131)
[2019.02.18-18.06.33:999][676]LogModuleManager: Shutting down and abandoning module AudioFormatADPCM (129)
[2019.02.18-18.06.34:000][676]LogModuleManager: Shutting down and abandoning module LuminTargetPlatform (127)
[2019.02.18-18.06.34:000][676]LogModuleManager: Shutting down and abandoning module LinuxTargetPlatform (125)
[2019.02.18-18.06.34:000][676]LogModuleManager: Shutting down and abandoning module LinuxServerTargetPlatform (123)
[2019.02.18-18.06.34:000][676]LogModuleManager: Shutting down and abandoning module LinuxNoEditorTargetPlatform (121)
[2019.02.18-18.06.34:000][676]LogModuleManager: Shutting down and abandoning module LinuxClientTargetPlatform (119)
[2019.02.18-18.06.34:001][676]LogModuleManager: Shutting down and abandoning module TVOSTargetPlatform (117)
[2019.02.18-18.06.34:001][676]LogModuleManager: Shutting down and abandoning module Messaging (115)
[2019.02.18-18.06.34:002][676]LogModuleManager: Shutting down and abandoning module IOSTargetPlatform (113)
[2019.02.18-18.06.34:002][676]LogModuleManager: Shutting down and abandoning module HTML5TargetPlatform (111)
[2019.02.18-18.06.34:003][676]LogModuleManager: Shutting down and abandoning module AndroidTargetPlatform (109)
[2019.02.18-18.06.34:019][676]LogModuleManager: Shutting down and abandoning module WindowsTargetPlatform (107)
[2019.02.18-18.06.34:019][676]LogModuleManager: Shutting down and abandoning module WindowsServerTargetPlatform (105)
[2019.02.18-18.06.34:019][676]LogModuleManager: Shutting down and abandoning module WindowsNoEditorTargetPlatform (103)
[2019.02.18-18.06.34:020][676]LogModuleManager: Shutting down and abandoning module WindowsClientTargetPlatform (101)
[2019.02.18-18.06.34:021][676]LogModuleManager: Shutting down and abandoning module MacTargetPlatform (99)
[2019.02.18-18.06.34:021][676]LogModuleManager: Shutting down and abandoning module MacServerTargetPlatform (97)
[2019.02.18-18.06.34:021][676]LogModuleManager: Shutting down and abandoning module MacNoEditorTargetPlatform (95)
[2019.02.18-18.06.34:021][676]LogModuleManager: Shutting down and abandoning module MacClientTargetPlatform (93)
[2019.02.18-18.06.34:021][676]LogModuleManager: Shutting down and abandoning module AllDesktopTargetPlatform (91)
[2019.02.18-18.06.34:021][676]LogModuleManager: Shutting down and abandoning module InputCore (88)
[2019.02.18-18.06.34:021][676]LogModuleManager: Shutting down and abandoning module Settings (86)
[2019.02.18-18.06.34:021][676]LogModuleManager: Shutting down and abandoning module PhysXCooking (84)
[2019.02.18-18.06.34:021][676]LogModuleManager: Shutting down and abandoning module SteamVR (82)
[2019.02.18-18.06.34:021][676]LogModuleManager: Shutting down and abandoning module OculusHMD (80)
[2019.02.18-18.06.34:021][676]LogModuleManager: Shutting down and abandoning module ExampleDeviceProfileSelector (78)
[2019.02.18-18.06.34:022][676]LogModuleManager: Shutting down and abandoning module LauncherChunkInstaller (76)
[2019.02.18-18.06.34:022][676]LogModuleManager: Shutting down and abandoning module OnlineBlueprintSupport (74)
[2019.02.18-18.06.34:022][676]LogModuleManager: Shutting down and abandoning module OnlineSubsystem (70)
[2019.02.18-18.06.34:024][676]LogModuleManager: Shutting down and abandoning module XMPP (65)
[2019.02.18-18.06.34:024][676]LogModuleManager: Shutting down and abandoning module WebSockets (64)
[2019.02.18-18.06.34:034][676]LogModuleManager: Shutting down and abandoning module HTTP (61)
[2019.02.18-18.06.34:034][676]LogHttp: Display: Http module shutting down, but needs to wait on 1 outstanding Http requests:
[2019.02.18-18.06.34:034][676]LogHttp: Display: 	verb=[POST] url=[https://datarouter.ol.epicgames.com/datarouter/api/v1/public/data?SessionID=%7B401FD041-45F1-D316-F500-78984AD76D6E%7D&AppID=UEEditor.Rocket.Release&AppVersion=4.20.3-4369336%2B%2B%2BUE4%2BRelease-4.20&UserID=3fb737224a51bc632581bd91c14d1591%7C8ae81fff8fc647328846e802f56b3813%7Cedc5a6d1-e041-41b6-9db5-cad6714b3343&AppEnvironment=datacollector-binary&UploadType=eteventstream] status=Processing
[2019.02.18-18.06.34:055][676]LogModuleManager: Shutting down and abandoning module SSL (60)
[2019.02.18-18.06.34:056][676]LogModuleManager: Shutting down and abandoning module MagicLeapEmulator (56)
[2019.02.18-18.06.34:056][676]LogModuleManager: Shutting down and abandoning module MagicLeapPrivileges (54)
[2019.02.18-18.06.34:056][676]LogModuleManager: Shutting down and abandoning module MagicLeapIdentity (52)
[2019.02.18-18.06.34:057][676]LogModuleManager: Shutting down and abandoning module MagicLeapHelperVulkan (50)
[2019.02.18-18.06.34:057][676]LogModuleManager: Shutting down and abandoning module MagicLeapHelperOpenGL (48)
[2019.02.18-18.06.34:057][676]LogModuleManager: Shutting down and abandoning module MagicLeapSecureStorage (46)
[2019.02.18-18.06.34:057][676]LogModuleManager: Shutting down and abandoning module MagicLeapGestures (44)
[2019.02.18-18.06.34:057][676]LogModuleManager: Shutting down and abandoning module MagicLeapEyeTracker (42)
[2019.02.18-18.06.34:057][676]LogModuleManager: Shutting down and abandoning module MagicLeapController (40)
[2019.02.18-18.06.34:057][676]LogSlate: Slate User Destroyed.  User Index 0, Is Virtual User: 0
[2019.02.18-18.06.34:057][676]LogModuleManager: Shutting down and abandoning module MagicLeap (38)
[2019.02.18-18.06.34:058][676]LogModuleManager: Shutting down and abandoning module AnimationModifiers (36)
[2019.02.18-18.06.34:058][676]LogModuleManager: Shutting down and abandoning module PropertyEditor (35)
[2019.02.18-18.06.34:058][676]LogModuleManager: Shutting down and abandoning module AudioEditor (32)
[2019.02.18-18.06.34:058][676]LogModuleManager: Shutting down and abandoning module TextureCompressor (30)
[2019.02.18-18.06.34:080][676]LogModuleManager: Shutting down and abandoning module ShaderCore (28)
[2019.02.18-18.06.34:081][676]LogModuleManager: Shutting down and abandoning module Landscape (26)
[2019.02.18-18.06.34:081][676]LogModuleManager: Shutting down and abandoning module SlateRHIRenderer (24)
[2019.02.18-18.06.34:082][676]LogModuleManager: Shutting down and abandoning module OpenGLDrv (22)
[2019.02.18-18.06.34:082][676]LogModuleManager: Shutting down and abandoning module D3D11RHI (20)
[2019.02.18-18.06.34:082][676]LogModuleManager: Shutting down and abandoning module AnimGraphRuntime (18)
[2019.02.18-18.06.34:083][676]LogModuleManager: Shutting down and abandoning module Renderer (16)
[2019.02.18-18.06.34:083][676]LogModuleManager: Shutting down and abandoning module Engine (14)
[2019.02.18-18.06.34:083][676]LogModuleManager: Shutting down and abandoning module CoreUObject (12)
[2019.02.18-18.06.34:084][676]LogModuleManager: Shutting down and abandoning module NetworkFile (10)
[2019.02.18-18.06.34:084][676]LogModuleManager: Shutting down and abandoning module CookedIterativeFile (8)
[2019.02.18-18.06.34:084][676]LogModuleManager: Shutting down and abandoning module StreamingFile (6)
[2019.02.18-18.06.34:085][676]LogModuleManager: Shutting down and abandoning module SandboxFile (4)
[2019.02.18-18.06.34:085][676]LogModuleManager: Shutting down and abandoning module PakFile (2)
[2019.02.18-18.06.34:095][676]LogExit: Exiting.
[2019.02.18-18.06.34:099][676]Log file closed, 02/18/19 13:06:34
