Log file open, 02/18/19 23:13:49
LogWindows: Failed to load 'aqProf.dll' (GetLastError=126)
LogWindows: File 'aqProf.dll' does not exist
LogWindows: Failed to load 'VSPerf140.dll' (GetLastError=126)
LogWindows: File 'VSPerf140.dll' does not exist
LogWindows: Failed to load 'VtuneApi.dll' (GetLastError=126)
LogWindows: File 'VtuneApi.dll' does not exist
LogWindows: Failed to load 'VtuneApi32e.dll' (GetLastError=126)
LogWindows: File 'VtuneApi32e.dll' does not exist
LogInit: Display: Running engine for game: VehicleMovement
LogPlatformFile: Not using cached read wrapper
LogTaskGraph: Started task graph with 5 named threads and 35 total threads with 3 sets of task threads.
LogStats: Stats thread started at 0.504569
LogD3D11RHI: Loaded GFSDK_Aftermath_Lib.x64.dll
LogICUInternationalization: Display: ICU TimeZone Detection - Raw Offset: -5:00, Platform Override: ''
LogPluginManager: Mounting plugin Paper2D
LogPluginManager: Mounting plugin AISupport
LogPluginManager: Mounting plugin LightPropagationVolume
LogPluginManager: Mounting plugin CLionSourceCodeAccess
LogPluginManager: Mounting plugin CodeLiteSourceCodeAccess
LogPluginManager: Mounting plugin GitSourceControl
LogPluginManager: Mounting plugin KDevelopSourceCodeAccess
LogPluginManager: Mounting plugin NullSourceCodeAccess
LogPluginManager: Mounting plugin PerforceSourceControl
LogPluginManager: Mounting plugin SubversionSourceControl
LogPluginManager: Mounting plugin UObjectPlugin
LogPluginManager: Mounting plugin VisualStudioCodeSourceCodeAccess
LogPluginManager: Mounting plugin VisualStudioSourceCodeAccess
LogPluginManager: Mounting plugin XCodeSourceCodeAccess
LogPluginManager: Mounting plugin AssetManagerEditor
LogPluginManager: Mounting plugin CryptoKeys
LogPluginManager: Mounting plugin DataValidation
LogPluginManager: Mounting plugin FacialAnimation
LogPluginManager: Mounting plugin GameplayTagsEditor
LogPluginManager: Mounting plugin MacGraphicsSwitching
LogPluginManager: Mounting plugin MeshEditor
LogPluginManager: Mounting plugin MobileLauncherProfileWizard
LogPluginManager: Mounting plugin PluginBrowser
LogPluginManager: Mounting plugin SpeedTreeImporter
LogPluginManager: Mounting plugin DatasmithContent
LogPluginManager: Mounting plugin AlembicImporter
LogPluginManager: Mounting plugin AppleImageUtils
LogPluginManager: Mounting plugin AppleVision
LogPluginManager: Mounting plugin BackChannel
LogPluginManager: Mounting plugin CharacterAI
LogPluginManager: Mounting plugin GeometryCache
LogPluginManager: Mounting plugin HTML5Networking
LogPluginManager: Mounting plugin ProxyLODPlugin
LogPluginManager: Mounting plugin RawInput
LogPluginManager: Mounting plugin MagicLeap
LogPluginManager: Mounting plugin MagicLeapEmulator
LogPluginManager: Mounting plugin MagicLeapMedia
LogPluginManager: Mounting plugin AndroidMedia
LogPluginManager: Mounting plugin AvfMedia
LogPluginManager: Mounting plugin ImgMedia
LogPluginManager: Mounting plugin LinearTimecode
LogPluginManager: Mounting plugin MediaCompositing
LogPluginManager: Mounting plugin MediaPlayerEditor
LogPluginManager: Mounting plugin WmfMedia
LogPluginManager: Mounting plugin TcpMessaging
LogPluginManager: Mounting plugin UdpMessaging
LogPluginManager: Mounting plugin ActorSequence
LogPluginManager: Mounting plugin LevelSequenceEditor
LogPluginManager: Mounting plugin MatineeToLevelSequence
LogPluginManager: Mounting plugin NetcodeUnitTest
LogPluginManager: Mounting plugin NUTUnrealEngine4
LogPluginManager: Mounting plugin OnlineSubsystemGooglePlay
LogPluginManager: Mounting plugin OnlineSubsystemIOS
LogPluginManager: Mounting plugin OnlineSubsystem
LogPluginManager: Mounting plugin OnlineSubsystemNull
LogPluginManager: Mounting plugin OnlineSubsystemUtils
LogPluginManager: Mounting plugin LauncherChunkInstaller
LogPluginManager: Mounting plugin AndroidDeviceProfileSelector
LogPluginManager: Mounting plugin AndroidMoviePlayer
LogPluginManager: Mounting plugin AndroidPermission
LogPluginManager: Mounting plugin AppleMoviePlayer
LogPluginManager: Mounting plugin ArchVisCharacter
LogPluginManager: Mounting plugin AudioCapture
LogPluginManager: Mounting plugin CableComponent
LogPluginManager: Mounting plugin CustomMeshComponent
LogPluginManager: Mounting plugin EditableMesh
LogPluginManager: Mounting plugin ExampleDeviceProfileSelector
LogPluginManager: Mounting plugin GoogleCloudMessaging
LogPluginManager: Mounting plugin ImmediatePhysics
LogPluginManager: Mounting plugin IOSDeviceProfileSelector
LogPluginManager: Mounting plugin LinuxDeviceProfileSelector
LogPluginManager: Mounting plugin LocationServicesBPLibrary
LogPluginManager: Mounting plugin MobilePatchingUtils
LogPluginManager: Mounting plugin OculusVR
LogPluginManager: Plugin shader directory ../../../Engine/Plugins/Runtime/Oculus/OculusVR/Shaders found
LogPluginManager: Mapping shader source directory ../../../Engine/Plugins/Runtime/Oculus/OculusVR/Shaders to virtual directory /Plugin/OculusVR
LogPluginManager: Mounting plugin PhysXVehicles
LogPluginManager: Mounting plugin ProceduralMeshComponent
LogPluginManager: Mounting plugin RuntimePhysXCooking
LogPluginManager: Mounting plugin SteamVR
LogPluginManager: Mounting plugin WindowsMoviePlayer
LogStreaming: Display: Took  0.137s to configure plugins.
LogInit: Using libcurl 7.55.1-DEV
LogInit:  - built for x86_64-pc-win32
LogInit:  - supports SSL with OpenSSL/1.0.2h
LogInit:  - supports HTTP deflate (compression) using libz 1.2.8
LogInit:  - other features:
LogInit:      CURL_VERSION_SSL
LogInit:      CURL_VERSION_LIBZ
LogInit:      CURL_VERSION_IPV6
LogInit:      CURL_VERSION_ASYNCHDNS
LogInit:      CURL_VERSION_LARGEFILE
LogInit:      CURL_VERSION_IDN
LogInit:  CurlRequestOptions (configurable via config and command line):
LogInit:  - bVerifyPeer = false  - Libcurl will NOT verify peer certificate
LogInit:  - bUseHttpProxy = false  - Libcurl will NOT use HTTP proxy
LogInit:  - bDontReuseConnections = false  - Libcurl will reuse connections
LogInit:  - CertBundlePath = nullptr  - Libcurl will use whatever was configured at build time.
LogInit:  - MaxHostConnections = 16  - Libcurl will limit the number of connections to a host
LogInit:  - LocalHostAddr = Default
LogInit:  - BufferSize = 65536
LogInit: WinSock: version 1.1 (2.2), MaxSocks=32767, MaxUdp=65467
LogInit: Build: ++UE4+Release-4.20-CL-4369336
LogInit: Engine Version: 4.20.3-4369336+++UE4+Release-4.20
LogInit: Compatible Engine Version: 4.20.0-4212847+++UE4+Release-4.20
LogInit: Net CL: 4212847
LogInit: OS: Windows 10 (), CPU: Intel(R) Core(TM) i7-8700K CPU @ 3.70GHz, GPU: NVIDIA GeForce GTX 1060 6GB
LogInit: Compiled (64-bit): Sep 17 2018 12:26:19
LogInit: Compiled with Visual C++: 19.13.26129.00
LogInit: Build Configuration: Development
LogInit: Branch Name: ++UE4+Release-4.20
LogInit: Command Line:  -skipcompile
LogInit: Base Directory: C:/Program Files/Epic Games/UE_4.20/Engine/Binaries/Win64/
LogInit: Installed Engine Build: 1
LogDevObjectVersion: Number of dev versions registered: 20
LogDevObjectVersion:   Dev-Blueprints (B0D832E4-1F89-4F0D-ACCF-7EB736FD4AA2): 10
LogDevObjectVersion:   Dev-Build (E1C64328-A22C-4D53-A36C-8E866417BD8C): 0
LogDevObjectVersion:   Dev-Core (375EC13C-06E4-48FB-B500-84F0262A717E): 2
LogDevObjectVersion:   Dev-Editor (E4B068ED-F494-42E9-A231-DA0B2E46BB41): 24
LogDevObjectVersion:   Dev-Framework (CFFC743F-43B0-4480-9391-14DF171D2073): 34
LogDevObjectVersion:   Dev-Mobile (B02B49B5-BB20-44E9-A304-32B752E40360): 2
LogDevObjectVersion:   Dev-Networking (A4E4105C-59A1-49B5-A7C5-40C4547EDFEE): 0
LogDevObjectVersion:   Dev-Online (39C831C9-5AE6-47DC-9A44-9C173E1C8E7C): 0
LogDevObjectVersion:   Dev-Physics (78F01B33-EBEA-4F98-B9B4-84EACCB95AA2): 0
LogDevObjectVersion:   Dev-Platform (6631380F-2D4D-43E0-8009-CF276956A95A): 0
LogDevObjectVersion:   Dev-Rendering (12F88B9F-8875-4AFC-A67C-D90C383ABD29): 26
LogDevObjectVersion:   Dev-Sequencer (7B5AE74C-D270-4C10-A958-57980B212A5A): 9
LogDevObjectVersion:   Dev-VR (D7296918-1DD6-4BDD-9DE2-64A83CC13884): 2
LogDevObjectVersion:   Dev-LoadTimes (C2A15278-BFE7-4AFE-6C17-90FF531DF755): 1
LogDevObjectVersion:   Private-Geometry (6EACA3D4-40EC-4CC1-B786-8BED09428FC5): 3
LogDevObjectVersion:   Dev-AnimPhys (29E575DD-E0A3-4627-9D10-D276232CDCEA): 17
LogDevObjectVersion:   Dev-ReflectionCapture (6B266CEC-1EC7-4B8F-A30B-E4D90942FC07): 1
LogDevObjectVersion:   Dev-Automation (0DF73D61-A23F-47EA-B727-89E90C41499A): 1
LogDevObjectVersion:   FortniteMain (601D1886-AC64-4F84-AA16-D3DE0DEAC7D6): 12
LogDevObjectVersion:   Dev-Enterprise (9DFFBCD6-494F-0158-E221-12823C92A888): 1
LogStreaming: Display: Took  0.002s to delete old logs.
LogInit: Presizing for max 8388607 objects, including 0 objects not considered by GC, pre-allocating 0 bytes for permanent pool.
LogInit: Object subsystem initialized
[2019.02.19-04.13.49:805][  0]LogInit: Selected Device Profile: [Windows]
[2019.02.19-04.13.49:806][  0]LogInit: Applying CVar settings loaded from the selected device profile: [Windows]
[2019.02.19-04.13.49:813][  0]LogHAL: Display: Platform has ~ 16 GB [17125281792 / 17179869184 / 16], which maps to Larger [LargestMinGB=32, LargerMinGB=12, DefaultMinGB=8, SmallerMinGB=6, SmallestMinGB=0)
[2019.02.19-04.13.49:813][  0]LogInit: Setting Device Profile CVar: [[r.Vulkan.UseRealUBs:1]]
[2019.02.19-04.13.49:813][  0]LogInit: Going up to parent DeviceProfile []
[2019.02.19-04.13.49:814][  0]LogInit: Computer: DESKTOP-6JV4Q76
[2019.02.19-04.13.49:814][  0]LogInit: User: Windows
[2019.02.19-04.13.49:814][  0]LogInit: CPU Page size=4096, Cores=6
[2019.02.19-04.13.49:814][  0]LogInit: High frequency timer resolution =10.000000 MHz
[2019.02.19-04.13.49:814][  0]LogMemory: Memory total: Physical=15.9GB (16GB approx)
[2019.02.19-04.13.49:814][  0]LogMemory: Platform Memory Stats for Windows
[2019.02.19-04.13.49:815][  0]LogMemory: Process Physical Memory: 103.11 MB used, 103.11 MB peak
[2019.02.19-04.13.49:815][  0]LogMemory: Process Virtual Memory: 94.64 MB used, 94.64 MB peak
[2019.02.19-04.13.49:815][  0]LogMemory: Physical Memory: 9524.18 MB used,  6807.76 MB free, 16331.94 MB total
[2019.02.19-04.13.49:815][  0]LogMemory: Virtual Memory: 4663.53 MB used,  6807.76 MB free, 134217728.00 MB total
[2019.02.19-04.13.49:918][  0]LogInit: Using OS detected language (en-US).
[2019.02.19-04.13.49:918][  0]LogInit: Using OS detected locale (en-US).
[2019.02.19-04.13.49:919][  0]LogTextLocalizationManager: No specific localization for 'en-US' exists, so the 'en' localization will be used.
[2019.02.19-04.13.50:192][  0]LogStreaming: Display: Took  0.273s to InitEngineTextLocalization.
[2019.02.19-04.13.50:192][  0]LogInit: Setting process to per monitor DPI aware
[2019.02.19-04.13.50:249][  0]LogSlate: New Slate User Created.  User Index 0, Is Virtual User: 0
[2019.02.19-04.13.50:249][  0]LogSlate: Slate User Registered.  User Index 0, Is Virtual User: 0
[2019.02.19-04.13.50:416][  0]LogHMD: Failed to initialize OpenVR with code 110
[2019.02.19-04.13.50:416][  0]LogD3D11RHI: D3D11 adapters:
[2019.02.19-04.13.50:499][  0]LogD3D11RHI:    0. 'NVIDIA GeForce GTX 1060 6GB' (Feature Level 11_0)
[2019.02.19-04.13.50:499][  0]LogD3D11RHI:       6052/0/8165 MB DedicatedVideo/DedicatedSystem/SharedSystem, Outputs:1, VendorId:0x10de
[2019.02.19-04.13.50:506][  0]LogD3D11RHI:    1. 'Microsoft Basic Render Driver' (Feature Level 11_0)
[2019.02.19-04.13.50:506][  0]LogD3D11RHI:       0/0/8165 MB DedicatedVideo/DedicatedSystem/SharedSystem, Outputs:0, VendorId:0x1414
[2019.02.19-04.13.50:506][  0]LogD3D11RHI: Chosen D3D11 Adapter: 0
[2019.02.19-04.13.50:514][  0]LogD3D11RHI: Creating new Direct3DDevice
[2019.02.19-04.13.50:514][  0]LogD3D11RHI:     GPU DeviceId: 0x1c03 (for the marketing name, search the web for "GPU Device Id")
[2019.02.19-04.13.50:514][  0]LogWindows: EnumDisplayDevices:
[2019.02.19-04.13.50:514][  0]LogWindows:    0. 'NVIDIA GeForce GTX 1060 6GB' (P:1 D:1)
[2019.02.19-04.13.50:515][  0]LogWindows:    1. 'NVIDIA GeForce GTX 1060 6GB' (P:0 D:0)
[2019.02.19-04.13.50:515][  0]LogWindows:    2. 'NVIDIA GeForce GTX 1060 6GB' (P:0 D:0)
[2019.02.19-04.13.50:516][  0]LogWindows:    3. 'NVIDIA GeForce GTX 1060 6GB' (P:0 D:0)
[2019.02.19-04.13.50:516][  0]LogWindows: DebugString: FoundDriverCount:4 
[2019.02.19-04.13.50:516][  0]LogD3D11RHI:     Adapter Name: NVIDIA GeForce GTX 1060 6GB
[2019.02.19-04.13.50:516][  0]LogD3D11RHI:   Driver Version: 417.35 (internal:25.21.14.1735, unified:417.35)
[2019.02.19-04.13.50:516][  0]LogD3D11RHI:      Driver Date: 12-11-2018
[2019.02.19-04.13.50:516][  0]LogRHI: Texture pool is 4236 MB (70% of 6052 MB)
[2019.02.19-04.13.50:557][  0]LogD3D11RHI: Async texture creation enabled
[2019.02.19-04.13.50:583][  0]LogD3D11RHI: GPU Timing Frequency: 1000.000000 (Debug: 2 2)
[2019.02.19-04.13.50:585][  0]LogShaderCompilers: Guid format shader working directory is -38 characters bigger than the processId version (E:/MyProgram/UDK/School/S4/BattleDrifter/Game260Development/Resources/VehicleMovement/Intermediate/Shaders/WorkingDirectory/21060/).
[2019.02.19-04.13.50:586][  0]LogShaderCompilers: Cleaned the shader compiler working directory 'C:/Users/Windows/AppData/Local/Temp/UnrealShaderWorkingDir/9C7401B94750C78484D698AFCFE2E980/'.
[2019.02.19-04.13.50:862][  0]LogTemp: Display: Loaded TP AllDesktopTargetPlatform
[2019.02.19-04.13.50:879][  0]LogTemp: Display: Loaded TP MacClientTargetPlatform
[2019.02.19-04.13.50:896][  0]LogTemp: Display: Loaded TP MacNoEditorTargetPlatform
[2019.02.19-04.13.50:912][  0]LogTemp: Display: Loaded TP MacServerTargetPlatform
[2019.02.19-04.13.50:930][  0]LogTemp: Display: Loaded TP MacTargetPlatform
[2019.02.19-04.13.50:947][  0]LogTemp: Display: Loaded TP WindowsClientTargetPlatform
[2019.02.19-04.13.50:965][  0]LogTemp: Display: Loaded TP WindowsNoEditorTargetPlatform
[2019.02.19-04.13.50:981][  0]LogTemp: Display: Loaded TP WindowsServerTargetPlatform
[2019.02.19-04.13.50:993][  0]LogTemp: Display: Loaded TP WindowsTargetPlatform
[2019.02.19-04.13.51:058][  0]LogTemp: Display: Loaded TP AndroidTargetPlatform
[2019.02.19-04.13.51:058][  0]LogTemp: Display: Loaded TP AndroidTargetPlatform
[2019.02.19-04.13.51:058][  0]LogTemp: Display: Loaded TP AndroidTargetPlatform
[2019.02.19-04.13.51:058][  0]LogTemp: Display: Loaded TP AndroidTargetPlatform
[2019.02.19-04.13.51:058][  0]LogTemp: Display: Loaded TP AndroidTargetPlatform
[2019.02.19-04.13.51:059][  0]LogTemp: Display: Loaded TP AndroidTargetPlatform
[2019.02.19-04.13.51:059][  0]LogTemp: Display: Loaded TP AndroidTargetPlatform
[2019.02.19-04.13.51:059][  0]LogTemp: Display: Loaded TP AndroidTargetPlatform
[2019.02.19-04.13.51:059][  0]LogTemp: Display: Loaded TP AndroidTargetPlatform
[2019.02.19-04.13.51:059][  0]LogTemp: Display: Loaded TP AndroidTargetPlatform
[2019.02.19-04.13.51:059][  0]LogTemp: Display: Loaded TP AndroidTargetPlatform
[2019.02.19-04.13.51:059][  0]LogTemp: Display: Loaded TP AndroidTargetPlatform
[2019.02.19-04.13.51:059][  0]LogTemp: Display: Loaded TP AndroidTargetPlatform
[2019.02.19-04.13.51:059][  0]LogTemp: Display: Loaded TP AndroidTargetPlatform
[2019.02.19-04.13.51:059][  0]LogTemp: Display: Loaded TP AndroidTargetPlatform
[2019.02.19-04.13.51:059][  0]LogTemp: Display: Loaded TP AndroidTargetPlatform
[2019.02.19-04.13.51:059][  0]LogTemp: Display: Loaded TP AndroidTargetPlatform
[2019.02.19-04.13.51:059][  0]LogTemp: Display: Loaded TP AndroidTargetPlatform
[2019.02.19-04.13.51:064][  0]LogTemp: Display: Loaded TP HTML5TargetPlatform
[2019.02.19-04.13.51:135][  0]LogTemp: Display: Loaded TP IOSTargetPlatform
[2019.02.19-04.13.51:135][  0]LogTemp: Display: Loaded TP IOSTargetPlatform
[2019.02.19-04.13.51:158][  0]LogTemp: Display: Loaded TP TVOSTargetPlatform
[2019.02.19-04.13.51:158][  0]LogTemp: Display: Loaded TP TVOSTargetPlatform
[2019.02.19-04.13.51:172][  0]LogTemp: Display: Loaded TP LinuxClientTargetPlatform
[2019.02.19-04.13.51:186][  0]LogTemp: Display: Loaded TP LinuxNoEditorTargetPlatform
[2019.02.19-04.13.51:201][  0]LogTemp: Display: Loaded TP LinuxServerTargetPlatform
[2019.02.19-04.13.51:215][  0]LogTemp: Display: Loaded TP LinuxTargetPlatform
[2019.02.19-04.13.51:227][  0]LogTemp: Display: Loaded TP LuminTargetPlatform
[2019.02.19-04.13.51:227][  0]LogTargetPlatformManager: Display: Building Assets For Windows
[2019.02.19-04.13.51:404][  0]LogXGEController: Cleaning working directory: C:/Users/Windows/AppData/Local/Temp/UnrealXGEWorkingDir/
[2019.02.19-04.13.51:404][  0]LogXGEController: Cannot use XGE Controller as Incredibuild is not installed on this machine.
[2019.02.19-04.13.51:404][  0]LogShaderCompilers: Cannot use XGE Shader Compiler as Incredibuild is not installed on this machine.
[2019.02.19-04.13.51:404][  0]LogShaderCompilers: Display: Using Local Shader Compiler.
[2019.02.19-04.13.52:044][  0]LogDerivedDataCache: Display: Max Cache Size: 512 MB
[2019.02.19-04.13.52:090][  0]LogDerivedDataCache: Loaded boot cache 0.05s 73MB C:/Users/Windows/AppData/Local/UnrealEngine/4.20/DerivedDataCache/Boot.ddc.
[2019.02.19-04.13.52:091][  0]LogDerivedDataCache: Display: Loaded Boot cache: C:/Users/Windows/AppData/Local/UnrealEngine/4.20/DerivedDataCache/Boot.ddc
[2019.02.19-04.13.52:091][  0]LogDerivedDataCache: FDerivedDataBackendGraph:  Pak pak cache file E:/MyProgram/UDK/School/S4/BattleDrifter/Game260Development/Resources/VehicleMovement/DerivedDataCache/DDC.ddp not found, will not use a pak cache.
[2019.02.19-04.13.52:091][  0]LogDerivedDataCache: Unable to find inner node Pak for hierarchical cache Hierarchy.
[2019.02.19-04.13.52:091][  0]LogDerivedDataCache: FDerivedDataBackendGraph:  CompressedPak pak cache file E:/MyProgram/UDK/School/S4/BattleDrifter/Game260Development/Resources/VehicleMovement/DerivedDataCache/Compressed.ddp not found, will not use a pak cache.
[2019.02.19-04.13.52:092][  0]LogDerivedDataCache: Unable to find inner node CompressedPak for hierarchical cache Hierarchy.
[2019.02.19-04.13.52:101][  0]LogDerivedDataCache: Display: Pak cache opened for reading ../../../Engine/DerivedDataCache/Compressed.ddp.
[2019.02.19-04.13.52:116][  0]LogDerivedDataCache: Using Local data cache path C:/Users/Windows/AppData/Local/UnrealEngine/Common/DerivedDataCache: Writable
[2019.02.19-04.13.52:116][  0]LogDerivedDataCache: Shared data cache path not found in *engine.ini, will not use an Shared cache.
[2019.02.19-04.13.52:116][  0]LogDerivedDataCache: Unable to find inner node Shared for hierarchical cache Hierarchy.
[2019.02.19-04.13.52:130][  0]LogMaterial: Verifying Global Shaders for PCD3D_SM5
[2019.02.19-04.13.52:132][  0]LogSlate: Using FreeType 2.6.0
[2019.02.19-04.13.52:132][  0]LogSlate: SlateFontServices - WITH_FREETYPE: 1, WITH_HARFBUZZ: 1
[2019.02.19-04.13.52:200][  0]LogAssetRegistry: FAssetRegistry took 0.0280 seconds to start up
[2019.02.19-04.13.52:442][  0]LogInit: Selected Device Profile: [Windows]
[2019.02.19-04.13.52:593][  0]LogSimplygon: Simplygon DLL not present - disabling.
[2019.02.19-04.13.52:611][  0]LogMeshReduction: Using SimplygonSwarm for distributed automatic mesh merging
[2019.02.19-04.13.52:611][  0]LogMeshReduction: Using ProxyLODMeshReduction for automatic mesh merging
[2019.02.19-04.13.52:611][  0]LogMeshReduction: Using QuadricMeshReduction for automatic static mesh reduction
[2019.02.19-04.13.52:612][  0]LogMeshReduction: No automatic skeletal mesh reduction module available
[2019.02.19-04.13.52:623][  0]LogNetVersion: VehicleMovement 1.0.0, NetCL: 4212847, EngineNetVer: 5, GameNetVer: 0 (Checksum: 2966596176)
[2019.02.19-04.13.53:052][  0]LogPackageLocalizationCache: Processed 11 localized package path(s) for 2 prioritized culture(s) in 0.096692 seconds
[2019.02.19-04.13.53:058][  0]LogUObjectArray: 38425 objects as part of root set at end of initial load.
[2019.02.19-04.13.53:058][  0]LogUObjectAllocator: 6690872 out of 0 bytes used by permanent object pool.
[2019.02.19-04.13.53:058][  0]LogUObjectArray: CloseDisregardForGC: 0/0 objects in disregard for GC pool
[2019.02.19-04.13.54:069][  0]LogTcpMessaging: Initializing TcpMessaging bridge
[2019.02.19-04.13.54:088][  0]LogUdpMessaging: Initializing bridge on interface 0.0.0.0:0 to multicast group 230.0.0.1:6666.
[2019.02.19-04.13.54:402][  0]SourceControl: Source control is disabled
[2019.02.19-04.13.54:402][  0]SourceControl: Source control is disabled
[2019.02.19-04.13.54:413][  0]SourceControl: Source control is disabled
[2019.02.19-04.13.54:419][  0]SourceControl: Source control is disabled
[2019.02.19-04.13.54:789][  0]LogAndroidPermission: UAndroidPermissionCallbackProxy::GetInstance
[2019.02.19-04.13.54:968][  0]LogOcInput: OculusInput pre-init called
[2019.02.19-04.13.55:046][  0]LogEngine: Initializing Engine...
[2019.02.19-04.13.55:047][  0]LogHMD: Failed to initialize OpenVR with code 110
[2019.02.19-04.13.55:048][  0]LogStats: UGameplayTagsManager::ConstructGameplayTagTree: ImportINI prefixes -  0.000 s
[2019.02.19-04.13.55:048][  0]LogStats: UGameplayTagsManager::ConstructGameplayTagTree: Construct from data asset -  0.000 s
[2019.02.19-04.13.55:048][  0]LogStats: UGameplayTagsManager::ConstructGameplayTagTree: ImportINI -  0.000 s
[2019.02.19-04.13.55:048][  0]LogStats: UGameplayTagsManager::ConstructGameplayTagTree: GameplayTagTreeChangedEvent.Broadcast -  0.000 s
[2019.02.19-04.13.55:210][  0]LogInit: Initializing FReadOnlyCVARCache
[2019.02.19-04.13.55:231][  0]LogAIModule: Creating AISystem for world Untitled
[2019.02.19-04.13.55:314][  0]LogInit: XAudio2 using 'Speakers (Logitech G430 Gaming Headset)' : 2 channels at 44.1 kHz using 16 bits per sample (channel mask 0x3)
[2019.02.19-04.13.55:347][  0]LogInit: FAudioDevice initialized.
[2019.02.19-04.13.55:347][  0]LogNetVersion: Set ProjectVersion to 1.0.0.0. Version Checksum will be recalculated on next use.
[2019.02.19-04.13.55:411][  0]LogDerivedDataCache: Saved boot cache 0.06s 73MB C:/Users/Windows/AppData/Local/UnrealEngine/4.20/DerivedDataCache/Boot.ddc.
[2019.02.19-04.13.55:418][  0]LogInit: Texture streaming: Enabled
[2019.02.19-04.13.55:459][  0]LogEngineSessionManager: EngineSessionManager initialized
[2019.02.19-04.13.55:459][  0]LogEngineSessionManager: EngineSessionManager sent abnormal shutdown report. Type=Debugger, SessionId={F3BA8647-4655-2CBD-AB7E-72A71B3E0EDF}
[2019.02.19-04.13.55:459][  0]LogEngineSessionManager: EngineSessionManager sent abnormal shutdown report. Type=Debugger, SessionId={0C5B9689-4B99-918C-2732-CC9CEE5F0DFC}
[2019.02.19-04.13.55:474][  0]LogInit: Transaction tracking system initialized
[2019.02.19-04.13.55:530][  0]BlueprintLog: New page: Editor Load
[2019.02.19-04.13.55:735][  0]LocalizationService: Localization service is disabled
[2019.02.19-04.13.56:043][  0]LogCook: Display: Max memory allowance for cook 16384mb min free memory 0mb
[2019.02.19-04.13.56:043][  0]LogCook: Display: Mobile HDR setting 1
[2019.02.19-04.13.56:044][  0]LogGameplayTags: Display: UGameplayTagsManager::DoneAddingNativeTags. DelegateIsBound: 0
[2019.02.19-04.13.56:044][  0]LogStats: UGameplayTagsManager::ConstructGameplayTagTree: ImportINI prefixes -  0.000 s
[2019.02.19-04.13.56:044][  0]LogStats: UGameplayTagsManager::ConstructGameplayTagTree: Construct from data asset -  0.000 s
[2019.02.19-04.13.56:044][  0]LogStats: UGameplayTagsManager::ConstructGameplayTagTree: ImportINI -  0.000 s
[2019.02.19-04.13.56:044][  0]LogStats: UGameplayTagsManager::ConstructGameplayTagTree: GameplayTagTreeChangedEvent.Broadcast -  0.000 s
[2019.02.19-04.13.56:306][  0]LogFileCache: Scanning file cache for directory 'E:/MyProgram/UDK/School/S4/BattleDrifter/Game260Development/Resources/VehicleMovement/Content/' took 0.02s
[2019.02.19-04.13.56:306][  0]SourceControl: Source control is disabled
[2019.02.19-04.13.56:306][  0]Cmd: MAP LOAD FILE="E:/MyProgram/UDK/School/S4/BattleDrifter/Game260Development/Resources/VehicleMovement/Content/VehicleCPP/Maps/VehicleExampleMap.umap" TEMPLATE=0 SHOWPROGRESS=1 FEATURELEVEL=3
[2019.02.19-04.13.56:307][  0]LightingResults: New page: Lighting Build
[2019.02.19-04.13.56:310][  0]MapCheck: New page: Map Check
[2019.02.19-04.13.56:310][  0]LightingResults: New page: Lighting Build
[2019.02.19-04.13.56:523][  0]LogAIModule: Creating AISystem for world VehicleExampleMap
[2019.02.19-04.13.56:534][  0]LogEditorServer: Finished looking for orphan Actors (0.000 secs)
[2019.02.19-04.13.56:556][  0]Cmd: MAP CHECKDEP NOCLEARLOG
[2019.02.19-04.13.56:634][  0]MapCheck: Map check complete: 0 Error(s), 0 Warning(s), took 77.083ms to complete.
[2019.02.19-04.13.56:634][  0]LogFileHelpers: Loading map 'VehicleExampleMap' took 0.328
[2019.02.19-04.13.56:736][  0]LogSlate: Updating window title bar state: overlay mode, drag disabled, window buttons hidden, title bar hidden
[2019.02.19-04.13.56:741][  0]LogSlate: Updating window title bar state: overlay mode, drag disabled, window buttons hidden, title bar hidden
[2019.02.19-04.13.56:747][  0]LogSlate: Updating window title bar state: overlay mode, drag disabled, window buttons hidden, title bar hidden
[2019.02.19-04.13.56:753][  0]LogSlate: Updating window title bar state: overlay mode, drag disabled, window buttons hidden, title bar hidden
[2019.02.19-04.13.56:765][  0]LogCollectionManager: Loaded 0 collections in 0.002650 seconds
[2019.02.19-04.13.56:812][  0]LogFileCache: Scanning file cache for directory 'E:/MyProgram/UDK/School/S4/BattleDrifter/Game260Development/Resources/VehicleMovement/Saved/Collections/' took 0.01s
[2019.02.19-04.13.56:812][  0]LogFileCache: Scanning file cache for directory 'E:/MyProgram/UDK/School/S4/BattleDrifter/Game260Development/Resources/VehicleMovement/Content/Developers/Windows/Collections/' took 0.01s
[2019.02.19-04.13.56:812][  0]LogFileCache: Scanning file cache for directory 'E:/MyProgram/UDK/School/S4/BattleDrifter/Game260Development/Resources/VehicleMovement/Content/Collections/' took 0.01s
[2019.02.19-04.13.56:812][  0]LogCollectionManager: Rebuilt the GUID cache for 0 collections in 0.000000 seconds
[2019.02.19-04.13.56:821][  0]LogContentBrowser: Native class hierarchy populated in 0.0083 seconds. Added 2585 classes and 608 folders.
[2019.02.19-04.13.56:828][  0]LogContentBrowser: Native class hierarchy updated for 'WidgetCarousel' in 0.0005 seconds. Added 0 classes and 0 folders.
[2019.02.19-04.13.56:874][  0]LogContentBrowser: Native class hierarchy updated for 'AddContentDialog' in 0.0005 seconds. Added 0 classes and 0 folders.
[2019.02.19-04.13.56:885][  0]LogContentBrowser: Native class hierarchy updated for 'SceneOutliner' in 0.0006 seconds. Added 1 classes and 2 folders.
[2019.02.19-04.13.56:897][  0]LogSlate: Took 0.000163 seconds to synchronously load lazily loaded font '../../../Engine/Content/Slate/Fonts/Roboto-Regular.ttf' (155K)
[2019.02.19-04.13.56:898][  0]LogSlate: Took 0.000162 seconds to synchronously load lazily loaded font '../../../Engine/Content/Slate/Fonts/Roboto-Bold.ttf' (160K)
[2019.02.19-04.13.56:903][  0]LogSlate: Took 0.000218 seconds to synchronously load lazily loaded font '../../../Engine/Content/Editor/Slate/Fonts/FontAwesome.ttf' (139K)
[2019.02.19-04.13.56:963][  0]LogRenderer: Reallocating scene render targets to support 1208x576 Format 10 NumSamples 1 (Frame:1).
[2019.02.19-04.13.56:994][  0]LogSlate: Took 0.000172 seconds to synchronously load lazily loaded font '../../../Engine/Content/Slate/Fonts/Roboto-Light.ttf' (167K)
[2019.02.19-04.13.57:095][  0]LogContentBrowser: Native class hierarchy updated for 'HierarchicalLODOutliner' in 0.0005 seconds. Added 0 classes and 0 folders.
[2019.02.19-04.13.57:096][  0]LogLoad: (Engine Initialization) Total time: 9.54 seconds
[2019.02.19-04.13.57:096][  0]LogLoad: (Engine Initialization) Total Blueprint compile time: 0.00 seconds
[2019.02.19-04.13.57:108][  0]LogRawInputWindows: Warning: Found device 0 devices
[2019.02.19-04.13.57:108][  0]LogRawInputWindows: Warning: Found device 0 devices
[2019.02.19-04.13.57:109][  0]LogRawInputWindows: Warning: Device was registered succesfully but not connected (Usage:4 UsagePage:1)
[2019.02.19-04.13.57:109][  0]LogRawInputWindows: Warning: Found device 1 devices
[2019.02.19-04.13.57:109][  0]LogRawInputWindows: Warning: Device was registered succesfully but not connected (Usage:5 UsagePage:1)
[2019.02.19-04.13.57:135][  0]LogAssetRegistry: Asset discovery search completed in 4.9590 seconds
[2019.02.19-04.13.57:136][  0]LogCollectionManager: Rebuilt the object cache for 0 collections in 0.000000 seconds (found 0 objects)
[2019.02.19-04.13.57:136][  0]LogCollectionManager: Fixed up redirectors for 0 collections in 0.000177 seconds (updated 0 objects)
[2019.02.19-04.13.57:138][  0]LogContentStreaming: Texture pool size now 1000 MB
[2019.02.19-04.13.58:017][ 96]LogSlate: FSceneViewport::OnFocusLost() reason 0
[2019.02.19-04.13.58:084][104]LogTemp: Repeating last play command: Selected Viewport
[2019.02.19-04.13.58:093][104]LogBlueprintUserMessages: Early PlayInEditor Detection: Level '/Game/VehicleCPP/Maps/VehicleExampleMap.VehicleExampleMap:PersistentLevel' has LevelScriptBlueprint '/Game/VehicleCPP/Maps/VehicleExampleMap.VehicleExampleMap:PersistentLevel.VehicleExampleMap' with GeneratedClass '/Game/VehicleCPP/Maps/VehicleExampleMap.VehicleExampleMap_C' with ClassGeneratedBy '/Game/VehicleCPP/Maps/VehicleExampleMap.VehicleExampleMap:PersistentLevel.VehicleExampleMap'
[2019.02.19-04.13.58:093][104]LogPlayLevel: PlayLevel: No blueprints needed recompiling
[2019.02.19-04.13.58:107][104]PIE: New page: PIE session: VehicleExampleMap (Feb 18, 2019, 6:13:58 PM)
[2019.02.19-04.13.58:108][104]LogPlayLevel: Creating play world package: /Game/VehicleCPP/Maps/UEDPIE_0_VehicleExampleMap
[2019.02.19-04.13.58:126][104]LogPlayLevel: PIE: StaticDuplicateObject took: (0.018175s)
[2019.02.19-04.13.58:127][104]LogAIModule: Creating AISystem for world VehicleExampleMap
[2019.02.19-04.13.58:127][104]LogPlayLevel: PIE: World Init took: (0.000819s)
[2019.02.19-04.13.58:127][104]LogPlayLevel: PIE: Created PIE world by copying editor world from /Game/VehicleCPP/Maps/VehicleExampleMap.VehicleExampleMap to /Game/VehicleCPP/Maps/UEDPIE_0_VehicleExampleMap.VehicleExampleMap (0.019354s)
[2019.02.19-04.13.58:184][104]LogInit: XAudio2 using 'Speakers (Logitech G430 Gaming Headset)' : 2 channels at 44.1 kHz using 16 bits per sample (channel mask 0x3)
[2019.02.19-04.13.58:203][104]LogInit: FAudioDevice initialized.
[2019.02.19-04.13.58:253][104]LogLoad: Game class is 'VehicleMovementGameMode'
[2019.02.19-04.13.58:258][104]LogWorld: Bringing World /Game/VehicleCPP/Maps/UEDPIE_0_VehicleExampleMap.VehicleExampleMap up for play (max tick rate 0) at 2019.02.18-23.13.58
[2019.02.19-04.13.58:258][104]LogWorld: Bringing up level for play took: 0.001702
[2019.02.19-04.13.58:277][104]LogContentBrowser: Native class hierarchy updated for 'MovieSceneCapture' in 0.0005 seconds. Added 10 classes and 0 folders.
[2019.02.19-04.13.58:278][104]PIE: Play in editor start time for /Game/VehicleCPP/Maps/UEDPIE_0_VehicleExampleMap 0.62
[2019.02.19-04.13.58:278][104]LogBlueprintUserMessages: Late PlayInEditor Detection: Level '/Game/VehicleCPP/Maps/VehicleExampleMap.VehicleExampleMap:PersistentLevel' has LevelScriptBlueprint '/Game/VehicleCPP/Maps/VehicleExampleMap.VehicleExampleMap:PersistentLevel.VehicleExampleMap' with GeneratedClass '/Game/VehicleCPP/Maps/VehicleExampleMap.VehicleExampleMap_C' with ClassGeneratedBy '/Game/VehicleCPP/Maps/VehicleExampleMap.VehicleExampleMap:PersistentLevel.VehicleExampleMap'
[2019.02.19-04.14.01:749][518]LogTemp: Warning: Boost Pressed
[2019.02.19-04.14.17:966][519]LogTemp: Warning: Boost Un-Pressed
