Log file open, 02/28/19 12:24:02
LogWindows: Failed to load 'aqProf.dll' (GetLastError=126)
LogWindows: File 'aqProf.dll' does not exist
LogWindows: Failed to load 'VSPerf140.dll' (GetLastError=126)
LogWindows: File 'VSPerf140.dll' does not exist
LogWindows: Failed to load 'VtuneApi.dll' (GetLastError=126)
LogWindows: File 'VtuneApi.dll' does not exist
LogWindows: Failed to load 'VtuneApi32e.dll' (GetLastError=126)
LogWindows: File 'VtuneApi32e.dll' does not exist
LogInit: Display: Running engine for game: VehicleMovement
LogPlatformFile: Not using cached read wrapper
LogTaskGraph: Started task graph with 5 named threads and 23 total threads with 3 sets of task threads.
LogStats: Stats thread started at 0.482203
LogD3D11RHI: Loaded GFSDK_Aftermath_Lib.x64.dll
LogICUInternationalization: Display: ICU TimeZone Detection - Raw Offset: -5:00, Platform Override: ''
LogPluginManager: Mounting plugin Paper2D
LogPluginManager: Mounting plugin AISupport
LogPluginManager: Mounting plugin LightPropagationVolume
LogPluginManager: Mounting plugin CLionSourceCodeAccess
LogPluginManager: Mounting plugin CodeLiteSourceCodeAccess
LogPluginManager: Mounting plugin GitSourceControl
LogPluginManager: Mounting plugin KDevelopSourceCodeAccess
LogPluginManager: Mounting plugin NullSourceCodeAccess
LogPluginManager: Mounting plugin PerforceSourceControl
LogPluginManager: Mounting plugin SubversionSourceControl
LogPluginManager: Mounting plugin UObjectPlugin
LogPluginManager: Mounting plugin VisualStudioCodeSourceCodeAccess
LogPluginManager: Mounting plugin VisualStudioSourceCodeAccess
LogPluginManager: Mounting plugin XCodeSourceCodeAccess
LogPluginManager: Mounting plugin AssetManagerEditor
LogPluginManager: Mounting plugin CryptoKeys
LogPluginManager: Mounting plugin DataValidation
LogPluginManager: Mounting plugin FacialAnimation
LogPluginManager: Mounting plugin GameplayTagsEditor
LogPluginManager: Mounting plugin MacGraphicsSwitching
LogPluginManager: Mounting plugin MeshEditor
LogPluginManager: Mounting plugin MobileLauncherProfileWizard
LogPluginManager: Mounting plugin PluginBrowser
LogPluginManager: Mounting plugin SpeedTreeImporter
LogPluginManager: Mounting plugin DatasmithContent
LogPluginManager: Mounting plugin AlembicImporter
LogPluginManager: Mounting plugin AppleImageUtils
LogPluginManager: Mounting plugin AppleVision
LogPluginManager: Mounting plugin BackChannel
LogPluginManager: Mounting plugin CharacterAI
LogPluginManager: Mounting plugin GeometryCache
LogPluginManager: Mounting plugin HTML5Networking
LogPluginManager: Mounting plugin ProxyLODPlugin
LogPluginManager: Mounting plugin RawInput
LogPluginManager: Mounting plugin MagicLeap
LogPluginManager: Mounting plugin MagicLeapEmulator
LogPluginManager: Mounting plugin MagicLeapMedia
LogPluginManager: Mounting plugin AndroidMedia
LogPluginManager: Mounting plugin AvfMedia
LogPluginManager: Mounting plugin ImgMedia
LogPluginManager: Mounting plugin LinearTimecode
LogPluginManager: Mounting plugin MediaCompositing
LogPluginManager: Mounting plugin MediaPlayerEditor
LogPluginManager: Mounting plugin WmfMedia
LogPluginManager: Mounting plugin TcpMessaging
LogPluginManager: Mounting plugin UdpMessaging
LogPluginManager: Mounting plugin ActorSequence
LogPluginManager: Mounting plugin LevelSequenceEditor
LogPluginManager: Mounting plugin MatineeToLevelSequence
LogPluginManager: Mounting plugin NetcodeUnitTest
LogPluginManager: Mounting plugin NUTUnrealEngine4
LogPluginManager: Mounting plugin OnlineSubsystemGooglePlay
LogPluginManager: Mounting plugin OnlineSubsystemIOS
LogPluginManager: Mounting plugin OnlineSubsystem
LogPluginManager: Mounting plugin OnlineSubsystemNull
LogPluginManager: Mounting plugin OnlineSubsystemUtils
LogPluginManager: Mounting plugin LauncherChunkInstaller
LogPluginManager: Mounting plugin AndroidDeviceProfileSelector
LogPluginManager: Mounting plugin AndroidMoviePlayer
LogPluginManager: Mounting plugin AndroidPermission
LogPluginManager: Mounting plugin AppleMoviePlayer
LogPluginManager: Mounting plugin ArchVisCharacter
LogPluginManager: Mounting plugin AudioCapture
LogPluginManager: Mounting plugin CableComponent
LogPluginManager: Mounting plugin CustomMeshComponent
LogPluginManager: Mounting plugin EditableMesh
LogPluginManager: Mounting plugin ExampleDeviceProfileSelector
LogPluginManager: Mounting plugin GoogleCloudMessaging
LogPluginManager: Mounting plugin ImmediatePhysics
LogPluginManager: Mounting plugin IOSDeviceProfileSelector
LogPluginManager: Mounting plugin LinuxDeviceProfileSelector
LogPluginManager: Mounting plugin LocationServicesBPLibrary
LogPluginManager: Mounting plugin MobilePatchingUtils
LogPluginManager: Mounting plugin OculusVR
LogPluginManager: Plugin shader directory ../../../Engine/Plugins/Runtime/Oculus/OculusVR/Shaders found
LogPluginManager: Mapping shader source directory ../../../Engine/Plugins/Runtime/Oculus/OculusVR/Shaders to virtual directory /Plugin/OculusVR
LogPluginManager: Mounting plugin PhysXVehicles
LogPluginManager: Mounting plugin ProceduralMeshComponent
LogPluginManager: Mounting plugin RuntimePhysXCooking
LogPluginManager: Mounting plugin SteamVR
LogPluginManager: Mounting plugin WindowsMoviePlayer
LogStreaming: Display: Took  0.254s to configure plugins.
LogInit: Using libcurl 7.55.1-DEV
LogInit:  - built for x86_64-pc-win32
LogInit:  - supports SSL with OpenSSL/1.0.2h
LogInit:  - supports HTTP deflate (compression) using libz 1.2.8
LogInit:  - other features:
LogInit:      CURL_VERSION_SSL
LogInit:      CURL_VERSION_LIBZ
LogInit:      CURL_VERSION_IPV6
LogInit:      CURL_VERSION_ASYNCHDNS
LogInit:      CURL_VERSION_LARGEFILE
LogInit:      CURL_VERSION_IDN
LogInit:  CurlRequestOptions (configurable via config and command line):
LogInit:  - bVerifyPeer = false  - Libcurl will NOT verify peer certificate
LogInit:  - bUseHttpProxy = false  - Libcurl will NOT use HTTP proxy
LogInit:  - bDontReuseConnections = false  - Libcurl will reuse connections
LogInit:  - CertBundlePath = nullptr  - Libcurl will use whatever was configured at build time.
LogInit:  - MaxHostConnections = 16  - Libcurl will limit the number of connections to a host
LogInit:  - LocalHostAddr = Default
LogInit:  - BufferSize = 65536
LogInit: WinSock: version 1.1 (2.2), MaxSocks=32767, MaxUdp=65467
LogInit: Build: ++UE4+Release-4.20-CL-4369336
LogInit: Engine Version: 4.20.3-4369336+++UE4+Release-4.20
LogInit: Compatible Engine Version: 4.20.0-4212847+++UE4+Release-4.20
LogInit: Net CL: 4212847
LogInit: OS: Windows 10 (), CPU: Intel(R) Core(TM) i7-7700HQ CPU @ 2.80GHz, GPU: NVIDIA GeForce GTX 1060
LogInit: Compiled (64-bit): Sep 17 2018 12:26:19
LogInit: Compiled with Visual C++: 19.13.26129.00
LogInit: Build Configuration: Development
LogInit: Branch Name: ++UE4+Release-4.20
LogInit: Command Line:  -skipcompile
LogInit: Base Directory: C:/Program Files/Epic Games/UE_4.20/Engine/Binaries/Win64/
LogInit: Installed Engine Build: 1
LogDevObjectVersion: Number of dev versions registered: 20
LogDevObjectVersion:   Dev-Blueprints (B0D832E4-1F89-4F0D-ACCF-7EB736FD4AA2): 10
LogDevObjectVersion:   Dev-Build (E1C64328-A22C-4D53-A36C-8E866417BD8C): 0
LogDevObjectVersion:   Dev-Core (375EC13C-06E4-48FB-B500-84F0262A717E): 2
LogDevObjectVersion:   Dev-Editor (E4B068ED-F494-42E9-A231-DA0B2E46BB41): 24
LogDevObjectVersion:   Dev-Framework (CFFC743F-43B0-4480-9391-14DF171D2073): 34
LogDevObjectVersion:   Dev-Mobile (B02B49B5-BB20-44E9-A304-32B752E40360): 2
LogDevObjectVersion:   Dev-Networking (A4E4105C-59A1-49B5-A7C5-40C4547EDFEE): 0
LogDevObjectVersion:   Dev-Online (39C831C9-5AE6-47DC-9A44-9C173E1C8E7C): 0
LogDevObjectVersion:   Dev-Physics (78F01B33-EBEA-4F98-B9B4-84EACCB95AA2): 0
LogDevObjectVersion:   Dev-Platform (6631380F-2D4D-43E0-8009-CF276956A95A): 0
LogDevObjectVersion:   Dev-Rendering (12F88B9F-8875-4AFC-A67C-D90C383ABD29): 26
LogDevObjectVersion:   Dev-Sequencer (7B5AE74C-D270-4C10-A958-57980B212A5A): 9
LogDevObjectVersion:   Dev-VR (D7296918-1DD6-4BDD-9DE2-64A83CC13884): 2
LogDevObjectVersion:   Dev-LoadTimes (C2A15278-BFE7-4AFE-6C17-90FF531DF755): 1
LogDevObjectVersion:   Private-Geometry (6EACA3D4-40EC-4CC1-B786-8BED09428FC5): 3
LogDevObjectVersion:   Dev-AnimPhys (29E575DD-E0A3-4627-9D10-D276232CDCEA): 17
LogDevObjectVersion:   Dev-ReflectionCapture (6B266CEC-1EC7-4B8F-A30B-E4D90942FC07): 1
LogDevObjectVersion:   Dev-Automation (0DF73D61-A23F-47EA-B727-89E90C41499A): 1
LogDevObjectVersion:   FortniteMain (601D1886-AC64-4F84-AA16-D3DE0DEAC7D6): 12
LogDevObjectVersion:   Dev-Enterprise (9DFFBCD6-494F-0158-E221-12823C92A888): 1
LogStreaming: Display: Took  0.019s to delete old logs.
LogInit: Presizing for max 8388607 objects, including 0 objects not considered by GC, pre-allocating 0 bytes for permanent pool.
LogInit: Object subsystem initialized
[2019.02.28-17.24.02:753][  0]LogInit: Selected Device Profile: [Windows]
[2019.02.28-17.24.02:753][  0]LogInit: Applying CVar settings loaded from the selected device profile: [Windows]
[2019.02.28-17.24.02:780][  0]LogHAL: Display: Platform has ~ 8 GB [8540868608 / 8589934592 / 8], which maps to Default [LargestMinGB=32, LargerMinGB=12, DefaultMinGB=8, SmallerMinGB=6, SmallestMinGB=0)
[2019.02.28-17.24.02:781][  0]LogInit: Setting Device Profile CVar: [[r.Vulkan.UseRealUBs:1]]
[2019.02.28-17.24.02:781][  0]LogInit: Going up to parent DeviceProfile []
[2019.02.28-17.24.02:788][  0]LogInit: Computer: DESKTOP-0RT9JLV
[2019.02.28-17.24.02:788][  0]LogInit: User: sufus
[2019.02.28-17.24.02:788][  0]LogInit: CPU Page size=4096, Cores=4
[2019.02.28-17.24.02:788][  0]LogInit: High frequency timer resolution =10.000000 MHz
[2019.02.28-17.24.02:788][  0]LogMemory: Memory total: Physical=8.0GB (8GB approx)
[2019.02.28-17.24.02:788][  0]LogMemory: Platform Memory Stats for Windows
[2019.02.28-17.24.02:788][  0]LogMemory: Process Physical Memory: 102.02 MB used, 102.02 MB peak
[2019.02.28-17.24.02:789][  0]LogMemory: Process Virtual Memory: 89.45 MB used, 89.45 MB peak
[2019.02.28-17.24.02:789][  0]LogMemory: Physical Memory: 6665.23 MB used,  1479.98 MB free, 8145.21 MB total
[2019.02.28-17.24.02:789][  0]LogMemory: Virtual Memory: 4641.06 MB used,  1479.98 MB free, 134217728.00 MB total
[2019.02.28-17.24.03:023][  0]LogInit: Using OS detected language (en-US).
[2019.02.28-17.24.03:023][  0]LogInit: Using OS detected locale (en-CA).
[2019.02.28-17.24.03:026][  0]LogTextLocalizationManager: No specific localization for 'en-US' exists, so the 'en' localization will be used.
[2019.02.28-17.24.03:542][  0]LogStreaming: Display: Took  0.518s to InitEngineTextLocalization.
[2019.02.28-17.24.03:542][  0]LogInit: Setting process to per monitor DPI aware
[2019.02.28-17.24.03:688][  0]LogSlate: New Slate User Created.  User Index 0, Is Virtual User: 0
[2019.02.28-17.24.03:688][  0]LogSlate: Slate User Registered.  User Index 0, Is Virtual User: 0
[2019.02.28-17.24.06:172][  0]LogHMD: Failed to initialize OpenVR with code 110
[2019.02.28-17.24.06:172][  0]LogD3D11RHI: D3D11 adapters:
[2019.02.28-17.24.06:945][  0]LogD3D11RHI:    0. 'NVIDIA GeForce GTX 1060' (Feature Level 11_0)
[2019.02.28-17.24.06:945][  0]LogD3D11RHI:       6100/0/4072 MB DedicatedVideo/DedicatedSystem/SharedSystem, Outputs:1, VendorId:0x10de
[2019.02.28-17.24.06:959][  0]LogD3D11RHI:    1. 'Microsoft Basic Render Driver' (Feature Level 11_0)
[2019.02.28-17.24.06:959][  0]LogD3D11RHI:       0/0/4072 MB DedicatedVideo/DedicatedSystem/SharedSystem, Outputs:0, VendorId:0x1414
[2019.02.28-17.24.06:959][  0]LogD3D11RHI: Chosen D3D11 Adapter: 0
[2019.02.28-17.24.06:968][  0]LogD3D11RHI: Creating new Direct3DDevice
[2019.02.28-17.24.06:968][  0]LogD3D11RHI:     GPU DeviceId: 0x1c20 (for the marketing name, search the web for "GPU Device Id")
[2019.02.28-17.24.06:968][  0]LogWindows: EnumDisplayDevices:
[2019.02.28-17.24.06:969][  0]LogWindows:    0. 'NVIDIA GeForce GTX 1060' (P:1 D:1)
[2019.02.28-17.24.06:970][  0]LogWindows:    1. 'NVIDIA GeForce GTX 1060' (P:0 D:0)
[2019.02.28-17.24.06:971][  0]LogWindows:    2. 'NVIDIA GeForce GTX 1060' (P:0 D:0)
[2019.02.28-17.24.06:971][  0]LogWindows:    3. 'NVIDIA GeForce GTX 1060' (P:0 D:0)
[2019.02.28-17.24.06:973][  0]LogWindows: DebugString: FoundDriverCount:4 
[2019.02.28-17.24.06:973][  0]LogD3D11RHI:     Adapter Name: NVIDIA GeForce GTX 1060
[2019.02.28-17.24.06:973][  0]LogD3D11RHI:   Driver Version: 376.06 (internal:21.21.13.7606, unified:376.06)
[2019.02.28-17.24.06:973][  0]LogD3D11RHI:      Driver Date: 11-23-2016
[2019.02.28-17.24.06:973][  0]LogRHI: Texture pool is 4270 MB (70% of 6100 MB)
[2019.02.28-17.24.07:695][  0]LogD3D11RHI: Async texture creation enabled
[2019.02.28-17.24.07:797][  0]LogD3D11RHI: GPU Timing Frequency: 1000.000000 (Debug: 2 1)
[2019.02.28-17.24.07:851][  0]LogShaderCompilers: Guid format shader working directory is -56 characters bigger than the processId version (D:/Humber/Semester 4/Game 260_Game Production/RacingGame/Game260Development/Resources/VehicleMovement/Intermediate/Shaders/WorkingDirectory/29536/).
[2019.02.28-17.24.07:851][  0]LogShaderCompilers: Cleaned the shader compiler working directory 'C:/Users/sufus/AppData/Local/Temp/UnrealShaderWorkingDir/F2875D234D39B71F95726384FAEFEED1/'.
[2019.02.28-17.24.08:308][  0]LogTemp: Display: Loaded TP AllDesktopTargetPlatform
[2019.02.28-17.24.08:330][  0]LogTemp: Display: Loaded TP MacClientTargetPlatform
[2019.02.28-17.24.08:349][  0]LogTemp: Display: Loaded TP MacNoEditorTargetPlatform
[2019.02.28-17.24.08:368][  0]LogTemp: Display: Loaded TP MacServerTargetPlatform
[2019.02.28-17.24.08:394][  0]LogTemp: Display: Loaded TP MacTargetPlatform
[2019.02.28-17.24.08:417][  0]LogTemp: Display: Loaded TP WindowsClientTargetPlatform
[2019.02.28-17.24.08:439][  0]LogTemp: Display: Loaded TP WindowsNoEditorTargetPlatform
[2019.02.28-17.24.08:464][  0]LogTemp: Display: Loaded TP WindowsServerTargetPlatform
[2019.02.28-17.24.08:480][  0]LogTemp: Display: Loaded TP WindowsTargetPlatform
[2019.02.28-17.24.08:596][  0]LogTemp: Display: Loaded TP AndroidTargetPlatform
[2019.02.28-17.24.08:596][  0]LogTemp: Display: Loaded TP AndroidTargetPlatform
[2019.02.28-17.24.08:596][  0]LogTemp: Display: Loaded TP AndroidTargetPlatform
[2019.02.28-17.24.08:596][  0]LogTemp: Display: Loaded TP AndroidTargetPlatform
[2019.02.28-17.24.08:596][  0]LogTemp: Display: Loaded TP AndroidTargetPlatform
[2019.02.28-17.24.08:596][  0]LogTemp: Display: Loaded TP AndroidTargetPlatform
[2019.02.28-17.24.08:597][  0]LogTemp: Display: Loaded TP AndroidTargetPlatform
[2019.02.28-17.24.08:597][  0]LogTemp: Display: Loaded TP AndroidTargetPlatform
[2019.02.28-17.24.08:597][  0]LogTemp: Display: Loaded TP AndroidTargetPlatform
[2019.02.28-17.24.08:597][  0]LogTemp: Display: Loaded TP AndroidTargetPlatform
[2019.02.28-17.24.08:597][  0]LogTemp: Display: Loaded TP AndroidTargetPlatform
[2019.02.28-17.24.08:597][  0]LogTemp: Display: Loaded TP AndroidTargetPlatform
[2019.02.28-17.24.08:597][  0]LogTemp: Display: Loaded TP AndroidTargetPlatform
[2019.02.28-17.24.08:597][  0]LogTemp: Display: Loaded TP AndroidTargetPlatform
[2019.02.28-17.24.08:597][  0]LogTemp: Display: Loaded TP AndroidTargetPlatform
[2019.02.28-17.24.08:597][  0]LogTemp: Display: Loaded TP AndroidTargetPlatform
[2019.02.28-17.24.08:597][  0]LogTemp: Display: Loaded TP AndroidTargetPlatform
[2019.02.28-17.24.08:597][  0]LogTemp: Display: Loaded TP AndroidTargetPlatform
[2019.02.28-17.24.08:605][  0]LogTemp: Display: Loaded TP HTML5TargetPlatform
[2019.02.28-17.24.08:700][  0]LogTemp: Display: Loaded TP IOSTargetPlatform
[2019.02.28-17.24.08:700][  0]LogTemp: Display: Loaded TP IOSTargetPlatform
[2019.02.28-17.24.08:734][  0]LogTemp: Display: Loaded TP TVOSTargetPlatform
[2019.02.28-17.24.08:734][  0]LogTemp: Display: Loaded TP TVOSTargetPlatform
[2019.02.28-17.24.08:757][  0]LogTemp: Display: Loaded TP LinuxClientTargetPlatform
[2019.02.28-17.24.08:778][  0]LogTemp: Display: Loaded TP LinuxNoEditorTargetPlatform
[2019.02.28-17.24.08:801][  0]LogTemp: Display: Loaded TP LinuxServerTargetPlatform
[2019.02.28-17.24.08:834][  0]LogTemp: Display: Loaded TP LinuxTargetPlatform
[2019.02.28-17.24.08:853][  0]LogTemp: Display: Loaded TP LuminTargetPlatform
[2019.02.28-17.24.08:853][  0]LogTargetPlatformManager: Display: Building Assets For Windows
[2019.02.28-17.24.09:057][  0]LogXGEController: Cleaning working directory: C:/Users/sufus/AppData/Local/Temp/UnrealXGEWorkingDir/
[2019.02.28-17.24.09:058][  0]LogXGEController: Cannot use XGE Controller as Incredibuild is not installed on this machine.
[2019.02.28-17.24.09:058][  0]LogShaderCompilers: Cannot use XGE Shader Compiler as Incredibuild is not installed on this machine.
[2019.02.28-17.24.09:058][  0]LogShaderCompilers: Display: Using Local Shader Compiler.
[2019.02.28-17.24.11:121][  0]LogDerivedDataCache: Display: Max Cache Size: 512 MB
[2019.02.28-17.24.11:427][  0]LogDerivedDataCache: Loaded boot cache 0.31s 73MB C:/Users/sufus/AppData/Local/UnrealEngine/4.20/DerivedDataCache/Boot.ddc.
[2019.02.28-17.24.11:427][  0]LogDerivedDataCache: Display: Loaded Boot cache: C:/Users/sufus/AppData/Local/UnrealEngine/4.20/DerivedDataCache/Boot.ddc
[2019.02.28-17.24.11:428][  0]LogDerivedDataCache: FDerivedDataBackendGraph:  Pak pak cache file D:/Humber/Semester 4/Game 260_Game Production/RacingGame/Game260Development/Resources/VehicleMovement/DerivedDataCache/DDC.ddp not found, will not use a pak cache.
[2019.02.28-17.24.11:428][  0]LogDerivedDataCache: Unable to find inner node Pak for hierarchical cache Hierarchy.
[2019.02.28-17.24.11:428][  0]LogDerivedDataCache: FDerivedDataBackendGraph:  CompressedPak pak cache file D:/Humber/Semester 4/Game 260_Game Production/RacingGame/Game260Development/Resources/VehicleMovement/DerivedDataCache/Compressed.ddp not found, will not use a pak cache.
[2019.02.28-17.24.11:428][  0]LogDerivedDataCache: Unable to find inner node CompressedPak for hierarchical cache Hierarchy.
[2019.02.28-17.24.11:455][  0]LogDerivedDataCache: Display: Pak cache opened for reading ../../../Engine/DerivedDataCache/Compressed.ddp.
[2019.02.28-17.24.11:472][  0]LogDerivedDataCache: Using Local data cache path C:/Users/sufus/AppData/Local/UnrealEngine/Common/DerivedDataCache: Writable
[2019.02.28-17.24.11:472][  0]LogDerivedDataCache: Shared data cache path not found in *engine.ini, will not use an Shared cache.
[2019.02.28-17.24.11:472][  0]LogDerivedDataCache: Unable to find inner node Shared for hierarchical cache Hierarchy.
[2019.02.28-17.24.11:495][  0]LogMaterial: Verifying Global Shaders for PCD3D_SM5
[2019.02.28-17.24.11:498][  0]LogSlate: Using FreeType 2.6.0
[2019.02.28-17.24.11:512][  0]LogSlate: SlateFontServices - WITH_FREETYPE: 1, WITH_HARFBUZZ: 1
[2019.02.28-17.24.11:850][  0]LogAssetRegistry: FAssetRegistry took 0.0304 seconds to start up
[2019.02.28-17.24.12:255][  0]LogInit: Selected Device Profile: [Windows]
[2019.02.28-17.24.12:722][  0]LogSimplygon: Simplygon DLL not present - disabling.
[2019.02.28-17.24.12:754][  0]LogMeshReduction: Using SimplygonSwarm for distributed automatic mesh merging
[2019.02.28-17.24.12:754][  0]LogMeshReduction: Using ProxyLODMeshReduction for automatic mesh merging
[2019.02.28-17.24.12:755][  0]LogMeshReduction: Using QuadricMeshReduction for automatic static mesh reduction
[2019.02.28-17.24.12:755][  0]LogMeshReduction: No automatic skeletal mesh reduction module available
[2019.02.28-17.24.12:805][  0]LogNetVersion: VehicleMovement 1.0.0, NetCL: 4212847, EngineNetVer: 5, GameNetVer: 0 (Checksum: 2966596176)
[2019.02.28-17.24.14:284][  0]LogPackageLocalizationCache: Processed 11 localized package path(s) for 2 prioritized culture(s) in 0.189974 seconds
[2019.02.28-17.24.14:291][  0]LogUObjectArray: 38425 objects as part of root set at end of initial load.
[2019.02.28-17.24.14:291][  0]LogUObjectAllocator: 6690864 out of 0 bytes used by permanent object pool.
[2019.02.28-17.24.14:291][  0]LogUObjectArray: CloseDisregardForGC: 0/0 objects in disregard for GC pool
[2019.02.28-17.24.18:691][  0]LogTcpMessaging: Initializing TcpMessaging bridge
[2019.02.28-17.24.18:712][  0]LogUdpMessaging: Initializing bridge on interface 0.0.0.0:0 to multicast group 230.0.0.1:6666.
[2019.02.28-17.24.19:535][  0]SourceControl: Source control is disabled
[2019.02.28-17.24.19:536][  0]SourceControl: Source control is disabled
[2019.02.28-17.24.19:556][  0]SourceControl: Source control is disabled
[2019.02.28-17.24.19:566][  0]SourceControl: Source control is disabled
[2019.02.28-17.24.20:158][  0]LogAndroidPermission: UAndroidPermissionCallbackProxy::GetInstance
[2019.02.28-17.24.20:348][  0]LogOcInput: OculusInput pre-init called
[2019.02.28-17.24.20:484][  0]LogEngine: Initializing Engine...
[2019.02.28-17.24.20:486][  0]LogHMD: Failed to initialize OpenVR with code 110
[2019.02.28-17.24.20:488][  0]LogStats: UGameplayTagsManager::ConstructGameplayTagTree: ImportINI prefixes -  0.000 s
[2019.02.28-17.24.20:488][  0]LogStats: UGameplayTagsManager::ConstructGameplayTagTree: Construct from data asset -  0.000 s
[2019.02.28-17.24.20:488][  0]LogStats: UGameplayTagsManager::ConstructGameplayTagTree: ImportINI -  0.000 s
[2019.02.28-17.24.20:488][  0]LogStats: UGameplayTagsManager::ConstructGameplayTagTree: GameplayTagTreeChangedEvent.Broadcast -  0.000 s
[2019.02.28-17.24.21:048][  0]LogInit: Initializing FReadOnlyCVARCache
[2019.02.28-17.24.21:086][  0]LogAIModule: Creating AISystem for world Untitled
[2019.02.28-17.24.21:134][  0]LogInit: XAudio2 using 'Speakers (Realtek High Definition Audio)' : 2 channels at 48 kHz using 32 bits per sample (channel mask 0x3)
[2019.02.28-17.24.21:282][  0]LogInit: FAudioDevice initialized.
[2019.02.28-17.24.21:283][  0]LogNetVersion: Set ProjectVersion to 1.0.0.0. Version Checksum will be recalculated on next use.
[2019.02.28-17.24.21:360][  0]LogDerivedDataCache: Saved boot cache 0.08s 73MB C:/Users/sufus/AppData/Local/UnrealEngine/4.20/DerivedDataCache/Boot.ddc.
[2019.02.28-17.24.21:372][  0]LogInit: Texture streaming: Enabled
[2019.02.28-17.24.21:430][  0]LogEngineSessionManager: EngineSessionManager initialized
[2019.02.28-17.24.21:430][  0]LogEngineSessionManager: EngineSessionManager sent abnormal shutdown report. Type=Debugger, SessionId={396F7910-4616-B6A8-9322-BE89ED714FEA}
[2019.02.28-17.24.21:464][  0]LogInit: Transaction tracking system initialized
[2019.02.28-17.24.21:572][  0]BlueprintLog: New page: Editor Load
[2019.02.28-17.24.21:948][  0]LocalizationService: Localization service is disabled
[2019.02.28-17.24.22:725][  0]LogCook: Display: Max memory allowance for cook 16384mb min free memory 0mb
[2019.02.28-17.24.22:726][  0]LogCook: Display: Mobile HDR setting 1
[2019.02.28-17.24.22:727][  0]LogGameplayTags: Display: UGameplayTagsManager::DoneAddingNativeTags. DelegateIsBound: 0
[2019.02.28-17.24.22:728][  0]LogStats: UGameplayTagsManager::ConstructGameplayTagTree: ImportINI prefixes -  0.000 s
[2019.02.28-17.24.22:728][  0]LogStats: UGameplayTagsManager::ConstructGameplayTagTree: Construct from data asset -  0.000 s
[2019.02.28-17.24.22:728][  0]LogStats: UGameplayTagsManager::ConstructGameplayTagTree: ImportINI -  0.000 s
[2019.02.28-17.24.22:729][  0]LogStats: UGameplayTagsManager::ConstructGameplayTagTree: GameplayTagTreeChangedEvent.Broadcast -  0.000 s
[2019.02.28-17.24.23:196][  0]LogFileCache: Scanning file cache for directory 'D:/Humber/Semester 4/Game 260_Game Production/RacingGame/Game260Development/Resources/VehicleMovement/Content/' took 0.02s
[2019.02.28-17.24.23:236][  0]SourceControl: Source control is disabled
[2019.02.28-17.24.23:271][  0]LightingResults: New page: Lighting Build
[2019.02.28-17.24.23:288][  0]MapCheck: New page: Map Check
[2019.02.28-17.24.23:288][  0]LightingResults: New page: Lighting Build
[2019.02.28-17.24.24:032][  0]LogAIModule: Creating AISystem for world VehicleExampleMap
[2019.02.28-17.24.24:094][  0]LogEditorServer: Finished looking for orphan Actors (0.000 secs)
[2019.02.28-17.24.24:128][  0]Cmd: MAP CHECKDEP NOCLEARLOG
[2019.02.28-17.24.24:251][  0]MapCheck: Map check complete: 0 Error(s), 0 Warning(s), took 123.512ms to complete.
[2019.02.28-17.24.24:251][  0]LogFileHelpers: Loading map 'VehicleExampleMap' took 1.016
[2019.02.28-17.24.24:485][  0]LogSlate: Updating window title bar state: overlay mode, drag disabled, window buttons hidden, title bar hidden
[2019.02.28-17.24.24:496][  0]LogSlate: Updating window title bar state: overlay mode, drag disabled, window buttons hidden, title bar hidden
[2019.02.28-17.24.24:505][  0]LogSlate: Updating window title bar state: overlay mode, drag disabled, window buttons hidden, title bar hidden
[2019.02.28-17.24.24:514][  0]LogSlate: Updating window title bar state: overlay mode, drag disabled, window buttons hidden, title bar hidden
[2019.02.28-17.24.24:546][  0]LogCollectionManager: Loaded 0 collections in 0.004100 seconds
[2019.02.28-17.24.24:595][  0]LogFileCache: Scanning file cache for directory 'D:/Humber/Semester 4/Game 260_Game Production/RacingGame/Game260Development/Resources/VehicleMovement/Saved/Collections/' took 0.02s
[2019.02.28-17.24.24:595][  0]LogFileCache: Scanning file cache for directory 'D:/Humber/Semester 4/Game 260_Game Production/RacingGame/Game260Development/Resources/VehicleMovement/Content/Developers/sufus/Collections/' took 0.00s
[2019.02.28-17.24.24:595][  0]LogFileCache: Scanning file cache for directory 'D:/Humber/Semester 4/Game 260_Game Production/RacingGame/Game260Development/Resources/VehicleMovement/Content/Collections/' took 0.00s
[2019.02.28-17.24.24:595][  0]LogCollectionManager: Rebuilt the GUID cache for 0 collections in 0.000000 seconds
[2019.02.28-17.24.24:613][  0]LogContentBrowser: Native class hierarchy populated in 0.0161 seconds. Added 2586 classes and 609 folders.
[2019.02.28-17.24.24:632][  0]LogContentBrowser: Native class hierarchy updated for 'WidgetCarousel' in 0.0009 seconds. Added 0 classes and 0 folders.
[2019.02.28-17.24.25:098][  0]LogContentBrowser: Native class hierarchy updated for 'AddContentDialog' in 0.0011 seconds. Added 0 classes and 0 folders.
[2019.02.28-17.24.25:120][  0]LogContentBrowser: Native class hierarchy updated for 'SceneOutliner' in 0.0009 seconds. Added 1 classes and 2 folders.
[2019.02.28-17.24.25:238][  0]LogContentBrowser: Native class hierarchy updated for 'HierarchicalLODOutliner' in 0.0009 seconds. Added 0 classes and 0 folders.
[2019.02.28-17.24.25:238][  0]LogLoad: (Engine Initialization) Total time: 27.86 seconds
[2019.02.28-17.24.25:238][  0]LogLoad: (Engine Initialization) Total Blueprint compile time: 0.00 seconds
[2019.02.28-17.24.25:269][  0]LogRawInputWindows: Warning: Found device 0 devices
[2019.02.28-17.24.25:269][  0]LogRawInputWindows: Warning: Found device 0 devices
[2019.02.28-17.24.25:269][  0]LogRawInputWindows: Warning: Device was registered succesfully but not connected (Usage:4 UsagePage:1)
[2019.02.28-17.24.25:270][  0]LogRawInputWindows: Warning: Found device 1 devices
[2019.02.28-17.24.25:270][  0]LogRawInputWindows: Warning: Device was registered succesfully but not connected (Usage:5 UsagePage:1)
[2019.02.28-17.24.25:300][  0]LogContentStreaming: Texture pool size now 1000 MB
[2019.02.28-17.24.25:311][  0]LogSlate: Took 0.006146 seconds to synchronously load lazily loaded font '../../../Engine/Content/Slate/Fonts/Roboto-Regular.ttf' (155K)
[2019.02.28-17.24.25:322][  0]LogSlate: Took 0.005672 seconds to synchronously load lazily loaded font '../../../Engine/Content/Slate/Fonts/Roboto-Bold.ttf' (160K)
[2019.02.28-17.24.25:332][  0]LogSlate: Took 0.007045 seconds to synchronously load lazily loaded font '../../../Engine/Content/Editor/Slate/Fonts/FontAwesome.ttf' (139K)
[2019.02.28-17.24.25:339][  0]LogSlate: Took 0.005694 seconds to synchronously load lazily loaded font '../../../Engine/Content/Slate/Fonts/DroidSansMono.ttf' (77K)
[2019.02.28-17.24.25:533][  1]LogRenderer: Reallocating scene render targets to support 1168x464 Format 10 NumSamples 1 (Frame:1).
[2019.02.28-17.24.25:551][  1]LogAssetRegistry: Asset discovery search completed in 13.7279 seconds
[2019.02.28-17.24.25:555][  1]LogCollectionManager: Rebuilt the object cache for 0 collections in 0.000000 seconds (found 0 objects)
[2019.02.28-17.24.25:555][  1]LogCollectionManager: Fixed up redirectors for 0 collections in 0.000360 seconds (updated 0 objects)
[2019.02.28-17.24.31:575][343]LogRenderer: Reallocating scene render targets to support 1168x544 Format 10 NumSamples 1 (Frame:345).
[2019.02.28-17.24.32:881][392]LogRenderer: Reallocating scene render targets to support 1284x560 Format 10 NumSamples 1 (Frame:401).
[2019.02.28-17.25.04:565][289]LogSlate: FSceneViewport::OnFocusLost() reason 0
[2019.02.28-17.25.04:587][289]LogSlate: Took 0.005346 seconds to synchronously load lazily loaded font '../../../Engine/Content/Slate/Fonts/Roboto-Light.ttf' (167K)
[2019.02.28-17.25.08:844][528]LogSlate: Took 0.000269 seconds to synchronously load lazily loaded font '../../../Engine/Content/Slate/Fonts/Roboto-Light.ttf' (167K)
[2019.02.28-17.25.08:859][528]LogAssetEditorManager: Opening Asset editor for Blueprint /Game/BluePrint/MyAVehiclePawn.MyAVehiclePawn
[2019.02.28-17.25.09:532][528]LogContentBrowser: Native class hierarchy updated for 'BlueprintGraph' in 0.0012 seconds. Added 116 classes and 0 folders.
[2019.02.28-17.25.10:468][528]LogSlate: Took 0.006369 seconds to synchronously load lazily loaded font '../../../Engine/Content/Slate/Fonts/Roboto-BoldCondensed.ttf' (158K)
[2019.02.28-17.25.12:534][620]LogSlate: Took 0.006481 seconds to synchronously load lazily loaded font '../../../Engine/Content/Slate/Fonts/Roboto-Italic.ttf' (157K)
[2019.02.28-17.25.13:733][689]LogRenderer: Reallocating scene render targets to support 1284x728 Format 10 NumSamples 1 (Frame:1).
[2019.02.28-17.26.01:084][401]LogSlate: FSceneViewport::OnFocusLost() reason 0
[2019.02.28-17.26.05:726][666]LogTemp: Repeating last play command: Selected Viewport
[2019.02.28-17.26.05:753][666]LogBlueprintUserMessages: Early PlayInEditor Detection: Level '/Game/VehicleCPP/Maps/VehicleExampleMap.VehicleExampleMap:PersistentLevel' has LevelScriptBlueprint '/Game/VehicleCPP/Maps/VehicleExampleMap.VehicleExampleMap:PersistentLevel.VehicleExampleMap' with GeneratedClass '/Game/VehicleCPP/Maps/VehicleExampleMap.VehicleExampleMap_C' with ClassGeneratedBy '/Game/VehicleCPP/Maps/VehicleExampleMap.VehicleExampleMap:PersistentLevel.VehicleExampleMap'
[2019.02.28-17.26.05:756][666]BlueprintLog: New page: Pre-Play auto-recompile
[2019.02.28-17.26.05:764][666]LogPlayLevel: [PlayLevel] Compiling MyAVehiclePawn before play...
[2019.02.28-17.26.05:998][666]LogPlayLevel: PlayLevel: Blueprint regeneration took 241 ms (1 blueprints)
[2019.02.28-17.26.06:023][666]PIE: New page: PIE session: VehicleExampleMap (Feb 28, 2019, 7:26:06 AM)
[2019.02.28-17.26.06:024][666]LogPlayLevel: Creating play world package: /Game/VehicleCPP/Maps/UEDPIE_0_VehicleExampleMap
[2019.02.28-17.26.06:053][666]LogPlayLevel: PIE: StaticDuplicateObject took: (0.028983s)
[2019.02.28-17.26.06:054][666]LogAIModule: Creating AISystem for world VehicleExampleMap
[2019.02.28-17.26.06:055][666]LogPlayLevel: PIE: World Init took: (0.001387s)
[2019.02.28-17.26.06:056][666]LogPlayLevel: PIE: Created PIE world by copying editor world from /Game/VehicleCPP/Maps/VehicleExampleMap.VehicleExampleMap to /Game/VehicleCPP/Maps/UEDPIE_0_VehicleExampleMap.VehicleExampleMap (0.031897s)
[2019.02.28-17.26.06:107][666]LogInit: XAudio2 using 'Speakers (Realtek High Definition Audio)' : 2 channels at 48 kHz using 32 bits per sample (channel mask 0x3)
[2019.02.28-17.26.06:148][666]LogInit: FAudioDevice initialized.
[2019.02.28-17.26.06:253][666]LogLoad: Game class is 'VehicleMovementGameMode'
[2019.02.28-17.26.06:289][666]PIE: Warning: Invalid Simulate Options: Body (MyAVehiclePawn_2.SkeletalMesh Sedan_SkelMesh) is set to simulate physics but Collision Enabled is incompatible
[2019.02.28-17.26.06:290][666]LogWorld: Bringing World /Game/VehicleCPP/Maps/UEDPIE_0_VehicleExampleMap.VehicleExampleMap up for play (max tick rate 60) at 2019.02.28-12.26.06
[2019.02.28-17.26.06:295][666]LogWorld: Bringing up level for play took: 0.012985
[2019.02.28-17.26.06:344][666]LogContentBrowser: Native class hierarchy updated for 'MovieSceneCapture' in 0.0015 seconds. Added 10 classes and 0 folders.
[2019.02.28-17.26.06:348][666]PIE: Play in editor start time for /Game/VehicleCPP/Maps/UEDPIE_0_VehicleExampleMap -0.324
[2019.02.28-17.26.06:349][666]LogBlueprintUserMessages: Late PlayInEditor Detection: Level '/Game/VehicleCPP/Maps/VehicleExampleMap.VehicleExampleMap:PersistentLevel' has LevelScriptBlueprint '/Game/VehicleCPP/Maps/VehicleExampleMap.VehicleExampleMap:PersistentLevel.VehicleExampleMap' with GeneratedClass '/Game/VehicleCPP/Maps/VehicleExampleMap.VehicleExampleMap_C' with ClassGeneratedBy '/Game/VehicleCPP/Maps/VehicleExampleMap.VehicleExampleMap:PersistentLevel.VehicleExampleMap'
[2019.02.28-17.26.08:283][766]LogBlueprintUserMessages: Early EndPlayMap Detection: Level '/Game/VehicleCPP/Maps/VehicleExampleMap.VehicleExampleMap:PersistentLevel' has LevelScriptBlueprint '/Game/VehicleCPP/Maps/VehicleExampleMap.VehicleExampleMap:PersistentLevel.VehicleExampleMap' with GeneratedClass '/Game/VehicleCPP/Maps/VehicleExampleMap.VehicleExampleMap_C' with ClassGeneratedBy '/Game/VehicleCPP/Maps/VehicleExampleMap.VehicleExampleMap:PersistentLevel.VehicleExampleMap'
[2019.02.28-17.26.08:286][766]LogSlate: Updating window title bar state: overlay mode, drag disabled, window buttons hidden, title bar hidden
[2019.02.28-17.26.08:342][766]LogPlayLevel: Display: Shutting down PIE online subsystems
[2019.02.28-17.26.08:343][766]LogBlueprintUserMessages: Late EndPlayMap Detection: Level '/Game/VehicleCPP/Maps/VehicleExampleMap.VehicleExampleMap:PersistentLevel' has LevelScriptBlueprint '/Game/VehicleCPP/Maps/VehicleExampleMap.VehicleExampleMap:PersistentLevel.VehicleExampleMap' with GeneratedClass '/Game/VehicleCPP/Maps/VehicleExampleMap.VehicleExampleMap_C' with ClassGeneratedBy '/Game/VehicleCPP/Maps/VehicleExampleMap.VehicleExampleMap:PersistentLevel.VehicleExampleMap'
[2019.02.28-17.26.08:388][766]LogSlate: Updating window title bar state: overlay mode, drag disabled, window buttons hidden, title bar hidden
[2019.02.28-17.26.08:419][767]LogPlayLevel: Display: Destroying online subsystem :Context_7
[2019.02.28-17.26.22:986][602]LogSlate: FSceneViewport::OnFocusLost() reason 2
[2019.02.28-17.26.31:006][ 70]LogSlate: FSceneViewport::OnFocusLost() reason 0
[2019.02.28-17.26.31:053][ 73]BlueprintLog: New page: Compile MyAVehiclePawn
[2019.02.28-17.26.37:087][411]LogSlate: FSceneViewport::OnFocusLost() reason 0
[2019.02.28-17.26.38:712][496]LogSlate: Window 'MyAVehiclePawn*' being destroyed
[2019.02.28-17.26.38:716][496]LogSlate: Window 'MyAVehiclePawn*' being destroyed
