Log file open, 04/02/19 13:56:59
LogWindows: Failed to load 'aqProf.dll' (GetLastError=126)
LogWindows: File 'aqProf.dll' does not exist
LogWindows: Failed to load 'VSPerf140.dll' (GetLastError=126)
LogWindows: File 'VSPerf140.dll' does not exist
LogWindows: Failed to load 'VtuneApi.dll' (GetLastError=126)
LogWindows: File 'VtuneApi.dll' does not exist
LogWindows: Failed to load 'VtuneApi32e.dll' (GetLastError=126)
LogWindows: File 'VtuneApi32e.dll' does not exist
LogInit: Display: Running engine for game: VehicleMovement
LogPlatformFile: Not using cached read wrapper
LogTaskGraph: Started task graph with 5 named threads and 23 total threads with 3 sets of task threads.
LogStats: Stats thread started at 0.266006
LogD3D11RHI: Loaded GFSDK_Aftermath_Lib.x64.dll
LogICUInternationalization: Display: ICU TimeZone Detection - Raw Offset: -5:00, Platform Override: ''
LogPluginManager: Mounting plugin Paper2D
LogPluginManager: Mounting plugin AISupport
LogPluginManager: Mounting plugin LightPropagationVolume
LogPluginManager: Mounting plugin CLionSourceCodeAccess
LogPluginManager: Mounting plugin CodeLiteSourceCodeAccess
LogPluginManager: Mounting plugin GitSourceControl
LogPluginManager: Mounting plugin KDevelopSourceCodeAccess
LogPluginManager: Mounting plugin NullSourceCodeAccess
LogPluginManager: Mounting plugin PerforceSourceControl
LogPluginManager: Mounting plugin SubversionSourceControl
LogPluginManager: Mounting plugin UObjectPlugin
LogPluginManager: Mounting plugin VisualStudioCodeSourceCodeAccess
LogPluginManager: Mounting plugin VisualStudioSourceCodeAccess
LogPluginManager: Mounting plugin XCodeSourceCodeAccess
LogPluginManager: Mounting plugin AssetManagerEditor
LogPluginManager: Mounting plugin CryptoKeys
LogPluginManager: Mounting plugin DataValidation
LogPluginManager: Mounting plugin FacialAnimation
LogPluginManager: Mounting plugin GameplayTagsEditor
LogPluginManager: Mounting plugin MacGraphicsSwitching
LogPluginManager: Mounting plugin MeshEditor
LogPluginManager: Mounting plugin MobileLauncherProfileWizard
LogPluginManager: Mounting plugin PluginBrowser
LogPluginManager: Mounting plugin SpeedTreeImporter
LogPluginManager: Mounting plugin DatasmithContent
LogPluginManager: Mounting plugin AlembicImporter
LogPluginManager: Mounting plugin AppleImageUtils
LogPluginManager: Mounting plugin AppleVision
LogPluginManager: Mounting plugin BackChannel
LogPluginManager: Mounting plugin CharacterAI
LogPluginManager: Mounting plugin GeometryCache
LogPluginManager: Mounting plugin HTML5Networking
LogPluginManager: Mounting plugin ProxyLODPlugin
LogPluginManager: Mounting plugin RawInput
LogPluginManager: Mounting plugin MagicLeap
LogPluginManager: Mounting plugin MagicLeapEmulator
LogPluginManager: Mounting plugin MagicLeapMedia
LogPluginManager: Mounting plugin AndroidMedia
LogPluginManager: Mounting plugin AvfMedia
LogPluginManager: Mounting plugin ImgMedia
LogPluginManager: Mounting plugin LinearTimecode
LogPluginManager: Mounting plugin MediaCompositing
LogPluginManager: Mounting plugin MediaPlayerEditor
LogPluginManager: Mounting plugin WmfMedia
LogPluginManager: Mounting plugin TcpMessaging
LogPluginManager: Mounting plugin UdpMessaging
LogPluginManager: Mounting plugin ActorSequence
LogPluginManager: Mounting plugin LevelSequenceEditor
LogPluginManager: Mounting plugin MatineeToLevelSequence
LogPluginManager: Mounting plugin NetcodeUnitTest
LogPluginManager: Mounting plugin NUTUnrealEngine4
LogPluginManager: Mounting plugin OnlineSubsystemGooglePlay
LogPluginManager: Mounting plugin OnlineSubsystemIOS
LogPluginManager: Mounting plugin OnlineSubsystem
LogPluginManager: Mounting plugin OnlineSubsystemNull
LogPluginManager: Mounting plugin OnlineSubsystemSteam
LogPluginManager: Mounting plugin OnlineSubsystemUtils
LogPluginManager: Mounting plugin LauncherChunkInstaller
LogPluginManager: Mounting plugin AndroidDeviceProfileSelector
LogPluginManager: Mounting plugin AndroidMoviePlayer
LogPluginManager: Mounting plugin AndroidPermission
LogPluginManager: Mounting plugin AppleMoviePlayer
LogPluginManager: Mounting plugin ArchVisCharacter
LogPluginManager: Mounting plugin AudioCapture
LogPluginManager: Mounting plugin CableComponent
LogPluginManager: Mounting plugin CustomMeshComponent
LogPluginManager: Mounting plugin EditableMesh
LogPluginManager: Mounting plugin ExampleDeviceProfileSelector
LogPluginManager: Mounting plugin GoogleCloudMessaging
LogPluginManager: Mounting plugin ImmediatePhysics
LogPluginManager: Mounting plugin IOSDeviceProfileSelector
LogPluginManager: Mounting plugin LinuxDeviceProfileSelector
LogPluginManager: Mounting plugin LocationServicesBPLibrary
LogPluginManager: Mounting plugin MobilePatchingUtils
LogPluginManager: Mounting plugin OculusVR
LogPluginManager: Plugin shader directory ../../../Engine/Plugins/Runtime/Oculus/OculusVR/Shaders found
LogPluginManager: Mapping shader source directory ../../../Engine/Plugins/Runtime/Oculus/OculusVR/Shaders to virtual directory /Plugin/OculusVR
LogPluginManager: Mounting plugin PhysXVehicles
LogPluginManager: Mounting plugin ProceduralMeshComponent
LogPluginManager: Mounting plugin RuntimePhysXCooking
LogPluginManager: Mounting plugin SteamVR
LogPluginManager: Mounting plugin WindowsMoviePlayer
LogPluginManager: Mounting plugin AdvancedSessions
LogPluginManager: Mounting plugin AdvancedSteamSessions
LogStreaming: Display: Took  0.101s to configure plugins.
LogInit: Warning: Incompatible or missing module: VehicleMovement
Running C:/Program Files/Epic Games/UE_4.20/Engine/Binaries/DotNET/UnrealBuildTool.exe Development Win64 -Project="C:/Users/JF/Documents/GitHub/Game260Development/Resources/NetworkKartGame/VehicleMovement.uproject" -TargetType=Editor -Progress -NoHotReloadFromIDE
Creating makefile for VehicleMovementEditor (no existing makefile)
Performing full C++ include scan (no include cache file)
Using Visual Studio 2017 14.16.27023 toolchain (C:\Program Files (x86)\Microsoft Visual Studio\2017\Community\VC\Tools\MSVC\14.16.27023) and Windows 10.0.17763.0 SDK (C:\Program Files (x86)\Windows Kits\10).
@progress push 5%
Parsing headers for VehicleMovementEditor
  Running UnrealHeaderTool "C:\Users\JF\Documents\GitHub\Game260Development\Resources\NetworkKartGame\VehicleMovement.uproject" "C:\Users\JF\Documents\GitHub\Game260Development\Resources\NetworkKartGame\Intermediate\Build\Win64\VehicleMovementEditor\Development\VehicleMovementEditor.uhtmanifest" -LogCmds="loginit warning, logexit warning, logdatabase error" -Unattended -WarningsAsErrors -installed
Reflection code generated for VehicleMovementEditor in 9.0684997 seconds
@progress pop
Building 42 actions with 8 processes...
  @progress 'Compiling C++ source code...' 0%
  @progress 'Compiling C++ source code...' 2%
  [1/42] PCLaunch.rc
  @progress 'Compiling C++ source code...' 5%
  [2/42] PCLaunch.rc
  @progress 'Compiling C++ source code...' 7%
  [3/42] PCLaunch.rc
  @progress 'Compiling C++ source code...' 10%
  [4/42] SharedPCH.Engine.cpp
  @progress 'Compiling C++ source code...' 12%
  [5/42] KartVehiclePawn.gen.cpp
  @progress 'Compiling C++ source code...' 14%
  [6/42] PawnStat.gen.cpp
  @progress 'Compiling C++ source code...' 17%
  [7/42] CarStat.gen.cpp
  @progress 'Compiling C++ source code...' 19%
  [8/42] PawnStatMod.gen.cpp
  @progress 'Compiling C++ source code...' 21%
  [9/42] MultiplayerTemplateGameMode.gen.cpp
  @progress 'Compiling C++ source code...' 24%
  [10/42] TriggerableItem.cpp
  @progress 'Compiling C++ source code...' 26%
  [11/42] PawnStatComponent.gen.cpp
  @progress 'Compiling C++ source code...' 29%
  [12/42] VehicleMovement.init.gen.cpp
  @progress 'Compiling C++ source code...' 31%
  [13/42] VehicleMovementWheelRear.cpp
  @progress 'Compiling C++ source code...' 33%
  [14/42] TriggerableItem.gen.cpp
  @progress 'Compiling C++ source code...' 36%
  [15/42] VehicleMovementPawn.gen.cpp
  @progress 'Compiling C++ source code...' 38%
  [16/42] VehicleMovementGameMode.gen.cpp
  @progress 'Compiling C++ source code...' 40%
  [17/42] VehicleMovementWheelFront.gen.cpp
  @progress 'Compiling C++ source code...' 43%
  [18/42] VehicleMovementHud.gen.cpp
  @progress 'Compiling C++ source code...' 45%
  [19/42] VehicleMovementWheelFront.cpp
  @progress 'Compiling C++ source code...' 48%
  [20/42] VehicleMovement.cpp
  @progress 'Compiling C++ source code...' 50%
  [21/42] VehicleMovementWheelRear.gen.cpp
  @progress 'Compiling C++ source code...' 52%
  [22/42] VehicleMovementGameMode.cpp
  @progress 'Compiling C++ source code...' 55%
  [23/42] SpeedCapMod.gen.cpp
  @progress 'Compiling C++ source code...' 57%
  [24/42] CarStat.cpp
  @progress 'Compiling C++ source code...' 60%
  [25/42] SpeedCapMod.cpp
  @progress 'Compiling C++ source code...' 62%
  [26/42] PawnStatMod.cpp
  @progress 'Compiling C++ source code...' 64%
  [27/42] VehicleMovementHud.cpp
  @progress 'Compiling C++ source code...' 67%
  [28/42] PawnStat.cpp
  @progress 'Compiling C++ source code...' 69%
  [29/42] MultiplayerTemplateGameMode.cpp
  @progress 'Compiling C++ source code...' 71%
  [30/42] PawnStatComponent.cpp
  @progress 'Compiling C++ source code...' 74%
  [31/42] KartVehiclePawn.cpp
  C:\Users\JF\Documents\GitHub\Game260Development\Resources\NetworkKartGame\Source\VehicleMovement\KartVehiclePawn.cpp(350): warning C4996: 'UTextRenderComponent::SetText': Passing text as FString is deprecated, please use FText instead (likely via a LOCTEXT). Please update your code to the new API before upgrading to the next release, otherwise your project will no longer compile.
  C:\Program Files\Epic Games\UE_4.20\Engine\Source\Runtime\Engine\Classes\Components/TextRenderComponent.h(108): note: see declaration of 'UTextRenderComponent::SetText'
  @progress 'Compiling C++ source code...' 76%
  [32/42] VehicleMovementPawn.cpp
  @progress 'Compiling C++ source code...' 79%
  [33/42] UE4Editor-VehicleMovement.lib
     Creating library C:\Users\JF\Documents\GitHub\Game260Development\Resources\NetworkKartGame\Intermediate\Build\Win64\UE4Editor\Development\VehicleMovement\UE4Editor-VehicleMovement.lib and object C:\Users\JF\Documents\GitHub\Game260Development\Resources\NetworkKartGame\Intermediate\Build\Win64\UE4Editor\Development\VehicleMovement\UE4Editor-VehicleMovement.exp
  @progress 'Compiling C++ source code...' 81%
  [34/42] UE4Editor-VehicleMovement.dll
     Creating library C:\Users\JF\Documents\GitHub\Game260Development\Resources\NetworkKartGame\Intermediate\Build\Win64\UE4Editor\Development\VehicleMovement\UE4Editor-VehicleMovement.suppressed.lib and object C:\Users\JF\Documents\GitHub\Game260Development\Resources\NetworkKartGame\Intermediate\Build\Win64\UE4Editor\Development\VehicleMovement\UE4Editor-VehicleMovement.suppressed.exp
  @progress 'Compiling C++ source code...' 83%
  [35/42] Module.AdvancedSessions.gen.cpp
  @progress 'Compiling C++ source code...' 86%
  [36/42] Module.AdvancedSteamSessions.cpp
  @progress 'Compiling C++ source code...' 88%
  [37/42] Module.AdvancedSteamSessions.gen.cpp
  @progress 'Compiling C++ source code...' 90%
  [38/42] UE4Editor-AdvancedSteamSessions.lib
     Creating library C:\Users\JF\Documents\GitHub\Game260Development\Resources\NetworkKartGame\Plugins\AdvancedSessions\AdvancedSteamSessions\Intermediate\Build\Win64\UE4Editor\Development\AdvancedSteamSessions\UE4Editor-AdvancedSteamSessions.lib and object C:\Users\JF\Documents\GitHub\Game260Development\Resources\NetworkKartGame\Plugins\AdvancedSessions\AdvancedSteamSessions\Intermediate\Build\Win64\UE4Editor\Development\AdvancedSteamSessions\UE4Editor-AdvancedSteamSessions.exp
  @progress 'Compiling C++ source code...' 93%
  [39/42] Module.AdvancedSessions.cpp
  @progress 'Compiling C++ source code...' 95%
  [40/42] UE4Editor-AdvancedSessions.lib
     Creating library C:\Users\JF\Documents\GitHub\Game260Development\Resources\NetworkKartGame\Plugins\AdvancedSessions\AdvancedSessions\Intermediate\Build\Win64\UE4Editor\Development\AdvancedSessions\UE4Editor-AdvancedSessions.lib and object C:\Users\JF\Documents\GitHub\Game260Development\Resources\NetworkKartGame\Plugins\AdvancedSessions\AdvancedSessions\Intermediate\Build\Win64\UE4Editor\Development\AdvancedSessions\UE4Editor-AdvancedSessions.exp
  @progress 'Compiling C++ source code...' 98%
  [41/42] UE4Editor-AdvancedSessions.dll
     Creating library C:\Users\JF\Documents\GitHub\Game260Development\Resources\NetworkKartGame\Plugins\AdvancedSessions\AdvancedSessions\Intermediate\Build\Win64\UE4Editor\Development\AdvancedSessions\UE4Editor-AdvancedSessions.suppressed.lib and object C:\Users\JF\Documents\GitHub\Game260Development\Resources\NetworkKartGame\Plugins\AdvancedSessions\AdvancedSessions\Intermediate\Build\Win64\UE4Editor\Development\AdvancedSessions\UE4Editor-AdvancedSessions.suppressed.exp
  @progress 'Compiling C++ source code...' 100%
  [42/42] UE4Editor-AdvancedSteamSessions.dll
     Creating library C:\Users\JF\Documents\GitHub\Game260Development\Resources\NetworkKartGame\Plugins\AdvancedSessions\AdvancedSteamSessions\Intermediate\Build\Win64\UE4Editor\Development\AdvancedSteamSessions\UE4Editor-AdvancedSteamSessions.suppressed.lib and object C:\Users\JF\Documents\GitHub\Game260Development\Resources\NetworkKartGame\Plugins\AdvancedSessions\AdvancedSteamSessions\Intermediate\Build\Win64\UE4Editor\Development\AdvancedSteamSessions\UE4Editor-AdvancedSteamSessions.suppressed.exp
Total build time: 71.36 seconds (Parallel executor: 30.98 seconds)
LogInit: Using libcurl 7.55.1-DEV
LogInit:  - built for x86_64-pc-win32
LogInit:  - supports SSL with OpenSSL/1.0.2h
LogInit:  - supports HTTP deflate (compression) using libz 1.2.8
LogInit:  - other features:
LogInit:      CURL_VERSION_SSL
LogInit:      CURL_VERSION_LIBZ
LogInit:      CURL_VERSION_IPV6
LogInit:      CURL_VERSION_ASYNCHDNS
LogInit:      CURL_VERSION_LARGEFILE
LogInit:      CURL_VERSION_IDN
LogInit:  CurlRequestOptions (configurable via config and command line):
LogInit:  - bVerifyPeer = false  - Libcurl will NOT verify peer certificate
LogInit:  - bUseHttpProxy = false  - Libcurl will NOT use HTTP proxy
LogInit:  - bDontReuseConnections = false  - Libcurl will reuse connections
LogInit:  - CertBundlePath = nullptr  - Libcurl will use whatever was configured at build time.
LogInit:  - MaxHostConnections = 16  - Libcurl will limit the number of connections to a host
LogInit:  - LocalHostAddr = Default
LogInit:  - BufferSize = 65536
LogOnline: Display: STEAM: Loading Steam SDK 1.39
LogOnline: Warning: STEAM: Steam API disabled!
LogOnline: Display: STEAM: OnlineSubsystemSteam::Shutdown()
LogInit: WinSock: version 1.1 (2.2), MaxSocks=32767, MaxUdp=65467
LogInit: Build: ++UE4+Release-4.20-CL-4369336
LogInit: Engine Version: 4.20.3-4369336+++UE4+Release-4.20
LogInit: Compatible Engine Version: 4.20.0-4212847+++UE4+Release-4.20
LogInit: Net CL: 4212847
LogInit: OS: Windows 10 (), CPU: Intel(R) Core(TM) i7-7820HK CPU @ 2.90GHz, GPU: NVIDIA GeForce GTX 1070
LogInit: Compiled (64-bit): Sep 17 2018 12:26:19
LogInit: Compiled with Visual C++: 19.13.26129.00
LogInit: Build Configuration: Development
LogInit: Branch Name: ++UE4+Release-4.20
LogInit: Command Line:  
LogInit: Base Directory: C:/Program Files/Epic Games/UE_4.20/Engine/Binaries/Win64/
LogInit: Installed Engine Build: 1
LogDevObjectVersion: Number of dev versions registered: 20
LogDevObjectVersion:   Dev-Blueprints (B0D832E4-1F89-4F0D-ACCF-7EB736FD4AA2): 10
LogDevObjectVersion:   Dev-Build (E1C64328-A22C-4D53-A36C-8E866417BD8C): 0
LogDevObjectVersion:   Dev-Core (375EC13C-06E4-48FB-B500-84F0262A717E): 2
LogDevObjectVersion:   Dev-Editor (E4B068ED-F494-42E9-A231-DA0B2E46BB41): 24
LogDevObjectVersion:   Dev-Framework (CFFC743F-43B0-4480-9391-14DF171D2073): 34
LogDevObjectVersion:   Dev-Mobile (B02B49B5-BB20-44E9-A304-32B752E40360): 2
LogDevObjectVersion:   Dev-Networking (A4E4105C-59A1-49B5-A7C5-40C4547EDFEE): 0
LogDevObjectVersion:   Dev-Online (39C831C9-5AE6-47DC-9A44-9C173E1C8E7C): 0
LogDevObjectVersion:   Dev-Physics (78F01B33-EBEA-4F98-B9B4-84EACCB95AA2): 0
LogDevObjectVersion:   Dev-Platform (6631380F-2D4D-43E0-8009-CF276956A95A): 0
LogDevObjectVersion:   Dev-Rendering (12F88B9F-8875-4AFC-A67C-D90C383ABD29): 26
LogDevObjectVersion:   Dev-Sequencer (7B5AE74C-D270-4C10-A958-57980B212A5A): 9
LogDevObjectVersion:   Dev-VR (D7296918-1DD6-4BDD-9DE2-64A83CC13884): 2
LogDevObjectVersion:   Dev-LoadTimes (C2A15278-BFE7-4AFE-6C17-90FF531DF755): 1
LogDevObjectVersion:   Private-Geometry (6EACA3D4-40EC-4CC1-B786-8BED09428FC5): 3
LogDevObjectVersion:   Dev-AnimPhys (29E575DD-E0A3-4627-9D10-D276232CDCEA): 17
LogDevObjectVersion:   Dev-ReflectionCapture (6B266CEC-1EC7-4B8F-A30B-E4D90942FC07): 1
LogDevObjectVersion:   Dev-Automation (0DF73D61-A23F-47EA-B727-89E90C41499A): 1
LogDevObjectVersion:   FortniteMain (601D1886-AC64-4F84-AA16-D3DE0DEAC7D6): 12
LogDevObjectVersion:   Dev-Enterprise (9DFFBCD6-494F-0158-E221-12823C92A888): 1
LogStreaming: Display: Took  0.002s to delete old logs.
LogInit: Presizing for max 8388607 objects, including 0 objects not considered by GC, pre-allocating 0 bytes for permanent pool.
LogInit: Object subsystem initialized
[2019.04.02-17.58.20:676][  0]LogInit: Selected Device Profile: [Windows]
[2019.04.02-17.58.20:676][  0]LogInit: Applying CVar settings loaded from the selected device profile: [Windows]
[2019.04.02-17.58.20:686][  0]LogHAL: Display: Platform has ~ 16 GB [17046573056 / 17179869184 / 16], which maps to Larger [LargestMinGB=32, LargerMinGB=12, DefaultMinGB=8, SmallerMinGB=6, SmallestMinGB=0)
[2019.04.02-17.58.20:686][  0]LogInit: Setting Device Profile CVar: [[r.Vulkan.UseRealUBs:1]]
[2019.04.02-17.58.20:686][  0]LogInit: Going up to parent DeviceProfile []
[2019.04.02-17.58.20:686][  0]LogInit: Computer: DESKTOP-F5MDPNI
[2019.04.02-17.58.20:686][  0]LogInit: User: JF
[2019.04.02-17.58.20:686][  0]LogInit: CPU Page size=4096, Cores=4
[2019.04.02-17.58.20:686][  0]LogInit: High frequency timer resolution =10.000000 MHz
[2019.04.02-17.58.20:686][  0]LogMemory: Memory total: Physical=15.9GB (16GB approx)
[2019.04.02-17.58.20:686][  0]LogMemory: Platform Memory Stats for Windows
[2019.04.02-17.58.20:686][  0]LogMemory: Process Physical Memory: 104.11 MB used, 104.11 MB peak
[2019.04.02-17.58.20:686][  0]LogMemory: Process Virtual Memory: 91.40 MB used, 91.40 MB peak
[2019.04.02-17.58.20:686][  0]LogMemory: Physical Memory: 6037.89 MB used,  10218.98 MB free, 16256.88 MB total
[2019.04.02-17.58.20:686][  0]LogMemory: Virtual Memory: 4684.83 MB used,  10218.98 MB free, 134217728.00 MB total
[2019.04.02-17.58.20:702][  0]LogInit: Using OS detected language (en-US).
[2019.04.02-17.58.20:702][  0]LogInit: Using OS detected locale (en-US).
[2019.04.02-17.58.20:703][  0]LogTextLocalizationManager: No specific localization for 'en-US' exists, so the 'en' localization will be used.
[2019.04.02-17.58.21:006][  0]LogStreaming: Display: Took  0.305s to InitEngineTextLocalization.
[2019.04.02-17.58.21:006][  0]LogInit: Setting process to per monitor DPI aware
[2019.04.02-17.58.21:047][  0]LogSlate: New Slate User Created.  User Index 0, Is Virtual User: 0
[2019.04.02-17.58.21:047][  0]LogSlate: Slate User Registered.  User Index 0, Is Virtual User: 0
[2019.04.02-17.58.21:224][  0]LogHMD: Failed to initialize OpenVR with code 110
[2019.04.02-17.58.21:224][  0]LogD3D11RHI: D3D11 adapters:
[2019.04.02-17.58.21:267][  0]LogD3D11RHI:    0. 'NVIDIA GeForce GTX 1070' (Feature Level 11_0)
[2019.04.02-17.58.21:267][  0]LogD3D11RHI:       8081/0/8128 MB DedicatedVideo/DedicatedSystem/SharedSystem, Outputs:1, VendorId:0x10de
[2019.04.02-17.58.21:277][  0]LogD3D11RHI:    1. 'Intel(R) HD Graphics 630' (Feature Level 11_0)
[2019.04.02-17.58.21:277][  0]LogD3D11RHI:       128/0/8128 MB DedicatedVideo/DedicatedSystem/SharedSystem, Outputs:0, VendorId:0x8086
[2019.04.02-17.58.21:278][  0]LogD3D11RHI:    2. 'Microsoft Basic Render Driver' (Feature Level 11_0)
[2019.04.02-17.58.21:278][  0]LogD3D11RHI:       0/0/8128 MB DedicatedVideo/DedicatedSystem/SharedSystem, Outputs:0, VendorId:0x1414
[2019.04.02-17.58.21:278][  0]LogD3D11RHI: Chosen D3D11 Adapter: 0
[2019.04.02-17.58.21:284][  0]LogD3D11RHI: Creating new Direct3DDevice
[2019.04.02-17.58.21:284][  0]LogD3D11RHI:     GPU DeviceId: 0x1be1 (for the marketing name, search the web for "GPU Device Id")
[2019.04.02-17.58.21:284][  0]LogWindows: EnumDisplayDevices:
[2019.04.02-17.58.21:284][  0]LogWindows:    0. 'NVIDIA GeForce GTX 1070' (P:1 D:1)
[2019.04.02-17.58.21:284][  0]LogWindows:    1. 'NVIDIA GeForce GTX 1070' (P:0 D:0)
[2019.04.02-17.58.21:285][  0]LogWindows:    2. 'NVIDIA GeForce GTX 1070' (P:0 D:0)
[2019.04.02-17.58.21:285][  0]LogWindows:    3. 'NVIDIA GeForce GTX 1070' (P:0 D:0)
[2019.04.02-17.58.21:285][  0]LogWindows:    4. 'Intel(R) HD Graphics 630' (P:0 D:0)
[2019.04.02-17.58.21:285][  0]LogWindows:    5. 'Intel(R) HD Graphics 630' (P:0 D:0)
[2019.04.02-17.58.21:285][  0]LogWindows:    6. 'Intel(R) HD Graphics 630' (P:0 D:0)
[2019.04.02-17.58.21:286][  0]LogWindows: DebugString: PrimaryIsNotTheChoosenAdapter PrimaryIsNotTheChoosenAdapter PrimaryIsNotTheChoosenAdapter FoundDriverCount:4 
[2019.04.02-17.58.21:286][  0]LogD3D11RHI:     Adapter Name: NVIDIA GeForce GTX 1070
[2019.04.02-17.58.21:286][  0]LogD3D11RHI:   Driver Version: 419.35 (internal:25.21.14.1935, unified:419.35)
[2019.04.02-17.58.21:286][  0]LogD3D11RHI:      Driver Date: 3-1-2019
[2019.04.02-17.58.21:286][  0]LogRHI: Texture pool is 5656 MB (70% of 8081 MB)
[2019.04.02-17.58.21:317][  0]LogD3D11RHI: Async texture creation enabled
[2019.04.02-17.58.21:327][  0]LogD3D11RHI: GPU Timing Frequency: 1000.000000 (Debug: 2 1)
[2019.04.02-17.58.21:371][  0]LogShaderCompilers: Guid format shader working directory is -45 characters bigger than the processId version (../../../../../../Users/JF/Documents/GitHub/Game260Development/Resources/NetworkKartGame/Intermediate/Shaders/WorkingDirectory/1268/).
[2019.04.02-17.58.21:372][  0]LogShaderCompilers: Cleaned the shader compiler working directory 'C:/Users/JF/AppData/Local/Temp/UnrealShaderWorkingDir/CACEC2A54387CE740BAE8FBFF5D781DA/'.
[2019.04.02-17.58.21:605][  0]LogTemp: Display: Loaded TP AllDesktopTargetPlatform
[2019.04.02-17.58.21:615][  0]LogTemp: Display: Loaded TP MacClientTargetPlatform
[2019.04.02-17.58.21:626][  0]LogTemp: Display: Loaded TP MacNoEditorTargetPlatform
[2019.04.02-17.58.21:637][  0]LogTemp: Display: Loaded TP MacServerTargetPlatform
[2019.04.02-17.58.21:648][  0]LogTemp: Display: Loaded TP MacTargetPlatform
[2019.04.02-17.58.21:659][  0]LogTemp: Display: Loaded TP WindowsClientTargetPlatform
[2019.04.02-17.58.21:670][  0]LogTemp: Display: Loaded TP WindowsNoEditorTargetPlatform
[2019.04.02-17.58.21:681][  0]LogTemp: Display: Loaded TP WindowsServerTargetPlatform
[2019.04.02-17.58.21:686][  0]LogTemp: Display: Loaded TP WindowsTargetPlatform
[2019.04.02-17.58.21:754][  0]LogTemp: Display: Loaded TP AndroidTargetPlatform
[2019.04.02-17.58.21:754][  0]LogTemp: Display: Loaded TP AndroidTargetPlatform
[2019.04.02-17.58.21:754][  0]LogTemp: Display: Loaded TP AndroidTargetPlatform
[2019.04.02-17.58.21:754][  0]LogTemp: Display: Loaded TP AndroidTargetPlatform
[2019.04.02-17.58.21:754][  0]LogTemp: Display: Loaded TP AndroidTargetPlatform
[2019.04.02-17.58.21:754][  0]LogTemp: Display: Loaded TP AndroidTargetPlatform
[2019.04.02-17.58.21:754][  0]LogTemp: Display: Loaded TP AndroidTargetPlatform
[2019.04.02-17.58.21:754][  0]LogTemp: Display: Loaded TP AndroidTargetPlatform
[2019.04.02-17.58.21:754][  0]LogTemp: Display: Loaded TP AndroidTargetPlatform
[2019.04.02-17.58.21:754][  0]LogTemp: Display: Loaded TP AndroidTargetPlatform
[2019.04.02-17.58.21:754][  0]LogTemp: Display: Loaded TP AndroidTargetPlatform
[2019.04.02-17.58.21:754][  0]LogTemp: Display: Loaded TP AndroidTargetPlatform
[2019.04.02-17.58.21:754][  0]LogTemp: Display: Loaded TP AndroidTargetPlatform
[2019.04.02-17.58.21:754][  0]LogTemp: Display: Loaded TP AndroidTargetPlatform
[2019.04.02-17.58.21:754][  0]LogTemp: Display: Loaded TP AndroidTargetPlatform
[2019.04.02-17.58.21:754][  0]LogTemp: Display: Loaded TP AndroidTargetPlatform
[2019.04.02-17.58.21:754][  0]LogTemp: Display: Loaded TP AndroidTargetPlatform
[2019.04.02-17.58.21:754][  0]LogTemp: Display: Loaded TP AndroidTargetPlatform
[2019.04.02-17.58.21:755][  0]LogTemp: Display: Loaded TP HTML5TargetPlatform
[2019.04.02-17.58.21:811][  0]LogTemp: Display: Loaded TP IOSTargetPlatform
[2019.04.02-17.58.21:811][  0]LogTemp: Display: Loaded TP IOSTargetPlatform
[2019.04.02-17.58.21:832][  0]LogTemp: Display: Loaded TP TVOSTargetPlatform
[2019.04.02-17.58.21:832][  0]LogTemp: Display: Loaded TP TVOSTargetPlatform
[2019.04.02-17.58.21:847][  0]LogTemp: Display: Loaded TP LinuxClientTargetPlatform
[2019.04.02-17.58.21:860][  0]LogTemp: Display: Loaded TP LinuxNoEditorTargetPlatform
[2019.04.02-17.58.21:872][  0]LogTemp: Display: Loaded TP LinuxServerTargetPlatform
[2019.04.02-17.58.21:884][  0]LogTemp: Display: Loaded TP LinuxTargetPlatform
[2019.04.02-17.58.21:897][  0]LogTemp: Display: Loaded TP LuminTargetPlatform
[2019.04.02-17.58.21:897][  0]LogTargetPlatformManager: Display: Building Assets For Windows
[2019.04.02-17.58.21:945][  0]LogXGEController: Cleaning working directory: C:/Users/JF/AppData/Local/Temp/UnrealXGEWorkingDir/
[2019.04.02-17.58.21:945][  0]LogXGEController: Cannot use XGE Controller as Incredibuild is not installed on this machine.
[2019.04.02-17.58.21:945][  0]LogShaderCompilers: Cannot use XGE Shader Compiler as Incredibuild is not installed on this machine.
[2019.04.02-17.58.21:945][  0]LogShaderCompilers: Display: Using Local Shader Compiler.
[2019.04.02-17.58.22:620][  0]LogDerivedDataCache: Display: Max Cache Size: 512 MB
[2019.04.02-17.58.22:665][  0]LogDerivedDataCache: Loaded boot cache 0.04s 74MB C:/Users/JF/AppData/Local/UnrealEngine/4.20/DerivedDataCache/Boot.ddc.
[2019.04.02-17.58.22:665][  0]LogDerivedDataCache: Display: Loaded Boot cache: C:/Users/JF/AppData/Local/UnrealEngine/4.20/DerivedDataCache/Boot.ddc
[2019.04.02-17.58.22:665][  0]LogDerivedDataCache: FDerivedDataBackendGraph:  Pak pak cache file ../../../../../../Users/JF/Documents/GitHub/Game260Development/Resources/NetworkKartGame/DerivedDataCache/DDC.ddp not found, will not use a pak cache.
[2019.04.02-17.58.22:665][  0]LogDerivedDataCache: Unable to find inner node Pak for hierarchical cache Hierarchy.
[2019.04.02-17.58.22:665][  0]LogDerivedDataCache: FDerivedDataBackendGraph:  CompressedPak pak cache file ../../../../../../Users/JF/Documents/GitHub/Game260Development/Resources/NetworkKartGame/DerivedDataCache/Compressed.ddp not found, will not use a pak cache.
[2019.04.02-17.58.22:665][  0]LogDerivedDataCache: Unable to find inner node CompressedPak for hierarchical cache Hierarchy.
[2019.04.02-17.58.22:678][  0]LogDerivedDataCache: Display: Pak cache opened for reading ../../../Engine/DerivedDataCache/Compressed.ddp.
[2019.04.02-17.58.22:690][  0]LogDerivedDataCache: Using Local data cache path C:/Users/JF/AppData/Local/UnrealEngine/Common/DerivedDataCache: Writable
[2019.04.02-17.58.22:690][  0]LogDerivedDataCache: Shared data cache path not found in *engine.ini, will not use an Shared cache.
[2019.04.02-17.58.22:690][  0]LogDerivedDataCache: Unable to find inner node Shared for hierarchical cache Hierarchy.
[2019.04.02-17.58.22:705][  0]LogMaterial: Verifying Global Shaders for PCD3D_SM5
[2019.04.02-17.58.22:706][  0]LogSlate: Using FreeType 2.6.0
[2019.04.02-17.58.22:707][  0]LogSlate: SlateFontServices - WITH_FREETYPE: 1, WITH_HARFBUZZ: 1
[2019.04.02-17.58.22:771][  0]LogAssetRegistry: FAssetRegistry took 0.0256 seconds to start up
[2019.04.02-17.58.23:064][  0]LogInit: Selected Device Profile: [Windows]
[2019.04.02-17.58.23:175][  0]LogSimplygon: Simplygon DLL not present - disabling.
[2019.04.02-17.58.23:178][  0]LogMeshReduction: Using SimplygonSwarm for distributed automatic mesh merging
[2019.04.02-17.58.23:178][  0]LogMeshReduction: Using ProxyLODMeshReduction for automatic mesh merging
[2019.04.02-17.58.23:178][  0]LogMeshReduction: Using QuadricMeshReduction for automatic static mesh reduction
[2019.04.02-17.58.23:178][  0]LogMeshReduction: No automatic skeletal mesh reduction module available
[2019.04.02-17.58.23:190][  0]LogNetVersion: VehicleMovement 1.0.0, NetCL: 4212847, EngineNetVer: 5, GameNetVer: 0 (Checksum: 2966596176)
[2019.04.02-17.58.23:635][  0]LogPackageLocalizationCache: Processed 11 localized package path(s) for 2 prioritized culture(s) in 0.093001 seconds
[2019.04.02-17.58.23:641][  0]LogUObjectArray: 38434 objects as part of root set at end of initial load.
[2019.04.02-17.58.23:641][  0]LogUObjectAllocator: 6701136 out of 0 bytes used by permanent object pool.
[2019.04.02-17.58.23:641][  0]LogUObjectArray: CloseDisregardForGC: 0/0 objects in disregard for GC pool
[2019.04.02-17.58.24:446][  0]LogTcpMessaging: Initializing TcpMessaging bridge
[2019.04.02-17.58.24:459][  0]LogUdpMessaging: Initializing bridge on interface 0.0.0.0:0 to multicast group 230.0.0.1:6666.
[2019.04.02-17.58.24:749][  0]SourceControl: Source control is disabled
[2019.04.02-17.58.24:749][  0]SourceControl: Source control is disabled
[2019.04.02-17.58.24:750][  0]SourceControl: Source control is disabled
[2019.04.02-17.58.24:751][  0]SourceControl: Source control is disabled
[2019.04.02-17.58.24:902][  0]LogAndroidPermission: UAndroidPermissionCallbackProxy::GetInstance
[2019.04.02-17.58.25:026][  0]LogOcInput: OculusInput pre-init called
[2019.04.02-17.58.25:074][  0]LogEngine: Initializing Engine...
[2019.04.02-17.58.25:075][  0]LogHMD: Failed to initialize OpenVR with code 110
[2019.04.02-17.58.25:076][  0]LogStats: UGameplayTagsManager::ConstructGameplayTagTree: ImportINI prefixes -  0.000 s
[2019.04.02-17.58.25:076][  0]LogStats: UGameplayTagsManager::ConstructGameplayTagTree: Construct from data asset -  0.000 s
[2019.04.02-17.58.25:076][  0]LogStats: UGameplayTagsManager::ConstructGameplayTagTree: ImportINI -  0.000 s
[2019.04.02-17.58.25:076][  0]LogStats: UGameplayTagsManager::ConstructGameplayTagTree: GameplayTagTreeChangedEvent.Broadcast -  0.000 s
[2019.04.02-17.58.25:252][  0]LogInit: Initializing FReadOnlyCVARCache
[2019.04.02-17.58.25:260][  0]LogAIModule: Creating AISystem for world Untitled
[2019.04.02-17.58.25:292][  0]LogInit: XAudio2 using 'Speakers / Headphones (Realtek Audio)' : 2 channels at 48 kHz using 32 bits per sample (channel mask 0x3)
[2019.04.02-17.58.25:342][  0]LogInit: FAudioDevice initialized.
[2019.04.02-17.58.25:342][  0]LogNetVersion: Set ProjectVersion to 1.0.0.0. Version Checksum will be recalculated on next use.
[2019.04.02-17.58.25:378][  0]LogDerivedDataCache: Saved boot cache 0.04s 74MB C:/Users/JF/AppData/Local/UnrealEngine/4.20/DerivedDataCache/Boot.ddc.
[2019.04.02-17.58.25:381][  0]LogInit: Texture streaming: Enabled
[2019.04.02-17.58.25:392][  0]LogEngineSessionManager: EngineSessionManager initialized
[2019.04.02-17.58.25:404][  0]LogInit: Transaction tracking system initialized
[2019.04.02-17.58.25:418][  0]BlueprintLog: New page: Editor Load
[2019.04.02-17.58.25:486][  0]LocalizationService: Localization service is disabled
[2019.04.02-17.58.25:710][  0]LogCook: Display: Max memory allowance for cook 16384mb min free memory 0mb
[2019.04.02-17.58.25:710][  0]LogCook: Display: Mobile HDR setting 1
[2019.04.02-17.58.25:710][  0]LogGameplayTags: Display: UGameplayTagsManager::DoneAddingNativeTags. DelegateIsBound: 0
[2019.04.02-17.58.25:710][  0]LogStats: UGameplayTagsManager::ConstructGameplayTagTree: ImportINI prefixes -  0.000 s
[2019.04.02-17.58.25:710][  0]LogStats: UGameplayTagsManager::ConstructGameplayTagTree: Construct from data asset -  0.000 s
[2019.04.02-17.58.25:710][  0]LogStats: UGameplayTagsManager::ConstructGameplayTagTree: ImportINI -  0.000 s
[2019.04.02-17.58.25:710][  0]LogStats: UGameplayTagsManager::ConstructGameplayTagTree: GameplayTagTreeChangedEvent.Broadcast -  0.000 s
[2019.04.02-17.58.25:814][  0]LogFileCache: Scanning file cache for directory 'C:/Users/JF/Documents/GitHub/Game260Development/Resources/NetworkKartGame/Content/' took 0.01s
[2019.04.02-17.58.25:814][  0]SourceControl: Source control is disabled
[2019.04.02-17.58.25:814][  0]Cmd: MAP LOAD FILE="../../../../../../Users/JF/Documents/GitHub/Game260Development/Resources/NetworkKartGame/Content/MultiplayerTemplate/Levels/MainMenuMap.umap" TEMPLATE=0 SHOWPROGRESS=1 FEATURELEVEL=3
[2019.04.02-17.58.25:815][  0]LightingResults: New page: Lighting Build
[2019.04.02-17.58.25:817][  0]MapCheck: New page: Map Check
[2019.04.02-17.58.25:817][  0]LightingResults: New page: Lighting Build
[2019.04.02-17.58.26:055][  0]LogLinker: Warning: Can't find file '/Game/MultiplayerTemplate/Levels/MainMenuMap_BuiltData'
[2019.04.02-17.58.26:056][  0]LogLinker: Warning: Can't find file for asset '/Game/MultiplayerTemplate/Levels/MainMenuMap_BuiltData' while loading ../../../../../../Users/JF/Documents/GitHub/Game260Development/Resources/NetworkKartGame/Content/MultiplayerTemplate/Levels/MainMenuMap.umap.
[2019.04.02-17.58.26:056][  0]LoadErrors: Error: /Game/MultiplayerTemplate/Levels/MainMenuMap : Can't find file for asset. /Game/MultiplayerTemplate/Levels/MainMenuMap_BuiltData
[2019.04.02-17.58.26:057][  0]LogLinker: Warning: Can't find file '/Game/MultiplayerTemplate/Levels/MainMenuMap_BuiltData'
[2019.04.02-17.58.26:057][  0]LogLinker: Warning: Can't find file for asset '/Game/MultiplayerTemplate/Levels/MainMenuMap_BuiltData' while loading ../../../../../../Users/JF/Documents/GitHub/Game260Development/Resources/NetworkKartGame/Content/MultiplayerTemplate/Levels/MainMenuMap.umap.
[2019.04.02-17.58.26:057][  0]LoadErrors: Error: /Game/MultiplayerTemplate/Levels/MainMenuMap : Can't find file for asset. /Game/MultiplayerTemplate/Levels/MainMenuMap_BuiltData
[2019.04.02-17.58.26:057][  0]LogLinker: Warning: Can't find file '/Game/MultiplayerTemplate/Levels/MainMenuMap_BuiltData'
[2019.04.02-17.58.26:058][  0]LogLinker: Warning: Can't find file for asset '/Game/MultiplayerTemplate/Levels/MainMenuMap_BuiltData' while loading NULL.
[2019.04.02-17.58.26:058][  0]LogLinker: Warning: Can't find file '/Game/MultiplayerTemplate/Levels/MainMenuMap_BuiltData'
[2019.04.02-17.58.26:058][  0]LogLinker: Warning: Can't find file for asset '/Game/MultiplayerTemplate/Levels/MainMenuMap_BuiltData' while loading NULL.
[2019.04.02-17.58.26:062][  0]LogLinker: Warning: Can't find file '/Game/MultiplayerTemplate/Levels/MainMenuMap_BuiltData'
[2019.04.02-17.58.26:062][  0]LoadErrors: Failed to load /Game/MultiplayerTemplate/Levels/MainMenuMap_BuiltData.MainMenuMap_BuiltData Referenced by PersistentLevel
[2019.04.02-17.58.26:062][  0]LogLinker: Warning: Can't find file for asset '/Game/MultiplayerTemplate/Levels/MainMenuMap_BuiltData' while loading NULL.
[2019.04.02-17.58.26:062][  0]LoadErrors: Failed to load /Game/MultiplayerTemplate/Levels/MainMenuMap_BuiltData.MainMenuMap_BuiltData Referenced by PersistentLevel
[2019.04.02-17.58.26:183][  0]LogAIModule: Creating AISystem for world MainMenuMap
[2019.04.02-17.58.26:186][  0]LogEditorServer: Finished looking for orphan Actors (0.000 secs)
[2019.04.02-17.58.26:208][  0]Cmd: MAP CHECKDEP NOCLEARLOG
[2019.04.02-17.58.26:272][  0]MapCheck: Map check complete: 0 Error(s), 0 Warning(s), took 62.901ms to complete.
[2019.04.02-17.58.26:272][  0]LogFileHelpers: Loading map 'MainMenuMap' took 0.457
[2019.04.02-17.58.26:367][  0]LogCollectionManager: Loaded 0 collections in 0.000857 seconds
[2019.04.02-17.58.26:423][  0]LogFileCache: Scanning file cache for directory 'C:/Users/JF/Documents/GitHub/Game260Development/Resources/NetworkKartGame/Saved/Collections/' took 0.01s
[2019.04.02-17.58.26:423][  0]LogFileCache: Scanning file cache for directory 'C:/Users/JF/Documents/GitHub/Game260Development/Resources/NetworkKartGame/Content/Developers/JF/Collections/' took 0.01s
[2019.04.02-17.58.26:423][  0]LogFileCache: Scanning file cache for directory 'C:/Users/JF/Documents/GitHub/Game260Development/Resources/NetworkKartGame/Content/Collections/' took 0.01s
[2019.04.02-17.58.26:423][  0]LogCollectionManager: Rebuilt the GUID cache for 0 collections in 0.000000 seconds
[2019.04.02-17.58.26:433][  0]LogContentBrowser: Native class hierarchy populated in 0.0092 seconds. Added 2613 classes and 619 folders.
[2019.04.02-17.58.26:443][  0]LogContentBrowser: Native class hierarchy updated for 'WidgetCarousel' in 0.0003 seconds. Added 0 classes and 0 folders.
[2019.04.02-17.58.26:759][  0]LogContentBrowser: Native class hierarchy updated for 'AddContentDialog' in 0.0003 seconds. Added 0 classes and 0 folders.
[2019.04.02-17.58.26:795][  0]LogSlate: Updating window title bar state: overlay mode, drag disabled, window buttons hidden, title bar hidden
[2019.04.02-17.58.26:802][  0]LogSlate: Updating window title bar state: overlay mode, drag disabled, window buttons hidden, title bar hidden
[2019.04.02-17.58.26:808][  0]LogSlate: Updating window title bar state: overlay mode, drag disabled, window buttons hidden, title bar hidden
[2019.04.02-17.58.26:814][  0]LogSlate: Updating window title bar state: overlay mode, drag disabled, window buttons hidden, title bar hidden
[2019.04.02-17.58.26:828][  0]LogContentBrowser: Native class hierarchy updated for 'SceneOutliner' in 0.0004 seconds. Added 1 classes and 2 folders.
[2019.04.02-17.58.26:908][  0]LogContentBrowser: Native class hierarchy updated for 'HierarchicalLODOutliner' in 0.0003 seconds. Added 0 classes and 0 folders.
[2019.04.02-17.58.26:908][  0]LogLoad: (Engine Initialization) Total time: 88.76 seconds
[2019.04.02-17.58.26:908][  0]LogLoad: (Engine Initialization) Total Blueprint compile time: 0.00 seconds
[2019.04.02-17.58.26:929][  0]LogRawInputWindows: Warning: Found device 0 devices
[2019.04.02-17.58.26:929][  0]LogRawInputWindows: Warning: Found device 0 devices
[2019.04.02-17.58.26:929][  0]LogRawInputWindows: Warning: Device was registered succesfully but not connected (Usage:4 UsagePage:1)
[2019.04.02-17.58.26:929][  0]LogRawInputWindows: Warning: Found device 1 devices
[2019.04.02-17.58.26:929][  0]LogRawInputWindows: Warning: Device was registered succesfully but not connected (Usage:5 UsagePage:1)
[2019.04.02-17.58.26:952][  0]LogAssetRegistry: Asset discovery search completed in 4.2040 seconds
[2019.04.02-17.58.26:954][  0]LogCollectionManager: Rebuilt the object cache for 0 collections in 0.000000 seconds (found 0 objects)
[2019.04.02-17.58.26:954][  0]LogCollectionManager: Fixed up redirectors for 0 collections in 0.000048 seconds (updated 0 objects)
[2019.04.02-17.58.26:955][  0]LogContentStreaming: Texture pool size now 1000 MB
[2019.04.02-17.58.26:965][  0]LogSlate: FSceneViewport::OnFocusLost() reason 2
[2019.04.02-17.58.26:971][  0]LogSlate: Took 0.000191 seconds to synchronously load lazily loaded font '../../../Engine/Content/Slate/Fonts/Roboto-Regular.ttf' (155K)
[2019.04.02-17.58.26:972][  0]LogSlate: Took 0.000113 seconds to synchronously load lazily loaded font '../../../Engine/Content/Slate/Fonts/Roboto-Bold.ttf' (160K)
[2019.04.02-17.58.26:978][  0]LogSlate: Took 0.004905 seconds to synchronously load lazily loaded font '../../../Engine/Content/Editor/Slate/Fonts/FontAwesome.ttf' (139K)
[2019.04.02-17.58.27:107][  0]LogRenderer: Reallocating scene render targets to support 728x592 Format 10 NumSamples 1 (Frame:1).
[2019.04.02-17.58.29:947][109]LogSlate: Window 'Message Log' being destroyed
[2019.04.02-17.58.29:975][109]LogSlate: Window 'Message Log' being destroyed
[2019.04.02-17.58.31:566][196]LogSlate: FSceneViewport::OnFocusLost() reason 0
[2019.04.02-17.59.45:099][915]LogSlate: Window 'Plugin Properties' being destroyed
[2019.04.02-17.59.50:976][ 18]LogSlate: Window 'Plugin Properties' being destroyed
[2019.04.02-18.00.36:351][989]LogSlate: Window 'Plugins' being destroyed
[2019.04.02-18.00.36:371][989]LogSlate: Window 'Plugins' being destroyed
[2019.04.02-18.00.36:371][989]LogDirectoryWatcher: A directory notification for '../../../Engine/Plugins/' was aborted.
[2019.04.02-18.00.36:371][989]LogDirectoryWatcher: A directory notification for 'C:/Program Files/Epic Games/UE_4.20/Enterprise/Plugins/' was aborted.
[2019.04.02-18.00.36:371][989]LogDirectoryWatcher: A directory notification for '../../../../../../Users/JF/Documents/GitHub/Game260Development/Resources/NetworkKartGame/Plugins/' was aborted.
[2019.04.02-18.00.37:532][ 56]LogEditorViewport: Clicking on Actor (LMB): BP_Sky_Sphere_C (Sky Sphere)
[2019.04.02-18.00.40:303][219]LogSlate: FSceneViewport::OnFocusLost() reason 2
[2019.04.02-18.00.43:369][321]LogTemp: Repeating last play command: Selected Viewport
[2019.04.02-18.00.43:384][321]LogBlueprintUserMessages: Early PlayInEditor Detection: Level '/Game/MultiplayerTemplate/Levels/MainMenuMap.MainMenuMap:PersistentLevel' has LevelScriptBlueprint '/Game/MultiplayerTemplate/Levels/MainMenuMap.MainMenuMap:PersistentLevel.MainMenuMap' with GeneratedClass '/Game/MultiplayerTemplate/Levels/MainMenuMap.MainMenuMap_C' with ClassGeneratedBy '/Game/MultiplayerTemplate/Levels/MainMenuMap.MainMenuMap:PersistentLevel.MainMenuMap'
[2019.04.02-18.00.43:384][321]LogPlayLevel: PlayLevel: No blueprints needed recompiling
[2019.04.02-18.00.43:385][321]LogOnline: Warning: STEAM: Steam API disabled!
[2019.04.02-18.00.43:385][321]LogOnline: Display: STEAM: OnlineSubsystemSteam::Shutdown()
[2019.04.02-18.00.43:401][321]PIE: New page: PIE session: MainMenuMap (Apr 2, 2019, 10:00:43 AM)
[2019.04.02-18.00.43:401][321]LogPlayLevel: Creating play world package: /Game/MultiplayerTemplate/Levels/UEDPIE_1_MainMenuMap
[2019.04.02-18.00.43:404][321]LogPlayLevel: PIE: StaticDuplicateObject took: (0.002922s)
[2019.04.02-18.00.43:405][321]LogAIModule: Creating AISystem for world MainMenuMap
[2019.04.02-18.00.43:405][321]LogPlayLevel: PIE: World Init took: (0.000600s)
[2019.04.02-18.00.43:405][321]LogPlayLevel: PIE: Created PIE world by copying editor world from /Game/MultiplayerTemplate/Levels/MainMenuMap.MainMenuMap to /Game/MultiplayerTemplate/Levels/UEDPIE_1_MainMenuMap.MainMenuMap (0.003672s)
[2019.04.02-18.00.43:424][321]AdvancedFriendsInterfaceLog: Warning: UAdvancedFriendsInstance Failed to get voice interface!
[2019.04.02-18.00.43:449][321]LogInit: XAudio2 using 'Speakers / Headphones (Realtek Audio)' : 2 channels at 48 kHz using 32 bits per sample (channel mask 0x3)
[2019.04.02-18.00.43:484][321]LogInit: FAudioDevice initialized.
[2019.04.02-18.00.43:526][321]LogLoad: Game class is 'MainMenuGameMode_C'
[2019.04.02-18.00.43:530][321]LogWorld: Bringing World /Game/MultiplayerTemplate/Levels/UEDPIE_1_MainMenuMap.MainMenuMap up for play (max tick rate 60) at 2019.04.02-14.00.43
[2019.04.02-18.00.43:530][321]LogWorld: Bringing up level for play took: 0.000450
[2019.04.02-18.00.43:546][321]LogContentBrowser: Native class hierarchy updated for 'MovieSceneCapture' in 0.0004 seconds. Added 10 classes and 0 folders.
[2019.04.02-18.00.43:548][321]LogOnline: Warning: STEAM: Steam API disabled!
[2019.04.02-18.00.43:548][321]LogOnline: Display: STEAM: OnlineSubsystemSteam::Shutdown()
[2019.04.02-18.00.43:548][321]LogTemp: Display: ParseSettings for GameNetDriver
[2019.04.02-18.00.43:548][321]LogTemp: Display: ParseSettings for IpNetDriver_0
[2019.04.02-18.00.43:548][321]LogTemp: Display: ParseSettings for GameNetDriver
[2019.04.02-18.00.43:549][321]LogNet: ReplicationDriverClass is null! Not using ReplicationDriver.
[2019.04.02-18.00.43:549][321]LogInit: WinSock: Socket queue 131072 / 131072
[2019.04.02-18.00.43:549][321]LogInit: WinSock: I am DESKTOP-F5MDPNI (10.111.67.210:0)
[2019.04.02-18.00.43:549][321]PacketHandlerLog: Loaded PacketHandler component: Engine.EngineHandlerComponentFactory (StatelessConnectHandlerComponent)
[2019.04.02-18.00.43:549][321]LogNet: GameNetDriver IpNetDriver_0 IpNetDriver listening on port 17777
[2019.04.02-18.00.43:552][321]PIE: Play in editor start time for /Game/MultiplayerTemplate/Levels/UEDPIE_1_MainMenuMap 0.449
[2019.04.02-18.00.43:554][321]PIE: New page: PIE session: MainMenuMap (Apr 2, 2019, 10:00:43 AM)
[2019.04.02-18.00.43:555][321]AdvancedFriendsInterfaceLog: Warning: UAdvancedFriendsInstance Failed to get voice interface!
[2019.04.02-18.00.43:559][321]LogSlate: FSceneViewport::OnFocusLost() reason 2
[2019.04.02-18.00.43:562][321]LogSlate: Updating window title bar state: overlay mode, drag disabled, window buttons hidden, title bar hidden
[2019.04.02-18.00.43:631][321]LogNet: Browse: 127.0.0.1:17777//Game/MultiplayerTemplate/Levels/MainMenuMap
[2019.04.02-18.00.43:632][321]LogOnline: Warning: STEAM: Steam API disabled!
[2019.04.02-18.00.43:632][321]LogOnline: Display: STEAM: OnlineSubsystemSteam::Shutdown()
[2019.04.02-18.00.43:632][321]LogTemp: Display: ParseSettings for GameNetDriver
[2019.04.02-18.00.43:632][321]LogTemp: Display: ParseSettings for IpNetDriver_1
[2019.04.02-18.00.43:632][321]LogTemp: Display: ParseSettings for PendingNetDriver
[2019.04.02-18.00.43:632][321]LogInit: WinSock: Socket queue 32768 / 32768
[2019.04.02-18.00.43:633][321]PacketHandlerLog: Loaded PacketHandler component: Engine.EngineHandlerComponentFactory (StatelessConnectHandlerComponent)
[2019.04.02-18.00.43:633][321]LogNet: Game client on port 17777, rate 10000
[2019.04.02-18.00.43:635][321]PIE: Play in editor start time for /Game/MultiplayerTemplate/Levels/MainMenuMap 0.531
[2019.04.02-18.00.43:641][321]LogBlueprintUserMessages: Late PlayInEditor Detection: Level '/Game/MultiplayerTemplate/Levels/MainMenuMap.MainMenuMap:PersistentLevel' has LevelScriptBlueprint '/Game/MultiplayerTemplate/Levels/MainMenuMap.MainMenuMap:PersistentLevel.MainMenuMap' with GeneratedClass '/Game/MultiplayerTemplate/Levels/MainMenuMap.MainMenuMap_C' with ClassGeneratedBy '/Game/MultiplayerTemplate/Levels/MainMenuMap.MainMenuMap:PersistentLevel.MainMenuMap'
[2019.04.02-18.00.43:642][321]LogNet: NotifyAcceptingConnection accepted from: 127.0.0.1:53431
[2019.04.02-18.00.43:642][321]LogHandshake: SendConnectChallenge. Timestamp: 0.025061, Cookie: 159128117146117014145027008234014065050038091239179225118048
[2019.04.02-18.00.43:645][321]LogHandshake: SendChallengeResponse. Timestamp: 0.025061, Cookie: 159128117146117014145027008234014065050038091239179225118048
[2019.04.02-18.00.43:695][322]LogNet: NotifyAcceptingConnection accepted from: 127.0.0.1:53431
[2019.04.02-18.00.43:695][322]LogHandshake: SendChallengeAck. InCookie: 159128117146117014145027008234014065050038091239179225118048
[2019.04.02-18.00.43:695][322]LogNet: Server accepting post-challenge connection from: 127.0.0.1:53431
[2019.04.02-18.00.43:696][322]PacketHandlerLog: Loaded PacketHandler component: Engine.EngineHandlerComponentFactory (StatelessConnectHandlerComponent)
[2019.04.02-18.00.43:696][322]LogNet: NotifyAcceptedConnection: Name: MainMenuMap, TimeStamp: 04/02/19 14:00:43, [UNetConnection] RemoteAddr: 127.0.0.1:53431, Name: IpConnection_1, Driver: GameNetDriver IpNetDriver_0, IsServer: YES, PC: NULL, Owner: NULL, UniqueId: INVALID
[2019.04.02-18.00.43:696][322]LogNet: AddClientConnection: Added client connection: [UNetConnection] RemoteAddr: 127.0.0.1:53431, Name: IpConnection_1, Driver: GameNetDriver IpNetDriver_0, IsServer: YES, PC: NULL, Owner: NULL, UniqueId: INVALID
[2019.04.02-18.00.43:697][322]LogNetVersion: VehicleMovement 1.0.0.0, NetCL: 4212847, EngineNetVer: 5, GameNetVer: 0 (Checksum: 1433232907)
[2019.04.02-18.00.43:697][322]LogNet: UPendingNetGame::SendInitialJoin: Sending hello. [UNetConnection] RemoteAddr: 127.0.0.1:17777, Name: IpConnection_0, Driver: PendingNetDriver IpNetDriver_1, IsServer: NO, PC: NULL, Owner: NULL, UniqueId: INVALID
[2019.04.02-18.00.43:712][323]LogNet: NotifyAcceptingChannel Control 0 server World /Game/MultiplayerTemplate/Levels/UEDPIE_1_MainMenuMap.MainMenuMap: Accepted
[2019.04.02-18.00.43:712][323]LogNet: Remote platform little endian=1
[2019.04.02-18.00.43:712][323]LogNet: This platform little endian=1
[2019.04.02-18.00.43:728][324]LogNet: Login request: /Game/MultiplayerTemplate/Levels/MainMenuMap?Name=DESKTOP-F5MDPNI-A8DD73B443EE62C02F089DB8BA9BB85C userId: DESKTOP-F5MDPNI-A8DD73B443EE62C02F089DB8BA9BB85C
[2019.04.02-18.00.43:728][324]LogNet: Welcomed by server (Level: /Game/MultiplayerTemplate/Levels/UEDPIE_1_MainMenuMap, Game: /Game/MultiplayerTemplate/Blueprints/MainMenu/MainMenuGameMode.MainMenuGameMode_C)
[2019.04.02-18.00.43:729][324]LogLoad: LoadMap: 127.0.0.1:17777//Game/MultiplayerTemplate/Levels/UEDPIE_1_MainMenuMap?game=/Game/MultiplayerTemplate/Blueprints/MainMenu/MainMenuGameMode.MainMenuGameMode_C
[2019.04.02-18.00.43:751][324]LogAIModule: Creating AISystem for world MainMenuMap
[2019.04.02-18.00.43:751][324]LogTemp: Display: ParseSettings for GameNetDriver
[2019.04.02-18.00.43:754][324]LogWorld: Bringing World /Game/MultiplayerTemplate/Levels/UEDPIE_2_MainMenuMap.MainMenuMap up for play (max tick rate 60) at 2019.04.02-14.00.43
[2019.04.02-18.00.43:754][324]LogWorld: Bringing up level for play took: 0.000470
[2019.04.02-18.00.43:755][324]LogLoad: Took 0.025901 seconds to LoadMap(/Game/MultiplayerTemplate/Levels/UEDPIE_1_MainMenuMap)
[2019.04.02-18.00.43:767][325]LogRenderer: Reallocating scene render targets to support 844x592 Format 10 NumSamples 1 (Frame:1).
[2019.04.02-18.00.43:768][325]LogNet: Client netspeed is 10000
[2019.04.02-18.00.43:768][325]LogNet: Join request: /Game/MultiplayerTemplate/Levels/MainMenuMap?Name=DESKTOP-F5MDPNI-A8DD73B443EE62C02F089DB8BA9BB85C?SplitscreenCount=1
[2019.04.02-18.00.43:769][325]LogOnline: Warning: OSS: No game present to join for session (GameSession)
[2019.04.02-18.00.43:771][325]LogNet: Join succeeded: DESKTOP-F5MDPNI-A8DD
[2019.04.02-18.00.43:853][330]LogOnline: Warning: OSS: No game present to join for session (GameSession)
[2019.04.02-18.00.43:869][331]LogOnline: Warning: OSS: No game present to join for session (GameSession)
[2019.04.02-18.00.45:804][445]LogOnline: Warning: OSS: No game present to leave for session (GameSession)
[2019.04.02-18.00.45:805][445]LogSlate: Updating window title bar state: overlay mode, drag disabled, window buttons hidden, title bar hidden
[2019.04.02-18.00.45:805][445]LogBlueprintUserMessages: Early EndPlayMap Detection: Level '/Game/MultiplayerTemplate/Levels/MainMenuMap.MainMenuMap:PersistentLevel' has LevelScriptBlueprint '/Game/MultiplayerTemplate/Levels/MainMenuMap.MainMenuMap:PersistentLevel.MainMenuMap' with GeneratedClass '/Game/MultiplayerTemplate/Levels/MainMenuMap.MainMenuMap_C' with ClassGeneratedBy '/Game/MultiplayerTemplate/Levels/MainMenuMap.MainMenuMap:PersistentLevel.MainMenuMap'
[2019.04.02-18.00.45:805][445]LogSlate: Updating window title bar state: overlay mode, drag disabled, window buttons hidden, title bar hidden
[2019.04.02-18.00.45:818][445]LogSlate: Window 'VehicleMovement Game Preview Client 1 (64-bit/PCD3D_SM5)' being destroyed
[2019.04.02-18.00.45:820][445]AdvancedFriendsInterfaceLog: Warning: UAdvancedFriendsInstance Failed to get voice interface!
[2019.04.02-18.00.45:849][445]AdvancedFriendsInterfaceLog: Warning: UAdvancedFriendsInstance Failed to get voice interface!
[2019.04.02-18.00.45:879][445]LogPlayLevel: Display: Shutting down PIE online subsystems
[2019.04.02-18.00.45:879][445]LogBlueprintUserMessages: Late EndPlayMap Detection: Level '/Game/MultiplayerTemplate/Levels/MainMenuMap.MainMenuMap:PersistentLevel' has LevelScriptBlueprint '/Game/MultiplayerTemplate/Levels/MainMenuMap.MainMenuMap:PersistentLevel.MainMenuMap' with GeneratedClass '/Game/MultiplayerTemplate/Levels/MainMenuMap.MainMenuMap_C' with ClassGeneratedBy '/Game/MultiplayerTemplate/Levels/MainMenuMap.MainMenuMap:PersistentLevel.MainMenuMap'
[2019.04.02-18.00.45:902][445]LogNet: UChannel::CleanUp: ChIndex == 0. Closing connection. [UChannel] ChIndex: 0, Closing: 0 [UNetConnection] RemoteAddr: 127.0.0.1:53431, Name: IpConnection_1, Driver: GameNetDriver IpNetDriver_0, IsServer: YES, PC: None, Owner: None, UniqueId: NULL:DESKTOP-F5MDPNI-A8DD73B443EE62C02F089DB8BA9BB85C
[2019.04.02-18.00.45:902][445]LogNet: UNetConnection::Close: [UNetConnection] RemoteAddr: 127.0.0.1:53431, Name: IpConnection_1, Driver: GameNetDriver IpNetDriver_0, IsServer: YES, PC: None, Owner: None, UniqueId: NULL:DESKTOP-F5MDPNI-A8DD73B443EE62C02F089DB8BA9BB85C, Channels: 2, Time: 2019.04.02-18.00.45
[2019.04.02-18.00.45:902][445]LogNet: UChannel::Close: Sending CloseBunch. ChIndex == 0. Name: [UChannel] ChIndex: 0, Closing: 0 [UNetConnection] RemoteAddr: 127.0.0.1:53431, Name: IpConnection_1, Driver: GameNetDriver IpNetDriver_0, IsServer: YES, PC: None, Owner: None, UniqueId: NULL:DESKTOP-F5MDPNI-A8DD73B443EE62C02F089DB8BA9BB85C
[2019.04.02-18.00.45:902][445]LogNet: UChannel::CleanUp: ChIndex == 0. Closing connection. [UChannel] ChIndex: 0, Closing: 0 [UNetConnection] RemoteAddr: 127.0.0.1:17777, Name: IpConnection_0, Driver: GameNetDriver IpNetDriver_1, IsServer: NO, PC: None, Owner: None, UniqueId: NULL:DESKTOP-F5MDPNI-A8DD73B443EE62C02F089DB8BA9BB85C
[2019.04.02-18.00.45:902][445]LogNet: UNetConnection::Close: [UNetConnection] RemoteAddr: 127.0.0.1:17777, Name: IpConnection_0, Driver: GameNetDriver IpNetDriver_1, IsServer: NO, PC: None, Owner: None, UniqueId: NULL:DESKTOP-F5MDPNI-A8DD73B443EE62C02F089DB8BA9BB85C, Channels: 2, Time: 2019.04.02-18.00.45
[2019.04.02-18.00.45:902][445]LogNet: UChannel::Close: Sending CloseBunch. ChIndex == 0. Name: [UChannel] ChIndex: 0, Closing: 0 [UNetConnection] RemoteAddr: 127.0.0.1:17777, Name: IpConnection_0, Driver: GameNetDriver IpNetDriver_1, IsServer: NO, PC: None, Owner: None, UniqueId: NULL:DESKTOP-F5MDPNI-A8DD73B443EE62C02F089DB8BA9BB85C
[2019.04.02-18.00.45:904][445]LogSlate: Updating window title bar state: overlay mode, drag disabled, window buttons hidden, title bar hidden
[2019.04.02-18.00.45:904][445]LogExit: GameNetDriver None shut down
[2019.04.02-18.00.45:904][445]LogExit: GameNetDriver None shut down
[2019.04.02-18.00.45:926][446]LogPlayLevel: Display: Destroying online subsystem :Context_2
[2019.04.02-18.00.45:927][446]LogPlayLevel: Display: Destroying online subsystem :Context_1
[2019.04.02-18.00.48:753][606]LogSlate: Window 'VehicleMovement - Unreal Editor' being destroyed
[2019.04.02-18.00.48:753][606]LogWindowsTextInputMethodSystem: Display: IME system now deactivated.
[2019.04.02-18.00.48:927][607]Cmd: QUIT_EDITOR
[2019.04.02-18.00.49:532][607]LogExit: Preparing to exit.
[2019.04.02-18.00.50:560][607]LogExit: Editor shut down
[2019.04.02-18.00.50:560][607]LogExit: Transaction tracking system shut down
[2019.04.02-18.00.51:201][607]LogExit: Object subsystem successfully closed.
[2019.04.02-18.00.51:215][607]LogShaderCompilers: Display: Shaders left to compile 0
[2019.04.02-18.00.51:217][607]LogD3D11RHI: Shutdown
[2019.04.02-18.00.51:217][607]LogD3D11RHI: CleanupD3DDevice
[2019.04.02-18.00.51:218][607]LogD3D11RHI: ~FD3D11DynamicRHI
[2019.04.02-18.00.51:237][607]LogModuleManager: Shutting down and abandoning module MovieSceneCapture (626)
[2019.04.02-18.00.51:237][607]LogModuleManager: Shutting down and abandoning module Voice (624)
[2019.04.02-18.00.51:237][607]LogModuleManager: Shutting down and abandoning module ExternalImagePicker (622)
[2019.04.02-18.00.51:237][607]LogModuleManager: Shutting down and abandoning module HierarchicalLODOutliner (620)
[2019.04.02-18.00.51:237][607]LogModuleManager: Shutting down and abandoning module SceneOutliner (618)
[2019.04.02-18.00.51:237][607]LogModuleManager: Shutting down and abandoning module AddContentDialog (616)
[2019.04.02-18.00.51:238][607]LogModuleManager: Shutting down and abandoning module WidgetCarousel (615)
[2019.04.02-18.00.51:238][607]LogModuleManager: Shutting down and abandoning module EditorWidgets (612)
[2019.04.02-18.00.51:238][607]LogModuleManager: Shutting down and abandoning module CollectionManager (610)
[2019.04.02-18.00.51:238][607]LogModuleManager: Shutting down and abandoning module StatsViewer (608)
[2019.04.02-18.00.51:238][607]LogModuleManager: Shutting down and abandoning module FoliageEdit (606)
[2019.04.02-18.00.51:238][607]LogModuleManager: Shutting down and abandoning module LandscapeEditor (604)
[2019.04.02-18.00.51:238][607]LogModuleManager: Shutting down and abandoning module MeshPaintMode (602)
[2019.04.02-18.00.51:238][607]LogModuleManager: Shutting down and abandoning module SceneDepthPickerMode (600)
[2019.04.02-18.00.51:238][607]LogModuleManager: Shutting down and abandoning module ActorPickerMode (598)
[2019.04.02-18.00.51:238][607]LogModuleManager: Shutting down and abandoning module GeometryMode (596)
[2019.04.02-18.00.51:238][607]LogModuleManager: Shutting down and abandoning module TextureAlignMode (594)
[2019.04.02-18.00.51:238][607]LogModuleManager: Shutting down and abandoning module BspMode (592)
[2019.04.02-18.00.51:238][607]LogModuleManager: Shutting down and abandoning module PIEPreviewDeviceProfileSelector (590)
[2019.04.02-18.00.51:238][607]LogModuleManager: Shutting down and abandoning module SequenceRecorderSections (588)
[2019.04.02-18.00.51:238][607]LogModuleManager: Shutting down and abandoning module AutomationWorker (586)
[2019.04.02-18.00.51:238][607]LogModuleManager: Shutting down and abandoning module AudioCaptureEditor (584)
[2019.04.02-18.00.51:238][607]LogModuleManager: Shutting down and abandoning module SequenceRecorder (583)
[2019.04.02-18.00.51:238][607]LogModuleManager: Shutting down and abandoning module MatineeToLevelSequence (580)
[2019.04.02-18.00.51:238][607]LogModuleManager: Shutting down and abandoning module LevelSequenceEditor (578)
[2019.04.02-18.00.51:238][607]LogModuleManager: Shutting down and abandoning module PlacementMode (577)
[2019.04.02-18.00.51:238][607]LogModuleManager: Shutting down and abandoning module MaterialEditor (576)
[2019.04.02-18.00.51:238][607]LogModuleManager: Shutting down and abandoning module WmfMediaFactory (572)
[2019.04.02-18.00.51:238][607]LogModuleManager: Shutting down and abandoning module WmfMediaEditor (570)
[2019.04.02-18.00.51:238][607]LogModuleManager: Shutting down and abandoning module MediaPlayerEditor (568)
[2019.04.02-18.00.51:238][607]LogModuleManager: Shutting down and abandoning module OpenExrWrapper (566)
[2019.04.02-18.00.51:238][607]LogModuleManager: Shutting down and abandoning module ImgMediaFactory (564)
[2019.04.02-18.00.51:238][607]LogModuleManager: Shutting down and abandoning module ImgMediaEditor (562)
[2019.04.02-18.00.51:238][607]LogModuleManager: Shutting down and abandoning module AvfMediaFactory (560)
[2019.04.02-18.00.51:238][607]LogModuleManager: Shutting down and abandoning module AvfMediaEditor (558)
[2019.04.02-18.00.51:238][607]LogModuleManager: Shutting down and abandoning module AndroidMediaFactory (556)
[2019.04.02-18.00.51:238][607]LogModuleManager: Shutting down and abandoning module AndroidMediaEditor (554)
[2019.04.02-18.00.51:238][607]LogModuleManager: Shutting down and abandoning module MagicLeapCameraPreviewFactory (552)
[2019.04.02-18.00.51:239][607]LogModuleManager: Shutting down and abandoning module MagicLeapMediaFactory (550)
[2019.04.02-18.00.51:239][607]LogModuleManager: Shutting down and abandoning module MagicLeapMediaEditor (548)
[2019.04.02-18.00.51:239][607]LogModuleManager: Shutting down and abandoning module CharacterAI (546)
[2019.04.02-18.00.51:239][607]LogModuleManager: Shutting down and abandoning module SmartSnapping (544)
[2019.04.02-18.00.51:239][607]LogModuleManager: Shutting down and abandoning module SessionServices (542)
[2019.04.02-18.00.51:239][607]LogModuleManager: Shutting down and abandoning module ViewportSnapping (540)
[2019.04.02-18.00.51:239][607]LogModuleManager: Shutting down and abandoning module ViewportInteraction (538)
[2019.04.02-18.00.51:239][607]LogModuleManager: Shutting down and abandoning module ClothPainter (536)
[2019.04.02-18.00.51:239][607]LogModuleManager: Shutting down and abandoning module SkeletalMeshEditor (535)
[2019.04.02-18.00.51:239][607]LogModuleManager: Shutting down and abandoning module LogVisualizer (532)
[2019.04.02-18.00.51:239][607]LogModuleManager: Shutting down and abandoning module IntroTutorials (530)
[2019.04.02-18.00.51:239][607]LogModuleManager: Shutting down and abandoning module GameProjectGeneration (529)
[2019.04.02-18.00.51:239][607]LogModuleManager: Shutting down and abandoning module LuminPlatformEditor (526)
[2019.04.02-18.00.51:239][607]LogModuleManager: Shutting down and abandoning module IOSPlatformEditor (524)
[2019.04.02-18.00.51:239][607]LogModuleManager: Shutting down and abandoning module HTML5PlatformEditor (522)
[2019.04.02-18.00.51:239][607]LogModuleManager: Shutting down and abandoning module AndroidPlatformEditor (520)
[2019.04.02-18.00.51:239][607]LogModuleManager: Shutting down and abandoning module AndroidDeviceDetection (519)
[2019.04.02-18.00.51:586][607]LogModuleManager: Shutting down and abandoning module WindowsPlatformEditor (516)
[2019.04.02-18.00.51:586][607]LogModuleManager: Shutting down and abandoning module LuminRuntimeSettings (514)
[2019.04.02-18.00.51:586][607]LogModuleManager: Shutting down and abandoning module IOSRuntimeSettings (512)
[2019.04.02-18.00.51:586][607]LogModuleManager: Shutting down and abandoning module AndroidRuntimeSettings (510)
[2019.04.02-18.00.51:586][607]LogModuleManager: Shutting down and abandoning module InputBindingEditor (508)
[2019.04.02-18.00.51:586][607]LogModuleManager: Shutting down and abandoning module MergeActors (506)
[2019.04.02-18.00.51:586][607]LogModuleManager: Shutting down and abandoning module LocalizationDashboard (504)
[2019.04.02-18.00.51:586][607]LogModuleManager: Shutting down and abandoning module LocalizationService (503)
[2019.04.02-18.00.51:586][607]LogModuleManager: Shutting down and abandoning module HardwareTargeting (500)
[2019.04.02-18.00.51:586][607]LogModuleManager: Shutting down and abandoning module DeviceProfileEditor (498)
[2019.04.02-18.00.51:586][607]LogModuleManager: Shutting down and abandoning module UndoHistory (496)
[2019.04.02-18.00.51:586][607]LogModuleManager: Shutting down and abandoning module XmlParser (494)
[2019.04.02-18.00.51:587][607]LogModuleManager: Shutting down and abandoning module Blutility (492)
[2019.04.02-18.00.51:587][607]LogModuleManager: Shutting down and abandoning module ProjectSettingsViewer (490)
[2019.04.02-18.00.51:587][607]LogModuleManager: Shutting down and abandoning module ProjectTargetPlatformEditor (489)
[2019.04.02-18.00.51:587][607]LogModuleManager: Shutting down and abandoning module EditorSettingsViewer (486)
[2019.04.02-18.00.51:587][607]LogModuleManager: Shutting down and abandoning module SettingsEditor (484)
[2019.04.02-18.00.51:587][607]LogModuleManager: Shutting down and abandoning module ProjectLauncher (482)
[2019.04.02-18.00.51:587][607]LogModuleManager: Shutting down and abandoning module SessionFrontend (480)
[2019.04.02-18.00.51:587][607]LogModuleManager: Shutting down and abandoning module ProfilerClient (478)
[2019.04.02-18.00.51:587][607]LogModuleManager: Shutting down and abandoning module DeviceManager (476)
[2019.04.02-18.00.51:587][607]LogModuleManager: Shutting down and abandoning module TargetDeviceServices (475)
[2019.04.02-18.00.51:639][607]LogModuleManager: Shutting down and abandoning module AutomationController (472)
[2019.04.02-18.00.51:639][607]LogModuleManager: Shutting down and abandoning module AutomationWindow (470)
[2019.04.02-18.00.51:639][607]LogModuleManager: Shutting down and abandoning module Layers (468)
[2019.04.02-18.00.51:639][607]LogModuleManager: Shutting down and abandoning module ComponentVisualizers (466)
[2019.04.02-18.00.51:639][607]LogModuleManager: Shutting down and abandoning module DetailCustomizations (464)
[2019.04.02-18.00.51:639][607]LogModuleManager: Shutting down and abandoning module PackagesDialog (462)
[2019.04.02-18.00.51:639][607]LogModuleManager: Shutting down and abandoning module Persona (460)
[2019.04.02-18.00.51:639][607]LogModuleManager: Shutting down and abandoning module AdvancedPreviewScene (459)
[2019.04.02-18.00.51:639][607]LogModuleManager: Shutting down and abandoning module AnimGraph (457)
[2019.04.02-18.00.51:639][607]LogModuleManager: Shutting down and abandoning module Kismet (454)
[2019.04.02-18.00.51:639][607]LogModuleManager: Shutting down and abandoning module GraphEditor (452)
[2019.04.02-18.00.51:639][607]LogModuleManager: Shutting down and abandoning module ClassViewer (450)
[2019.04.02-18.00.51:639][607]LogModuleManager: Shutting down and abandoning module Toolbox (448)
[2019.04.02-18.00.51:639][607]LogModuleManager: Shutting down and abandoning module ModuleUI (446)
[2019.04.02-18.00.51:639][607]LogModuleManager: Shutting down and abandoning module MovieSceneTools (444)
[2019.04.02-18.00.51:639][607]LogModuleManager: Shutting down and abandoning module OutputLog (442)
[2019.04.02-18.00.51:639][607]LogModuleManager: Shutting down and abandoning module GammaUI (440)
[2019.04.02-18.00.51:640][607]LogModuleManager: Shutting down and abandoning module Documentation (438)
[2019.04.02-18.00.51:640][607]LogModuleManager: Shutting down and abandoning module MovieSceneTracks (436)
[2019.04.02-18.00.51:640][607]LogModuleManager: Shutting down and abandoning module MovieScene (434)
[2019.04.02-18.00.51:640][607]LogModuleManager: Shutting down and abandoning module StreamingPauseRendering (432)
[2019.04.02-18.00.51:640][607]LogModuleManager: Shutting down and abandoning module LauncherPlatform (430)
[2019.04.02-18.00.51:640][607]LogModuleManager: Shutting down and abandoning module AnalyticsET (428)
[2019.04.02-18.00.51:640][607]LogModuleManager: Shutting down and abandoning module PortalServices (426)
[2019.04.02-18.00.51:640][607]LogModuleManager: Shutting down and abandoning module PortalRpc (424)
[2019.04.02-18.00.51:640][607]LogModuleManager: Shutting down and abandoning module MessagingRpc (422)
[2019.04.02-18.00.51:640][607]LogModuleManager: Shutting down and abandoning module AIModule (420)
[2019.04.02-18.00.51:640][607]LogModuleManager: Shutting down and abandoning module GameplayDebugger (419)
[2019.04.02-18.00.51:640][607]LogModuleManager: Shutting down and abandoning module AITestSuite (417)
[2019.04.02-18.00.51:640][607]LogModuleManager: Shutting down and abandoning module NavigationSystem (415)
[2019.04.02-18.00.51:640][607]LogModuleManager: Shutting down and abandoning module ProfilerService (412)
[2019.04.02-18.00.51:817][607]LogModuleManager: Shutting down and abandoning module TaskGraph (410)
[2019.04.02-18.00.51:817][607]LogModuleManager: Shutting down and abandoning module SteamVRController (408)
[2019.04.02-18.00.51:817][607]LogModuleManager: Shutting down and abandoning module ProceduralMeshComponentEditor (406)
[2019.04.02-18.00.51:817][607]LogModuleManager: Shutting down and abandoning module ProceduralMeshComponent (404)
[2019.04.02-18.00.51:817][607]LogModuleManager: Shutting down and abandoning module OculusInput (402)
[2019.04.02-18.00.51:817][607]LogModuleManager: Shutting down and abandoning module MobilePatchingUtils (400)
[2019.04.02-18.00.51:817][607]LogModuleManager: Shutting down and abandoning module EditableMesh (398)
[2019.04.02-18.00.51:817][607]LogModuleManager: Shutting down and abandoning module CustomMeshComponent (396)
[2019.04.02-18.00.51:817][607]LogModuleManager: Shutting down and abandoning module CableComponent (394)
[2019.04.02-18.00.51:817][607]LogModuleManager: Shutting down and abandoning module AudioCapture (392)
[2019.04.02-18.00.51:818][607]LogModuleManager: Shutting down and abandoning module ArchVisCharacter (390)
[2019.04.02-18.00.51:818][607]LogModuleManager: Shutting down and abandoning module AndroidPermission (388)
[2019.04.02-18.00.51:818][607]LogModuleManager: Shutting down and abandoning module NUTUnrealEngine4 (386)
[2019.04.02-18.00.51:818][607]LogModuleManager: Shutting down and abandoning module NetcodeUnitTest (384)
[2019.04.02-18.00.51:818][607]LogModuleManager: Shutting down and abandoning module MediaCompositingEditor (382)
[2019.04.02-18.00.51:818][607]LogModuleManager: Shutting down and abandoning module MediaCompositing (380)
[2019.04.02-18.00.51:818][607]LogModuleManager: Shutting down and abandoning module LinearTimecode (378)
[2019.04.02-18.00.51:818][607]LogModuleManager: Shutting down and abandoning module ImgMedia (376)
[2019.04.02-18.00.51:821][607]LogModuleManager: Shutting down and abandoning module RawInput (374)
[2019.04.02-18.00.51:821][607]LogModuleManager: Shutting down and abandoning module HTML5Networking (372)
[2019.04.02-18.00.51:821][607]LogModuleManager: Shutting down and abandoning module GeometryCacheTracks (370)
[2019.04.02-18.00.51:821][607]LogModuleManager: Shutting down and abandoning module GeometryCacheSequencer (368)
[2019.04.02-18.00.51:821][607]LogModuleManager: Shutting down and abandoning module BackChannel (366)
[2019.04.02-18.00.51:821][607]LogModuleManager: Shutting down and abandoning module AppleVision (364)
[2019.04.02-18.00.51:821][607]LogModuleManager: Shutting down and abandoning module AppleImageUtils (362)
[2019.04.02-18.00.51:821][607]LogModuleManager: Shutting down and abandoning module AlembicImporter (360)
[2019.04.02-18.00.51:821][607]LogModuleManager: Shutting down and abandoning module AlembicLibrary (359)
[2019.04.02-18.00.51:821][607]LogModuleManager: Shutting down and abandoning module GeometryCache (358)
[2019.04.02-18.00.51:821][607]LogModuleManager: Shutting down and abandoning module GeometryCacheEd (357)
[2019.04.02-18.00.51:821][607]LogModuleManager: Shutting down and abandoning module DatasmithContentEditor (352)
[2019.04.02-18.00.51:821][607]LogModuleManager: Shutting down and abandoning module DatasmithContent (350)
[2019.04.02-18.00.51:821][607]LogModuleManager: Shutting down and abandoning module SpeedTreeImporter (348)
[2019.04.02-18.00.51:821][607]LogModuleManager: Shutting down and abandoning module PluginBrowser (346)
[2019.04.02-18.00.51:821][607]LogModuleManager: Shutting down and abandoning module MobileLauncherProfileWizard (344)
[2019.04.02-18.00.51:822][607]LogModuleManager: Shutting down and abandoning module PolygonModeling (342)
[2019.04.02-18.00.51:822][607]LogModuleManager: Shutting down and abandoning module MeshEditor (340)
[2019.04.02-18.00.51:822][607]LogModuleManager: Shutting down and abandoning module CryptoKeysOpenSSL (338)
[2019.04.02-18.00.51:822][607]LogModuleManager: Shutting down and abandoning module CryptoKeys (336)
[2019.04.02-18.00.51:822][607]LogModuleManager: Shutting down and abandoning module VisualStudioSourceCodeAccess (334)
[2019.04.02-18.00.51:822][607]LogModuleManager: Shutting down and abandoning module VisualStudioCodeSourceCodeAccess (332)
[2019.04.02-18.00.51:822][607]LogModuleManager: Shutting down and abandoning module UObjectPlugin (330)
[2019.04.02-18.00.51:822][607]LogModuleManager: Shutting down and abandoning module SubversionSourceControl (328)
[2019.04.02-18.00.51:822][607]LogModuleManager: Shutting down and abandoning module PerforceSourceControl (326)
[2019.04.02-18.00.51:822][607]LogModuleManager: Shutting down and abandoning module GitSourceControl (324)
[2019.04.02-18.00.51:822][607]LogModuleManager: Shutting down and abandoning module SourceControl (323)
[2019.04.02-18.00.51:822][607]LogModuleManager: Shutting down and abandoning module CLionSourceCodeAccess (320)
[2019.04.02-18.00.51:822][607]LogModuleManager: Shutting down and abandoning module LightPropagationVolumeEditor (318)
[2019.04.02-18.00.51:822][607]LogModuleManager: Shutting down and abandoning module PaperTiledImporter (316)
[2019.04.02-18.00.51:822][607]LogModuleManager: Shutting down and abandoning module PaperSpriteSheetImporter (314)
[2019.04.02-18.00.51:822][607]LogModuleManager: Shutting down and abandoning module Paper2DEditor (312)
[2019.04.02-18.00.51:822][607]LogModuleManager: Shutting down and abandoning module MeshPaint (311)
[2019.04.02-18.00.51:822][607]LogModuleManager: Shutting down and abandoning module VehicleMovement (308)
[2019.04.02-18.00.51:822][607]LogModuleManager: Shutting down and abandoning module AdvancedSteamSessions (306)
[2019.04.02-18.00.51:822][607]LogModuleManager: Shutting down and abandoning module AdvancedSessions (304)
[2019.04.02-18.00.51:822][607]LogModuleManager: Shutting down and abandoning module RuntimePhysXCooking (302)
[2019.04.02-18.00.51:822][607]LogModuleManager: Shutting down and abandoning module PhysXVehiclesEditor (300)
[2019.04.02-18.00.51:822][607]LogModuleManager: Shutting down and abandoning module PhysXVehicles (298)
[2019.04.02-18.00.51:822][607]LogModuleManager: Shutting down and abandoning module OculusEditor (296)
[2019.04.02-18.00.51:822][607]LogModuleManager: Shutting down and abandoning module LocationServicesBPLibrary (294)
[2019.04.02-18.00.51:822][607]LogModuleManager: Shutting down and abandoning module ImmediatePhysicsEditor (292)
[2019.04.02-18.00.51:822][607]LogModuleManager: Shutting down and abandoning module ImmediatePhysics (290)
[2019.04.02-18.00.51:822][607]LogModuleManager: Shutting down and abandoning module ActorSequence (288)
[2019.04.02-18.00.51:822][607]LogModuleManager: Shutting down and abandoning module UdpMessaging (286)
[2019.04.02-18.00.51:923][607]LogModuleManager: Shutting down and abandoning module TcpMessaging (284)
[2019.04.02-18.00.52:023][607]LogModuleManager: Shutting down and abandoning module MagicLeapAudio (282)
[2019.04.02-18.00.52:023][607]LogModuleManager: Shutting down and abandoning module GameplayTagsEditor (280)
[2019.04.02-18.00.52:023][607]LogModuleManager: Shutting down and abandoning module FacialAnimationEditor (278)
[2019.04.02-18.00.52:023][607]LogModuleManager: Shutting down and abandoning module FacialAnimation (276)
[2019.04.02-18.00.52:023][607]LogModuleManager: Shutting down and abandoning module DataValidation (274)
[2019.04.02-18.00.52:023][607]LogModuleManager: Shutting down and abandoning module AssetManagerEditor (272)
[2019.04.02-18.00.52:023][607]LogModuleManager: Shutting down and abandoning module LevelEditor (271)
[2019.04.02-18.00.52:023][607]LogModuleManager: Shutting down and abandoning module PixelInspectorModule (270)
[2019.04.02-18.00.52:023][607]LogModuleManager: Shutting down and abandoning module CommonMenuExtensions (268)
[2019.04.02-18.00.52:023][607]LogModuleManager: Shutting down and abandoning module MainFrame (266)
[2019.04.02-18.00.52:023][607]LogModuleManager: Shutting down and abandoning module HotReload (265)
[2019.04.02-18.00.52:024][607]LogModuleManager: Shutting down and abandoning module ContentBrowser (261)
[2019.04.02-18.00.52:024][607]LogModuleManager: Shutting down and abandoning module TreeMap (259)
[2019.04.02-18.00.52:024][607]LogModuleManager: Shutting down and abandoning module LightPropagationVolumeRuntime (256)
[2019.04.02-18.00.52:024][607]LogModuleManager: Shutting down and abandoning module AISupportModule (254)
[2019.04.02-18.00.52:025][607]LogModuleManager: Shutting down and abandoning module Paper2D (252)
[2019.04.02-18.00.52:025][607]LogModuleManager: Shutting down and abandoning module WindowsMoviePlayer (250)
[2019.04.02-18.00.52:025][607]LogModuleManager: Shutting down and abandoning module WmfMedia (248)
[2019.04.02-18.00.52:027][607]LogModuleManager: Shutting down and abandoning module Media (247)
[2019.04.02-18.00.52:033][607]LogModuleManager: Shutting down and abandoning module PacketHandler (244)
[2019.04.02-18.00.52:033][607]LogModuleManager: Shutting down and abandoning module ClothingSystemEditor (242)
[2019.04.02-18.00.52:033][607]LogModuleManager: Shutting down and abandoning module ClothingSystemRuntime (240)
[2019.04.02-18.00.52:033][607]LogModuleManager: Shutting down and abandoning module MediaAssets (238)
[2019.04.02-18.00.52:033][607]LogModuleManager: Shutting down and abandoning module Overlay (236)
[2019.04.02-18.00.52:033][607]LogModuleManager: Shutting down and abandoning module OverlayEditor (235)
[2019.04.02-18.00.52:033][607]LogModuleManager: Shutting down and abandoning module VREditor (232)
[2019.04.02-18.00.52:033][607]LogModuleManager: Shutting down and abandoning module StringTableEditor (230)
[2019.04.02-18.00.52:033][607]LogModuleManager: Shutting down and abandoning module GameplayTasksEditor (228)
[2019.04.02-18.00.52:033][607]LogModuleManager: Shutting down and abandoning module BehaviorTreeEditor (226)
[2019.04.02-18.00.52:033][607]LogModuleManager: Shutting down and abandoning module FunctionalTesting (224)
[2019.04.02-18.00.52:033][607]LogModuleManager: Shutting down and abandoning module CollisionAnalyzer (222)
[2019.04.02-18.00.52:033][607]LogModuleManager: Shutting down and abandoning module WorkspaceMenuStructure (221)
[2019.04.02-18.00.52:033][607]LogModuleManager: Shutting down and abandoning module UMG (218)
[2019.04.02-18.00.52:033][607]LogModuleManager: Shutting down and abandoning module UMGEditor (217)
[2019.04.02-18.00.52:033][607]LogModuleManager: Shutting down and abandoning module Sequencer (216)
[2019.04.02-18.00.52:033][607]LogModuleManager: Shutting down and abandoning module MessageLog (213)
[2019.04.02-18.00.52:033][607]LogModuleManager: Shutting down and abandoning module SlateReflector (208)
[2019.04.02-18.00.52:033][607]LogModuleManager: Shutting down and abandoning module Slate (206)
[2019.04.02-18.00.52:033][607]LogModuleManager: Shutting down and abandoning module EditorStyle (204)
[2019.04.02-18.00.52:035][607]LogModuleManager: Shutting down and abandoning module MRMesh (202)
[2019.04.02-18.00.52:035][607]LogModuleManager: Shutting down and abandoning module SourceCodeAccess (200)
[2019.04.02-18.00.52:035][607]LogModuleManager: Shutting down and abandoning module HeadMountedDisplay (198)
[2019.04.02-18.00.52:035][607]LogModuleManager: Shutting down and abandoning module XAudio2 (196)
[2019.04.02-18.00.52:035][607]LogModuleManager: Shutting down and abandoning module Networking (194)
[2019.04.02-18.00.52:035][607]LogModuleManager: Shutting down and abandoning module Core (192)
[2019.04.02-18.00.52:035][607]LogModuleManager: Shutting down and abandoning module LevelSequence (190)
[2019.04.02-18.00.52:035][607]LogModuleManager: Shutting down and abandoning module KismetCompiler (188)
[2019.04.02-18.00.52:035][607]LogModuleManager: Shutting down and abandoning module MeshUtilities (186)
[2019.04.02-18.00.52:035][607]LogModuleManager: Shutting down and abandoning module MeshMergeUtilities (185)
[2019.04.02-18.00.52:035][607]LogModuleManager: Shutting down and abandoning module MeshReductionInterface (184)
[2019.04.02-18.00.52:035][607]LogModuleManager: Shutting down and abandoning module SimplygonSwarm (183)
[2019.04.02-18.00.52:035][607]LogModuleManager: Shutting down and abandoning module ProxyLODMeshReduction (181)
[2019.04.02-18.00.52:035][607]LogModuleManager: Shutting down and abandoning module SimplygonMeshReduction (179)
[2019.04.02-18.00.52:035][607]LogModuleManager: Shutting down and abandoning module QuadricMeshReduction (177)
[2019.04.02-18.00.52:035][607]LogModuleManager: Shutting down and abandoning module MaterialBaking (173)
[2019.04.02-18.00.52:035][607]LogModuleManager: Shutting down and abandoning module DirectoryWatcher (169)
[2019.04.02-18.00.52:035][607]LogModuleManager: Shutting down and abandoning module DerivedDataCache (166)
[2019.04.02-18.00.52:089][607]LogDerivedDataCache: Shutdown
[2019.04.02-18.00.52:089][607]LogModuleManager: Shutting down and abandoning module XGEController (164)
[2019.04.02-18.00.52:089][607]LogXGEController: Cleaning working directory: C:/Users/JF/AppData/Local/Temp/UnrealXGEWorkingDir/
[2019.04.02-18.00.52:089][607]LogModuleManager: Shutting down and abandoning module TargetPlatform (162)
[2019.04.02-18.00.52:089][607]LogModuleManager: Shutting down and abandoning module VulkanShaderFormat (161)
[2019.04.02-18.00.52:089][607]LogModuleManager: Shutting down and abandoning module ShaderFormatVectorVM (159)
[2019.04.02-18.00.52:089][607]LogModuleManager: Shutting down and abandoning module ShaderFormatOpenGL (157)
[2019.04.02-18.00.52:089][607]LogModuleManager: Shutting down and abandoning module ShaderFormatD3D (155)
[2019.04.02-18.00.52:089][607]LogModuleManager: Shutting down and abandoning module MetalShaderFormat (153)
[2019.04.02-18.00.52:089][607]LogModuleManager: Shutting down and abandoning module TextureFormatUncompressed (151)
[2019.04.02-18.00.52:089][607]LogModuleManager: Shutting down and abandoning module TextureFormatPVR (149)
[2019.04.02-18.00.52:089][607]LogModuleManager: Shutting down and abandoning module TextureFormatDXT (147)
[2019.04.02-18.00.52:089][607]LogModuleManager: Shutting down and abandoning module TextureFormatIntelISPCTexComp (145)
[2019.04.02-18.00.52:090][607]LogModuleManager: Shutting down and abandoning module TextureFormatASTC (143)
[2019.04.02-18.00.52:090][607]LogModuleManager: Shutting down and abandoning module ImageWrapper (142)
[2019.04.02-18.00.52:090][607]LogModuleManager: Shutting down and abandoning module TextureFormatAndroid (139)
[2019.04.02-18.00.52:090][607]LogModuleManager: Shutting down and abandoning module AudioFormatOpus (137)
[2019.04.02-18.00.52:090][607]LogModuleManager: Shutting down and abandoning module AudioFormatOgg (135)
[2019.04.02-18.00.52:090][607]LogModuleManager: Shutting down and abandoning module AudioFormatADPCM (133)
[2019.04.02-18.00.52:090][607]LogModuleManager: Shutting down and abandoning module LuminTargetPlatform (131)
[2019.04.02-18.00.52:090][607]LogModuleManager: Shutting down and abandoning module LinuxTargetPlatform (129)
[2019.04.02-18.00.52:090][607]LogModuleManager: Shutting down and abandoning module LinuxServerTargetPlatform (127)
[2019.04.02-18.00.52:090][607]LogModuleManager: Shutting down and abandoning module LinuxNoEditorTargetPlatform (125)
[2019.04.02-18.00.52:090][607]LogModuleManager: Shutting down and abandoning module LinuxClientTargetPlatform (123)
[2019.04.02-18.00.52:090][607]LogModuleManager: Shutting down and abandoning module TVOSTargetPlatform (121)
[2019.04.02-18.00.52:090][607]LogModuleManager: Shutting down and abandoning module Messaging (119)
[2019.04.02-18.00.52:090][607]LogModuleManager: Shutting down and abandoning module IOSTargetPlatform (117)
[2019.04.02-18.00.52:091][607]LogModuleManager: Shutting down and abandoning module HTML5TargetPlatform (115)
[2019.04.02-18.00.52:091][607]LogModuleManager: Shutting down and abandoning module AndroidTargetPlatform (113)
[2019.04.02-18.00.52:095][607]LogModuleManager: Shutting down and abandoning module WindowsTargetPlatform (111)
[2019.04.02-18.00.52:095][607]LogModuleManager: Shutting down and abandoning module WindowsServerTargetPlatform (109)
[2019.04.02-18.00.52:095][607]LogModuleManager: Shutting down and abandoning module WindowsNoEditorTargetPlatform (107)
[2019.04.02-18.00.52:095][607]LogModuleManager: Shutting down and abandoning module WindowsClientTargetPlatform (105)
[2019.04.02-18.00.52:095][607]LogModuleManager: Shutting down and abandoning module MacTargetPlatform (103)
[2019.04.02-18.00.52:095][607]LogModuleManager: Shutting down and abandoning module MacServerTargetPlatform (101)
[2019.04.02-18.00.52:095][607]LogModuleManager: Shutting down and abandoning module MacNoEditorTargetPlatform (99)
[2019.04.02-18.00.52:095][607]LogModuleManager: Shutting down and abandoning module MacClientTargetPlatform (97)
[2019.04.02-18.00.52:095][607]LogModuleManager: Shutting down and abandoning module AllDesktopTargetPlatform (95)
[2019.04.02-18.00.52:095][607]LogModuleManager: Shutting down and abandoning module InputCore (92)
[2019.04.02-18.00.52:095][607]LogModuleManager: Shutting down and abandoning module Settings (90)
[2019.04.02-18.00.52:095][607]LogModuleManager: Shutting down and abandoning module PhysXCooking (88)
[2019.04.02-18.00.52:095][607]LogModuleManager: Shutting down and abandoning module SteamVR (86)
[2019.04.02-18.00.52:095][607]LogModuleManager: Shutting down and abandoning module OculusHMD (84)
[2019.04.02-18.00.52:095][607]LogModuleManager: Shutting down and abandoning module ExampleDeviceProfileSelector (82)
[2019.04.02-18.00.52:095][607]LogModuleManager: Shutting down and abandoning module LauncherChunkInstaller (80)
[2019.04.02-18.00.52:095][607]LogModuleManager: Shutting down and abandoning module OnlineBlueprintSupport (78)
[2019.04.02-18.00.52:095][607]LogModuleManager: Shutting down and abandoning module OnlineSubsystem (74)
[2019.04.02-18.00.52:096][607]LogModuleManager: Shutting down and abandoning module XMPP (67)
[2019.04.02-18.00.52:096][607]LogModuleManager: Shutting down and abandoning module WebSockets (66)
[2019.04.02-18.00.52:117][607]LogModuleManager: Shutting down and abandoning module HTTP (63)
[2019.04.02-18.00.52:118][607]LogHttp: Display: Http module shutting down, but needs to wait on 1 outstanding Http requests:
[2019.04.02-18.00.52:118][607]LogHttp: Display: 	verb=[POST] url=[https://datarouter.ol.epicgames.com/datarouter/api/v1/public/data?SessionID=%7B88B595DC-4BEA-7C2B-60C6-16A950937609%7D&AppID=UEEditor.Rocket.Release&AppVersion=4.20.3-4369336%2B%2B%2BUE4%2BRelease-4.20&UserID=8e88c14e4a6738d1716352a6f482514a%7C16f83418eb3743c5b8f6e2322056aefd%7C46f8e7d2-af7b-442b-9666-691467f06dae&AppEnvironment=datacollector-binary&UploadType=eteventstream] status=Processing
[2019.04.02-18.00.52:133][607]LogModuleManager: Shutting down and abandoning module SSL (62)
[2019.04.02-18.00.52:133][607]LogModuleManager: Shutting down and abandoning module MagicLeapEmulator (58)
[2019.04.02-18.00.52:133][607]LogModuleManager: Shutting down and abandoning module MagicLeapPrivileges (56)
[2019.04.02-18.00.52:133][607]LogModuleManager: Shutting down and abandoning module MagicLeapIdentity (54)
[2019.04.02-18.00.52:133][607]LogModuleManager: Shutting down and abandoning module MagicLeapHelperVulkan (52)
[2019.04.02-18.00.52:133][607]LogModuleManager: Shutting down and abandoning module MagicLeapHelperOpenGL (50)
[2019.04.02-18.00.52:133][607]LogModuleManager: Shutting down and abandoning module MagicLeapSecureStorage (48)
[2019.04.02-18.00.52:133][607]LogModuleManager: Shutting down and abandoning module MagicLeapGestures (46)
[2019.04.02-18.00.52:133][607]LogModuleManager: Shutting down and abandoning module MagicLeapEyeTracker (44)
[2019.04.02-18.00.52:133][607]LogModuleManager: Shutting down and abandoning module MagicLeapController (42)
[2019.04.02-18.00.52:134][607]LogSlate: Slate User Destroyed.  User Index 0, Is Virtual User: 0
[2019.04.02-18.00.52:134][607]LogModuleManager: Shutting down and abandoning module MagicLeap (40)
[2019.04.02-18.00.52:134][607]LogModuleManager: Shutting down and abandoning module DesktopPlatform (38)
[2019.04.02-18.00.52:134][607]LogModuleManager: Shutting down and abandoning module AnimationModifiers (36)
[2019.04.02-18.00.52:134][607]LogModuleManager: Shutting down and abandoning module PropertyEditor (35)
[2019.04.02-18.00.52:134][607]LogModuleManager: Shutting down and abandoning module AudioEditor (32)
[2019.04.02-18.00.52:134][607]LogModuleManager: Shutting down and abandoning module TextureCompressor (30)
[2019.04.02-18.00.52:134][607]LogModuleManager: Shutting down and abandoning module ShaderCore (28)
[2019.04.02-18.00.52:134][607]LogModuleManager: Shutting down and abandoning module Landscape (26)
[2019.04.02-18.00.52:134][607]LogModuleManager: Shutting down and abandoning module SlateRHIRenderer (24)
[2019.04.02-18.00.52:134][607]LogModuleManager: Shutting down and abandoning module OpenGLDrv (22)
[2019.04.02-18.00.52:134][607]LogModuleManager: Shutting down and abandoning module D3D11RHI (20)
[2019.04.02-18.00.52:134][607]LogModuleManager: Shutting down and abandoning module AnimGraphRuntime (18)
[2019.04.02-18.00.52:134][607]LogModuleManager: Shutting down and abandoning module Renderer (16)
[2019.04.02-18.00.52:134][607]LogModuleManager: Shutting down and abandoning module Engine (14)
[2019.04.02-18.00.52:134][607]LogModuleManager: Shutting down and abandoning module CoreUObject (12)
[2019.04.02-18.00.52:134][607]LogModuleManager: Shutting down and abandoning module NetworkFile (10)
[2019.04.02-18.00.52:134][607]LogModuleManager: Shutting down and abandoning module CookedIterativeFile (8)
[2019.04.02-18.00.52:134][607]LogModuleManager: Shutting down and abandoning module StreamingFile (6)
[2019.04.02-18.00.52:134][607]LogModuleManager: Shutting down and abandoning module SandboxFile (4)
[2019.04.02-18.00.52:134][607]LogModuleManager: Shutting down and abandoning module PakFile (2)
[2019.04.02-18.00.52:140][607]LogExit: Exiting.
[2019.04.02-18.00.52:152][607]Log file closed, 04/02/19 14:00:52
