Log file open, 03/28/19 16:02:10
LogWindows: Failed to load 'aqProf.dll' (GetLastError=126)
LogWindows: File 'aqProf.dll' does not exist
LogWindows: Failed to load 'VSPerf140.dll' (GetLastError=126)
LogWindows: File 'VSPerf140.dll' does not exist
LogWindows: Failed to load 'VtuneApi.dll' (GetLastError=126)
LogWindows: File 'VtuneApi.dll' does not exist
LogWindows: Failed to load 'VtuneApi32e.dll' (GetLastError=126)
LogWindows: File 'VtuneApi32e.dll' does not exist
LogInit: Display: Running engine for game: VehicleMovement
LogPlatformFile: Not using cached read wrapper
LogTaskGraph: Started task graph with 5 named threads and 23 total threads with 3 sets of task threads.
LogStats: Stats thread started at 0.276724
LogD3D11RHI: Loaded GFSDK_Aftermath_Lib.x64.dll
LogICUInternationalization: Display: ICU TimeZone Detection - Raw Offset: -5:00, Platform Override: ''
LogPluginManager: Mounting plugin Paper2D
LogPluginManager: Mounting plugin AISupport
LogPluginManager: Mounting plugin LightPropagationVolume
LogPluginManager: Mounting plugin CLionSourceCodeAccess
LogPluginManager: Mounting plugin CodeLiteSourceCodeAccess
LogPluginManager: Mounting plugin GitSourceControl
LogPluginManager: Mounting plugin KDevelopSourceCodeAccess
LogPluginManager: Mounting plugin NullSourceCodeAccess
LogPluginManager: Mounting plugin PerforceSourceControl
LogPluginManager: Mounting plugin SubversionSourceControl
LogPluginManager: Mounting plugin UObjectPlugin
LogPluginManager: Mounting plugin VisualStudioCodeSourceCodeAccess
LogPluginManager: Mounting plugin VisualStudioSourceCodeAccess
LogPluginManager: Mounting plugin XCodeSourceCodeAccess
LogPluginManager: Mounting plugin AssetManagerEditor
LogPluginManager: Mounting plugin CryptoKeys
LogPluginManager: Mounting plugin DataValidation
LogPluginManager: Mounting plugin FacialAnimation
LogPluginManager: Mounting plugin GameplayTagsEditor
LogPluginManager: Mounting plugin MacGraphicsSwitching
LogPluginManager: Mounting plugin MeshEditor
LogPluginManager: Mounting plugin MobileLauncherProfileWizard
LogPluginManager: Mounting plugin PluginBrowser
LogPluginManager: Mounting plugin SpeedTreeImporter
LogPluginManager: Mounting plugin DatasmithContent
LogPluginManager: Mounting plugin AlembicImporter
LogPluginManager: Mounting plugin AppleImageUtils
LogPluginManager: Mounting plugin AppleVision
LogPluginManager: Mounting plugin BackChannel
LogPluginManager: Mounting plugin CharacterAI
LogPluginManager: Mounting plugin GeometryCache
LogPluginManager: Mounting plugin HTML5Networking
LogPluginManager: Mounting plugin ProxyLODPlugin
LogPluginManager: Mounting plugin RawInput
LogPluginManager: Mounting plugin MagicLeap
LogPluginManager: Mounting plugin MagicLeapEmulator
LogPluginManager: Mounting plugin MagicLeapMedia
LogPluginManager: Mounting plugin AndroidMedia
LogPluginManager: Mounting plugin AvfMedia
LogPluginManager: Mounting plugin ImgMedia
LogPluginManager: Mounting plugin LinearTimecode
LogPluginManager: Mounting plugin MediaCompositing
LogPluginManager: Mounting plugin MediaPlayerEditor
LogPluginManager: Mounting plugin WmfMedia
LogPluginManager: Mounting plugin TcpMessaging
LogPluginManager: Mounting plugin UdpMessaging
LogPluginManager: Mounting plugin ActorSequence
LogPluginManager: Mounting plugin LevelSequenceEditor
LogPluginManager: Mounting plugin MatineeToLevelSequence
LogPluginManager: Mounting plugin NetcodeUnitTest
LogPluginManager: Mounting plugin NUTUnrealEngine4
LogPluginManager: Mounting plugin OnlineSubsystemGooglePlay
LogPluginManager: Mounting plugin OnlineSubsystemIOS
LogPluginManager: Mounting plugin OnlineSubsystem
LogPluginManager: Mounting plugin OnlineSubsystemNull
LogPluginManager: Mounting plugin OnlineSubsystemSteam
LogPluginManager: Mounting plugin OnlineSubsystemUtils
LogPluginManager: Mounting plugin LauncherChunkInstaller
LogPluginManager: Mounting plugin AndroidDeviceProfileSelector
LogPluginManager: Mounting plugin AndroidMoviePlayer
LogPluginManager: Mounting plugin AndroidPermission
LogPluginManager: Mounting plugin AppleMoviePlayer
LogPluginManager: Mounting plugin ArchVisCharacter
LogPluginManager: Mounting plugin AudioCapture
LogPluginManager: Mounting plugin CableComponent
LogPluginManager: Mounting plugin CustomMeshComponent
LogPluginManager: Mounting plugin EditableMesh
LogPluginManager: Mounting plugin ExampleDeviceProfileSelector
LogPluginManager: Mounting plugin GoogleCloudMessaging
LogPluginManager: Mounting plugin ImmediatePhysics
LogPluginManager: Mounting plugin IOSDeviceProfileSelector
LogPluginManager: Mounting plugin LinuxDeviceProfileSelector
LogPluginManager: Mounting plugin LocationServicesBPLibrary
LogPluginManager: Mounting plugin MobilePatchingUtils
LogPluginManager: Mounting plugin OculusVR
LogPluginManager: Plugin shader directory ../../../Engine/Plugins/Runtime/Oculus/OculusVR/Shaders found
LogPluginManager: Mapping shader source directory ../../../Engine/Plugins/Runtime/Oculus/OculusVR/Shaders to virtual directory /Plugin/OculusVR
LogPluginManager: Mounting plugin PhysXVehicles
LogPluginManager: Mounting plugin ProceduralMeshComponent
LogPluginManager: Mounting plugin RuntimePhysXCooking
LogPluginManager: Mounting plugin SteamVR
LogPluginManager: Mounting plugin WindowsMoviePlayer
LogPluginManager: Mounting plugin AdvancedSessions
LogPluginManager: Mounting plugin AdvancedSteamSessions
LogStreaming: Display: Took  0.121s to configure plugins.
LogInit: Using libcurl 7.55.1-DEV
LogInit:  - built for x86_64-pc-win32
LogInit:  - supports SSL with OpenSSL/1.0.2h
LogInit:  - supports HTTP deflate (compression) using libz 1.2.8
LogInit:  - other features:
LogInit:      CURL_VERSION_SSL
LogInit:      CURL_VERSION_LIBZ
LogInit:      CURL_VERSION_IPV6
LogInit:      CURL_VERSION_ASYNCHDNS
LogInit:      CURL_VERSION_LARGEFILE
LogInit:      CURL_VERSION_IDN
LogInit:  CurlRequestOptions (configurable via config and command line):
LogInit:  - bVerifyPeer = false  - Libcurl will NOT verify peer certificate
LogInit:  - bUseHttpProxy = false  - Libcurl will NOT use HTTP proxy
LogInit:  - bDontReuseConnections = false  - Libcurl will reuse connections
LogInit:  - CertBundlePath = nullptr  - Libcurl will use whatever was configured at build time.
LogInit:  - MaxHostConnections = 16  - Libcurl will limit the number of connections to a host
LogInit:  - LocalHostAddr = Default
LogInit:  - BufferSize = 65536
LogOnline: Display: STEAM: Loading Steam SDK 1.39
LogOnline: Warning: STEAM: Steam API disabled!
LogOnline: Display: STEAM: OnlineSubsystemSteam::Shutdown()
LogInit: WinSock: version 1.1 (2.2), MaxSocks=32767, MaxUdp=65467
LogInit: Build: ++UE4+Release-4.20-CL-4369336
LogInit: Engine Version: 4.20.3-4369336+++UE4+Release-4.20
LogInit: Compatible Engine Version: 4.20.0-4212847+++UE4+Release-4.20
LogInit: Net CL: 4212847
LogInit: OS: Windows 10 (), CPU: Intel(R) Core(TM) i7-7820HK CPU @ 2.90GHz, GPU: NVIDIA GeForce GTX 1070
LogInit: Compiled (64-bit): Sep 17 2018 12:26:19
LogInit: Compiled with Visual C++: 19.13.26129.00
LogInit: Build Configuration: Development
LogInit: Branch Name: ++UE4+Release-4.20
LogInit: Command Line:  
LogInit: Base Directory: C:/Program Files/Epic Games/UE_4.20/Engine/Binaries/Win64/
LogInit: Installed Engine Build: 1
LogDevObjectVersion: Number of dev versions registered: 20
LogDevObjectVersion:   Dev-Blueprints (B0D832E4-1F89-4F0D-ACCF-7EB736FD4AA2): 10
LogDevObjectVersion:   Dev-Build (E1C64328-A22C-4D53-A36C-8E866417BD8C): 0
LogDevObjectVersion:   Dev-Core (375EC13C-06E4-48FB-B500-84F0262A717E): 2
LogDevObjectVersion:   Dev-Editor (E4B068ED-F494-42E9-A231-DA0B2E46BB41): 24
LogDevObjectVersion:   Dev-Framework (CFFC743F-43B0-4480-9391-14DF171D2073): 34
LogDevObjectVersion:   Dev-Mobile (B02B49B5-BB20-44E9-A304-32B752E40360): 2
LogDevObjectVersion:   Dev-Networking (A4E4105C-59A1-49B5-A7C5-40C4547EDFEE): 0
LogDevObjectVersion:   Dev-Online (39C831C9-5AE6-47DC-9A44-9C173E1C8E7C): 0
LogDevObjectVersion:   Dev-Physics (78F01B33-EBEA-4F98-B9B4-84EACCB95AA2): 0
LogDevObjectVersion:   Dev-Platform (6631380F-2D4D-43E0-8009-CF276956A95A): 0
LogDevObjectVersion:   Dev-Rendering (12F88B9F-8875-4AFC-A67C-D90C383ABD29): 26
LogDevObjectVersion:   Dev-Sequencer (7B5AE74C-D270-4C10-A958-57980B212A5A): 9
LogDevObjectVersion:   Dev-VR (D7296918-1DD6-4BDD-9DE2-64A83CC13884): 2
LogDevObjectVersion:   Dev-LoadTimes (C2A15278-BFE7-4AFE-6C17-90FF531DF755): 1
LogDevObjectVersion:   Private-Geometry (6EACA3D4-40EC-4CC1-B786-8BED09428FC5): 3
LogDevObjectVersion:   Dev-AnimPhys (29E575DD-E0A3-4627-9D10-D276232CDCEA): 17
LogDevObjectVersion:   Dev-ReflectionCapture (6B266CEC-1EC7-4B8F-A30B-E4D90942FC07): 1
LogDevObjectVersion:   Dev-Automation (0DF73D61-A23F-47EA-B727-89E90C41499A): 1
LogDevObjectVersion:   FortniteMain (601D1886-AC64-4F84-AA16-D3DE0DEAC7D6): 12
LogDevObjectVersion:   Dev-Enterprise (9DFFBCD6-494F-0158-E221-12823C92A888): 1
LogStreaming: Display: Took  0.001s to delete old logs.
LogInit: Presizing for max 8388607 objects, including 0 objects not considered by GC, pre-allocating 0 bytes for permanent pool.
LogInit: Object subsystem initialized
[2019.03.28-20.02.11:230][  0]LogInit: Selected Device Profile: [Windows]
[2019.03.28-20.02.11:230][  0]LogInit: Applying CVar settings loaded from the selected device profile: [Windows]
[2019.03.28-20.02.11:243][  0]LogHAL: Display: Platform has ~ 16 GB [17046573056 / 17179869184 / 16], which maps to Larger [LargestMinGB=32, LargerMinGB=12, DefaultMinGB=8, SmallerMinGB=6, SmallestMinGB=0)
[2019.03.28-20.02.11:243][  0]LogInit: Setting Device Profile CVar: [[r.Vulkan.UseRealUBs:1]]
[2019.03.28-20.02.11:243][  0]LogInit: Going up to parent DeviceProfile []
[2019.03.28-20.02.11:243][  0]LogInit: Computer: DESKTOP-F5MDPNI
[2019.03.28-20.02.11:243][  0]LogInit: User: JF
[2019.03.28-20.02.11:243][  0]LogInit: CPU Page size=4096, Cores=4
[2019.03.28-20.02.11:243][  0]LogInit: High frequency timer resolution =10.000000 MHz
[2019.03.28-20.02.11:243][  0]LogMemory: Memory total: Physical=15.9GB (16GB approx)
[2019.03.28-20.02.11:243][  0]LogMemory: Platform Memory Stats for Windows
[2019.03.28-20.02.11:243][  0]LogMemory: Process Physical Memory: 100.63 MB used, 100.63 MB peak
[2019.03.28-20.02.11:243][  0]LogMemory: Process Virtual Memory: 90.84 MB used, 90.84 MB peak
[2019.03.28-20.02.11:243][  0]LogMemory: Physical Memory: 10266.20 MB used,  5990.68 MB free, 16256.88 MB total
[2019.03.28-20.02.11:243][  0]LogMemory: Virtual Memory: 4643.89 MB used,  5990.68 MB free, 134217728.00 MB total
[2019.03.28-20.02.11:263][  0]LogInit: Using OS detected language (en-US).
[2019.03.28-20.02.11:263][  0]LogInit: Using OS detected locale (en-US).
[2019.03.28-20.02.11:264][  0]LogTextLocalizationManager: No specific localization for 'en-US' exists, so the 'en' localization will be used.
[2019.03.28-20.02.11:608][  0]LogStreaming: Display: Took  0.346s to InitEngineTextLocalization.
[2019.03.28-20.02.11:608][  0]LogInit: Setting process to per monitor DPI aware
[2019.03.28-20.02.11:656][  0]LogSlate: New Slate User Created.  User Index 0, Is Virtual User: 0
[2019.03.28-20.02.11:656][  0]LogSlate: Slate User Registered.  User Index 0, Is Virtual User: 0
[2019.03.28-20.02.11:896][  0]LogHMD: Failed to initialize OpenVR with code 110
[2019.03.28-20.02.11:896][  0]LogD3D11RHI: D3D11 adapters:
[2019.03.28-20.02.11:947][  0]LogD3D11RHI:    0. 'NVIDIA GeForce GTX 1070' (Feature Level 11_0)
[2019.03.28-20.02.11:947][  0]LogD3D11RHI:       8081/0/8128 MB DedicatedVideo/DedicatedSystem/SharedSystem, Outputs:1, VendorId:0x10de
[2019.03.28-20.02.11:970][  0]LogD3D11RHI:    1. 'Intel(R) HD Graphics 630' (Feature Level 11_0)
[2019.03.28-20.02.11:970][  0]LogD3D11RHI:       128/0/8128 MB DedicatedVideo/DedicatedSystem/SharedSystem, Outputs:0, VendorId:0x8086
[2019.03.28-20.02.11:971][  0]LogD3D11RHI:    2. 'Microsoft Basic Render Driver' (Feature Level 11_0)
[2019.03.28-20.02.11:972][  0]LogD3D11RHI:       0/0/8128 MB DedicatedVideo/DedicatedSystem/SharedSystem, Outputs:0, VendorId:0x1414
[2019.03.28-20.02.11:972][  0]LogD3D11RHI: Chosen D3D11 Adapter: 0
[2019.03.28-20.02.11:978][  0]LogD3D11RHI: Creating new Direct3DDevice
[2019.03.28-20.02.11:978][  0]LogD3D11RHI:     GPU DeviceId: 0x1be1 (for the marketing name, search the web for "GPU Device Id")
[2019.03.28-20.02.11:978][  0]LogWindows: EnumDisplayDevices:
[2019.03.28-20.02.11:978][  0]LogWindows:    0. 'NVIDIA GeForce GTX 1070' (P:1 D:1)
[2019.03.28-20.02.11:978][  0]LogWindows:    1. 'NVIDIA GeForce GTX 1070' (P:0 D:0)
[2019.03.28-20.02.11:979][  0]LogWindows:    2. 'NVIDIA GeForce GTX 1070' (P:0 D:0)
[2019.03.28-20.02.11:979][  0]LogWindows:    3. 'NVIDIA GeForce GTX 1070' (P:0 D:0)
[2019.03.28-20.02.11:979][  0]LogWindows:    4. 'Intel(R) HD Graphics 630' (P:0 D:0)
[2019.03.28-20.02.11:979][  0]LogWindows:    5. 'Intel(R) HD Graphics 630' (P:0 D:0)
[2019.03.28-20.02.11:979][  0]LogWindows:    6. 'Intel(R) HD Graphics 630' (P:0 D:0)
[2019.03.28-20.02.11:980][  0]LogWindows: DebugString: PrimaryIsNotTheChoosenAdapter PrimaryIsNotTheChoosenAdapter PrimaryIsNotTheChoosenAdapter FoundDriverCount:4 
[2019.03.28-20.02.11:980][  0]LogD3D11RHI:     Adapter Name: NVIDIA GeForce GTX 1070
[2019.03.28-20.02.11:980][  0]LogD3D11RHI:   Driver Version: 419.35 (internal:25.21.14.1935, unified:419.35)
[2019.03.28-20.02.11:980][  0]LogD3D11RHI:      Driver Date: 3-1-2019
[2019.03.28-20.02.11:980][  0]LogRHI: Texture pool is 5656 MB (70% of 8081 MB)
[2019.03.28-20.02.12:017][  0]LogD3D11RHI: Async texture creation enabled
[2019.03.28-20.02.12:031][  0]LogD3D11RHI: GPU Timing Frequency: 1000.000000 (Debug: 2 1)
[2019.03.28-20.02.12:075][  0]LogShaderCompilers: Guid format shader working directory is -53 characters bigger than the processId version (../../../../../../Users/JF/Documents/GitHub/Game260Development/Resources/VehicleMovementProject/Intermediate/Shaders/WorkingDirectory/17484/).
[2019.03.28-20.02.12:075][  0]LogShaderCompilers: Cleaned the shader compiler working directory 'C:/Users/JF/AppData/Local/Temp/UnrealShaderWorkingDir/8F001A524D81DAB33942DBBA91FECDE5/'.
[2019.03.28-20.02.12:371][  0]LogTemp: Display: Loaded TP AllDesktopTargetPlatform
[2019.03.28-20.02.12:387][  0]LogTemp: Display: Loaded TP MacClientTargetPlatform
[2019.03.28-20.02.12:405][  0]LogTemp: Display: Loaded TP MacNoEditorTargetPlatform
[2019.03.28-20.02.12:418][  0]LogTemp: Display: Loaded TP MacServerTargetPlatform
[2019.03.28-20.02.12:431][  0]LogTemp: Display: Loaded TP MacTargetPlatform
[2019.03.28-20.02.12:443][  0]LogTemp: Display: Loaded TP WindowsClientTargetPlatform
[2019.03.28-20.02.12:458][  0]LogTemp: Display: Loaded TP WindowsNoEditorTargetPlatform
[2019.03.28-20.02.12:476][  0]LogTemp: Display: Loaded TP WindowsServerTargetPlatform
[2019.03.28-20.02.12:482][  0]LogTemp: Display: Loaded TP WindowsTargetPlatform
[2019.03.28-20.02.12:560][  0]LogTemp: Display: Loaded TP AndroidTargetPlatform
[2019.03.28-20.02.12:560][  0]LogTemp: Display: Loaded TP AndroidTargetPlatform
[2019.03.28-20.02.12:560][  0]LogTemp: Display: Loaded TP AndroidTargetPlatform
[2019.03.28-20.02.12:560][  0]LogTemp: Display: Loaded TP AndroidTargetPlatform
[2019.03.28-20.02.12:560][  0]LogTemp: Display: Loaded TP AndroidTargetPlatform
[2019.03.28-20.02.12:560][  0]LogTemp: Display: Loaded TP AndroidTargetPlatform
[2019.03.28-20.02.12:560][  0]LogTemp: Display: Loaded TP AndroidTargetPlatform
[2019.03.28-20.02.12:560][  0]LogTemp: Display: Loaded TP AndroidTargetPlatform
[2019.03.28-20.02.12:560][  0]LogTemp: Display: Loaded TP AndroidTargetPlatform
[2019.03.28-20.02.12:560][  0]LogTemp: Display: Loaded TP AndroidTargetPlatform
[2019.03.28-20.02.12:560][  0]LogTemp: Display: Loaded TP AndroidTargetPlatform
[2019.03.28-20.02.12:560][  0]LogTemp: Display: Loaded TP AndroidTargetPlatform
[2019.03.28-20.02.12:560][  0]LogTemp: Display: Loaded TP AndroidTargetPlatform
[2019.03.28-20.02.12:560][  0]LogTemp: Display: Loaded TP AndroidTargetPlatform
[2019.03.28-20.02.12:560][  0]LogTemp: Display: Loaded TP AndroidTargetPlatform
[2019.03.28-20.02.12:560][  0]LogTemp: Display: Loaded TP AndroidTargetPlatform
[2019.03.28-20.02.12:560][  0]LogTemp: Display: Loaded TP AndroidTargetPlatform
[2019.03.28-20.02.12:560][  0]LogTemp: Display: Loaded TP AndroidTargetPlatform
[2019.03.28-20.02.12:561][  0]LogTemp: Display: Loaded TP HTML5TargetPlatform
[2019.03.28-20.02.12:619][  0]LogTemp: Display: Loaded TP IOSTargetPlatform
[2019.03.28-20.02.12:619][  0]LogTemp: Display: Loaded TP IOSTargetPlatform
[2019.03.28-20.02.12:640][  0]LogTemp: Display: Loaded TP TVOSTargetPlatform
[2019.03.28-20.02.12:640][  0]LogTemp: Display: Loaded TP TVOSTargetPlatform
[2019.03.28-20.02.12:651][  0]LogTemp: Display: Loaded TP LinuxClientTargetPlatform
[2019.03.28-20.02.12:666][  0]LogTemp: Display: Loaded TP LinuxNoEditorTargetPlatform
[2019.03.28-20.02.12:681][  0]LogTemp: Display: Loaded TP LinuxServerTargetPlatform
[2019.03.28-20.02.12:696][  0]LogTemp: Display: Loaded TP LinuxTargetPlatform
[2019.03.28-20.02.12:707][  0]LogTemp: Display: Loaded TP LuminTargetPlatform
[2019.03.28-20.02.12:707][  0]LogTargetPlatformManager: Display: Building Assets For Windows
[2019.03.28-20.02.12:759][  0]LogXGEController: Cannot use XGE Controller as Incredibuild is not installed on this machine.
[2019.03.28-20.02.12:759][  0]LogShaderCompilers: Cannot use XGE Shader Compiler as Incredibuild is not installed on this machine.
[2019.03.28-20.02.12:759][  0]LogShaderCompilers: Display: Using Local Shader Compiler.
[2019.03.28-20.02.13:567][  0]LogDerivedDataCache: Display: Max Cache Size: 512 MB
[2019.03.28-20.02.13:623][  0]LogDerivedDataCache: Loaded boot cache 0.06s 74MB C:/Users/JF/AppData/Local/UnrealEngine/4.20/DerivedDataCache/Boot.ddc.
[2019.03.28-20.02.13:624][  0]LogDerivedDataCache: Display: Loaded Boot cache: C:/Users/JF/AppData/Local/UnrealEngine/4.20/DerivedDataCache/Boot.ddc
[2019.03.28-20.02.13:624][  0]LogDerivedDataCache: FDerivedDataBackendGraph:  Pak pak cache file ../../../../../../Users/JF/Documents/GitHub/Game260Development/Resources/VehicleMovementProject/DerivedDataCache/DDC.ddp not found, will not use a pak cache.
[2019.03.28-20.02.13:624][  0]LogDerivedDataCache: Unable to find inner node Pak for hierarchical cache Hierarchy.
[2019.03.28-20.02.13:624][  0]LogDerivedDataCache: FDerivedDataBackendGraph:  CompressedPak pak cache file ../../../../../../Users/JF/Documents/GitHub/Game260Development/Resources/VehicleMovementProject/DerivedDataCache/Compressed.ddp not found, will not use a pak cache.
[2019.03.28-20.02.13:624][  0]LogDerivedDataCache: Unable to find inner node CompressedPak for hierarchical cache Hierarchy.
[2019.03.28-20.02.13:638][  0]LogDerivedDataCache: Display: Pak cache opened for reading ../../../Engine/DerivedDataCache/Compressed.ddp.
[2019.03.28-20.02.13:650][  0]LogDerivedDataCache: Using Local data cache path C:/Users/JF/AppData/Local/UnrealEngine/Common/DerivedDataCache: Writable
[2019.03.28-20.02.13:650][  0]LogDerivedDataCache: Shared data cache path not found in *engine.ini, will not use an Shared cache.
[2019.03.28-20.02.13:650][  0]LogDerivedDataCache: Unable to find inner node Shared for hierarchical cache Hierarchy.
[2019.03.28-20.02.13:667][  0]LogMaterial: Verifying Global Shaders for PCD3D_SM5
[2019.03.28-20.02.13:668][  0]LogSlate: Using FreeType 2.6.0
[2019.03.28-20.02.13:669][  0]LogSlate: SlateFontServices - WITH_FREETYPE: 1, WITH_HARFBUZZ: 1
[2019.03.28-20.02.13:741][  0]LogAssetRegistry: FAssetRegistry took 0.0281 seconds to start up
[2019.03.28-20.02.14:058][  0]LogInit: Selected Device Profile: [Windows]
[2019.03.28-20.02.14:102][  0]LogSimplygon: Simplygon DLL not present - disabling.
[2019.03.28-20.02.14:105][  0]LogMeshReduction: Using SimplygonSwarm for distributed automatic mesh merging
[2019.03.28-20.02.14:105][  0]LogMeshReduction: Using ProxyLODMeshReduction for automatic mesh merging
[2019.03.28-20.02.14:105][  0]LogMeshReduction: Using QuadricMeshReduction for automatic static mesh reduction
[2019.03.28-20.02.14:105][  0]LogMeshReduction: No automatic skeletal mesh reduction module available
[2019.03.28-20.02.14:206][  0]LogNetVersion: VehicleMovement 1.0.0, NetCL: 4212847, EngineNetVer: 5, GameNetVer: 0 (Checksum: 2966596176)
[2019.03.28-20.02.14:739][  0]LogPackageLocalizationCache: Processed 11 localized package path(s) for 2 prioritized culture(s) in 0.102098 seconds
[2019.03.28-20.02.14:745][  0]LogUObjectArray: 38434 objects as part of root set at end of initial load.
[2019.03.28-20.02.14:745][  0]LogUObjectAllocator: 6701144 out of 0 bytes used by permanent object pool.
[2019.03.28-20.02.14:745][  0]LogUObjectArray: CloseDisregardForGC: 0/0 objects in disregard for GC pool
[2019.03.28-20.02.15:538][  0]LogTcpMessaging: Initializing TcpMessaging bridge
[2019.03.28-20.02.15:552][  0]LogUdpMessaging: Initializing bridge on interface 0.0.0.0:0 to multicast group 230.0.0.1:6666.
[2019.03.28-20.02.15:553][  0]FUdpSocketBuilder: Failed to subscribe UdpMessageMulticastSocket to multicast group 230.0.0.1
[2019.03.28-20.02.15:553][  0]FUdpSocketBuilder: Failed to create and initialize socket UdpMessageMulticastSocket (last error: 0)
[2019.03.28-20.02.15:553][  0]LogUdpMessaging: Warning: StartTransport failed to create multicast socket on 0.0.0.0:0, joined to 230.0.0.1:6666 with TTL 1
[2019.03.28-20.02.15:778][  0]SourceControl: Source control is disabled
[2019.03.28-20.02.15:778][  0]SourceControl: Source control is disabled
[2019.03.28-20.02.15:779][  0]SourceControl: Source control is disabled
[2019.03.28-20.02.15:780][  0]SourceControl: Source control is disabled
[2019.03.28-20.02.15:937][  0]LogAndroidPermission: UAndroidPermissionCallbackProxy::GetInstance
[2019.03.28-20.02.16:162][  0]LogOcInput: OculusInput pre-init called
[2019.03.28-20.02.16:219][  0]LogEngine: Initializing Engine...
[2019.03.28-20.02.16:220][  0]LogHMD: Failed to initialize OpenVR with code 110
[2019.03.28-20.02.16:221][  0]LogStats: UGameplayTagsManager::ConstructGameplayTagTree: ImportINI prefixes -  0.000 s
[2019.03.28-20.02.16:221][  0]LogStats: UGameplayTagsManager::ConstructGameplayTagTree: Construct from data asset -  0.000 s
[2019.03.28-20.02.16:222][  0]LogStats: UGameplayTagsManager::ConstructGameplayTagTree: ImportINI -  0.000 s
[2019.03.28-20.02.16:222][  0]LogStats: UGameplayTagsManager::ConstructGameplayTagTree: GameplayTagTreeChangedEvent.Broadcast -  0.000 s
[2019.03.28-20.02.16:412][  0]LogInit: Initializing FReadOnlyCVARCache
[2019.03.28-20.02.16:422][  0]LogAIModule: Creating AISystem for world Untitled
[2019.03.28-20.02.16:521][  0]LogInit: XAudio2 using 'Headphones (WH-CH700N Stereo)' : 2 channels at 44.1 kHz using 16 bits per sample (channel mask 0x3)
[2019.03.28-20.02.16:546][  0]LogInit: FAudioDevice initialized.
[2019.03.28-20.02.16:546][  0]LogNetVersion: Set ProjectVersion to 1.0.0.0. Version Checksum will be recalculated on next use.
[2019.03.28-20.02.16:587][  0]LogDerivedDataCache: Saved boot cache 0.04s 74MB C:/Users/JF/AppData/Local/UnrealEngine/4.20/DerivedDataCache/Boot.ddc.
[2019.03.28-20.02.16:597][  0]LogInit: Texture streaming: Enabled
[2019.03.28-20.02.16:609][  0]LogEngineSessionManager: EngineSessionManager initialized
[2019.03.28-20.02.16:630][  0]LogInit: Transaction tracking system initialized
[2019.03.28-20.02.16:646][  0]BlueprintLog: New page: Editor Load
[2019.03.28-20.02.16:710][  0]LocalizationService: Localization service is disabled
[2019.03.28-20.02.16:936][  0]LogCook: Display: Max memory allowance for cook 16384mb min free memory 0mb
[2019.03.28-20.02.16:936][  0]LogCook: Display: Mobile HDR setting 1
[2019.03.28-20.02.16:936][  0]LogGameplayTags: Display: UGameplayTagsManager::DoneAddingNativeTags. DelegateIsBound: 0
[2019.03.28-20.02.16:936][  0]LogStats: UGameplayTagsManager::ConstructGameplayTagTree: ImportINI prefixes -  0.000 s
[2019.03.28-20.02.16:936][  0]LogStats: UGameplayTagsManager::ConstructGameplayTagTree: Construct from data asset -  0.000 s
[2019.03.28-20.02.16:936][  0]LogStats: UGameplayTagsManager::ConstructGameplayTagTree: ImportINI -  0.000 s
[2019.03.28-20.02.16:936][  0]LogStats: UGameplayTagsManager::ConstructGameplayTagTree: GameplayTagTreeChangedEvent.Broadcast -  0.000 s
[2019.03.28-20.02.17:031][  0]LogFileCache: Scanning file cache for directory 'C:/Users/JF/Documents/GitHub/Game260Development/Resources/VehicleMovementProject/Content/' took 0.01s
[2019.03.28-20.02.17:032][  0]SourceControl: Source control is disabled
[2019.03.28-20.02.17:032][  0]LightingResults: New page: Lighting Build
[2019.03.28-20.02.17:034][  0]MapCheck: New page: Map Check
[2019.03.28-20.02.17:034][  0]LightingResults: New page: Lighting Build
[2019.03.28-20.02.17:276][  0]LogLinker: Warning: Can't find file '/Game/MultiplayerTemplate/Levels/MainMenuMap_BuiltData'
[2019.03.28-20.02.17:276][  0]LogLinker: Warning: Can't find file for asset '/Game/MultiplayerTemplate/Levels/MainMenuMap_BuiltData' while loading ../../../../../../Users/JF/Documents/GitHub/Game260Development/Resources/VehicleMovementProject/Content/MultiplayerTemplate/Levels/MainMenuMap.umap.
[2019.03.28-20.02.17:276][  0]LoadErrors: Error: /Game/MultiplayerTemplate/Levels/MainMenuMap : Can't find file for asset. /Game/MultiplayerTemplate/Levels/MainMenuMap_BuiltData
[2019.03.28-20.02.17:277][  0]LogLinker: Warning: Can't find file '/Game/MultiplayerTemplate/Levels/MainMenuMap_BuiltData'
[2019.03.28-20.02.17:277][  0]LogLinker: Warning: Can't find file for asset '/Game/MultiplayerTemplate/Levels/MainMenuMap_BuiltData' while loading ../../../../../../Users/JF/Documents/GitHub/Game260Development/Resources/VehicleMovementProject/Content/MultiplayerTemplate/Levels/MainMenuMap.umap.
[2019.03.28-20.02.17:277][  0]LoadErrors: Error: /Game/MultiplayerTemplate/Levels/MainMenuMap : Can't find file for asset. /Game/MultiplayerTemplate/Levels/MainMenuMap_BuiltData
[2019.03.28-20.02.17:278][  0]LogLinker: Warning: Can't find file '/Game/MultiplayerTemplate/Levels/MainMenuMap_BuiltData'
[2019.03.28-20.02.17:278][  0]LogLinker: Warning: Can't find file for asset '/Game/MultiplayerTemplate/Levels/MainMenuMap_BuiltData' while loading NULL.
[2019.03.28-20.02.17:278][  0]LogLinker: Warning: Can't find file '/Game/MultiplayerTemplate/Levels/MainMenuMap_BuiltData'
[2019.03.28-20.02.17:278][  0]LogLinker: Warning: Can't find file for asset '/Game/MultiplayerTemplate/Levels/MainMenuMap_BuiltData' while loading NULL.
[2019.03.28-20.02.17:282][  0]LogLinker: Warning: Can't find file '/Game/MultiplayerTemplate/Levels/MainMenuMap_BuiltData'
[2019.03.28-20.02.17:282][  0]LoadErrors: Failed to load /Game/MultiplayerTemplate/Levels/MainMenuMap_BuiltData.MainMenuMap_BuiltData Referenced by PersistentLevel
[2019.03.28-20.02.17:282][  0]LogLinker: Warning: Can't find file for asset '/Game/MultiplayerTemplate/Levels/MainMenuMap_BuiltData' while loading NULL.
[2019.03.28-20.02.17:283][  0]LoadErrors: Failed to load /Game/MultiplayerTemplate/Levels/MainMenuMap_BuiltData.MainMenuMap_BuiltData Referenced by PersistentLevel
[2019.03.28-20.02.17:416][  0]LogAIModule: Creating AISystem for world MainMenuMap
[2019.03.28-20.02.17:420][  0]LogEditorServer: Finished looking for orphan Actors (0.000 secs)
[2019.03.28-20.02.17:441][  0]Cmd: MAP CHECKDEP NOCLEARLOG
[2019.03.28-20.02.17:508][  0]MapCheck: Map check complete: 0 Error(s), 0 Warning(s), took 66.305ms to complete.
[2019.03.28-20.02.17:508][  0]LogFileHelpers: Loading map 'MainMenuMap' took 0.476
[2019.03.28-20.02.17:601][  0]LogCollectionManager: Loaded 0 collections in 0.000979 seconds
[2019.03.28-20.02.17:647][  0]LogFileCache: Scanning file cache for directory 'C:/Users/JF/Documents/GitHub/Game260Development/Resources/VehicleMovementProject/Saved/Collections/' took 0.01s
[2019.03.28-20.02.17:647][  0]LogFileCache: Scanning file cache for directory 'C:/Users/JF/Documents/GitHub/Game260Development/Resources/VehicleMovementProject/Content/Developers/JF/Collections/' took 0.01s
[2019.03.28-20.02.17:647][  0]LogFileCache: Scanning file cache for directory 'C:/Users/JF/Documents/GitHub/Game260Development/Resources/VehicleMovementProject/Content/Collections/' took 0.01s
[2019.03.28-20.02.17:647][  0]LogCollectionManager: Rebuilt the GUID cache for 0 collections in 0.000000 seconds
[2019.03.28-20.02.17:658][  0]LogContentBrowser: Native class hierarchy populated in 0.0101 seconds. Added 2613 classes and 619 folders.
[2019.03.28-20.02.17:662][  0]LogContentBrowser: Native class hierarchy updated for 'WidgetCarousel' in 0.0003 seconds. Added 0 classes and 0 folders.
[2019.03.28-20.02.17:714][  0]LogContentBrowser: Native class hierarchy updated for 'AddContentDialog' in 0.0003 seconds. Added 0 classes and 0 folders.
[2019.03.28-20.02.17:736][  0]LogSlate: Updating window title bar state: overlay mode, drag disabled, window buttons hidden, title bar hidden
[2019.03.28-20.02.17:745][  0]LogSlate: Updating window title bar state: overlay mode, drag disabled, window buttons hidden, title bar hidden
[2019.03.28-20.02.17:753][  0]LogSlate: Updating window title bar state: overlay mode, drag disabled, window buttons hidden, title bar hidden
[2019.03.28-20.02.17:761][  0]LogSlate: Updating window title bar state: overlay mode, drag disabled, window buttons hidden, title bar hidden
[2019.03.28-20.02.17:766][  0]LogContentBrowser: Native class hierarchy updated for 'SceneOutliner' in 0.0003 seconds. Added 1 classes and 2 folders.
[2019.03.28-20.02.17:813][  0]LogContentBrowser: Native class hierarchy updated for 'HierarchicalLODOutliner' in 0.0004 seconds. Added 0 classes and 0 folders.
[2019.03.28-20.02.17:813][  0]LogLoad: (Engine Initialization) Total time: 8.35 seconds
[2019.03.28-20.02.17:813][  0]LogLoad: (Engine Initialization) Total Blueprint compile time: 0.00 seconds
[2019.03.28-20.02.17:832][  0]LogRawInputWindows: Warning: Found device 0 devices
[2019.03.28-20.02.17:832][  0]LogRawInputWindows: Warning: Found device 0 devices
[2019.03.28-20.02.17:832][  0]LogRawInputWindows: Warning: Device was registered succesfully but not connected (Usage:4 UsagePage:1)
[2019.03.28-20.02.17:832][  0]LogRawInputWindows: Warning: Found device 1 devices
[2019.03.28-20.02.17:832][  0]LogRawInputWindows: Warning: Device was registered succesfully but not connected (Usage:5 UsagePage:1)
[2019.03.28-20.02.17:851][  0]LogContentStreaming: Texture pool size now 1000 MB
[2019.03.28-20.02.17:860][  0]LogSlate: FSceneViewport::OnFocusLost() reason 2
[2019.03.28-20.02.17:865][  0]LogSlate: Took 0.000179 seconds to synchronously load lazily loaded font '../../../Engine/Content/Slate/Fonts/Roboto-Regular.ttf' (155K)
[2019.03.28-20.02.17:866][  0]LogSlate: Took 0.000131 seconds to synchronously load lazily loaded font '../../../Engine/Content/Slate/Fonts/Roboto-Bold.ttf' (160K)
[2019.03.28-20.02.17:867][  0]LogSlate: Took 0.000127 seconds to synchronously load lazily loaded font '../../../Engine/Content/Editor/Slate/Fonts/FontAwesome.ttf' (139K)
[2019.03.28-20.02.17:980][  0]LogRenderer: Reallocating scene render targets to support 732x596 Format 10 NumSamples 1 (Frame:1).
[2019.03.28-20.02.18:161][  1]LogAssetRegistry: Asset discovery search completed in 4.4432 seconds
[2019.03.28-20.02.18:162][  1]LogCollectionManager: Rebuilt the object cache for 0 collections in 0.000000 seconds (found 0 objects)
[2019.03.28-20.02.18:163][  1]LogCollectionManager: Fixed up redirectors for 0 collections in 0.000042 seconds (updated 0 objects)
[2019.03.28-20.02.20:249][ 78]LogSlate: Window 'Message Log' being destroyed
[2019.03.28-20.02.20:276][ 78]LogSlate: Window 'Message Log' being destroyed
[2019.03.28-20.02.22:873][184]LogSlate: FSceneViewport::OnFocusLost() reason 2
[2019.03.28-20.02.24:154][215]LogTemp: Repeating last play command: Selected Viewport
[2019.03.28-20.02.24:171][215]LogBlueprintUserMessages: Early PlayInEditor Detection: Level '/Game/MultiplayerTemplate/Levels/MainMenuMap.MainMenuMap:PersistentLevel' has LevelScriptBlueprint '/Game/MultiplayerTemplate/Levels/MainMenuMap.MainMenuMap:PersistentLevel.MainMenuMap' with GeneratedClass '/Game/MultiplayerTemplate/Levels/MainMenuMap.MainMenuMap_C' with ClassGeneratedBy '/Game/MultiplayerTemplate/Levels/MainMenuMap.MainMenuMap:PersistentLevel.MainMenuMap'
[2019.03.28-20.02.24:173][215]LogPlayLevel: PlayLevel: No blueprints needed recompiling
[2019.03.28-20.02.24:178][215]LogOnline: Warning: STEAM: Steam API disabled!
[2019.03.28-20.02.24:178][215]LogOnline: Display: STEAM: OnlineSubsystemSteam::Shutdown()
[2019.03.28-20.02.24:199][215]PIE: New page: PIE session: MainMenuMap (Mar 28, 2019, 12:02:24 PM)
[2019.03.28-20.02.24:200][215]LogPlayLevel: Creating play world package: /Game/MultiplayerTemplate/Levels/UEDPIE_1_MainMenuMap
[2019.03.28-20.02.24:205][215]LogPlayLevel: PIE: StaticDuplicateObject took: (0.005010s)
[2019.03.28-20.02.24:206][215]LogAIModule: Creating AISystem for world MainMenuMap
[2019.03.28-20.02.24:215][215]LogPlayLevel: PIE: World Init took: (0.009806s)
[2019.03.28-20.02.24:217][215]LogPlayLevel: PIE: Created PIE world by copying editor world from /Game/MultiplayerTemplate/Levels/MainMenuMap.MainMenuMap to /Game/MultiplayerTemplate/Levels/UEDPIE_1_MainMenuMap.MainMenuMap (0.016366s)
[2019.03.28-20.02.24:240][215]AdvancedFriendsInterfaceLog: Warning: UAdvancedFriendsInstance Failed to get voice interface!
[2019.03.28-20.02.24:267][215]LogInit: XAudio2 using 'Headphones (WH-CH700N Stereo)' : 2 channels at 44.1 kHz using 16 bits per sample (channel mask 0x3)
[2019.03.28-20.02.24:276][215]LogInit: FAudioDevice initialized.
[2019.03.28-20.02.24:279][215]LogSlate: FSceneViewport::OnFocusLost() reason 2
[2019.03.28-20.02.24:325][215]LogLoad: Game class is 'MainMenuGameMode_C'
[2019.03.28-20.02.24:338][215]LogWorld: Bringing World /Game/MultiplayerTemplate/Levels/UEDPIE_1_MainMenuMap.MainMenuMap up for play (max tick rate 60) at 2019.03.28-16.02.24
[2019.03.28-20.02.24:340][215]LogWorld: Bringing up level for play took: 0.002205
[2019.03.28-20.02.24:368][215]LogContentBrowser: Native class hierarchy updated for 'MovieSceneCapture' in 0.0003 seconds. Added 10 classes and 0 folders.
[2019.03.28-20.02.24:373][215]LogOnline: Warning: STEAM: Steam API disabled!
[2019.03.28-20.02.24:373][215]LogOnline: Display: STEAM: OnlineSubsystemSteam::Shutdown()
[2019.03.28-20.02.24:374][215]LogTemp: Display: ParseSettings for GameNetDriver
[2019.03.28-20.02.24:375][215]LogTemp: Display: ParseSettings for IpNetDriver_0
[2019.03.28-20.02.24:375][215]LogTemp: Display: ParseSettings for GameNetDriver
[2019.03.28-20.02.24:376][215]LogNet: ReplicationDriverClass is null! Not using ReplicationDriver.
[2019.03.28-20.02.24:376][215]LogInit: WinSock: Socket queue 131072 / 131072
[2019.03.28-20.02.24:378][215]LogInit: WinSock: I am DESKTOP-F5MDPNI (99.247.231.14:0)
[2019.03.28-20.02.24:379][215]PacketHandlerLog: Loaded PacketHandler component: Engine.EngineHandlerComponentFactory (StatelessConnectHandlerComponent)
[2019.03.28-20.02.24:379][215]LogNet: GameNetDriver IpNetDriver_0 IpNetDriver listening on port 17777
[2019.03.28-20.02.24:391][215]PIE: Play in editor start time for /Game/MultiplayerTemplate/Levels/UEDPIE_1_MainMenuMap -0.638
[2019.03.28-20.02.24:396][215]PIE: New page: PIE session: MainMenuMap (Mar 28, 2019, 12:02:24 PM)
[2019.03.28-20.02.24:398][215]AdvancedFriendsInterfaceLog: Warning: UAdvancedFriendsInstance Failed to get voice interface!
[2019.03.28-20.02.24:409][215]LogSlate: FSceneViewport::OnFocusLost() reason 2
[2019.03.28-20.02.24:411][215]LogSlate: Updating window title bar state: overlay mode, drag disabled, window buttons hidden, title bar hidden
[2019.03.28-20.02.24:462][215]LogNet: Browse: 127.0.0.1:17777//Game/MultiplayerTemplate/Levels/MainMenuMap
[2019.03.28-20.02.24:462][215]LogOnline: Warning: STEAM: Steam API disabled!
[2019.03.28-20.02.24:462][215]LogOnline: Display: STEAM: OnlineSubsystemSteam::Shutdown()
[2019.03.28-20.02.24:463][215]LogTemp: Display: ParseSettings for GameNetDriver
[2019.03.28-20.02.24:463][215]LogTemp: Display: ParseSettings for IpNetDriver_1
[2019.03.28-20.02.24:463][215]LogTemp: Display: ParseSettings for PendingNetDriver
[2019.03.28-20.02.24:463][215]LogInit: WinSock: Socket queue 32768 / 32768
[2019.03.28-20.02.24:463][215]PacketHandlerLog: Loaded PacketHandler component: Engine.EngineHandlerComponentFactory (StatelessConnectHandlerComponent)
[2019.03.28-20.02.24:464][215]LogNet: Game client on port 17777, rate 10000
[2019.03.28-20.02.24:466][215]PIE: Play in editor start time for /Game/MultiplayerTemplate/Levels/MainMenuMap -0.563
[2019.03.28-20.02.24:475][215]LogBlueprintUserMessages: Late PlayInEditor Detection: Level '/Game/MultiplayerTemplate/Levels/MainMenuMap.MainMenuMap:PersistentLevel' has LevelScriptBlueprint '/Game/MultiplayerTemplate/Levels/MainMenuMap.MainMenuMap:PersistentLevel.MainMenuMap' with GeneratedClass '/Game/MultiplayerTemplate/Levels/MainMenuMap.MainMenuMap_C' with ClassGeneratedBy '/Game/MultiplayerTemplate/Levels/MainMenuMap.MainMenuMap:PersistentLevel.MainMenuMap'
[2019.03.28-20.02.24:477][215]LogNet: NotifyAcceptingConnection accepted from: 127.0.0.1:63315
[2019.03.28-20.02.24:477][215]LogHandshake: SendConnectChallenge. Timestamp: 0.042021, Cookie: 160200064194112194098041219180205108227179124186004087073155
[2019.03.28-20.02.24:486][215]LogHandshake: SendChallengeResponse. Timestamp: 0.042021, Cookie: 160200064194112194098041219180205108227179124186004087073155
[2019.03.28-20.02.24:545][216]LogNet: NotifyAcceptingConnection accepted from: 127.0.0.1:63315
[2019.03.28-20.02.24:545][216]LogHandshake: SendChallengeAck. InCookie: 160200064194112194098041219180205108227179124186004087073155
[2019.03.28-20.02.24:545][216]LogNet: Server accepting post-challenge connection from: 127.0.0.1:63315
[2019.03.28-20.02.24:546][216]PacketHandlerLog: Loaded PacketHandler component: Engine.EngineHandlerComponentFactory (StatelessConnectHandlerComponent)
[2019.03.28-20.02.24:546][216]LogNet: NotifyAcceptedConnection: Name: MainMenuMap, TimeStamp: 03/28/19 16:02:24, [UNetConnection] RemoteAddr: 127.0.0.1:63315, Name: IpConnection_1, Driver: GameNetDriver IpNetDriver_0, IsServer: YES, PC: NULL, Owner: NULL, UniqueId: INVALID
[2019.03.28-20.02.24:546][216]LogNet: AddClientConnection: Added client connection: [UNetConnection] RemoteAddr: 127.0.0.1:63315, Name: IpConnection_1, Driver: GameNetDriver IpNetDriver_0, IsServer: YES, PC: NULL, Owner: NULL, UniqueId: INVALID
[2019.03.28-20.02.24:548][216]LogNetVersion: VehicleMovement 1.0.0.0, NetCL: 4212847, EngineNetVer: 5, GameNetVer: 0 (Checksum: 1433232907)
[2019.03.28-20.02.24:548][216]LogNet: UPendingNetGame::SendInitialJoin: Sending hello. [UNetConnection] RemoteAddr: 127.0.0.1:17777, Name: IpConnection_0, Driver: PendingNetDriver IpNetDriver_1, IsServer: NO, PC: NULL, Owner: NULL, UniqueId: INVALID
[2019.03.28-20.02.24:561][217]LogNet: NotifyAcceptingChannel Control 0 server World /Game/MultiplayerTemplate/Levels/UEDPIE_1_MainMenuMap.MainMenuMap: Accepted
[2019.03.28-20.02.24:562][217]LogNet: Remote platform little endian=1
[2019.03.28-20.02.24:562][217]LogNet: This platform little endian=1
[2019.03.28-20.02.24:578][218]LogNet: Login request: /Game/MultiplayerTemplate/Levels/MainMenuMap?Name=DESKTOP-F5MDPNI-9B7F45094718FC9C9A6FC58FF34DEECC userId: DESKTOP-F5MDPNI-9B7F45094718FC9C9A6FC58FF34DEECC
[2019.03.28-20.02.24:579][218]LogNet: Welcomed by server (Level: /Game/MultiplayerTemplate/Levels/UEDPIE_1_MainMenuMap, Game: /Game/MultiplayerTemplate/Blueprints/MainMenu/MainMenuGameMode.MainMenuGameMode_C)
[2019.03.28-20.02.24:592][218]LogLoad: LoadMap: 127.0.0.1:17777//Game/MultiplayerTemplate/Levels/UEDPIE_1_MainMenuMap?game=/Game/MultiplayerTemplate/Blueprints/MainMenu/MainMenuGameMode.MainMenuGameMode_C
[2019.03.28-20.02.24:619][218]LogAIModule: Creating AISystem for world MainMenuMap
[2019.03.28-20.02.24:620][218]LogTemp: Display: ParseSettings for GameNetDriver
[2019.03.28-20.02.24:623][218]LogWorld: Bringing World /Game/MultiplayerTemplate/Levels/UEDPIE_2_MainMenuMap.MainMenuMap up for play (max tick rate 60) at 2019.03.28-16.02.24
[2019.03.28-20.02.24:624][218]LogWorld: Bringing up level for play took: 0.001171
[2019.03.28-20.02.24:624][218]LogLoad: Took 0.032251 seconds to LoadMap(/Game/MultiplayerTemplate/Levels/UEDPIE_1_MainMenuMap)
[2019.03.28-20.02.24:643][219]LogRenderer: Reallocating scene render targets to support 1280x720 Format 10 NumSamples 1 (Frame:1).
[2019.03.28-20.02.24:644][219]LogNet: Client netspeed is 10000
[2019.03.28-20.02.24:644][219]LogNet: Join request: /Game/MultiplayerTemplate/Levels/MainMenuMap?Name=DESKTOP-F5MDPNI-9B7F45094718FC9C9A6FC58FF34DEECC?SplitscreenCount=1
[2019.03.28-20.02.24:645][219]LogOnline: Warning: OSS: No game present to join for session (GameSession)
[2019.03.28-20.02.24:651][219]LogNet: Join succeeded: DESKTOP-F5MDPNI-9B7F
[2019.03.28-20.02.24:669][220]LogOnline: Warning: OSS: No game present to join for session (GameSession)
[2019.03.28-20.02.24:712][222]LogOnline: Warning: OSS: No game present to join for session (GameSession)
[2019.03.28-20.02.27:388][328]LogSlate: FSceneViewport::OnFocusLost() reason 0
[2019.03.28-20.02.27:542][330]LogSlate: Window 'VehicleMovement - Unreal Editor' being destroyed
[2019.03.28-20.02.27:585][330]LogBlueprintUserMessages: Early EndPlayMap Detection: Level '/Game/MultiplayerTemplate/Levels/MainMenuMap.MainMenuMap:PersistentLevel' has LevelScriptBlueprint '/Game/MultiplayerTemplate/Levels/MainMenuMap.MainMenuMap:PersistentLevel.MainMenuMap' with GeneratedClass '/Game/MultiplayerTemplate/Levels/MainMenuMap.MainMenuMap_C' with ClassGeneratedBy '/Game/MultiplayerTemplate/Levels/MainMenuMap.MainMenuMap:PersistentLevel.MainMenuMap'
[2019.03.28-20.02.27:585][330]LogSlate: Updating window title bar state: overlay mode, drag disabled, window buttons hidden, title bar hidden
[2019.03.28-20.02.27:598][330]LogSlate: Window 'VehicleMovement Game Preview Client 1 (64-bit/PCD3D_SM5)' being destroyed
[2019.03.28-20.02.27:599][330]LogWindowsTextInputMethodSystem: Display: IME system now deactivated.
[2019.03.28-20.02.27:602][330]AdvancedFriendsInterfaceLog: Warning: UAdvancedFriendsInstance Failed to get voice interface!
[2019.03.28-20.02.27:633][330]LogOnline: Warning: OSS: No game present to leave for session (GameSession)
[2019.03.28-20.02.27:635][330]LogSlate: Updating window title bar state: overlay mode, drag disabled, window buttons hidden, title bar hidden
[2019.03.28-20.02.27:635][330]AdvancedFriendsInterfaceLog: Warning: UAdvancedFriendsInstance Failed to get voice interface!
[2019.03.28-20.02.27:666][330]LogPlayLevel: Display: Shutting down PIE online subsystems
[2019.03.28-20.02.27:666][330]LogBlueprintUserMessages: Late EndPlayMap Detection: Level '/Game/MultiplayerTemplate/Levels/MainMenuMap.MainMenuMap:PersistentLevel' has LevelScriptBlueprint '/Game/MultiplayerTemplate/Levels/MainMenuMap.MainMenuMap:PersistentLevel.MainMenuMap' with GeneratedClass '/Game/MultiplayerTemplate/Levels/MainMenuMap.MainMenuMap_C' with ClassGeneratedBy '/Game/MultiplayerTemplate/Levels/MainMenuMap.MainMenuMap:PersistentLevel.MainMenuMap'
[2019.03.28-20.02.27:693][330]LogNet: UChannel::CleanUp: ChIndex == 0. Closing connection. [UChannel] ChIndex: 0, Closing: 0 [UNetConnection] RemoteAddr: 127.0.0.1:63315, Name: IpConnection_1, Driver: GameNetDriver IpNetDriver_0, IsServer: YES, PC: None, Owner: None, UniqueId: NULL:DESKTOP-F5MDPNI-9B7F45094718FC9C9A6FC58FF34DEECC
[2019.03.28-20.02.27:693][330]LogNet: UNetConnection::Close: [UNetConnection] RemoteAddr: 127.0.0.1:63315, Name: IpConnection_1, Driver: GameNetDriver IpNetDriver_0, IsServer: YES, PC: None, Owner: None, UniqueId: NULL:DESKTOP-F5MDPNI-9B7F45094718FC9C9A6FC58FF34DEECC, Channels: 2, Time: 2019.03.28-20.02.27
[2019.03.28-20.02.27:693][330]LogNet: UChannel::Close: Sending CloseBunch. ChIndex == 0. Name: [UChannel] ChIndex: 0, Closing: 0 [UNetConnection] RemoteAddr: 127.0.0.1:63315, Name: IpConnection_1, Driver: GameNetDriver IpNetDriver_0, IsServer: YES, PC: None, Owner: None, UniqueId: NULL:DESKTOP-F5MDPNI-9B7F45094718FC9C9A6FC58FF34DEECC
[2019.03.28-20.02.27:693][330]LogNet: UChannel::CleanUp: ChIndex == 0. Closing connection. [UChannel] ChIndex: 0, Closing: 0 [UNetConnection] RemoteAddr: 127.0.0.1:17777, Name: IpConnection_0, Driver: GameNetDriver IpNetDriver_1, IsServer: NO, PC: None, Owner: None, UniqueId: NULL:DESKTOP-F5MDPNI-9B7F45094718FC9C9A6FC58FF34DEECC
[2019.03.28-20.02.27:693][330]LogNet: UNetConnection::Close: [UNetConnection] RemoteAddr: 127.0.0.1:17777, Name: IpConnection_0, Driver: GameNetDriver IpNetDriver_1, IsServer: NO, PC: None, Owner: None, UniqueId: NULL:DESKTOP-F5MDPNI-9B7F45094718FC9C9A6FC58FF34DEECC, Channels: 2, Time: 2019.03.28-20.02.27
[2019.03.28-20.02.27:693][330]LogNet: UChannel::Close: Sending CloseBunch. ChIndex == 0. Name: [UChannel] ChIndex: 0, Closing: 0 [UNetConnection] RemoteAddr: 127.0.0.1:17777, Name: IpConnection_0, Driver: GameNetDriver IpNetDriver_1, IsServer: NO, PC: None, Owner: None, UniqueId: NULL:DESKTOP-F5MDPNI-9B7F45094718FC9C9A6FC58FF34DEECC
[2019.03.28-20.02.27:698][330]LogSlate: Updating window title bar state: overlay mode, drag disabled, window buttons hidden, title bar hidden
[2019.03.28-20.02.27:698][330]LogExit: GameNetDriver None shut down
[2019.03.28-20.02.27:698][330]LogExit: GameNetDriver None shut down
[2019.03.28-20.02.27:813][331]Cmd: QUIT_EDITOR
[2019.03.28-20.02.28:368][331]LogExit: Preparing to exit.
