Log file open, 03/07/19 13:42:17
LogWindows: Failed to load 'aqProf.dll' (GetLastError=126)
LogWindows: File 'aqProf.dll' does not exist
LogWindows: Failed to load 'VSPerf140.dll' (GetLastError=126)
LogWindows: File 'VSPerf140.dll' does not exist
LogWindows: Failed to load 'VtuneApi.dll' (GetLastError=126)
LogWindows: File 'VtuneApi.dll' does not exist
LogWindows: Failed to load 'VtuneApi32e.dll' (GetLastError=126)
LogWindows: File 'VtuneApi32e.dll' does not exist
LogInit: Display: Running engine for game: VehicleMovement
LogPlatformFile: Not using cached read wrapper
LogTaskGraph: Started task graph with 5 named threads and 14 total threads with 3 sets of task threads.
LogStats: Stats thread started at 0.945887
LogD3D11RHI: Loaded GFSDK_Aftermath_Lib.x64.dll
LogICUInternationalization: Display: ICU TimeZone Detection - Raw Offset: -5:00, Platform Override: ''
LogPluginManager: Mounting plugin Paper2D
LogPluginManager: Mounting plugin AISupport
LogPluginManager: Mounting plugin LightPropagationVolume
LogPluginManager: Mounting plugin CLionSourceCodeAccess
LogPluginManager: Mounting plugin CodeLiteSourceCodeAccess
LogPluginManager: Mounting plugin GitSourceControl
LogPluginManager: Mounting plugin KDevelopSourceCodeAccess
LogPluginManager: Mounting plugin NullSourceCodeAccess
LogPluginManager: Mounting plugin PerforceSourceControl
LogPluginManager: Mounting plugin SubversionSourceControl
LogPluginManager: Mounting plugin UObjectPlugin
LogPluginManager: Mounting plugin VisualStudioCodeSourceCodeAccess
LogPluginManager: Mounting plugin VisualStudioSourceCodeAccess
LogPluginManager: Mounting plugin XCodeSourceCodeAccess
LogPluginManager: Mounting plugin AssetManagerEditor
LogPluginManager: Mounting plugin CryptoKeys
LogPluginManager: Mounting plugin DataValidation
LogPluginManager: Mounting plugin FacialAnimation
LogPluginManager: Mounting plugin GameplayTagsEditor
LogPluginManager: Mounting plugin MacGraphicsSwitching
LogPluginManager: Mounting plugin MeshEditor
LogPluginManager: Mounting plugin MobileLauncherProfileWizard
LogPluginManager: Mounting plugin PluginBrowser
LogPluginManager: Mounting plugin SpeedTreeImporter
LogPluginManager: Mounting plugin DatasmithContent
LogPluginManager: Mounting plugin AlembicImporter
LogPluginManager: Mounting plugin AppleImageUtils
LogPluginManager: Mounting plugin AppleVision
LogPluginManager: Mounting plugin BackChannel
LogPluginManager: Mounting plugin CharacterAI
LogPluginManager: Mounting plugin GeometryCache
LogPluginManager: Mounting plugin HTML5Networking
LogPluginManager: Mounting plugin ProxyLODPlugin
LogPluginManager: Mounting plugin RawInput
LogPluginManager: Mounting plugin MagicLeap
LogPluginManager: Mounting plugin MagicLeapEmulator
LogPluginManager: Mounting plugin MagicLeapMedia
LogPluginManager: Mounting plugin AndroidMedia
LogPluginManager: Mounting plugin AvfMedia
LogPluginManager: Mounting plugin ImgMedia
LogPluginManager: Mounting plugin LinearTimecode
LogPluginManager: Mounting plugin MediaCompositing
LogPluginManager: Mounting plugin MediaPlayerEditor
LogPluginManager: Mounting plugin WmfMedia
LogPluginManager: Mounting plugin TcpMessaging
LogPluginManager: Mounting plugin UdpMessaging
LogPluginManager: Mounting plugin ActorSequence
LogPluginManager: Mounting plugin LevelSequenceEditor
LogPluginManager: Mounting plugin MatineeToLevelSequence
LogPluginManager: Mounting plugin NetcodeUnitTest
LogPluginManager: Mounting plugin NUTUnrealEngine4
LogPluginManager: Mounting plugin OnlineSubsystemGooglePlay
LogPluginManager: Mounting plugin OnlineSubsystemIOS
LogPluginManager: Mounting plugin OnlineSubsystem
LogPluginManager: Mounting plugin OnlineSubsystemNull
LogPluginManager: Mounting plugin OnlineSubsystemUtils
LogPluginManager: Mounting plugin LauncherChunkInstaller
LogPluginManager: Mounting plugin AndroidDeviceProfileSelector
LogPluginManager: Mounting plugin AndroidMoviePlayer
LogPluginManager: Mounting plugin AndroidPermission
LogPluginManager: Mounting plugin AppleMoviePlayer
LogPluginManager: Mounting plugin ArchVisCharacter
LogPluginManager: Mounting plugin AudioCapture
LogPluginManager: Mounting plugin CableComponent
LogPluginManager: Mounting plugin CustomMeshComponent
LogPluginManager: Mounting plugin EditableMesh
LogPluginManager: Mounting plugin ExampleDeviceProfileSelector
LogPluginManager: Mounting plugin GoogleCloudMessaging
LogPluginManager: Mounting plugin ImmediatePhysics
LogPluginManager: Mounting plugin IOSDeviceProfileSelector
LogPluginManager: Mounting plugin LinuxDeviceProfileSelector
LogPluginManager: Mounting plugin LocationServicesBPLibrary
LogPluginManager: Mounting plugin MobilePatchingUtils
LogPluginManager: Mounting plugin OculusVR
LogPluginManager: Plugin shader directory ../../../Engine/Plugins/Runtime/Oculus/OculusVR/Shaders found
LogPluginManager: Mapping shader source directory ../../../Engine/Plugins/Runtime/Oculus/OculusVR/Shaders to virtual directory /Plugin/OculusVR
LogPluginManager: Mounting plugin PhysXVehicles
LogPluginManager: Mounting plugin ProceduralMeshComponent
LogPluginManager: Mounting plugin RuntimePhysXCooking
LogPluginManager: Mounting plugin SteamVR
LogPluginManager: Mounting plugin WindowsMoviePlayer
LogStreaming: Display: Took  0.138s to configure plugins.
LogInit: Using libcurl 7.55.1-DEV
LogInit:  - built for x86_64-pc-win32
LogInit:  - supports SSL with OpenSSL/1.0.2h
LogInit:  - supports HTTP deflate (compression) using libz 1.2.8
LogInit:  - other features:
LogInit:      CURL_VERSION_SSL
LogInit:      CURL_VERSION_LIBZ
LogInit:      CURL_VERSION_IPV6
LogInit:      CURL_VERSION_ASYNCHDNS
LogInit:      CURL_VERSION_LARGEFILE
LogInit:      CURL_VERSION_IDN
LogInit:  CurlRequestOptions (configurable via config and command line):
LogInit:  - bVerifyPeer = false  - Libcurl will NOT verify peer certificate
LogInit:  - bUseHttpProxy = false  - Libcurl will NOT use HTTP proxy
LogInit:  - bDontReuseConnections = false  - Libcurl will reuse connections
LogInit:  - CertBundlePath = nullptr  - Libcurl will use whatever was configured at build time.
LogInit:  - MaxHostConnections = 16  - Libcurl will limit the number of connections to a host
LogInit:  - LocalHostAddr = Default
LogInit:  - BufferSize = 65536
LogInit: WinSock: version 1.1 (2.2), MaxSocks=32767, MaxUdp=65467
LogInit: Build: ++UE4+Release-4.20-CL-4369336
LogInit: Engine Version: 4.20.3-4369336+++UE4+Release-4.20
LogInit: Compatible Engine Version: 4.20.0-4212847+++UE4+Release-4.20
LogInit: Net CL: 4212847
LogInit: OS: Windows 10 (), CPU: Intel(R) Core(TM) i5-7300HQ CPU @ 2.50GHz, GPU: Intel(R) HD Graphics 630
LogInit: Compiled (64-bit): Sep 17 2018 12:26:19
LogInit: Compiled with Visual C++: 19.13.26129.00
LogInit: Build Configuration: Development
LogInit: Branch Name: ++UE4+Release-4.20
LogInit: Command Line:  -skipcompile
LogInit: Base Directory: C:/Program Files/Epic Games/UE_4.20/Engine/Binaries/Win64/
LogInit: Installed Engine Build: 1
LogDevObjectVersion: Number of dev versions registered: 20
LogDevObjectVersion:   Dev-Blueprints (B0D832E4-1F89-4F0D-ACCF-7EB736FD4AA2): 10
LogDevObjectVersion:   Dev-Build (E1C64328-A22C-4D53-A36C-8E866417BD8C): 0
LogDevObjectVersion:   Dev-Core (375EC13C-06E4-48FB-B500-84F0262A717E): 2
LogDevObjectVersion:   Dev-Editor (E4B068ED-F494-42E9-A231-DA0B2E46BB41): 24
LogDevObjectVersion:   Dev-Framework (CFFC743F-43B0-4480-9391-14DF171D2073): 34
LogDevObjectVersion:   Dev-Mobile (B02B49B5-BB20-44E9-A304-32B752E40360): 2
LogDevObjectVersion:   Dev-Networking (A4E4105C-59A1-49B5-A7C5-40C4547EDFEE): 0
LogDevObjectVersion:   Dev-Online (39C831C9-5AE6-47DC-9A44-9C173E1C8E7C): 0
LogDevObjectVersion:   Dev-Physics (78F01B33-EBEA-4F98-B9B4-84EACCB95AA2): 0
LogDevObjectVersion:   Dev-Platform (6631380F-2D4D-43E0-8009-CF276956A95A): 0
LogDevObjectVersion:   Dev-Rendering (12F88B9F-8875-4AFC-A67C-D90C383ABD29): 26
LogDevObjectVersion:   Dev-Sequencer (7B5AE74C-D270-4C10-A958-57980B212A5A): 9
LogDevObjectVersion:   Dev-VR (D7296918-1DD6-4BDD-9DE2-64A83CC13884): 2
LogDevObjectVersion:   Dev-LoadTimes (C2A15278-BFE7-4AFE-6C17-90FF531DF755): 1
LogDevObjectVersion:   Private-Geometry (6EACA3D4-40EC-4CC1-B786-8BED09428FC5): 3
LogDevObjectVersion:   Dev-AnimPhys (29E575DD-E0A3-4627-9D10-D276232CDCEA): 17
LogDevObjectVersion:   Dev-ReflectionCapture (6B266CEC-1EC7-4B8F-A30B-E4D90942FC07): 1
LogDevObjectVersion:   Dev-Automation (0DF73D61-A23F-47EA-B727-89E90C41499A): 1
LogDevObjectVersion:   FortniteMain (601D1886-AC64-4F84-AA16-D3DE0DEAC7D6): 12
LogDevObjectVersion:   Dev-Enterprise (9DFFBCD6-494F-0158-E221-12823C92A888): 1
LogStreaming: Display: Took  0.000s to delete old logs.
LogInit: Presizing for max 8388607 objects, including 0 objects not considered by GC, pre-allocating 0 bytes for permanent pool.
LogInit: Object subsystem initialized
[2019.03.07-18.42.18:398][  0]LogInit: Selected Device Profile: [Windows]
[2019.03.07-18.42.18:398][  0]LogInit: Applying CVar settings loaded from the selected device profile: [Windows]
[2019.03.07-18.42.18:416][  0]LogHAL: Display: Platform has ~ 8 GB [8467877888 / 8589934592 / 8], which maps to Default [LargestMinGB=32, LargerMinGB=12, DefaultMinGB=8, SmallerMinGB=6, SmallestMinGB=0)
[2019.03.07-18.42.18:417][  0]LogInit: Setting Device Profile CVar: [[r.Vulkan.UseRealUBs:1]]
[2019.03.07-18.42.18:417][  0]LogInit: Going up to parent DeviceProfile []
[2019.03.07-18.42.18:419][  0]LogInit: Computer: LAPTOP-HK0UQ3HU
[2019.03.07-18.42.18:419][  0]LogInit: User: Raksha
[2019.03.07-18.42.18:419][  0]LogInit: CPU Page size=4096, Cores=4
[2019.03.07-18.42.18:419][  0]LogInit: High frequency timer resolution =10.000000 MHz
[2019.03.07-18.42.18:419][  0]LogMemory: Memory total: Physical=7.9GB (8GB approx)
[2019.03.07-18.42.18:419][  0]LogMemory: Platform Memory Stats for Windows
[2019.03.07-18.42.18:420][  0]LogMemory: Process Physical Memory: 101.31 MB used, 101.31 MB peak
[2019.03.07-18.42.18:420][  0]LogMemory: Process Virtual Memory: 84.26 MB used, 84.26 MB peak
[2019.03.07-18.42.18:420][  0]LogMemory: Physical Memory: 5434.54 MB used,  2641.05 MB free, 8075.60 MB total
[2019.03.07-18.42.18:420][  0]LogMemory: Virtual Memory: 4622.81 MB used,  2641.05 MB free, 134217728.00 MB total
[2019.03.07-18.42.18:832][  0]LogInit: Using OS detected language (en-US).
[2019.03.07-18.42.18:832][  0]LogInit: Using OS detected locale (en-CA).
[2019.03.07-18.42.18:833][  0]LogTextLocalizationManager: No specific localization for 'en-US' exists, so the 'en' localization will be used.
[2019.03.07-18.42.19:339][  0]LogStreaming: Display: Took  0.507s to InitEngineTextLocalization.
[2019.03.07-18.42.19:339][  0]LogInit: Setting process to per monitor DPI aware
[2019.03.07-18.42.19:566][  0]LogSlate: New Slate User Created.  User Index 0, Is Virtual User: 0
[2019.03.07-18.42.19:568][  0]LogSlate: Slate User Registered.  User Index 0, Is Virtual User: 0
[2019.03.07-18.42.22:539][  0]LogHMD: Failed to initialize OpenVR with code 110
[2019.03.07-18.42.22:539][  0]LogD3D11RHI: D3D11 adapters:
[2019.03.07-18.42.22:633][  0]LogD3D11RHI:    0. 'NVIDIA GeForce GTX 1050 Ti' (Feature Level 11_0)
[2019.03.07-18.42.22:633][  0]LogD3D11RHI:       4029/0/4037 MB DedicatedVideo/DedicatedSystem/SharedSystem, Outputs:1, VendorId:0x10de
[2019.03.07-18.42.22:654][  0]LogD3D11RHI:    1. 'Intel(R) HD Graphics 630' (Feature Level 11_0)
[2019.03.07-18.42.22:654][  0]LogD3D11RHI:       128/0/4037 MB DedicatedVideo/DedicatedSystem/SharedSystem, Outputs:0, VendorId:0x8086
[2019.03.07-18.42.22:663][  0]LogD3D11RHI:    2. 'Microsoft Basic Render Driver' (Feature Level 11_0)
[2019.03.07-18.42.22:663][  0]LogD3D11RHI:       0/0/4037 MB DedicatedVideo/DedicatedSystem/SharedSystem, Outputs:0, VendorId:0x1414
[2019.03.07-18.42.22:663][  0]LogD3D11RHI: Chosen D3D11 Adapter: 0
[2019.03.07-18.42.22:696][  0]LogD3D11RHI: Creating new Direct3DDevice
[2019.03.07-18.42.22:696][  0]LogD3D11RHI:     GPU DeviceId: 0x1c8c (for the marketing name, search the web for "GPU Device Id")
[2019.03.07-18.42.22:696][  0]LogWindows: EnumDisplayDevices:
[2019.03.07-18.42.22:697][  0]LogWindows:    0. 'Intel(R) HD Graphics 630' (P:1 D:1)
[2019.03.07-18.42.22:697][  0]LogWindows:    1. 'Intel(R) HD Graphics 630' (P:0 D:0)
[2019.03.07-18.42.22:698][  0]LogWindows:    2. 'Intel(R) HD Graphics 630' (P:0 D:0)
[2019.03.07-18.42.22:698][  0]LogWindows:    3. 'NVIDIA GeForce GTX 1050 Ti' (P:0 D:0)
[2019.03.07-18.42.22:699][  0]LogWindows: DebugString: PrimaryIsNotTheChoosenAdapter PrimaryIsNotTheChoosenAdapter PrimaryIsNotTheChoosenAdapter 
[2019.03.07-18.42.22:699][  0]LogD3D11RHI:     Adapter Name: NVIDIA GeForce GTX 1050 Ti
[2019.03.07-18.42.22:699][  0]LogD3D11RHI:   Driver Version: 388.16 (internal:23.21.13.8816, unified:388.16)
[2019.03.07-18.42.22:699][  0]LogD3D11RHI:      Driver Date: 10-30-2017
[2019.03.07-18.42.22:700][  0]LogRHI: Texture pool is 2820 MB (70% of 4029 MB)
[2019.03.07-18.42.22:742][  0]LogD3D11RHI: Async texture creation enabled
[2019.03.07-18.42.22:846][  0]LogD3D11RHI: GPU Timing Frequency: 1000.000000 (Debug: 2 1)
[2019.03.07-18.42.22:850][  0]LogShaderCompilers: Guid format shader working directory is -53 characters bigger than the processId version (../../../../../../Users/Raksha/Documents/GitHub/Game260Development/Resources/VehicleMovementProject/Intermediate/Shaders/WorkingDirectory/10344/).
[2019.03.07-18.42.22:851][  0]LogShaderCompilers: Cleaned the shader compiler working directory 'C:/Users/Raksha/AppData/Local/Temp/UnrealShaderWorkingDir/0306539C4E70EA257CEA1BBD9D619332/'.
[2019.03.07-18.42.23:206][  0]LogTemp: Display: Loaded TP AllDesktopTargetPlatform
[2019.03.07-18.42.23:225][  0]LogTemp: Display: Loaded TP MacClientTargetPlatform
[2019.03.07-18.42.23:243][  0]LogTemp: Display: Loaded TP MacNoEditorTargetPlatform
[2019.03.07-18.42.23:262][  0]LogTemp: Display: Loaded TP MacServerTargetPlatform
[2019.03.07-18.42.23:287][  0]LogTemp: Display: Loaded TP MacTargetPlatform
[2019.03.07-18.42.23:307][  0]LogTemp: Display: Loaded TP WindowsClientTargetPlatform
[2019.03.07-18.42.23:327][  0]LogTemp: Display: Loaded TP WindowsNoEditorTargetPlatform
[2019.03.07-18.42.23:346][  0]LogTemp: Display: Loaded TP WindowsServerTargetPlatform
[2019.03.07-18.42.23:358][  0]LogTemp: Display: Loaded TP WindowsTargetPlatform
[2019.03.07-18.42.23:466][  0]LogTemp: Display: Loaded TP AndroidTargetPlatform
[2019.03.07-18.42.23:472][  0]LogTemp: Display: Loaded TP AndroidTargetPlatform
[2019.03.07-18.42.23:472][  0]LogTemp: Display: Loaded TP AndroidTargetPlatform
[2019.03.07-18.42.23:472][  0]LogTemp: Display: Loaded TP AndroidTargetPlatform
[2019.03.07-18.42.23:472][  0]LogTemp: Display: Loaded TP AndroidTargetPlatform
[2019.03.07-18.42.23:472][  0]LogTemp: Display: Loaded TP AndroidTargetPlatform
[2019.03.07-18.42.23:472][  0]LogTemp: Display: Loaded TP AndroidTargetPlatform
[2019.03.07-18.42.23:472][  0]LogTemp: Display: Loaded TP AndroidTargetPlatform
[2019.03.07-18.42.23:472][  0]LogTemp: Display: Loaded TP AndroidTargetPlatform
[2019.03.07-18.42.23:472][  0]LogTemp: Display: Loaded TP AndroidTargetPlatform
[2019.03.07-18.42.23:472][  0]LogTemp: Display: Loaded TP AndroidTargetPlatform
[2019.03.07-18.42.23:472][  0]LogTemp: Display: Loaded TP AndroidTargetPlatform
[2019.03.07-18.42.23:472][  0]LogTemp: Display: Loaded TP AndroidTargetPlatform
[2019.03.07-18.42.23:472][  0]LogTemp: Display: Loaded TP AndroidTargetPlatform
[2019.03.07-18.42.23:472][  0]LogTemp: Display: Loaded TP AndroidTargetPlatform
[2019.03.07-18.42.23:472][  0]LogTemp: Display: Loaded TP AndroidTargetPlatform
[2019.03.07-18.42.23:472][  0]LogTemp: Display: Loaded TP AndroidTargetPlatform
[2019.03.07-18.42.23:472][  0]LogTemp: Display: Loaded TP AndroidTargetPlatform
[2019.03.07-18.42.23:480][  0]LogTemp: Display: Loaded TP HTML5TargetPlatform
[2019.03.07-18.42.23:577][  0]LogTemp: Display: Loaded TP IOSTargetPlatform
[2019.03.07-18.42.23:577][  0]LogTemp: Display: Loaded TP IOSTargetPlatform
[2019.03.07-18.42.23:606][  0]LogTemp: Display: Loaded TP TVOSTargetPlatform
[2019.03.07-18.42.23:617][  0]LogTemp: Display: Loaded TP TVOSTargetPlatform
[2019.03.07-18.42.23:646][  0]LogTemp: Display: Loaded TP LinuxClientTargetPlatform
[2019.03.07-18.42.23:670][  0]LogTemp: Display: Loaded TP LinuxNoEditorTargetPlatform
[2019.03.07-18.42.23:687][  0]LogTemp: Display: Loaded TP LinuxServerTargetPlatform
[2019.03.07-18.42.23:714][  0]LogTemp: Display: Loaded TP LinuxTargetPlatform
[2019.03.07-18.42.23:728][  0]LogTemp: Display: Loaded TP LuminTargetPlatform
[2019.03.07-18.42.23:728][  0]LogTargetPlatformManager: Display: Building Assets For Windows
[2019.03.07-18.42.23:926][  0]LogXGEController: Cleaning working directory: C:/Users/Raksha/AppData/Local/Temp/UnrealXGEWorkingDir/
[2019.03.07-18.42.23:926][  0]LogXGEController: Cannot use XGE Controller as Incredibuild is not installed on this machine.
[2019.03.07-18.42.23:926][  0]LogShaderCompilers: Cannot use XGE Shader Compiler as Incredibuild is not installed on this machine.
[2019.03.07-18.42.23:927][  0]LogShaderCompilers: Display: Using Local Shader Compiler.
[2019.03.07-18.42.26:167][  0]LogDerivedDataCache: Display: Max Cache Size: 512 MB
[2019.03.07-18.42.26:813][  0]LogDerivedDataCache: Loaded boot cache 0.64s 74MB C:/Users/Raksha/AppData/Local/UnrealEngine/4.20/DerivedDataCache/Boot.ddc.
[2019.03.07-18.42.26:813][  0]LogDerivedDataCache: Display: Loaded Boot cache: C:/Users/Raksha/AppData/Local/UnrealEngine/4.20/DerivedDataCache/Boot.ddc
[2019.03.07-18.42.26:814][  0]LogDerivedDataCache: FDerivedDataBackendGraph:  Pak pak cache file ../../../../../../Users/Raksha/Documents/GitHub/Game260Development/Resources/VehicleMovementProject/DerivedDataCache/DDC.ddp not found, will not use a pak cache.
[2019.03.07-18.42.26:815][  0]LogDerivedDataCache: Unable to find inner node Pak for hierarchical cache Hierarchy.
[2019.03.07-18.42.26:815][  0]LogDerivedDataCache: FDerivedDataBackendGraph:  CompressedPak pak cache file ../../../../../../Users/Raksha/Documents/GitHub/Game260Development/Resources/VehicleMovementProject/DerivedDataCache/Compressed.ddp not found, will not use a pak cache.
[2019.03.07-18.42.26:816][  0]LogDerivedDataCache: Unable to find inner node CompressedPak for hierarchical cache Hierarchy.
[2019.03.07-18.42.26:842][  0]LogDerivedDataCache: Display: Pak cache opened for reading ../../../Engine/DerivedDataCache/Compressed.ddp.
[2019.03.07-18.42.26:857][  0]LogDerivedDataCache: Using Local data cache path C:/Users/Raksha/AppData/Local/UnrealEngine/Common/DerivedDataCache: Writable
[2019.03.07-18.42.26:857][  0]LogDerivedDataCache: Shared data cache path not found in *engine.ini, will not use an Shared cache.
[2019.03.07-18.42.26:857][  0]LogDerivedDataCache: Unable to find inner node Shared for hierarchical cache Hierarchy.
[2019.03.07-18.42.26:880][  0]LogMaterial: Verifying Global Shaders for PCD3D_SM5
[2019.03.07-18.42.26:885][  0]LogSlate: Using FreeType 2.6.0
[2019.03.07-18.42.26:905][  0]LogSlate: SlateFontServices - WITH_FREETYPE: 1, WITH_HARFBUZZ: 1
[2019.03.07-18.42.27:283][  0]LogAssetRegistry: FAssetRegistry took 0.0381 seconds to start up
[2019.03.07-18.42.27:813][  0]LogInit: Selected Device Profile: [Windows]
[2019.03.07-18.42.28:240][  0]LogSimplygon: Simplygon DLL not present - disabling.
[2019.03.07-18.42.28:262][  0]LogMeshReduction: Using SimplygonSwarm for distributed automatic mesh merging
[2019.03.07-18.42.28:263][  0]LogMeshReduction: Using ProxyLODMeshReduction for automatic mesh merging
[2019.03.07-18.42.28:263][  0]LogMeshReduction: Using QuadricMeshReduction for automatic static mesh reduction
[2019.03.07-18.42.28:263][  0]LogMeshReduction: No automatic skeletal mesh reduction module available
[2019.03.07-18.42.28:327][  0]LogNetVersion: VehicleMovement 1.0.0, NetCL: 4212847, EngineNetVer: 5, GameNetVer: 0 (Checksum: 2966596176)
[2019.03.07-18.42.29:848][  0]LogPackageLocalizationCache: Processed 11 localized package path(s) for 2 prioritized culture(s) in 0.126679 seconds
[2019.03.07-18.42.29:858][  0]LogUObjectArray: 38425 objects as part of root set at end of initial load.
[2019.03.07-18.42.29:860][  0]LogUObjectAllocator: 6690872 out of 0 bytes used by permanent object pool.
[2019.03.07-18.42.29:860][  0]LogUObjectArray: CloseDisregardForGC: 0/0 objects in disregard for GC pool
[2019.03.07-18.42.34:257][  0]LogTcpMessaging: Initializing TcpMessaging bridge
[2019.03.07-18.42.34:300][  0]LogUdpMessaging: Initializing bridge on interface 0.0.0.0:0 to multicast group 230.0.0.1:6666.
[2019.03.07-18.42.34:938][  0]SourceControl: Source control is disabled
[2019.03.07-18.42.34:939][  0]SourceControl: Source control is disabled
[2019.03.07-18.42.34:951][  0]SourceControl: Source control is disabled
[2019.03.07-18.42.34:958][  0]SourceControl: Source control is disabled
[2019.03.07-18.42.35:379][  0]LogAndroidPermission: UAndroidPermissionCallbackProxy::GetInstance
[2019.03.07-18.42.35:523][  0]LogOcInput: OculusInput pre-init called
[2019.03.07-18.42.35:664][  0]LogEngine: Initializing Engine...
[2019.03.07-18.42.35:673][  0]LogHMD: Failed to initialize OpenVR with code 110
[2019.03.07-18.42.35:683][  0]LogStats: UGameplayTagsManager::ConstructGameplayTagTree: ImportINI prefixes -  0.000 s
[2019.03.07-18.42.35:684][  0]LogStats: UGameplayTagsManager::ConstructGameplayTagTree: Construct from data asset -  0.000 s
[2019.03.07-18.42.35:685][  0]LogStats: UGameplayTagsManager::ConstructGameplayTagTree: ImportINI -  0.000 s
[2019.03.07-18.42.35:685][  0]LogStats: UGameplayTagsManager::ConstructGameplayTagTree: GameplayTagTreeChangedEvent.Broadcast -  0.000 s
[2019.03.07-18.42.35:997][  0]LogInit: Initializing FReadOnlyCVARCache
[2019.03.07-18.42.36:064][  0]LogAIModule: Creating AISystem for world Untitled
[2019.03.07-18.42.36:110][  0]LogInit: XAudio2 using 'Speakers (Realtek High Definition Audio(SST))' : 2 channels at 48 kHz using 32 bits per sample (channel mask 0x3)
[2019.03.07-18.42.36:631][  0]LogInit: FAudioDevice initialized.
[2019.03.07-18.42.36:633][  0]LogNetVersion: Set ProjectVersion to 1.0.0.0. Version Checksum will be recalculated on next use.
[2019.03.07-18.42.36:818][  0]LogDerivedDataCache: Saved boot cache 0.19s 74MB C:/Users/Raksha/AppData/Local/UnrealEngine/4.20/DerivedDataCache/Boot.ddc.
[2019.03.07-18.42.36:828][  0]LogInit: Texture streaming: Enabled
[2019.03.07-18.42.36:874][  0]LogEngineSessionManager: EngineSessionManager initialized
[2019.03.07-18.42.36:874][  0]LogEngineSessionManager: EngineSessionManager sent abnormal shutdown report. Type=Debugger, SessionId={8D59D016-4DF2-B5E9-5FD3-938ECEA49074}
[2019.03.07-18.42.36:900][  0]LogInit: Transaction tracking system initialized
[2019.03.07-18.42.36:975][  0]BlueprintLog: New page: Editor Load
[2019.03.07-18.42.37:288][  0]LocalizationService: Localization service is disabled
[2019.03.07-18.42.37:463][  0]LogLinker: Warning: Can't find file '/Game/VehicleBP/VehicleOverview'
[2019.03.07-18.42.37:464][  0]LogLinker: Warning: Can't find file '/Game/VehicleBP/VehicleOverview'
[2019.03.07-18.42.37:464][  0]LogUObjectGlobals: Warning: Failed to find object 'Class /Game/VehicleBP/VehicleOverview.VehicleOverview_C'
[2019.03.07-18.42.37:782][  0]LogCook: Display: Max memory allowance for cook 16384mb min free memory 0mb
[2019.03.07-18.42.37:783][  0]LogCook: Display: Mobile HDR setting 1
[2019.03.07-18.42.37:783][  0]LogGameplayTags: Display: UGameplayTagsManager::DoneAddingNativeTags. DelegateIsBound: 0
[2019.03.07-18.42.37:783][  0]LogFileCache: Scanning file cache for directory 'C:/Users/Raksha/Documents/GitHub/Game260Development/Resources/VehicleMovementProject/Content/' took 0.02s
[2019.03.07-18.42.37:783][  0]LogStats: UGameplayTagsManager::ConstructGameplayTagTree: ImportINI prefixes -  0.000 s
[2019.03.07-18.42.37:783][  0]LogStats: UGameplayTagsManager::ConstructGameplayTagTree: Construct from data asset -  0.000 s
[2019.03.07-18.42.37:784][  0]LogStats: UGameplayTagsManager::ConstructGameplayTagTree: ImportINI -  0.000 s
[2019.03.07-18.42.37:784][  0]LogStats: UGameplayTagsManager::ConstructGameplayTagTree: GameplayTagTreeChangedEvent.Broadcast -  0.000 s
[2019.03.07-18.42.38:177][  0]SourceControl: Source control is disabled
[2019.03.07-18.42.38:186][  0]LightingResults: New page: Lighting Build
[2019.03.07-18.42.38:201][  0]MapCheck: New page: Map Check
[2019.03.07-18.42.38:201][  0]LightingResults: New page: Lighting Build
[2019.03.07-18.42.38:813][  0]LogAIModule: Creating AISystem for world VehicleExampleMap
[2019.03.07-18.42.38:853][  0]LogMaterial: Warning: Material /Engine/VREditor/Devices/Generic/GenericHMDMaterial.GenericHMDMaterial needed to have new flag set bUsedWithSkeletalMesh !
[2019.03.07-18.42.38:856][  0]LogMaterial: Display: Missing cached shader map for material GenericHMDMaterial, compiling. 
[2019.03.07-18.42.38:930][  0]MapCheck: Warning: GenericHMDMaterial Material /Engine/VREditor/Devices/Generic/GenericHMDMaterial.GenericHMDMaterial was missing the usage flag bUsedWithSkeletalMesh. If the material asset is not re-saved, it may not render correctly when run outside the editor. Fix
[2019.03.07-18.42.38:951][  0]LogShaderCompilers: Display: Shaders left to compile 60
[2019.03.07-18.42.38:952][  0]LogShaderCompilers: Display: Shaders left to compile 50
[2019.03.07-18.42.38:953][  0]LogShaderCompilers: Display: Shaders left to compile 40
[2019.03.07-18.42.38:953][  0]LogEditorServer: Finished looking for orphan Actors (0.000 secs)
[2019.03.07-18.42.39:149][  0]Cmd: MAP CHECKDEP NOCLEARLOG
[2019.03.07-18.42.39:234][  0]MapCheck: Map check complete: 0 Error(s), 1 Warning(s), took 85.393ms to complete.
[2019.03.07-18.42.39:260][  0]LogFileHelpers: Loading map 'VehicleExampleMap' took 1.082
[2019.03.07-18.42.39:486][  0]LogSlate: Updating window title bar state: overlay mode, drag disabled, window buttons hidden, title bar hidden
[2019.03.07-18.42.39:499][  0]LogSlate: Updating window title bar state: overlay mode, drag disabled, window buttons hidden, title bar hidden
[2019.03.07-18.42.39:513][  0]LogSlate: Updating window title bar state: overlay mode, drag disabled, window buttons hidden, title bar hidden
[2019.03.07-18.42.39:523][  0]LogSlate: Updating window title bar state: overlay mode, drag disabled, window buttons hidden, title bar hidden
[2019.03.07-18.42.39:555][  0]LogCollectionManager: Loaded 0 collections in 0.002087 seconds
[2019.03.07-18.42.39:636][  0]LogFileCache: Scanning file cache for directory 'C:/Users/Raksha/Documents/GitHub/Game260Development/Resources/VehicleMovementProject/Saved/Collections/' took 0.02s
[2019.03.07-18.42.39:637][  0]LogFileCache: Scanning file cache for directory 'C:/Users/Raksha/Documents/GitHub/Game260Development/Resources/VehicleMovementProject/Content/Developers/Raksha/Collections/' took 0.01s
[2019.03.07-18.42.39:637][  0]LogFileCache: Scanning file cache for directory 'C:/Users/Raksha/Documents/GitHub/Game260Development/Resources/VehicleMovementProject/Content/Collections/' took 0.01s
[2019.03.07-18.42.39:640][  0]LogCollectionManager: Rebuilt the GUID cache for 0 collections in 0.000000 seconds
[2019.03.07-18.42.39:657][  0]LogContentBrowser: Native class hierarchy populated in 0.0142 seconds. Added 2586 classes and 609 folders.
[2019.03.07-18.42.39:685][  0]LogContentBrowser: Native class hierarchy updated for 'WidgetCarousel' in 0.0004 seconds. Added 0 classes and 0 folders.
[2019.03.07-18.42.40:199][  0]LogContentBrowser: Native class hierarchy updated for 'AddContentDialog' in 0.0004 seconds. Added 0 classes and 0 folders.
[2019.03.07-18.42.40:223][  0]LogContentBrowser: Native class hierarchy updated for 'SceneOutliner' in 0.0005 seconds. Added 1 classes and 2 folders.
[2019.03.07-18.42.40:422][  0]LogSlate: Took 0.017846 seconds to synchronously load lazily loaded font '../../../Engine/Content/Slate/Fonts/Roboto-Regular.ttf' (155K)
[2019.03.07-18.42.40:435][  0]LogSlate: Took 0.006664 seconds to synchronously load lazily loaded font '../../../Engine/Content/Slate/Fonts/Roboto-Bold.ttf' (160K)
[2019.03.07-18.42.40:456][  0]LogSlate: Took 0.006322 seconds to synchronously load lazily loaded font '../../../Engine/Content/Editor/Slate/Fonts/FontAwesome.ttf' (139K)
[2019.03.07-18.42.40:614][  0]LogRenderer: Reallocating scene render targets to support 964x436 Format 10 NumSamples 1 (Frame:1).
[2019.03.07-18.42.40:947][  0]LogContentBrowser: Native class hierarchy updated for 'HierarchicalLODOutliner' in 0.0005 seconds. Added 0 classes and 0 folders.
[2019.03.07-18.42.40:947][  0]LogLoad: (Engine Initialization) Total time: 25.72 seconds
[2019.03.07-18.42.40:947][  0]LogLoad: (Engine Initialization) Total Blueprint compile time: 0.00 seconds
[2019.03.07-18.42.40:983][  0]LogRawInputWindows: Warning: Found device 0 devices
[2019.03.07-18.42.40:983][  0]LogRawInputWindows: Warning: Found device 0 devices
[2019.03.07-18.42.40:983][  0]LogRawInputWindows: Warning: Device was registered succesfully but not connected (Usage:4 UsagePage:1)
[2019.03.07-18.42.40:983][  0]LogRawInputWindows: Warning: Found device 1 devices
[2019.03.07-18.42.40:984][  0]LogRawInputWindows: Warning: Device was registered succesfully but not connected (Usage:5 UsagePage:1)
[2019.03.07-18.42.41:021][  0]LogContentStreaming: Texture pool size now 1000 MB
[2019.03.07-18.42.41:063][  0]LogSlate: Took 0.007559 seconds to synchronously load lazily loaded font '../../../Engine/Content/Slate/Fonts/Roboto-Light.ttf' (167K)
[2019.03.07-18.42.44:274][171]LogAssetRegistry: Asset discovery search completed in 17.0215 seconds
[2019.03.07-18.42.44:277][171]LogCollectionManager: Rebuilt the object cache for 0 collections in 0.000000 seconds (found 0 objects)
[2019.03.07-18.42.44:279][171]LogCollectionManager: Fixed up redirectors for 0 collections in 0.001658 seconds (updated 0 objects)
[2019.03.07-18.43.09:713][652]LogShaderCompilers: Display: Shaders left to compile 30
[2019.03.07-18.43.11:452][752]LogShaderCompilers: Display: Shaders left to compile 20
[2019.03.07-18.43.15:926][ 14]LogShaderCompilers: Display: Shaders left to compile 10
[2019.03.07-18.44.45:322][362]LogSlate: FSceneViewport::OnFocusLost() reason 0
[2019.03.07-18.44.45:369][365]LogTemp: Repeating last play command: Selected Viewport
[2019.03.07-18.44.45:386][365]LogBlueprintUserMessages: Early PlayInEditor Detection: Level '/Game/VehicleCPP/Maps/VehicleExampleMap.VehicleExampleMap:PersistentLevel' has LevelScriptBlueprint '/Game/VehicleCPP/Maps/VehicleExampleMap.VehicleExampleMap:PersistentLevel.VehicleExampleMap' with GeneratedClass '/Game/VehicleCPP/Maps/VehicleExampleMap.VehicleExampleMap_C' with ClassGeneratedBy '/Game/VehicleCPP/Maps/VehicleExampleMap.VehicleExampleMap:PersistentLevel.VehicleExampleMap'
[2019.03.07-18.44.45:388][365]LogPlayLevel: PlayLevel: No blueprints needed recompiling
[2019.03.07-18.44.45:423][365]PIE: New page: PIE session: VehicleExampleMap (Mar 7, 2019, 8:44:45 AM)
[2019.03.07-18.44.45:424][365]LogPlayLevel: Creating play world package: /Game/VehicleCPP/Maps/UEDPIE_0_VehicleExampleMap
[2019.03.07-18.44.45:486][365]LogPlayLevel: PIE: StaticDuplicateObject took: (0.061663s)
[2019.03.07-18.44.45:487][365]LogAIModule: Creating AISystem for world VehicleExampleMap
[2019.03.07-18.44.45:502][365]LogPlayLevel: PIE: World Init took: (0.015986s)
[2019.03.07-18.44.45:503][365]LogPlayLevel: PIE: Created PIE world by copying editor world from /Game/VehicleCPP/Maps/VehicleExampleMap.VehicleExampleMap to /Game/VehicleCPP/Maps/UEDPIE_0_VehicleExampleMap.VehicleExampleMap (0.078931s)
[2019.03.07-18.44.45:562][365]LogInit: XAudio2 using 'Speakers (Realtek High Definition Audio(SST))' : 2 channels at 48 kHz using 32 bits per sample (channel mask 0x3)
[2019.03.07-18.44.45:580][365]LogInit: FAudioDevice initialized.
[2019.03.07-18.44.45:669][365]LogLoad: Game class is 'Test_Car_GameMode_C'
[2019.03.07-18.44.45:717][365]LogWorld: Bringing World /Game/VehicleCPP/Maps/UEDPIE_0_VehicleExampleMap.VehicleExampleMap up for play (max tick rate 60) at 2019.03.07-13.44.45
[2019.03.07-18.44.45:723][365]LogWorld: Bringing up level for play took: 0.026113
[2019.03.07-18.44.45:772][365]LogContentBrowser: Native class hierarchy updated for 'MovieSceneCapture' in 0.0007 seconds. Added 10 classes and 0 folders.
[2019.03.07-18.44.45:777][365]PIE: Play in editor start time for /Game/VehicleCPP/Maps/UEDPIE_0_VehicleExampleMap 1.261
[2019.03.07-18.44.45:778][365]LogBlueprintUserMessages: Late PlayInEditor Detection: Level '/Game/VehicleCPP/Maps/VehicleExampleMap.VehicleExampleMap:PersistentLevel' has LevelScriptBlueprint '/Game/VehicleCPP/Maps/VehicleExampleMap.VehicleExampleMap:PersistentLevel.VehicleExampleMap' with GeneratedClass '/Game/VehicleCPP/Maps/VehicleExampleMap.VehicleExampleMap_C' with ClassGeneratedBy '/Game/VehicleCPP/Maps/VehicleExampleMap.VehicleExampleMap:PersistentLevel.VehicleExampleMap'
[2019.03.07-19.05.56:081][404]LogSlate: FSceneViewport::OnFocusLost() reason 0
[2019.03.07-19.05.56:248][409]LogSlate: Window 'VehicleMovement - Unreal Editor' being destroyed
[2019.03.07-19.05.56:250][409]LogWindowsTextInputMethodSystem: Display: IME system now deactivated.
[2019.03.07-19.05.56:337][409]LogBlueprintUserMessages: Early EndPlayMap Detection: Level '/Game/VehicleCPP/Maps/VehicleExampleMap.VehicleExampleMap:PersistentLevel' has LevelScriptBlueprint '/Game/VehicleCPP/Maps/VehicleExampleMap.VehicleExampleMap:PersistentLevel.VehicleExampleMap' with GeneratedClass '/Game/VehicleCPP/Maps/VehicleExampleMap.VehicleExampleMap_C' with ClassGeneratedBy '/Game/VehicleCPP/Maps/VehicleExampleMap.VehicleExampleMap:PersistentLevel.VehicleExampleMap'
[2019.03.07-19.05.56:343][409]LogSlate: Updating window title bar state: overlay mode, drag disabled, window buttons hidden, title bar hidden
[2019.03.07-19.05.56:392][409]LogPlayLevel: Display: Shutting down PIE online subsystems
[2019.03.07-19.05.56:393][409]LogBlueprintUserMessages: Late EndPlayMap Detection: Level '/Game/VehicleCPP/Maps/VehicleExampleMap.VehicleExampleMap:PersistentLevel' has LevelScriptBlueprint '/Game/VehicleCPP/Maps/VehicleExampleMap.VehicleExampleMap:PersistentLevel.VehicleExampleMap' with GeneratedClass '/Game/VehicleCPP/Maps/VehicleExampleMap.VehicleExampleMap_C' with ClassGeneratedBy '/Game/VehicleCPP/Maps/VehicleExampleMap.VehicleExampleMap:PersistentLevel.VehicleExampleMap'
[2019.03.07-19.05.56:434][409]LogSlate: Updating window title bar state: overlay mode, drag disabled, window buttons hidden, title bar hidden
[2019.03.07-19.05.56:605][410]Cmd: QUIT_EDITOR
[2019.03.07-19.05.56:747][410]LogExit: Preparing to exit.
[2019.03.07-19.05.57:846][410]LogExit: Editor shut down
[2019.03.07-19.05.57:847][410]LogExit: Transaction tracking system shut down
[2019.03.07-19.05.58:258][410]LogExit: Object subsystem successfully closed.
[2019.03.07-19.05.58:305][410]LogShaderCompilers: Display: Shaders left to compile 0
[2019.03.07-19.05.58:310][410]LogD3D11RHI: Shutdown
[2019.03.07-19.05.58:310][410]LogD3D11RHI: CleanupD3DDevice
[2019.03.07-19.05.58:315][410]LogD3D11RHI: ~FD3D11DynamicRHI
[2019.03.07-19.05.58:381][410]LogModuleManager: Shutting down and abandoning module MovieSceneCapture (618)
[2019.03.07-19.05.58:382][410]LogModuleManager: Shutting down and abandoning module Voice (616)
[2019.03.07-19.05.58:382][410]LogModuleManager: Shutting down and abandoning module HierarchicalLODOutliner (614)
[2019.03.07-19.05.58:382][410]LogModuleManager: Shutting down and abandoning module SceneOutliner (612)
[2019.03.07-19.05.58:382][410]LogModuleManager: Shutting down and abandoning module AddContentDialog (610)
[2019.03.07-19.05.58:383][410]LogModuleManager: Shutting down and abandoning module WidgetCarousel (609)
[2019.03.07-19.05.58:384][410]LogModuleManager: Shutting down and abandoning module EditorWidgets (606)
[2019.03.07-19.05.58:384][410]LogModuleManager: Shutting down and abandoning module CollectionManager (604)
[2019.03.07-19.05.58:385][410]LogModuleManager: Shutting down and abandoning module StatsViewer (602)
[2019.03.07-19.05.58:385][410]LogModuleManager: Shutting down and abandoning module FoliageEdit (600)
[2019.03.07-19.05.58:386][410]LogModuleManager: Shutting down and abandoning module LandscapeEditor (598)
[2019.03.07-19.05.58:387][410]LogModuleManager: Shutting down and abandoning module MeshPaintMode (596)
[2019.03.07-19.05.58:388][410]LogModuleManager: Shutting down and abandoning module SceneDepthPickerMode (594)
[2019.03.07-19.05.58:388][410]LogModuleManager: Shutting down and abandoning module ActorPickerMode (592)
[2019.03.07-19.05.58:388][410]LogModuleManager: Shutting down and abandoning module GeometryMode (590)
[2019.03.07-19.05.58:388][410]LogModuleManager: Shutting down and abandoning module TextureAlignMode (588)
[2019.03.07-19.05.58:388][410]LogModuleManager: Shutting down and abandoning module BspMode (586)
[2019.03.07-19.05.58:388][410]LogModuleManager: Shutting down and abandoning module PIEPreviewDeviceProfileSelector (584)
[2019.03.07-19.05.58:388][410]LogModuleManager: Shutting down and abandoning module SequenceRecorderSections (582)
[2019.03.07-19.05.58:389][410]LogModuleManager: Shutting down and abandoning module AutomationWorker (580)
[2019.03.07-19.05.58:389][410]LogModuleManager: Shutting down and abandoning module AudioCaptureEditor (578)
[2019.03.07-19.05.58:389][410]LogModuleManager: Shutting down and abandoning module SequenceRecorder (577)
[2019.03.07-19.05.58:389][410]LogModuleManager: Shutting down and abandoning module MatineeToLevelSequence (574)
[2019.03.07-19.05.58:390][410]LogModuleManager: Shutting down and abandoning module LevelSequenceEditor (572)
[2019.03.07-19.05.58:391][410]LogModuleManager: Shutting down and abandoning module PlacementMode (571)
[2019.03.07-19.05.58:391][410]LogModuleManager: Shutting down and abandoning module MaterialEditor (570)
[2019.03.07-19.05.58:393][410]LogModuleManager: Shutting down and abandoning module WmfMediaFactory (566)
[2019.03.07-19.05.58:393][410]LogModuleManager: Shutting down and abandoning module WmfMediaEditor (564)
[2019.03.07-19.05.58:393][410]LogModuleManager: Shutting down and abandoning module MediaPlayerEditor (562)
[2019.03.07-19.05.58:394][410]LogModuleManager: Shutting down and abandoning module OpenExrWrapper (560)
[2019.03.07-19.05.58:394][410]LogModuleManager: Shutting down and abandoning module ImgMediaFactory (558)
[2019.03.07-19.05.58:394][410]LogModuleManager: Shutting down and abandoning module ImgMediaEditor (556)
[2019.03.07-19.05.58:394][410]LogModuleManager: Shutting down and abandoning module AvfMediaFactory (554)
[2019.03.07-19.05.58:394][410]LogModuleManager: Shutting down and abandoning module AvfMediaEditor (552)
[2019.03.07-19.05.58:396][410]LogModuleManager: Shutting down and abandoning module AndroidMediaFactory (550)
[2019.03.07-19.05.58:396][410]LogModuleManager: Shutting down and abandoning module AndroidMediaEditor (548)
[2019.03.07-19.05.58:397][410]LogModuleManager: Shutting down and abandoning module MagicLeapCameraPreviewFactory (546)
[2019.03.07-19.05.58:397][410]LogModuleManager: Shutting down and abandoning module MagicLeapMediaFactory (544)
[2019.03.07-19.05.58:398][410]LogModuleManager: Shutting down and abandoning module MagicLeapMediaEditor (542)
[2019.03.07-19.05.58:398][410]LogModuleManager: Shutting down and abandoning module CharacterAI (540)
[2019.03.07-19.05.58:398][410]LogModuleManager: Shutting down and abandoning module SmartSnapping (538)
[2019.03.07-19.05.58:399][410]LogModuleManager: Shutting down and abandoning module SessionServices (536)
[2019.03.07-19.05.58:399][410]LogModuleManager: Shutting down and abandoning module ViewportSnapping (534)
[2019.03.07-19.05.58:399][410]LogModuleManager: Shutting down and abandoning module ViewportInteraction (532)
[2019.03.07-19.05.58:400][410]LogModuleManager: Shutting down and abandoning module ClothPainter (530)
[2019.03.07-19.05.58:405][410]LogModuleManager: Shutting down and abandoning module SkeletalMeshEditor (529)
[2019.03.07-19.05.58:407][410]LogModuleManager: Shutting down and abandoning module LogVisualizer (526)
[2019.03.07-19.05.58:408][410]LogModuleManager: Shutting down and abandoning module IntroTutorials (524)
[2019.03.07-19.05.58:409][410]LogModuleManager: Shutting down and abandoning module GameProjectGeneration (523)
[2019.03.07-19.05.58:410][410]LogModuleManager: Shutting down and abandoning module LuminPlatformEditor (520)
[2019.03.07-19.05.58:410][410]LogModuleManager: Shutting down and abandoning module IOSPlatformEditor (518)
[2019.03.07-19.05.58:411][410]LogModuleManager: Shutting down and abandoning module HTML5PlatformEditor (516)
[2019.03.07-19.05.58:411][410]LogModuleManager: Shutting down and abandoning module AndroidPlatformEditor (514)
[2019.03.07-19.05.58:411][410]LogModuleManager: Shutting down and abandoning module AndroidDeviceDetection (513)
