Log file open, 04/11/19 09:41:28
LogWindows: Failed to load 'aqProf.dll' (GetLastError=126)
LogWindows: File 'aqProf.dll' does not exist
LogWindows: Failed to load 'VSPerf140.dll' (GetLastError=126)
LogWindows: File 'VSPerf140.dll' does not exist
LogWindows: Failed to load 'VtuneApi.dll' (GetLastError=126)
LogWindows: File 'VtuneApi.dll' does not exist
LogWindows: Failed to load 'VtuneApi32e.dll' (GetLastError=126)
LogWindows: File 'VtuneApi32e.dll' does not exist
LogInit: Display: Running engine for game: VehicleMovement
LogPlatformFile: Not using cached read wrapper
LogTaskGraph: Started task graph with 5 named threads and 23 total threads with 3 sets of task threads.
LogStats: Stats thread started at 0.275991
LogD3D11RHI: Loaded GFSDK_Aftermath_Lib.x64.dll
LogICUInternationalization: Display: ICU TimeZone Detection - Raw Offset: -5:00, Platform Override: ''
LogPluginManager: Mounting plugin Paper2D
LogPluginManager: Mounting plugin AdvancedSessions
LogPluginManager: Mounting plugin AdvancedSteamSessions
LogPluginManager: Mounting plugin AISupport
LogPluginManager: Mounting plugin LightPropagationVolume
LogPluginManager: Mounting plugin CLionSourceCodeAccess
LogPluginManager: Mounting plugin CodeLiteSourceCodeAccess
LogPluginManager: Mounting plugin GitSourceControl
LogPluginManager: Mounting plugin KDevelopSourceCodeAccess
LogPluginManager: Mounting plugin NullSourceCodeAccess
LogPluginManager: Mounting plugin PerforceSourceControl
LogPluginManager: Mounting plugin SubversionSourceControl
LogPluginManager: Mounting plugin UObjectPlugin
LogPluginManager: Mounting plugin VisualStudioCodeSourceCodeAccess
LogPluginManager: Mounting plugin VisualStudioSourceCodeAccess
LogPluginManager: Mounting plugin XCodeSourceCodeAccess
LogPluginManager: Mounting plugin AssetManagerEditor
LogPluginManager: Mounting plugin CryptoKeys
LogPluginManager: Mounting plugin DataValidation
LogPluginManager: Mounting plugin FacialAnimation
LogPluginManager: Mounting plugin GameplayTagsEditor
LogPluginManager: Mounting plugin MacGraphicsSwitching
LogPluginManager: Mounting plugin MeshEditor
LogPluginManager: Mounting plugin MobileLauncherProfileWizard
LogPluginManager: Mounting plugin PluginBrowser
LogPluginManager: Mounting plugin SpeedTreeImporter
LogPluginManager: Mounting plugin DatasmithContent
LogPluginManager: Mounting plugin AlembicImporter
LogPluginManager: Mounting plugin AppleImageUtils
LogPluginManager: Mounting plugin AppleVision
LogPluginManager: Mounting plugin BackChannel
LogPluginManager: Mounting plugin CharacterAI
LogPluginManager: Mounting plugin GeometryCache
LogPluginManager: Mounting plugin HTML5Networking
LogPluginManager: Mounting plugin ProxyLODPlugin
LogPluginManager: Mounting plugin RawInput
LogPluginManager: Mounting plugin MagicLeap
LogPluginManager: Mounting plugin MagicLeapEmulator
LogPluginManager: Mounting plugin MagicLeapMedia
LogPluginManager: Mounting plugin AndroidMedia
LogPluginManager: Mounting plugin AvfMedia
LogPluginManager: Mounting plugin ImgMedia
LogPluginManager: Mounting plugin LinearTimecode
LogPluginManager: Mounting plugin MediaCompositing
LogPluginManager: Mounting plugin MediaPlayerEditor
LogPluginManager: Mounting plugin WmfMedia
LogPluginManager: Mounting plugin TcpMessaging
LogPluginManager: Mounting plugin UdpMessaging
LogPluginManager: Mounting plugin ActorSequence
LogPluginManager: Mounting plugin LevelSequenceEditor
LogPluginManager: Mounting plugin MatineeToLevelSequence
LogPluginManager: Mounting plugin NetcodeUnitTest
LogPluginManager: Mounting plugin NUTUnrealEngine4
LogPluginManager: Mounting plugin OnlineSubsystemGooglePlay
LogPluginManager: Mounting plugin OnlineSubsystemIOS
LogPluginManager: Mounting plugin OnlineSubsystem
LogPluginManager: Mounting plugin OnlineSubsystemNull
LogPluginManager: Mounting plugin OnlineSubsystemSteam
LogPluginManager: Mounting plugin OnlineSubsystemUtils
LogPluginManager: Mounting plugin LauncherChunkInstaller
LogPluginManager: Mounting plugin AndroidDeviceProfileSelector
LogPluginManager: Mounting plugin AndroidMoviePlayer
LogPluginManager: Mounting plugin AndroidPermission
LogPluginManager: Mounting plugin AppleMoviePlayer
LogPluginManager: Mounting plugin ArchVisCharacter
LogPluginManager: Mounting plugin AudioCapture
LogPluginManager: Mounting plugin CableComponent
LogPluginManager: Mounting plugin CustomMeshComponent
LogPluginManager: Mounting plugin EditableMesh
LogPluginManager: Mounting plugin ExampleDeviceProfileSelector
LogPluginManager: Mounting plugin GoogleCloudMessaging
LogPluginManager: Mounting plugin ImmediatePhysics
LogPluginManager: Mounting plugin IOSDeviceProfileSelector
LogPluginManager: Mounting plugin LinuxDeviceProfileSelector
LogPluginManager: Mounting plugin LocationServicesBPLibrary
LogPluginManager: Mounting plugin MobilePatchingUtils
LogPluginManager: Mounting plugin OculusVR
LogPluginManager: Plugin shader directory ../../../Engine/Plugins/Runtime/Oculus/OculusVR/Shaders found
LogPluginManager: Mapping shader source directory ../../../Engine/Plugins/Runtime/Oculus/OculusVR/Shaders to virtual directory /Plugin/OculusVR
LogPluginManager: Mounting plugin PhysXVehicles
LogPluginManager: Mounting plugin ProceduralMeshComponent
LogPluginManager: Mounting plugin RuntimePhysXCooking
LogPluginManager: Mounting plugin SteamVR
LogPluginManager: Mounting plugin WindowsMoviePlayer
LogStreaming: Display: Took  0.396s to configure plugins.
LogInit: Using libcurl 7.55.1-DEV
LogInit:  - built for x86_64-pc-win32
LogInit:  - supports SSL with OpenSSL/1.0.2h
LogInit:  - supports HTTP deflate (compression) using libz 1.2.8
LogInit:  - other features:
LogInit:      CURL_VERSION_SSL
LogInit:      CURL_VERSION_LIBZ
LogInit:      CURL_VERSION_IPV6
LogInit:      CURL_VERSION_ASYNCHDNS
LogInit:      CURL_VERSION_LARGEFILE
LogInit:      CURL_VERSION_IDN
LogInit:  CurlRequestOptions (configurable via config and command line):
LogInit:  - bVerifyPeer = false  - Libcurl will NOT verify peer certificate
LogInit:  - bUseHttpProxy = false  - Libcurl will NOT use HTTP proxy
LogInit:  - bDontReuseConnections = false  - Libcurl will reuse connections
LogInit:  - CertBundlePath = nullptr  - Libcurl will use whatever was configured at build time.
LogInit:  - MaxHostConnections = 16  - Libcurl will limit the number of connections to a host
LogInit:  - LocalHostAddr = Default
LogInit:  - BufferSize = 65536
LogOnline: Display: STEAM: Loading Steam SDK 1.39
LogOnline: Warning: STEAM: Steam API disabled!
LogOnline: Display: STEAM: OnlineSubsystemSteam::Shutdown()
LogInit: WinSock: version 1.1 (2.2), MaxSocks=32767, MaxUdp=65467
LogInit: Build: ++UE4+Release-4.20-CL-4369336
LogInit: Engine Version: 4.20.3-4369336+++UE4+Release-4.20
LogInit: Compatible Engine Version: 4.20.0-4212847+++UE4+Release-4.20
LogInit: Net CL: 4212847
LogInit: OS: Windows 10 (), CPU: Intel(R) Core(TM) i7-7700HQ CPU @ 2.80GHz, GPU: Intel(R) HD Graphics 630
LogInit: Compiled (64-bit): Sep 17 2018 12:26:19
LogInit: Compiled with Visual C++: 19.13.26129.00
LogInit: Build Configuration: Development
LogInit: Branch Name: ++UE4+Release-4.20
LogInit: Command Line:  
LogInit: Base Directory: D:/UE_4.20/Engine/Binaries/Win64/
LogInit: Installed Engine Build: 1
LogDevObjectVersion: Number of dev versions registered: 20
LogDevObjectVersion:   Dev-Blueprints (B0D832E4-1F89-4F0D-ACCF-7EB736FD4AA2): 10
LogDevObjectVersion:   Dev-Build (E1C64328-A22C-4D53-A36C-8E866417BD8C): 0
LogDevObjectVersion:   Dev-Core (375EC13C-06E4-48FB-B500-84F0262A717E): 2
LogDevObjectVersion:   Dev-Editor (E4B068ED-F494-42E9-A231-DA0B2E46BB41): 24
LogDevObjectVersion:   Dev-Framework (CFFC743F-43B0-4480-9391-14DF171D2073): 34
LogDevObjectVersion:   Dev-Mobile (B02B49B5-BB20-44E9-A304-32B752E40360): 2
LogDevObjectVersion:   Dev-Networking (A4E4105C-59A1-49B5-A7C5-40C4547EDFEE): 0
LogDevObjectVersion:   Dev-Online (39C831C9-5AE6-47DC-9A44-9C173E1C8E7C): 0
LogDevObjectVersion:   Dev-Physics (78F01B33-EBEA-4F98-B9B4-84EACCB95AA2): 0
LogDevObjectVersion:   Dev-Platform (6631380F-2D4D-43E0-8009-CF276956A95A): 0
LogDevObjectVersion:   Dev-Rendering (12F88B9F-8875-4AFC-A67C-D90C383ABD29): 26
LogDevObjectVersion:   Dev-Sequencer (7B5AE74C-D270-4C10-A958-57980B212A5A): 9
LogDevObjectVersion:   Dev-VR (D7296918-1DD6-4BDD-9DE2-64A83CC13884): 2
LogDevObjectVersion:   Dev-LoadTimes (C2A15278-BFE7-4AFE-6C17-90FF531DF755): 1
LogDevObjectVersion:   Private-Geometry (6EACA3D4-40EC-4CC1-B786-8BED09428FC5): 3
LogDevObjectVersion:   Dev-AnimPhys (29E575DD-E0A3-4627-9D10-D276232CDCEA): 17
LogDevObjectVersion:   Dev-ReflectionCapture (6B266CEC-1EC7-4B8F-A30B-E4D90942FC07): 1
LogDevObjectVersion:   Dev-Automation (0DF73D61-A23F-47EA-B727-89E90C41499A): 1
LogDevObjectVersion:   FortniteMain (601D1886-AC64-4F84-AA16-D3DE0DEAC7D6): 12
LogDevObjectVersion:   Dev-Enterprise (9DFFBCD6-494F-0158-E221-12823C92A888): 1
LogStreaming: Display: Took  0.110s to delete old logs.
LogInit: Presizing for max 8388607 objects, including 0 objects not considered by GC, pre-allocating 0 bytes for permanent pool.
LogInit: Object subsystem initialized
[2019.04.11-13.41.32:343][  0]LogInit: Selected Device Profile: [Windows]
[2019.04.11-13.41.32:343][  0]LogInit: Applying CVar settings loaded from the selected device profile: [Windows]
[2019.04.11-13.41.32:459][  0]LogHAL: Display: Platform has ~ 16 GB [17061834752 / 17179869184 / 16], which maps to Larger [LargestMinGB=32, LargerMinGB=12, DefaultMinGB=8, SmallerMinGB=6, SmallestMinGB=0)
[2019.04.11-13.41.32:490][  0]LogInit: Setting Device Profile CVar: [[r.Vulkan.UseRealUBs:1]]
[2019.04.11-13.41.32:490][  0]LogInit: Going up to parent DeviceProfile []
[2019.04.11-13.41.32:543][  0]LogInit: Computer: MSI
[2019.04.11-13.41.32:543][  0]LogInit: User: Owner
[2019.04.11-13.41.32:543][  0]LogInit: CPU Page size=4096, Cores=4
[2019.04.11-13.41.32:543][  0]LogInit: High frequency timer resolution =10.000000 MHz
[2019.04.11-13.41.32:543][  0]LogMemory: Memory total: Physical=15.9GB (16GB approx)
[2019.04.11-13.41.32:544][  0]LogMemory: Platform Memory Stats for Windows
[2019.04.11-13.41.32:544][  0]LogMemory: Process Physical Memory: 101.06 MB used, 101.07 MB peak
[2019.04.11-13.41.32:544][  0]LogMemory: Process Virtual Memory: 89.22 MB used, 89.22 MB peak
[2019.04.11-13.41.32:544][  0]LogMemory: Physical Memory: 6279.48 MB used,  9991.95 MB free, 16271.43 MB total
[2019.04.11-13.41.32:544][  0]LogMemory: Virtual Memory: 4642.30 MB used,  9991.95 MB free, 134217728.00 MB total
[2019.04.11-13.41.33:949][  0]LogInit: Using OS detected language (en-GB).
[2019.04.11-13.41.33:949][  0]LogInit: Using OS detected locale (en-CA).
[2019.04.11-13.41.34:131][  0]LogTextLocalizationManager: No specific localization for 'en-GB' exists, so the 'en' localization will be used.
[2019.04.11-13.41.35:004][  0]LogStreaming: Display: Took  1.019s to InitEngineTextLocalization.
[2019.04.11-13.41.35:029][  0]LogInit: Setting process to per monitor DPI aware
[2019.04.11-13.41.35:879][  0]LogSlate: New Slate User Created.  User Index 0, Is Virtual User: 0
[2019.04.11-13.41.35:879][  0]LogSlate: Slate User Registered.  User Index 0, Is Virtual User: 0
[2019.04.11-13.41.36:941][  0]LogHMD: Failed to initialize OpenVR with code 110
[2019.04.11-13.41.36:941][  0]LogD3D11RHI: D3D11 adapters:
[2019.04.11-13.41.37:035][  0]LogD3D11RHI:    0. 'NVIDIA GeForce GTX 1050' (Feature Level 11_0)
[2019.04.11-13.41.37:035][  0]LogD3D11RHI:       1979/0/8135 MB DedicatedVideo/DedicatedSystem/SharedSystem, Outputs:1, VendorId:0x10de
[2019.04.11-13.41.37:045][  0]LogD3D11RHI:    1. 'Intel(R) HD Graphics 630' (Feature Level 11_0)
[2019.04.11-13.41.37:045][  0]LogD3D11RHI:       128/0/8135 MB DedicatedVideo/DedicatedSystem/SharedSystem, Outputs:0, VendorId:0x8086
[2019.04.11-13.41.37:048][  0]LogD3D11RHI:    2. 'Microsoft Basic Render Driver' (Feature Level 11_0)
[2019.04.11-13.41.37:048][  0]LogD3D11RHI:       0/0/8135 MB DedicatedVideo/DedicatedSystem/SharedSystem, Outputs:0, VendorId:0x1414
[2019.04.11-13.41.37:048][  0]LogD3D11RHI: Chosen D3D11 Adapter: 0
[2019.04.11-13.41.37:090][  0]LogD3D11RHI: Creating new Direct3DDevice
[2019.04.11-13.41.37:090][  0]LogD3D11RHI:     GPU DeviceId: 0x1c8d (for the marketing name, search the web for "GPU Device Id")
[2019.04.11-13.41.37:113][  0]LogWindows: EnumDisplayDevices:
[2019.04.11-13.41.37:113][  0]LogWindows:    0. 'Intel(R) HD Graphics 630' (P:1 D:1)
[2019.04.11-13.41.37:113][  0]LogWindows:    1. 'Intel(R) HD Graphics 630' (P:0 D:0)
[2019.04.11-13.41.37:113][  0]LogWindows:    2. 'Intel(R) HD Graphics 630' (P:0 D:0)
[2019.04.11-13.41.37:113][  0]LogWindows: DebugString: PrimaryIsNotTheChoosenAdapter PrimaryIsNotTheChoosenAdapter PrimaryIsNotTheChoosenAdapter FoundDriverCount:0 
[2019.04.11-13.41.37:113][  0]LogD3D11RHI:     Adapter Name: NVIDIA GeForce GTX 1050
[2019.04.11-13.41.37:113][  0]LogD3D11RHI:   Driver Version: Unknown (internal:Unknown, unified:Unknown)
[2019.04.11-13.41.37:113][  0]LogD3D11RHI:      Driver Date: Unknown
[2019.04.11-13.41.37:113][  0]LogRHI: Texture pool is 1385 MB (70% of 1979 MB)
[2019.04.11-13.41.37:159][  0]LogD3D11RHI: Async texture creation enabled
[2019.04.11-13.41.37:540][  0]LogD3D11RHI: GPU Timing Frequency: 1000.000000 (Debug: 2 2)
[2019.04.11-13.41.37:593][  0]LogShaderCompilers: Guid format shader working directory is -7 characters bigger than the processId version (../../../../AggressiveCart/Resources/NetworkKartGame/Intermediate/Shaders/WorkingDirectory/19336/).
[2019.04.11-13.41.37:593][  0]LogShaderCompilers: Cleaned the shader compiler working directory 'C:/Users/Owner/AppData/Local/Temp/UnrealShaderWorkingDir/0205AB794BDE77D2B277F5BB5023032D/'.
[2019.04.11-13.41.38:440][  0]LogTemp: Display: Loaded TP AllDesktopTargetPlatform
[2019.04.11-13.41.38:482][  0]LogTemp: Display: Loaded TP MacClientTargetPlatform
[2019.04.11-13.41.38:512][  0]LogTemp: Display: Loaded TP MacNoEditorTargetPlatform
[2019.04.11-13.41.38:544][  0]LogTemp: Display: Loaded TP MacServerTargetPlatform
[2019.04.11-13.41.38:587][  0]LogTemp: Display: Loaded TP MacTargetPlatform
[2019.04.11-13.41.38:635][  0]LogTemp: Display: Loaded TP WindowsClientTargetPlatform
[2019.04.11-13.41.38:775][  0]LogTemp: Display: Loaded TP WindowsNoEditorTargetPlatform
[2019.04.11-13.41.38:812][  0]LogTemp: Display: Loaded TP WindowsServerTargetPlatform
[2019.04.11-13.41.38:832][  0]LogTemp: Display: Loaded TP WindowsTargetPlatform
[2019.04.11-13.41.38:960][  0]LogTemp: Display: Loaded TP AndroidTargetPlatform
[2019.04.11-13.41.38:960][  0]LogTemp: Display: Loaded TP AndroidTargetPlatform
[2019.04.11-13.41.38:960][  0]LogTemp: Display: Loaded TP AndroidTargetPlatform
[2019.04.11-13.41.38:960][  0]LogTemp: Display: Loaded TP AndroidTargetPlatform
[2019.04.11-13.41.38:960][  0]LogTemp: Display: Loaded TP AndroidTargetPlatform
[2019.04.11-13.41.38:960][  0]LogTemp: Display: Loaded TP AndroidTargetPlatform
[2019.04.11-13.41.38:960][  0]LogTemp: Display: Loaded TP AndroidTargetPlatform
[2019.04.11-13.41.38:960][  0]LogTemp: Display: Loaded TP AndroidTargetPlatform
[2019.04.11-13.41.38:960][  0]LogTemp: Display: Loaded TP AndroidTargetPlatform
[2019.04.11-13.41.38:960][  0]LogTemp: Display: Loaded TP AndroidTargetPlatform
[2019.04.11-13.41.38:960][  0]LogTemp: Display: Loaded TP AndroidTargetPlatform
[2019.04.11-13.41.38:960][  0]LogTemp: Display: Loaded TP AndroidTargetPlatform
[2019.04.11-13.41.38:960][  0]LogTemp: Display: Loaded TP AndroidTargetPlatform
[2019.04.11-13.41.38:960][  0]LogTemp: Display: Loaded TP AndroidTargetPlatform
[2019.04.11-13.41.38:960][  0]LogTemp: Display: Loaded TP AndroidTargetPlatform
[2019.04.11-13.41.38:960][  0]LogTemp: Display: Loaded TP AndroidTargetPlatform
[2019.04.11-13.41.38:960][  0]LogTemp: Display: Loaded TP AndroidTargetPlatform
[2019.04.11-13.41.38:960][  0]LogTemp: Display: Loaded TP AndroidTargetPlatform
[2019.04.11-13.41.38:979][  0]LogTemp: Display: Loaded TP HTML5TargetPlatform
[2019.04.11-13.41.39:223][  0]LogTemp: Display: Loaded TP IOSTargetPlatform
[2019.04.11-13.41.39:223][  0]LogTemp: Display: Loaded TP IOSTargetPlatform
[2019.04.11-13.41.39:259][  0]LogTemp: Display: Loaded TP TVOSTargetPlatform
[2019.04.11-13.41.39:259][  0]LogTemp: Display: Loaded TP TVOSTargetPlatform
[2019.04.11-13.41.39:329][  0]LogTemp: Display: Loaded TP LinuxClientTargetPlatform
[2019.04.11-13.41.39:360][  0]LogTemp: Display: Loaded TP LinuxNoEditorTargetPlatform
[2019.04.11-13.41.39:437][  0]LogTemp: Display: Loaded TP LinuxServerTargetPlatform
[2019.04.11-13.41.39:453][  0]LogTemp: Display: Loaded TP LinuxTargetPlatform
[2019.04.11-13.41.39:506][  0]LogTemp: Display: Loaded TP LuminTargetPlatform
[2019.04.11-13.41.39:506][  0]LogTargetPlatformManager: Display: Building Assets For Windows
[2019.04.11-13.41.40:155][  0]LogXGEController: Cleaning working directory: C:/Users/Owner/AppData/Local/Temp/UnrealXGEWorkingDir/
[2019.04.11-13.41.40:156][  0]LogXGEController: Cannot use XGE Controller as Incredibuild is not installed on this machine.
[2019.04.11-13.41.40:156][  0]LogShaderCompilers: Cannot use XGE Shader Compiler as Incredibuild is not installed on this machine.
[2019.04.11-13.41.40:156][  0]LogShaderCompilers: Display: Using Local Shader Compiler.
[2019.04.11-13.41.42:233][  0]LogDerivedDataCache: Display: Max Cache Size: 512 MB
[2019.04.11-13.41.42:369][  0]LogDerivedDataCache: Loaded boot cache 0.14s 74MB C:/Users/Owner/AppData/Local/UnrealEngine/4.20/DerivedDataCache/Boot.ddc.
[2019.04.11-13.41.42:370][  0]LogDerivedDataCache: Display: Loaded Boot cache: C:/Users/Owner/AppData/Local/UnrealEngine/4.20/DerivedDataCache/Boot.ddc
[2019.04.11-13.41.42:370][  0]LogDerivedDataCache: FDerivedDataBackendGraph:  Pak pak cache file ../../../../AggressiveCart/Resources/NetworkKartGame/DerivedDataCache/DDC.ddp not found, will not use a pak cache.
[2019.04.11-13.41.42:370][  0]LogDerivedDataCache: Unable to find inner node Pak for hierarchical cache Hierarchy.
[2019.04.11-13.41.42:370][  0]LogDerivedDataCache: FDerivedDataBackendGraph:  CompressedPak pak cache file ../../../../AggressiveCart/Resources/NetworkKartGame/DerivedDataCache/Compressed.ddp not found, will not use a pak cache.
[2019.04.11-13.41.42:370][  0]LogDerivedDataCache: Unable to find inner node CompressedPak for hierarchical cache Hierarchy.
[2019.04.11-13.41.42:578][  0]LogDerivedDataCache: Display: Pak cache opened for reading ../../../Engine/DerivedDataCache/Compressed.ddp.
[2019.04.11-13.41.42:599][  0]LogDerivedDataCache: Using Local data cache path C:/Users/Owner/AppData/Local/UnrealEngine/Common/DerivedDataCache: Writable
[2019.04.11-13.41.42:599][  0]LogDerivedDataCache: Shared data cache path not found in *engine.ini, will not use an Shared cache.
[2019.04.11-13.41.42:599][  0]LogDerivedDataCache: Unable to find inner node Shared for hierarchical cache Hierarchy.
[2019.04.11-13.41.42:670][  0]LogMaterial: Verifying Global Shaders for PCD3D_SM5
[2019.04.11-13.41.42:713][  0]LogSlate: Using FreeType 2.6.0
[2019.04.11-13.41.42:794][  0]LogSlate: SlateFontServices - WITH_FREETYPE: 1, WITH_HARFBUZZ: 1
[2019.04.11-13.41.43:910][  0]LogAssetRegistry: FAssetRegistry took 0.0415 seconds to start up
[2019.04.11-13.41.49:823][  0]LogInit: Selected Device Profile: [Windows]
[2019.04.11-13.41.52:213][  0]LogSimplygon: Simplygon DLL not present - disabling.
[2019.04.11-13.41.52:335][  0]LogMeshReduction: Using SimplygonSwarm for distributed automatic mesh merging
[2019.04.11-13.41.52:336][  0]LogMeshReduction: Using ProxyLODMeshReduction for automatic mesh merging
[2019.04.11-13.41.52:336][  0]LogMeshReduction: Using QuadricMeshReduction for automatic static mesh reduction
[2019.04.11-13.41.52:336][  0]LogMeshReduction: No automatic skeletal mesh reduction module available
[2019.04.11-13.41.52:662][  0]LogNetVersion: VehicleMovement 1.0.0, NetCL: 4212847, EngineNetVer: 5, GameNetVer: 0 (Checksum: 2966596176)
[2019.04.11-13.41.57:051][  0]LogPackageLocalizationCache: Processed 11 localized package path(s) for 2 prioritized culture(s) in 0.221642 seconds
[2019.04.11-13.41.57:083][  0]LogUObjectArray: 38434 objects as part of root set at end of initial load.
[2019.04.11-13.41.57:083][  0]LogUObjectAllocator: 6701136 out of 0 bytes used by permanent object pool.
[2019.04.11-13.41.57:083][  0]LogUObjectArray: CloseDisregardForGC: 0/0 objects in disregard for GC pool
[2019.04.11-13.42.11:633][  0]LogTcpMessaging: Initializing TcpMessaging bridge
[2019.04.11-13.42.11:661][  0]LogUdpMessaging: Initializing bridge on interface 0.0.0.0:0 to multicast group 230.0.0.1:6666.
[2019.04.11-13.42.13:855][  0]SourceControl: Source control is disabled
[2019.04.11-13.42.13:855][  0]SourceControl: Source control is disabled
[2019.04.11-13.42.13:962][  0]SourceControl: Source control is disabled
[2019.04.11-13.42.13:985][  0]SourceControl: Source control is disabled
[2019.04.11-13.42.15:431][  0]LogAndroidPermission: UAndroidPermissionCallbackProxy::GetInstance
[2019.04.11-13.42.16:056][  0]LogOcInput: OculusInput pre-init called
[2019.04.11-13.42.16:718][  0]LogEngine: Initializing Engine...
[2019.04.11-13.42.16:790][  0]LogHMD: Failed to initialize OpenVR with code 110
[2019.04.11-13.42.16:836][  0]LogStats: UGameplayTagsManager::ConstructGameplayTagTree: ImportINI prefixes -  0.000 s
[2019.04.11-13.42.16:836][  0]LogStats: UGameplayTagsManager::ConstructGameplayTagTree: Construct from data asset -  0.000 s
[2019.04.11-13.42.16:836][  0]LogStats: UGameplayTagsManager::ConstructGameplayTagTree: ImportINI -  0.000 s
[2019.04.11-13.42.16:836][  0]LogStats: UGameplayTagsManager::ConstructGameplayTagTree: GameplayTagTreeChangedEvent.Broadcast -  0.001 s
[2019.04.11-13.42.17:654][  0]LogInit: Initializing FReadOnlyCVARCache
[2019.04.11-13.42.18:140][  0]LogAIModule: Creating AISystem for world Untitled
[2019.04.11-13.42.18:401][  0]LogInit: XAudio2 using 'Headphones (Bose AE2 SoundLink Stereo)' : 2 channels at 44.1 kHz using 16 bits per sample (channel mask 0x3)
[2019.04.11-13.42.18:459][  0]LogInit: FAudioDevice initialized.
[2019.04.11-13.42.18:459][  0]LogNetVersion: Set ProjectVersion to 1.0.0.0. Version Checksum will be recalculated on next use.
[2019.04.11-13.42.18:607][  0]LogDerivedDataCache: Saved boot cache 0.15s 74MB C:/Users/Owner/AppData/Local/UnrealEngine/4.20/DerivedDataCache/Boot.ddc.
[2019.04.11-13.42.18:614][  0]LogInit: Texture streaming: Enabled
[2019.04.11-13.42.18:776][  0]LogEngineSessionManager: EngineSessionManager initialized
[2019.04.11-13.42.18:901][  0]LogInit: Transaction tracking system initialized
[2019.04.11-13.42.19:399][  0]BlueprintLog: New page: Editor Load
[2019.04.11-13.42.20:804][  0]LocalizationService: Localization service is disabled
[2019.04.11-13.42.24:260][  0]LogFileCache: Scanning file cache for directory 'D:/AggressiveCart/Resources/NetworkKartGame/Content/' took 0.04s
[2019.04.11-13.42.24:261][  0]LogCook: Display: Max memory allowance for cook 16384mb min free memory 0mb
[2019.04.11-13.42.24:261][  0]LogCook: Display: Mobile HDR setting 1
[2019.04.11-13.42.24:276][  0]LogGameplayTags: Display: UGameplayTagsManager::DoneAddingNativeTags. DelegateIsBound: 0
[2019.04.11-13.42.24:276][  0]LogStats: UGameplayTagsManager::ConstructGameplayTagTree: ImportINI prefixes -  0.000 s
[2019.04.11-13.42.24:276][  0]LogStats: UGameplayTagsManager::ConstructGameplayTagTree: Construct from data asset -  0.000 s
[2019.04.11-13.42.24:276][  0]LogStats: UGameplayTagsManager::ConstructGameplayTagTree: ImportINI -  0.000 s
[2019.04.11-13.42.24:276][  0]LogStats: UGameplayTagsManager::ConstructGameplayTagTree: GameplayTagTreeChangedEvent.Broadcast -  0.000 s
[2019.04.11-13.42.27:890][  0]SourceControl: Source control is disabled
[2019.04.11-13.42.27:919][  0]Cmd: MAP LOAD FILE="../../../../AggressiveCart/Resources/NetworkKartGame/Content/MultiplayerTemplate/Levels/MainMenuMap.umap" TEMPLATE=0 SHOWPROGRESS=1 FEATURELEVEL=3
[2019.04.11-13.42.27:990][  0]LightingResults: New page: Lighting Build
[2019.04.11-13.42.28:173][  0]MapCheck: New page: Map Check
[2019.04.11-13.42.28:173][  0]LightingResults: New page: Lighting Build
[2019.04.11-13.42.30:129][  0]LogAIModule: Creating AISystem for world MainMenuMap
[2019.04.11-13.42.30:467][  0]LogEditorServer: Finished looking for orphan Actors (0.000 secs)
[2019.04.11-13.42.30:586][  0]Cmd: MAP CHECKDEP NOCLEARLOG
[2019.04.11-13.42.30:636][  0]MapCheck: Map check complete: 0 Error(s), 0 Warning(s), took 50.308ms to complete.
[2019.04.11-13.42.30:637][  0]LogFileHelpers: Loading map 'MainMenuMap' took 2.731
[2019.04.11-13.42.32:278][  0]LogSlate: Updating window title bar state: overlay mode, drag disabled, window buttons hidden, title bar hidden
[2019.04.11-13.42.32:285][  0]LogSlate: Updating window title bar state: overlay mode, drag disabled, window buttons hidden, title bar hidden
[2019.04.11-13.42.32:294][  0]LogSlate: Updating window title bar state: overlay mode, drag disabled, window buttons hidden, title bar hidden
[2019.04.11-13.42.32:302][  0]LogSlate: Updating window title bar state: overlay mode, drag disabled, window buttons hidden, title bar hidden
[2019.04.11-13.42.32:437][  0]LogCollectionManager: Loaded 0 collections in 0.001098 seconds
[2019.04.11-13.42.32:563][  0]LogFileCache: Scanning file cache for directory 'D:/AggressiveCart/Resources/NetworkKartGame/Saved/Collections/' took 0.01s
[2019.04.11-13.42.32:563][  0]LogFileCache: Scanning file cache for directory 'D:/AggressiveCart/Resources/NetworkKartGame/Content/Developers/Owner/Collections/' took 0.01s
[2019.04.11-13.42.32:563][  0]LogFileCache: Scanning file cache for directory 'D:/AggressiveCart/Resources/NetworkKartGame/Content/Collections/' took 0.01s
[2019.04.11-13.42.32:563][  0]LogCollectionManager: Rebuilt the GUID cache for 0 collections in 0.000000 seconds
[2019.04.11-13.42.32:598][  0]LogContentBrowser: Native class hierarchy populated in 0.0231 seconds. Added 2613 classes and 619 folders.
[2019.04.11-13.42.32:678][  0]LogContentBrowser: Native class hierarchy updated for 'WidgetCarousel' in 0.0004 seconds. Added 0 classes and 0 folders.
[2019.04.11-13.42.34:563][  0]LogContentBrowser: Native class hierarchy updated for 'AddContentDialog' in 0.0003 seconds. Added 0 classes and 0 folders.
[2019.04.11-13.42.34:636][  0]LogContentBrowser: Native class hierarchy updated for 'SceneOutliner' in 0.0004 seconds. Added 1 classes and 2 folders.
[2019.04.11-13.42.35:913][  0]LogSlate: Took 0.009409 seconds to synchronously load lazily loaded font '../../../Engine/Content/Slate/Fonts/Roboto-Regular.ttf' (155K)
[2019.04.11-13.42.35:961][  0]LogSlate: Took 0.035571 seconds to synchronously load lazily loaded font '../../../Engine/Content/Slate/Fonts/Roboto-Bold.ttf' (160K)
[2019.04.11-13.42.36:105][  0]LogSlate: Took 0.057191 seconds to synchronously load lazily loaded font '../../../Engine/Content/Editor/Slate/Fonts/FontAwesome.ttf' (139K)
[2019.04.11-13.42.36:551][  0]LogRenderer: Reallocating scene render targets to support 940x460 Format 10 NumSamples 1 (Frame:1).
[2019.04.11-13.42.37:223][  0]LogContentBrowser: Native class hierarchy updated for 'HierarchicalLODOutliner' in 0.0009 seconds. Added 0 classes and 0 folders.
[2019.04.11-13.42.37:224][  0]LogLoad: (Engine Initialization) Total time: 92.99 seconds
[2019.04.11-13.42.37:224][  0]LogLoad: (Engine Initialization) Total Blueprint compile time: 0.00 seconds
[2019.04.11-13.42.37:264][  0]LogRawInputWindows: Warning: Found device 0 devices
[2019.04.11-13.42.37:265][  0]LogRawInputWindows: Warning: Found device 0 devices
[2019.04.11-13.42.37:265][  0]LogRawInputWindows: Warning: Device was registered succesfully but not connected (Usage:4 UsagePage:1)
[2019.04.11-13.42.37:265][  0]LogRawInputWindows: Warning: Found device 1 devices
[2019.04.11-13.42.37:265][  0]LogRawInputWindows: Warning: Device was registered succesfully but not connected (Usage:5 UsagePage:1)
[2019.04.11-13.42.37:405][  0]LogContentStreaming: Texture pool size now 1000 MB
[2019.04.11-13.42.37:560][  0]LogSlate: Took 0.001164 seconds to synchronously load lazily loaded font '../../../Engine/Content/Slate/Fonts/Roboto-Light.ttf' (167K)
[2019.04.11-13.42.37:703][  2]LogAssetRegistry: Asset discovery search completed in 53.8035 seconds
[2019.04.11-13.42.37:705][  2]LogCollectionManager: Rebuilt the object cache for 0 collections in 0.000000 seconds (found 0 objects)
[2019.04.11-13.42.37:705][  2]LogCollectionManager: Fixed up redirectors for 0 collections in 0.000100 seconds (updated 0 objects)
[2019.04.11-13.42.38:686][  5]LogSlate: Took 0.000203 seconds to synchronously load lazily loaded font '../../../Engine/Content/Slate/Fonts/Roboto-Light.ttf' (167K)
[2019.04.11-13.43.14:888][203]LogSlate: FSceneViewport::OnFocusLost() reason 0
[2019.04.11-13.43.15:124][209]LogAssetEditorManager: Opening Asset editor for WidgetBlueprint /Game/MultiplayerTemplate/Blueprints/MainMenu/WBP_ServerMenu.WBP_ServerMenu
[2019.04.11-13.43.16:599][209]LogContentBrowser: Native class hierarchy updated for 'BlueprintGraph' in 0.0008 seconds. Added 116 classes and 0 folders.
[2019.04.11-13.43.18:258][209]LogSlate: Took 0.011924 seconds to synchronously load lazily loaded font '../../../Engine/Content/Slate/Fonts/Roboto-BoldCondensed.ttf' (158K)
[2019.04.11-13.43.20:074][298]LogSlate: Window 'WBP_ServerMenu' being destroyed
[2019.04.11-13.43.25:164][562]LogSlate: Took 0.113874 seconds to synchronously load lazily loaded font '../../../Engine/Content/Slate/Fonts/DroidSansFallback.ttf' (3848K)
[2019.04.11-13.43.25:879][604]BlueprintLog: New page: Compile WBP_ServerMenu
[2019.04.11-13.43.27:847][627]LogSavePackage: Moving '../../../../AggressiveCart/Resources/NetworkKartGame/Saved/WBP_ServerMenu6D437C38404B7A665384A5AD92FA01E4.tmp' to '../../../../AggressiveCart/Resources/NetworkKartGame/Content/MultiplayerTemplate/Blueprints/MainMenu/WBP_ServerMenu.uasset'
[2019.04.11-13.44.05:445][667]LogSavePackage: Moving '../../../../AggressiveCart/Resources/NetworkKartGame/Saved/WBP_ServerMenu2D59F5E44708CB8156F8B399A51C3828.tmp' to '../../../../AggressiveCart/Resources/NetworkKartGame/Content/MultiplayerTemplate/Blueprints/MainMenu/WBP_ServerMenu.uasset'
[2019.04.11-13.44.06:702][741]BlueprintLog: New page: Compile WBP_ServerMenu
[2019.04.11-13.44.08:615][825]LogSavePackage: Moving '../../../../AggressiveCart/Resources/NetworkKartGame/Saved/WBP_ServerMenuC5C6703B41A933D63F845DBFCD56DF90.tmp' to '../../../../AggressiveCart/Resources/NetworkKartGame/Content/MultiplayerTemplate/Blueprints/MainMenu/WBP_ServerMenu.uasset'
[2019.04.11-13.44.21:996][573]BlueprintLog: New page: Compile WBP_ServerMenu
[2019.04.11-13.44.22:830][593]LogSavePackage: Moving '../../../../AggressiveCart/Resources/NetworkKartGame/Saved/WBP_ServerMenuB55F5AC348FF0AC4330A68BDE6DC1D12.tmp' to '../../../../AggressiveCart/Resources/NetworkKartGame/Content/MultiplayerTemplate/Blueprints/MainMenu/WBP_ServerMenu.uasset'
[2019.04.11-13.45.02:418][964]LogAssetEditorManager: Opening Asset editor for WidgetBlueprint /Game/MultiplayerTemplate/Blueprints/MainMenu/WBP_ServerEntry.WBP_ServerEntry
[2019.04.11-13.45.07:928][243]LogAssetEditorManager: Opening Asset editor for WidgetBlueprint /Game/MultiplayerTemplate/Blueprints/MainMenu/WBP_MainMenu.WBP_MainMenu
[2019.04.11-13.45.10:077][323]LogSlate: Took 0.017159 seconds to synchronously load lazily loaded font '../../../Engine/Content/Slate/Fonts/Roboto-Italic.ttf' (157K)
[2019.04.11-13.46.14:375][116]BlueprintLog: New page: Compile WBP_ServerMenu
[2019.04.11-13.46.18:037][240]LogSavePackage: Moving '../../../../AggressiveCart/Resources/NetworkKartGame/Saved/WBP_ServerMenuA2E585B84D1FD2BEC07189BC8A1FC60D.tmp' to '../../../../AggressiveCart/Resources/NetworkKartGame/Content/MultiplayerTemplate/Blueprints/MainMenu/WBP_ServerMenu.uasset'
[2019.04.11-13.50.46:513][170]LogSavePackage: Moving '../../../../AggressiveCart/Resources/NetworkKartGame/Saved/WBP_ServerMenu8282675E4B1F61252E9E938D6342E0A0.tmp' to '../../../../AggressiveCart/Resources/NetworkKartGame/Content/MultiplayerTemplate/Blueprints/MainMenu/WBP_ServerMenu.uasset'
[2019.04.11-13.50.47:748][244]BlueprintLog: New page: Compile WBP_ServerMenu
[2019.04.11-13.50.48:275][267]LogSavePackage: Moving '../../../../AggressiveCart/Resources/NetworkKartGame/Saved/WBP_ServerMenuC0A3845843DC96D03932AF8442749083.tmp' to '../../../../AggressiveCart/Resources/NetworkKartGame/Content/MultiplayerTemplate/Blueprints/MainMenu/WBP_ServerMenu.uasset'
[2019.04.11-13.51.19:928][880]BlueprintLog: New page: Compile WBP_ServerMenu
[2019.04.11-13.51.31:713][569]LogSavePackage: Moving '../../../../AggressiveCart/Resources/NetworkKartGame/Saved/WBP_ServerMenuBA0E5E7B46F477E70883B69B77291F2C.tmp' to '../../../../AggressiveCart/Resources/NetworkKartGame/Content/MultiplayerTemplate/Blueprints/MainMenu/WBP_ServerMenu.uasset'
[2019.04.11-13.51.32:695][628]BlueprintLog: New page: Compile WBP_ServerMenu
[2019.04.11-14.07.12:952][447]BlueprintLog: New page: Compile WBP_ServerMenu
[2019.04.11-14.07.14:040][502]LogSavePackage: Moving '../../../../AggressiveCart/Resources/NetworkKartGame/Saved/WBP_ServerMenu44A987164CD664C160E082B4AB7FB1F8.tmp' to '../../../../AggressiveCart/Resources/NetworkKartGame/Content/MultiplayerTemplate/Blueprints/MainMenu/WBP_ServerMenu.uasset'
[2019.04.11-14.07.14:899][553]LogTemp: Repeating last play command: Standalone Game
[2019.04.11-14.07.58:906][ 10]LogAssetEditorManager: Opening Asset editor for WidgetBlueprint /Game/MultiplayerTemplate/Blueprints/MainMenu/WBP_HostMenu.WBP_HostMenu
[2019.04.11-14.10.59:883][345]LogSavePackage: Moving '../../../../AggressiveCart/Resources/NetworkKartGame/Saved/WBP_ServerMenuC9FA3C0B4E35A5AE36A3DEA48591DC66.tmp' to '../../../../AggressiveCart/Resources/NetworkKartGame/Content/MultiplayerTemplate/Blueprints/MainMenu/WBP_ServerMenu.uasset'
[2019.04.11-14.11.22:824][717]BlueprintLog: New page: Compile WBP_ServerMenu
[2019.04.11-14.11.26:736][946]LogTemp: Repeating last play command: Standalone Game
[2019.04.11-14.11.28:112][946]LogSlate: Window 'Save Content' being destroyed
[2019.04.11-14.11.28:181][946]LogSavePackage: Moving '../../../../AggressiveCart/Resources/NetworkKartGame/Saved/WBP_ServerMenu9508DEF144C74D1D5B3079B8B127816A.tmp' to '../../../../AggressiveCart/Resources/NetworkKartGame/Content/MultiplayerTemplate/Blueprints/MainMenu/WBP_ServerMenu.uasset'
[2019.04.11-14.12.22:009][861]BlueprintLog: New page: Compile WBP_ServerMenu
[2019.04.11-14.12.22:594][887]LogSavePackage: Moving '../../../../AggressiveCart/Resources/NetworkKartGame/Saved/WBP_ServerMenu08B69D434B742E81A533DDBC0CA3AD32.tmp' to '../../../../AggressiveCart/Resources/NetworkKartGame/Content/MultiplayerTemplate/Blueprints/MainMenu/WBP_ServerMenu.uasset'
[2019.04.11-14.12.23:876][963]LogTemp: Repeating last play command: Standalone Game
[2019.04.11-14.12.36:773][646]LogTemp: Repeating last play command: Standalone Game
[2019.04.11-14.25.08:909][562]LogSlate: Window 'Asset Report' being destroyed
[2019.04.11-14.25.36:846][215]LogSlate: Window 'Asset Report' being destroyed
[2019.04.11-14.25.52:877][215]LogSlate: Window 'Message' being destroyed
[2019.04.11-14.25.54:798][215]LogSlate: Window 'Message' being destroyed
[2019.04.11-14.25.56:815][215]LogSlate: Window 'Message' being destroyed
[2019.04.11-14.25.56:827][215]AssetTools: New page: Content migration completed successfully!
[2019.04.11-14.25.56:827][215]AssetTools: /Game/MultiplayerTemplate/Blueprints/MainMenu/WBP_MainMenu
[2019.04.11-14.25.56:827][215]AssetTools: /Game/MultiplayerTemplate/Blueprints/AllLevels/MultiplayerTemplateGameInstance
[2019.04.11-14.25.56:827][215]AssetTools: /Game/MultiplayerTemplate/Blueprints/MainMenu/WBP_ServerList
[2019.04.11-14.25.56:827][215]AssetTools: /Game/MultiplayerTemplate/Blueprints/MainMenu/WBP_ServerEntry
[2019.04.11-14.25.56:827][215]AssetTools: /Game/MultiplayerTemplate/Blueprints/AllLevels/Maps
[2019.04.11-14.25.56:827][215]AssetTools: /Game/MultiplayerTemplate/Blueprints/AllLevels/WBP_ErrorMessage
[2019.04.11-14.25.56:827][215]AssetTools: /Game/MultiplayerTemplate/Blueprints/AllLevels/WBP_LoadingScreen
[2019.04.11-14.25.56:827][215]AssetTools: /Game/MultiplayerTemplate/Blueprints/Lobby/WBP_SessionInvitation
[2019.04.11-14.25.56:827][215]AssetTools: /Game/MultiplayerTemplate/Blueprints/MainMenu/WBP_HostMenu
[2019.04.11-14.25.56:827][215]AssetTools: /Game/MultiplayerTemplate/Blueprints/MainMenu/WBP_ServerMenu
[2019.04.11-14.26.04:610][666]LogLinker: Warning: Can't find file '/Script/MPShooter'
[2019.04.11-14.26.04:610][666]LogLinker: Warning: Can't find file '/Script/MPShooter'
[2019.04.11-14.26.04:610][666]LogUObjectGlobals: Warning: Failed to find object 'Object /Script/MPShooter.MPCharacter'
[2019.04.11-14.26.22:541][732]LogSlate: Window 'Asset Report' being destroyed
[2019.04.11-14.26.32:517][732]LogSlate: Window 'Message' being destroyed
[2019.04.11-14.26.34:482][732]LogSlate: Window 'Message' being destroyed
[2019.04.11-14.26.35:232][732]LogSlate: Window 'Message' being destroyed
[2019.04.11-14.26.35:864][732]LogSlate: Window 'Message' being destroyed
[2019.04.11-14.26.36:471][732]LogSlate: Window 'Message' being destroyed
[2019.04.11-14.26.37:032][732]LogSlate: Window 'Message' being destroyed
[2019.04.11-14.26.37:607][732]LogSlate: Window 'Message' being destroyed
[2019.04.11-14.26.38:166][732]LogSlate: Window 'Message' being destroyed
[2019.04.11-14.26.39:355][732]LogSlate: Window 'Message' being destroyed
[2019.04.11-14.26.40:014][732]LogSlate: Window 'Message' being destroyed
[2019.04.11-14.26.41:733][732]LogSlate: Window 'Message' being destroyed
[2019.04.11-14.26.42:260][732]LogSlate: Window 'Message' being destroyed
[2019.04.11-14.26.42:749][732]LogSlate: Window 'Message' being destroyed
[2019.04.11-14.26.42:775][732]AssetTools: New page: Content migration completed successfully!
[2019.04.11-14.26.42:775][732]AssetTools: /Game/MultiplayerTemplate/Blueprints/Lobby/WBP_LobbyMenu
[2019.04.11-14.26.42:775][732]AssetTools: /Game/Blueprints/UMG_CarTest/TestCarBase
[2019.04.11-14.26.42:775][732]AssetTools: /Game/Vehicle/Meshes/WhiteMaterial
[2019.04.11-14.26.42:775][732]AssetTools: /Game/Vehicle/Meshes/BaseMaterial
[2019.04.11-14.26.42:775][732]AssetTools: /Game/3D/Cars/GoodTestCar/JennyCar
[2019.04.11-14.26.42:775][732]AssetTools: /Game/3D/Cars/GoodTestCar/JennyCar_Skeleton
[2019.04.11-14.26.42:775][732]AssetTools: /Game/MultiplayerTemplate/Blueprints/Lobby/LobbyGameState
[2019.04.11-14.26.42:775][732]AssetTools: /Game/MultiplayerTemplate/Blueprints/Lobby/LobbyPlayerController
[2019.04.11-14.26.42:775][732]AssetTools: /Game/MultiplayerTemplate/Blueprints/AllLevels/PlayerInfo
[2019.04.11-14.26.42:775][732]AssetTools: /Game/MultiplayerTemplate/Blueprints/AllLevels/WBP_Countdown_Time_Start
[2019.04.11-14.26.42:775][732]AssetTools: /Game/MultiplayerTemplate/Blueprints/Lobby/LobbyPlayerState
[2019.04.11-14.26.42:775][732]AssetTools: /Game/MultiplayerTemplate/Blueprints/Lobby/WBP_Player_Entry
[2019.04.11-14.26.42:775][732]AssetTools: /Game/UMG/CarEnum
[2019.04.11-14.26.46:976][963]LogSlate: Window 'VehicleMovement - Unreal Editor' being destroyed
[2019.04.11-14.26.46:977][963]LogWindowsTextInputMethodSystem: Display: IME system now deactivated.
[2019.04.11-14.26.47:247][964]Cmd: QUIT_EDITOR
[2019.04.11-14.26.47:370][964]LogExit: Preparing to exit.
