Log file open, 04/09/19 18:42:15
LogWindows: Failed to load 'aqProf.dll' (GetLastError=126)
LogWindows: File 'aqProf.dll' does not exist
LogWindows: Failed to load 'VSPerf140.dll' (GetLastError=126)
LogWindows: File 'VSPerf140.dll' does not exist
LogWindows: Failed to load 'VtuneApi.dll' (GetLastError=126)
LogWindows: File 'VtuneApi.dll' does not exist
LogWindows: Failed to load 'VtuneApi32e.dll' (GetLastError=126)
LogWindows: File 'VtuneApi32e.dll' does not exist
LogInit: Display: Running engine for game: VehicleMovement
LogPlatformFile: Not using cached read wrapper
LogTaskGraph: Started task graph with 5 named threads and 23 total threads with 3 sets of task threads.
LogStats: Stats thread started at 0.284973
LogD3D11RHI: Loaded GFSDK_Aftermath_Lib.x64.dll
LogICUInternationalization: Display: ICU TimeZone Detection - Raw Offset: -5:00, Platform Override: ''
LogPluginManager: Mounting plugin Paper2D
LogPluginManager: Mounting plugin AdvancedSessions
LogPluginManager: Mounting plugin AdvancedSteamSessions
LogPluginManager: Mounting plugin AISupport
LogPluginManager: Mounting plugin LightPropagationVolume
LogPluginManager: Mounting plugin CLionSourceCodeAccess
LogPluginManager: Mounting plugin CodeLiteSourceCodeAccess
LogPluginManager: Mounting plugin GitSourceControl
LogPluginManager: Mounting plugin KDevelopSourceCodeAccess
LogPluginManager: Mounting plugin NullSourceCodeAccess
LogPluginManager: Mounting plugin PerforceSourceControl
LogPluginManager: Mounting plugin SubversionSourceControl
LogPluginManager: Mounting plugin UObjectPlugin
LogPluginManager: Mounting plugin VisualStudioCodeSourceCodeAccess
LogPluginManager: Mounting plugin VisualStudioSourceCodeAccess
LogPluginManager: Mounting plugin XCodeSourceCodeAccess
LogPluginManager: Mounting plugin AssetManagerEditor
LogPluginManager: Mounting plugin CryptoKeys
LogPluginManager: Mounting plugin DataValidation
LogPluginManager: Mounting plugin FacialAnimation
LogPluginManager: Mounting plugin GameplayTagsEditor
LogPluginManager: Mounting plugin MacGraphicsSwitching
LogPluginManager: Mounting plugin MeshEditor
LogPluginManager: Mounting plugin MobileLauncherProfileWizard
LogPluginManager: Mounting plugin PluginBrowser
LogPluginManager: Mounting plugin SpeedTreeImporter
LogPluginManager: Mounting plugin DatasmithContent
LogPluginManager: Mounting plugin AlembicImporter
LogPluginManager: Mounting plugin AppleImageUtils
LogPluginManager: Mounting plugin AppleVision
LogPluginManager: Mounting plugin BackChannel
LogPluginManager: Mounting plugin CharacterAI
LogPluginManager: Mounting plugin GeometryCache
LogPluginManager: Mounting plugin HTML5Networking
LogPluginManager: Mounting plugin ProxyLODPlugin
LogPluginManager: Mounting plugin RawInput
LogPluginManager: Mounting plugin MagicLeap
LogPluginManager: Mounting plugin MagicLeapEmulator
LogPluginManager: Mounting plugin MagicLeapMedia
LogPluginManager: Mounting plugin AndroidMedia
LogPluginManager: Mounting plugin AvfMedia
LogPluginManager: Mounting plugin ImgMedia
LogPluginManager: Mounting plugin LinearTimecode
LogPluginManager: Mounting plugin MediaCompositing
LogPluginManager: Mounting plugin MediaPlayerEditor
LogPluginManager: Mounting plugin WmfMedia
LogPluginManager: Mounting plugin TcpMessaging
LogPluginManager: Mounting plugin UdpMessaging
LogPluginManager: Mounting plugin ActorSequence
LogPluginManager: Mounting plugin LevelSequenceEditor
LogPluginManager: Mounting plugin MatineeToLevelSequence
LogPluginManager: Mounting plugin NetcodeUnitTest
LogPluginManager: Mounting plugin NUTUnrealEngine4
LogPluginManager: Mounting plugin OnlineSubsystemGooglePlay
LogPluginManager: Mounting plugin OnlineSubsystemIOS
LogPluginManager: Mounting plugin OnlineSubsystem
LogPluginManager: Mounting plugin OnlineSubsystemNull
LogPluginManager: Mounting plugin OnlineSubsystemSteam
LogPluginManager: Mounting plugin OnlineSubsystemUtils
LogPluginManager: Mounting plugin LauncherChunkInstaller
LogPluginManager: Mounting plugin AndroidDeviceProfileSelector
LogPluginManager: Mounting plugin AndroidMoviePlayer
LogPluginManager: Mounting plugin AndroidPermission
LogPluginManager: Mounting plugin AppleMoviePlayer
LogPluginManager: Mounting plugin ArchVisCharacter
LogPluginManager: Mounting plugin AudioCapture
LogPluginManager: Mounting plugin CableComponent
LogPluginManager: Mounting plugin CustomMeshComponent
LogPluginManager: Mounting plugin EditableMesh
LogPluginManager: Mounting plugin ExampleDeviceProfileSelector
LogPluginManager: Mounting plugin GoogleCloudMessaging
LogPluginManager: Mounting plugin ImmediatePhysics
LogPluginManager: Mounting plugin IOSDeviceProfileSelector
LogPluginManager: Mounting plugin LinuxDeviceProfileSelector
LogPluginManager: Mounting plugin LocationServicesBPLibrary
LogPluginManager: Mounting plugin MobilePatchingUtils
LogPluginManager: Mounting plugin OculusVR
LogPluginManager: Plugin shader directory ../../../Engine/Plugins/Runtime/Oculus/OculusVR/Shaders found
LogPluginManager: Mapping shader source directory ../../../Engine/Plugins/Runtime/Oculus/OculusVR/Shaders to virtual directory /Plugin/OculusVR
LogPluginManager: Mounting plugin PhysXVehicles
LogPluginManager: Mounting plugin ProceduralMeshComponent
LogPluginManager: Mounting plugin RuntimePhysXCooking
LogPluginManager: Mounting plugin SteamVR
LogPluginManager: Mounting plugin WindowsMoviePlayer
LogStreaming: Display: Took  5.528s to configure plugins.
LogInit: Using libcurl 7.55.1-DEV
LogInit:  - built for x86_64-pc-win32
LogInit:  - supports SSL with OpenSSL/1.0.2h
LogInit:  - supports HTTP deflate (compression) using libz 1.2.8
LogInit:  - other features:
LogInit:      CURL_VERSION_SSL
LogInit:      CURL_VERSION_LIBZ
LogInit:      CURL_VERSION_IPV6
LogInit:      CURL_VERSION_ASYNCHDNS
LogInit:      CURL_VERSION_LARGEFILE
LogInit:      CURL_VERSION_IDN
LogInit:  CurlRequestOptions (configurable via config and command line):
LogInit:  - bVerifyPeer = false  - Libcurl will NOT verify peer certificate
LogInit:  - bUseHttpProxy = false  - Libcurl will NOT use HTTP proxy
LogInit:  - bDontReuseConnections = false  - Libcurl will reuse connections
LogInit:  - CertBundlePath = nullptr  - Libcurl will use whatever was configured at build time.
LogInit:  - MaxHostConnections = 16  - Libcurl will limit the number of connections to a host
LogInit:  - LocalHostAddr = Default
LogInit:  - BufferSize = 65536
LogOnline: Display: STEAM: Loading Steam SDK 1.39
LogOnline: Warning: STEAM: Steam API disabled!
LogOnline: Display: STEAM: OnlineSubsystemSteam::Shutdown()
LogInit: WinSock: version 1.1 (2.2), MaxSocks=32767, MaxUdp=65467
LogInit: Build: ++UE4+Release-4.20-CL-4369336
LogInit: Engine Version: 4.20.3-4369336+++UE4+Release-4.20
LogInit: Compatible Engine Version: 4.20.0-4212847+++UE4+Release-4.20
LogInit: Net CL: 4212847
LogInit: OS: Windows 10 (), CPU: Intel(R) Core(TM) i7-7700HQ CPU @ 2.80GHz, GPU: Intel(R) HD Graphics 630
LogInit: Compiled (64-bit): Sep 17 2018 12:26:19
LogInit: Compiled with Visual C++: 19.13.26129.00
LogInit: Build Configuration: Development
LogInit: Branch Name: ++UE4+Release-4.20
LogInit: Command Line:  
LogInit: Base Directory: D:/UE_4.20/Engine/Binaries/Win64/
LogInit: Installed Engine Build: 1
LogDevObjectVersion: Number of dev versions registered: 20
LogDevObjectVersion:   Dev-Blueprints (B0D832E4-1F89-4F0D-ACCF-7EB736FD4AA2): 10
LogDevObjectVersion:   Dev-Build (E1C64328-A22C-4D53-A36C-8E866417BD8C): 0
LogDevObjectVersion:   Dev-Core (375EC13C-06E4-48FB-B500-84F0262A717E): 2
LogDevObjectVersion:   Dev-Editor (E4B068ED-F494-42E9-A231-DA0B2E46BB41): 24
LogDevObjectVersion:   Dev-Framework (CFFC743F-43B0-4480-9391-14DF171D2073): 34
LogDevObjectVersion:   Dev-Mobile (B02B49B5-BB20-44E9-A304-32B752E40360): 2
LogDevObjectVersion:   Dev-Networking (A4E4105C-59A1-49B5-A7C5-40C4547EDFEE): 0
LogDevObjectVersion:   Dev-Online (39C831C9-5AE6-47DC-9A44-9C173E1C8E7C): 0
LogDevObjectVersion:   Dev-Physics (78F01B33-EBEA-4F98-B9B4-84EACCB95AA2): 0
LogDevObjectVersion:   Dev-Platform (6631380F-2D4D-43E0-8009-CF276956A95A): 0
LogDevObjectVersion:   Dev-Rendering (12F88B9F-8875-4AFC-A67C-D90C383ABD29): 26
LogDevObjectVersion:   Dev-Sequencer (7B5AE74C-D270-4C10-A958-57980B212A5A): 9
LogDevObjectVersion:   Dev-VR (D7296918-1DD6-4BDD-9DE2-64A83CC13884): 2
LogDevObjectVersion:   Dev-LoadTimes (C2A15278-BFE7-4AFE-6C17-90FF531DF755): 1
LogDevObjectVersion:   Private-Geometry (6EACA3D4-40EC-4CC1-B786-8BED09428FC5): 3
LogDevObjectVersion:   Dev-AnimPhys (29E575DD-E0A3-4627-9D10-D276232CDCEA): 17
LogDevObjectVersion:   Dev-ReflectionCapture (6B266CEC-1EC7-4B8F-A30B-E4D90942FC07): 1
LogDevObjectVersion:   Dev-Automation (0DF73D61-A23F-47EA-B727-89E90C41499A): 1
LogDevObjectVersion:   FortniteMain (601D1886-AC64-4F84-AA16-D3DE0DEAC7D6): 12
LogDevObjectVersion:   Dev-Enterprise (9DFFBCD6-494F-0158-E221-12823C92A888): 1
LogStreaming: Display: Took  0.001s to delete old logs.
LogInit: Presizing for max 8388607 objects, including 0 objects not considered by GC, pre-allocating 0 bytes for permanent pool.
LogInit: Object subsystem initialized
[2019.04.09-22.42.17:301][  0]LogInit: Selected Device Profile: [Windows]
[2019.04.09-22.42.17:301][  0]LogInit: Applying CVar settings loaded from the selected device profile: [Windows]
[2019.04.09-22.42.17:335][  0]LogHAL: Display: Platform has ~ 16 GB [17061834752 / 17179869184 / 16], which maps to Larger [LargestMinGB=32, LargerMinGB=12, DefaultMinGB=8, SmallerMinGB=6, SmallestMinGB=0)
[2019.04.09-22.42.17:335][  0]LogInit: Setting Device Profile CVar: [[r.Vulkan.UseRealUBs:1]]
[2019.04.09-22.42.17:335][  0]LogInit: Going up to parent DeviceProfile []
[2019.04.09-22.42.17:366][  0]LogInit: Computer: MSI
[2019.04.09-22.42.17:366][  0]LogInit: User: Owner
[2019.04.09-22.42.17:366][  0]LogInit: CPU Page size=4096, Cores=4
[2019.04.09-22.42.17:366][  0]LogInit: High frequency timer resolution =10.000000 MHz
[2019.04.09-22.42.17:367][  0]LogMemory: Memory total: Physical=15.9GB (16GB approx)
[2019.04.09-22.42.17:367][  0]LogMemory: Platform Memory Stats for Windows
[2019.04.09-22.42.17:367][  0]LogMemory: Process Physical Memory: 101.91 MB used, 101.92 MB peak
[2019.04.09-22.42.17:367][  0]LogMemory: Process Virtual Memory: 90.23 MB used, 90.23 MB peak
[2019.04.09-22.42.17:367][  0]LogMemory: Physical Memory: 11522.08 MB used,  4749.36 MB free, 16271.43 MB total
[2019.04.09-22.42.17:367][  0]LogMemory: Virtual Memory: 4643.39 MB used,  4749.36 MB free, 134217728.00 MB total
[2019.04.09-22.42.18:192][  0]LogInit: Using OS detected language (en-GB).
[2019.04.09-22.42.18:192][  0]LogInit: Using OS detected locale (en-CA).
[2019.04.09-22.42.18:193][  0]LogTextLocalizationManager: No specific localization for 'en-GB' exists, so the 'en' localization will be used.
[2019.04.09-22.42.19:409][  0]LogStreaming: Display: Took  1.217s to InitEngineTextLocalization.
[2019.04.09-22.42.19:409][  0]LogInit: Setting process to per monitor DPI aware
[2019.04.09-22.42.19:666][  0]LogSlate: New Slate User Created.  User Index 0, Is Virtual User: 0
[2019.04.09-22.42.19:666][  0]LogSlate: Slate User Registered.  User Index 0, Is Virtual User: 0
[2019.04.09-22.42.20:608][  0]LogHMD: Failed to initialize OpenVR with code 110
[2019.04.09-22.42.20:608][  0]LogD3D11RHI: D3D11 adapters:
[2019.04.09-22.42.20:680][  0]LogD3D11RHI:    0. 'NVIDIA GeForce GTX 1050' (Feature Level 11_0)
[2019.04.09-22.42.20:680][  0]LogD3D11RHI:       1979/0/8135 MB DedicatedVideo/DedicatedSystem/SharedSystem, Outputs:1, VendorId:0x10de
[2019.04.09-22.42.20:693][  0]LogD3D11RHI:    1. 'Intel(R) HD Graphics 630' (Feature Level 11_0)
[2019.04.09-22.42.20:693][  0]LogD3D11RHI:       128/0/8135 MB DedicatedVideo/DedicatedSystem/SharedSystem, Outputs:0, VendorId:0x8086
[2019.04.09-22.42.20:698][  0]LogD3D11RHI:    2. 'Microsoft Basic Render Driver' (Feature Level 11_0)
[2019.04.09-22.42.20:698][  0]LogD3D11RHI:       0/0/8135 MB DedicatedVideo/DedicatedSystem/SharedSystem, Outputs:0, VendorId:0x1414
[2019.04.09-22.42.20:698][  0]LogD3D11RHI: Chosen D3D11 Adapter: 0
[2019.04.09-22.42.20:730][  0]LogD3D11RHI: Creating new Direct3DDevice
[2019.04.09-22.42.20:730][  0]LogD3D11RHI:     GPU DeviceId: 0x1c8d (for the marketing name, search the web for "GPU Device Id")
[2019.04.09-22.42.20:730][  0]LogWindows: EnumDisplayDevices:
[2019.04.09-22.42.20:730][  0]LogWindows:    0. 'Intel(R) HD Graphics 630' (P:1 D:1)
[2019.04.09-22.42.20:730][  0]LogWindows:    1. 'Intel(R) HD Graphics 630' (P:0 D:0)
[2019.04.09-22.42.20:731][  0]LogWindows:    2. 'Intel(R) HD Graphics 630' (P:0 D:0)
[2019.04.09-22.42.20:731][  0]LogWindows: DebugString: PrimaryIsNotTheChoosenAdapter PrimaryIsNotTheChoosenAdapter PrimaryIsNotTheChoosenAdapter FoundDriverCount:0 
[2019.04.09-22.42.20:731][  0]LogD3D11RHI:     Adapter Name: NVIDIA GeForce GTX 1050
[2019.04.09-22.42.20:731][  0]LogD3D11RHI:   Driver Version: Unknown (internal:Unknown, unified:Unknown)
[2019.04.09-22.42.20:731][  0]LogD3D11RHI:      Driver Date: Unknown
[2019.04.09-22.42.20:731][  0]LogRHI: Texture pool is 1385 MB (70% of 1979 MB)
[2019.04.09-22.42.20:775][  0]LogD3D11RHI: Async texture creation enabled
[2019.04.09-22.42.20:802][  0]LogD3D11RHI: GPU Timing Frequency: 1000.000000 (Debug: 2 2)
[2019.04.09-22.42.20:804][  0]LogShaderCompilers: Guid format shader working directory is -6 characters bigger than the processId version (../../../../AggressiveCart/Resources/NetworkKartGame/Intermediate/Shaders/WorkingDirectory/4536/).
[2019.04.09-22.42.20:804][  0]LogShaderCompilers: Cleaned the shader compiler working directory 'C:/Users/Owner/AppData/Local/Temp/UnrealShaderWorkingDir/2A23B1B84E89B17FA011C39D4CA8AC98/'.
[2019.04.09-22.42.21:424][  0]LogTemp: Display: Loaded TP AllDesktopTargetPlatform
[2019.04.09-22.42.21:457][  0]LogTemp: Display: Loaded TP MacClientTargetPlatform
[2019.04.09-22.42.21:491][  0]LogTemp: Display: Loaded TP MacNoEditorTargetPlatform
[2019.04.09-22.42.21:551][  0]LogTemp: Display: Loaded TP MacServerTargetPlatform
[2019.04.09-22.42.21:619][  0]LogTemp: Display: Loaded TP MacTargetPlatform
[2019.04.09-22.42.21:642][  0]LogTemp: Display: Loaded TP WindowsClientTargetPlatform
[2019.04.09-22.42.21:674][  0]LogTemp: Display: Loaded TP WindowsNoEditorTargetPlatform
[2019.04.09-22.42.21:705][  0]LogTemp: Display: Loaded TP WindowsServerTargetPlatform
[2019.04.09-22.42.21:729][  0]LogTemp: Display: Loaded TP WindowsTargetPlatform
[2019.04.09-22.42.21:861][  0]LogTemp: Display: Loaded TP AndroidTargetPlatform
[2019.04.09-22.42.21:861][  0]LogTemp: Display: Loaded TP AndroidTargetPlatform
[2019.04.09-22.42.21:861][  0]LogTemp: Display: Loaded TP AndroidTargetPlatform
[2019.04.09-22.42.21:861][  0]LogTemp: Display: Loaded TP AndroidTargetPlatform
[2019.04.09-22.42.21:861][  0]LogTemp: Display: Loaded TP AndroidTargetPlatform
[2019.04.09-22.42.21:861][  0]LogTemp: Display: Loaded TP AndroidTargetPlatform
[2019.04.09-22.42.21:861][  0]LogTemp: Display: Loaded TP AndroidTargetPlatform
[2019.04.09-22.42.21:861][  0]LogTemp: Display: Loaded TP AndroidTargetPlatform
[2019.04.09-22.42.21:861][  0]LogTemp: Display: Loaded TP AndroidTargetPlatform
[2019.04.09-22.42.21:861][  0]LogTemp: Display: Loaded TP AndroidTargetPlatform
[2019.04.09-22.42.21:861][  0]LogTemp: Display: Loaded TP AndroidTargetPlatform
[2019.04.09-22.42.21:861][  0]LogTemp: Display: Loaded TP AndroidTargetPlatform
[2019.04.09-22.42.21:861][  0]LogTemp: Display: Loaded TP AndroidTargetPlatform
[2019.04.09-22.42.21:861][  0]LogTemp: Display: Loaded TP AndroidTargetPlatform
[2019.04.09-22.42.21:861][  0]LogTemp: Display: Loaded TP AndroidTargetPlatform
[2019.04.09-22.42.21:861][  0]LogTemp: Display: Loaded TP AndroidTargetPlatform
[2019.04.09-22.42.21:861][  0]LogTemp: Display: Loaded TP AndroidTargetPlatform
[2019.04.09-22.42.21:861][  0]LogTemp: Display: Loaded TP AndroidTargetPlatform
[2019.04.09-22.42.21:876][  0]LogTemp: Display: Loaded TP HTML5TargetPlatform
[2019.04.09-22.42.22:021][  0]LogTemp: Display: Loaded TP IOSTargetPlatform
[2019.04.09-22.42.22:021][  0]LogTemp: Display: Loaded TP IOSTargetPlatform
[2019.04.09-22.42.22:058][  0]LogTemp: Display: Loaded TP TVOSTargetPlatform
[2019.04.09-22.42.22:058][  0]LogTemp: Display: Loaded TP TVOSTargetPlatform
[2019.04.09-22.42.22:091][  0]LogTemp: Display: Loaded TP LinuxClientTargetPlatform
[2019.04.09-22.42.22:138][  0]LogTemp: Display: Loaded TP LinuxNoEditorTargetPlatform
[2019.04.09-22.42.22:182][  0]LogTemp: Display: Loaded TP LinuxServerTargetPlatform
[2019.04.09-22.42.22:196][  0]LogTemp: Display: Loaded TP LinuxTargetPlatform
[2019.04.09-22.42.22:215][  0]LogTemp: Display: Loaded TP LuminTargetPlatform
[2019.04.09-22.42.22:215][  0]LogTargetPlatformManager: Display: Building Assets For Windows
[2019.04.09-22.42.22:669][  0]LogXGEController: Cannot use XGE Controller as Incredibuild is not installed on this machine.
[2019.04.09-22.42.22:670][  0]LogShaderCompilers: Cannot use XGE Shader Compiler as Incredibuild is not installed on this machine.
[2019.04.09-22.42.22:670][  0]LogShaderCompilers: Display: Using Local Shader Compiler.
[2019.04.09-22.42.24:311][  0]LogDerivedDataCache: Display: Max Cache Size: 512 MB
[2019.04.09-22.42.24:555][  0]LogDerivedDataCache: Loaded boot cache 0.24s 74MB C:/Users/Owner/AppData/Local/UnrealEngine/4.20/DerivedDataCache/Boot.ddc.
[2019.04.09-22.42.24:556][  0]LogDerivedDataCache: Display: Loaded Boot cache: C:/Users/Owner/AppData/Local/UnrealEngine/4.20/DerivedDataCache/Boot.ddc
[2019.04.09-22.42.24:556][  0]LogDerivedDataCache: FDerivedDataBackendGraph:  Pak pak cache file ../../../../AggressiveCart/Resources/NetworkKartGame/DerivedDataCache/DDC.ddp not found, will not use a pak cache.
[2019.04.09-22.42.24:556][  0]LogDerivedDataCache: Unable to find inner node Pak for hierarchical cache Hierarchy.
[2019.04.09-22.42.24:556][  0]LogDerivedDataCache: FDerivedDataBackendGraph:  CompressedPak pak cache file ../../../../AggressiveCart/Resources/NetworkKartGame/DerivedDataCache/Compressed.ddp not found, will not use a pak cache.
[2019.04.09-22.42.24:556][  0]LogDerivedDataCache: Unable to find inner node CompressedPak for hierarchical cache Hierarchy.
[2019.04.09-22.42.24:621][  0]LogDerivedDataCache: Display: Pak cache opened for reading ../../../Engine/DerivedDataCache/Compressed.ddp.
[2019.04.09-22.42.24:634][  0]LogDerivedDataCache: Using Local data cache path C:/Users/Owner/AppData/Local/UnrealEngine/Common/DerivedDataCache: Writable
[2019.04.09-22.42.24:634][  0]LogDerivedDataCache: Shared data cache path not found in *engine.ini, will not use an Shared cache.
[2019.04.09-22.42.24:634][  0]LogDerivedDataCache: Unable to find inner node Shared for hierarchical cache Hierarchy.
[2019.04.09-22.42.24:663][  0]LogMaterial: Verifying Global Shaders for PCD3D_SM5
[2019.04.09-22.42.24:666][  0]LogSlate: Using FreeType 2.6.0
[2019.04.09-22.42.24:694][  0]LogSlate: SlateFontServices - WITH_FREETYPE: 1, WITH_HARFBUZZ: 1
[2019.04.09-22.42.25:455][  0]LogAssetRegistry: FAssetRegistry took 0.0268 seconds to start up
[2019.04.09-22.42.26:173][  0]LogInit: Selected Device Profile: [Windows]
[2019.04.09-22.42.26:794][  0]LogSimplygon: Simplygon DLL not present - disabling.
[2019.04.09-22.42.26:917][  0]LogMeshReduction: Using SimplygonSwarm for distributed automatic mesh merging
[2019.04.09-22.42.26:917][  0]LogMeshReduction: Using ProxyLODMeshReduction for automatic mesh merging
[2019.04.09-22.42.26:917][  0]LogMeshReduction: Using QuadricMeshReduction for automatic static mesh reduction
[2019.04.09-22.42.26:917][  0]LogMeshReduction: No automatic skeletal mesh reduction module available
[2019.04.09-22.42.26:946][  0]LogNetVersion: VehicleMovement 1.0.0, NetCL: 4212847, EngineNetVer: 5, GameNetVer: 0 (Checksum: 2966596176)
[2019.04.09-22.42.28:069][  0]LogPackageLocalizationCache: Processed 11 localized package path(s) for 2 prioritized culture(s) in 0.109145 seconds
[2019.04.09-22.42.28:077][  0]LogUObjectArray: 38434 objects as part of root set at end of initial load.
[2019.04.09-22.42.28:077][  0]LogUObjectAllocator: 6701136 out of 0 bytes used by permanent object pool.
[2019.04.09-22.42.28:077][  0]LogUObjectArray: CloseDisregardForGC: 0/0 objects in disregard for GC pool
[2019.04.09-22.42.40:747][  0]LogTcpMessaging: Initializing TcpMessaging bridge
[2019.04.09-22.42.40:786][  0]LogUdpMessaging: Initializing bridge on interface 0.0.0.0:0 to multicast group 230.0.0.1:6666.
[2019.04.09-22.42.41:580][  0]SourceControl: Source control is disabled
[2019.04.09-22.42.41:580][  0]SourceControl: Source control is disabled
[2019.04.09-22.42.41:635][  0]SourceControl: Source control is disabled
[2019.04.09-22.42.41:695][  0]SourceControl: Source control is disabled
[2019.04.09-22.42.42:618][  0]LogAndroidPermission: UAndroidPermissionCallbackProxy::GetInstance
[2019.04.09-22.42.43:092][  0]LogOcInput: OculusInput pre-init called
[2019.04.09-22.42.43:295][  0]LogEngine: Initializing Engine...
[2019.04.09-22.42.43:310][  0]LogHMD: Failed to initialize OpenVR with code 110
[2019.04.09-22.42.43:312][  0]LogStats: UGameplayTagsManager::ConstructGameplayTagTree: ImportINI prefixes -  0.000 s
[2019.04.09-22.42.43:312][  0]LogStats: UGameplayTagsManager::ConstructGameplayTagTree: Construct from data asset -  0.000 s
[2019.04.09-22.42.43:312][  0]LogStats: UGameplayTagsManager::ConstructGameplayTagTree: ImportINI -  0.000 s
[2019.04.09-22.42.43:312][  0]LogStats: UGameplayTagsManager::ConstructGameplayTagTree: GameplayTagTreeChangedEvent.Broadcast -  0.000 s
[2019.04.09-22.42.43:604][  0]LogInit: Initializing FReadOnlyCVARCache
[2019.04.09-22.42.43:745][  0]LogAIModule: Creating AISystem for world Untitled
[2019.04.09-22.42.43:837][  0]LogInit: XAudio2 using 'Headphones (Bose AE2 SoundLink Stereo)' : 2 channels at 44.1 kHz using 16 bits per sample (channel mask 0x3)
[2019.04.09-22.42.43:879][  0]LogInit: FAudioDevice initialized.
[2019.04.09-22.42.43:880][  0]LogNetVersion: Set ProjectVersion to 1.0.0.0. Version Checksum will be recalculated on next use.
[2019.04.09-22.42.43:888][  0]LogDerivedDataCache: Error: Could not save memory cache C:/Users/Owner/AppData/Local/UnrealEngine/4.20/DerivedDataCache/Boot.ddc.
[2019.04.09-22.42.43:892][  0]LogInit: Texture streaming: Enabled
[2019.04.09-22.42.44:059][  0]LogEngineSessionManager: EngineSessionManager initialized
[2019.04.09-22.42.44:185][  0]LogInit: Transaction tracking system initialized
[2019.04.09-22.42.44:414][  0]BlueprintLog: New page: Editor Load
[2019.04.09-22.42.45:206][  0]LocalizationService: Localization service is disabled
[2019.04.09-22.42.46:527][  0]LogCook: Display: Max memory allowance for cook 16384mb min free memory 0mb
[2019.04.09-22.42.46:527][  0]LogCook: Display: Mobile HDR setting 1
[2019.04.09-22.42.46:527][  0]LogGameplayTags: Display: UGameplayTagsManager::DoneAddingNativeTags. DelegateIsBound: 0
[2019.04.09-22.42.46:527][  0]LogStats: UGameplayTagsManager::ConstructGameplayTagTree: ImportINI prefixes -  0.000 s
[2019.04.09-22.42.46:527][  0]LogStats: UGameplayTagsManager::ConstructGameplayTagTree: Construct from data asset -  0.000 s
[2019.04.09-22.42.46:527][  0]LogStats: UGameplayTagsManager::ConstructGameplayTagTree: ImportINI -  0.000 s
[2019.04.09-22.42.46:527][  0]LogStats: UGameplayTagsManager::ConstructGameplayTagTree: GameplayTagTreeChangedEvent.Broadcast -  0.000 s
[2019.04.09-22.42.46:898][  0]LogFileCache: Scanning file cache for directory 'D:/AggressiveCart/Resources/NetworkKartGame/Content/' took 0.02s
[2019.04.09-22.42.48:649][  0]SourceControl: Source control is disabled
[2019.04.09-22.42.48:649][  0]Cmd: MAP LOAD FILE="../../../../AggressiveCart/Resources/NetworkKartGame/Content/MultiplayerTemplate/Levels/MainMenuMap.umap" TEMPLATE=0 SHOWPROGRESS=1 FEATURELEVEL=3
[2019.04.09-22.42.48:650][  0]LightingResults: New page: Lighting Build
[2019.04.09-22.42.48:706][  0]MapCheck: New page: Map Check
[2019.04.09-22.42.48:706][  0]LightingResults: New page: Lighting Build
[2019.04.09-22.42.49:370][  0]LogAIModule: Creating AISystem for world MainMenuMap
[2019.04.09-22.42.49:400][  0]LogEditorServer: Finished looking for orphan Actors (0.000 secs)
[2019.04.09-22.42.49:448][  0]Cmd: MAP CHECKDEP NOCLEARLOG
[2019.04.09-22.42.49:508][  0]MapCheck: Map check complete: 0 Error(s), 0 Warning(s), took 60.128ms to complete.
[2019.04.09-22.42.49:508][  0]LogFileHelpers: Loading map 'MainMenuMap' took 0.859
[2019.04.09-22.42.49:733][  0]LogSlate: Updating window title bar state: overlay mode, drag disabled, window buttons hidden, title bar hidden
[2019.04.09-22.42.49:777][  0]LogSlate: Updating window title bar state: overlay mode, drag disabled, window buttons hidden, title bar hidden
[2019.04.09-22.42.49:789][  0]LogSlate: Updating window title bar state: overlay mode, drag disabled, window buttons hidden, title bar hidden
[2019.04.09-22.42.49:801][  0]LogSlate: Updating window title bar state: overlay mode, drag disabled, window buttons hidden, title bar hidden
[2019.04.09-22.42.49:821][  0]LogCollectionManager: Loaded 0 collections in 0.001445 seconds
[2019.04.09-22.42.49:887][  0]LogFileCache: Scanning file cache for directory 'D:/AggressiveCart/Resources/NetworkKartGame/Saved/Collections/' took 0.01s
[2019.04.09-22.42.49:887][  0]LogFileCache: Scanning file cache for directory 'D:/AggressiveCart/Resources/NetworkKartGame/Content/Developers/Owner/Collections/' took 0.01s
[2019.04.09-22.42.49:887][  0]LogFileCache: Scanning file cache for directory 'D:/AggressiveCart/Resources/NetworkKartGame/Content/Collections/' took 0.01s
[2019.04.09-22.42.49:887][  0]LogCollectionManager: Rebuilt the GUID cache for 0 collections in 0.000000 seconds
[2019.04.09-22.42.49:899][  0]LogContentBrowser: Native class hierarchy populated in 0.0114 seconds. Added 2613 classes and 619 folders.
[2019.04.09-22.42.49:987][  0]LogContentBrowser: Native class hierarchy updated for 'WidgetCarousel' in 0.0004 seconds. Added 0 classes and 0 folders.
[2019.04.09-22.42.52:340][  0]LogContentBrowser: Native class hierarchy updated for 'AddContentDialog' in 0.0005 seconds. Added 0 classes and 0 folders.
[2019.04.09-22.42.52:374][  0]LogContentBrowser: Native class hierarchy updated for 'SceneOutliner' in 0.0006 seconds. Added 1 classes and 2 folders.
[2019.04.09-22.42.52:498][  0]LogContentBrowser: Native class hierarchy updated for 'HierarchicalLODOutliner' in 0.0004 seconds. Added 0 classes and 0 folders.
[2019.04.09-22.42.52:498][  0]LogLoad: (Engine Initialization) Total time: 64.79 seconds
[2019.04.09-22.42.52:498][  0]LogLoad: (Engine Initialization) Total Blueprint compile time: 0.00 seconds
[2019.04.09-22.42.52:525][  0]LogRawInputWindows: Warning: Found device 0 devices
[2019.04.09-22.42.52:526][  0]LogRawInputWindows: Warning: Found device 0 devices
[2019.04.09-22.42.52:526][  0]LogRawInputWindows: Warning: Device was registered succesfully but not connected (Usage:4 UsagePage:1)
[2019.04.09-22.42.52:526][  0]LogRawInputWindows: Warning: Found device 1 devices
[2019.04.09-22.42.52:526][  0]LogRawInputWindows: Warning: Device was registered succesfully but not connected (Usage:5 UsagePage:1)
[2019.04.09-22.42.52:548][  0]LogContentStreaming: Texture pool size now 1000 MB
[2019.04.09-22.42.52:550][  0]LogSlate: Took 0.000339 seconds to synchronously load lazily loaded font '../../../Engine/Content/Slate/Fonts/Roboto-Regular.ttf' (155K)
[2019.04.09-22.42.52:552][  0]LogSlate: Took 0.000171 seconds to synchronously load lazily loaded font '../../../Engine/Content/Slate/Fonts/Roboto-Bold.ttf' (160K)
[2019.04.09-22.42.52:599][  0]LogSlate: Took 0.040263 seconds to synchronously load lazily loaded font '../../../Engine/Content/Editor/Slate/Fonts/FontAwesome.ttf' (139K)
[2019.04.09-22.42.52:755][  0]LogRenderer: Reallocating scene render targets to support 780x360 Format 10 NumSamples 1 (Frame:1).
[2019.04.09-22.42.52:846][  0]LogSlate: Took 0.001904 seconds to synchronously load lazily loaded font '../../../Engine/Content/Slate/Fonts/Roboto-Light.ttf' (167K)
[2019.04.09-22.42.52:898][  1]LogAssetRegistry: Asset discovery search completed in 27.4659 seconds
[2019.04.09-22.42.52:901][  1]LogCollectionManager: Rebuilt the object cache for 0 collections in 0.000000 seconds (found 0 objects)
[2019.04.09-22.42.52:901][  1]LogCollectionManager: Fixed up redirectors for 0 collections in 0.000106 seconds (updated 0 objects)
[2019.04.09-22.42.53:884][  4]LogSlate: Took 0.000202 seconds to synchronously load lazily loaded font '../../../Engine/Content/Slate/Fonts/Roboto-Light.ttf' (167K)
[2019.04.09-22.42.59:592][169]LogSlate: FSceneViewport::OnFocusLost() reason 0
[2019.04.09-22.42.59:760][177]LogAssetEditorManager: Opening Asset editor for World /Game/MultiplayerTemplate/Levels/MainMenuMap.MainMenuMap
[2019.04.09-22.42.59:797][177]Cmd: MAP LOAD FILE="../../../../AggressiveCart/Resources/NetworkKartGame/Content/MultiplayerTemplate/Levels/MainMenuMap.umap" TEMPLATE=0 SHOWPROGRESS=1 FEATURELEVEL=3
[2019.04.09-22.42.59:797][177]LightingResults: New page: Lighting Build
[2019.04.09-22.42.59:797][177]LoadErrors: New page: Loading map: MainMenuMap.umap
[2019.04.09-22.42.59:797][177]MapCheck: New page: Map Check
[2019.04.09-22.42.59:798][177]LightingResults: New page: Lighting Build
[2019.04.09-22.42.59:880][177]LogAIModule: Creating AISystem for world MainMenuMap
[2019.04.09-22.42.59:971][177]LogEditorServer: Finished looking for orphan Actors (0.000 secs)
[2019.04.09-22.43.00:026][177]Cmd: MAP CHECKDEP NOCLEARLOG
[2019.04.09-22.43.00:082][177]MapCheck: Map check complete: 0 Error(s), 0 Warning(s), took 55.93ms to complete.
[2019.04.09-22.43.00:083][177]LogFileHelpers: Loading map 'MainMenuMap' took 0.300
[2019.04.09-22.43.03:180][358]LogAssetEditorManager: Opening Asset editor for WidgetBlueprint /Game/MultiplayerTemplate/Blueprints/MainMenu/WBP_MainMenu.WBP_MainMenu
[2019.04.09-22.43.03:861][358]LogContentBrowser: Native class hierarchy updated for 'BlueprintGraph' in 0.0015 seconds. Added 116 classes and 0 folders.
[2019.04.09-22.43.05:077][358]LogLinker: Warning: Can't find file '/Script/MPShooter'
[2019.04.09-22.43.05:077][358]LogLinker: Warning: Can't find file '/Script/MPShooter'
[2019.04.09-22.43.05:077][358]LogUObjectGlobals: Warning: Failed to find object 'Object /Script/MPShooter.MPCharacter'
[2019.04.09-22.43.05:154][358]LogAssetEditorManager: Opening Asset editor for Blueprint /Game/MultiplayerTemplate/Blueprints/Lobby/LobbyPlayerController.LobbyPlayerController
[2019.04.09-22.43.05:735][358]LogSlate: Took 0.000197 seconds to synchronously load lazily loaded font '../../../Engine/Content/Slate/Fonts/Roboto-BoldCondensed.ttf' (158K)
[2019.04.09-22.43.05:854][359]LogSlate: Took 0.000202 seconds to synchronously load lazily loaded font '../../../Engine/Content/Slate/Fonts/Roboto-Italic.ttf' (157K)
[2019.04.09-22.43.17:563][ 53]LogAssetEditorManager: Opening Asset editor for LevelScriptBlueprint /Game/MultiplayerTemplate/Levels/MainMenuMap.MainMenuMap:PersistentLevel.MainMenuMap
[2019.04.09-22.43.20:185][184]BlueprintLog: New page: Compile MainMenuMap
[2019.04.09-22.43.33:926][674]LogSlate: Window 'Save Content' being destroyed
[2019.04.09-22.43.34:247][674]LogSavePackage: Moving '../../../../AggressiveCart/Resources/NetworkKartGame/Saved/MainMenuMap06BD3A35422E6E211FB0AE80C4D80241.tmp' to '../../../../AggressiveCart/Resources/NetworkKartGame/Content/MultiplayerTemplate/Levels/MainMenuMap.umap'
[2019.04.09-22.43.34:393][674]LogFileHelpers: Saving map 'MainMenuMap' took 0.427
[2019.04.09-22.43.37:865][877]LogTemp: Repeating last play command: Standalone Game
[2019.04.09-22.43.42:328][ 15]LogSlate: Window 'MainMenuMap - Level Blueprint Editor' being destroyed
[2019.04.09-22.44.11:596][752]LogAIModule: Creating AISystem for world LobbyMap
[2019.04.09-22.44.11:602][752]LogAssetEditorManager: Opening Asset editor for World /Game/MultiplayerTemplate/Levels/LobbyMap.LobbyMap
[2019.04.09-22.44.11:637][752]Cmd: MAP LOAD FILE="../../../../AggressiveCart/Resources/NetworkKartGame/Content/MultiplayerTemplate/Levels/LobbyMap.umap" TEMPLATE=0 SHOWPROGRESS=1 FEATURELEVEL=3
[2019.04.09-22.44.11:637][752]LightingResults: New page: Lighting Build
[2019.04.09-22.44.11:639][752]LoadErrors: New page: Loading map: LobbyMap.umap
[2019.04.09-22.44.11:704][752]MapCheck: New page: Map Check
[2019.04.09-22.44.11:704][752]LightingResults: New page: Lighting Build
[2019.04.09-22.44.11:843][752]LogEditorServer: Finished looking for orphan Actors (0.000 secs)
[2019.04.09-22.44.11:897][752]Cmd: MAP CHECKDEP NOCLEARLOG
[2019.04.09-22.44.11:961][752]MapCheck: Map check complete: 0 Error(s), 0 Warning(s), took 64.061ms to complete.
[2019.04.09-22.44.11:961][752]LogFileHelpers: Loading map 'LobbyMap' took 0.326
[2019.04.09-22.44.15:295][939]LogAssetEditorManager: Opening Asset editor for LevelScriptBlueprint /Game/MultiplayerTemplate/Levels/LobbyMap.LobbyMap:PersistentLevel.LobbyMap
[2019.04.09-22.44.23:201][375]BlueprintLog: New page: Compile LobbyMap
[2019.04.09-22.44.24:110][401]LogSavePackage: Moving '../../../../AggressiveCart/Resources/NetworkKartGame/Saved/LobbyMapD69D30D94F8D2DF8CE26DF8B265948E7.tmp' to '../../../../AggressiveCart/Resources/NetworkKartGame/Content/MultiplayerTemplate/Levels/LobbyMap.umap'
[2019.04.09-22.44.24:141][401]LogFileHelpers: Saving map 'LobbyMap' took 0.309
[2019.04.09-22.44.26:711][554]LogTemp: Repeating last play command: Standalone Game
[2019.04.09-22.44.53:665][942]LogRenderer: Reallocating scene render targets to support 940x460 Format 10 NumSamples 1 (Frame:3).
[2019.04.09-22.44.56:720][121]LogAIModule: Creating AISystem for world MainMenuMap
[2019.04.09-22.44.56:725][121]LogAssetEditorManager: Opening Asset editor for World /Game/MultiplayerTemplate/Levels/MainMenuMap.MainMenuMap
[2019.04.09-22.44.56:762][121]Cmd: MAP LOAD FILE="../../../../AggressiveCart/Resources/NetworkKartGame/Content/MultiplayerTemplate/Levels/MainMenuMap.umap" TEMPLATE=0 SHOWPROGRESS=1 FEATURELEVEL=3
[2019.04.09-22.44.56:762][121]LightingResults: New page: Lighting Build
[2019.04.09-22.44.56:762][121]LoadErrors: New page: Loading map: MainMenuMap.umap
[2019.04.09-22.44.56:801][121]MapCheck: New page: Map Check
[2019.04.09-22.44.56:801][121]LightingResults: New page: Lighting Build
[2019.04.09-22.44.56:926][121]LogEditorServer: Finished looking for orphan Actors (0.000 secs)
[2019.04.09-22.44.56:980][121]Cmd: MAP CHECKDEP NOCLEARLOG
[2019.04.09-22.44.57:044][121]MapCheck: Map check complete: 0 Error(s), 0 Warning(s), took 64.302ms to complete.
[2019.04.09-22.44.57:044][121]LogFileHelpers: Loading map 'MainMenuMap' took 0.283
[2019.04.09-22.45.01:862][406]MapCheck: New page: Map Check
[2019.04.09-22.45.01:945][406]Cmd: MAP REBUILD ALLVISIBLE
[2019.04.09-22.45.01:946][406]LogEditorServer: Rebuildmap Clear paths rebuilt
[2019.04.09-22.45.02:127][406]LogMaterial: Display: Missing cached shader map for material FDebugViewModeMaterialProxy MaterialInstanceDynamic_0, compiling. 
[2019.04.09-22.45.04:127][406]LogShaderCompilers: Display: Shaders left to compile 1
[2019.04.09-22.45.04:127][406]TextureStreamingBuild: Display: Compiling optional shaders took 2.020 seconds.
[2019.04.09-22.45.04:187][406]LogLevel: Display: Export Material TexCoord Scales took 0.060 seconds.
[2019.04.09-22.45.04:243][406]TextureStreamingBuild: Display: Build Texture Streaming took 0.044 seconds.
[2019.04.09-22.45.04:294][406]LightingResults: New page: Lighting Build - Apr 9, 2019, 2:45:04 PM
[2019.04.09-22.45.04:593][406]LogSwarmInterface: [OpenConnection] Registering TCP channel ...
[2019.04.09-22.45.04:936][406]LogSwarmInterface: [OpenConnection] Connecting to agent ...
[2019.04.09-22.45.04:956][406]LogSwarmInterface: [TryOpenConnection] Testing the Agent
[2019.04.09-22.45.05:989][406]LogSwarmInterface: [TryOpenConnection] Opening Connection to Agent
[2019.04.09-22.45.05:989][406]LogSwarmInterface: [TryOpenConnection] Local Process ID is 4536
[2019.04.09-22.45.08:521][406]LogStaticLightingSystem: Warning: No importance volume found, so the scene bounding box was used.  You can optimize your scene's quality and lighting build times by adding importance volumes.
[2019.04.09-22.45.08:522][406]LogStaticLightingSystem: Running Lightmass w/ ImmediateImport mode ENABLED
[2019.04.09-22.45.08:523][406]LogStaticLightingSystem: Running Lightmass w/ ImmediateProcess mode ENABLED
[2019.04.09-22.45.08:523][406]LogStaticLightingSystem: Running Lightmass w/ Sorting mode ENABLED
[2019.04.09-22.45.08:523][406]LogStaticLightingSystem: Running Lightmass w/ Mapping paddings ENABLED
[2019.04.09-22.45.08:523][406]LogStaticLightingSystem: Running Lightmass w/ Mapping debug paddings DISABLED
[2019.04.09-22.45.08:655][406]Cmd: MAP CHECK DONTDISPLAYDIALOG
[2019.04.09-22.45.08:655][406]MapCheck: New page: MainMenuMap - Apr 9, 2019, 2:45:08 PM
[2019.04.09-22.45.08:758][406]MapCheck: Map check complete: 0 Error(s), 0 Warning(s), took 103.068ms to complete.
[2019.04.09-22.45.08:782][406]LogEditorBuildUtils: Build time 0:06
[2019.04.09-22.45.10:610][470]Job is a success!
[2019.04.09-22.45.10:864][471]LogVolumetricLightmapImport: Imported Volumetric Lightmap in 0.159s
[2019.04.09-22.45.10:864][471]LogVolumetricLightmapImport:      Indirection Texture 16x16x16 = 0.0Mb
[2019.04.09-22.45.10:864][471]LogVolumetricLightmapImport:      BrickData 5x5x5 = 0.0Mb
[2019.04.09-22.45.10:864][471]LogVolumetricLightmapImport:      Bricks at Level
[2019.04.09-22.45.10:864][471]LogVolumetricLightmapImport:          0: 100.0% covering 100.0% of volume
[2019.04.09-22.45.10:864][471]LogVolumetricLightmapImport:          1: 0.0% covering 0.0% of volume
[2019.04.09-22.45.10:864][471]LogVolumetricLightmapImport:          2: 0.0% covering 0.0% of volume
[2019.04.09-22.45.11:172][471]LogTexture: Display: Building textures: LQ_Lightmap_0_1 (DXT1, 64X64)
[2019.04.09-22.45.11:172][471]LogTexture: Display: Building textures: HQ_Lightmap0_1 (AutoDXT, 64X64)
[2019.04.09-22.45.11:174][471]LogTexture: Display: Building textures: ShadowMapTexture2D_0 (G8, 32X32)
[2019.04.09-22.45.11:244][471]Lightmass on MSI: 1.39 sec total, 140 ms importing, 23 ms setup, 391 ms photons, 826 ms processing, 0 ms extra exporting [1/1 mappings]. Threads: 5.62 sec total, 61 ms processing.
[2019.04.09-22.45.11:322][471]LogStaticLightingSystem: Illumination: 7.00 sec (170 ms encoding lightmaps, 47 ms encoding shadowmaps)
[2019.04.09-22.45.11:322][471]LogStaticLightingSystem: Lightmap texture memory:  0.0 MB (0.0 MB streaming, 0.0 MB non-streaming), 2 textures
[2019.04.09-22.45.11:322][471]LogStaticLightingSystem: Shadowmap texture memory: 0.0 MB (0.0 MB streaming, 0.0 MB non-streaming), 1 textures
[2019.04.09-22.45.11:545][471]DumpUnbuiltLightIteractions
[2019.04.09-22.45.11:545][471]Lights with unbuilt interactions: 0
[2019.04.09-22.45.11:545][471]
[2019.04.09-22.45.11:545][471]Primitives with unbuilt interactions: 0
[2019.04.09-22.45.11:588][472]Cmd: MAP CHECK NOTIFYRESULTS
[2019.04.09-22.45.11:588][472]MapCheck: New page: MainMenuMap - Apr 9, 2019, 2:45:11 PM
[2019.04.09-22.45.11:661][472]MapCheck: Map check complete: 0 Error(s), 0 Warning(s), took 72.373ms to complete.
[2019.04.09-22.45.13:345][566]LogAssetEditorManager: Opening Asset editor for LevelScriptBlueprint /Game/MultiplayerTemplate/Levels/MainMenuMap.MainMenuMap:PersistentLevel.MainMenuMap
[2019.04.09-22.45.19:804][927]BlueprintLog: New page: Compile MainMenuMap
[2019.04.09-22.45.21:139][996]LogTemp: Repeating last play command: Standalone Game
[2019.04.09-22.45.23:777][996]LogSlate: Window 'Save Content' being destroyed
[2019.04.09-22.45.24:115][996]LogSavePackage: Moving '../../../../AggressiveCart/Resources/NetworkKartGame/Saved/MainMenuMap1B4A4B7246E5A5D24BA84BA240212F49.tmp' to '../../../../AggressiveCart/Resources/NetworkKartGame/Content/MultiplayerTemplate/Levels/MainMenuMap.umap'
[2019.04.09-22.45.24:149][996]LogFileHelpers: Saving map 'MainMenuMap' took 0.337
[2019.04.09-22.45.24:250][996]LogSavePackage: Moving '../../../../AggressiveCart/Resources/NetworkKartGame/Saved/MainMenuMap_BuiltData2D36CCBA445D30F8C8474F899B6C5EA4.tmp' to '../../../../AggressiveCart/Resources/NetworkKartGame/Content/MultiplayerTemplate/Levels/MainMenuMap_BuiltData.uasset'
[2019.04.09-22.45.52:876][288]LogSlate: Window 'MainMenuMap - Level Blueprint Editor' being destroyed
[2019.04.09-22.46.08:607][223]BlueprintLog: New page: Compile MainMenuMap
[2019.04.09-22.46.09:413][261]LogTemp: Repeating last play command: Standalone Game
[2019.04.09-22.46.10:378][261]LogSlate: Window 'Save Content' being destroyed
[2019.04.09-22.46.10:679][261]LogSavePackage: Moving '../../../../AggressiveCart/Resources/NetworkKartGame/Saved/MainMenuMapB5DC26094D47A984415E8C9E792B8C66.tmp' to '../../../../AggressiveCart/Resources/NetworkKartGame/Content/MultiplayerTemplate/Levels/MainMenuMap.umap'
[2019.04.09-22.46.10:700][261]LogFileHelpers: Saving map 'MainMenuMap' took 0.290
[2019.04.09-22.46.49:826][614]BlueprintLog: New page: Compile MainMenuMap
[2019.04.09-22.46.50:513][644]LogTemp: Repeating last play command: Standalone Game
[2019.04.09-22.46.51:805][644]LogSlate: Window 'Save Content' being destroyed
[2019.04.09-22.46.52:103][644]LogSavePackage: Moving '../../../../AggressiveCart/Resources/NetworkKartGame/Saved/MainMenuMap8C8F45F941BBFD7FBB1A2EB9474EEBDD.tmp' to '../../../../AggressiveCart/Resources/NetworkKartGame/Content/MultiplayerTemplate/Levels/MainMenuMap.umap'
[2019.04.09-22.46.52:127][644]LogFileHelpers: Saving map 'MainMenuMap' took 0.290
[2019.04.09-22.51.30:515][351]LogTemp: Repeating last play command: Standalone Game
[2019.04.09-22.52.18:614][986]LogAssetEditorManager: Opening Asset editor for Blueprint /Game/UMG/BP_Button.BP_Button
[2019.04.09-22.52.56:157][129]LogSlate: Took 0.113323 seconds to synchronously load lazily loaded font '../../../Engine/Content/Slate/Fonts/DroidSansFallback.ttf' (3848K)
[2019.04.09-23.00.32:907][ 89]LogTemp: Repeating last play command: Standalone Game
[2019.04.09-23.03.02:086][518]LogTemp: Repeating last play command: Standalone Game
[2019.04.09-23.06.12:633][855]LogFileHelpers: Editor autosave (incl. sublevels) for '/Game/MultiplayerTemplate/Levels/MainMenuMap' took 0.040
[2019.04.09-23.06.12:744][855]OBJ SavePackage: Generating thumbnails for [0] asset(s) in package [/Game/UMG/BP_Button] ([1] browsable assets)...
[2019.04.09-23.06.12:744][855]OBJ SavePackage: Finished generating thumbnails for package [/Game/UMG/BP_Button]
[2019.04.09-23.06.12:744][855]Cmd: OBJ SAVEPACKAGE PACKAGE="/Game/UMG/BP_Button" FILE="../../../../AggressiveCart/Resources/NetworkKartGame/Saved/Autosaves/Game/UMG/BP_Button_Auto1.uasset" SILENT=false AUTOSAVING=true
[2019.04.09-23.06.12:794][855]LogSavePackage: Moving '../../../../AggressiveCart/Resources/NetworkKartGame/Saved/BP_Button_Auto153622E3749960378884172ABAADBA29D.tmp' to '../../../../AggressiveCart/Resources/NetworkKartGame/Saved/Autosaves/Game/UMG/BP_Button_Auto1.uasset'
[2019.04.09-23.06.12:795][855]LogFileHelpers: Auto-saving content packages took 0.161
[2019.04.09-23.17.40:519][341]LogTemp: Repeating last play command: Standalone Game
[2019.04.09-23.17.42:844][341]LogSlate: Window 'Save Content' being destroyed
[2019.04.09-23.17.42:873][341]Cmd: OBJ SAVEPACKAGE PACKAGE="/Game/UMG/BP_Button" FILE="../../../../AggressiveCart/Resources/NetworkKartGame/Content/UMG/BP_Button.uasset" SILENT=true
[2019.04.09-23.17.42:908][341]LogSavePackage: Moving '../../../../AggressiveCart/Resources/NetworkKartGame/Saved/BP_ButtonB2A79C3C4956623B5AD47B92DC5E22A4.tmp' to '../../../../AggressiveCart/Resources/NetworkKartGame/Content/UMG/BP_Button.uasset'
[2019.04.10-00.03.27:311][859]LogInit: XAudio2 using 'Headphones (Bose AE2 SoundLink Stereo)' : 2 channels at 44.1 kHz using 16 bits per sample (channel mask 0x3)
[2019.04.10-00.18.28:430][863]LogAudio: Warning: Current Audio Device with ID {0.0.0.00000000}.{91e54df5-58c5-4016-9fb0-8b41ee7cc5ea} was removed. Shutting down audio device.
[2019.04.10-00.18.29:291][863]LogD3D11RHI: Timed out while waiting for GPU to catch up. (500 ms)
[2019.04.10-00.18.29:416][863]LogInit: XAudio2 using 'Speakers (Realtek High Definition Audio)' : 6 channels at 48 kHz using 32 bits per sample (channel mask 0x3f)
[2019.04.10-00.18.32:252][870]LogInit: XAudio2 using 'Headphones (Bose AE2 SoundLink Stereo)' : 2 channels at 44.1 kHz using 16 bits per sample (channel mask 0x3)
[2019.04.10-18.24.30:480][891]LogAudio: Warning: Current Audio Device with ID {0.0.0.00000000}.{91e54df5-58c5-4016-9fb0-8b41ee7cc5ea} was removed. Shutting down audio device.
[2019.04.10-18.24.31:015][891]LogD3D11RHI: Timed out while waiting for GPU to catch up. (500 ms)
[2019.04.10-18.24.32:151][891]LogHttp: Warning: 00000196ADDE2200: request failed, libcurl error: 6 (Couldn't resolve host name)
[2019.04.10-18.24.32:152][891]LogHttp: Warning: 00000196ADDE2200: libcurl info message cache 0 (Found bundle for host datarouter.ol.epicgames.com: 0x19619dabfa0 [can pipeline])
[2019.04.10-18.24.32:152][891]LogHttp: Warning: 00000196ADDE2200: libcurl info message cache 1 (Re-using existing connection! (#43) with host datarouter.ol.epicgames.com)
[2019.04.10-18.24.32:152][891]LogHttp: Warning: 00000196ADDE2200: libcurl info message cache 2 (Connected to datarouter.ol.epicgames.com (35.169.59.58) port 443 (#43))
[2019.04.10-18.24.32:167][891]LogHttp: Warning: 00000196ADDE2200: libcurl info message cache 3 (upload completely sent off: 5682 out of 5682 bytes)
[2019.04.10-18.24.32:167][891]LogHttp: Warning: 00000196ADDE2200: libcurl info message cache 4 (OpenSSL SSL_read: SSL_ERROR_SYSCALL, errno 10054)
[2019.04.10-18.24.32:204][891]LogHttp: Warning: 00000196ADDE2200: libcurl info message cache 5 (Connection died, retrying a fresh connect)
[2019.04.10-18.24.32:205][891]LogHttp: Warning: 00000196ADDE2200: libcurl info message cache 6 (Closing connection 43)
[2019.04.10-18.24.32:205][891]LogHttp: Warning: 00000196ADDE2200: libcurl info message cache 7 (Issue another request to this URL: 'https://datarouter.ol.epicgames.com/datarouter/api/v1/public/data?SessionID=%7B89DCBD62-4DB7-7264-0E0C-4E97B0BA0436%7D&AppID=UEEditor.Rocket.Release&AppVersion=4.20.3-4369336%2B%2B%2BUE4%2BRelease-4.20&UserID=d4f8b69b47bf6cb7018273a3f1cf913a%7C6930a40b8b914583837003440dd25107%7Ca1ff9de8-ca87-46bd-be05-25f4e0258eab&AppEnvironment=datacollector-binary&UploadType=eteventstream')
[2019.04.10-18.24.32:206][891]LogHttp: Warning: 00000196ADDE2200: libcurl info message cache 8 (Could not resolve host: datarouter.ol.epicgames.com)
[2019.04.10-18.24.32:206][891]LogHttp: Warning: 00000196ADDE2200: libcurl info message cache 9 (Closing connection 44)
[2019.04.10-18.24.32:550][891]LogInit: XAudio2 using 'Speakers (Realtek High Definition Audio)' : 6 channels at 48 kHz using 32 bits per sample (channel mask 0x3f)
[2019.04.10-20.51.15:849][432]LogD3D11RHI: Timed out while waiting for GPU to catch up. (500 ms)
[2019.04.10-20.51.17:413][434]LogHttp: Warning: 00000196ADDE2200: request failed, libcurl error: 6 (Couldn't resolve host name)
[2019.04.10-20.51.17:413][434]LogHttp: Warning: 00000196ADDE2200: libcurl info message cache 0 (Connection 104 seems to be dead!)
[2019.04.10-20.51.17:413][434]LogHttp: Warning: 00000196ADDE2200: libcurl info message cache 1 (Closing connection 104)
[2019.04.10-20.51.17:414][434]LogHttp: Warning: 00000196ADDE2200: libcurl info message cache 2 (TLSv1.2 (OUT), TLS alert, Client hello (1):)
[2019.04.10-20.51.17:414][434]LogHttp: Warning: 00000196ADDE2200: libcurl info message cache 3 (Could not resolve host: datarouter.ol.epicgames.com)
[2019.04.10-20.51.17:414][434]LogHttp: Warning: 00000196ADDE2200: libcurl info message cache 4 (Closing connection 105)
[2019.04.11-11.44.22:219][444]LogD3D11RHI: Timed out while waiting for GPU to catch up. (500 ms)
[2019.04.11-11.44.23:649][444]LogHttp: Warning: 00000196ADDE1E40: request failed, libcurl error: 6 (Couldn't resolve host name)
[2019.04.11-11.44.23:650][444]LogHttp: Warning: 00000196ADDE1E40: libcurl info message cache 0 (Could not resolve host: datarouter.ol.epicgames.com)
[2019.04.11-11.44.23:650][444]LogHttp: Warning: 00000196ADDE1E40: libcurl info message cache 1 (Closing connection 106)
[2019.04.11-11.44.26:581][447]LogInit: XAudio2 using 'Headphones (Bose AE2 SoundLink Stereo)' : 2 channels at 44.1 kHz using 16 bits per sample (channel mask 0x3)
[2019.04.11-11.44.32:266][464]LogInit: XAudio2 using 'Headphones (Bose AE2 SoundLink Stereo)' : 2 channels at 44.1 kHz using 16 bits per sample (channel mask 0x3)
[2019.04.11-12.48.19:327][143]LogAssetEditorManager: Opening Asset editor for WidgetBlueprint /Game/MultiplayerTemplate/Blueprints/Lobby/WBP_LobbyMenu.WBP_LobbyMenu
[2019.04.11-12.49.13:252][857]LogFileHelpers: Editor autosave (incl. sublevels) for '/Game/MultiplayerTemplate/Levels/MainMenuMap' took 0.079
[2019.04.11-12.49.13:290][857]OBJ SavePackage: Generating thumbnails for [0] asset(s) in package [/Game/MultiplayerTemplate/Blueprints/Lobby/WBP_LobbyMenu] ([1] browsable assets)...
[2019.04.11-12.49.13:290][857]OBJ SavePackage: Finished generating thumbnails for package [/Game/MultiplayerTemplate/Blueprints/Lobby/WBP_LobbyMenu]
[2019.04.11-12.49.13:465][857]LogSavePackage: Moving '../../../../AggressiveCart/Resources/NetworkKartGame/Saved/WBP_LobbyMenu_Auto2AFCA349C4DEFD83D1996B89A049C202D.tmp' to '../../../../AggressiveCart/Resources/NetworkKartGame/Saved/Autosaves/Game/MultiplayerTemplate/Blueprints/Lobby/WBP_LobbyMenu_Auto2.uasset'
[2019.04.11-12.49.13:497][857]LogFileHelpers: Auto-saving content packages took 0.238
[2019.04.11-12.49.18:834][158]LogSlate: Took 0.100319 seconds to synchronously load lazily loaded font '../../../Engine/Content/Slate/Fonts/Roboto-BoldCondensedItalic.ttf' (160K)
[2019.04.11-12.50.04:950][878]LogAssetEditorManager: Opening Asset editor for UserDefinedEnum /Game/UMG/CarEnum.CarEnum
[2019.04.11-12.50.13:269][367]Cmd: OBJ SAVEPACKAGE PACKAGE="/Game/UMG/CarEnum" FILE="../../../../AggressiveCart/Resources/NetworkKartGame/Content/UMG/CarEnum.uasset" SILENT=true
[2019.04.11-12.50.13:287][367]LogSavePackage: Moving '../../../../AggressiveCart/Resources/NetworkKartGame/Saved/CarEnum33091BCE46E8EF10279A67BE7A39DB14.tmp' to '../../../../AggressiveCart/Resources/NetworkKartGame/Content/UMG/CarEnum.uasset'
[2019.04.11-12.51.23:465][561]Cmd: OBJ SAVEPACKAGE PACKAGE="/Game/UMG/CarEnum" FILE="../../../../AggressiveCart/Resources/NetworkKartGame/Content/UMG/CarEnum.uasset" SILENT=true
[2019.04.11-12.51.23:471][561]LogSavePackage: Moving '../../../../AggressiveCart/Resources/NetworkKartGame/Saved/CarEnum98C48BA240E37A16255D5AA869449D32.tmp' to '../../../../AggressiveCart/Resources/NetworkKartGame/Content/UMG/CarEnum.uasset'
[2019.04.11-12.51.50:030][301]LogSlate: Window 'Change Variable Type' being destroyed
[2019.04.11-12.51.55:498][602]LogSlate: Window 'Find in Blueprints' being destroyed
[2019.04.11-12.51.55:502][602]LogSlate: Window 'Find in Blueprints' being destroyed
[2019.04.11-12.52.12:821][626]BlueprintLog: New page: Compile WBP_LobbyMenu
[2019.04.11-12.52.13:044][626]LogBlueprint: Warning: [Compiler WBP_LobbyMenu] Input pin  Enum Cars  specifying non-default value no longer exists on node  Set . Please refresh node or reset pin to default value to remove pin.
[2019.04.11-12.52.13:044][626]LogBlueprint: Warning: [Compiler WBP_LobbyMenu] Input pin  Enum Cars  specifying non-default value no longer exists on node  Set . Please refresh node or reset pin to default value to remove pin.
[2019.04.11-12.52.13:044][626]LogBlueprint: Error: [Compiler WBP_LobbyMenu] In use pin  <Unnamed>  no longer exists on node  Set . Please refresh node or break links to remove pin.
[2019.04.11-12.52.13:045][626]LogBlueprint: Warning: [Compiler WBP_LobbyMenu] Input pin  Enum Cars  specifying non-default value no longer exists on node  Set . Please refresh node or reset pin to default value to remove pin.
[2019.04.11-12.52.13:045][626]LogBlueprint: Error: [Compiler WBP_LobbyMenu] In use pin  <Unnamed>  no longer exists on node  Set . Please refresh node or break links to remove pin.
[2019.04.11-12.52.13:045][626]LogBlueprint: Warning: [Compiler WBP_LobbyMenu] Input pin  Enum Cars  specifying non-default value no longer exists on node  Set . Please refresh node or reset pin to default value to remove pin.
[2019.04.11-12.52.13:045][626]LogBlueprint: Error: [Compiler WBP_LobbyMenu] In use pin  <Unnamed>  no longer exists on node  Set . Please refresh node or break links to remove pin.
[2019.04.11-12.52.13:055][626]LogClass: Warning: Type mismatch in enumCars of WBP_LobbyMenu_C - Previous (StrProperty) Current(ByteProperty) for package:  FObjectReader
[2019.04.11-12.52.13:120][626]LogBlueprint: Warning: [Compiler WBP_LobbyMenu] [7433.33] Compile of WBP_LobbyMenu failed. 3 Fatal Issue(s) 4 Warning(s) [in 299 ms] (/Game/MultiplayerTemplate/Blueprints/Lobby/WBP_LobbyMenu.WBP_LobbyMenu)
[2019.04.11-12.53.21:802][640]LogSavePackage: Moving '../../../../AggressiveCart/Resources/NetworkKartGame/Saved/WBP_LobbyMenu1975F0E24EA01EDB59D78188C1070887.tmp' to '../../../../AggressiveCart/Resources/NetworkKartGame/Content/MultiplayerTemplate/Blueprints/Lobby/WBP_LobbyMenu.uasset'
[2019.04.11-12.57.00:421][146]LogSavePackage: Moving '../../../../AggressiveCart/Resources/NetworkKartGame/Saved/WBP_MainMenuB32F509B47EAA08C5B1D48BE73407CA6.tmp' to '../../../../AggressiveCart/Resources/NetworkKartGame/Content/MultiplayerTemplate/Blueprints/MainMenu/WBP_MainMenu.uasset'
[2019.04.11-12.57.02:155][250]BlueprintLog: New page: Compile WBP_MainMenu
[2019.04.11-12.57.17:364][105]LogAssetEditorManager: Opening Asset editor for WidgetBlueprint /Game/MultiplayerTemplate/Blueprints/Lobby/WBP_FriendList.WBP_FriendList
[2019.04.11-12.57.22:433][386]LogAssetEditorManager: Opening Asset editor for WidgetBlueprint /Game/MultiplayerTemplate/Blueprints/Lobby/WBP_Friendlist_Entry.WBP_Friendlist_Entry
[2019.04.11-12.57.28:092][702]LogAssetEditorManager: Opening Asset editor for WidgetBlueprint /Game/MultiplayerTemplate/Blueprints/Lobby/WBP_Player_Entry.WBP_Player_Entry
[2019.04.11-12.57.31:123][854]LogAssetEditorManager: Opening Asset editor for WidgetBlueprint /Game/MultiplayerTemplate/Blueprints/Lobby/WBP_SessionInvitation.WBP_SessionInvitation
[2019.04.11-12.57.45:294][652]LogEditorTransaction: Undo Add Widget
[2019.04.11-12.57.45:678][659]LogEditorTransaction: Undo Add Widget
[2019.04.11-12.57.45:938][669]LogEditorTransaction: Undo Edit Pressed
[2019.04.11-12.57.46:173][670]LogEditorTransaction: Undo Edit Normal
[2019.04.11-12.57.46:401][670]LogEditorTransaction: Undo Edit Normal
[2019.04.11-12.57.46:615][670]LogEditorTransaction: Undo Edit Normal
[2019.04.11-12.57.46:825][670]LogEditorTransaction: Undo Move Node
[2019.04.11-12.57.46:906][673]LogEditorTransaction: Undo Create Pin Link
[2019.04.11-12.57.47:078][681]LogEditorTransaction: Undo Move Node
[2019.04.11-12.57.47:256][690]LogEditorTransaction: Undo Create Pin Link
[2019.04.11-12.57.47:465][701]LogEditorTransaction: Undo Move Node
[2019.04.11-12.58.02:888][581]LogEditorTransaction: Undo Move Widget
[2019.04.11-12.58.31:305][155]LogEditorTransaction: Undo Move Widget
[2019.04.11-12.58.43:332][805]LogSavePackage: Moving '../../../../AggressiveCart/Resources/NetworkKartGame/Saved/WBP_SessionInvitationFABC66E24CF8E17A7A2C96B8C698C547.tmp' to '../../../../AggressiveCart/Resources/NetworkKartGame/Content/MultiplayerTemplate/Blueprints/Lobby/WBP_SessionInvitation.uasset'
[2019.04.11-12.58.46:007][959]BlueprintLog: New page: Compile WBP_SessionInvitation
[2019.04.11-12.59.07:353][174]BlueprintLog: New page: Compile WBP_MainMenu
[2019.04.11-12.59.27:140][283]BlueprintLog: New page: Compile WBP_MainMenu
[2019.04.11-12.59.28:146][310]LogSavePackage: Moving '../../../../AggressiveCart/Resources/NetworkKartGame/Saved/WBP_MainMenu1DFC0C134C7FA7088F0557A05F5E8F20.tmp' to '../../../../AggressiveCart/Resources/NetworkKartGame/Content/MultiplayerTemplate/Blueprints/MainMenu/WBP_MainMenu.uasset'
[2019.04.11-12.59.28:735][342]LogSavePackage: Moving '../../../../AggressiveCart/Resources/NetworkKartGame/Saved/WBP_MainMenuC0D14FAF422072FE202FB195964FB2E5.tmp' to '../../../../AggressiveCart/Resources/NetworkKartGame/Content/MultiplayerTemplate/Blueprints/MainMenu/WBP_MainMenu.uasset'
[2019.04.11-12.59.33:156][606]LogAssetEditorManager: Opening Asset editor for WidgetBlueprint /Game/MultiplayerTemplate/Blueprints/MainMenu/WBP_HostMenu.WBP_HostMenu
[2019.04.11-13.00.07:835][548]BlueprintLog: New page: Compile WBP_HostMenu
[2019.04.11-13.00.27:754][596]LogSavePackage: Moving '../../../../AggressiveCart/Resources/NetworkKartGame/Saved/WBP_HostMenu54F851924B1082488B46DDAA068A0E21.tmp' to '../../../../AggressiveCart/Resources/NetworkKartGame/Content/MultiplayerTemplate/Blueprints/MainMenu/WBP_HostMenu.uasset'
[2019.04.11-13.00.28:554][642]BlueprintLog: New page: Compile WBP_HostMenu
[2019.04.11-13.00.30:385][705]LogTemp: Repeating last play command: Standalone Game
[2019.04.11-13.00.32:136][705]LogSlate: Window 'Save Content' being destroyed
[2019.04.11-13.00.32:294][705]LogSavePackage: Moving '../../../../AggressiveCart/Resources/NetworkKartGame/Saved/WBP_LobbyMenu33FC73324C342312A94C2791AC353334.tmp' to '../../../../AggressiveCart/Resources/NetworkKartGame/Content/MultiplayerTemplate/Blueprints/Lobby/WBP_LobbyMenu.uasset'
[2019.04.11-13.01.26:211][745]LogEditorTransaction: Undo Move Widget
[2019.04.11-13.01.36:090][292]LogBlueprint: Warning: [Compiler ] Leak Detected!  VerticalBox_0 ( Vertical Box ) still has living Slate widgets, it or the parent Border_0 ( Border ) is keeping them in memory.  Release all Slate resources in ReleaseSlateResources().
[2019.04.11-13.02.14:147][355]BlueprintLog: New page: Compile WBP_HostMenu
[2019.04.11-13.02.15:582][384]LogSavePackage: Moving '../../../../AggressiveCart/Resources/NetworkKartGame/Saved/WBP_HostMenu49C8F3F144204FF8B1133C9DD470B981.tmp' to '../../../../AggressiveCart/Resources/NetworkKartGame/Content/MultiplayerTemplate/Blueprints/MainMenu/WBP_HostMenu.uasset'
[2019.04.11-13.03.12:250][692]BlueprintLog: New page: Compile WBP_LobbyMenu
[2019.04.11-13.03.38:943][140]LogSlate: Window 'Save Content' being destroyed
[2019.04.11-13.03.39:047][140]LogSavePackage: Moving '../../../../AggressiveCart/Resources/NetworkKartGame/Saved/WBP_MainMenu2403D1B148777DD902C4419BD80BA71E.tmp' to '../../../../AggressiveCart/Resources/NetworkKartGame/Content/MultiplayerTemplate/Blueprints/MainMenu/WBP_MainMenu.uasset'
[2019.04.11-13.03.39:345][140]LogSlate: Window 'VehicleMovement - Unreal Editor' being destroyed
[2019.04.11-13.03.39:631][141]Cmd: QUIT_EDITOR
[2019.04.11-13.03.39:652][141]LogWindowsTextInputMethodSystem: Display: IME system now deactivated.
[2019.04.11-13.03.39:665][141]LogExit: Preparing to exit.
