Log file open, 04/07/19 12:15:34
LogWindows: Failed to load 'aqProf.dll' (GetLastError=126)
LogWindows: File 'aqProf.dll' does not exist
LogWindows: Failed to load 'VSPerf140.dll' (GetLastError=126)
LogWindows: File 'VSPerf140.dll' does not exist
LogWindows: Failed to load 'VtuneApi.dll' (GetLastError=126)
LogWindows: File 'VtuneApi.dll' does not exist
LogWindows: Failed to load 'VtuneApi32e.dll' (GetLastError=126)
LogWindows: File 'VtuneApi32e.dll' does not exist
LogInit: Display: Running engine for game: VehicleMovement
LogPlatformFile: Not using cached read wrapper
LogTaskGraph: Started task graph with 5 named threads and 23 total threads with 3 sets of task threads.
LogStats: Stats thread started at 0.285660
LogD3D11RHI: Loaded GFSDK_Aftermath_Lib.x64.dll
LogICUInternationalization: Display: ICU TimeZone Detection - Raw Offset: -5:00, Platform Override: ''
LogPluginManager: Mounting plugin Paper2D
LogPluginManager: Mounting plugin AdvancedSessions
LogPluginManager: Mounting plugin AdvancedSteamSessions
LogPluginManager: Mounting plugin AISupport
LogPluginManager: Mounting plugin LightPropagationVolume
LogPluginManager: Mounting plugin CLionSourceCodeAccess
LogPluginManager: Mounting plugin CodeLiteSourceCodeAccess
LogPluginManager: Mounting plugin GitSourceControl
LogPluginManager: Mounting plugin KDevelopSourceCodeAccess
LogPluginManager: Mounting plugin NullSourceCodeAccess
LogPluginManager: Mounting plugin PerforceSourceControl
LogPluginManager: Mounting plugin SubversionSourceControl
LogPluginManager: Mounting plugin UObjectPlugin
LogPluginManager: Mounting plugin VisualStudioCodeSourceCodeAccess
LogPluginManager: Mounting plugin VisualStudioSourceCodeAccess
LogPluginManager: Mounting plugin XCodeSourceCodeAccess
LogPluginManager: Mounting plugin AssetManagerEditor
LogPluginManager: Mounting plugin CryptoKeys
LogPluginManager: Mounting plugin DataValidation
LogPluginManager: Mounting plugin FacialAnimation
LogPluginManager: Mounting plugin GameplayTagsEditor
LogPluginManager: Mounting plugin MacGraphicsSwitching
LogPluginManager: Mounting plugin MeshEditor
LogPluginManager: Mounting plugin MobileLauncherProfileWizard
LogPluginManager: Mounting plugin PluginBrowser
LogPluginManager: Mounting plugin SpeedTreeImporter
LogPluginManager: Mounting plugin DatasmithContent
LogPluginManager: Mounting plugin AlembicImporter
LogPluginManager: Mounting plugin AppleImageUtils
LogPluginManager: Mounting plugin AppleVision
LogPluginManager: Mounting plugin BackChannel
LogPluginManager: Mounting plugin CharacterAI
LogPluginManager: Mounting plugin GeometryCache
LogPluginManager: Mounting plugin HTML5Networking
LogPluginManager: Mounting plugin ProxyLODPlugin
LogPluginManager: Mounting plugin RawInput
LogPluginManager: Mounting plugin MagicLeap
LogPluginManager: Mounting plugin MagicLeapEmulator
LogPluginManager: Mounting plugin MagicLeapMedia
LogPluginManager: Mounting plugin AndroidMedia
LogPluginManager: Mounting plugin AvfMedia
LogPluginManager: Mounting plugin ImgMedia
LogPluginManager: Mounting plugin LinearTimecode
LogPluginManager: Mounting plugin MediaCompositing
LogPluginManager: Mounting plugin MediaPlayerEditor
LogPluginManager: Mounting plugin WmfMedia
LogPluginManager: Mounting plugin TcpMessaging
LogPluginManager: Mounting plugin UdpMessaging
LogPluginManager: Mounting plugin ActorSequence
LogPluginManager: Mounting plugin LevelSequenceEditor
LogPluginManager: Mounting plugin MatineeToLevelSequence
LogPluginManager: Mounting plugin NetcodeUnitTest
LogPluginManager: Mounting plugin NUTUnrealEngine4
LogPluginManager: Mounting plugin OnlineSubsystemGooglePlay
LogPluginManager: Mounting plugin OnlineSubsystemIOS
LogPluginManager: Mounting plugin OnlineSubsystem
LogPluginManager: Mounting plugin OnlineSubsystemNull
LogPluginManager: Mounting plugin OnlineSubsystemSteam
LogPluginManager: Mounting plugin OnlineSubsystemUtils
LogPluginManager: Mounting plugin LauncherChunkInstaller
LogPluginManager: Mounting plugin AndroidDeviceProfileSelector
LogPluginManager: Mounting plugin AndroidMoviePlayer
LogPluginManager: Mounting plugin AndroidPermission
LogPluginManager: Mounting plugin AppleMoviePlayer
LogPluginManager: Mounting plugin ArchVisCharacter
LogPluginManager: Mounting plugin AudioCapture
LogPluginManager: Mounting plugin CableComponent
LogPluginManager: Mounting plugin CustomMeshComponent
LogPluginManager: Mounting plugin EditableMesh
LogPluginManager: Mounting plugin ExampleDeviceProfileSelector
LogPluginManager: Mounting plugin GoogleCloudMessaging
LogPluginManager: Mounting plugin ImmediatePhysics
LogPluginManager: Mounting plugin IOSDeviceProfileSelector
LogPluginManager: Mounting plugin LinuxDeviceProfileSelector
LogPluginManager: Mounting plugin LocationServicesBPLibrary
LogPluginManager: Mounting plugin MobilePatchingUtils
LogPluginManager: Mounting plugin OculusVR
LogPluginManager: Plugin shader directory ../../../Engine/Plugins/Runtime/Oculus/OculusVR/Shaders found
LogPluginManager: Mapping shader source directory ../../../Engine/Plugins/Runtime/Oculus/OculusVR/Shaders to virtual directory /Plugin/OculusVR
LogPluginManager: Mounting plugin PhysXVehicles
LogPluginManager: Mounting plugin ProceduralMeshComponent
LogPluginManager: Mounting plugin RuntimePhysXCooking
LogPluginManager: Mounting plugin SteamVR
LogPluginManager: Mounting plugin WindowsMoviePlayer
LogStreaming: Display: Took  0.131s to configure plugins.
LogInit: Using libcurl 7.55.1-DEV
LogInit:  - built for x86_64-pc-win32
LogInit:  - supports SSL with OpenSSL/1.0.2h
LogInit:  - supports HTTP deflate (compression) using libz 1.2.8
LogInit:  - other features:
LogInit:      CURL_VERSION_SSL
LogInit:      CURL_VERSION_LIBZ
LogInit:      CURL_VERSION_IPV6
LogInit:      CURL_VERSION_ASYNCHDNS
LogInit:      CURL_VERSION_LARGEFILE
LogInit:      CURL_VERSION_IDN
LogInit:  CurlRequestOptions (configurable via config and command line):
LogInit:  - bVerifyPeer = false  - Libcurl will NOT verify peer certificate
LogInit:  - bUseHttpProxy = false  - Libcurl will NOT use HTTP proxy
LogInit:  - bDontReuseConnections = false  - Libcurl will reuse connections
LogInit:  - CertBundlePath = nullptr  - Libcurl will use whatever was configured at build time.
LogInit:  - MaxHostConnections = 16  - Libcurl will limit the number of connections to a host
LogInit:  - LocalHostAddr = Default
LogInit:  - BufferSize = 65536
LogOnline: Display: STEAM: Loading Steam SDK 1.39
LogOnline: Warning: STEAM: Steam API disabled!
LogOnline: Display: STEAM: OnlineSubsystemSteam::Shutdown()
LogInit: WinSock: version 1.1 (2.2), MaxSocks=32767, MaxUdp=65467
LogInit: Build: ++UE4+Release-4.20-CL-4369336
LogInit: Engine Version: 4.20.3-4369336+++UE4+Release-4.20
LogInit: Compatible Engine Version: 4.20.0-4212847+++UE4+Release-4.20
LogInit: Net CL: 4212847
LogInit: OS: Windows 10 (), CPU: Intel(R) Core(TM) i7-7700HQ CPU @ 2.80GHz, GPU: Intel(R) HD Graphics 630
LogInit: Compiled (64-bit): Sep 17 2018 12:26:19
LogInit: Compiled with Visual C++: 19.13.26129.00
LogInit: Build Configuration: Development
LogInit: Branch Name: ++UE4+Release-4.20
LogInit: Command Line:  
LogInit: Base Directory: D:/UE_4.20/Engine/Binaries/Win64/
LogInit: Installed Engine Build: 1
LogDevObjectVersion: Number of dev versions registered: 20
LogDevObjectVersion:   Dev-Blueprints (B0D832E4-1F89-4F0D-ACCF-7EB736FD4AA2): 10
LogDevObjectVersion:   Dev-Build (E1C64328-A22C-4D53-A36C-8E866417BD8C): 0
LogDevObjectVersion:   Dev-Core (375EC13C-06E4-48FB-B500-84F0262A717E): 2
LogDevObjectVersion:   Dev-Editor (E4B068ED-F494-42E9-A231-DA0B2E46BB41): 24
LogDevObjectVersion:   Dev-Framework (CFFC743F-43B0-4480-9391-14DF171D2073): 34
LogDevObjectVersion:   Dev-Mobile (B02B49B5-BB20-44E9-A304-32B752E40360): 2
LogDevObjectVersion:   Dev-Networking (A4E4105C-59A1-49B5-A7C5-40C4547EDFEE): 0
LogDevObjectVersion:   Dev-Online (39C831C9-5AE6-47DC-9A44-9C173E1C8E7C): 0
LogDevObjectVersion:   Dev-Physics (78F01B33-EBEA-4F98-B9B4-84EACCB95AA2): 0
LogDevObjectVersion:   Dev-Platform (6631380F-2D4D-43E0-8009-CF276956A95A): 0
LogDevObjectVersion:   Dev-Rendering (12F88B9F-8875-4AFC-A67C-D90C383ABD29): 26
LogDevObjectVersion:   Dev-Sequencer (7B5AE74C-D270-4C10-A958-57980B212A5A): 9
LogDevObjectVersion:   Dev-VR (D7296918-1DD6-4BDD-9DE2-64A83CC13884): 2
LogDevObjectVersion:   Dev-LoadTimes (C2A15278-BFE7-4AFE-6C17-90FF531DF755): 1
LogDevObjectVersion:   Private-Geometry (6EACA3D4-40EC-4CC1-B786-8BED09428FC5): 3
LogDevObjectVersion:   Dev-AnimPhys (29E575DD-E0A3-4627-9D10-D276232CDCEA): 17
LogDevObjectVersion:   Dev-ReflectionCapture (6B266CEC-1EC7-4B8F-A30B-E4D90942FC07): 1
LogDevObjectVersion:   Dev-Automation (0DF73D61-A23F-47EA-B727-89E90C41499A): 1
LogDevObjectVersion:   FortniteMain (601D1886-AC64-4F84-AA16-D3DE0DEAC7D6): 12
LogDevObjectVersion:   Dev-Enterprise (9DFFBCD6-494F-0158-E221-12823C92A888): 1
LogStreaming: Display: Took  0.001s to delete old logs.
LogInit: Presizing for max 8388607 objects, including 0 objects not considered by GC, pre-allocating 0 bytes for permanent pool.
LogInit: Object subsystem initialized
[2019.04.07-16.15.35:198][  0]LogInit: Selected Device Profile: [Windows]
[2019.04.07-16.15.35:198][  0]LogInit: Applying CVar settings loaded from the selected device profile: [Windows]
[2019.04.07-16.15.35:206][  0]LogHAL: Display: Platform has ~ 16 GB [17061834752 / 17179869184 / 16], which maps to Larger [LargestMinGB=32, LargerMinGB=12, DefaultMinGB=8, SmallerMinGB=6, SmallestMinGB=0)
[2019.04.07-16.15.35:206][  0]LogInit: Setting Device Profile CVar: [[r.Vulkan.UseRealUBs:1]]
[2019.04.07-16.15.35:206][  0]LogInit: Going up to parent DeviceProfile []
[2019.04.07-16.15.35:206][  0]LogInit: Computer: MSI
[2019.04.07-16.15.35:206][  0]LogInit: User: Owner
[2019.04.07-16.15.35:206][  0]LogInit: CPU Page size=4096, Cores=4
[2019.04.07-16.15.35:206][  0]LogInit: High frequency timer resolution =10.000000 MHz
[2019.04.07-16.15.35:206][  0]LogMemory: Memory total: Physical=15.9GB (16GB approx)
[2019.04.07-16.15.35:207][  0]LogMemory: Platform Memory Stats for Windows
[2019.04.07-16.15.35:207][  0]LogMemory: Process Physical Memory: 100.79 MB used, 100.80 MB peak
[2019.04.07-16.15.35:207][  0]LogMemory: Process Virtual Memory: 91.00 MB used, 91.00 MB peak
[2019.04.07-16.15.35:207][  0]LogMemory: Physical Memory: 7963.79 MB used,  8307.65 MB free, 16271.43 MB total
[2019.04.07-16.15.35:207][  0]LogMemory: Virtual Memory: 4643.89 MB used,  8307.65 MB free, 134217728.00 MB total
[2019.04.07-16.15.35:720][  0]LogInit: Using OS detected language (en-GB).
[2019.04.07-16.15.35:720][  0]LogInit: Using OS detected locale (en-CA).
[2019.04.07-16.15.35:721][  0]LogTextLocalizationManager: No specific localization for 'en-GB' exists, so the 'en' localization will be used.
[2019.04.07-16.15.36:137][  0]LogStreaming: Display: Took  0.417s to InitEngineTextLocalization.
[2019.04.07-16.15.36:137][  0]LogInit: Setting process to per monitor DPI aware
[2019.04.07-16.15.36:174][  0]LogSlate: New Slate User Created.  User Index 0, Is Virtual User: 0
[2019.04.07-16.15.36:174][  0]LogSlate: Slate User Registered.  User Index 0, Is Virtual User: 0
[2019.04.07-16.15.36:437][  0]LogHMD: Failed to initialize OpenVR with code 110
[2019.04.07-16.15.36:437][  0]LogD3D11RHI: D3D11 adapters:
[2019.04.07-16.15.36:526][  0]LogD3D11RHI:    0. 'NVIDIA GeForce GTX 1050' (Feature Level 11_0)
[2019.04.07-16.15.36:526][  0]LogD3D11RHI:       1979/0/8135 MB DedicatedVideo/DedicatedSystem/SharedSystem, Outputs:1, VendorId:0x10de
[2019.04.07-16.15.36:538][  0]LogD3D11RHI:    1. 'Intel(R) HD Graphics 630' (Feature Level 11_0)
[2019.04.07-16.15.36:538][  0]LogD3D11RHI:       128/0/8135 MB DedicatedVideo/DedicatedSystem/SharedSystem, Outputs:0, VendorId:0x8086
[2019.04.07-16.15.36:541][  0]LogD3D11RHI:    2. 'Microsoft Basic Render Driver' (Feature Level 11_0)
[2019.04.07-16.15.36:541][  0]LogD3D11RHI:       0/0/8135 MB DedicatedVideo/DedicatedSystem/SharedSystem, Outputs:0, VendorId:0x1414
[2019.04.07-16.15.36:541][  0]LogD3D11RHI: Chosen D3D11 Adapter: 0
[2019.04.07-16.15.36:574][  0]LogD3D11RHI: Creating new Direct3DDevice
[2019.04.07-16.15.36:574][  0]LogD3D11RHI:     GPU DeviceId: 0x1c8d (for the marketing name, search the web for "GPU Device Id")
[2019.04.07-16.15.36:574][  0]LogWindows: EnumDisplayDevices:
[2019.04.07-16.15.36:574][  0]LogWindows:    0. 'Intel(R) HD Graphics 630' (P:1 D:1)
[2019.04.07-16.15.36:575][  0]LogWindows:    1. 'Intel(R) HD Graphics 630' (P:0 D:0)
[2019.04.07-16.15.36:575][  0]LogWindows:    2. 'Intel(R) HD Graphics 630' (P:0 D:0)
[2019.04.07-16.15.36:575][  0]LogWindows: DebugString: PrimaryIsNotTheChoosenAdapter PrimaryIsNotTheChoosenAdapter PrimaryIsNotTheChoosenAdapter FoundDriverCount:0 
[2019.04.07-16.15.36:575][  0]LogD3D11RHI:     Adapter Name: NVIDIA GeForce GTX 1050
[2019.04.07-16.15.36:575][  0]LogD3D11RHI:   Driver Version: Unknown (internal:Unknown, unified:Unknown)
[2019.04.07-16.15.36:575][  0]LogD3D11RHI:      Driver Date: Unknown
[2019.04.07-16.15.36:575][  0]LogRHI: Texture pool is 1385 MB (70% of 1979 MB)
[2019.04.07-16.15.36:623][  0]LogD3D11RHI: Async texture creation enabled
[2019.04.07-16.15.36:648][  0]LogD3D11RHI: GPU Timing Frequency: 1000.000000 (Debug: 2 2)
[2019.04.07-16.15.36:649][  0]LogShaderCompilers: Guid format shader working directory is -6 characters bigger than the processId version (../../../../AggressiveCart/Resources/NetworkKartGame/Intermediate/Shaders/WorkingDirectory/5044/).
[2019.04.07-16.15.36:649][  0]LogShaderCompilers: Cleaned the shader compiler working directory 'C:/Users/Owner/AppData/Local/Temp/UnrealShaderWorkingDir/F3E965874EFF1B7CC9BC5A9428A83B4E/'.
[2019.04.07-16.15.37:053][  0]LogTemp: Display: Loaded TP AllDesktopTargetPlatform
[2019.04.07-16.15.37:068][  0]LogTemp: Display: Loaded TP MacClientTargetPlatform
[2019.04.07-16.15.37:082][  0]LogTemp: Display: Loaded TP MacNoEditorTargetPlatform
[2019.04.07-16.15.37:096][  0]LogTemp: Display: Loaded TP MacServerTargetPlatform
[2019.04.07-16.15.37:110][  0]LogTemp: Display: Loaded TP MacTargetPlatform
[2019.04.07-16.15.37:125][  0]LogTemp: Display: Loaded TP WindowsClientTargetPlatform
[2019.04.07-16.15.37:138][  0]LogTemp: Display: Loaded TP WindowsNoEditorTargetPlatform
[2019.04.07-16.15.37:153][  0]LogTemp: Display: Loaded TP WindowsServerTargetPlatform
[2019.04.07-16.15.37:160][  0]LogTemp: Display: Loaded TP WindowsTargetPlatform
[2019.04.07-16.15.37:250][  0]LogTemp: Display: Loaded TP AndroidTargetPlatform
[2019.04.07-16.15.37:250][  0]LogTemp: Display: Loaded TP AndroidTargetPlatform
[2019.04.07-16.15.37:250][  0]LogTemp: Display: Loaded TP AndroidTargetPlatform
[2019.04.07-16.15.37:250][  0]LogTemp: Display: Loaded TP AndroidTargetPlatform
[2019.04.07-16.15.37:250][  0]LogTemp: Display: Loaded TP AndroidTargetPlatform
[2019.04.07-16.15.37:250][  0]LogTemp: Display: Loaded TP AndroidTargetPlatform
[2019.04.07-16.15.37:250][  0]LogTemp: Display: Loaded TP AndroidTargetPlatform
[2019.04.07-16.15.37:250][  0]LogTemp: Display: Loaded TP AndroidTargetPlatform
[2019.04.07-16.15.37:250][  0]LogTemp: Display: Loaded TP AndroidTargetPlatform
[2019.04.07-16.15.37:250][  0]LogTemp: Display: Loaded TP AndroidTargetPlatform
[2019.04.07-16.15.37:250][  0]LogTemp: Display: Loaded TP AndroidTargetPlatform
[2019.04.07-16.15.37:250][  0]LogTemp: Display: Loaded TP AndroidTargetPlatform
[2019.04.07-16.15.37:250][  0]LogTemp: Display: Loaded TP AndroidTargetPlatform
[2019.04.07-16.15.37:250][  0]LogTemp: Display: Loaded TP AndroidTargetPlatform
[2019.04.07-16.15.37:250][  0]LogTemp: Display: Loaded TP AndroidTargetPlatform
[2019.04.07-16.15.37:250][  0]LogTemp: Display: Loaded TP AndroidTargetPlatform
[2019.04.07-16.15.37:250][  0]LogTemp: Display: Loaded TP AndroidTargetPlatform
[2019.04.07-16.15.37:250][  0]LogTemp: Display: Loaded TP AndroidTargetPlatform
[2019.04.07-16.15.37:252][  0]LogTemp: Display: Loaded TP HTML5TargetPlatform
[2019.04.07-16.15.37:315][  0]LogTemp: Display: Loaded TP IOSTargetPlatform
[2019.04.07-16.15.37:315][  0]LogTemp: Display: Loaded TP IOSTargetPlatform
[2019.04.07-16.15.37:342][  0]LogTemp: Display: Loaded TP TVOSTargetPlatform
[2019.04.07-16.15.37:342][  0]LogTemp: Display: Loaded TP TVOSTargetPlatform
[2019.04.07-16.15.37:355][  0]LogTemp: Display: Loaded TP LinuxClientTargetPlatform
[2019.04.07-16.15.37:370][  0]LogTemp: Display: Loaded TP LinuxNoEditorTargetPlatform
[2019.04.07-16.15.37:383][  0]LogTemp: Display: Loaded TP LinuxServerTargetPlatform
[2019.04.07-16.15.37:401][  0]LogTemp: Display: Loaded TP LinuxTargetPlatform
[2019.04.07-16.15.37:412][  0]LogTemp: Display: Loaded TP LuminTargetPlatform
[2019.04.07-16.15.37:413][  0]LogTargetPlatformManager: Display: Building Assets For Windows
[2019.04.07-16.15.37:464][  0]LogXGEController: Cannot use XGE Controller as Incredibuild is not installed on this machine.
[2019.04.07-16.15.37:464][  0]LogShaderCompilers: Cannot use XGE Shader Compiler as Incredibuild is not installed on this machine.
[2019.04.07-16.15.37:464][  0]LogShaderCompilers: Display: Using Local Shader Compiler.
[2019.04.07-16.15.38:302][  0]LogDerivedDataCache: Display: Max Cache Size: 512 MB
[2019.04.07-16.15.38:366][  0]LogDerivedDataCache: Loaded boot cache 0.06s 71MB C:/Users/Owner/AppData/Local/UnrealEngine/4.20/DerivedDataCache/Boot.ddc.
[2019.04.07-16.15.38:367][  0]LogDerivedDataCache: Display: Loaded Boot cache: C:/Users/Owner/AppData/Local/UnrealEngine/4.20/DerivedDataCache/Boot.ddc
[2019.04.07-16.15.38:367][  0]LogDerivedDataCache: FDerivedDataBackendGraph:  Pak pak cache file ../../../../AggressiveCart/Resources/NetworkKartGame/DerivedDataCache/DDC.ddp not found, will not use a pak cache.
[2019.04.07-16.15.38:367][  0]LogDerivedDataCache: Unable to find inner node Pak for hierarchical cache Hierarchy.
[2019.04.07-16.15.38:367][  0]LogDerivedDataCache: FDerivedDataBackendGraph:  CompressedPak pak cache file ../../../../AggressiveCart/Resources/NetworkKartGame/DerivedDataCache/Compressed.ddp not found, will not use a pak cache.
[2019.04.07-16.15.38:367][  0]LogDerivedDataCache: Unable to find inner node CompressedPak for hierarchical cache Hierarchy.
[2019.04.07-16.15.38:386][  0]LogDerivedDataCache: Display: Pak cache opened for reading ../../../Engine/DerivedDataCache/Compressed.ddp.
[2019.04.07-16.15.38:399][  0]LogDerivedDataCache: Using Local data cache path C:/Users/Owner/AppData/Local/UnrealEngine/Common/DerivedDataCache: Writable
[2019.04.07-16.15.38:399][  0]LogDerivedDataCache: Shared data cache path not found in *engine.ini, will not use an Shared cache.
[2019.04.07-16.15.38:399][  0]LogDerivedDataCache: Unable to find inner node Shared for hierarchical cache Hierarchy.
[2019.04.07-16.15.38:420][  0]LogMaterial: Verifying Global Shaders for PCD3D_SM5
[2019.04.07-16.15.38:421][  0]LogSlate: Using FreeType 2.6.0
[2019.04.07-16.15.38:422][  0]LogSlate: SlateFontServices - WITH_FREETYPE: 1, WITH_HARFBUZZ: 1
[2019.04.07-16.15.38:503][  0]LogAssetRegistry: FAssetRegistry took 0.0270 seconds to start up
[2019.04.07-16.15.38:874][  0]LogInit: Selected Device Profile: [Windows]
[2019.04.07-16.15.39:020][  0]LogSimplygon: Simplygon DLL not present - disabling.
[2019.04.07-16.15.39:025][  0]LogMeshReduction: Using SimplygonSwarm for distributed automatic mesh merging
[2019.04.07-16.15.39:025][  0]LogMeshReduction: Using ProxyLODMeshReduction for automatic mesh merging
[2019.04.07-16.15.39:025][  0]LogMeshReduction: Using QuadricMeshReduction for automatic static mesh reduction
[2019.04.07-16.15.39:025][  0]LogMeshReduction: No automatic skeletal mesh reduction module available
[2019.04.07-16.15.39:042][  0]LogNetVersion: VehicleMovement 1.0.0, NetCL: 4212847, EngineNetVer: 5, GameNetVer: 0 (Checksum: 2966596176)
[2019.04.07-16.15.39:795][  0]LogPackageLocalizationCache: Processed 11 localized package path(s) for 2 prioritized culture(s) in 0.243065 seconds
[2019.04.07-16.15.39:802][  0]LogUObjectArray: 38434 objects as part of root set at end of initial load.
[2019.04.07-16.15.39:802][  0]LogUObjectAllocator: 6701136 out of 0 bytes used by permanent object pool.
[2019.04.07-16.15.39:802][  0]LogUObjectArray: CloseDisregardForGC: 0/0 objects in disregard for GC pool
[2019.04.07-16.15.40:736][  0]LogTcpMessaging: Initializing TcpMessaging bridge
[2019.04.07-16.15.40:749][  0]LogUdpMessaging: Initializing bridge on interface 0.0.0.0:0 to multicast group 230.0.0.1:6666.
[2019.04.07-16.15.41:126][  0]SourceControl: Source control is disabled
[2019.04.07-16.15.41:127][  0]SourceControl: Source control is disabled
[2019.04.07-16.15.41:128][  0]SourceControl: Source control is disabled
[2019.04.07-16.15.41:128][  0]SourceControl: Source control is disabled
[2019.04.07-16.15.41:306][  0]LogAndroidPermission: UAndroidPermissionCallbackProxy::GetInstance
[2019.04.07-16.15.41:568][  0]LogOcInput: OculusInput pre-init called
[2019.04.07-16.15.41:629][  0]LogEngine: Initializing Engine...
[2019.04.07-16.15.41:630][  0]LogHMD: Failed to initialize OpenVR with code 110
[2019.04.07-16.15.41:631][  0]LogStats: UGameplayTagsManager::ConstructGameplayTagTree: ImportINI prefixes -  0.000 s
[2019.04.07-16.15.41:631][  0]LogStats: UGameplayTagsManager::ConstructGameplayTagTree: Construct from data asset -  0.000 s
[2019.04.07-16.15.41:631][  0]LogStats: UGameplayTagsManager::ConstructGameplayTagTree: ImportINI -  0.000 s
[2019.04.07-16.15.41:631][  0]LogStats: UGameplayTagsManager::ConstructGameplayTagTree: GameplayTagTreeChangedEvent.Broadcast -  0.000 s
[2019.04.07-16.15.41:881][  0]LogInit: Initializing FReadOnlyCVARCache
[2019.04.07-16.15.41:893][  0]LogAIModule: Creating AISystem for world Untitled
[2019.04.07-16.15.42:035][  0]LogInit: XAudio2 using 'Headphones (Bose AE2 SoundLink Stereo)' : 2 channels at 44.1 kHz using 16 bits per sample (channel mask 0x3)
[2019.04.07-16.15.42:070][  0]LogInit: FAudioDevice initialized.
[2019.04.07-16.15.42:070][  0]LogNetVersion: Set ProjectVersion to 1.0.0.0. Version Checksum will be recalculated on next use.
[2019.04.07-16.15.42:128][  0]LogDerivedDataCache: Saved boot cache 0.06s 74MB C:/Users/Owner/AppData/Local/UnrealEngine/4.20/DerivedDataCache/Boot.ddc.
[2019.04.07-16.15.42:129][  0]LogInit: Texture streaming: Enabled
[2019.04.07-16.15.42:144][  0]LogEngineSessionManager: EngineSessionManager initialized
[2019.04.07-16.15.42:159][  0]LogInit: Transaction tracking system initialized
[2019.04.07-16.15.42:179][  0]BlueprintLog: New page: Editor Load
[2019.04.07-16.15.42:266][  0]LocalizationService: Localization service is disabled
[2019.04.07-16.15.42:540][  0]LogCook: Display: Max memory allowance for cook 16384mb min free memory 0mb
[2019.04.07-16.15.42:540][  0]LogCook: Display: Mobile HDR setting 1
[2019.04.07-16.15.42:540][  0]LogGameplayTags: Display: UGameplayTagsManager::DoneAddingNativeTags. DelegateIsBound: 0
[2019.04.07-16.15.42:540][  0]LogStats: UGameplayTagsManager::ConstructGameplayTagTree: ImportINI prefixes -  0.000 s
[2019.04.07-16.15.42:540][  0]LogStats: UGameplayTagsManager::ConstructGameplayTagTree: Construct from data asset -  0.000 s
[2019.04.07-16.15.42:540][  0]LogStats: UGameplayTagsManager::ConstructGameplayTagTree: ImportINI -  0.000 s
[2019.04.07-16.15.42:540][  0]LogStats: UGameplayTagsManager::ConstructGameplayTagTree: GameplayTagTreeChangedEvent.Broadcast -  0.000 s
[2019.04.07-16.15.42:563][  0]LogFileCache: Scanning file cache for directory 'D:/AggressiveCart/Resources/NetworkKartGame/Content/' took 0.02s
[2019.04.07-16.15.42:660][  0]SourceControl: Source control is disabled
[2019.04.07-16.15.42:660][  0]Cmd: MAP LOAD FILE="../../../../AggressiveCart/Resources/NetworkKartGame/Content/MultiplayerTemplate/Levels/MainMenuMap.umap" TEMPLATE=0 SHOWPROGRESS=1 FEATURELEVEL=3
[2019.04.07-16.15.42:661][  0]LightingResults: New page: Lighting Build
[2019.04.07-16.15.42:663][  0]MapCheck: New page: Map Check
[2019.04.07-16.15.42:663][  0]LightingResults: New page: Lighting Build
[2019.04.07-16.15.43:239][  0]LogAIModule: Creating AISystem for world MainMenuMap
[2019.04.07-16.15.43:244][  0]LogEditorServer: Finished looking for orphan Actors (0.000 secs)
[2019.04.07-16.15.43:276][  0]Cmd: MAP CHECKDEP NOCLEARLOG
[2019.04.07-16.15.43:333][  0]MapCheck: Map check complete: 0 Error(s), 0 Warning(s), took 57.388ms to complete.
[2019.04.07-16.15.43:333][  0]LogFileHelpers: Loading map 'MainMenuMap' took 0.673
[2019.04.07-16.15.43:429][  0]LogSlate: Updating window title bar state: overlay mode, drag disabled, window buttons hidden, title bar hidden
[2019.04.07-16.15.43:439][  0]LogSlate: Updating window title bar state: overlay mode, drag disabled, window buttons hidden, title bar hidden
[2019.04.07-16.15.43:448][  0]LogSlate: Updating window title bar state: overlay mode, drag disabled, window buttons hidden, title bar hidden
[2019.04.07-16.15.43:459][  0]LogSlate: Updating window title bar state: overlay mode, drag disabled, window buttons hidden, title bar hidden
[2019.04.07-16.15.43:464][  0]LogCollectionManager: Loaded 0 collections in 0.001197 seconds
[2019.04.07-16.15.43:508][  0]LogFileCache: Scanning file cache for directory 'D:/AggressiveCart/Resources/NetworkKartGame/Saved/Collections/' took 0.01s
[2019.04.07-16.15.43:508][  0]LogFileCache: Scanning file cache for directory 'D:/AggressiveCart/Resources/NetworkKartGame/Content/Developers/Owner/Collections/' took 0.01s
[2019.04.07-16.15.43:508][  0]LogFileCache: Scanning file cache for directory 'D:/AggressiveCart/Resources/NetworkKartGame/Content/Collections/' took 0.01s
[2019.04.07-16.15.43:508][  0]LogCollectionManager: Rebuilt the GUID cache for 0 collections in 0.000000 seconds
[2019.04.07-16.15.43:520][  0]LogContentBrowser: Native class hierarchy populated in 0.0114 seconds. Added 2613 classes and 619 folders.
[2019.04.07-16.15.43:526][  0]LogContentBrowser: Native class hierarchy updated for 'WidgetCarousel' in 0.0003 seconds. Added 0 classes and 0 folders.
[2019.04.07-16.15.43:594][  0]LogContentBrowser: Native class hierarchy updated for 'AddContentDialog' in 0.0003 seconds. Added 0 classes and 0 folders.
[2019.04.07-16.15.43:599][  0]LogContentBrowser: Native class hierarchy updated for 'SceneOutliner' in 0.0004 seconds. Added 1 classes and 2 folders.
[2019.04.07-16.15.43:696][  0]LogSlate: Took 0.000185 seconds to synchronously load lazily loaded font '../../../Engine/Content/Slate/Fonts/Roboto-Regular.ttf' (155K)
[2019.04.07-16.15.43:699][  0]LogSlate: Took 0.000495 seconds to synchronously load lazily loaded font '../../../Engine/Content/Slate/Fonts/Roboto-Bold.ttf' (160K)
[2019.04.07-16.15.43:710][  0]LogSlate: Took 0.000507 seconds to synchronously load lazily loaded font '../../../Engine/Content/Editor/Slate/Fonts/FontAwesome.ttf' (139K)
[2019.04.07-16.15.43:805][  0]LogRenderer: Reallocating scene render targets to support 780x460 Format 10 NumSamples 1 (Frame:1).
[2019.04.07-16.15.44:024][  0]LogContentBrowser: Native class hierarchy updated for 'HierarchicalLODOutliner' in 0.0004 seconds. Added 0 classes and 0 folders.
[2019.04.07-16.15.44:024][  0]LogLoad: (Engine Initialization) Total time: 10.74 seconds
[2019.04.07-16.15.44:024][  0]LogLoad: (Engine Initialization) Total Blueprint compile time: 0.00 seconds
[2019.04.07-16.15.44:048][  0]LogRawInputWindows: Warning: Found device 0 devices
[2019.04.07-16.15.44:048][  0]LogRawInputWindows: Warning: Found device 0 devices
[2019.04.07-16.15.44:048][  0]LogRawInputWindows: Warning: Device was registered succesfully but not connected (Usage:4 UsagePage:1)
[2019.04.07-16.15.44:048][  0]LogRawInputWindows: Warning: Found device 1 devices
[2019.04.07-16.15.44:048][  0]LogRawInputWindows: Warning: Device was registered succesfully but not connected (Usage:5 UsagePage:1)
[2019.04.07-16.15.44:069][  0]LogContentStreaming: Texture pool size now 1000 MB
[2019.04.07-16.15.44:096][  0]LogSlate: Took 0.000148 seconds to synchronously load lazily loaded font '../../../Engine/Content/Slate/Fonts/Roboto-Light.ttf' (167K)
[2019.04.07-16.15.44:136][  1]LogAssetRegistry: Asset discovery search completed in 5.6551 seconds
[2019.04.07-16.15.44:139][  1]LogCollectionManager: Rebuilt the object cache for 0 collections in 0.000001 seconds (found 0 objects)
[2019.04.07-16.15.44:139][  1]LogCollectionManager: Fixed up redirectors for 0 collections in 0.000085 seconds (updated 0 objects)
[2019.04.07-16.15.44:961][  4]LogSlate: FSceneViewport::OnFocusLost() reason 0
[2019.04.07-16.15.45:141][  5]LogSlate: Took 0.000161 seconds to synchronously load lazily loaded font '../../../Engine/Content/Slate/Fonts/Roboto-Light.ttf' (167K)
[2019.04.07-16.16.37:474][ 87]LogAudio: Error: GetDeviceCount error: Unhandled error code -2147024809
[2019.04.07-16.16.37:479][ 87]LogInit: No audio devices found!
[2019.04.07-16.16.37:481][ 88]LogAudio: Warning: Current Audio Device with ID {0.0.0.00000000}.{91e54df5-58c5-4016-9fb0-8b41ee7cc5ea} was removed. Shutting down audio device.
[2019.04.07-16.16.37:784][ 88]LogInit: XAudio2 using 'Speakers (Realtek High Definition Audio)' : 6 channels at 48 kHz using 32 bits per sample (channel mask 0x3f)
[2019.04.07-21.36.45:885][ 99]LogD3D11RHI: Timed out while waiting for GPU to catch up. (500 ms)
[2019.04.07-21.36.46:675][101]LogHttp: Warning: 000001B0C8839A80: request failed, libcurl error: 6 (Couldn't resolve host name)
[2019.04.07-21.36.46:675][101]LogHttp: Warning: 000001B0C8839A80: libcurl info message cache 0 (Connection 120 seems to be dead!)
[2019.04.07-21.36.46:675][101]LogHttp: Warning: 000001B0C8839A80: libcurl info message cache 1 (Closing connection 120)
[2019.04.07-21.36.46:675][101]LogHttp: Warning: 000001B0C8839A80: libcurl info message cache 2 (TLSv1.2 (OUT), TLS alert, Client hello (1):)
[2019.04.07-21.36.46:675][101]LogHttp: Warning: 000001B0C8839A80: libcurl info message cache 3 (Could not resolve host: datarouter.ol.epicgames.com)
[2019.04.07-21.36.46:675][101]LogHttp: Warning: 000001B0C8839A80: libcurl info message cache 4 (Closing connection 121)
[2019.04.08-00.01.31:239][ 93]LogD3D11RHI: Timed out while waiting for GPU to catch up. (500 ms)
[2019.04.08-00.06.35:309][ 80]LogAssetEditorManager: Opening Asset editor for Blueprint /Game/MultiplayerTemplate/Blueprints/BP_Button.BP_Button
[2019.04.08-00.06.35:999][ 80]LogContentBrowser: Native class hierarchy updated for 'BlueprintGraph' in 0.0028 seconds. Added 116 classes and 0 folders.
[2019.04.08-00.06.36:924][ 80]LogLinker: Warning: Can't resolve asset name
[2019.04.08-00.06.37:114][ 80]LogLinker: Warning: Can't find file '/Script/MPShooter'
[2019.04.08-00.06.37:114][ 80]LogLinker: Warning: Can't find file '/Script/MPShooter'
[2019.04.08-00.06.37:114][ 80]LogUObjectGlobals: Warning: Failed to find object 'Object /Script/MPShooter.MPCharacter'
[2019.04.08-00.06.37:216][ 80]LogAssetEditorManager: Opening Asset editor for Blueprint /Game/MultiplayerTemplate/Blueprints/Lobby/LobbyPlayerController.LobbyPlayerController
[2019.04.08-00.06.37:614][ 80]LogSlate: Took 0.000766 seconds to synchronously load lazily loaded font '../../../Engine/Content/Slate/Fonts/Roboto-BoldCondensed.ttf' (158K)
[2019.04.08-00.06.37:930][ 81]LogSlate: Took 0.000993 seconds to synchronously load lazily loaded font '../../../Engine/Content/Slate/Fonts/Roboto-Italic.ttf' (157K)
[2019.04.08-00.06.39:939][192]LogSlate: Window 'BP_Button' being destroyed
[2019.04.08-00.06.41:284][271]LogSlate: Window 'BP_Button' being destroyed
[2019.04.08-00.07.48:042][138]LogAnimationCompression: Building Anim DDC data for AnimSequence /Game/3D/Cars/GoodTestCar/JennyCar_Skeleton_Right.JennyCar_Skeleton_Right
[2019.04.08-00.07.48:043][138]LogAnimationCompression: Recompressing (AnimSequence /Game/3D/Cars/GoodTestCar/JennyCar_Skeleton_Right.JennyCar_Skeleton_Right) using current/default (AnimCompress_BitwiseCompressOnly_0) bFirstRecompressUsingCurrentOrDefault(1) bTryAlternateCompressor(0) IsCompressedDataValid(0)
[2019.04.08-00.07.48:071][138]LogAnimationCompression: Building Anim DDC data for AnimSequence /Game/3D/Cars/GoodTestCar/JennyCar_Skeleton_Left.JennyCar_Skeleton_Left
[2019.04.08-00.07.48:071][138]LogAnimationCompression: Recompressing (AnimSequence /Game/3D/Cars/GoodTestCar/JennyCar_Skeleton_Left.JennyCar_Skeleton_Left) using current/default (AnimCompress_BitwiseCompressOnly_0) bFirstRecompressUsingCurrentOrDefault(1) bTryAlternateCompressor(0) IsCompressedDataValid(0)
[2019.04.08-00.07.57:321][555]DataValidation: 
[2019.04.08-00.08.56:935][214]LogSlate: Window 'VehicleMovement - Unreal Editor' being destroyed
[2019.04.08-00.08.57:139][215]Cmd: QUIT_EDITOR
[2019.04.08-00.08.57:166][215]LogWindowsTextInputMethodSystem: Display: IME system now deactivated.
[2019.04.08-00.08.57:180][215]LogExit: Preparing to exit.
[2019.04.08-00.08.58:021][215]LogExit: Editor shut down
[2019.04.08-00.08.58:021][215]LogExit: Transaction tracking system shut down
[2019.04.08-00.08.58:599][215]LogExit: Object subsystem successfully closed.
[2019.04.08-00.08.58:621][215]LogShaderCompilers: Display: Shaders left to compile 0
[2019.04.08-00.08.58:627][215]LogD3D11RHI: Shutdown
[2019.04.08-00.08.58:627][215]LogD3D11RHI: CleanupD3DDevice
[2019.04.08-00.08.58:630][215]LogD3D11RHI: ~FD3D11DynamicRHI
[2019.04.08-00.08.58:644][215]LogModuleManager: Shutting down and abandoning module BlueprintGraph (622)
[2019.04.08-00.08.58:644][215]LogModuleManager: Shutting down and abandoning module HierarchicalLODOutliner (620)
[2019.04.08-00.08.58:644][215]LogModuleManager: Shutting down and abandoning module SceneOutliner (618)
[2019.04.08-00.08.58:644][215]LogModuleManager: Shutting down and abandoning module AddContentDialog (616)
[2019.04.08-00.08.58:647][215]LogModuleManager: Shutting down and abandoning module WidgetCarousel (615)
[2019.04.08-00.08.58:647][215]LogModuleManager: Shutting down and abandoning module EditorWidgets (612)
[2019.04.08-00.08.58:647][215]LogModuleManager: Shutting down and abandoning module CollectionManager (610)
[2019.04.08-00.08.58:647][215]LogModuleManager: Shutting down and abandoning module StatsViewer (608)
[2019.04.08-00.08.58:647][215]LogModuleManager: Shutting down and abandoning module FoliageEdit (606)
[2019.04.08-00.08.58:647][215]LogModuleManager: Shutting down and abandoning module LandscapeEditor (604)
[2019.04.08-00.08.58:648][215]LogModuleManager: Shutting down and abandoning module MeshPaintMode (602)
[2019.04.08-00.08.58:648][215]LogModuleManager: Shutting down and abandoning module SceneDepthPickerMode (600)
[2019.04.08-00.08.58:648][215]LogModuleManager: Shutting down and abandoning module ActorPickerMode (598)
[2019.04.08-00.08.58:648][215]LogModuleManager: Shutting down and abandoning module GeometryMode (596)
[2019.04.08-00.08.58:648][215]LogModuleManager: Shutting down and abandoning module TextureAlignMode (594)
[2019.04.08-00.08.58:648][215]LogModuleManager: Shutting down and abandoning module BspMode (592)
[2019.04.08-00.08.58:648][215]LogModuleManager: Shutting down and abandoning module PIEPreviewDeviceProfileSelector (590)
[2019.04.08-00.08.58:648][215]LogModuleManager: Shutting down and abandoning module SequenceRecorderSections (588)
[2019.04.08-00.08.58:648][215]LogModuleManager: Shutting down and abandoning module AutomationWorker (586)
[2019.04.08-00.08.58:648][215]LogModuleManager: Shutting down and abandoning module AudioCaptureEditor (584)
[2019.04.08-00.08.58:648][215]LogModuleManager: Shutting down and abandoning module SequenceRecorder (583)
[2019.04.08-00.08.58:648][215]LogModuleManager: Shutting down and abandoning module MatineeToLevelSequence (580)
[2019.04.08-00.08.58:648][215]LogModuleManager: Shutting down and abandoning module LevelSequenceEditor (578)
[2019.04.08-00.08.58:648][215]LogModuleManager: Shutting down and abandoning module PlacementMode (577)
[2019.04.08-00.08.58:648][215]LogModuleManager: Shutting down and abandoning module MaterialEditor (576)
[2019.04.08-00.08.58:648][215]LogModuleManager: Shutting down and abandoning module WmfMediaFactory (572)
[2019.04.08-00.08.58:648][215]LogModuleManager: Shutting down and abandoning module WmfMediaEditor (570)
[2019.04.08-00.08.58:648][215]LogModuleManager: Shutting down and abandoning module MediaPlayerEditor (568)
[2019.04.08-00.08.58:648][215]LogModuleManager: Shutting down and abandoning module OpenExrWrapper (566)
[2019.04.08-00.08.58:648][215]LogModuleManager: Shutting down and abandoning module ImgMediaFactory (564)
[2019.04.08-00.08.58:648][215]LogModuleManager: Shutting down and abandoning module ImgMediaEditor (562)
[2019.04.08-00.08.58:648][215]LogModuleManager: Shutting down and abandoning module AvfMediaFactory (560)
[2019.04.08-00.08.58:648][215]LogModuleManager: Shutting down and abandoning module AvfMediaEditor (558)
[2019.04.08-00.08.58:648][215]LogModuleManager: Shutting down and abandoning module AndroidMediaFactory (556)
[2019.04.08-00.08.58:648][215]LogModuleManager: Shutting down and abandoning module AndroidMediaEditor (554)
[2019.04.08-00.08.58:648][215]LogModuleManager: Shutting down and abandoning module MagicLeapCameraPreviewFactory (552)
[2019.04.08-00.08.58:648][215]LogModuleManager: Shutting down and abandoning module MagicLeapMediaFactory (550)
[2019.04.08-00.08.58:648][215]LogModuleManager: Shutting down and abandoning module MagicLeapMediaEditor (548)
[2019.04.08-00.08.58:648][215]LogModuleManager: Shutting down and abandoning module CharacterAI (546)
[2019.04.08-00.08.58:648][215]LogModuleManager: Shutting down and abandoning module SmartSnapping (544)
[2019.04.08-00.08.58:649][215]LogModuleManager: Shutting down and abandoning module SessionServices (542)
[2019.04.08-00.08.58:649][215]LogModuleManager: Shutting down and abandoning module ViewportSnapping (540)
[2019.04.08-00.08.58:649][215]LogModuleManager: Shutting down and abandoning module ViewportInteraction (538)
[2019.04.08-00.08.58:649][215]LogModuleManager: Shutting down and abandoning module ClothPainter (536)
[2019.04.08-00.08.58:649][215]LogModuleManager: Shutting down and abandoning module SkeletalMeshEditor (535)
[2019.04.08-00.08.58:649][215]LogModuleManager: Shutting down and abandoning module LogVisualizer (532)
[2019.04.08-00.08.58:649][215]LogModuleManager: Shutting down and abandoning module IntroTutorials (530)
[2019.04.08-00.08.58:649][215]LogModuleManager: Shutting down and abandoning module GameProjectGeneration (529)
[2019.04.08-00.08.58:649][215]LogModuleManager: Shutting down and abandoning module LuminPlatformEditor (526)
[2019.04.08-00.08.58:649][215]LogModuleManager: Shutting down and abandoning module IOSPlatformEditor (524)
[2019.04.08-00.08.58:649][215]LogModuleManager: Shutting down and abandoning module HTML5PlatformEditor (522)
[2019.04.08-00.08.58:649][215]LogModuleManager: Shutting down and abandoning module AndroidPlatformEditor (520)
[2019.04.08-00.08.58:649][215]LogModuleManager: Shutting down and abandoning module AndroidDeviceDetection (519)
[2019.04.08-00.08.59:772][215]LogModuleManager: Shutting down and abandoning module WindowsPlatformEditor (516)
[2019.04.08-00.08.59:772][215]LogModuleManager: Shutting down and abandoning module LuminRuntimeSettings (514)
[2019.04.08-00.08.59:772][215]LogModuleManager: Shutting down and abandoning module IOSRuntimeSettings (512)
[2019.04.08-00.08.59:772][215]LogModuleManager: Shutting down and abandoning module AndroidRuntimeSettings (510)
[2019.04.08-00.08.59:772][215]LogModuleManager: Shutting down and abandoning module InputBindingEditor (508)
[2019.04.08-00.08.59:772][215]LogModuleManager: Shutting down and abandoning module MergeActors (506)
[2019.04.08-00.08.59:773][215]LogModuleManager: Shutting down and abandoning module LocalizationDashboard (504)
[2019.04.08-00.08.59:773][215]LogModuleManager: Shutting down and abandoning module LocalizationService (503)
[2019.04.08-00.08.59:773][215]LogModuleManager: Shutting down and abandoning module HardwareTargeting (500)
[2019.04.08-00.08.59:773][215]LogModuleManager: Shutting down and abandoning module DeviceProfileEditor (498)
[2019.04.08-00.08.59:773][215]LogModuleManager: Shutting down and abandoning module UndoHistory (496)
[2019.04.08-00.08.59:773][215]LogModuleManager: Shutting down and abandoning module XmlParser (494)
[2019.04.08-00.08.59:773][215]LogModuleManager: Shutting down and abandoning module Blutility (492)
[2019.04.08-00.08.59:773][215]LogModuleManager: Shutting down and abandoning module ProjectSettingsViewer (490)
[2019.04.08-00.08.59:773][215]LogModuleManager: Shutting down and abandoning module ProjectTargetPlatformEditor (489)
[2019.04.08-00.08.59:774][215]LogModuleManager: Shutting down and abandoning module EditorSettingsViewer (486)
[2019.04.08-00.08.59:774][215]LogModuleManager: Shutting down and abandoning module SettingsEditor (484)
[2019.04.08-00.08.59:774][215]LogModuleManager: Shutting down and abandoning module ProjectLauncher (482)
[2019.04.08-00.08.59:774][215]LogModuleManager: Shutting down and abandoning module SessionFrontend (480)
[2019.04.08-00.08.59:774][215]LogModuleManager: Shutting down and abandoning module ProfilerClient (478)
[2019.04.08-00.08.59:774][215]LogModuleManager: Shutting down and abandoning module DeviceManager (476)
[2019.04.08-00.08.59:774][215]LogModuleManager: Shutting down and abandoning module TargetDeviceServices (475)
[2019.04.08-00.08.59:828][215]LogModuleManager: Shutting down and abandoning module AutomationController (472)
[2019.04.08-00.08.59:828][215]LogModuleManager: Shutting down and abandoning module AutomationWindow (470)
[2019.04.08-00.08.59:828][215]LogModuleManager: Shutting down and abandoning module Layers (468)
[2019.04.08-00.08.59:828][215]LogModuleManager: Shutting down and abandoning module ComponentVisualizers (466)
[2019.04.08-00.08.59:828][215]LogModuleManager: Shutting down and abandoning module DetailCustomizations (464)
[2019.04.08-00.08.59:828][215]LogModuleManager: Shutting down and abandoning module PackagesDialog (462)
[2019.04.08-00.08.59:828][215]LogModuleManager: Shutting down and abandoning module Persona (460)
[2019.04.08-00.08.59:828][215]LogModuleManager: Shutting down and abandoning module AdvancedPreviewScene (459)
[2019.04.08-00.08.59:828][215]LogModuleManager: Shutting down and abandoning module AnimGraph (457)
[2019.04.08-00.08.59:828][215]LogModuleManager: Shutting down and abandoning module Kismet (454)
[2019.04.08-00.08.59:832][215]LogModuleManager: Shutting down and abandoning module GraphEditor (452)
[2019.04.08-00.08.59:833][215]LogModuleManager: Shutting down and abandoning module ClassViewer (450)
[2019.04.08-00.08.59:833][215]LogModuleManager: Shutting down and abandoning module Toolbox (448)
[2019.04.08-00.08.59:833][215]LogModuleManager: Shutting down and abandoning module DesktopPlatform (447)
[2019.04.08-00.08.59:833][215]LogModuleManager: Shutting down and abandoning module ModuleUI (444)
[2019.04.08-00.08.59:833][215]LogModuleManager: Shutting down and abandoning module MovieSceneTools (442)
[2019.04.08-00.08.59:833][215]LogModuleManager: Shutting down and abandoning module OutputLog (440)
[2019.04.08-00.08.59:833][215]LogModuleManager: Shutting down and abandoning module GammaUI (438)
[2019.04.08-00.08.59:833][215]LogModuleManager: Shutting down and abandoning module Documentation (436)
[2019.04.08-00.08.59:833][215]LogModuleManager: Shutting down and abandoning module MovieSceneTracks (434)
[2019.04.08-00.08.59:833][215]LogModuleManager: Shutting down and abandoning module MovieScene (432)
[2019.04.08-00.08.59:833][215]LogModuleManager: Shutting down and abandoning module StreamingPauseRendering (430)
[2019.04.08-00.08.59:833][215]LogModuleManager: Shutting down and abandoning module LauncherPlatform (428)
[2019.04.08-00.08.59:833][215]LogModuleManager: Shutting down and abandoning module AnalyticsET (426)
[2019.04.08-00.08.59:833][215]LogModuleManager: Shutting down and abandoning module PortalServices (424)
[2019.04.08-00.08.59:833][215]LogModuleManager: Shutting down and abandoning module PortalRpc (422)
[2019.04.08-00.08.59:833][215]LogModuleManager: Shutting down and abandoning module MessagingRpc (420)
[2019.04.08-00.08.59:833][215]LogModuleManager: Shutting down and abandoning module AIModule (418)
[2019.04.08-00.08.59:833][215]LogModuleManager: Shutting down and abandoning module GameplayDebugger (417)
[2019.04.08-00.08.59:833][215]LogModuleManager: Shutting down and abandoning module AITestSuite (415)
[2019.04.08-00.08.59:833][215]LogModuleManager: Shutting down and abandoning module NavigationSystem (413)
[2019.04.08-00.08.59:833][215]LogModuleManager: Shutting down and abandoning module ProfilerService (410)
[2019.04.08-00.09.00:052][215]LogModuleManager: Shutting down and abandoning module TaskGraph (408)
[2019.04.08-00.09.00:053][215]LogModuleManager: Shutting down and abandoning module SteamVRController (406)
[2019.04.08-00.09.00:053][215]LogModuleManager: Shutting down and abandoning module ProceduralMeshComponentEditor (404)
[2019.04.08-00.09.00:053][215]LogModuleManager: Shutting down and abandoning module ProceduralMeshComponent (402)
[2019.04.08-00.09.00:053][215]LogModuleManager: Shutting down and abandoning module OculusInput (400)
[2019.04.08-00.09.00:053][215]LogModuleManager: Shutting down and abandoning module MobilePatchingUtils (398)
[2019.04.08-00.09.00:053][215]LogModuleManager: Shutting down and abandoning module EditableMesh (396)
[2019.04.08-00.09.00:053][215]LogModuleManager: Shutting down and abandoning module CustomMeshComponent (394)
[2019.04.08-00.09.00:053][215]LogModuleManager: Shutting down and abandoning module CableComponent (392)
[2019.04.08-00.09.00:053][215]LogModuleManager: Shutting down and abandoning module AudioCapture (390)
[2019.04.08-00.09.00:053][215]LogModuleManager: Shutting down and abandoning module ArchVisCharacter (388)
[2019.04.08-00.09.00:053][215]LogModuleManager: Shutting down and abandoning module AndroidPermission (386)
[2019.04.08-00.09.00:053][215]LogModuleManager: Shutting down and abandoning module NUTUnrealEngine4 (384)
[2019.04.08-00.09.00:053][215]LogModuleManager: Shutting down and abandoning module NetcodeUnitTest (382)
[2019.04.08-00.09.00:053][215]LogModuleManager: Shutting down and abandoning module MediaCompositingEditor (380)
[2019.04.08-00.09.00:053][215]LogModuleManager: Shutting down and abandoning module MediaCompositing (378)
[2019.04.08-00.09.00:053][215]LogModuleManager: Shutting down and abandoning module LinearTimecode (376)
[2019.04.08-00.09.00:053][215]LogModuleManager: Shutting down and abandoning module ImgMedia (374)
[2019.04.08-00.09.00:059][215]LogModuleManager: Shutting down and abandoning module RawInput (372)
[2019.04.08-00.09.00:059][215]LogModuleManager: Shutting down and abandoning module HTML5Networking (370)
[2019.04.08-00.09.00:059][215]LogModuleManager: Shutting down and abandoning module GeometryCacheTracks (368)
[2019.04.08-00.09.00:059][215]LogModuleManager: Shutting down and abandoning module GeometryCacheSequencer (366)
[2019.04.08-00.09.00:059][215]LogModuleManager: Shutting down and abandoning module BackChannel (364)
[2019.04.08-00.09.00:059][215]LogModuleManager: Shutting down and abandoning module AppleVision (362)
[2019.04.08-00.09.00:059][215]LogModuleManager: Shutting down and abandoning module AppleImageUtils (360)
[2019.04.08-00.09.00:059][215]LogModuleManager: Shutting down and abandoning module AlembicImporter (358)
[2019.04.08-00.09.00:059][215]LogModuleManager: Shutting down and abandoning module AlembicLibrary (357)
[2019.04.08-00.09.00:059][215]LogModuleManager: Shutting down and abandoning module GeometryCache (356)
[2019.04.08-00.09.00:059][215]LogModuleManager: Shutting down and abandoning module GeometryCacheEd (355)
[2019.04.08-00.09.00:059][215]LogModuleManager: Shutting down and abandoning module DatasmithContentEditor (350)
[2019.04.08-00.09.00:059][215]LogModuleManager: Shutting down and abandoning module DatasmithContent (348)
[2019.04.08-00.09.00:060][215]LogModuleManager: Shutting down and abandoning module SpeedTreeImporter (346)
[2019.04.08-00.09.00:060][215]LogModuleManager: Shutting down and abandoning module PluginBrowser (344)
[2019.04.08-00.09.00:060][215]LogModuleManager: Shutting down and abandoning module MobileLauncherProfileWizard (342)
[2019.04.08-00.09.00:060][215]LogModuleManager: Shutting down and abandoning module PolygonModeling (340)
[2019.04.08-00.09.00:060][215]LogModuleManager: Shutting down and abandoning module MeshEditor (338)
[2019.04.08-00.09.00:060][215]LogModuleManager: Shutting down and abandoning module CryptoKeysOpenSSL (336)
[2019.04.08-00.09.00:060][215]LogModuleManager: Shutting down and abandoning module CryptoKeys (334)
[2019.04.08-00.09.00:060][215]LogModuleManager: Shutting down and abandoning module VisualStudioSourceCodeAccess (332)
[2019.04.08-00.09.00:060][215]LogModuleManager: Shutting down and abandoning module VisualStudioCodeSourceCodeAccess (330)
[2019.04.08-00.09.00:060][215]LogModuleManager: Shutting down and abandoning module UObjectPlugin (328)
[2019.04.08-00.09.00:060][215]LogModuleManager: Shutting down and abandoning module SubversionSourceControl (326)
[2019.04.08-00.09.00:060][215]LogModuleManager: Shutting down and abandoning module PerforceSourceControl (324)
[2019.04.08-00.09.00:060][215]LogModuleManager: Shutting down and abandoning module GitSourceControl (322)
[2019.04.08-00.09.00:060][215]LogModuleManager: Shutting down and abandoning module SourceControl (321)
[2019.04.08-00.09.00:060][215]LogModuleManager: Shutting down and abandoning module CLionSourceCodeAccess (318)
[2019.04.08-00.09.00:060][215]LogModuleManager: Shutting down and abandoning module LightPropagationVolumeEditor (316)
[2019.04.08-00.09.00:060][215]LogModuleManager: Shutting down and abandoning module PaperTiledImporter (314)
[2019.04.08-00.09.00:060][215]LogModuleManager: Shutting down and abandoning module PaperSpriteSheetImporter (312)
[2019.04.08-00.09.00:060][215]LogModuleManager: Shutting down and abandoning module Paper2DEditor (310)
[2019.04.08-00.09.00:060][215]LogModuleManager: Shutting down and abandoning module MeshPaint (309)
[2019.04.08-00.09.00:060][215]LogModuleManager: Shutting down and abandoning module VehicleMovement (306)
[2019.04.08-00.09.00:060][215]LogModuleManager: Shutting down and abandoning module RuntimePhysXCooking (304)
[2019.04.08-00.09.00:060][215]LogModuleManager: Shutting down and abandoning module PhysXVehiclesEditor (302)
[2019.04.08-00.09.00:060][215]LogModuleManager: Shutting down and abandoning module PhysXVehicles (300)
[2019.04.08-00.09.00:060][215]LogModuleManager: Shutting down and abandoning module OculusEditor (298)
[2019.04.08-00.09.00:060][215]LogModuleManager: Shutting down and abandoning module LocationServicesBPLibrary (296)
[2019.04.08-00.09.00:061][215]LogModuleManager: Shutting down and abandoning module ImmediatePhysicsEditor (294)
[2019.04.08-00.09.00:061][215]LogModuleManager: Shutting down and abandoning module ImmediatePhysics (292)
[2019.04.08-00.09.00:061][215]LogModuleManager: Shutting down and abandoning module ActorSequence (290)
[2019.04.08-00.09.00:061][215]LogModuleManager: Shutting down and abandoning module UdpMessaging (288)
[2019.04.08-00.09.00:161][215]LogModuleManager: Shutting down and abandoning module TcpMessaging (286)
[2019.04.08-00.09.00:262][215]LogModuleManager: Shutting down and abandoning module MagicLeapAudio (284)
[2019.04.08-00.09.00:262][215]LogModuleManager: Shutting down and abandoning module GameplayTagsEditor (282)
[2019.04.08-00.09.00:262][215]LogModuleManager: Shutting down and abandoning module FacialAnimationEditor (280)
[2019.04.08-00.09.00:262][215]LogModuleManager: Shutting down and abandoning module FacialAnimation (278)
[2019.04.08-00.09.00:262][215]LogModuleManager: Shutting down and abandoning module DataValidation (276)
[2019.04.08-00.09.00:262][215]LogModuleManager: Shutting down and abandoning module AssetManagerEditor (274)
[2019.04.08-00.09.00:262][215]LogModuleManager: Shutting down and abandoning module LevelEditor (273)
[2019.04.08-00.09.00:263][215]LogModuleManager: Shutting down and abandoning module PixelInspectorModule (272)
[2019.04.08-00.09.00:263][215]LogModuleManager: Shutting down and abandoning module CommonMenuExtensions (270)
[2019.04.08-00.09.00:263][215]LogModuleManager: Shutting down and abandoning module MainFrame (268)
[2019.04.08-00.09.00:263][215]LogModuleManager: Shutting down and abandoning module HotReload (267)
[2019.04.08-00.09.00:263][215]LogModuleManager: Shutting down and abandoning module ContentBrowser (263)
[2019.04.08-00.09.00:265][215]LogModuleManager: Shutting down and abandoning module TreeMap (261)
[2019.04.08-00.09.00:265][215]LogModuleManager: Shutting down and abandoning module LightPropagationVolumeRuntime (258)
[2019.04.08-00.09.00:265][215]LogModuleManager: Shutting down and abandoning module AISupportModule (256)
[2019.04.08-00.09.00:265][215]LogModuleManager: Shutting down and abandoning module AdvancedSteamSessions (254)
[2019.04.08-00.09.00:265][215]LogModuleManager: Shutting down and abandoning module AdvancedSessions (252)
[2019.04.08-00.09.00:265][215]LogModuleManager: Shutting down and abandoning module Paper2D (250)
[2019.04.08-00.09.00:265][215]LogModuleManager: Shutting down and abandoning module WindowsMoviePlayer (248)
[2019.04.08-00.09.00:265][215]LogModuleManager: Shutting down and abandoning module WmfMedia (246)
[2019.04.08-00.09.00:266][215]LogModuleManager: Shutting down and abandoning module Media (245)
[2019.04.08-00.09.00:274][215]LogModuleManager: Shutting down and abandoning module PacketHandler (242)
[2019.04.08-00.09.00:274][215]LogModuleManager: Shutting down and abandoning module ClothingSystemEditor (240)
[2019.04.08-00.09.00:274][215]LogModuleManager: Shutting down and abandoning module ClothingSystemRuntime (238)
[2019.04.08-00.09.00:274][215]LogModuleManager: Shutting down and abandoning module MediaAssets (236)
[2019.04.08-00.09.00:274][215]LogModuleManager: Shutting down and abandoning module Overlay (234)
[2019.04.08-00.09.00:274][215]LogModuleManager: Shutting down and abandoning module OverlayEditor (233)
[2019.04.08-00.09.00:275][215]LogModuleManager: Shutting down and abandoning module VREditor (230)
[2019.04.08-00.09.00:275][215]LogModuleManager: Shutting down and abandoning module StringTableEditor (228)
[2019.04.08-00.09.00:275][215]LogModuleManager: Shutting down and abandoning module GameplayTasksEditor (226)
[2019.04.08-00.09.00:275][215]LogModuleManager: Shutting down and abandoning module BehaviorTreeEditor (224)
[2019.04.08-00.09.00:275][215]LogModuleManager: Shutting down and abandoning module FunctionalTesting (222)
[2019.04.08-00.09.00:275][215]LogModuleManager: Shutting down and abandoning module CollisionAnalyzer (220)
[2019.04.08-00.09.00:275][215]LogModuleManager: Shutting down and abandoning module WorkspaceMenuStructure (219)
[2019.04.08-00.09.00:275][215]LogModuleManager: Shutting down and abandoning module UMG (216)
[2019.04.08-00.09.00:275][215]LogModuleManager: Shutting down and abandoning module UMGEditor (215)
[2019.04.08-00.09.00:275][215]LogModuleManager: Shutting down and abandoning module Sequencer (214)
[2019.04.08-00.09.00:275][215]LogModuleManager: Shutting down and abandoning module MessageLog (211)
[2019.04.08-00.09.00:275][215]LogModuleManager: Shutting down and abandoning module SlateReflector (206)
[2019.04.08-00.09.00:275][215]LogModuleManager: Shutting down and abandoning module Slate (204)
[2019.04.08-00.09.00:275][215]LogModuleManager: Shutting down and abandoning module EditorStyle (202)
[2019.04.08-00.09.00:279][215]LogModuleManager: Shutting down and abandoning module MRMesh (200)
[2019.04.08-00.09.00:279][215]LogModuleManager: Shutting down and abandoning module SourceCodeAccess (198)
[2019.04.08-00.09.00:279][215]LogModuleManager: Shutting down and abandoning module HeadMountedDisplay (196)
[2019.04.08-00.09.00:279][215]LogModuleManager: Shutting down and abandoning module XAudio2 (194)
[2019.04.08-00.09.00:279][215]LogModuleManager: Shutting down and abandoning module Networking (192)
[2019.04.08-00.09.00:279][215]LogModuleManager: Shutting down and abandoning module Core (190)
[2019.04.08-00.09.00:279][215]LogModuleManager: Shutting down and abandoning module LevelSequence (188)
[2019.04.08-00.09.00:279][215]LogModuleManager: Shutting down and abandoning module KismetCompiler (186)
[2019.04.08-00.09.00:279][215]LogModuleManager: Shutting down and abandoning module MeshUtilities (184)
[2019.04.08-00.09.00:279][215]LogModuleManager: Shutting down and abandoning module MeshMergeUtilities (183)
[2019.04.08-00.09.00:279][215]LogModuleManager: Shutting down and abandoning module MeshReductionInterface (182)
[2019.04.08-00.09.00:279][215]LogModuleManager: Shutting down and abandoning module SimplygonSwarm (181)
[2019.04.08-00.09.00:279][215]LogModuleManager: Shutting down and abandoning module ProxyLODMeshReduction (179)
[2019.04.08-00.09.00:279][215]LogModuleManager: Shutting down and abandoning module SimplygonMeshReduction (177)
[2019.04.08-00.09.00:279][215]LogModuleManager: Shutting down and abandoning module QuadricMeshReduction (175)
[2019.04.08-00.09.00:279][215]LogModuleManager: Shutting down and abandoning module MaterialBaking (171)
[2019.04.08-00.09.00:280][215]LogModuleManager: Shutting down and abandoning module DirectoryWatcher (167)
[2019.04.08-00.09.00:283][215]LogModuleManager: Shutting down and abandoning module DerivedDataCache (164)
[2019.04.08-00.09.00:285][215]LogDerivedDataCache: Shutdown
[2019.04.08-00.09.00:285][215]LogModuleManager: Shutting down and abandoning module XGEController (162)
[2019.04.08-00.09.00:285][215]LogModuleManager: Shutting down and abandoning module TargetPlatform (160)
[2019.04.08-00.09.00:286][215]LogModuleManager: Shutting down and abandoning module VulkanShaderFormat (159)
[2019.04.08-00.09.00:286][215]LogModuleManager: Shutting down and abandoning module ShaderFormatVectorVM (157)
[2019.04.08-00.09.00:286][215]LogModuleManager: Shutting down and abandoning module ShaderFormatOpenGL (155)
[2019.04.08-00.09.00:286][215]LogModuleManager: Shutting down and abandoning module ShaderFormatD3D (153)
[2019.04.08-00.09.00:286][215]LogModuleManager: Shutting down and abandoning module MetalShaderFormat (151)
[2019.04.08-00.09.00:286][215]LogModuleManager: Shutting down and abandoning module TextureFormatUncompressed (149)
[2019.04.08-00.09.00:286][215]LogModuleManager: Shutting down and abandoning module TextureFormatPVR (147)
[2019.04.08-00.09.00:286][215]LogModuleManager: Shutting down and abandoning module TextureFormatDXT (145)
[2019.04.08-00.09.00:286][215]LogModuleManager: Shutting down and abandoning module TextureFormatIntelISPCTexComp (143)
[2019.04.08-00.09.00:286][215]LogModuleManager: Shutting down and abandoning module TextureFormatASTC (141)
[2019.04.08-00.09.00:286][215]LogModuleManager: Shutting down and abandoning module ImageWrapper (140)
[2019.04.08-00.09.00:286][215]LogModuleManager: Shutting down and abandoning module TextureFormatAndroid (137)
[2019.04.08-00.09.00:286][215]LogModuleManager: Shutting down and abandoning module AudioFormatOpus (135)
[2019.04.08-00.09.00:286][215]LogModuleManager: Shutting down and abandoning module AudioFormatOgg (133)
[2019.04.08-00.09.00:286][215]LogModuleManager: Shutting down and abandoning module AudioFormatADPCM (131)
[2019.04.08-00.09.00:286][215]LogModuleManager: Shutting down and abandoning module LuminTargetPlatform (129)
[2019.04.08-00.09.00:286][215]LogModuleManager: Shutting down and abandoning module LinuxTargetPlatform (127)
[2019.04.08-00.09.00:286][215]LogModuleManager: Shutting down and abandoning module LinuxServerTargetPlatform (125)
[2019.04.08-00.09.00:286][215]LogModuleManager: Shutting down and abandoning module LinuxNoEditorTargetPlatform (123)
[2019.04.08-00.09.00:286][215]LogModuleManager: Shutting down and abandoning module LinuxClientTargetPlatform (121)
[2019.04.08-00.09.00:286][215]LogModuleManager: Shutting down and abandoning module TVOSTargetPlatform (119)
[2019.04.08-00.09.00:294][215]LogModuleManager: Shutting down and abandoning module Messaging (117)
[2019.04.08-00.09.00:294][215]LogModuleManager: Shutting down and abandoning module IOSTargetPlatform (115)
[2019.04.08-00.09.00:299][215]LogModuleManager: Shutting down and abandoning module HTML5TargetPlatform (113)
[2019.04.08-00.09.00:299][215]LogModuleManager: Shutting down and abandoning module AndroidTargetPlatform (111)
[2019.04.08-00.09.00:335][215]LogModuleManager: Shutting down and abandoning module WindowsTargetPlatform (109)
[2019.04.08-00.09.00:335][215]LogModuleManager: Shutting down and abandoning module WindowsServerTargetPlatform (107)
[2019.04.08-00.09.00:335][215]LogModuleManager: Shutting down and abandoning module WindowsNoEditorTargetPlatform (105)
[2019.04.08-00.09.00:335][215]LogModuleManager: Shutting down and abandoning module WindowsClientTargetPlatform (103)
[2019.04.08-00.09.00:335][215]LogModuleManager: Shutting down and abandoning module MacTargetPlatform (101)
[2019.04.08-00.09.00:335][215]LogModuleManager: Shutting down and abandoning module MacServerTargetPlatform (99)
[2019.04.08-00.09.00:335][215]LogModuleManager: Shutting down and abandoning module MacNoEditorTargetPlatform (97)
[2019.04.08-00.09.00:335][215]LogModuleManager: Shutting down and abandoning module MacClientTargetPlatform (95)
[2019.04.08-00.09.00:335][215]LogModuleManager: Shutting down and abandoning module AllDesktopTargetPlatform (93)
[2019.04.08-00.09.00:335][215]LogModuleManager: Shutting down and abandoning module InputCore (90)
[2019.04.08-00.09.00:335][215]LogModuleManager: Shutting down and abandoning module Settings (88)
[2019.04.08-00.09.00:336][215]LogModuleManager: Shutting down and abandoning module PhysXCooking (86)
[2019.04.08-00.09.00:336][215]LogModuleManager: Shutting down and abandoning module SteamVR (84)
[2019.04.08-00.09.00:336][215]LogModuleManager: Shutting down and abandoning module OculusHMD (82)
[2019.04.08-00.09.00:336][215]LogModuleManager: Shutting down and abandoning module ExampleDeviceProfileSelector (80)
[2019.04.08-00.09.00:336][215]LogModuleManager: Shutting down and abandoning module LauncherChunkInstaller (78)
[2019.04.08-00.09.00:336][215]LogModuleManager: Shutting down and abandoning module OnlineBlueprintSupport (76)
[2019.04.08-00.09.00:336][215]LogModuleManager: Shutting down and abandoning module OnlineSubsystem (72)
[2019.04.08-00.09.00:337][215]LogModuleManager: Shutting down and abandoning module XMPP (65)
[2019.04.08-00.09.00:337][215]LogModuleManager: Shutting down and abandoning module WebSockets (64)
[2019.04.08-00.09.00:343][215]LogModuleManager: Shutting down and abandoning module HTTP (61)
[2019.04.08-00.09.00:343][215]LogHttp: Display: Http module shutting down, but needs to wait on 1 outstanding Http requests:
[2019.04.08-00.09.00:343][215]LogHttp: Display: 	verb=[POST] url=[https://datarouter.ol.epicgames.com/datarouter/api/v1/public/data?SessionID=%7BE0D79B50-4755-C0CE-438C-2A9E99E94F3B%7D&AppID=UEEditor.Rocket.Release&AppVersion=4.20.3-4369336%2B%2B%2BUE4%2BRelease-4.20&UserID=d4f8b69b47bf6cb7018273a3f1cf913a%7C6930a40b8b914583837003440dd25107%7Ca1ff9de8-ca87-46bd-be05-25f4e0258eab&AppEnvironment=datacollector-binary&UploadType=eteventstream] status=Processing
[2019.04.08-00.09.00:377][215]LogModuleManager: Shutting down and abandoning module SSL (60)
[2019.04.08-00.09.00:378][215]LogModuleManager: Shutting down and abandoning module MagicLeapEmulator (56)
[2019.04.08-00.09.00:378][215]LogModuleManager: Shutting down and abandoning module MagicLeapPrivileges (54)
[2019.04.08-00.09.00:378][215]LogModuleManager: Shutting down and abandoning module MagicLeapIdentity (52)
[2019.04.08-00.09.00:378][215]LogModuleManager: Shutting down and abandoning module MagicLeapHelperVulkan (50)
[2019.04.08-00.09.00:378][215]LogModuleManager: Shutting down and abandoning module MagicLeapHelperOpenGL (48)
[2019.04.08-00.09.00:378][215]LogModuleManager: Shutting down and abandoning module MagicLeapSecureStorage (46)
[2019.04.08-00.09.00:378][215]LogModuleManager: Shutting down and abandoning module MagicLeapGestures (44)
[2019.04.08-00.09.00:379][215]LogModuleManager: Shutting down and abandoning module MagicLeapEyeTracker (42)
[2019.04.08-00.09.00:379][215]LogModuleManager: Shutting down and abandoning module MagicLeapController (40)
[2019.04.08-00.09.00:379][215]LogSlate: Slate User Destroyed.  User Index 0, Is Virtual User: 0
[2019.04.08-00.09.00:379][215]LogModuleManager: Shutting down and abandoning module MagicLeap (38)
[2019.04.08-00.09.00:379][215]LogModuleManager: Shutting down and abandoning module AnimationModifiers (36)
[2019.04.08-00.09.00:379][215]LogModuleManager: Shutting down and abandoning module PropertyEditor (35)
[2019.04.08-00.09.00:379][215]LogModuleManager: Shutting down and abandoning module AudioEditor (32)
[2019.04.08-00.09.00:379][215]LogModuleManager: Shutting down and abandoning module TextureCompressor (30)
[2019.04.08-00.09.00:379][215]LogModuleManager: Shutting down and abandoning module ShaderCore (28)
[2019.04.08-00.09.00:379][215]LogModuleManager: Shutting down and abandoning module Landscape (26)
[2019.04.08-00.09.00:379][215]LogModuleManager: Shutting down and abandoning module SlateRHIRenderer (24)
[2019.04.08-00.09.00:380][215]LogModuleManager: Shutting down and abandoning module OpenGLDrv (22)
[2019.04.08-00.09.00:380][215]LogModuleManager: Shutting down and abandoning module D3D11RHI (20)
[2019.04.08-00.09.00:380][215]LogModuleManager: Shutting down and abandoning module AnimGraphRuntime (18)
[2019.04.08-00.09.00:380][215]LogModuleManager: Shutting down and abandoning module Renderer (16)
[2019.04.08-00.09.00:380][215]LogModuleManager: Shutting down and abandoning module Engine (14)
[2019.04.08-00.09.00:380][215]LogModuleManager: Shutting down and abandoning module CoreUObject (12)
[2019.04.08-00.09.00:380][215]LogModuleManager: Shutting down and abandoning module NetworkFile (10)
[2019.04.08-00.09.00:380][215]LogModuleManager: Shutting down and abandoning module CookedIterativeFile (8)
[2019.04.08-00.09.00:380][215]LogModuleManager: Shutting down and abandoning module StreamingFile (6)
[2019.04.08-00.09.00:380][215]LogModuleManager: Shutting down and abandoning module SandboxFile (4)
[2019.04.08-00.09.00:380][215]LogModuleManager: Shutting down and abandoning module PakFile (2)
[2019.04.08-00.09.00:387][215]LogExit: Exiting.
[2019.04.08-00.09.00:393][215]Log file closed, 04/07/19 20:09:00
